[2024-03-04T15:51:58.006+0000] {processor.py:161} INFO - Started process (PID=58) to work on /home/airflow/.local/lib/python3.11/site-packages/airflow/example_dags/example_trigger_target_dag.py
[2024-03-04T15:51:58.010+0000] {processor.py:830} INFO - Processing file /home/airflow/.local/lib/python3.11/site-packages/airflow/example_dags/example_trigger_target_dag.py for tasks to queue
[2024-03-04T15:51:58.022+0000] {logging_mixin.py:188} INFO - [2024-03-04T15:51:58.021+0000] {dagbag.py:540} INFO - Filling up the DagBag from /home/airflow/.local/lib/python3.11/site-packages/airflow/example_dags/example_trigger_target_dag.py
[2024-03-04T15:51:58.068+0000] {processor.py:840} INFO - DAG(s) 'example_trigger_target_dag' retrieved from /home/airflow/.local/lib/python3.11/site-packages/airflow/example_dags/example_trigger_target_dag.py
[2024-03-04T15:51:58.318+0000] {logging_mixin.py:188} INFO - [2024-03-04T15:51:58.309+0000] {override.py:1769} INFO - Created Permission View: can read on DAG:example_trigger_target_dag
[2024-03-04T15:51:58.403+0000] {logging_mixin.py:188} INFO - [2024-03-04T15:51:58.403+0000] {override.py:1769} INFO - Created Permission View: can delete on DAG:example_trigger_target_dag
[2024-03-04T15:51:58.408+0000] {logging_mixin.py:188} INFO - [2024-03-04T15:51:58.408+0000] {override.py:1769} INFO - Created Permission View: can edit on DAG:example_trigger_target_dag
[2024-03-04T15:51:58.409+0000] {logging_mixin.py:188} INFO - [2024-03-04T15:51:58.409+0000] {dag.py:3047} INFO - Sync 1 DAGs
[2024-03-04T15:51:58.438+0000] {logging_mixin.py:188} INFO - [2024-03-04T15:51:58.437+0000] {dag.py:3069} INFO - Creating ORM DAG for example_trigger_target_dag
[2024-03-04T15:51:58.439+0000] {logging_mixin.py:188} INFO - [2024-03-04T15:51:58.439+0000] {dag.py:3834} INFO - Setting next_dagrun for example_trigger_target_dag to None, run_after=None
[2024-03-04T15:51:58.463+0000] {processor.py:183} INFO - Processing /home/airflow/.local/lib/python3.11/site-packages/airflow/example_dags/example_trigger_target_dag.py took 0.482 seconds
[2024-03-04T15:52:29.192+0000] {processor.py:161} INFO - Started process (PID=113) to work on /home/airflow/.local/lib/python3.11/site-packages/airflow/example_dags/example_trigger_target_dag.py
[2024-03-04T15:52:29.194+0000] {processor.py:830} INFO - Processing file /home/airflow/.local/lib/python3.11/site-packages/airflow/example_dags/example_trigger_target_dag.py for tasks to queue
[2024-03-04T15:52:29.195+0000] {logging_mixin.py:188} INFO - [2024-03-04T15:52:29.195+0000] {dagbag.py:540} INFO - Filling up the DagBag from /home/airflow/.local/lib/python3.11/site-packages/airflow/example_dags/example_trigger_target_dag.py
[2024-03-04T15:52:29.201+0000] {processor.py:840} INFO - DAG(s) 'example_trigger_target_dag' retrieved from /home/airflow/.local/lib/python3.11/site-packages/airflow/example_dags/example_trigger_target_dag.py
[2024-03-04T15:52:29.212+0000] {logging_mixin.py:188} INFO - [2024-03-04T15:52:29.212+0000] {dag.py:3047} INFO - Sync 1 DAGs
[2024-03-04T15:52:29.219+0000] {logging_mixin.py:188} INFO - [2024-03-04T15:52:29.219+0000] {dag.py:3834} INFO - Setting next_dagrun for example_trigger_target_dag to None, run_after=None
[2024-03-04T15:52:29.227+0000] {processor.py:183} INFO - Processing /home/airflow/.local/lib/python3.11/site-packages/airflow/example_dags/example_trigger_target_dag.py took 0.037 seconds
[2024-03-04T15:53:00.016+0000] {processor.py:161} INFO - Started process (PID=168) to work on /home/airflow/.local/lib/python3.11/site-packages/airflow/example_dags/example_trigger_target_dag.py
[2024-03-04T15:53:00.018+0000] {processor.py:830} INFO - Processing file /home/airflow/.local/lib/python3.11/site-packages/airflow/example_dags/example_trigger_target_dag.py for tasks to queue
[2024-03-04T15:53:00.021+0000] {logging_mixin.py:188} INFO - [2024-03-04T15:53:00.021+0000] {dagbag.py:540} INFO - Filling up the DagBag from /home/airflow/.local/lib/python3.11/site-packages/airflow/example_dags/example_trigger_target_dag.py
[2024-03-04T15:53:00.041+0000] {processor.py:840} INFO - DAG(s) 'example_trigger_target_dag' retrieved from /home/airflow/.local/lib/python3.11/site-packages/airflow/example_dags/example_trigger_target_dag.py
[2024-03-04T15:53:00.065+0000] {logging_mixin.py:188} INFO - [2024-03-04T15:53:00.065+0000] {dag.py:3047} INFO - Sync 1 DAGs
[2024-03-04T15:53:00.073+0000] {logging_mixin.py:188} INFO - [2024-03-04T15:53:00.073+0000] {dag.py:3834} INFO - Setting next_dagrun for example_trigger_target_dag to None, run_after=None
[2024-03-04T15:53:00.084+0000] {processor.py:183} INFO - Processing /home/airflow/.local/lib/python3.11/site-packages/airflow/example_dags/example_trigger_target_dag.py took 0.071 seconds
[2024-03-04T15:53:30.380+0000] {processor.py:161} INFO - Started process (PID=223) to work on /home/airflow/.local/lib/python3.11/site-packages/airflow/example_dags/example_trigger_target_dag.py
[2024-03-04T15:53:30.384+0000] {processor.py:830} INFO - Processing file /home/airflow/.local/lib/python3.11/site-packages/airflow/example_dags/example_trigger_target_dag.py for tasks to queue
[2024-03-04T15:53:30.386+0000] {logging_mixin.py:188} INFO - [2024-03-04T15:53:30.386+0000] {dagbag.py:540} INFO - Filling up the DagBag from /home/airflow/.local/lib/python3.11/site-packages/airflow/example_dags/example_trigger_target_dag.py
[2024-03-04T15:53:30.391+0000] {processor.py:840} INFO - DAG(s) 'example_trigger_target_dag' retrieved from /home/airflow/.local/lib/python3.11/site-packages/airflow/example_dags/example_trigger_target_dag.py
[2024-03-04T15:53:30.405+0000] {logging_mixin.py:188} INFO - [2024-03-04T15:53:30.405+0000] {dag.py:3047} INFO - Sync 1 DAGs
[2024-03-04T15:53:30.411+0000] {logging_mixin.py:188} INFO - [2024-03-04T15:53:30.411+0000] {dag.py:3834} INFO - Setting next_dagrun for example_trigger_target_dag to None, run_after=None
[2024-03-04T15:53:30.421+0000] {processor.py:183} INFO - Processing /home/airflow/.local/lib/python3.11/site-packages/airflow/example_dags/example_trigger_target_dag.py took 0.045 seconds
[2024-03-04T15:54:01.351+0000] {processor.py:161} INFO - Started process (PID=278) to work on /home/airflow/.local/lib/python3.11/site-packages/airflow/example_dags/example_trigger_target_dag.py
[2024-03-04T15:54:01.353+0000] {processor.py:830} INFO - Processing file /home/airflow/.local/lib/python3.11/site-packages/airflow/example_dags/example_trigger_target_dag.py for tasks to queue
[2024-03-04T15:54:01.355+0000] {logging_mixin.py:188} INFO - [2024-03-04T15:54:01.355+0000] {dagbag.py:540} INFO - Filling up the DagBag from /home/airflow/.local/lib/python3.11/site-packages/airflow/example_dags/example_trigger_target_dag.py
[2024-03-04T15:54:01.360+0000] {processor.py:840} INFO - DAG(s) 'example_trigger_target_dag' retrieved from /home/airflow/.local/lib/python3.11/site-packages/airflow/example_dags/example_trigger_target_dag.py
[2024-03-04T15:54:01.376+0000] {logging_mixin.py:188} INFO - [2024-03-04T15:54:01.376+0000] {dag.py:3047} INFO - Sync 1 DAGs
[2024-03-04T15:54:01.385+0000] {logging_mixin.py:188} INFO - [2024-03-04T15:54:01.384+0000] {dag.py:3834} INFO - Setting next_dagrun for example_trigger_target_dag to None, run_after=None
[2024-03-04T15:54:01.394+0000] {processor.py:183} INFO - Processing /home/airflow/.local/lib/python3.11/site-packages/airflow/example_dags/example_trigger_target_dag.py took 0.049 seconds
[2024-03-04T15:54:32.052+0000] {processor.py:161} INFO - Started process (PID=333) to work on /home/airflow/.local/lib/python3.11/site-packages/airflow/example_dags/example_trigger_target_dag.py
[2024-03-04T15:54:32.052+0000] {processor.py:830} INFO - Processing file /home/airflow/.local/lib/python3.11/site-packages/airflow/example_dags/example_trigger_target_dag.py for tasks to queue
[2024-03-04T15:54:32.054+0000] {logging_mixin.py:188} INFO - [2024-03-04T15:54:32.053+0000] {dagbag.py:540} INFO - Filling up the DagBag from /home/airflow/.local/lib/python3.11/site-packages/airflow/example_dags/example_trigger_target_dag.py
[2024-03-04T15:54:32.058+0000] {processor.py:840} INFO - DAG(s) 'example_trigger_target_dag' retrieved from /home/airflow/.local/lib/python3.11/site-packages/airflow/example_dags/example_trigger_target_dag.py
[2024-03-04T15:54:32.080+0000] {logging_mixin.py:188} INFO - [2024-03-04T15:54:32.080+0000] {dag.py:3047} INFO - Sync 1 DAGs
[2024-03-04T15:54:32.087+0000] {logging_mixin.py:188} INFO - [2024-03-04T15:54:32.087+0000] {dag.py:3834} INFO - Setting next_dagrun for example_trigger_target_dag to None, run_after=None
[2024-03-04T15:54:32.097+0000] {processor.py:183} INFO - Processing /home/airflow/.local/lib/python3.11/site-packages/airflow/example_dags/example_trigger_target_dag.py took 0.048 seconds
[2024-03-04T15:55:02.819+0000] {processor.py:161} INFO - Started process (PID=388) to work on /home/airflow/.local/lib/python3.11/site-packages/airflow/example_dags/example_trigger_target_dag.py
[2024-03-04T15:55:02.820+0000] {processor.py:830} INFO - Processing file /home/airflow/.local/lib/python3.11/site-packages/airflow/example_dags/example_trigger_target_dag.py for tasks to queue
[2024-03-04T15:55:02.823+0000] {logging_mixin.py:188} INFO - [2024-03-04T15:55:02.823+0000] {dagbag.py:540} INFO - Filling up the DagBag from /home/airflow/.local/lib/python3.11/site-packages/airflow/example_dags/example_trigger_target_dag.py
[2024-03-04T15:55:02.832+0000] {processor.py:840} INFO - DAG(s) 'example_trigger_target_dag' retrieved from /home/airflow/.local/lib/python3.11/site-packages/airflow/example_dags/example_trigger_target_dag.py
[2024-03-04T15:55:02.848+0000] {logging_mixin.py:188} INFO - [2024-03-04T15:55:02.848+0000] {dag.py:3047} INFO - Sync 1 DAGs
[2024-03-04T15:55:02.854+0000] {logging_mixin.py:188} INFO - [2024-03-04T15:55:02.854+0000] {dag.py:3834} INFO - Setting next_dagrun for example_trigger_target_dag to None, run_after=None
[2024-03-04T15:55:02.862+0000] {processor.py:183} INFO - Processing /home/airflow/.local/lib/python3.11/site-packages/airflow/example_dags/example_trigger_target_dag.py took 0.049 seconds
[2024-03-04T15:55:33.541+0000] {processor.py:161} INFO - Started process (PID=443) to work on /home/airflow/.local/lib/python3.11/site-packages/airflow/example_dags/example_trigger_target_dag.py
[2024-03-04T15:55:33.542+0000] {processor.py:830} INFO - Processing file /home/airflow/.local/lib/python3.11/site-packages/airflow/example_dags/example_trigger_target_dag.py for tasks to queue
[2024-03-04T15:55:33.544+0000] {logging_mixin.py:188} INFO - [2024-03-04T15:55:33.544+0000] {dagbag.py:540} INFO - Filling up the DagBag from /home/airflow/.local/lib/python3.11/site-packages/airflow/example_dags/example_trigger_target_dag.py
[2024-03-04T15:55:33.553+0000] {processor.py:840} INFO - DAG(s) 'example_trigger_target_dag' retrieved from /home/airflow/.local/lib/python3.11/site-packages/airflow/example_dags/example_trigger_target_dag.py
[2024-03-04T15:55:33.569+0000] {logging_mixin.py:188} INFO - [2024-03-04T15:55:33.569+0000] {dag.py:3047} INFO - Sync 1 DAGs
[2024-03-04T15:55:33.577+0000] {logging_mixin.py:188} INFO - [2024-03-04T15:55:33.577+0000] {dag.py:3834} INFO - Setting next_dagrun for example_trigger_target_dag to None, run_after=None
[2024-03-04T15:55:33.585+0000] {processor.py:183} INFO - Processing /home/airflow/.local/lib/python3.11/site-packages/airflow/example_dags/example_trigger_target_dag.py took 0.049 seconds
[2024-03-04T15:56:04.305+0000] {processor.py:161} INFO - Started process (PID=498) to work on /home/airflow/.local/lib/python3.11/site-packages/airflow/example_dags/example_trigger_target_dag.py
[2024-03-04T15:56:04.306+0000] {processor.py:830} INFO - Processing file /home/airflow/.local/lib/python3.11/site-packages/airflow/example_dags/example_trigger_target_dag.py for tasks to queue
[2024-03-04T15:56:04.308+0000] {logging_mixin.py:188} INFO - [2024-03-04T15:56:04.307+0000] {dagbag.py:540} INFO - Filling up the DagBag from /home/airflow/.local/lib/python3.11/site-packages/airflow/example_dags/example_trigger_target_dag.py
[2024-03-04T15:56:04.313+0000] {processor.py:840} INFO - DAG(s) 'example_trigger_target_dag' retrieved from /home/airflow/.local/lib/python3.11/site-packages/airflow/example_dags/example_trigger_target_dag.py
[2024-03-04T15:56:04.326+0000] {logging_mixin.py:188} INFO - [2024-03-04T15:56:04.326+0000] {dag.py:3047} INFO - Sync 1 DAGs
[2024-03-04T15:56:04.333+0000] {logging_mixin.py:188} INFO - [2024-03-04T15:56:04.333+0000] {dag.py:3834} INFO - Setting next_dagrun for example_trigger_target_dag to None, run_after=None
[2024-03-04T15:56:04.342+0000] {processor.py:183} INFO - Processing /home/airflow/.local/lib/python3.11/site-packages/airflow/example_dags/example_trigger_target_dag.py took 0.040 seconds
[2024-03-04T15:56:35.004+0000] {processor.py:161} INFO - Started process (PID=553) to work on /home/airflow/.local/lib/python3.11/site-packages/airflow/example_dags/example_trigger_target_dag.py
[2024-03-04T15:56:35.006+0000] {processor.py:830} INFO - Processing file /home/airflow/.local/lib/python3.11/site-packages/airflow/example_dags/example_trigger_target_dag.py for tasks to queue
[2024-03-04T15:56:35.010+0000] {logging_mixin.py:188} INFO - [2024-03-04T15:56:35.010+0000] {dagbag.py:540} INFO - Filling up the DagBag from /home/airflow/.local/lib/python3.11/site-packages/airflow/example_dags/example_trigger_target_dag.py
[2024-03-04T15:56:35.017+0000] {processor.py:840} INFO - DAG(s) 'example_trigger_target_dag' retrieved from /home/airflow/.local/lib/python3.11/site-packages/airflow/example_dags/example_trigger_target_dag.py
[2024-03-04T15:56:35.033+0000] {logging_mixin.py:188} INFO - [2024-03-04T15:56:35.032+0000] {dag.py:3047} INFO - Sync 1 DAGs
[2024-03-04T15:56:35.040+0000] {logging_mixin.py:188} INFO - [2024-03-04T15:56:35.040+0000] {dag.py:3834} INFO - Setting next_dagrun for example_trigger_target_dag to None, run_after=None
[2024-03-04T15:56:35.051+0000] {processor.py:183} INFO - Processing /home/airflow/.local/lib/python3.11/site-packages/airflow/example_dags/example_trigger_target_dag.py took 0.049 seconds
[2024-03-04T15:57:05.752+0000] {processor.py:161} INFO - Started process (PID=608) to work on /home/airflow/.local/lib/python3.11/site-packages/airflow/example_dags/example_trigger_target_dag.py
[2024-03-04T15:57:05.754+0000] {processor.py:830} INFO - Processing file /home/airflow/.local/lib/python3.11/site-packages/airflow/example_dags/example_trigger_target_dag.py for tasks to queue
[2024-03-04T15:57:05.758+0000] {logging_mixin.py:188} INFO - [2024-03-04T15:57:05.757+0000] {dagbag.py:540} INFO - Filling up the DagBag from /home/airflow/.local/lib/python3.11/site-packages/airflow/example_dags/example_trigger_target_dag.py
[2024-03-04T15:57:05.767+0000] {processor.py:840} INFO - DAG(s) 'example_trigger_target_dag' retrieved from /home/airflow/.local/lib/python3.11/site-packages/airflow/example_dags/example_trigger_target_dag.py
[2024-03-04T15:57:05.786+0000] {logging_mixin.py:188} INFO - [2024-03-04T15:57:05.786+0000] {dag.py:3047} INFO - Sync 1 DAGs
[2024-03-04T15:57:05.794+0000] {logging_mixin.py:188} INFO - [2024-03-04T15:57:05.794+0000] {dag.py:3834} INFO - Setting next_dagrun for example_trigger_target_dag to None, run_after=None
[2024-03-04T15:57:05.803+0000] {processor.py:183} INFO - Processing /home/airflow/.local/lib/python3.11/site-packages/airflow/example_dags/example_trigger_target_dag.py took 0.057 seconds
[2024-03-04T15:57:36.485+0000] {processor.py:161} INFO - Started process (PID=663) to work on /home/airflow/.local/lib/python3.11/site-packages/airflow/example_dags/example_trigger_target_dag.py
[2024-03-04T15:57:36.486+0000] {processor.py:830} INFO - Processing file /home/airflow/.local/lib/python3.11/site-packages/airflow/example_dags/example_trigger_target_dag.py for tasks to queue
[2024-03-04T15:57:36.488+0000] {logging_mixin.py:188} INFO - [2024-03-04T15:57:36.487+0000] {dagbag.py:540} INFO - Filling up the DagBag from /home/airflow/.local/lib/python3.11/site-packages/airflow/example_dags/example_trigger_target_dag.py
[2024-03-04T15:57:36.493+0000] {processor.py:840} INFO - DAG(s) 'example_trigger_target_dag' retrieved from /home/airflow/.local/lib/python3.11/site-packages/airflow/example_dags/example_trigger_target_dag.py
[2024-03-04T15:57:36.505+0000] {logging_mixin.py:188} INFO - [2024-03-04T15:57:36.505+0000] {dag.py:3047} INFO - Sync 1 DAGs
[2024-03-04T15:57:36.512+0000] {logging_mixin.py:188} INFO - [2024-03-04T15:57:36.512+0000] {dag.py:3834} INFO - Setting next_dagrun for example_trigger_target_dag to None, run_after=None
[2024-03-04T15:57:36.520+0000] {processor.py:183} INFO - Processing /home/airflow/.local/lib/python3.11/site-packages/airflow/example_dags/example_trigger_target_dag.py took 0.039 seconds
[2024-03-04T15:58:07.201+0000] {processor.py:161} INFO - Started process (PID=718) to work on /home/airflow/.local/lib/python3.11/site-packages/airflow/example_dags/example_trigger_target_dag.py
[2024-03-04T15:58:07.204+0000] {processor.py:830} INFO - Processing file /home/airflow/.local/lib/python3.11/site-packages/airflow/example_dags/example_trigger_target_dag.py for tasks to queue
[2024-03-04T15:58:07.210+0000] {logging_mixin.py:188} INFO - [2024-03-04T15:58:07.210+0000] {dagbag.py:540} INFO - Filling up the DagBag from /home/airflow/.local/lib/python3.11/site-packages/airflow/example_dags/example_trigger_target_dag.py
[2024-03-04T15:58:07.221+0000] {processor.py:840} INFO - DAG(s) 'example_trigger_target_dag' retrieved from /home/airflow/.local/lib/python3.11/site-packages/airflow/example_dags/example_trigger_target_dag.py
[2024-03-04T15:58:07.243+0000] {logging_mixin.py:188} INFO - [2024-03-04T15:58:07.242+0000] {dag.py:3047} INFO - Sync 1 DAGs
[2024-03-04T15:58:07.254+0000] {logging_mixin.py:188} INFO - [2024-03-04T15:58:07.254+0000] {dag.py:3834} INFO - Setting next_dagrun for example_trigger_target_dag to None, run_after=None
[2024-03-04T15:58:07.263+0000] {processor.py:183} INFO - Processing /home/airflow/.local/lib/python3.11/site-packages/airflow/example_dags/example_trigger_target_dag.py took 0.065 seconds
[2024-03-04T15:58:37.982+0000] {processor.py:161} INFO - Started process (PID=773) to work on /home/airflow/.local/lib/python3.11/site-packages/airflow/example_dags/example_trigger_target_dag.py
[2024-03-04T15:58:37.983+0000] {processor.py:830} INFO - Processing file /home/airflow/.local/lib/python3.11/site-packages/airflow/example_dags/example_trigger_target_dag.py for tasks to queue
[2024-03-04T15:58:37.985+0000] {logging_mixin.py:188} INFO - [2024-03-04T15:58:37.985+0000] {dagbag.py:540} INFO - Filling up the DagBag from /home/airflow/.local/lib/python3.11/site-packages/airflow/example_dags/example_trigger_target_dag.py
[2024-03-04T15:58:37.993+0000] {processor.py:840} INFO - DAG(s) 'example_trigger_target_dag' retrieved from /home/airflow/.local/lib/python3.11/site-packages/airflow/example_dags/example_trigger_target_dag.py
[2024-03-04T15:58:38.006+0000] {logging_mixin.py:188} INFO - [2024-03-04T15:58:38.006+0000] {dag.py:3047} INFO - Sync 1 DAGs
[2024-03-04T15:58:38.013+0000] {logging_mixin.py:188} INFO - [2024-03-04T15:58:38.013+0000] {dag.py:3834} INFO - Setting next_dagrun for example_trigger_target_dag to None, run_after=None
[2024-03-04T15:58:38.022+0000] {processor.py:183} INFO - Processing /home/airflow/.local/lib/python3.11/site-packages/airflow/example_dags/example_trigger_target_dag.py took 0.043 seconds
[2024-03-04T15:59:08.576+0000] {processor.py:161} INFO - Started process (PID=828) to work on /home/airflow/.local/lib/python3.11/site-packages/airflow/example_dags/example_trigger_target_dag.py
[2024-03-04T15:59:08.578+0000] {processor.py:830} INFO - Processing file /home/airflow/.local/lib/python3.11/site-packages/airflow/example_dags/example_trigger_target_dag.py for tasks to queue
[2024-03-04T15:59:08.579+0000] {logging_mixin.py:188} INFO - [2024-03-04T15:59:08.579+0000] {dagbag.py:540} INFO - Filling up the DagBag from /home/airflow/.local/lib/python3.11/site-packages/airflow/example_dags/example_trigger_target_dag.py
[2024-03-04T15:59:08.585+0000] {processor.py:840} INFO - DAG(s) 'example_trigger_target_dag' retrieved from /home/airflow/.local/lib/python3.11/site-packages/airflow/example_dags/example_trigger_target_dag.py
[2024-03-04T15:59:08.600+0000] {logging_mixin.py:188} INFO - [2024-03-04T15:59:08.600+0000] {dag.py:3047} INFO - Sync 1 DAGs
[2024-03-04T15:59:08.609+0000] {logging_mixin.py:188} INFO - [2024-03-04T15:59:08.609+0000] {dag.py:3834} INFO - Setting next_dagrun for example_trigger_target_dag to None, run_after=None
[2024-03-04T15:59:08.619+0000] {processor.py:183} INFO - Processing /home/airflow/.local/lib/python3.11/site-packages/airflow/example_dags/example_trigger_target_dag.py took 0.046 seconds
[2024-03-04T15:59:39.142+0000] {processor.py:161} INFO - Started process (PID=883) to work on /home/airflow/.local/lib/python3.11/site-packages/airflow/example_dags/example_trigger_target_dag.py
[2024-03-04T15:59:39.143+0000] {processor.py:830} INFO - Processing file /home/airflow/.local/lib/python3.11/site-packages/airflow/example_dags/example_trigger_target_dag.py for tasks to queue
[2024-03-04T15:59:39.145+0000] {logging_mixin.py:188} INFO - [2024-03-04T15:59:39.145+0000] {dagbag.py:540} INFO - Filling up the DagBag from /home/airflow/.local/lib/python3.11/site-packages/airflow/example_dags/example_trigger_target_dag.py
[2024-03-04T15:59:39.151+0000] {processor.py:840} INFO - DAG(s) 'example_trigger_target_dag' retrieved from /home/airflow/.local/lib/python3.11/site-packages/airflow/example_dags/example_trigger_target_dag.py
[2024-03-04T15:59:39.163+0000] {logging_mixin.py:188} INFO - [2024-03-04T15:59:39.163+0000] {dag.py:3047} INFO - Sync 1 DAGs
[2024-03-04T15:59:39.170+0000] {logging_mixin.py:188} INFO - [2024-03-04T15:59:39.170+0000] {dag.py:3834} INFO - Setting next_dagrun for example_trigger_target_dag to None, run_after=None
[2024-03-04T15:59:39.180+0000] {processor.py:183} INFO - Processing /home/airflow/.local/lib/python3.11/site-packages/airflow/example_dags/example_trigger_target_dag.py took 0.041 seconds
[2024-03-04T16:00:09.885+0000] {processor.py:161} INFO - Started process (PID=938) to work on /home/airflow/.local/lib/python3.11/site-packages/airflow/example_dags/example_trigger_target_dag.py
[2024-03-04T16:00:09.887+0000] {processor.py:830} INFO - Processing file /home/airflow/.local/lib/python3.11/site-packages/airflow/example_dags/example_trigger_target_dag.py for tasks to queue
[2024-03-04T16:00:09.888+0000] {logging_mixin.py:188} INFO - [2024-03-04T16:00:09.888+0000] {dagbag.py:540} INFO - Filling up the DagBag from /home/airflow/.local/lib/python3.11/site-packages/airflow/example_dags/example_trigger_target_dag.py
[2024-03-04T16:00:09.896+0000] {processor.py:840} INFO - DAG(s) 'example_trigger_target_dag' retrieved from /home/airflow/.local/lib/python3.11/site-packages/airflow/example_dags/example_trigger_target_dag.py
[2024-03-04T16:00:09.912+0000] {logging_mixin.py:188} INFO - [2024-03-04T16:00:09.912+0000] {dag.py:3047} INFO - Sync 1 DAGs
[2024-03-04T16:00:09.919+0000] {logging_mixin.py:188} INFO - [2024-03-04T16:00:09.919+0000] {dag.py:3834} INFO - Setting next_dagrun for example_trigger_target_dag to None, run_after=None
[2024-03-04T16:00:09.927+0000] {processor.py:183} INFO - Processing /home/airflow/.local/lib/python3.11/site-packages/airflow/example_dags/example_trigger_target_dag.py took 0.046 seconds
[2024-03-04T16:00:40.676+0000] {processor.py:161} INFO - Started process (PID=992) to work on /home/airflow/.local/lib/python3.11/site-packages/airflow/example_dags/example_trigger_target_dag.py
[2024-03-04T16:00:40.677+0000] {processor.py:830} INFO - Processing file /home/airflow/.local/lib/python3.11/site-packages/airflow/example_dags/example_trigger_target_dag.py for tasks to queue
[2024-03-04T16:00:40.679+0000] {logging_mixin.py:188} INFO - [2024-03-04T16:00:40.679+0000] {dagbag.py:540} INFO - Filling up the DagBag from /home/airflow/.local/lib/python3.11/site-packages/airflow/example_dags/example_trigger_target_dag.py
[2024-03-04T16:00:40.685+0000] {processor.py:840} INFO - DAG(s) 'example_trigger_target_dag' retrieved from /home/airflow/.local/lib/python3.11/site-packages/airflow/example_dags/example_trigger_target_dag.py
[2024-03-04T16:00:40.700+0000] {logging_mixin.py:188} INFO - [2024-03-04T16:00:40.700+0000] {dag.py:3047} INFO - Sync 1 DAGs
[2024-03-04T16:00:40.708+0000] {logging_mixin.py:188} INFO - [2024-03-04T16:00:40.708+0000] {dag.py:3834} INFO - Setting next_dagrun for example_trigger_target_dag to None, run_after=None
[2024-03-04T16:00:40.718+0000] {processor.py:183} INFO - Processing /home/airflow/.local/lib/python3.11/site-packages/airflow/example_dags/example_trigger_target_dag.py took 0.046 seconds
[2024-03-04T16:01:11.441+0000] {processor.py:161} INFO - Started process (PID=1047) to work on /home/airflow/.local/lib/python3.11/site-packages/airflow/example_dags/example_trigger_target_dag.py
[2024-03-04T16:01:11.442+0000] {processor.py:830} INFO - Processing file /home/airflow/.local/lib/python3.11/site-packages/airflow/example_dags/example_trigger_target_dag.py for tasks to queue
[2024-03-04T16:01:11.444+0000] {logging_mixin.py:188} INFO - [2024-03-04T16:01:11.444+0000] {dagbag.py:540} INFO - Filling up the DagBag from /home/airflow/.local/lib/python3.11/site-packages/airflow/example_dags/example_trigger_target_dag.py
[2024-03-04T16:01:11.450+0000] {processor.py:840} INFO - DAG(s) 'example_trigger_target_dag' retrieved from /home/airflow/.local/lib/python3.11/site-packages/airflow/example_dags/example_trigger_target_dag.py
[2024-03-04T16:01:11.461+0000] {logging_mixin.py:188} INFO - [2024-03-04T16:01:11.461+0000] {dag.py:3047} INFO - Sync 1 DAGs
[2024-03-04T16:01:11.469+0000] {logging_mixin.py:188} INFO - [2024-03-04T16:01:11.469+0000] {dag.py:3834} INFO - Setting next_dagrun for example_trigger_target_dag to None, run_after=None
[2024-03-04T16:01:11.477+0000] {processor.py:183} INFO - Processing /home/airflow/.local/lib/python3.11/site-packages/airflow/example_dags/example_trigger_target_dag.py took 0.040 seconds
[2024-03-04T16:01:42.233+0000] {processor.py:161} INFO - Started process (PID=1102) to work on /home/airflow/.local/lib/python3.11/site-packages/airflow/example_dags/example_trigger_target_dag.py
[2024-03-04T16:01:42.234+0000] {processor.py:830} INFO - Processing file /home/airflow/.local/lib/python3.11/site-packages/airflow/example_dags/example_trigger_target_dag.py for tasks to queue
[2024-03-04T16:01:42.236+0000] {logging_mixin.py:188} INFO - [2024-03-04T16:01:42.236+0000] {dagbag.py:540} INFO - Filling up the DagBag from /home/airflow/.local/lib/python3.11/site-packages/airflow/example_dags/example_trigger_target_dag.py
[2024-03-04T16:01:42.241+0000] {processor.py:840} INFO - DAG(s) 'example_trigger_target_dag' retrieved from /home/airflow/.local/lib/python3.11/site-packages/airflow/example_dags/example_trigger_target_dag.py
[2024-03-04T16:01:42.253+0000] {logging_mixin.py:188} INFO - [2024-03-04T16:01:42.252+0000] {dag.py:3047} INFO - Sync 1 DAGs
[2024-03-04T16:01:42.264+0000] {logging_mixin.py:188} INFO - [2024-03-04T16:01:42.264+0000] {dag.py:3834} INFO - Setting next_dagrun for example_trigger_target_dag to None, run_after=None
[2024-03-04T16:01:42.274+0000] {processor.py:183} INFO - Processing /home/airflow/.local/lib/python3.11/site-packages/airflow/example_dags/example_trigger_target_dag.py took 0.043 seconds
[2024-03-04T16:02:13.046+0000] {processor.py:161} INFO - Started process (PID=1163) to work on /home/airflow/.local/lib/python3.11/site-packages/airflow/example_dags/example_trigger_target_dag.py
[2024-03-04T16:02:13.047+0000] {processor.py:830} INFO - Processing file /home/airflow/.local/lib/python3.11/site-packages/airflow/example_dags/example_trigger_target_dag.py for tasks to queue
[2024-03-04T16:02:13.050+0000] {logging_mixin.py:188} INFO - [2024-03-04T16:02:13.049+0000] {dagbag.py:540} INFO - Filling up the DagBag from /home/airflow/.local/lib/python3.11/site-packages/airflow/example_dags/example_trigger_target_dag.py
[2024-03-04T16:02:13.057+0000] {processor.py:840} INFO - DAG(s) 'example_trigger_target_dag' retrieved from /home/airflow/.local/lib/python3.11/site-packages/airflow/example_dags/example_trigger_target_dag.py
[2024-03-04T16:02:13.072+0000] {logging_mixin.py:188} INFO - [2024-03-04T16:02:13.072+0000] {dag.py:3047} INFO - Sync 1 DAGs
[2024-03-04T16:02:13.080+0000] {logging_mixin.py:188} INFO - [2024-03-04T16:02:13.080+0000] {dag.py:3834} INFO - Setting next_dagrun for example_trigger_target_dag to None, run_after=None
[2024-03-04T16:02:13.089+0000] {processor.py:183} INFO - Processing /home/airflow/.local/lib/python3.11/site-packages/airflow/example_dags/example_trigger_target_dag.py took 0.047 seconds
[2024-03-04T16:02:43.787+0000] {processor.py:161} INFO - Started process (PID=1218) to work on /home/airflow/.local/lib/python3.11/site-packages/airflow/example_dags/example_trigger_target_dag.py
[2024-03-04T16:02:43.788+0000] {processor.py:830} INFO - Processing file /home/airflow/.local/lib/python3.11/site-packages/airflow/example_dags/example_trigger_target_dag.py for tasks to queue
[2024-03-04T16:02:43.791+0000] {logging_mixin.py:188} INFO - [2024-03-04T16:02:43.791+0000] {dagbag.py:540} INFO - Filling up the DagBag from /home/airflow/.local/lib/python3.11/site-packages/airflow/example_dags/example_trigger_target_dag.py
[2024-03-04T16:02:43.800+0000] {processor.py:840} INFO - DAG(s) 'example_trigger_target_dag' retrieved from /home/airflow/.local/lib/python3.11/site-packages/airflow/example_dags/example_trigger_target_dag.py
[2024-03-04T16:02:43.815+0000] {logging_mixin.py:188} INFO - [2024-03-04T16:02:43.815+0000] {dag.py:3047} INFO - Sync 1 DAGs
[2024-03-04T16:02:43.823+0000] {logging_mixin.py:188} INFO - [2024-03-04T16:02:43.823+0000] {dag.py:3834} INFO - Setting next_dagrun for example_trigger_target_dag to None, run_after=None
[2024-03-04T16:02:43.832+0000] {processor.py:183} INFO - Processing /home/airflow/.local/lib/python3.11/site-packages/airflow/example_dags/example_trigger_target_dag.py took 0.048 seconds
[2024-03-04T16:03:14.626+0000] {processor.py:161} INFO - Started process (PID=1273) to work on /home/airflow/.local/lib/python3.11/site-packages/airflow/example_dags/example_trigger_target_dag.py
[2024-03-04T16:03:14.630+0000] {processor.py:830} INFO - Processing file /home/airflow/.local/lib/python3.11/site-packages/airflow/example_dags/example_trigger_target_dag.py for tasks to queue
[2024-03-04T16:03:14.632+0000] {logging_mixin.py:188} INFO - [2024-03-04T16:03:14.631+0000] {dagbag.py:540} INFO - Filling up the DagBag from /home/airflow/.local/lib/python3.11/site-packages/airflow/example_dags/example_trigger_target_dag.py
[2024-03-04T16:03:14.639+0000] {processor.py:840} INFO - DAG(s) 'example_trigger_target_dag' retrieved from /home/airflow/.local/lib/python3.11/site-packages/airflow/example_dags/example_trigger_target_dag.py
[2024-03-04T16:03:14.653+0000] {logging_mixin.py:188} INFO - [2024-03-04T16:03:14.653+0000] {dag.py:3047} INFO - Sync 1 DAGs
[2024-03-04T16:03:14.662+0000] {logging_mixin.py:188} INFO - [2024-03-04T16:03:14.661+0000] {dag.py:3834} INFO - Setting next_dagrun for example_trigger_target_dag to None, run_after=None
[2024-03-04T16:03:14.670+0000] {processor.py:183} INFO - Processing /home/airflow/.local/lib/python3.11/site-packages/airflow/example_dags/example_trigger_target_dag.py took 0.048 seconds
[2024-03-04T16:03:45.445+0000] {processor.py:161} INFO - Started process (PID=1328) to work on /home/airflow/.local/lib/python3.11/site-packages/airflow/example_dags/example_trigger_target_dag.py
[2024-03-04T16:03:45.446+0000] {processor.py:830} INFO - Processing file /home/airflow/.local/lib/python3.11/site-packages/airflow/example_dags/example_trigger_target_dag.py for tasks to queue
[2024-03-04T16:03:45.448+0000] {logging_mixin.py:188} INFO - [2024-03-04T16:03:45.447+0000] {dagbag.py:540} INFO - Filling up the DagBag from /home/airflow/.local/lib/python3.11/site-packages/airflow/example_dags/example_trigger_target_dag.py
[2024-03-04T16:03:45.453+0000] {processor.py:840} INFO - DAG(s) 'example_trigger_target_dag' retrieved from /home/airflow/.local/lib/python3.11/site-packages/airflow/example_dags/example_trigger_target_dag.py
[2024-03-04T16:03:45.469+0000] {logging_mixin.py:188} INFO - [2024-03-04T16:03:45.468+0000] {dag.py:3047} INFO - Sync 1 DAGs
[2024-03-04T16:03:45.488+0000] {logging_mixin.py:188} INFO - [2024-03-04T16:03:45.488+0000] {dag.py:3834} INFO - Setting next_dagrun for example_trigger_target_dag to None, run_after=None
[2024-03-04T16:03:45.502+0000] {processor.py:183} INFO - Processing /home/airflow/.local/lib/python3.11/site-packages/airflow/example_dags/example_trigger_target_dag.py took 0.060 seconds
[2024-03-04T16:04:15.893+0000] {processor.py:161} INFO - Started process (PID=1383) to work on /home/airflow/.local/lib/python3.11/site-packages/airflow/example_dags/example_trigger_target_dag.py
[2024-03-04T16:04:15.894+0000] {processor.py:830} INFO - Processing file /home/airflow/.local/lib/python3.11/site-packages/airflow/example_dags/example_trigger_target_dag.py for tasks to queue
[2024-03-04T16:04:15.896+0000] {logging_mixin.py:188} INFO - [2024-03-04T16:04:15.895+0000] {dagbag.py:540} INFO - Filling up the DagBag from /home/airflow/.local/lib/python3.11/site-packages/airflow/example_dags/example_trigger_target_dag.py
[2024-03-04T16:04:15.903+0000] {processor.py:840} INFO - DAG(s) 'example_trigger_target_dag' retrieved from /home/airflow/.local/lib/python3.11/site-packages/airflow/example_dags/example_trigger_target_dag.py
[2024-03-04T16:04:15.920+0000] {logging_mixin.py:188} INFO - [2024-03-04T16:04:15.920+0000] {dag.py:3047} INFO - Sync 1 DAGs
[2024-03-04T16:04:15.926+0000] {logging_mixin.py:188} INFO - [2024-03-04T16:04:15.926+0000] {dag.py:3834} INFO - Setting next_dagrun for example_trigger_target_dag to None, run_after=None
[2024-03-04T16:04:15.935+0000] {processor.py:183} INFO - Processing /home/airflow/.local/lib/python3.11/site-packages/airflow/example_dags/example_trigger_target_dag.py took 0.046 seconds
[2024-03-04T16:04:46.760+0000] {processor.py:161} INFO - Started process (PID=1438) to work on /home/airflow/.local/lib/python3.11/site-packages/airflow/example_dags/example_trigger_target_dag.py
[2024-03-04T16:04:46.762+0000] {processor.py:830} INFO - Processing file /home/airflow/.local/lib/python3.11/site-packages/airflow/example_dags/example_trigger_target_dag.py for tasks to queue
[2024-03-04T16:04:46.764+0000] {logging_mixin.py:188} INFO - [2024-03-04T16:04:46.763+0000] {dagbag.py:540} INFO - Filling up the DagBag from /home/airflow/.local/lib/python3.11/site-packages/airflow/example_dags/example_trigger_target_dag.py
[2024-03-04T16:04:46.770+0000] {processor.py:840} INFO - DAG(s) 'example_trigger_target_dag' retrieved from /home/airflow/.local/lib/python3.11/site-packages/airflow/example_dags/example_trigger_target_dag.py
[2024-03-04T16:04:46.791+0000] {logging_mixin.py:188} INFO - [2024-03-04T16:04:46.791+0000] {dag.py:3047} INFO - Sync 1 DAGs
[2024-03-04T16:04:46.798+0000] {logging_mixin.py:188} INFO - [2024-03-04T16:04:46.798+0000] {dag.py:3834} INFO - Setting next_dagrun for example_trigger_target_dag to None, run_after=None
[2024-03-04T16:04:46.807+0000] {processor.py:183} INFO - Processing /home/airflow/.local/lib/python3.11/site-packages/airflow/example_dags/example_trigger_target_dag.py took 0.051 seconds
[2024-03-04T16:05:17.508+0000] {processor.py:161} INFO - Started process (PID=1493) to work on /home/airflow/.local/lib/python3.11/site-packages/airflow/example_dags/example_trigger_target_dag.py
[2024-03-04T16:05:17.513+0000] {processor.py:830} INFO - Processing file /home/airflow/.local/lib/python3.11/site-packages/airflow/example_dags/example_trigger_target_dag.py for tasks to queue
[2024-03-04T16:05:17.514+0000] {logging_mixin.py:188} INFO - [2024-03-04T16:05:17.514+0000] {dagbag.py:540} INFO - Filling up the DagBag from /home/airflow/.local/lib/python3.11/site-packages/airflow/example_dags/example_trigger_target_dag.py
[2024-03-04T16:05:17.520+0000] {processor.py:840} INFO - DAG(s) 'example_trigger_target_dag' retrieved from /home/airflow/.local/lib/python3.11/site-packages/airflow/example_dags/example_trigger_target_dag.py
[2024-03-04T16:05:17.531+0000] {logging_mixin.py:188} INFO - [2024-03-04T16:05:17.531+0000] {dag.py:3047} INFO - Sync 1 DAGs
[2024-03-04T16:05:17.539+0000] {logging_mixin.py:188} INFO - [2024-03-04T16:05:17.539+0000] {dag.py:3834} INFO - Setting next_dagrun for example_trigger_target_dag to None, run_after=None
[2024-03-04T16:05:17.550+0000] {processor.py:183} INFO - Processing /home/airflow/.local/lib/python3.11/site-packages/airflow/example_dags/example_trigger_target_dag.py took 0.045 seconds
[2024-03-04T16:05:48.416+0000] {processor.py:161} INFO - Started process (PID=1548) to work on /home/airflow/.local/lib/python3.11/site-packages/airflow/example_dags/example_trigger_target_dag.py
[2024-03-04T16:05:48.418+0000] {processor.py:830} INFO - Processing file /home/airflow/.local/lib/python3.11/site-packages/airflow/example_dags/example_trigger_target_dag.py for tasks to queue
[2024-03-04T16:05:48.420+0000] {logging_mixin.py:188} INFO - [2024-03-04T16:05:48.419+0000] {dagbag.py:540} INFO - Filling up the DagBag from /home/airflow/.local/lib/python3.11/site-packages/airflow/example_dags/example_trigger_target_dag.py
[2024-03-04T16:05:48.427+0000] {processor.py:840} INFO - DAG(s) 'example_trigger_target_dag' retrieved from /home/airflow/.local/lib/python3.11/site-packages/airflow/example_dags/example_trigger_target_dag.py
[2024-03-04T16:05:48.438+0000] {logging_mixin.py:188} INFO - [2024-03-04T16:05:48.438+0000] {dag.py:3047} INFO - Sync 1 DAGs
[2024-03-04T16:05:48.445+0000] {logging_mixin.py:188} INFO - [2024-03-04T16:05:48.444+0000] {dag.py:3834} INFO - Setting next_dagrun for example_trigger_target_dag to None, run_after=None
[2024-03-04T16:05:48.453+0000] {processor.py:183} INFO - Processing /home/airflow/.local/lib/python3.11/site-packages/airflow/example_dags/example_trigger_target_dag.py took 0.041 seconds
[2024-03-04T16:06:18.504+0000] {processor.py:161} INFO - Started process (PID=1603) to work on /home/airflow/.local/lib/python3.11/site-packages/airflow/example_dags/example_trigger_target_dag.py
[2024-03-04T16:06:18.505+0000] {processor.py:830} INFO - Processing file /home/airflow/.local/lib/python3.11/site-packages/airflow/example_dags/example_trigger_target_dag.py for tasks to queue
[2024-03-04T16:06:18.506+0000] {logging_mixin.py:188} INFO - [2024-03-04T16:06:18.506+0000] {dagbag.py:540} INFO - Filling up the DagBag from /home/airflow/.local/lib/python3.11/site-packages/airflow/example_dags/example_trigger_target_dag.py
[2024-03-04T16:06:18.512+0000] {processor.py:840} INFO - DAG(s) 'example_trigger_target_dag' retrieved from /home/airflow/.local/lib/python3.11/site-packages/airflow/example_dags/example_trigger_target_dag.py
[2024-03-04T16:06:18.528+0000] {logging_mixin.py:188} INFO - [2024-03-04T16:06:18.528+0000] {dag.py:3047} INFO - Sync 1 DAGs
[2024-03-04T16:06:18.535+0000] {logging_mixin.py:188} INFO - [2024-03-04T16:06:18.535+0000] {dag.py:3834} INFO - Setting next_dagrun for example_trigger_target_dag to None, run_after=None
[2024-03-04T16:06:18.550+0000] {processor.py:183} INFO - Processing /home/airflow/.local/lib/python3.11/site-packages/airflow/example_dags/example_trigger_target_dag.py took 0.049 seconds
[2024-03-04T16:06:48.746+0000] {processor.py:161} INFO - Started process (PID=1658) to work on /home/airflow/.local/lib/python3.11/site-packages/airflow/example_dags/example_trigger_target_dag.py
[2024-03-04T16:06:48.747+0000] {processor.py:830} INFO - Processing file /home/airflow/.local/lib/python3.11/site-packages/airflow/example_dags/example_trigger_target_dag.py for tasks to queue
[2024-03-04T16:06:48.749+0000] {logging_mixin.py:188} INFO - [2024-03-04T16:06:48.748+0000] {dagbag.py:540} INFO - Filling up the DagBag from /home/airflow/.local/lib/python3.11/site-packages/airflow/example_dags/example_trigger_target_dag.py
[2024-03-04T16:06:48.756+0000] {processor.py:840} INFO - DAG(s) 'example_trigger_target_dag' retrieved from /home/airflow/.local/lib/python3.11/site-packages/airflow/example_dags/example_trigger_target_dag.py
[2024-03-04T16:06:48.773+0000] {logging_mixin.py:188} INFO - [2024-03-04T16:06:48.773+0000] {dag.py:3047} INFO - Sync 1 DAGs
[2024-03-04T16:06:48.779+0000] {logging_mixin.py:188} INFO - [2024-03-04T16:06:48.779+0000] {dag.py:3834} INFO - Setting next_dagrun for example_trigger_target_dag to None, run_after=None
[2024-03-04T16:06:48.787+0000] {processor.py:183} INFO - Processing /home/airflow/.local/lib/python3.11/site-packages/airflow/example_dags/example_trigger_target_dag.py took 0.045 seconds
[2024-03-04T16:07:19.469+0000] {processor.py:161} INFO - Started process (PID=1713) to work on /home/airflow/.local/lib/python3.11/site-packages/airflow/example_dags/example_trigger_target_dag.py
[2024-03-04T16:07:19.471+0000] {processor.py:830} INFO - Processing file /home/airflow/.local/lib/python3.11/site-packages/airflow/example_dags/example_trigger_target_dag.py for tasks to queue
[2024-03-04T16:07:19.473+0000] {logging_mixin.py:188} INFO - [2024-03-04T16:07:19.472+0000] {dagbag.py:540} INFO - Filling up the DagBag from /home/airflow/.local/lib/python3.11/site-packages/airflow/example_dags/example_trigger_target_dag.py
[2024-03-04T16:07:19.477+0000] {processor.py:840} INFO - DAG(s) 'example_trigger_target_dag' retrieved from /home/airflow/.local/lib/python3.11/site-packages/airflow/example_dags/example_trigger_target_dag.py
[2024-03-04T16:07:19.488+0000] {logging_mixin.py:188} INFO - [2024-03-04T16:07:19.488+0000] {dag.py:3047} INFO - Sync 1 DAGs
[2024-03-04T16:07:19.493+0000] {logging_mixin.py:188} INFO - [2024-03-04T16:07:19.493+0000] {dag.py:3834} INFO - Setting next_dagrun for example_trigger_target_dag to None, run_after=None
[2024-03-04T16:07:19.501+0000] {processor.py:183} INFO - Processing /home/airflow/.local/lib/python3.11/site-packages/airflow/example_dags/example_trigger_target_dag.py took 0.036 seconds
[2024-03-04T16:07:50.136+0000] {processor.py:161} INFO - Started process (PID=1768) to work on /home/airflow/.local/lib/python3.11/site-packages/airflow/example_dags/example_trigger_target_dag.py
[2024-03-04T16:07:50.137+0000] {processor.py:830} INFO - Processing file /home/airflow/.local/lib/python3.11/site-packages/airflow/example_dags/example_trigger_target_dag.py for tasks to queue
[2024-03-04T16:07:50.139+0000] {logging_mixin.py:188} INFO - [2024-03-04T16:07:50.139+0000] {dagbag.py:540} INFO - Filling up the DagBag from /home/airflow/.local/lib/python3.11/site-packages/airflow/example_dags/example_trigger_target_dag.py
[2024-03-04T16:07:50.144+0000] {processor.py:840} INFO - DAG(s) 'example_trigger_target_dag' retrieved from /home/airflow/.local/lib/python3.11/site-packages/airflow/example_dags/example_trigger_target_dag.py
[2024-03-04T16:07:50.156+0000] {logging_mixin.py:188} INFO - [2024-03-04T16:07:50.156+0000] {dag.py:3047} INFO - Sync 1 DAGs
[2024-03-04T16:07:50.163+0000] {logging_mixin.py:188} INFO - [2024-03-04T16:07:50.163+0000] {dag.py:3834} INFO - Setting next_dagrun for example_trigger_target_dag to None, run_after=None
[2024-03-04T16:07:50.172+0000] {processor.py:183} INFO - Processing /home/airflow/.local/lib/python3.11/site-packages/airflow/example_dags/example_trigger_target_dag.py took 0.040 seconds
[2024-03-04T16:08:20.839+0000] {processor.py:161} INFO - Started process (PID=1823) to work on /home/airflow/.local/lib/python3.11/site-packages/airflow/example_dags/example_trigger_target_dag.py
[2024-03-04T16:08:20.840+0000] {processor.py:830} INFO - Processing file /home/airflow/.local/lib/python3.11/site-packages/airflow/example_dags/example_trigger_target_dag.py for tasks to queue
[2024-03-04T16:08:20.842+0000] {logging_mixin.py:188} INFO - [2024-03-04T16:08:20.842+0000] {dagbag.py:540} INFO - Filling up the DagBag from /home/airflow/.local/lib/python3.11/site-packages/airflow/example_dags/example_trigger_target_dag.py
[2024-03-04T16:08:20.847+0000] {processor.py:840} INFO - DAG(s) 'example_trigger_target_dag' retrieved from /home/airflow/.local/lib/python3.11/site-packages/airflow/example_dags/example_trigger_target_dag.py
[2024-03-04T16:08:20.858+0000] {logging_mixin.py:188} INFO - [2024-03-04T16:08:20.858+0000] {dag.py:3047} INFO - Sync 1 DAGs
[2024-03-04T16:08:20.864+0000] {logging_mixin.py:188} INFO - [2024-03-04T16:08:20.864+0000] {dag.py:3834} INFO - Setting next_dagrun for example_trigger_target_dag to None, run_after=None
[2024-03-04T16:08:20.873+0000] {processor.py:183} INFO - Processing /home/airflow/.local/lib/python3.11/site-packages/airflow/example_dags/example_trigger_target_dag.py took 0.037 seconds
[2024-03-04T16:08:51.546+0000] {processor.py:161} INFO - Started process (PID=1878) to work on /home/airflow/.local/lib/python3.11/site-packages/airflow/example_dags/example_trigger_target_dag.py
[2024-03-04T16:08:51.548+0000] {processor.py:830} INFO - Processing file /home/airflow/.local/lib/python3.11/site-packages/airflow/example_dags/example_trigger_target_dag.py for tasks to queue
[2024-03-04T16:08:51.550+0000] {logging_mixin.py:188} INFO - [2024-03-04T16:08:51.549+0000] {dagbag.py:540} INFO - Filling up the DagBag from /home/airflow/.local/lib/python3.11/site-packages/airflow/example_dags/example_trigger_target_dag.py
[2024-03-04T16:08:51.555+0000] {processor.py:840} INFO - DAG(s) 'example_trigger_target_dag' retrieved from /home/airflow/.local/lib/python3.11/site-packages/airflow/example_dags/example_trigger_target_dag.py
[2024-03-04T16:08:51.566+0000] {logging_mixin.py:188} INFO - [2024-03-04T16:08:51.566+0000] {dag.py:3047} INFO - Sync 1 DAGs
[2024-03-04T16:08:51.572+0000] {logging_mixin.py:188} INFO - [2024-03-04T16:08:51.572+0000] {dag.py:3834} INFO - Setting next_dagrun for example_trigger_target_dag to None, run_after=None
[2024-03-04T16:08:51.580+0000] {processor.py:183} INFO - Processing /home/airflow/.local/lib/python3.11/site-packages/airflow/example_dags/example_trigger_target_dag.py took 0.038 seconds
[2024-03-04T16:09:22.098+0000] {processor.py:161} INFO - Started process (PID=1933) to work on /home/airflow/.local/lib/python3.11/site-packages/airflow/example_dags/example_trigger_target_dag.py
[2024-03-04T16:09:22.099+0000] {processor.py:830} INFO - Processing file /home/airflow/.local/lib/python3.11/site-packages/airflow/example_dags/example_trigger_target_dag.py for tasks to queue
[2024-03-04T16:09:22.101+0000] {logging_mixin.py:188} INFO - [2024-03-04T16:09:22.101+0000] {dagbag.py:540} INFO - Filling up the DagBag from /home/airflow/.local/lib/python3.11/site-packages/airflow/example_dags/example_trigger_target_dag.py
[2024-03-04T16:09:22.107+0000] {processor.py:840} INFO - DAG(s) 'example_trigger_target_dag' retrieved from /home/airflow/.local/lib/python3.11/site-packages/airflow/example_dags/example_trigger_target_dag.py
[2024-03-04T16:09:22.119+0000] {logging_mixin.py:188} INFO - [2024-03-04T16:09:22.119+0000] {dag.py:3047} INFO - Sync 1 DAGs
[2024-03-04T16:09:22.127+0000] {logging_mixin.py:188} INFO - [2024-03-04T16:09:22.127+0000] {dag.py:3834} INFO - Setting next_dagrun for example_trigger_target_dag to None, run_after=None
[2024-03-04T16:09:22.138+0000] {processor.py:183} INFO - Processing /home/airflow/.local/lib/python3.11/site-packages/airflow/example_dags/example_trigger_target_dag.py took 0.042 seconds
[2024-03-04T16:09:52.880+0000] {processor.py:161} INFO - Started process (PID=1988) to work on /home/airflow/.local/lib/python3.11/site-packages/airflow/example_dags/example_trigger_target_dag.py
[2024-03-04T16:09:52.883+0000] {processor.py:830} INFO - Processing file /home/airflow/.local/lib/python3.11/site-packages/airflow/example_dags/example_trigger_target_dag.py for tasks to queue
[2024-03-04T16:09:52.886+0000] {logging_mixin.py:188} INFO - [2024-03-04T16:09:52.886+0000] {dagbag.py:540} INFO - Filling up the DagBag from /home/airflow/.local/lib/python3.11/site-packages/airflow/example_dags/example_trigger_target_dag.py
[2024-03-04T16:09:52.895+0000] {processor.py:840} INFO - DAG(s) 'example_trigger_target_dag' retrieved from /home/airflow/.local/lib/python3.11/site-packages/airflow/example_dags/example_trigger_target_dag.py
[2024-03-04T16:09:52.912+0000] {logging_mixin.py:188} INFO - [2024-03-04T16:09:52.912+0000] {dag.py:3047} INFO - Sync 1 DAGs
[2024-03-04T16:09:52.920+0000] {logging_mixin.py:188} INFO - [2024-03-04T16:09:52.920+0000] {dag.py:3834} INFO - Setting next_dagrun for example_trigger_target_dag to None, run_after=None
[2024-03-04T16:09:52.929+0000] {processor.py:183} INFO - Processing /home/airflow/.local/lib/python3.11/site-packages/airflow/example_dags/example_trigger_target_dag.py took 0.053 seconds
[2024-03-04T16:10:23.429+0000] {processor.py:161} INFO - Started process (PID=2043) to work on /home/airflow/.local/lib/python3.11/site-packages/airflow/example_dags/example_trigger_target_dag.py
[2024-03-04T16:10:23.430+0000] {processor.py:830} INFO - Processing file /home/airflow/.local/lib/python3.11/site-packages/airflow/example_dags/example_trigger_target_dag.py for tasks to queue
[2024-03-04T16:10:23.432+0000] {logging_mixin.py:188} INFO - [2024-03-04T16:10:23.432+0000] {dagbag.py:540} INFO - Filling up the DagBag from /home/airflow/.local/lib/python3.11/site-packages/airflow/example_dags/example_trigger_target_dag.py
[2024-03-04T16:10:23.437+0000] {processor.py:840} INFO - DAG(s) 'example_trigger_target_dag' retrieved from /home/airflow/.local/lib/python3.11/site-packages/airflow/example_dags/example_trigger_target_dag.py
[2024-03-04T16:10:23.448+0000] {logging_mixin.py:188} INFO - [2024-03-04T16:10:23.448+0000] {dag.py:3047} INFO - Sync 1 DAGs
[2024-03-04T16:10:23.455+0000] {logging_mixin.py:188} INFO - [2024-03-04T16:10:23.455+0000] {dag.py:3834} INFO - Setting next_dagrun for example_trigger_target_dag to None, run_after=None
[2024-03-04T16:10:23.464+0000] {processor.py:183} INFO - Processing /home/airflow/.local/lib/python3.11/site-packages/airflow/example_dags/example_trigger_target_dag.py took 0.039 seconds
[2024-03-04T16:10:54.034+0000] {processor.py:161} INFO - Started process (PID=2098) to work on /home/airflow/.local/lib/python3.11/site-packages/airflow/example_dags/example_trigger_target_dag.py
[2024-03-04T16:10:54.035+0000] {processor.py:830} INFO - Processing file /home/airflow/.local/lib/python3.11/site-packages/airflow/example_dags/example_trigger_target_dag.py for tasks to queue
[2024-03-04T16:10:54.037+0000] {logging_mixin.py:188} INFO - [2024-03-04T16:10:54.037+0000] {dagbag.py:540} INFO - Filling up the DagBag from /home/airflow/.local/lib/python3.11/site-packages/airflow/example_dags/example_trigger_target_dag.py
[2024-03-04T16:10:54.043+0000] {processor.py:840} INFO - DAG(s) 'example_trigger_target_dag' retrieved from /home/airflow/.local/lib/python3.11/site-packages/airflow/example_dags/example_trigger_target_dag.py
[2024-03-04T16:10:54.055+0000] {logging_mixin.py:188} INFO - [2024-03-04T16:10:54.055+0000] {dag.py:3047} INFO - Sync 1 DAGs
[2024-03-04T16:10:54.062+0000] {logging_mixin.py:188} INFO - [2024-03-04T16:10:54.062+0000] {dag.py:3834} INFO - Setting next_dagrun for example_trigger_target_dag to None, run_after=None
[2024-03-04T16:10:54.069+0000] {processor.py:183} INFO - Processing /home/airflow/.local/lib/python3.11/site-packages/airflow/example_dags/example_trigger_target_dag.py took 0.040 seconds
[2024-03-04T16:11:24.801+0000] {processor.py:161} INFO - Started process (PID=2153) to work on /home/airflow/.local/lib/python3.11/site-packages/airflow/example_dags/example_trigger_target_dag.py
[2024-03-04T16:11:24.802+0000] {processor.py:830} INFO - Processing file /home/airflow/.local/lib/python3.11/site-packages/airflow/example_dags/example_trigger_target_dag.py for tasks to queue
[2024-03-04T16:11:24.804+0000] {logging_mixin.py:188} INFO - [2024-03-04T16:11:24.804+0000] {dagbag.py:540} INFO - Filling up the DagBag from /home/airflow/.local/lib/python3.11/site-packages/airflow/example_dags/example_trigger_target_dag.py
[2024-03-04T16:11:24.810+0000] {processor.py:840} INFO - DAG(s) 'example_trigger_target_dag' retrieved from /home/airflow/.local/lib/python3.11/site-packages/airflow/example_dags/example_trigger_target_dag.py
[2024-03-04T16:11:24.821+0000] {logging_mixin.py:188} INFO - [2024-03-04T16:11:24.821+0000] {dag.py:3047} INFO - Sync 1 DAGs
[2024-03-04T16:11:24.828+0000] {logging_mixin.py:188} INFO - [2024-03-04T16:11:24.828+0000] {dag.py:3834} INFO - Setting next_dagrun for example_trigger_target_dag to None, run_after=None
[2024-03-04T16:11:24.837+0000] {processor.py:183} INFO - Processing /home/airflow/.local/lib/python3.11/site-packages/airflow/example_dags/example_trigger_target_dag.py took 0.039 seconds
[2024-03-04T16:11:55.463+0000] {processor.py:161} INFO - Started process (PID=2208) to work on /home/airflow/.local/lib/python3.11/site-packages/airflow/example_dags/example_trigger_target_dag.py
[2024-03-04T16:11:55.464+0000] {processor.py:830} INFO - Processing file /home/airflow/.local/lib/python3.11/site-packages/airflow/example_dags/example_trigger_target_dag.py for tasks to queue
[2024-03-04T16:11:55.466+0000] {logging_mixin.py:188} INFO - [2024-03-04T16:11:55.466+0000] {dagbag.py:540} INFO - Filling up the DagBag from /home/airflow/.local/lib/python3.11/site-packages/airflow/example_dags/example_trigger_target_dag.py
[2024-03-04T16:11:55.472+0000] {processor.py:840} INFO - DAG(s) 'example_trigger_target_dag' retrieved from /home/airflow/.local/lib/python3.11/site-packages/airflow/example_dags/example_trigger_target_dag.py
[2024-03-04T16:11:55.484+0000] {logging_mixin.py:188} INFO - [2024-03-04T16:11:55.484+0000] {dag.py:3047} INFO - Sync 1 DAGs
[2024-03-04T16:11:55.490+0000] {logging_mixin.py:188} INFO - [2024-03-04T16:11:55.490+0000] {dag.py:3834} INFO - Setting next_dagrun for example_trigger_target_dag to None, run_after=None
[2024-03-04T16:11:55.499+0000] {processor.py:183} INFO - Processing /home/airflow/.local/lib/python3.11/site-packages/airflow/example_dags/example_trigger_target_dag.py took 0.040 seconds
[2024-03-04T16:12:26.160+0000] {processor.py:161} INFO - Started process (PID=2263) to work on /home/airflow/.local/lib/python3.11/site-packages/airflow/example_dags/example_trigger_target_dag.py
[2024-03-04T16:12:26.161+0000] {processor.py:830} INFO - Processing file /home/airflow/.local/lib/python3.11/site-packages/airflow/example_dags/example_trigger_target_dag.py for tasks to queue
[2024-03-04T16:12:26.162+0000] {logging_mixin.py:188} INFO - [2024-03-04T16:12:26.162+0000] {dagbag.py:540} INFO - Filling up the DagBag from /home/airflow/.local/lib/python3.11/site-packages/airflow/example_dags/example_trigger_target_dag.py
[2024-03-04T16:12:26.166+0000] {processor.py:840} INFO - DAG(s) 'example_trigger_target_dag' retrieved from /home/airflow/.local/lib/python3.11/site-packages/airflow/example_dags/example_trigger_target_dag.py
[2024-03-04T16:12:26.195+0000] {logging_mixin.py:188} INFO - [2024-03-04T16:12:26.194+0000] {dag.py:3047} INFO - Sync 1 DAGs
[2024-03-04T16:12:26.200+0000] {logging_mixin.py:188} INFO - [2024-03-04T16:12:26.200+0000] {dag.py:3834} INFO - Setting next_dagrun for example_trigger_target_dag to None, run_after=None
[2024-03-04T16:12:26.209+0000] {processor.py:183} INFO - Processing /home/airflow/.local/lib/python3.11/site-packages/airflow/example_dags/example_trigger_target_dag.py took 0.052 seconds
[2024-03-04T16:12:56.773+0000] {processor.py:161} INFO - Started process (PID=2318) to work on /home/airflow/.local/lib/python3.11/site-packages/airflow/example_dags/example_trigger_target_dag.py
[2024-03-04T16:12:56.774+0000] {processor.py:830} INFO - Processing file /home/airflow/.local/lib/python3.11/site-packages/airflow/example_dags/example_trigger_target_dag.py for tasks to queue
[2024-03-04T16:12:56.777+0000] {logging_mixin.py:188} INFO - [2024-03-04T16:12:56.777+0000] {dagbag.py:540} INFO - Filling up the DagBag from /home/airflow/.local/lib/python3.11/site-packages/airflow/example_dags/example_trigger_target_dag.py
[2024-03-04T16:12:56.783+0000] {processor.py:840} INFO - DAG(s) 'example_trigger_target_dag' retrieved from /home/airflow/.local/lib/python3.11/site-packages/airflow/example_dags/example_trigger_target_dag.py
[2024-03-04T16:12:56.795+0000] {logging_mixin.py:188} INFO - [2024-03-04T16:12:56.795+0000] {dag.py:3047} INFO - Sync 1 DAGs
[2024-03-04T16:12:56.801+0000] {logging_mixin.py:188} INFO - [2024-03-04T16:12:56.801+0000] {dag.py:3834} INFO - Setting next_dagrun for example_trigger_target_dag to None, run_after=None
[2024-03-04T16:12:56.809+0000] {processor.py:183} INFO - Processing /home/airflow/.local/lib/python3.11/site-packages/airflow/example_dags/example_trigger_target_dag.py took 0.040 seconds
[2024-03-04T16:13:27.413+0000] {processor.py:161} INFO - Started process (PID=2373) to work on /home/airflow/.local/lib/python3.11/site-packages/airflow/example_dags/example_trigger_target_dag.py
[2024-03-04T16:13:27.415+0000] {processor.py:830} INFO - Processing file /home/airflow/.local/lib/python3.11/site-packages/airflow/example_dags/example_trigger_target_dag.py for tasks to queue
[2024-03-04T16:13:27.416+0000] {logging_mixin.py:188} INFO - [2024-03-04T16:13:27.416+0000] {dagbag.py:540} INFO - Filling up the DagBag from /home/airflow/.local/lib/python3.11/site-packages/airflow/example_dags/example_trigger_target_dag.py
[2024-03-04T16:13:27.423+0000] {processor.py:840} INFO - DAG(s) 'example_trigger_target_dag' retrieved from /home/airflow/.local/lib/python3.11/site-packages/airflow/example_dags/example_trigger_target_dag.py
[2024-03-04T16:13:27.435+0000] {logging_mixin.py:188} INFO - [2024-03-04T16:13:27.435+0000] {dag.py:3047} INFO - Sync 1 DAGs
[2024-03-04T16:13:27.441+0000] {logging_mixin.py:188} INFO - [2024-03-04T16:13:27.441+0000] {dag.py:3834} INFO - Setting next_dagrun for example_trigger_target_dag to None, run_after=None
[2024-03-04T16:13:27.451+0000] {processor.py:183} INFO - Processing /home/airflow/.local/lib/python3.11/site-packages/airflow/example_dags/example_trigger_target_dag.py took 0.041 seconds
[2024-03-04T16:13:58.204+0000] {processor.py:161} INFO - Started process (PID=2428) to work on /home/airflow/.local/lib/python3.11/site-packages/airflow/example_dags/example_trigger_target_dag.py
[2024-03-04T16:13:58.206+0000] {processor.py:830} INFO - Processing file /home/airflow/.local/lib/python3.11/site-packages/airflow/example_dags/example_trigger_target_dag.py for tasks to queue
[2024-03-04T16:13:58.208+0000] {logging_mixin.py:188} INFO - [2024-03-04T16:13:58.207+0000] {dagbag.py:540} INFO - Filling up the DagBag from /home/airflow/.local/lib/python3.11/site-packages/airflow/example_dags/example_trigger_target_dag.py
[2024-03-04T16:13:58.216+0000] {processor.py:840} INFO - DAG(s) 'example_trigger_target_dag' retrieved from /home/airflow/.local/lib/python3.11/site-packages/airflow/example_dags/example_trigger_target_dag.py
[2024-03-04T16:13:58.232+0000] {logging_mixin.py:188} INFO - [2024-03-04T16:13:58.232+0000] {dag.py:3047} INFO - Sync 1 DAGs
[2024-03-04T16:13:58.238+0000] {logging_mixin.py:188} INFO - [2024-03-04T16:13:58.238+0000] {dag.py:3834} INFO - Setting next_dagrun for example_trigger_target_dag to None, run_after=None
[2024-03-04T16:13:58.246+0000] {processor.py:183} INFO - Processing /home/airflow/.local/lib/python3.11/site-packages/airflow/example_dags/example_trigger_target_dag.py took 0.046 seconds
[2024-03-04T16:14:28.938+0000] {processor.py:161} INFO - Started process (PID=2483) to work on /home/airflow/.local/lib/python3.11/site-packages/airflow/example_dags/example_trigger_target_dag.py
[2024-03-04T16:14:28.940+0000] {processor.py:830} INFO - Processing file /home/airflow/.local/lib/python3.11/site-packages/airflow/example_dags/example_trigger_target_dag.py for tasks to queue
[2024-03-04T16:14:28.941+0000] {logging_mixin.py:188} INFO - [2024-03-04T16:14:28.941+0000] {dagbag.py:540} INFO - Filling up the DagBag from /home/airflow/.local/lib/python3.11/site-packages/airflow/example_dags/example_trigger_target_dag.py
[2024-03-04T16:14:28.947+0000] {processor.py:840} INFO - DAG(s) 'example_trigger_target_dag' retrieved from /home/airflow/.local/lib/python3.11/site-packages/airflow/example_dags/example_trigger_target_dag.py
[2024-03-04T16:14:28.958+0000] {logging_mixin.py:188} INFO - [2024-03-04T16:14:28.958+0000] {dag.py:3047} INFO - Sync 1 DAGs
[2024-03-04T16:14:28.964+0000] {logging_mixin.py:188} INFO - [2024-03-04T16:14:28.964+0000] {dag.py:3834} INFO - Setting next_dagrun for example_trigger_target_dag to None, run_after=None
[2024-03-04T16:14:28.973+0000] {processor.py:183} INFO - Processing /home/airflow/.local/lib/python3.11/site-packages/airflow/example_dags/example_trigger_target_dag.py took 0.039 seconds
[2024-03-04T16:14:59.642+0000] {processor.py:161} INFO - Started process (PID=2538) to work on /home/airflow/.local/lib/python3.11/site-packages/airflow/example_dags/example_trigger_target_dag.py
[2024-03-04T16:14:59.644+0000] {processor.py:830} INFO - Processing file /home/airflow/.local/lib/python3.11/site-packages/airflow/example_dags/example_trigger_target_dag.py for tasks to queue
[2024-03-04T16:14:59.646+0000] {logging_mixin.py:188} INFO - [2024-03-04T16:14:59.646+0000] {dagbag.py:540} INFO - Filling up the DagBag from /home/airflow/.local/lib/python3.11/site-packages/airflow/example_dags/example_trigger_target_dag.py
[2024-03-04T16:14:59.651+0000] {processor.py:840} INFO - DAG(s) 'example_trigger_target_dag' retrieved from /home/airflow/.local/lib/python3.11/site-packages/airflow/example_dags/example_trigger_target_dag.py
[2024-03-04T16:14:59.663+0000] {logging_mixin.py:188} INFO - [2024-03-04T16:14:59.663+0000] {dag.py:3047} INFO - Sync 1 DAGs
[2024-03-04T16:14:59.669+0000] {logging_mixin.py:188} INFO - [2024-03-04T16:14:59.669+0000] {dag.py:3834} INFO - Setting next_dagrun for example_trigger_target_dag to None, run_after=None
[2024-03-04T16:14:59.678+0000] {processor.py:183} INFO - Processing /home/airflow/.local/lib/python3.11/site-packages/airflow/example_dags/example_trigger_target_dag.py took 0.039 seconds
[2024-03-04T16:15:30.172+0000] {processor.py:161} INFO - Started process (PID=2593) to work on /home/airflow/.local/lib/python3.11/site-packages/airflow/example_dags/example_trigger_target_dag.py
[2024-03-04T16:15:30.174+0000] {processor.py:830} INFO - Processing file /home/airflow/.local/lib/python3.11/site-packages/airflow/example_dags/example_trigger_target_dag.py for tasks to queue
[2024-03-04T16:15:30.176+0000] {logging_mixin.py:188} INFO - [2024-03-04T16:15:30.175+0000] {dagbag.py:540} INFO - Filling up the DagBag from /home/airflow/.local/lib/python3.11/site-packages/airflow/example_dags/example_trigger_target_dag.py
[2024-03-04T16:15:30.184+0000] {processor.py:840} INFO - DAG(s) 'example_trigger_target_dag' retrieved from /home/airflow/.local/lib/python3.11/site-packages/airflow/example_dags/example_trigger_target_dag.py
[2024-03-04T16:15:30.199+0000] {logging_mixin.py:188} INFO - [2024-03-04T16:15:30.199+0000] {dag.py:3047} INFO - Sync 1 DAGs
[2024-03-04T16:15:30.207+0000] {logging_mixin.py:188} INFO - [2024-03-04T16:15:30.206+0000] {dag.py:3834} INFO - Setting next_dagrun for example_trigger_target_dag to None, run_after=None
[2024-03-04T16:15:30.216+0000] {processor.py:183} INFO - Processing /home/airflow/.local/lib/python3.11/site-packages/airflow/example_dags/example_trigger_target_dag.py took 0.047 seconds
[2024-03-04T16:16:01.057+0000] {processor.py:161} INFO - Started process (PID=2648) to work on /home/airflow/.local/lib/python3.11/site-packages/airflow/example_dags/example_trigger_target_dag.py
[2024-03-04T16:16:01.060+0000] {processor.py:830} INFO - Processing file /home/airflow/.local/lib/python3.11/site-packages/airflow/example_dags/example_trigger_target_dag.py for tasks to queue
[2024-03-04T16:16:01.063+0000] {logging_mixin.py:188} INFO - [2024-03-04T16:16:01.062+0000] {dagbag.py:540} INFO - Filling up the DagBag from /home/airflow/.local/lib/python3.11/site-packages/airflow/example_dags/example_trigger_target_dag.py
[2024-03-04T16:16:01.068+0000] {processor.py:840} INFO - DAG(s) 'example_trigger_target_dag' retrieved from /home/airflow/.local/lib/python3.11/site-packages/airflow/example_dags/example_trigger_target_dag.py
[2024-03-04T16:16:01.078+0000] {logging_mixin.py:188} INFO - [2024-03-04T16:16:01.078+0000] {dag.py:3047} INFO - Sync 1 DAGs
[2024-03-04T16:16:01.085+0000] {logging_mixin.py:188} INFO - [2024-03-04T16:16:01.084+0000] {dag.py:3834} INFO - Setting next_dagrun for example_trigger_target_dag to None, run_after=None
[2024-03-04T16:16:01.092+0000] {processor.py:183} INFO - Processing /home/airflow/.local/lib/python3.11/site-packages/airflow/example_dags/example_trigger_target_dag.py took 0.038 seconds
[2024-03-04T16:16:31.272+0000] {processor.py:161} INFO - Started process (PID=2703) to work on /home/airflow/.local/lib/python3.11/site-packages/airflow/example_dags/example_trigger_target_dag.py
[2024-03-04T16:16:31.273+0000] {processor.py:830} INFO - Processing file /home/airflow/.local/lib/python3.11/site-packages/airflow/example_dags/example_trigger_target_dag.py for tasks to queue
[2024-03-04T16:16:31.275+0000] {logging_mixin.py:188} INFO - [2024-03-04T16:16:31.275+0000] {dagbag.py:540} INFO - Filling up the DagBag from /home/airflow/.local/lib/python3.11/site-packages/airflow/example_dags/example_trigger_target_dag.py
[2024-03-04T16:16:31.281+0000] {processor.py:840} INFO - DAG(s) 'example_trigger_target_dag' retrieved from /home/airflow/.local/lib/python3.11/site-packages/airflow/example_dags/example_trigger_target_dag.py
[2024-03-04T16:16:31.291+0000] {logging_mixin.py:188} INFO - [2024-03-04T16:16:31.291+0000] {dag.py:3047} INFO - Sync 1 DAGs
[2024-03-04T16:16:31.297+0000] {logging_mixin.py:188} INFO - [2024-03-04T16:16:31.297+0000] {dag.py:3834} INFO - Setting next_dagrun for example_trigger_target_dag to None, run_after=None
[2024-03-04T16:16:31.305+0000] {processor.py:183} INFO - Processing /home/airflow/.local/lib/python3.11/site-packages/airflow/example_dags/example_trigger_target_dag.py took 0.035 seconds
[2024-03-04T16:17:01.322+0000] {processor.py:161} INFO - Started process (PID=2758) to work on /home/airflow/.local/lib/python3.11/site-packages/airflow/example_dags/example_trigger_target_dag.py
[2024-03-04T16:17:01.322+0000] {processor.py:830} INFO - Processing file /home/airflow/.local/lib/python3.11/site-packages/airflow/example_dags/example_trigger_target_dag.py for tasks to queue
[2024-03-04T16:17:01.323+0000] {logging_mixin.py:188} INFO - [2024-03-04T16:17:01.323+0000] {dagbag.py:540} INFO - Filling up the DagBag from /home/airflow/.local/lib/python3.11/site-packages/airflow/example_dags/example_trigger_target_dag.py
[2024-03-04T16:17:01.326+0000] {processor.py:840} INFO - DAG(s) 'example_trigger_target_dag' retrieved from /home/airflow/.local/lib/python3.11/site-packages/airflow/example_dags/example_trigger_target_dag.py
[2024-03-04T16:17:01.335+0000] {logging_mixin.py:188} INFO - [2024-03-04T16:17:01.335+0000] {dag.py:3047} INFO - Sync 1 DAGs
[2024-03-04T16:17:01.339+0000] {logging_mixin.py:188} INFO - [2024-03-04T16:17:01.339+0000] {dag.py:3834} INFO - Setting next_dagrun for example_trigger_target_dag to None, run_after=None
[2024-03-04T16:17:01.346+0000] {processor.py:183} INFO - Processing /home/airflow/.local/lib/python3.11/site-packages/airflow/example_dags/example_trigger_target_dag.py took 0.026 seconds
[2024-03-04T16:17:32.199+0000] {processor.py:161} INFO - Started process (PID=2813) to work on /home/airflow/.local/lib/python3.11/site-packages/airflow/example_dags/example_trigger_target_dag.py
[2024-03-04T16:17:32.200+0000] {processor.py:830} INFO - Processing file /home/airflow/.local/lib/python3.11/site-packages/airflow/example_dags/example_trigger_target_dag.py for tasks to queue
[2024-03-04T16:17:32.201+0000] {logging_mixin.py:188} INFO - [2024-03-04T16:17:32.201+0000] {dagbag.py:540} INFO - Filling up the DagBag from /home/airflow/.local/lib/python3.11/site-packages/airflow/example_dags/example_trigger_target_dag.py
[2024-03-04T16:17:32.204+0000] {processor.py:840} INFO - DAG(s) 'example_trigger_target_dag' retrieved from /home/airflow/.local/lib/python3.11/site-packages/airflow/example_dags/example_trigger_target_dag.py
[2024-03-04T16:17:32.213+0000] {logging_mixin.py:188} INFO - [2024-03-04T16:17:32.213+0000] {dag.py:3047} INFO - Sync 1 DAGs
[2024-03-04T16:17:32.217+0000] {logging_mixin.py:188} INFO - [2024-03-04T16:17:32.217+0000] {dag.py:3834} INFO - Setting next_dagrun for example_trigger_target_dag to None, run_after=None
[2024-03-04T16:17:32.224+0000] {processor.py:183} INFO - Processing /home/airflow/.local/lib/python3.11/site-packages/airflow/example_dags/example_trigger_target_dag.py took 0.027 seconds
[2024-03-04T16:18:02.535+0000] {processor.py:161} INFO - Started process (PID=2868) to work on /home/airflow/.local/lib/python3.11/site-packages/airflow/example_dags/example_trigger_target_dag.py
[2024-03-04T16:18:02.535+0000] {processor.py:830} INFO - Processing file /home/airflow/.local/lib/python3.11/site-packages/airflow/example_dags/example_trigger_target_dag.py for tasks to queue
[2024-03-04T16:18:02.536+0000] {logging_mixin.py:188} INFO - [2024-03-04T16:18:02.536+0000] {dagbag.py:540} INFO - Filling up the DagBag from /home/airflow/.local/lib/python3.11/site-packages/airflow/example_dags/example_trigger_target_dag.py
[2024-03-04T16:18:02.539+0000] {processor.py:840} INFO - DAG(s) 'example_trigger_target_dag' retrieved from /home/airflow/.local/lib/python3.11/site-packages/airflow/example_dags/example_trigger_target_dag.py
[2024-03-04T16:18:02.547+0000] {logging_mixin.py:188} INFO - [2024-03-04T16:18:02.547+0000] {dag.py:3047} INFO - Sync 1 DAGs
[2024-03-04T16:18:02.551+0000] {logging_mixin.py:188} INFO - [2024-03-04T16:18:02.551+0000] {dag.py:3834} INFO - Setting next_dagrun for example_trigger_target_dag to None, run_after=None
[2024-03-04T16:18:02.559+0000] {processor.py:183} INFO - Processing /home/airflow/.local/lib/python3.11/site-packages/airflow/example_dags/example_trigger_target_dag.py took 0.026 seconds
[2024-03-04T16:18:32.943+0000] {processor.py:161} INFO - Started process (PID=2923) to work on /home/airflow/.local/lib/python3.11/site-packages/airflow/example_dags/example_trigger_target_dag.py
[2024-03-04T16:18:32.944+0000] {processor.py:830} INFO - Processing file /home/airflow/.local/lib/python3.11/site-packages/airflow/example_dags/example_trigger_target_dag.py for tasks to queue
[2024-03-04T16:18:32.944+0000] {logging_mixin.py:188} INFO - [2024-03-04T16:18:32.944+0000] {dagbag.py:540} INFO - Filling up the DagBag from /home/airflow/.local/lib/python3.11/site-packages/airflow/example_dags/example_trigger_target_dag.py
[2024-03-04T16:18:32.947+0000] {processor.py:840} INFO - DAG(s) 'example_trigger_target_dag' retrieved from /home/airflow/.local/lib/python3.11/site-packages/airflow/example_dags/example_trigger_target_dag.py
[2024-03-04T16:18:32.955+0000] {logging_mixin.py:188} INFO - [2024-03-04T16:18:32.955+0000] {dag.py:3047} INFO - Sync 1 DAGs
[2024-03-04T16:18:32.959+0000] {logging_mixin.py:188} INFO - [2024-03-04T16:18:32.959+0000] {dag.py:3834} INFO - Setting next_dagrun for example_trigger_target_dag to None, run_after=None
[2024-03-04T16:18:32.966+0000] {processor.py:183} INFO - Processing /home/airflow/.local/lib/python3.11/site-packages/airflow/example_dags/example_trigger_target_dag.py took 0.024 seconds
[2024-03-04T16:19:03.037+0000] {processor.py:161} INFO - Started process (PID=2978) to work on /home/airflow/.local/lib/python3.11/site-packages/airflow/example_dags/example_trigger_target_dag.py
[2024-03-04T16:19:03.038+0000] {processor.py:830} INFO - Processing file /home/airflow/.local/lib/python3.11/site-packages/airflow/example_dags/example_trigger_target_dag.py for tasks to queue
[2024-03-04T16:19:03.040+0000] {logging_mixin.py:188} INFO - [2024-03-04T16:19:03.040+0000] {dagbag.py:540} INFO - Filling up the DagBag from /home/airflow/.local/lib/python3.11/site-packages/airflow/example_dags/example_trigger_target_dag.py
[2024-03-04T16:19:03.044+0000] {processor.py:840} INFO - DAG(s) 'example_trigger_target_dag' retrieved from /home/airflow/.local/lib/python3.11/site-packages/airflow/example_dags/example_trigger_target_dag.py
[2024-03-04T16:19:03.065+0000] {logging_mixin.py:188} INFO - [2024-03-04T16:19:03.065+0000] {dag.py:3047} INFO - Sync 1 DAGs
[2024-03-04T16:19:03.071+0000] {logging_mixin.py:188} INFO - [2024-03-04T16:19:03.071+0000] {dag.py:3834} INFO - Setting next_dagrun for example_trigger_target_dag to None, run_after=None
[2024-03-04T16:19:03.078+0000] {processor.py:183} INFO - Processing /home/airflow/.local/lib/python3.11/site-packages/airflow/example_dags/example_trigger_target_dag.py took 0.044 seconds
[2024-03-04T16:19:33.269+0000] {processor.py:161} INFO - Started process (PID=3033) to work on /home/airflow/.local/lib/python3.11/site-packages/airflow/example_dags/example_trigger_target_dag.py
[2024-03-04T16:19:33.269+0000] {processor.py:830} INFO - Processing file /home/airflow/.local/lib/python3.11/site-packages/airflow/example_dags/example_trigger_target_dag.py for tasks to queue
[2024-03-04T16:19:33.270+0000] {logging_mixin.py:188} INFO - [2024-03-04T16:19:33.270+0000] {dagbag.py:540} INFO - Filling up the DagBag from /home/airflow/.local/lib/python3.11/site-packages/airflow/example_dags/example_trigger_target_dag.py
[2024-03-04T16:19:33.273+0000] {processor.py:840} INFO - DAG(s) 'example_trigger_target_dag' retrieved from /home/airflow/.local/lib/python3.11/site-packages/airflow/example_dags/example_trigger_target_dag.py
[2024-03-04T16:19:33.281+0000] {logging_mixin.py:188} INFO - [2024-03-04T16:19:33.281+0000] {dag.py:3047} INFO - Sync 1 DAGs
[2024-03-04T16:19:33.286+0000] {logging_mixin.py:188} INFO - [2024-03-04T16:19:33.286+0000] {dag.py:3834} INFO - Setting next_dagrun for example_trigger_target_dag to None, run_after=None
[2024-03-04T16:19:33.293+0000] {processor.py:183} INFO - Processing /home/airflow/.local/lib/python3.11/site-packages/airflow/example_dags/example_trigger_target_dag.py took 0.026 seconds
[2024-03-04T16:20:03.644+0000] {processor.py:161} INFO - Started process (PID=3088) to work on /home/airflow/.local/lib/python3.11/site-packages/airflow/example_dags/example_trigger_target_dag.py
[2024-03-04T16:20:03.645+0000] {processor.py:830} INFO - Processing file /home/airflow/.local/lib/python3.11/site-packages/airflow/example_dags/example_trigger_target_dag.py for tasks to queue
[2024-03-04T16:20:03.646+0000] {logging_mixin.py:188} INFO - [2024-03-04T16:20:03.646+0000] {dagbag.py:540} INFO - Filling up the DagBag from /home/airflow/.local/lib/python3.11/site-packages/airflow/example_dags/example_trigger_target_dag.py
[2024-03-04T16:20:03.650+0000] {processor.py:840} INFO - DAG(s) 'example_trigger_target_dag' retrieved from /home/airflow/.local/lib/python3.11/site-packages/airflow/example_dags/example_trigger_target_dag.py
[2024-03-04T16:20:03.661+0000] {logging_mixin.py:188} INFO - [2024-03-04T16:20:03.660+0000] {dag.py:3047} INFO - Sync 1 DAGs
[2024-03-04T16:20:03.666+0000] {logging_mixin.py:188} INFO - [2024-03-04T16:20:03.666+0000] {dag.py:3834} INFO - Setting next_dagrun for example_trigger_target_dag to None, run_after=None
[2024-03-04T16:20:03.674+0000] {processor.py:183} INFO - Processing /home/airflow/.local/lib/python3.11/site-packages/airflow/example_dags/example_trigger_target_dag.py took 0.032 seconds
[2024-03-04T16:20:34.094+0000] {processor.py:161} INFO - Started process (PID=3143) to work on /home/airflow/.local/lib/python3.11/site-packages/airflow/example_dags/example_trigger_target_dag.py
[2024-03-04T16:20:34.095+0000] {processor.py:830} INFO - Processing file /home/airflow/.local/lib/python3.11/site-packages/airflow/example_dags/example_trigger_target_dag.py for tasks to queue
[2024-03-04T16:20:34.096+0000] {logging_mixin.py:188} INFO - [2024-03-04T16:20:34.096+0000] {dagbag.py:540} INFO - Filling up the DagBag from /home/airflow/.local/lib/python3.11/site-packages/airflow/example_dags/example_trigger_target_dag.py
[2024-03-04T16:20:34.099+0000] {processor.py:840} INFO - DAG(s) 'example_trigger_target_dag' retrieved from /home/airflow/.local/lib/python3.11/site-packages/airflow/example_dags/example_trigger_target_dag.py
[2024-03-04T16:20:34.107+0000] {logging_mixin.py:188} INFO - [2024-03-04T16:20:34.107+0000] {dag.py:3047} INFO - Sync 1 DAGs
[2024-03-04T16:20:34.113+0000] {logging_mixin.py:188} INFO - [2024-03-04T16:20:34.113+0000] {dag.py:3834} INFO - Setting next_dagrun for example_trigger_target_dag to None, run_after=None
[2024-03-04T16:20:34.121+0000] {processor.py:183} INFO - Processing /home/airflow/.local/lib/python3.11/site-packages/airflow/example_dags/example_trigger_target_dag.py took 0.028 seconds
[2024-03-04T16:21:04.345+0000] {processor.py:161} INFO - Started process (PID=3198) to work on /home/airflow/.local/lib/python3.11/site-packages/airflow/example_dags/example_trigger_target_dag.py
[2024-03-04T16:21:04.346+0000] {processor.py:830} INFO - Processing file /home/airflow/.local/lib/python3.11/site-packages/airflow/example_dags/example_trigger_target_dag.py for tasks to queue
[2024-03-04T16:21:04.348+0000] {logging_mixin.py:188} INFO - [2024-03-04T16:21:04.347+0000] {dagbag.py:540} INFO - Filling up the DagBag from /home/airflow/.local/lib/python3.11/site-packages/airflow/example_dags/example_trigger_target_dag.py
[2024-03-04T16:21:04.352+0000] {processor.py:840} INFO - DAG(s) 'example_trigger_target_dag' retrieved from /home/airflow/.local/lib/python3.11/site-packages/airflow/example_dags/example_trigger_target_dag.py
[2024-03-04T16:21:04.363+0000] {logging_mixin.py:188} INFO - [2024-03-04T16:21:04.363+0000] {dag.py:3047} INFO - Sync 1 DAGs
[2024-03-04T16:21:04.368+0000] {logging_mixin.py:188} INFO - [2024-03-04T16:21:04.368+0000] {dag.py:3834} INFO - Setting next_dagrun for example_trigger_target_dag to None, run_after=None
[2024-03-04T16:21:04.375+0000] {processor.py:183} INFO - Processing /home/airflow/.local/lib/python3.11/site-packages/airflow/example_dags/example_trigger_target_dag.py took 0.032 seconds
[2024-03-04T16:21:34.554+0000] {processor.py:161} INFO - Started process (PID=3253) to work on /home/airflow/.local/lib/python3.11/site-packages/airflow/example_dags/example_trigger_target_dag.py
[2024-03-04T16:21:34.554+0000] {processor.py:830} INFO - Processing file /home/airflow/.local/lib/python3.11/site-packages/airflow/example_dags/example_trigger_target_dag.py for tasks to queue
[2024-03-04T16:21:34.555+0000] {logging_mixin.py:188} INFO - [2024-03-04T16:21:34.555+0000] {dagbag.py:540} INFO - Filling up the DagBag from /home/airflow/.local/lib/python3.11/site-packages/airflow/example_dags/example_trigger_target_dag.py
[2024-03-04T16:21:34.558+0000] {processor.py:840} INFO - DAG(s) 'example_trigger_target_dag' retrieved from /home/airflow/.local/lib/python3.11/site-packages/airflow/example_dags/example_trigger_target_dag.py
[2024-03-04T16:21:34.566+0000] {logging_mixin.py:188} INFO - [2024-03-04T16:21:34.566+0000] {dag.py:3047} INFO - Sync 1 DAGs
[2024-03-04T16:21:34.571+0000] {logging_mixin.py:188} INFO - [2024-03-04T16:21:34.571+0000] {dag.py:3834} INFO - Setting next_dagrun for example_trigger_target_dag to None, run_after=None
[2024-03-04T16:21:34.583+0000] {processor.py:183} INFO - Processing /home/airflow/.local/lib/python3.11/site-packages/airflow/example_dags/example_trigger_target_dag.py took 0.030 seconds
[2024-03-04T16:22:04.910+0000] {processor.py:161} INFO - Started process (PID=3308) to work on /home/airflow/.local/lib/python3.11/site-packages/airflow/example_dags/example_trigger_target_dag.py
[2024-03-04T16:22:04.911+0000] {processor.py:830} INFO - Processing file /home/airflow/.local/lib/python3.11/site-packages/airflow/example_dags/example_trigger_target_dag.py for tasks to queue
[2024-03-04T16:22:04.911+0000] {logging_mixin.py:188} INFO - [2024-03-04T16:22:04.911+0000] {dagbag.py:540} INFO - Filling up the DagBag from /home/airflow/.local/lib/python3.11/site-packages/airflow/example_dags/example_trigger_target_dag.py
[2024-03-04T16:22:04.914+0000] {processor.py:840} INFO - DAG(s) 'example_trigger_target_dag' retrieved from /home/airflow/.local/lib/python3.11/site-packages/airflow/example_dags/example_trigger_target_dag.py
[2024-03-04T16:22:04.923+0000] {logging_mixin.py:188} INFO - [2024-03-04T16:22:04.923+0000] {dag.py:3047} INFO - Sync 1 DAGs
[2024-03-04T16:22:04.928+0000] {logging_mixin.py:188} INFO - [2024-03-04T16:22:04.928+0000] {dag.py:3834} INFO - Setting next_dagrun for example_trigger_target_dag to None, run_after=None
[2024-03-04T16:22:04.934+0000] {processor.py:183} INFO - Processing /home/airflow/.local/lib/python3.11/site-packages/airflow/example_dags/example_trigger_target_dag.py took 0.026 seconds
[2024-03-04T16:22:35.147+0000] {processor.py:161} INFO - Started process (PID=3363) to work on /home/airflow/.local/lib/python3.11/site-packages/airflow/example_dags/example_trigger_target_dag.py
[2024-03-04T16:22:35.147+0000] {processor.py:830} INFO - Processing file /home/airflow/.local/lib/python3.11/site-packages/airflow/example_dags/example_trigger_target_dag.py for tasks to queue
[2024-03-04T16:22:35.148+0000] {logging_mixin.py:188} INFO - [2024-03-04T16:22:35.148+0000] {dagbag.py:540} INFO - Filling up the DagBag from /home/airflow/.local/lib/python3.11/site-packages/airflow/example_dags/example_trigger_target_dag.py
[2024-03-04T16:22:35.151+0000] {processor.py:840} INFO - DAG(s) 'example_trigger_target_dag' retrieved from /home/airflow/.local/lib/python3.11/site-packages/airflow/example_dags/example_trigger_target_dag.py
[2024-03-04T16:22:35.159+0000] {logging_mixin.py:188} INFO - [2024-03-04T16:22:35.159+0000] {dag.py:3047} INFO - Sync 1 DAGs
[2024-03-04T16:22:35.163+0000] {logging_mixin.py:188} INFO - [2024-03-04T16:22:35.163+0000] {dag.py:3834} INFO - Setting next_dagrun for example_trigger_target_dag to None, run_after=None
[2024-03-04T16:22:35.169+0000] {processor.py:183} INFO - Processing /home/airflow/.local/lib/python3.11/site-packages/airflow/example_dags/example_trigger_target_dag.py took 0.024 seconds
[2024-03-04T16:23:05.369+0000] {processor.py:161} INFO - Started process (PID=3418) to work on /home/airflow/.local/lib/python3.11/site-packages/airflow/example_dags/example_trigger_target_dag.py
[2024-03-04T16:23:05.370+0000] {processor.py:830} INFO - Processing file /home/airflow/.local/lib/python3.11/site-packages/airflow/example_dags/example_trigger_target_dag.py for tasks to queue
[2024-03-04T16:23:05.371+0000] {logging_mixin.py:188} INFO - [2024-03-04T16:23:05.370+0000] {dagbag.py:540} INFO - Filling up the DagBag from /home/airflow/.local/lib/python3.11/site-packages/airflow/example_dags/example_trigger_target_dag.py
[2024-03-04T16:23:05.374+0000] {processor.py:840} INFO - DAG(s) 'example_trigger_target_dag' retrieved from /home/airflow/.local/lib/python3.11/site-packages/airflow/example_dags/example_trigger_target_dag.py
[2024-03-04T16:23:05.382+0000] {logging_mixin.py:188} INFO - [2024-03-04T16:23:05.382+0000] {dag.py:3047} INFO - Sync 1 DAGs
[2024-03-04T16:23:05.388+0000] {logging_mixin.py:188} INFO - [2024-03-04T16:23:05.388+0000] {dag.py:3834} INFO - Setting next_dagrun for example_trigger_target_dag to None, run_after=None
[2024-03-04T16:23:05.394+0000] {processor.py:183} INFO - Processing /home/airflow/.local/lib/python3.11/site-packages/airflow/example_dags/example_trigger_target_dag.py took 0.027 seconds
[2024-03-04T16:23:35.985+0000] {processor.py:161} INFO - Started process (PID=3472) to work on /home/airflow/.local/lib/python3.11/site-packages/airflow/example_dags/example_trigger_target_dag.py
[2024-03-04T16:23:35.986+0000] {processor.py:830} INFO - Processing file /home/airflow/.local/lib/python3.11/site-packages/airflow/example_dags/example_trigger_target_dag.py for tasks to queue
[2024-03-04T16:23:35.987+0000] {logging_mixin.py:188} INFO - [2024-03-04T16:23:35.987+0000] {dagbag.py:540} INFO - Filling up the DagBag from /home/airflow/.local/lib/python3.11/site-packages/airflow/example_dags/example_trigger_target_dag.py
[2024-03-04T16:23:35.991+0000] {processor.py:840} INFO - DAG(s) 'example_trigger_target_dag' retrieved from /home/airflow/.local/lib/python3.11/site-packages/airflow/example_dags/example_trigger_target_dag.py
[2024-03-04T16:23:36.004+0000] {logging_mixin.py:188} INFO - [2024-03-04T16:23:36.004+0000] {dag.py:3047} INFO - Sync 1 DAGs
[2024-03-04T16:23:36.009+0000] {logging_mixin.py:188} INFO - [2024-03-04T16:23:36.009+0000] {dag.py:3834} INFO - Setting next_dagrun for example_trigger_target_dag to None, run_after=None
[2024-03-04T16:23:36.016+0000] {processor.py:183} INFO - Processing /home/airflow/.local/lib/python3.11/site-packages/airflow/example_dags/example_trigger_target_dag.py took 0.033 seconds
[2024-03-04T16:24:06.810+0000] {processor.py:161} INFO - Started process (PID=3527) to work on /home/airflow/.local/lib/python3.11/site-packages/airflow/example_dags/example_trigger_target_dag.py
[2024-03-04T16:24:06.811+0000] {processor.py:830} INFO - Processing file /home/airflow/.local/lib/python3.11/site-packages/airflow/example_dags/example_trigger_target_dag.py for tasks to queue
[2024-03-04T16:24:06.813+0000] {logging_mixin.py:188} INFO - [2024-03-04T16:24:06.813+0000] {dagbag.py:540} INFO - Filling up the DagBag from /home/airflow/.local/lib/python3.11/site-packages/airflow/example_dags/example_trigger_target_dag.py
[2024-03-04T16:24:06.818+0000] {processor.py:840} INFO - DAG(s) 'example_trigger_target_dag' retrieved from /home/airflow/.local/lib/python3.11/site-packages/airflow/example_dags/example_trigger_target_dag.py
[2024-03-04T16:24:06.859+0000] {logging_mixin.py:188} INFO - [2024-03-04T16:24:06.859+0000] {dag.py:3047} INFO - Sync 1 DAGs
[2024-03-04T16:24:06.870+0000] {logging_mixin.py:188} INFO - [2024-03-04T16:24:06.870+0000] {dag.py:3834} INFO - Setting next_dagrun for example_trigger_target_dag to None, run_after=None
[2024-03-04T16:24:06.878+0000] {processor.py:183} INFO - Processing /home/airflow/.local/lib/python3.11/site-packages/airflow/example_dags/example_trigger_target_dag.py took 0.072 seconds
[2024-03-04T16:24:37.640+0000] {processor.py:161} INFO - Started process (PID=3582) to work on /home/airflow/.local/lib/python3.11/site-packages/airflow/example_dags/example_trigger_target_dag.py
[2024-03-04T16:24:37.642+0000] {processor.py:830} INFO - Processing file /home/airflow/.local/lib/python3.11/site-packages/airflow/example_dags/example_trigger_target_dag.py for tasks to queue
[2024-03-04T16:24:37.645+0000] {logging_mixin.py:188} INFO - [2024-03-04T16:24:37.645+0000] {dagbag.py:540} INFO - Filling up the DagBag from /home/airflow/.local/lib/python3.11/site-packages/airflow/example_dags/example_trigger_target_dag.py
[2024-03-04T16:24:37.662+0000] {processor.py:840} INFO - DAG(s) 'example_trigger_target_dag' retrieved from /home/airflow/.local/lib/python3.11/site-packages/airflow/example_dags/example_trigger_target_dag.py
[2024-03-04T16:24:37.686+0000] {logging_mixin.py:188} INFO - [2024-03-04T16:24:37.686+0000] {dag.py:3047} INFO - Sync 1 DAGs
[2024-03-04T16:24:37.698+0000] {logging_mixin.py:188} INFO - [2024-03-04T16:24:37.698+0000] {dag.py:3834} INFO - Setting next_dagrun for example_trigger_target_dag to None, run_after=None
[2024-03-04T16:24:37.708+0000] {processor.py:183} INFO - Processing /home/airflow/.local/lib/python3.11/site-packages/airflow/example_dags/example_trigger_target_dag.py took 0.071 seconds
[2024-03-04T16:25:07.750+0000] {processor.py:161} INFO - Started process (PID=3637) to work on /home/airflow/.local/lib/python3.11/site-packages/airflow/example_dags/example_trigger_target_dag.py
[2024-03-04T16:25:07.751+0000] {processor.py:830} INFO - Processing file /home/airflow/.local/lib/python3.11/site-packages/airflow/example_dags/example_trigger_target_dag.py for tasks to queue
[2024-03-04T16:25:07.752+0000] {logging_mixin.py:188} INFO - [2024-03-04T16:25:07.752+0000] {dagbag.py:540} INFO - Filling up the DagBag from /home/airflow/.local/lib/python3.11/site-packages/airflow/example_dags/example_trigger_target_dag.py
[2024-03-04T16:25:07.755+0000] {processor.py:840} INFO - DAG(s) 'example_trigger_target_dag' retrieved from /home/airflow/.local/lib/python3.11/site-packages/airflow/example_dags/example_trigger_target_dag.py
[2024-03-04T16:25:07.763+0000] {logging_mixin.py:188} INFO - [2024-03-04T16:25:07.763+0000] {dag.py:3047} INFO - Sync 1 DAGs
[2024-03-04T16:25:07.768+0000] {logging_mixin.py:188} INFO - [2024-03-04T16:25:07.768+0000] {dag.py:3834} INFO - Setting next_dagrun for example_trigger_target_dag to None, run_after=None
[2024-03-04T16:25:07.774+0000] {processor.py:183} INFO - Processing /home/airflow/.local/lib/python3.11/site-packages/airflow/example_dags/example_trigger_target_dag.py took 0.026 seconds
[2024-03-04T16:25:38.536+0000] {processor.py:161} INFO - Started process (PID=3692) to work on /home/airflow/.local/lib/python3.11/site-packages/airflow/example_dags/example_trigger_target_dag.py
[2024-03-04T16:25:38.536+0000] {processor.py:830} INFO - Processing file /home/airflow/.local/lib/python3.11/site-packages/airflow/example_dags/example_trigger_target_dag.py for tasks to queue
[2024-03-04T16:25:38.539+0000] {logging_mixin.py:188} INFO - [2024-03-04T16:25:38.538+0000] {dagbag.py:540} INFO - Filling up the DagBag from /home/airflow/.local/lib/python3.11/site-packages/airflow/example_dags/example_trigger_target_dag.py
[2024-03-04T16:25:38.544+0000] {processor.py:840} INFO - DAG(s) 'example_trigger_target_dag' retrieved from /home/airflow/.local/lib/python3.11/site-packages/airflow/example_dags/example_trigger_target_dag.py
[2024-03-04T16:25:38.554+0000] {logging_mixin.py:188} INFO - [2024-03-04T16:25:38.554+0000] {dag.py:3047} INFO - Sync 1 DAGs
[2024-03-04T16:25:38.559+0000] {logging_mixin.py:188} INFO - [2024-03-04T16:25:38.559+0000] {dag.py:3834} INFO - Setting next_dagrun for example_trigger_target_dag to None, run_after=None
[2024-03-04T16:25:38.567+0000] {processor.py:183} INFO - Processing /home/airflow/.local/lib/python3.11/site-packages/airflow/example_dags/example_trigger_target_dag.py took 0.033 seconds
[2024-03-04T16:26:09.669+0000] {processor.py:161} INFO - Started process (PID=3747) to work on /home/airflow/.local/lib/python3.11/site-packages/airflow/example_dags/example_trigger_target_dag.py
[2024-03-04T16:26:09.671+0000] {processor.py:830} INFO - Processing file /home/airflow/.local/lib/python3.11/site-packages/airflow/example_dags/example_trigger_target_dag.py for tasks to queue
[2024-03-04T16:26:09.673+0000] {logging_mixin.py:188} INFO - [2024-03-04T16:26:09.673+0000] {dagbag.py:540} INFO - Filling up the DagBag from /home/airflow/.local/lib/python3.11/site-packages/airflow/example_dags/example_trigger_target_dag.py
[2024-03-04T16:26:09.679+0000] {processor.py:840} INFO - DAG(s) 'example_trigger_target_dag' retrieved from /home/airflow/.local/lib/python3.11/site-packages/airflow/example_dags/example_trigger_target_dag.py
[2024-03-04T16:26:09.692+0000] {logging_mixin.py:188} INFO - [2024-03-04T16:26:09.692+0000] {dag.py:3047} INFO - Sync 1 DAGs
[2024-03-04T16:26:09.699+0000] {logging_mixin.py:188} INFO - [2024-03-04T16:26:09.699+0000] {dag.py:3834} INFO - Setting next_dagrun for example_trigger_target_dag to None, run_after=None
[2024-03-04T16:26:09.710+0000] {processor.py:183} INFO - Processing /home/airflow/.local/lib/python3.11/site-packages/airflow/example_dags/example_trigger_target_dag.py took 0.046 seconds
[2024-03-04T16:26:39.930+0000] {processor.py:161} INFO - Started process (PID=3802) to work on /home/airflow/.local/lib/python3.11/site-packages/airflow/example_dags/example_trigger_target_dag.py
[2024-03-04T16:26:39.931+0000] {processor.py:830} INFO - Processing file /home/airflow/.local/lib/python3.11/site-packages/airflow/example_dags/example_trigger_target_dag.py for tasks to queue
[2024-03-04T16:26:39.932+0000] {logging_mixin.py:188} INFO - [2024-03-04T16:26:39.932+0000] {dagbag.py:540} INFO - Filling up the DagBag from /home/airflow/.local/lib/python3.11/site-packages/airflow/example_dags/example_trigger_target_dag.py
[2024-03-04T16:26:39.935+0000] {processor.py:840} INFO - DAG(s) 'example_trigger_target_dag' retrieved from /home/airflow/.local/lib/python3.11/site-packages/airflow/example_dags/example_trigger_target_dag.py
[2024-03-04T16:26:39.943+0000] {logging_mixin.py:188} INFO - [2024-03-04T16:26:39.943+0000] {dag.py:3047} INFO - Sync 1 DAGs
[2024-03-04T16:26:39.948+0000] {logging_mixin.py:188} INFO - [2024-03-04T16:26:39.948+0000] {dag.py:3834} INFO - Setting next_dagrun for example_trigger_target_dag to None, run_after=None
[2024-03-04T16:26:39.955+0000] {processor.py:183} INFO - Processing /home/airflow/.local/lib/python3.11/site-packages/airflow/example_dags/example_trigger_target_dag.py took 0.026 seconds
[2024-03-04T16:27:10.790+0000] {processor.py:161} INFO - Started process (PID=3857) to work on /home/airflow/.local/lib/python3.11/site-packages/airflow/example_dags/example_trigger_target_dag.py
[2024-03-04T16:27:10.791+0000] {processor.py:830} INFO - Processing file /home/airflow/.local/lib/python3.11/site-packages/airflow/example_dags/example_trigger_target_dag.py for tasks to queue
[2024-03-04T16:27:10.792+0000] {logging_mixin.py:188} INFO - [2024-03-04T16:27:10.792+0000] {dagbag.py:540} INFO - Filling up the DagBag from /home/airflow/.local/lib/python3.11/site-packages/airflow/example_dags/example_trigger_target_dag.py
[2024-03-04T16:27:10.794+0000] {processor.py:840} INFO - DAG(s) 'example_trigger_target_dag' retrieved from /home/airflow/.local/lib/python3.11/site-packages/airflow/example_dags/example_trigger_target_dag.py
[2024-03-04T16:27:10.802+0000] {logging_mixin.py:188} INFO - [2024-03-04T16:27:10.802+0000] {dag.py:3047} INFO - Sync 1 DAGs
[2024-03-04T16:27:10.807+0000] {logging_mixin.py:188} INFO - [2024-03-04T16:27:10.806+0000] {dag.py:3834} INFO - Setting next_dagrun for example_trigger_target_dag to None, run_after=None
[2024-03-04T16:27:10.813+0000] {processor.py:183} INFO - Processing /home/airflow/.local/lib/python3.11/site-packages/airflow/example_dags/example_trigger_target_dag.py took 0.024 seconds
[2024-03-04T16:27:41.087+0000] {processor.py:161} INFO - Started process (PID=3912) to work on /home/airflow/.local/lib/python3.11/site-packages/airflow/example_dags/example_trigger_target_dag.py
[2024-03-04T16:27:41.087+0000] {processor.py:830} INFO - Processing file /home/airflow/.local/lib/python3.11/site-packages/airflow/example_dags/example_trigger_target_dag.py for tasks to queue
[2024-03-04T16:27:41.088+0000] {logging_mixin.py:188} INFO - [2024-03-04T16:27:41.088+0000] {dagbag.py:540} INFO - Filling up the DagBag from /home/airflow/.local/lib/python3.11/site-packages/airflow/example_dags/example_trigger_target_dag.py
[2024-03-04T16:27:41.091+0000] {processor.py:840} INFO - DAG(s) 'example_trigger_target_dag' retrieved from /home/airflow/.local/lib/python3.11/site-packages/airflow/example_dags/example_trigger_target_dag.py
[2024-03-04T16:27:41.107+0000] {logging_mixin.py:188} INFO - [2024-03-04T16:27:41.106+0000] {dag.py:3047} INFO - Sync 1 DAGs
[2024-03-04T16:27:41.115+0000] {logging_mixin.py:188} INFO - [2024-03-04T16:27:41.115+0000] {dag.py:3834} INFO - Setting next_dagrun for example_trigger_target_dag to None, run_after=None
[2024-03-04T16:27:41.134+0000] {processor.py:183} INFO - Processing /home/airflow/.local/lib/python3.11/site-packages/airflow/example_dags/example_trigger_target_dag.py took 0.049 seconds
[2024-03-04T16:28:11.342+0000] {processor.py:161} INFO - Started process (PID=3967) to work on /home/airflow/.local/lib/python3.11/site-packages/airflow/example_dags/example_trigger_target_dag.py
[2024-03-04T16:28:11.343+0000] {processor.py:830} INFO - Processing file /home/airflow/.local/lib/python3.11/site-packages/airflow/example_dags/example_trigger_target_dag.py for tasks to queue
[2024-03-04T16:28:11.344+0000] {logging_mixin.py:188} INFO - [2024-03-04T16:28:11.343+0000] {dagbag.py:540} INFO - Filling up the DagBag from /home/airflow/.local/lib/python3.11/site-packages/airflow/example_dags/example_trigger_target_dag.py
[2024-03-04T16:28:11.348+0000] {processor.py:840} INFO - DAG(s) 'example_trigger_target_dag' retrieved from /home/airflow/.local/lib/python3.11/site-packages/airflow/example_dags/example_trigger_target_dag.py
[2024-03-04T16:28:11.367+0000] {logging_mixin.py:188} INFO - [2024-03-04T16:28:11.367+0000] {dag.py:3047} INFO - Sync 1 DAGs
[2024-03-04T16:28:11.373+0000] {logging_mixin.py:188} INFO - [2024-03-04T16:28:11.373+0000] {dag.py:3834} INFO - Setting next_dagrun for example_trigger_target_dag to None, run_after=None
[2024-03-04T16:28:11.380+0000] {processor.py:183} INFO - Processing /home/airflow/.local/lib/python3.11/site-packages/airflow/example_dags/example_trigger_target_dag.py took 0.039 seconds
