[2024-03-04T15:51:55.802+0000] {processor.py:161} INFO - Started process (PID=48) to work on /home/airflow/.local/lib/python3.11/site-packages/airflow/example_dags/example_dag_decorator.py
[2024-03-04T15:51:55.803+0000] {processor.py:830} INFO - Processing file /home/airflow/.local/lib/python3.11/site-packages/airflow/example_dags/example_dag_decorator.py for tasks to queue
[2024-03-04T15:51:55.806+0000] {logging_mixin.py:188} INFO - [2024-03-04T15:51:55.805+0000] {dagbag.py:540} INFO - Filling up the DagBag from /home/airflow/.local/lib/python3.11/site-packages/airflow/example_dags/example_dag_decorator.py
[2024-03-04T15:51:56.098+0000] {processor.py:840} INFO - DAG(s) 'example_dag_decorator' retrieved from /home/airflow/.local/lib/python3.11/site-packages/airflow/example_dags/example_dag_decorator.py
[2024-03-04T15:51:56.230+0000] {logging_mixin.py:188} INFO - [2024-03-04T15:51:56.229+0000] {override.py:1769} INFO - Created Permission View: can read on DAG:example_dag_decorator
[2024-03-04T15:51:56.238+0000] {logging_mixin.py:188} INFO - [2024-03-04T15:51:56.237+0000] {override.py:1769} INFO - Created Permission View: can delete on DAG:example_dag_decorator
[2024-03-04T15:51:56.244+0000] {logging_mixin.py:188} INFO - [2024-03-04T15:51:56.243+0000] {override.py:1769} INFO - Created Permission View: can edit on DAG:example_dag_decorator
[2024-03-04T15:51:56.245+0000] {logging_mixin.py:188} INFO - [2024-03-04T15:51:56.245+0000] {dag.py:3047} INFO - Sync 1 DAGs
[2024-03-04T15:51:56.278+0000] {logging_mixin.py:188} INFO - [2024-03-04T15:51:56.277+0000] {dag.py:3069} INFO - Creating ORM DAG for example_dag_decorator
[2024-03-04T15:51:56.279+0000] {logging_mixin.py:188} INFO - [2024-03-04T15:51:56.279+0000] {dag.py:3834} INFO - Setting next_dagrun for example_dag_decorator to None, run_after=None
[2024-03-04T15:51:56.292+0000] {processor.py:183} INFO - Processing /home/airflow/.local/lib/python3.11/site-packages/airflow/example_dags/example_dag_decorator.py took 0.498 seconds
[2024-03-04T15:52:26.806+0000] {processor.py:161} INFO - Started process (PID=103) to work on /home/airflow/.local/lib/python3.11/site-packages/airflow/example_dags/example_dag_decorator.py
[2024-03-04T15:52:26.807+0000] {processor.py:830} INFO - Processing file /home/airflow/.local/lib/python3.11/site-packages/airflow/example_dags/example_dag_decorator.py for tasks to queue
[2024-03-04T15:52:26.808+0000] {logging_mixin.py:188} INFO - [2024-03-04T15:52:26.808+0000] {dagbag.py:540} INFO - Filling up the DagBag from /home/airflow/.local/lib/python3.11/site-packages/airflow/example_dags/example_dag_decorator.py
[2024-03-04T15:52:26.867+0000] {processor.py:840} INFO - DAG(s) 'example_dag_decorator' retrieved from /home/airflow/.local/lib/python3.11/site-packages/airflow/example_dags/example_dag_decorator.py
[2024-03-04T15:52:26.955+0000] {logging_mixin.py:188} INFO - [2024-03-04T15:52:26.955+0000] {dag.py:3047} INFO - Sync 1 DAGs
[2024-03-04T15:52:26.963+0000] {logging_mixin.py:188} INFO - [2024-03-04T15:52:26.963+0000] {dag.py:3834} INFO - Setting next_dagrun for example_dag_decorator to None, run_after=None
[2024-03-04T15:52:26.976+0000] {processor.py:183} INFO - Processing /home/airflow/.local/lib/python3.11/site-packages/airflow/example_dags/example_dag_decorator.py took 0.172 seconds
[2024-03-04T15:52:57.689+0000] {processor.py:161} INFO - Started process (PID=158) to work on /home/airflow/.local/lib/python3.11/site-packages/airflow/example_dags/example_dag_decorator.py
[2024-03-04T15:52:57.689+0000] {processor.py:830} INFO - Processing file /home/airflow/.local/lib/python3.11/site-packages/airflow/example_dags/example_dag_decorator.py for tasks to queue
[2024-03-04T15:52:57.690+0000] {logging_mixin.py:188} INFO - [2024-03-04T15:52:57.690+0000] {dagbag.py:540} INFO - Filling up the DagBag from /home/airflow/.local/lib/python3.11/site-packages/airflow/example_dags/example_dag_decorator.py
[2024-03-04T15:52:57.756+0000] {processor.py:840} INFO - DAG(s) 'example_dag_decorator' retrieved from /home/airflow/.local/lib/python3.11/site-packages/airflow/example_dags/example_dag_decorator.py
[2024-03-04T15:52:57.804+0000] {logging_mixin.py:188} INFO - [2024-03-04T15:52:57.804+0000] {dag.py:3047} INFO - Sync 1 DAGs
[2024-03-04T15:52:57.811+0000] {logging_mixin.py:188} INFO - [2024-03-04T15:52:57.811+0000] {dag.py:3834} INFO - Setting next_dagrun for example_dag_decorator to None, run_after=None
[2024-03-04T15:52:57.819+0000] {processor.py:183} INFO - Processing /home/airflow/.local/lib/python3.11/site-packages/airflow/example_dags/example_dag_decorator.py took 0.132 seconds
[2024-03-04T15:53:28.081+0000] {processor.py:161} INFO - Started process (PID=213) to work on /home/airflow/.local/lib/python3.11/site-packages/airflow/example_dags/example_dag_decorator.py
[2024-03-04T15:53:28.082+0000] {processor.py:830} INFO - Processing file /home/airflow/.local/lib/python3.11/site-packages/airflow/example_dags/example_dag_decorator.py for tasks to queue
[2024-03-04T15:53:28.083+0000] {logging_mixin.py:188} INFO - [2024-03-04T15:53:28.083+0000] {dagbag.py:540} INFO - Filling up the DagBag from /home/airflow/.local/lib/python3.11/site-packages/airflow/example_dags/example_dag_decorator.py
[2024-03-04T15:53:28.137+0000] {processor.py:840} INFO - DAG(s) 'example_dag_decorator' retrieved from /home/airflow/.local/lib/python3.11/site-packages/airflow/example_dags/example_dag_decorator.py
[2024-03-04T15:53:28.192+0000] {logging_mixin.py:188} INFO - [2024-03-04T15:53:28.192+0000] {dag.py:3047} INFO - Sync 1 DAGs
[2024-03-04T15:53:28.198+0000] {logging_mixin.py:188} INFO - [2024-03-04T15:53:28.198+0000] {dag.py:3834} INFO - Setting next_dagrun for example_dag_decorator to None, run_after=None
[2024-03-04T15:53:28.206+0000] {processor.py:183} INFO - Processing /home/airflow/.local/lib/python3.11/site-packages/airflow/example_dags/example_dag_decorator.py took 0.126 seconds
[2024-03-04T15:53:59.054+0000] {processor.py:161} INFO - Started process (PID=268) to work on /home/airflow/.local/lib/python3.11/site-packages/airflow/example_dags/example_dag_decorator.py
[2024-03-04T15:53:59.055+0000] {processor.py:830} INFO - Processing file /home/airflow/.local/lib/python3.11/site-packages/airflow/example_dags/example_dag_decorator.py for tasks to queue
[2024-03-04T15:53:59.056+0000] {logging_mixin.py:188} INFO - [2024-03-04T15:53:59.056+0000] {dagbag.py:540} INFO - Filling up the DagBag from /home/airflow/.local/lib/python3.11/site-packages/airflow/example_dags/example_dag_decorator.py
[2024-03-04T15:53:59.111+0000] {processor.py:840} INFO - DAG(s) 'example_dag_decorator' retrieved from /home/airflow/.local/lib/python3.11/site-packages/airflow/example_dags/example_dag_decorator.py
[2024-03-04T15:53:59.121+0000] {logging_mixin.py:188} INFO - [2024-03-04T15:53:59.121+0000] {dag.py:3047} INFO - Sync 1 DAGs
[2024-03-04T15:53:59.128+0000] {logging_mixin.py:188} INFO - [2024-03-04T15:53:59.128+0000] {dag.py:3834} INFO - Setting next_dagrun for example_dag_decorator to None, run_after=None
[2024-03-04T15:53:59.136+0000] {processor.py:183} INFO - Processing /home/airflow/.local/lib/python3.11/site-packages/airflow/example_dags/example_dag_decorator.py took 0.086 seconds
[2024-03-04T15:54:29.807+0000] {processor.py:161} INFO - Started process (PID=323) to work on /home/airflow/.local/lib/python3.11/site-packages/airflow/example_dags/example_dag_decorator.py
[2024-03-04T15:54:29.807+0000] {processor.py:830} INFO - Processing file /home/airflow/.local/lib/python3.11/site-packages/airflow/example_dags/example_dag_decorator.py for tasks to queue
[2024-03-04T15:54:29.808+0000] {logging_mixin.py:188} INFO - [2024-03-04T15:54:29.808+0000] {dagbag.py:540} INFO - Filling up the DagBag from /home/airflow/.local/lib/python3.11/site-packages/airflow/example_dags/example_dag_decorator.py
[2024-03-04T15:54:29.853+0000] {processor.py:840} INFO - DAG(s) 'example_dag_decorator' retrieved from /home/airflow/.local/lib/python3.11/site-packages/airflow/example_dags/example_dag_decorator.py
[2024-03-04T15:54:29.862+0000] {logging_mixin.py:188} INFO - [2024-03-04T15:54:29.862+0000] {dag.py:3047} INFO - Sync 1 DAGs
[2024-03-04T15:54:29.867+0000] {logging_mixin.py:188} INFO - [2024-03-04T15:54:29.867+0000] {dag.py:3834} INFO - Setting next_dagrun for example_dag_decorator to None, run_after=None
[2024-03-04T15:54:29.877+0000] {processor.py:183} INFO - Processing /home/airflow/.local/lib/python3.11/site-packages/airflow/example_dags/example_dag_decorator.py took 0.072 seconds
[2024-03-04T15:55:00.454+0000] {processor.py:161} INFO - Started process (PID=378) to work on /home/airflow/.local/lib/python3.11/site-packages/airflow/example_dags/example_dag_decorator.py
[2024-03-04T15:55:00.454+0000] {processor.py:830} INFO - Processing file /home/airflow/.local/lib/python3.11/site-packages/airflow/example_dags/example_dag_decorator.py for tasks to queue
[2024-03-04T15:55:00.455+0000] {logging_mixin.py:188} INFO - [2024-03-04T15:55:00.455+0000] {dagbag.py:540} INFO - Filling up the DagBag from /home/airflow/.local/lib/python3.11/site-packages/airflow/example_dags/example_dag_decorator.py
[2024-03-04T15:55:00.501+0000] {processor.py:840} INFO - DAG(s) 'example_dag_decorator' retrieved from /home/airflow/.local/lib/python3.11/site-packages/airflow/example_dags/example_dag_decorator.py
[2024-03-04T15:55:00.565+0000] {logging_mixin.py:188} INFO - [2024-03-04T15:55:00.565+0000] {dag.py:3047} INFO - Sync 1 DAGs
[2024-03-04T15:55:00.570+0000] {logging_mixin.py:188} INFO - [2024-03-04T15:55:00.570+0000] {dag.py:3834} INFO - Setting next_dagrun for example_dag_decorator to None, run_after=None
[2024-03-04T15:55:00.578+0000] {processor.py:183} INFO - Processing /home/airflow/.local/lib/python3.11/site-packages/airflow/example_dags/example_dag_decorator.py took 0.127 seconds
[2024-03-04T15:55:31.216+0000] {processor.py:161} INFO - Started process (PID=433) to work on /home/airflow/.local/lib/python3.11/site-packages/airflow/example_dags/example_dag_decorator.py
[2024-03-04T15:55:31.217+0000] {processor.py:830} INFO - Processing file /home/airflow/.local/lib/python3.11/site-packages/airflow/example_dags/example_dag_decorator.py for tasks to queue
[2024-03-04T15:55:31.218+0000] {logging_mixin.py:188} INFO - [2024-03-04T15:55:31.218+0000] {dagbag.py:540} INFO - Filling up the DagBag from /home/airflow/.local/lib/python3.11/site-packages/airflow/example_dags/example_dag_decorator.py
[2024-03-04T15:55:31.277+0000] {processor.py:840} INFO - DAG(s) 'example_dag_decorator' retrieved from /home/airflow/.local/lib/python3.11/site-packages/airflow/example_dags/example_dag_decorator.py
[2024-03-04T15:55:31.332+0000] {logging_mixin.py:188} INFO - [2024-03-04T15:55:31.332+0000] {dag.py:3047} INFO - Sync 1 DAGs
[2024-03-04T15:55:31.339+0000] {logging_mixin.py:188} INFO - [2024-03-04T15:55:31.339+0000] {dag.py:3834} INFO - Setting next_dagrun for example_dag_decorator to None, run_after=None
[2024-03-04T15:55:31.347+0000] {processor.py:183} INFO - Processing /home/airflow/.local/lib/python3.11/site-packages/airflow/example_dags/example_dag_decorator.py took 0.132 seconds
[2024-03-04T15:56:02.025+0000] {processor.py:161} INFO - Started process (PID=488) to work on /home/airflow/.local/lib/python3.11/site-packages/airflow/example_dags/example_dag_decorator.py
[2024-03-04T15:56:02.026+0000] {processor.py:830} INFO - Processing file /home/airflow/.local/lib/python3.11/site-packages/airflow/example_dags/example_dag_decorator.py for tasks to queue
[2024-03-04T15:56:02.027+0000] {logging_mixin.py:188} INFO - [2024-03-04T15:56:02.026+0000] {dagbag.py:540} INFO - Filling up the DagBag from /home/airflow/.local/lib/python3.11/site-packages/airflow/example_dags/example_dag_decorator.py
[2024-03-04T15:56:02.072+0000] {processor.py:840} INFO - DAG(s) 'example_dag_decorator' retrieved from /home/airflow/.local/lib/python3.11/site-packages/airflow/example_dags/example_dag_decorator.py
[2024-03-04T15:56:02.118+0000] {logging_mixin.py:188} INFO - [2024-03-04T15:56:02.118+0000] {dag.py:3047} INFO - Sync 1 DAGs
[2024-03-04T15:56:02.122+0000] {logging_mixin.py:188} INFO - [2024-03-04T15:56:02.122+0000] {dag.py:3834} INFO - Setting next_dagrun for example_dag_decorator to None, run_after=None
[2024-03-04T15:56:02.129+0000] {processor.py:183} INFO - Processing /home/airflow/.local/lib/python3.11/site-packages/airflow/example_dags/example_dag_decorator.py took 0.106 seconds
[2024-03-04T15:56:32.714+0000] {processor.py:161} INFO - Started process (PID=543) to work on /home/airflow/.local/lib/python3.11/site-packages/airflow/example_dags/example_dag_decorator.py
[2024-03-04T15:56:32.715+0000] {processor.py:830} INFO - Processing file /home/airflow/.local/lib/python3.11/site-packages/airflow/example_dags/example_dag_decorator.py for tasks to queue
[2024-03-04T15:56:32.716+0000] {logging_mixin.py:188} INFO - [2024-03-04T15:56:32.716+0000] {dagbag.py:540} INFO - Filling up the DagBag from /home/airflow/.local/lib/python3.11/site-packages/airflow/example_dags/example_dag_decorator.py
[2024-03-04T15:56:32.761+0000] {processor.py:840} INFO - DAG(s) 'example_dag_decorator' retrieved from /home/airflow/.local/lib/python3.11/site-packages/airflow/example_dags/example_dag_decorator.py
[2024-03-04T15:56:32.808+0000] {logging_mixin.py:188} INFO - [2024-03-04T15:56:32.808+0000] {dag.py:3047} INFO - Sync 1 DAGs
[2024-03-04T15:56:32.813+0000] {logging_mixin.py:188} INFO - [2024-03-04T15:56:32.813+0000] {dag.py:3834} INFO - Setting next_dagrun for example_dag_decorator to None, run_after=None
[2024-03-04T15:56:32.820+0000] {processor.py:183} INFO - Processing /home/airflow/.local/lib/python3.11/site-packages/airflow/example_dags/example_dag_decorator.py took 0.108 seconds
[2024-03-04T15:57:03.465+0000] {processor.py:161} INFO - Started process (PID=598) to work on /home/airflow/.local/lib/python3.11/site-packages/airflow/example_dags/example_dag_decorator.py
[2024-03-04T15:57:03.465+0000] {processor.py:830} INFO - Processing file /home/airflow/.local/lib/python3.11/site-packages/airflow/example_dags/example_dag_decorator.py for tasks to queue
[2024-03-04T15:57:03.466+0000] {logging_mixin.py:188} INFO - [2024-03-04T15:57:03.466+0000] {dagbag.py:540} INFO - Filling up the DagBag from /home/airflow/.local/lib/python3.11/site-packages/airflow/example_dags/example_dag_decorator.py
[2024-03-04T15:57:03.511+0000] {processor.py:840} INFO - DAG(s) 'example_dag_decorator' retrieved from /home/airflow/.local/lib/python3.11/site-packages/airflow/example_dags/example_dag_decorator.py
[2024-03-04T15:57:03.556+0000] {logging_mixin.py:188} INFO - [2024-03-04T15:57:03.556+0000] {dag.py:3047} INFO - Sync 1 DAGs
[2024-03-04T15:57:03.561+0000] {logging_mixin.py:188} INFO - [2024-03-04T15:57:03.561+0000] {dag.py:3834} INFO - Setting next_dagrun for example_dag_decorator to None, run_after=None
[2024-03-04T15:57:03.568+0000] {processor.py:183} INFO - Processing /home/airflow/.local/lib/python3.11/site-packages/airflow/example_dags/example_dag_decorator.py took 0.105 seconds
[2024-03-04T15:57:34.125+0000] {processor.py:161} INFO - Started process (PID=653) to work on /home/airflow/.local/lib/python3.11/site-packages/airflow/example_dags/example_dag_decorator.py
[2024-03-04T15:57:34.125+0000] {processor.py:830} INFO - Processing file /home/airflow/.local/lib/python3.11/site-packages/airflow/example_dags/example_dag_decorator.py for tasks to queue
[2024-03-04T15:57:34.126+0000] {logging_mixin.py:188} INFO - [2024-03-04T15:57:34.126+0000] {dagbag.py:540} INFO - Filling up the DagBag from /home/airflow/.local/lib/python3.11/site-packages/airflow/example_dags/example_dag_decorator.py
[2024-03-04T15:57:34.184+0000] {processor.py:840} INFO - DAG(s) 'example_dag_decorator' retrieved from /home/airflow/.local/lib/python3.11/site-packages/airflow/example_dags/example_dag_decorator.py
[2024-03-04T15:57:34.232+0000] {logging_mixin.py:188} INFO - [2024-03-04T15:57:34.232+0000] {dag.py:3047} INFO - Sync 1 DAGs
[2024-03-04T15:57:34.236+0000] {logging_mixin.py:188} INFO - [2024-03-04T15:57:34.236+0000] {dag.py:3834} INFO - Setting next_dagrun for example_dag_decorator to None, run_after=None
[2024-03-04T15:57:34.244+0000] {processor.py:183} INFO - Processing /home/airflow/.local/lib/python3.11/site-packages/airflow/example_dags/example_dag_decorator.py took 0.121 seconds
[2024-03-04T15:58:04.881+0000] {processor.py:161} INFO - Started process (PID=708) to work on /home/airflow/.local/lib/python3.11/site-packages/airflow/example_dags/example_dag_decorator.py
[2024-03-04T15:58:04.882+0000] {processor.py:830} INFO - Processing file /home/airflow/.local/lib/python3.11/site-packages/airflow/example_dags/example_dag_decorator.py for tasks to queue
[2024-03-04T15:58:04.883+0000] {logging_mixin.py:188} INFO - [2024-03-04T15:58:04.882+0000] {dagbag.py:540} INFO - Filling up the DagBag from /home/airflow/.local/lib/python3.11/site-packages/airflow/example_dags/example_dag_decorator.py
[2024-03-04T15:58:04.927+0000] {processor.py:840} INFO - DAG(s) 'example_dag_decorator' retrieved from /home/airflow/.local/lib/python3.11/site-packages/airflow/example_dags/example_dag_decorator.py
[2024-03-04T15:58:04.983+0000] {logging_mixin.py:188} INFO - [2024-03-04T15:58:04.983+0000] {dag.py:3047} INFO - Sync 1 DAGs
[2024-03-04T15:58:04.987+0000] {logging_mixin.py:188} INFO - [2024-03-04T15:58:04.987+0000] {dag.py:3834} INFO - Setting next_dagrun for example_dag_decorator to None, run_after=None
[2024-03-04T15:58:04.994+0000] {processor.py:183} INFO - Processing /home/airflow/.local/lib/python3.11/site-packages/airflow/example_dags/example_dag_decorator.py took 0.115 seconds
[2024-03-04T15:58:35.610+0000] {processor.py:161} INFO - Started process (PID=763) to work on /home/airflow/.local/lib/python3.11/site-packages/airflow/example_dags/example_dag_decorator.py
[2024-03-04T15:58:35.610+0000] {processor.py:830} INFO - Processing file /home/airflow/.local/lib/python3.11/site-packages/airflow/example_dags/example_dag_decorator.py for tasks to queue
[2024-03-04T15:58:35.611+0000] {logging_mixin.py:188} INFO - [2024-03-04T15:58:35.611+0000] {dagbag.py:540} INFO - Filling up the DagBag from /home/airflow/.local/lib/python3.11/site-packages/airflow/example_dags/example_dag_decorator.py
[2024-03-04T15:58:35.656+0000] {processor.py:840} INFO - DAG(s) 'example_dag_decorator' retrieved from /home/airflow/.local/lib/python3.11/site-packages/airflow/example_dags/example_dag_decorator.py
[2024-03-04T15:58:35.713+0000] {logging_mixin.py:188} INFO - [2024-03-04T15:58:35.713+0000] {dag.py:3047} INFO - Sync 1 DAGs
[2024-03-04T15:58:35.717+0000] {logging_mixin.py:188} INFO - [2024-03-04T15:58:35.717+0000] {dag.py:3834} INFO - Setting next_dagrun for example_dag_decorator to None, run_after=None
[2024-03-04T15:58:35.731+0000] {processor.py:183} INFO - Processing /home/airflow/.local/lib/python3.11/site-packages/airflow/example_dags/example_dag_decorator.py took 0.123 seconds
[2024-03-04T15:59:06.320+0000] {processor.py:161} INFO - Started process (PID=818) to work on /home/airflow/.local/lib/python3.11/site-packages/airflow/example_dags/example_dag_decorator.py
[2024-03-04T15:59:06.321+0000] {processor.py:830} INFO - Processing file /home/airflow/.local/lib/python3.11/site-packages/airflow/example_dags/example_dag_decorator.py for tasks to queue
[2024-03-04T15:59:06.322+0000] {logging_mixin.py:188} INFO - [2024-03-04T15:59:06.322+0000] {dagbag.py:540} INFO - Filling up the DagBag from /home/airflow/.local/lib/python3.11/site-packages/airflow/example_dags/example_dag_decorator.py
[2024-03-04T15:59:06.367+0000] {processor.py:840} INFO - DAG(s) 'example_dag_decorator' retrieved from /home/airflow/.local/lib/python3.11/site-packages/airflow/example_dags/example_dag_decorator.py
[2024-03-04T15:59:06.377+0000] {logging_mixin.py:188} INFO - [2024-03-04T15:59:06.377+0000] {dag.py:3047} INFO - Sync 1 DAGs
[2024-03-04T15:59:06.382+0000] {logging_mixin.py:188} INFO - [2024-03-04T15:59:06.382+0000] {dag.py:3834} INFO - Setting next_dagrun for example_dag_decorator to None, run_after=None
[2024-03-04T15:59:06.389+0000] {processor.py:183} INFO - Processing /home/airflow/.local/lib/python3.11/site-packages/airflow/example_dags/example_dag_decorator.py took 0.070 seconds
[2024-03-04T15:59:36.832+0000] {processor.py:161} INFO - Started process (PID=873) to work on /home/airflow/.local/lib/python3.11/site-packages/airflow/example_dags/example_dag_decorator.py
[2024-03-04T15:59:36.833+0000] {processor.py:830} INFO - Processing file /home/airflow/.local/lib/python3.11/site-packages/airflow/example_dags/example_dag_decorator.py for tasks to queue
[2024-03-04T15:59:36.834+0000] {logging_mixin.py:188} INFO - [2024-03-04T15:59:36.834+0000] {dagbag.py:540} INFO - Filling up the DagBag from /home/airflow/.local/lib/python3.11/site-packages/airflow/example_dags/example_dag_decorator.py
[2024-03-04T15:59:36.893+0000] {processor.py:840} INFO - DAG(s) 'example_dag_decorator' retrieved from /home/airflow/.local/lib/python3.11/site-packages/airflow/example_dags/example_dag_decorator.py
[2024-03-04T15:59:36.941+0000] {logging_mixin.py:188} INFO - [2024-03-04T15:59:36.941+0000] {dag.py:3047} INFO - Sync 1 DAGs
[2024-03-04T15:59:36.946+0000] {logging_mixin.py:188} INFO - [2024-03-04T15:59:36.946+0000] {dag.py:3834} INFO - Setting next_dagrun for example_dag_decorator to None, run_after=None
[2024-03-04T15:59:36.957+0000] {processor.py:183} INFO - Processing /home/airflow/.local/lib/python3.11/site-packages/airflow/example_dags/example_dag_decorator.py took 0.126 seconds
[2024-03-04T16:00:07.546+0000] {processor.py:161} INFO - Started process (PID=928) to work on /home/airflow/.local/lib/python3.11/site-packages/airflow/example_dags/example_dag_decorator.py
[2024-03-04T16:00:07.547+0000] {processor.py:830} INFO - Processing file /home/airflow/.local/lib/python3.11/site-packages/airflow/example_dags/example_dag_decorator.py for tasks to queue
[2024-03-04T16:00:07.548+0000] {logging_mixin.py:188} INFO - [2024-03-04T16:00:07.548+0000] {dagbag.py:540} INFO - Filling up the DagBag from /home/airflow/.local/lib/python3.11/site-packages/airflow/example_dags/example_dag_decorator.py
[2024-03-04T16:00:07.606+0000] {processor.py:840} INFO - DAG(s) 'example_dag_decorator' retrieved from /home/airflow/.local/lib/python3.11/site-packages/airflow/example_dags/example_dag_decorator.py
[2024-03-04T16:00:07.657+0000] {logging_mixin.py:188} INFO - [2024-03-04T16:00:07.657+0000] {dag.py:3047} INFO - Sync 1 DAGs
[2024-03-04T16:00:07.662+0000] {logging_mixin.py:188} INFO - [2024-03-04T16:00:07.662+0000] {dag.py:3834} INFO - Setting next_dagrun for example_dag_decorator to None, run_after=None
[2024-03-04T16:00:07.669+0000] {processor.py:183} INFO - Processing /home/airflow/.local/lib/python3.11/site-packages/airflow/example_dags/example_dag_decorator.py took 0.124 seconds
[2024-03-04T16:00:38.356+0000] {processor.py:161} INFO - Started process (PID=982) to work on /home/airflow/.local/lib/python3.11/site-packages/airflow/example_dags/example_dag_decorator.py
[2024-03-04T16:00:38.357+0000] {processor.py:830} INFO - Processing file /home/airflow/.local/lib/python3.11/site-packages/airflow/example_dags/example_dag_decorator.py for tasks to queue
[2024-03-04T16:00:38.358+0000] {logging_mixin.py:188} INFO - [2024-03-04T16:00:38.357+0000] {dagbag.py:540} INFO - Filling up the DagBag from /home/airflow/.local/lib/python3.11/site-packages/airflow/example_dags/example_dag_decorator.py
[2024-03-04T16:00:38.408+0000] {processor.py:840} INFO - DAG(s) 'example_dag_decorator' retrieved from /home/airflow/.local/lib/python3.11/site-packages/airflow/example_dags/example_dag_decorator.py
[2024-03-04T16:00:38.458+0000] {logging_mixin.py:188} INFO - [2024-03-04T16:00:38.458+0000] {dag.py:3047} INFO - Sync 1 DAGs
[2024-03-04T16:00:38.463+0000] {logging_mixin.py:188} INFO - [2024-03-04T16:00:38.463+0000] {dag.py:3834} INFO - Setting next_dagrun for example_dag_decorator to None, run_after=None
[2024-03-04T16:00:38.471+0000] {processor.py:183} INFO - Processing /home/airflow/.local/lib/python3.11/site-packages/airflow/example_dags/example_dag_decorator.py took 0.116 seconds
[2024-03-04T16:01:09.129+0000] {processor.py:161} INFO - Started process (PID=1037) to work on /home/airflow/.local/lib/python3.11/site-packages/airflow/example_dags/example_dag_decorator.py
[2024-03-04T16:01:09.129+0000] {processor.py:830} INFO - Processing file /home/airflow/.local/lib/python3.11/site-packages/airflow/example_dags/example_dag_decorator.py for tasks to queue
[2024-03-04T16:01:09.131+0000] {logging_mixin.py:188} INFO - [2024-03-04T16:01:09.130+0000] {dagbag.py:540} INFO - Filling up the DagBag from /home/airflow/.local/lib/python3.11/site-packages/airflow/example_dags/example_dag_decorator.py
[2024-03-04T16:01:09.180+0000] {processor.py:840} INFO - DAG(s) 'example_dag_decorator' retrieved from /home/airflow/.local/lib/python3.11/site-packages/airflow/example_dags/example_dag_decorator.py
[2024-03-04T16:01:09.231+0000] {logging_mixin.py:188} INFO - [2024-03-04T16:01:09.230+0000] {dag.py:3047} INFO - Sync 1 DAGs
[2024-03-04T16:01:09.235+0000] {logging_mixin.py:188} INFO - [2024-03-04T16:01:09.235+0000] {dag.py:3834} INFO - Setting next_dagrun for example_dag_decorator to None, run_after=None
[2024-03-04T16:01:09.242+0000] {processor.py:183} INFO - Processing /home/airflow/.local/lib/python3.11/site-packages/airflow/example_dags/example_dag_decorator.py took 0.115 seconds
[2024-03-04T16:01:39.930+0000] {processor.py:161} INFO - Started process (PID=1092) to work on /home/airflow/.local/lib/python3.11/site-packages/airflow/example_dags/example_dag_decorator.py
[2024-03-04T16:01:39.931+0000] {processor.py:830} INFO - Processing file /home/airflow/.local/lib/python3.11/site-packages/airflow/example_dags/example_dag_decorator.py for tasks to queue
[2024-03-04T16:01:39.932+0000] {logging_mixin.py:188} INFO - [2024-03-04T16:01:39.932+0000] {dagbag.py:540} INFO - Filling up the DagBag from /home/airflow/.local/lib/python3.11/site-packages/airflow/example_dags/example_dag_decorator.py
[2024-03-04T16:01:39.989+0000] {processor.py:840} INFO - DAG(s) 'example_dag_decorator' retrieved from /home/airflow/.local/lib/python3.11/site-packages/airflow/example_dags/example_dag_decorator.py
[2024-03-04T16:01:40.041+0000] {logging_mixin.py:188} INFO - [2024-03-04T16:01:40.040+0000] {dag.py:3047} INFO - Sync 1 DAGs
[2024-03-04T16:01:40.045+0000] {logging_mixin.py:188} INFO - [2024-03-04T16:01:40.045+0000] {dag.py:3834} INFO - Setting next_dagrun for example_dag_decorator to None, run_after=None
[2024-03-04T16:01:40.053+0000] {processor.py:183} INFO - Processing /home/airflow/.local/lib/python3.11/site-packages/airflow/example_dags/example_dag_decorator.py took 0.125 seconds
[2024-03-04T16:02:10.765+0000] {processor.py:161} INFO - Started process (PID=1147) to work on /home/airflow/.local/lib/python3.11/site-packages/airflow/example_dags/example_dag_decorator.py
[2024-03-04T16:02:10.766+0000] {processor.py:830} INFO - Processing file /home/airflow/.local/lib/python3.11/site-packages/airflow/example_dags/example_dag_decorator.py for tasks to queue
[2024-03-04T16:02:10.766+0000] {logging_mixin.py:188} INFO - [2024-03-04T16:02:10.766+0000] {dagbag.py:540} INFO - Filling up the DagBag from /home/airflow/.local/lib/python3.11/site-packages/airflow/example_dags/example_dag_decorator.py
[2024-03-04T16:02:10.811+0000] {processor.py:840} INFO - DAG(s) 'example_dag_decorator' retrieved from /home/airflow/.local/lib/python3.11/site-packages/airflow/example_dags/example_dag_decorator.py
[2024-03-04T16:02:10.858+0000] {logging_mixin.py:188} INFO - [2024-03-04T16:02:10.858+0000] {dag.py:3047} INFO - Sync 1 DAGs
[2024-03-04T16:02:10.862+0000] {logging_mixin.py:188} INFO - [2024-03-04T16:02:10.862+0000] {dag.py:3834} INFO - Setting next_dagrun for example_dag_decorator to None, run_after=None
[2024-03-04T16:02:10.869+0000] {processor.py:183} INFO - Processing /home/airflow/.local/lib/python3.11/site-packages/airflow/example_dags/example_dag_decorator.py took 0.106 seconds
[2024-03-04T16:02:41.451+0000] {processor.py:161} INFO - Started process (PID=1202) to work on /home/airflow/.local/lib/python3.11/site-packages/airflow/example_dags/example_dag_decorator.py
[2024-03-04T16:02:41.451+0000] {processor.py:830} INFO - Processing file /home/airflow/.local/lib/python3.11/site-packages/airflow/example_dags/example_dag_decorator.py for tasks to queue
[2024-03-04T16:02:41.452+0000] {logging_mixin.py:188} INFO - [2024-03-04T16:02:41.452+0000] {dagbag.py:540} INFO - Filling up the DagBag from /home/airflow/.local/lib/python3.11/site-packages/airflow/example_dags/example_dag_decorator.py
[2024-03-04T16:02:41.519+0000] {processor.py:840} INFO - DAG(s) 'example_dag_decorator' retrieved from /home/airflow/.local/lib/python3.11/site-packages/airflow/example_dags/example_dag_decorator.py
[2024-03-04T16:02:41.571+0000] {logging_mixin.py:188} INFO - [2024-03-04T16:02:41.571+0000] {dag.py:3047} INFO - Sync 1 DAGs
[2024-03-04T16:02:41.575+0000] {logging_mixin.py:188} INFO - [2024-03-04T16:02:41.575+0000] {dag.py:3834} INFO - Setting next_dagrun for example_dag_decorator to None, run_after=None
[2024-03-04T16:02:41.582+0000] {processor.py:183} INFO - Processing /home/airflow/.local/lib/python3.11/site-packages/airflow/example_dags/example_dag_decorator.py took 0.133 seconds
[2024-03-04T16:03:12.209+0000] {processor.py:161} INFO - Started process (PID=1257) to work on /home/airflow/.local/lib/python3.11/site-packages/airflow/example_dags/example_dag_decorator.py
[2024-03-04T16:03:12.210+0000] {processor.py:830} INFO - Processing file /home/airflow/.local/lib/python3.11/site-packages/airflow/example_dags/example_dag_decorator.py for tasks to queue
[2024-03-04T16:03:12.211+0000] {logging_mixin.py:188} INFO - [2024-03-04T16:03:12.210+0000] {dagbag.py:540} INFO - Filling up the DagBag from /home/airflow/.local/lib/python3.11/site-packages/airflow/example_dags/example_dag_decorator.py
[2024-03-04T16:03:12.310+0000] {processor.py:840} INFO - DAG(s) 'example_dag_decorator' retrieved from /home/airflow/.local/lib/python3.11/site-packages/airflow/example_dags/example_dag_decorator.py
[2024-03-04T16:03:12.372+0000] {logging_mixin.py:188} INFO - [2024-03-04T16:03:12.372+0000] {dag.py:3047} INFO - Sync 1 DAGs
[2024-03-04T16:03:12.377+0000] {logging_mixin.py:188} INFO - [2024-03-04T16:03:12.377+0000] {dag.py:3834} INFO - Setting next_dagrun for example_dag_decorator to None, run_after=None
[2024-03-04T16:03:12.384+0000] {processor.py:183} INFO - Processing /home/airflow/.local/lib/python3.11/site-packages/airflow/example_dags/example_dag_decorator.py took 0.177 seconds
[2024-03-04T16:03:43.109+0000] {processor.py:161} INFO - Started process (PID=1318) to work on /home/airflow/.local/lib/python3.11/site-packages/airflow/example_dags/example_dag_decorator.py
[2024-03-04T16:03:43.110+0000] {processor.py:830} INFO - Processing file /home/airflow/.local/lib/python3.11/site-packages/airflow/example_dags/example_dag_decorator.py for tasks to queue
[2024-03-04T16:03:43.111+0000] {logging_mixin.py:188} INFO - [2024-03-04T16:03:43.111+0000] {dagbag.py:540} INFO - Filling up the DagBag from /home/airflow/.local/lib/python3.11/site-packages/airflow/example_dags/example_dag_decorator.py
[2024-03-04T16:03:43.168+0000] {processor.py:840} INFO - DAG(s) 'example_dag_decorator' retrieved from /home/airflow/.local/lib/python3.11/site-packages/airflow/example_dags/example_dag_decorator.py
[2024-03-04T16:03:43.229+0000] {logging_mixin.py:188} INFO - [2024-03-04T16:03:43.229+0000] {dag.py:3047} INFO - Sync 1 DAGs
[2024-03-04T16:03:43.237+0000] {logging_mixin.py:188} INFO - [2024-03-04T16:03:43.237+0000] {dag.py:3834} INFO - Setting next_dagrun for example_dag_decorator to None, run_after=None
[2024-03-04T16:03:43.245+0000] {processor.py:183} INFO - Processing /home/airflow/.local/lib/python3.11/site-packages/airflow/example_dags/example_dag_decorator.py took 0.138 seconds
[2024-03-04T16:04:13.531+0000] {processor.py:161} INFO - Started process (PID=1373) to work on /home/airflow/.local/lib/python3.11/site-packages/airflow/example_dags/example_dag_decorator.py
[2024-03-04T16:04:13.532+0000] {processor.py:830} INFO - Processing file /home/airflow/.local/lib/python3.11/site-packages/airflow/example_dags/example_dag_decorator.py for tasks to queue
[2024-03-04T16:04:13.533+0000] {logging_mixin.py:188} INFO - [2024-03-04T16:04:13.533+0000] {dagbag.py:540} INFO - Filling up the DagBag from /home/airflow/.local/lib/python3.11/site-packages/airflow/example_dags/example_dag_decorator.py
[2024-03-04T16:04:13.586+0000] {processor.py:840} INFO - DAG(s) 'example_dag_decorator' retrieved from /home/airflow/.local/lib/python3.11/site-packages/airflow/example_dags/example_dag_decorator.py
[2024-03-04T16:04:13.654+0000] {logging_mixin.py:188} INFO - [2024-03-04T16:04:13.654+0000] {dag.py:3047} INFO - Sync 1 DAGs
[2024-03-04T16:04:13.659+0000] {logging_mixin.py:188} INFO - [2024-03-04T16:04:13.659+0000] {dag.py:3834} INFO - Setting next_dagrun for example_dag_decorator to None, run_after=None
[2024-03-04T16:04:13.666+0000] {processor.py:183} INFO - Processing /home/airflow/.local/lib/python3.11/site-packages/airflow/example_dags/example_dag_decorator.py took 0.139 seconds
[2024-03-04T16:04:44.447+0000] {processor.py:161} INFO - Started process (PID=1428) to work on /home/airflow/.local/lib/python3.11/site-packages/airflow/example_dags/example_dag_decorator.py
[2024-03-04T16:04:44.448+0000] {processor.py:830} INFO - Processing file /home/airflow/.local/lib/python3.11/site-packages/airflow/example_dags/example_dag_decorator.py for tasks to queue
[2024-03-04T16:04:44.449+0000] {logging_mixin.py:188} INFO - [2024-03-04T16:04:44.449+0000] {dagbag.py:540} INFO - Filling up the DagBag from /home/airflow/.local/lib/python3.11/site-packages/airflow/example_dags/example_dag_decorator.py
[2024-03-04T16:04:44.502+0000] {processor.py:840} INFO - DAG(s) 'example_dag_decorator' retrieved from /home/airflow/.local/lib/python3.11/site-packages/airflow/example_dags/example_dag_decorator.py
[2024-03-04T16:04:44.557+0000] {logging_mixin.py:188} INFO - [2024-03-04T16:04:44.557+0000] {dag.py:3047} INFO - Sync 1 DAGs
[2024-03-04T16:04:44.564+0000] {logging_mixin.py:188} INFO - [2024-03-04T16:04:44.564+0000] {dag.py:3834} INFO - Setting next_dagrun for example_dag_decorator to None, run_after=None
[2024-03-04T16:04:44.573+0000] {processor.py:183} INFO - Processing /home/airflow/.local/lib/python3.11/site-packages/airflow/example_dags/example_dag_decorator.py took 0.128 seconds
[2024-03-04T16:05:15.163+0000] {processor.py:161} INFO - Started process (PID=1483) to work on /home/airflow/.local/lib/python3.11/site-packages/airflow/example_dags/example_dag_decorator.py
[2024-03-04T16:05:15.164+0000] {processor.py:830} INFO - Processing file /home/airflow/.local/lib/python3.11/site-packages/airflow/example_dags/example_dag_decorator.py for tasks to queue
[2024-03-04T16:05:15.165+0000] {logging_mixin.py:188} INFO - [2024-03-04T16:05:15.165+0000] {dagbag.py:540} INFO - Filling up the DagBag from /home/airflow/.local/lib/python3.11/site-packages/airflow/example_dags/example_dag_decorator.py
[2024-03-04T16:05:15.230+0000] {processor.py:840} INFO - DAG(s) 'example_dag_decorator' retrieved from /home/airflow/.local/lib/python3.11/site-packages/airflow/example_dags/example_dag_decorator.py
[2024-03-04T16:05:15.319+0000] {logging_mixin.py:188} INFO - [2024-03-04T16:05:15.319+0000] {dag.py:3047} INFO - Sync 1 DAGs
[2024-03-04T16:05:15.324+0000] {logging_mixin.py:188} INFO - [2024-03-04T16:05:15.324+0000] {dag.py:3834} INFO - Setting next_dagrun for example_dag_decorator to None, run_after=None
[2024-03-04T16:05:15.335+0000] {processor.py:183} INFO - Processing /home/airflow/.local/lib/python3.11/site-packages/airflow/example_dags/example_dag_decorator.py took 0.174 seconds
[2024-03-04T16:05:46.050+0000] {processor.py:161} INFO - Started process (PID=1538) to work on /home/airflow/.local/lib/python3.11/site-packages/airflow/example_dags/example_dag_decorator.py
[2024-03-04T16:05:46.050+0000] {processor.py:830} INFO - Processing file /home/airflow/.local/lib/python3.11/site-packages/airflow/example_dags/example_dag_decorator.py for tasks to queue
[2024-03-04T16:05:46.051+0000] {logging_mixin.py:188} INFO - [2024-03-04T16:05:46.051+0000] {dagbag.py:540} INFO - Filling up the DagBag from /home/airflow/.local/lib/python3.11/site-packages/airflow/example_dags/example_dag_decorator.py
[2024-03-04T16:05:46.099+0000] {processor.py:840} INFO - DAG(s) 'example_dag_decorator' retrieved from /home/airflow/.local/lib/python3.11/site-packages/airflow/example_dags/example_dag_decorator.py
[2024-03-04T16:05:46.158+0000] {logging_mixin.py:188} INFO - [2024-03-04T16:05:46.158+0000] {dag.py:3047} INFO - Sync 1 DAGs
[2024-03-04T16:05:46.163+0000] {logging_mixin.py:188} INFO - [2024-03-04T16:05:46.163+0000] {dag.py:3834} INFO - Setting next_dagrun for example_dag_decorator to None, run_after=None
[2024-03-04T16:05:46.172+0000] {processor.py:183} INFO - Processing /home/airflow/.local/lib/python3.11/site-packages/airflow/example_dags/example_dag_decorator.py took 0.124 seconds
[2024-03-04T16:06:16.197+0000] {processor.py:161} INFO - Started process (PID=1595) to work on /home/airflow/.local/lib/python3.11/site-packages/airflow/example_dags/example_dag_decorator.py
[2024-03-04T16:06:16.198+0000] {processor.py:830} INFO - Processing file /home/airflow/.local/lib/python3.11/site-packages/airflow/example_dags/example_dag_decorator.py for tasks to queue
[2024-03-04T16:06:16.199+0000] {logging_mixin.py:188} INFO - [2024-03-04T16:06:16.198+0000] {dagbag.py:540} INFO - Filling up the DagBag from /home/airflow/.local/lib/python3.11/site-packages/airflow/example_dags/example_dag_decorator.py
[2024-03-04T16:06:16.258+0000] {processor.py:840} INFO - DAG(s) 'example_dag_decorator' retrieved from /home/airflow/.local/lib/python3.11/site-packages/airflow/example_dags/example_dag_decorator.py
[2024-03-04T16:06:16.301+0000] {logging_mixin.py:188} INFO - [2024-03-04T16:06:16.301+0000] {dag.py:3047} INFO - Sync 1 DAGs
[2024-03-04T16:06:16.305+0000] {logging_mixin.py:188} INFO - [2024-03-04T16:06:16.305+0000] {dag.py:3834} INFO - Setting next_dagrun for example_dag_decorator to None, run_after=None
[2024-03-04T16:06:16.312+0000] {processor.py:183} INFO - Processing /home/airflow/.local/lib/python3.11/site-packages/airflow/example_dags/example_dag_decorator.py took 0.116 seconds
[2024-03-04T16:06:46.420+0000] {processor.py:161} INFO - Started process (PID=1648) to work on /home/airflow/.local/lib/python3.11/site-packages/airflow/example_dags/example_dag_decorator.py
[2024-03-04T16:06:46.421+0000] {processor.py:830} INFO - Processing file /home/airflow/.local/lib/python3.11/site-packages/airflow/example_dags/example_dag_decorator.py for tasks to queue
[2024-03-04T16:06:46.422+0000] {logging_mixin.py:188} INFO - [2024-03-04T16:06:46.422+0000] {dagbag.py:540} INFO - Filling up the DagBag from /home/airflow/.local/lib/python3.11/site-packages/airflow/example_dags/example_dag_decorator.py
[2024-03-04T16:06:46.471+0000] {processor.py:840} INFO - DAG(s) 'example_dag_decorator' retrieved from /home/airflow/.local/lib/python3.11/site-packages/airflow/example_dags/example_dag_decorator.py
[2024-03-04T16:06:46.524+0000] {logging_mixin.py:188} INFO - [2024-03-04T16:06:46.524+0000] {dag.py:3047} INFO - Sync 1 DAGs
[2024-03-04T16:06:46.528+0000] {logging_mixin.py:188} INFO - [2024-03-04T16:06:46.528+0000] {dag.py:3834} INFO - Setting next_dagrun for example_dag_decorator to None, run_after=None
[2024-03-04T16:06:46.538+0000] {processor.py:183} INFO - Processing /home/airflow/.local/lib/python3.11/site-packages/airflow/example_dags/example_dag_decorator.py took 0.122 seconds
[2024-03-04T16:07:17.228+0000] {processor.py:161} INFO - Started process (PID=1703) to work on /home/airflow/.local/lib/python3.11/site-packages/airflow/example_dags/example_dag_decorator.py
[2024-03-04T16:07:17.230+0000] {processor.py:830} INFO - Processing file /home/airflow/.local/lib/python3.11/site-packages/airflow/example_dags/example_dag_decorator.py for tasks to queue
[2024-03-04T16:07:17.231+0000] {logging_mixin.py:188} INFO - [2024-03-04T16:07:17.231+0000] {dagbag.py:540} INFO - Filling up the DagBag from /home/airflow/.local/lib/python3.11/site-packages/airflow/example_dags/example_dag_decorator.py
[2024-03-04T16:07:17.277+0000] {processor.py:840} INFO - DAG(s) 'example_dag_decorator' retrieved from /home/airflow/.local/lib/python3.11/site-packages/airflow/example_dags/example_dag_decorator.py
[2024-03-04T16:07:17.324+0000] {logging_mixin.py:188} INFO - [2024-03-04T16:07:17.324+0000] {dag.py:3047} INFO - Sync 1 DAGs
[2024-03-04T16:07:17.329+0000] {logging_mixin.py:188} INFO - [2024-03-04T16:07:17.329+0000] {dag.py:3834} INFO - Setting next_dagrun for example_dag_decorator to None, run_after=None
[2024-03-04T16:07:17.338+0000] {processor.py:183} INFO - Processing /home/airflow/.local/lib/python3.11/site-packages/airflow/example_dags/example_dag_decorator.py took 0.111 seconds
[2024-03-04T16:07:47.861+0000] {processor.py:161} INFO - Started process (PID=1758) to work on /home/airflow/.local/lib/python3.11/site-packages/airflow/example_dags/example_dag_decorator.py
[2024-03-04T16:07:47.862+0000] {processor.py:830} INFO - Processing file /home/airflow/.local/lib/python3.11/site-packages/airflow/example_dags/example_dag_decorator.py for tasks to queue
[2024-03-04T16:07:47.863+0000] {logging_mixin.py:188} INFO - [2024-03-04T16:07:47.863+0000] {dagbag.py:540} INFO - Filling up the DagBag from /home/airflow/.local/lib/python3.11/site-packages/airflow/example_dags/example_dag_decorator.py
[2024-03-04T16:07:47.909+0000] {processor.py:840} INFO - DAG(s) 'example_dag_decorator' retrieved from /home/airflow/.local/lib/python3.11/site-packages/airflow/example_dags/example_dag_decorator.py
[2024-03-04T16:07:47.976+0000] {logging_mixin.py:188} INFO - [2024-03-04T16:07:47.976+0000] {dag.py:3047} INFO - Sync 1 DAGs
[2024-03-04T16:07:47.980+0000] {logging_mixin.py:188} INFO - [2024-03-04T16:07:47.980+0000] {dag.py:3834} INFO - Setting next_dagrun for example_dag_decorator to None, run_after=None
[2024-03-04T16:07:47.988+0000] {processor.py:183} INFO - Processing /home/airflow/.local/lib/python3.11/site-packages/airflow/example_dags/example_dag_decorator.py took 0.128 seconds
[2024-03-04T16:08:18.577+0000] {processor.py:161} INFO - Started process (PID=1813) to work on /home/airflow/.local/lib/python3.11/site-packages/airflow/example_dags/example_dag_decorator.py
[2024-03-04T16:08:18.578+0000] {processor.py:830} INFO - Processing file /home/airflow/.local/lib/python3.11/site-packages/airflow/example_dags/example_dag_decorator.py for tasks to queue
[2024-03-04T16:08:18.579+0000] {logging_mixin.py:188} INFO - [2024-03-04T16:08:18.579+0000] {dagbag.py:540} INFO - Filling up the DagBag from /home/airflow/.local/lib/python3.11/site-packages/airflow/example_dags/example_dag_decorator.py
[2024-03-04T16:08:18.628+0000] {processor.py:840} INFO - DAG(s) 'example_dag_decorator' retrieved from /home/airflow/.local/lib/python3.11/site-packages/airflow/example_dags/example_dag_decorator.py
[2024-03-04T16:08:18.682+0000] {logging_mixin.py:188} INFO - [2024-03-04T16:08:18.682+0000] {dag.py:3047} INFO - Sync 1 DAGs
[2024-03-04T16:08:18.687+0000] {logging_mixin.py:188} INFO - [2024-03-04T16:08:18.687+0000] {dag.py:3834} INFO - Setting next_dagrun for example_dag_decorator to None, run_after=None
[2024-03-04T16:08:18.694+0000] {processor.py:183} INFO - Processing /home/airflow/.local/lib/python3.11/site-packages/airflow/example_dags/example_dag_decorator.py took 0.119 seconds
[2024-03-04T16:08:49.285+0000] {processor.py:161} INFO - Started process (PID=1868) to work on /home/airflow/.local/lib/python3.11/site-packages/airflow/example_dags/example_dag_decorator.py
[2024-03-04T16:08:49.286+0000] {processor.py:830} INFO - Processing file /home/airflow/.local/lib/python3.11/site-packages/airflow/example_dags/example_dag_decorator.py for tasks to queue
[2024-03-04T16:08:49.290+0000] {logging_mixin.py:188} INFO - [2024-03-04T16:08:49.290+0000] {dagbag.py:540} INFO - Filling up the DagBag from /home/airflow/.local/lib/python3.11/site-packages/airflow/example_dags/example_dag_decorator.py
[2024-03-04T16:08:49.352+0000] {processor.py:840} INFO - DAG(s) 'example_dag_decorator' retrieved from /home/airflow/.local/lib/python3.11/site-packages/airflow/example_dags/example_dag_decorator.py
[2024-03-04T16:08:49.402+0000] {logging_mixin.py:188} INFO - [2024-03-04T16:08:49.402+0000] {dag.py:3047} INFO - Sync 1 DAGs
[2024-03-04T16:08:49.406+0000] {logging_mixin.py:188} INFO - [2024-03-04T16:08:49.406+0000] {dag.py:3834} INFO - Setting next_dagrun for example_dag_decorator to None, run_after=None
[2024-03-04T16:08:49.414+0000] {processor.py:183} INFO - Processing /home/airflow/.local/lib/python3.11/site-packages/airflow/example_dags/example_dag_decorator.py took 0.131 seconds
[2024-03-04T16:09:19.844+0000] {processor.py:161} INFO - Started process (PID=1923) to work on /home/airflow/.local/lib/python3.11/site-packages/airflow/example_dags/example_dag_decorator.py
[2024-03-04T16:09:19.845+0000] {processor.py:830} INFO - Processing file /home/airflow/.local/lib/python3.11/site-packages/airflow/example_dags/example_dag_decorator.py for tasks to queue
[2024-03-04T16:09:19.846+0000] {logging_mixin.py:188} INFO - [2024-03-04T16:09:19.846+0000] {dagbag.py:540} INFO - Filling up the DagBag from /home/airflow/.local/lib/python3.11/site-packages/airflow/example_dags/example_dag_decorator.py
[2024-03-04T16:09:19.892+0000] {processor.py:840} INFO - DAG(s) 'example_dag_decorator' retrieved from /home/airflow/.local/lib/python3.11/site-packages/airflow/example_dags/example_dag_decorator.py
[2024-03-04T16:09:19.940+0000] {logging_mixin.py:188} INFO - [2024-03-04T16:09:19.939+0000] {dag.py:3047} INFO - Sync 1 DAGs
[2024-03-04T16:09:19.944+0000] {logging_mixin.py:188} INFO - [2024-03-04T16:09:19.944+0000] {dag.py:3834} INFO - Setting next_dagrun for example_dag_decorator to None, run_after=None
[2024-03-04T16:09:19.952+0000] {processor.py:183} INFO - Processing /home/airflow/.local/lib/python3.11/site-packages/airflow/example_dags/example_dag_decorator.py took 0.109 seconds
[2024-03-04T16:09:50.561+0000] {processor.py:161} INFO - Started process (PID=1978) to work on /home/airflow/.local/lib/python3.11/site-packages/airflow/example_dags/example_dag_decorator.py
[2024-03-04T16:09:50.563+0000] {processor.py:830} INFO - Processing file /home/airflow/.local/lib/python3.11/site-packages/airflow/example_dags/example_dag_decorator.py for tasks to queue
[2024-03-04T16:09:50.566+0000] {logging_mixin.py:188} INFO - [2024-03-04T16:09:50.566+0000] {dagbag.py:540} INFO - Filling up the DagBag from /home/airflow/.local/lib/python3.11/site-packages/airflow/example_dags/example_dag_decorator.py
[2024-03-04T16:09:50.630+0000] {processor.py:840} INFO - DAG(s) 'example_dag_decorator' retrieved from /home/airflow/.local/lib/python3.11/site-packages/airflow/example_dags/example_dag_decorator.py
[2024-03-04T16:09:50.692+0000] {logging_mixin.py:188} INFO - [2024-03-04T16:09:50.692+0000] {dag.py:3047} INFO - Sync 1 DAGs
[2024-03-04T16:09:50.696+0000] {logging_mixin.py:188} INFO - [2024-03-04T16:09:50.696+0000] {dag.py:3834} INFO - Setting next_dagrun for example_dag_decorator to None, run_after=None
[2024-03-04T16:09:50.704+0000] {processor.py:183} INFO - Processing /home/airflow/.local/lib/python3.11/site-packages/airflow/example_dags/example_dag_decorator.py took 0.146 seconds
[2024-03-04T16:10:21.138+0000] {processor.py:161} INFO - Started process (PID=2033) to work on /home/airflow/.local/lib/python3.11/site-packages/airflow/example_dags/example_dag_decorator.py
[2024-03-04T16:10:21.139+0000] {processor.py:830} INFO - Processing file /home/airflow/.local/lib/python3.11/site-packages/airflow/example_dags/example_dag_decorator.py for tasks to queue
[2024-03-04T16:10:21.140+0000] {logging_mixin.py:188} INFO - [2024-03-04T16:10:21.140+0000] {dagbag.py:540} INFO - Filling up the DagBag from /home/airflow/.local/lib/python3.11/site-packages/airflow/example_dags/example_dag_decorator.py
[2024-03-04T16:10:21.184+0000] {processor.py:840} INFO - DAG(s) 'example_dag_decorator' retrieved from /home/airflow/.local/lib/python3.11/site-packages/airflow/example_dags/example_dag_decorator.py
[2024-03-04T16:10:21.247+0000] {logging_mixin.py:188} INFO - [2024-03-04T16:10:21.247+0000] {dag.py:3047} INFO - Sync 1 DAGs
[2024-03-04T16:10:21.251+0000] {logging_mixin.py:188} INFO - [2024-03-04T16:10:21.251+0000] {dag.py:3834} INFO - Setting next_dagrun for example_dag_decorator to None, run_after=None
[2024-03-04T16:10:21.259+0000] {processor.py:183} INFO - Processing /home/airflow/.local/lib/python3.11/site-packages/airflow/example_dags/example_dag_decorator.py took 0.122 seconds
[2024-03-04T16:10:51.729+0000] {processor.py:161} INFO - Started process (PID=2088) to work on /home/airflow/.local/lib/python3.11/site-packages/airflow/example_dags/example_dag_decorator.py
[2024-03-04T16:10:51.730+0000] {processor.py:830} INFO - Processing file /home/airflow/.local/lib/python3.11/site-packages/airflow/example_dags/example_dag_decorator.py for tasks to queue
[2024-03-04T16:10:51.731+0000] {logging_mixin.py:188} INFO - [2024-03-04T16:10:51.730+0000] {dagbag.py:540} INFO - Filling up the DagBag from /home/airflow/.local/lib/python3.11/site-packages/airflow/example_dags/example_dag_decorator.py
[2024-03-04T16:10:51.777+0000] {processor.py:840} INFO - DAG(s) 'example_dag_decorator' retrieved from /home/airflow/.local/lib/python3.11/site-packages/airflow/example_dags/example_dag_decorator.py
[2024-03-04T16:10:51.827+0000] {logging_mixin.py:188} INFO - [2024-03-04T16:10:51.827+0000] {dag.py:3047} INFO - Sync 1 DAGs
[2024-03-04T16:10:51.831+0000] {logging_mixin.py:188} INFO - [2024-03-04T16:10:51.831+0000] {dag.py:3834} INFO - Setting next_dagrun for example_dag_decorator to None, run_after=None
[2024-03-04T16:10:51.839+0000] {processor.py:183} INFO - Processing /home/airflow/.local/lib/python3.11/site-packages/airflow/example_dags/example_dag_decorator.py took 0.112 seconds
[2024-03-04T16:11:22.514+0000] {processor.py:161} INFO - Started process (PID=2143) to work on /home/airflow/.local/lib/python3.11/site-packages/airflow/example_dags/example_dag_decorator.py
[2024-03-04T16:11:22.514+0000] {processor.py:830} INFO - Processing file /home/airflow/.local/lib/python3.11/site-packages/airflow/example_dags/example_dag_decorator.py for tasks to queue
[2024-03-04T16:11:22.515+0000] {logging_mixin.py:188} INFO - [2024-03-04T16:11:22.515+0000] {dagbag.py:540} INFO - Filling up the DagBag from /home/airflow/.local/lib/python3.11/site-packages/airflow/example_dags/example_dag_decorator.py
[2024-03-04T16:11:22.560+0000] {processor.py:840} INFO - DAG(s) 'example_dag_decorator' retrieved from /home/airflow/.local/lib/python3.11/site-packages/airflow/example_dags/example_dag_decorator.py
[2024-03-04T16:11:22.617+0000] {logging_mixin.py:188} INFO - [2024-03-04T16:11:22.617+0000] {dag.py:3047} INFO - Sync 1 DAGs
[2024-03-04T16:11:22.621+0000] {logging_mixin.py:188} INFO - [2024-03-04T16:11:22.621+0000] {dag.py:3834} INFO - Setting next_dagrun for example_dag_decorator to None, run_after=None
[2024-03-04T16:11:22.629+0000] {processor.py:183} INFO - Processing /home/airflow/.local/lib/python3.11/site-packages/airflow/example_dags/example_dag_decorator.py took 0.117 seconds
[2024-03-04T16:11:53.148+0000] {processor.py:161} INFO - Started process (PID=2198) to work on /home/airflow/.local/lib/python3.11/site-packages/airflow/example_dags/example_dag_decorator.py
[2024-03-04T16:11:53.148+0000] {processor.py:830} INFO - Processing file /home/airflow/.local/lib/python3.11/site-packages/airflow/example_dags/example_dag_decorator.py for tasks to queue
[2024-03-04T16:11:53.149+0000] {logging_mixin.py:188} INFO - [2024-03-04T16:11:53.149+0000] {dagbag.py:540} INFO - Filling up the DagBag from /home/airflow/.local/lib/python3.11/site-packages/airflow/example_dags/example_dag_decorator.py
[2024-03-04T16:11:53.193+0000] {processor.py:840} INFO - DAG(s) 'example_dag_decorator' retrieved from /home/airflow/.local/lib/python3.11/site-packages/airflow/example_dags/example_dag_decorator.py
[2024-03-04T16:11:53.269+0000] {logging_mixin.py:188} INFO - [2024-03-04T16:11:53.269+0000] {dag.py:3047} INFO - Sync 1 DAGs
[2024-03-04T16:11:53.275+0000] {logging_mixin.py:188} INFO - [2024-03-04T16:11:53.275+0000] {dag.py:3834} INFO - Setting next_dagrun for example_dag_decorator to None, run_after=None
[2024-03-04T16:11:53.284+0000] {processor.py:183} INFO - Processing /home/airflow/.local/lib/python3.11/site-packages/airflow/example_dags/example_dag_decorator.py took 0.138 seconds
[2024-03-04T16:12:23.873+0000] {processor.py:161} INFO - Started process (PID=2253) to work on /home/airflow/.local/lib/python3.11/site-packages/airflow/example_dags/example_dag_decorator.py
[2024-03-04T16:12:23.874+0000] {processor.py:830} INFO - Processing file /home/airflow/.local/lib/python3.11/site-packages/airflow/example_dags/example_dag_decorator.py for tasks to queue
[2024-03-04T16:12:23.875+0000] {logging_mixin.py:188} INFO - [2024-03-04T16:12:23.874+0000] {dagbag.py:540} INFO - Filling up the DagBag from /home/airflow/.local/lib/python3.11/site-packages/airflow/example_dags/example_dag_decorator.py
[2024-03-04T16:12:23.921+0000] {processor.py:840} INFO - DAG(s) 'example_dag_decorator' retrieved from /home/airflow/.local/lib/python3.11/site-packages/airflow/example_dags/example_dag_decorator.py
[2024-03-04T16:12:23.971+0000] {logging_mixin.py:188} INFO - [2024-03-04T16:12:23.971+0000] {dag.py:3047} INFO - Sync 1 DAGs
[2024-03-04T16:12:23.975+0000] {logging_mixin.py:188} INFO - [2024-03-04T16:12:23.975+0000] {dag.py:3834} INFO - Setting next_dagrun for example_dag_decorator to None, run_after=None
[2024-03-04T16:12:23.983+0000] {processor.py:183} INFO - Processing /home/airflow/.local/lib/python3.11/site-packages/airflow/example_dags/example_dag_decorator.py took 0.112 seconds
[2024-03-04T16:12:54.514+0000] {processor.py:161} INFO - Started process (PID=2308) to work on /home/airflow/.local/lib/python3.11/site-packages/airflow/example_dags/example_dag_decorator.py
[2024-03-04T16:12:54.515+0000] {processor.py:830} INFO - Processing file /home/airflow/.local/lib/python3.11/site-packages/airflow/example_dags/example_dag_decorator.py for tasks to queue
[2024-03-04T16:12:54.516+0000] {logging_mixin.py:188} INFO - [2024-03-04T16:12:54.515+0000] {dagbag.py:540} INFO - Filling up the DagBag from /home/airflow/.local/lib/python3.11/site-packages/airflow/example_dags/example_dag_decorator.py
[2024-03-04T16:12:54.559+0000] {processor.py:840} INFO - DAG(s) 'example_dag_decorator' retrieved from /home/airflow/.local/lib/python3.11/site-packages/airflow/example_dags/example_dag_decorator.py
[2024-03-04T16:12:54.626+0000] {logging_mixin.py:188} INFO - [2024-03-04T16:12:54.626+0000] {dag.py:3047} INFO - Sync 1 DAGs
[2024-03-04T16:12:54.630+0000] {logging_mixin.py:188} INFO - [2024-03-04T16:12:54.630+0000] {dag.py:3834} INFO - Setting next_dagrun for example_dag_decorator to None, run_after=None
[2024-03-04T16:12:54.638+0000] {processor.py:183} INFO - Processing /home/airflow/.local/lib/python3.11/site-packages/airflow/example_dags/example_dag_decorator.py took 0.125 seconds
[2024-03-04T16:13:25.120+0000] {processor.py:161} INFO - Started process (PID=2363) to work on /home/airflow/.local/lib/python3.11/site-packages/airflow/example_dags/example_dag_decorator.py
[2024-03-04T16:13:25.121+0000] {processor.py:830} INFO - Processing file /home/airflow/.local/lib/python3.11/site-packages/airflow/example_dags/example_dag_decorator.py for tasks to queue
[2024-03-04T16:13:25.123+0000] {logging_mixin.py:188} INFO - [2024-03-04T16:13:25.123+0000] {dagbag.py:540} INFO - Filling up the DagBag from /home/airflow/.local/lib/python3.11/site-packages/airflow/example_dags/example_dag_decorator.py
[2024-03-04T16:13:25.174+0000] {processor.py:840} INFO - DAG(s) 'example_dag_decorator' retrieved from /home/airflow/.local/lib/python3.11/site-packages/airflow/example_dags/example_dag_decorator.py
[2024-03-04T16:13:25.224+0000] {logging_mixin.py:188} INFO - [2024-03-04T16:13:25.224+0000] {dag.py:3047} INFO - Sync 1 DAGs
[2024-03-04T16:13:25.229+0000] {logging_mixin.py:188} INFO - [2024-03-04T16:13:25.229+0000] {dag.py:3834} INFO - Setting next_dagrun for example_dag_decorator to None, run_after=None
[2024-03-04T16:13:25.236+0000] {processor.py:183} INFO - Processing /home/airflow/.local/lib/python3.11/site-packages/airflow/example_dags/example_dag_decorator.py took 0.120 seconds
[2024-03-04T16:13:55.865+0000] {processor.py:161} INFO - Started process (PID=2418) to work on /home/airflow/.local/lib/python3.11/site-packages/airflow/example_dags/example_dag_decorator.py
[2024-03-04T16:13:55.867+0000] {processor.py:830} INFO - Processing file /home/airflow/.local/lib/python3.11/site-packages/airflow/example_dags/example_dag_decorator.py for tasks to queue
[2024-03-04T16:13:55.868+0000] {logging_mixin.py:188} INFO - [2024-03-04T16:13:55.868+0000] {dagbag.py:540} INFO - Filling up the DagBag from /home/airflow/.local/lib/python3.11/site-packages/airflow/example_dags/example_dag_decorator.py
[2024-03-04T16:13:55.913+0000] {processor.py:840} INFO - DAG(s) 'example_dag_decorator' retrieved from /home/airflow/.local/lib/python3.11/site-packages/airflow/example_dags/example_dag_decorator.py
[2024-03-04T16:13:55.974+0000] {logging_mixin.py:188} INFO - [2024-03-04T16:13:55.974+0000] {dag.py:3047} INFO - Sync 1 DAGs
[2024-03-04T16:13:55.978+0000] {logging_mixin.py:188} INFO - [2024-03-04T16:13:55.978+0000] {dag.py:3834} INFO - Setting next_dagrun for example_dag_decorator to None, run_after=None
[2024-03-04T16:13:55.986+0000] {processor.py:183} INFO - Processing /home/airflow/.local/lib/python3.11/site-packages/airflow/example_dags/example_dag_decorator.py took 0.122 seconds
[2024-03-04T16:14:26.668+0000] {processor.py:161} INFO - Started process (PID=2473) to work on /home/airflow/.local/lib/python3.11/site-packages/airflow/example_dags/example_dag_decorator.py
[2024-03-04T16:14:26.669+0000] {processor.py:830} INFO - Processing file /home/airflow/.local/lib/python3.11/site-packages/airflow/example_dags/example_dag_decorator.py for tasks to queue
[2024-03-04T16:14:26.670+0000] {logging_mixin.py:188} INFO - [2024-03-04T16:14:26.670+0000] {dagbag.py:540} INFO - Filling up the DagBag from /home/airflow/.local/lib/python3.11/site-packages/airflow/example_dags/example_dag_decorator.py
[2024-03-04T16:14:26.726+0000] {processor.py:840} INFO - DAG(s) 'example_dag_decorator' retrieved from /home/airflow/.local/lib/python3.11/site-packages/airflow/example_dags/example_dag_decorator.py
[2024-03-04T16:14:26.737+0000] {logging_mixin.py:188} INFO - [2024-03-04T16:14:26.737+0000] {dag.py:3047} INFO - Sync 1 DAGs
[2024-03-04T16:14:26.742+0000] {logging_mixin.py:188} INFO - [2024-03-04T16:14:26.742+0000] {dag.py:3834} INFO - Setting next_dagrun for example_dag_decorator to None, run_after=None
[2024-03-04T16:14:26.749+0000] {processor.py:183} INFO - Processing /home/airflow/.local/lib/python3.11/site-packages/airflow/example_dags/example_dag_decorator.py took 0.083 seconds
[2024-03-04T16:14:57.399+0000] {processor.py:161} INFO - Started process (PID=2528) to work on /home/airflow/.local/lib/python3.11/site-packages/airflow/example_dags/example_dag_decorator.py
[2024-03-04T16:14:57.399+0000] {processor.py:830} INFO - Processing file /home/airflow/.local/lib/python3.11/site-packages/airflow/example_dags/example_dag_decorator.py for tasks to queue
[2024-03-04T16:14:57.400+0000] {logging_mixin.py:188} INFO - [2024-03-04T16:14:57.400+0000] {dagbag.py:540} INFO - Filling up the DagBag from /home/airflow/.local/lib/python3.11/site-packages/airflow/example_dags/example_dag_decorator.py
[2024-03-04T16:14:57.445+0000] {processor.py:840} INFO - DAG(s) 'example_dag_decorator' retrieved from /home/airflow/.local/lib/python3.11/site-packages/airflow/example_dags/example_dag_decorator.py
[2024-03-04T16:14:57.510+0000] {logging_mixin.py:188} INFO - [2024-03-04T16:14:57.510+0000] {dag.py:3047} INFO - Sync 1 DAGs
[2024-03-04T16:14:57.515+0000] {logging_mixin.py:188} INFO - [2024-03-04T16:14:57.515+0000] {dag.py:3834} INFO - Setting next_dagrun for example_dag_decorator to None, run_after=None
[2024-03-04T16:14:57.524+0000] {processor.py:183} INFO - Processing /home/airflow/.local/lib/python3.11/site-packages/airflow/example_dags/example_dag_decorator.py took 0.126 seconds
[2024-03-04T16:15:27.863+0000] {processor.py:161} INFO - Started process (PID=2583) to work on /home/airflow/.local/lib/python3.11/site-packages/airflow/example_dags/example_dag_decorator.py
[2024-03-04T16:15:27.864+0000] {processor.py:830} INFO - Processing file /home/airflow/.local/lib/python3.11/site-packages/airflow/example_dags/example_dag_decorator.py for tasks to queue
[2024-03-04T16:15:27.865+0000] {logging_mixin.py:188} INFO - [2024-03-04T16:15:27.865+0000] {dagbag.py:540} INFO - Filling up the DagBag from /home/airflow/.local/lib/python3.11/site-packages/airflow/example_dags/example_dag_decorator.py
[2024-03-04T16:15:27.921+0000] {processor.py:840} INFO - DAG(s) 'example_dag_decorator' retrieved from /home/airflow/.local/lib/python3.11/site-packages/airflow/example_dags/example_dag_decorator.py
[2024-03-04T16:15:27.977+0000] {logging_mixin.py:188} INFO - [2024-03-04T16:15:27.977+0000] {dag.py:3047} INFO - Sync 1 DAGs
[2024-03-04T16:15:27.981+0000] {logging_mixin.py:188} INFO - [2024-03-04T16:15:27.981+0000] {dag.py:3834} INFO - Setting next_dagrun for example_dag_decorator to None, run_after=None
[2024-03-04T16:15:27.988+0000] {processor.py:183} INFO - Processing /home/airflow/.local/lib/python3.11/site-packages/airflow/example_dags/example_dag_decorator.py took 0.127 seconds
[2024-03-04T16:15:58.693+0000] {processor.py:161} INFO - Started process (PID=2638) to work on /home/airflow/.local/lib/python3.11/site-packages/airflow/example_dags/example_dag_decorator.py
[2024-03-04T16:15:58.694+0000] {processor.py:830} INFO - Processing file /home/airflow/.local/lib/python3.11/site-packages/airflow/example_dags/example_dag_decorator.py for tasks to queue
[2024-03-04T16:15:58.696+0000] {logging_mixin.py:188} INFO - [2024-03-04T16:15:58.696+0000] {dagbag.py:540} INFO - Filling up the DagBag from /home/airflow/.local/lib/python3.11/site-packages/airflow/example_dags/example_dag_decorator.py
[2024-03-04T16:15:58.752+0000] {processor.py:840} INFO - DAG(s) 'example_dag_decorator' retrieved from /home/airflow/.local/lib/python3.11/site-packages/airflow/example_dags/example_dag_decorator.py
[2024-03-04T16:15:58.814+0000] {logging_mixin.py:188} INFO - [2024-03-04T16:15:58.813+0000] {dag.py:3047} INFO - Sync 1 DAGs
[2024-03-04T16:15:58.820+0000] {logging_mixin.py:188} INFO - [2024-03-04T16:15:58.819+0000] {dag.py:3834} INFO - Setting next_dagrun for example_dag_decorator to None, run_after=None
[2024-03-04T16:15:58.827+0000] {processor.py:183} INFO - Processing /home/airflow/.local/lib/python3.11/site-packages/airflow/example_dags/example_dag_decorator.py took 0.137 seconds
[2024-03-04T16:16:29.851+0000] {processor.py:161} INFO - Started process (PID=2693) to work on /home/airflow/.local/lib/python3.11/site-packages/airflow/example_dags/example_dag_decorator.py
[2024-03-04T16:16:29.853+0000] {processor.py:830} INFO - Processing file /home/airflow/.local/lib/python3.11/site-packages/airflow/example_dags/example_dag_decorator.py for tasks to queue
[2024-03-04T16:16:29.855+0000] {logging_mixin.py:188} INFO - [2024-03-04T16:16:29.855+0000] {dagbag.py:540} INFO - Filling up the DagBag from /home/airflow/.local/lib/python3.11/site-packages/airflow/example_dags/example_dag_decorator.py
[2024-03-04T16:16:30.813+0000] {processor.py:840} INFO - DAG(s) 'example_dag_decorator' retrieved from /home/airflow/.local/lib/python3.11/site-packages/airflow/example_dags/example_dag_decorator.py
[2024-03-04T16:16:31.038+0000] {logging_mixin.py:188} INFO - [2024-03-04T16:16:31.038+0000] {dag.py:3047} INFO - Sync 1 DAGs
[2024-03-04T16:16:31.045+0000] {logging_mixin.py:188} INFO - [2024-03-04T16:16:31.045+0000] {dag.py:3834} INFO - Setting next_dagrun for example_dag_decorator to None, run_after=None
[2024-03-04T16:16:31.055+0000] {processor.py:183} INFO - Processing /home/airflow/.local/lib/python3.11/site-packages/airflow/example_dags/example_dag_decorator.py took 1.214 seconds
[2024-03-04T16:17:01.095+0000] {processor.py:161} INFO - Started process (PID=2750) to work on /home/airflow/.local/lib/python3.11/site-packages/airflow/example_dags/example_dag_decorator.py
[2024-03-04T16:17:01.099+0000] {processor.py:830} INFO - Processing file /home/airflow/.local/lib/python3.11/site-packages/airflow/example_dags/example_dag_decorator.py for tasks to queue
[2024-03-04T16:17:01.100+0000] {logging_mixin.py:188} INFO - [2024-03-04T16:17:01.100+0000] {dagbag.py:540} INFO - Filling up the DagBag from /home/airflow/.local/lib/python3.11/site-packages/airflow/example_dags/example_dag_decorator.py
[2024-03-04T16:17:01.144+0000] {processor.py:840} INFO - DAG(s) 'example_dag_decorator' retrieved from /home/airflow/.local/lib/python3.11/site-packages/airflow/example_dags/example_dag_decorator.py
[2024-03-04T16:17:01.154+0000] {logging_mixin.py:188} INFO - [2024-03-04T16:17:01.154+0000] {dag.py:3047} INFO - Sync 1 DAGs
[2024-03-04T16:17:01.159+0000] {logging_mixin.py:188} INFO - [2024-03-04T16:17:01.159+0000] {dag.py:3834} INFO - Setting next_dagrun for example_dag_decorator to None, run_after=None
[2024-03-04T16:17:01.166+0000] {processor.py:183} INFO - Processing /home/airflow/.local/lib/python3.11/site-packages/airflow/example_dags/example_dag_decorator.py took 0.073 seconds
[2024-03-04T16:17:31.895+0000] {processor.py:161} INFO - Started process (PID=2803) to work on /home/airflow/.local/lib/python3.11/site-packages/airflow/example_dags/example_dag_decorator.py
[2024-03-04T16:17:31.897+0000] {processor.py:830} INFO - Processing file /home/airflow/.local/lib/python3.11/site-packages/airflow/example_dags/example_dag_decorator.py for tasks to queue
[2024-03-04T16:17:31.899+0000] {logging_mixin.py:188} INFO - [2024-03-04T16:17:31.899+0000] {dagbag.py:540} INFO - Filling up the DagBag from /home/airflow/.local/lib/python3.11/site-packages/airflow/example_dags/example_dag_decorator.py
[2024-03-04T16:17:31.968+0000] {processor.py:840} INFO - DAG(s) 'example_dag_decorator' retrieved from /home/airflow/.local/lib/python3.11/site-packages/airflow/example_dags/example_dag_decorator.py
[2024-03-04T16:17:32.023+0000] {logging_mixin.py:188} INFO - [2024-03-04T16:17:32.023+0000] {dag.py:3047} INFO - Sync 1 DAGs
[2024-03-04T16:17:32.030+0000] {logging_mixin.py:188} INFO - [2024-03-04T16:17:32.030+0000] {dag.py:3834} INFO - Setting next_dagrun for example_dag_decorator to None, run_after=None
[2024-03-04T16:17:32.044+0000] {processor.py:183} INFO - Processing /home/airflow/.local/lib/python3.11/site-packages/airflow/example_dags/example_dag_decorator.py took 0.154 seconds
[2024-03-04T16:18:02.216+0000] {processor.py:161} INFO - Started process (PID=2858) to work on /home/airflow/.local/lib/python3.11/site-packages/airflow/example_dags/example_dag_decorator.py
[2024-03-04T16:18:02.218+0000] {processor.py:830} INFO - Processing file /home/airflow/.local/lib/python3.11/site-packages/airflow/example_dags/example_dag_decorator.py for tasks to queue
[2024-03-04T16:18:02.220+0000] {logging_mixin.py:188} INFO - [2024-03-04T16:18:02.219+0000] {dagbag.py:540} INFO - Filling up the DagBag from /home/airflow/.local/lib/python3.11/site-packages/airflow/example_dags/example_dag_decorator.py
[2024-03-04T16:18:02.290+0000] {processor.py:840} INFO - DAG(s) 'example_dag_decorator' retrieved from /home/airflow/.local/lib/python3.11/site-packages/airflow/example_dags/example_dag_decorator.py
[2024-03-04T16:18:02.355+0000] {logging_mixin.py:188} INFO - [2024-03-04T16:18:02.355+0000] {dag.py:3047} INFO - Sync 1 DAGs
[2024-03-04T16:18:02.361+0000] {logging_mixin.py:188} INFO - [2024-03-04T16:18:02.361+0000] {dag.py:3834} INFO - Setting next_dagrun for example_dag_decorator to None, run_after=None
[2024-03-04T16:18:02.378+0000] {processor.py:183} INFO - Processing /home/airflow/.local/lib/python3.11/site-packages/airflow/example_dags/example_dag_decorator.py took 0.167 seconds
[2024-03-04T16:18:32.631+0000] {processor.py:161} INFO - Started process (PID=2913) to work on /home/airflow/.local/lib/python3.11/site-packages/airflow/example_dags/example_dag_decorator.py
[2024-03-04T16:18:32.633+0000] {processor.py:830} INFO - Processing file /home/airflow/.local/lib/python3.11/site-packages/airflow/example_dags/example_dag_decorator.py for tasks to queue
[2024-03-04T16:18:32.635+0000] {logging_mixin.py:188} INFO - [2024-03-04T16:18:32.634+0000] {dagbag.py:540} INFO - Filling up the DagBag from /home/airflow/.local/lib/python3.11/site-packages/airflow/example_dags/example_dag_decorator.py
[2024-03-04T16:18:32.710+0000] {processor.py:840} INFO - DAG(s) 'example_dag_decorator' retrieved from /home/airflow/.local/lib/python3.11/site-packages/airflow/example_dags/example_dag_decorator.py
[2024-03-04T16:18:32.772+0000] {logging_mixin.py:188} INFO - [2024-03-04T16:18:32.772+0000] {dag.py:3047} INFO - Sync 1 DAGs
[2024-03-04T16:18:32.779+0000] {logging_mixin.py:188} INFO - [2024-03-04T16:18:32.779+0000] {dag.py:3834} INFO - Setting next_dagrun for example_dag_decorator to None, run_after=None
[2024-03-04T16:18:32.787+0000] {processor.py:183} INFO - Processing /home/airflow/.local/lib/python3.11/site-packages/airflow/example_dags/example_dag_decorator.py took 0.161 seconds
[2024-03-04T16:19:02.807+0000] {processor.py:161} INFO - Started process (PID=2970) to work on /home/airflow/.local/lib/python3.11/site-packages/airflow/example_dags/example_dag_decorator.py
[2024-03-04T16:19:02.808+0000] {processor.py:830} INFO - Processing file /home/airflow/.local/lib/python3.11/site-packages/airflow/example_dags/example_dag_decorator.py for tasks to queue
[2024-03-04T16:19:02.809+0000] {logging_mixin.py:188} INFO - [2024-03-04T16:19:02.809+0000] {dagbag.py:540} INFO - Filling up the DagBag from /home/airflow/.local/lib/python3.11/site-packages/airflow/example_dags/example_dag_decorator.py
[2024-03-04T16:19:02.857+0000] {processor.py:840} INFO - DAG(s) 'example_dag_decorator' retrieved from /home/airflow/.local/lib/python3.11/site-packages/airflow/example_dags/example_dag_decorator.py
[2024-03-04T16:19:02.875+0000] {logging_mixin.py:188} INFO - [2024-03-04T16:19:02.875+0000] {dag.py:3047} INFO - Sync 1 DAGs
[2024-03-04T16:19:02.882+0000] {logging_mixin.py:188} INFO - [2024-03-04T16:19:02.882+0000] {dag.py:3834} INFO - Setting next_dagrun for example_dag_decorator to None, run_after=None
[2024-03-04T16:19:02.893+0000] {processor.py:183} INFO - Processing /home/airflow/.local/lib/python3.11/site-packages/airflow/example_dags/example_dag_decorator.py took 0.087 seconds
[2024-03-04T16:19:32.968+0000] {processor.py:161} INFO - Started process (PID=3023) to work on /home/airflow/.local/lib/python3.11/site-packages/airflow/example_dags/example_dag_decorator.py
[2024-03-04T16:19:32.970+0000] {processor.py:830} INFO - Processing file /home/airflow/.local/lib/python3.11/site-packages/airflow/example_dags/example_dag_decorator.py for tasks to queue
[2024-03-04T16:19:32.972+0000] {logging_mixin.py:188} INFO - [2024-03-04T16:19:32.972+0000] {dagbag.py:540} INFO - Filling up the DagBag from /home/airflow/.local/lib/python3.11/site-packages/airflow/example_dags/example_dag_decorator.py
[2024-03-04T16:19:33.057+0000] {processor.py:840} INFO - DAG(s) 'example_dag_decorator' retrieved from /home/airflow/.local/lib/python3.11/site-packages/airflow/example_dags/example_dag_decorator.py
[2024-03-04T16:19:33.115+0000] {logging_mixin.py:188} INFO - [2024-03-04T16:19:33.115+0000] {dag.py:3047} INFO - Sync 1 DAGs
[2024-03-04T16:19:33.126+0000] {logging_mixin.py:188} INFO - [2024-03-04T16:19:33.126+0000] {dag.py:3834} INFO - Setting next_dagrun for example_dag_decorator to None, run_after=None
[2024-03-04T16:19:33.136+0000] {processor.py:183} INFO - Processing /home/airflow/.local/lib/python3.11/site-packages/airflow/example_dags/example_dag_decorator.py took 0.172 seconds
[2024-03-04T16:20:03.184+0000] {processor.py:161} INFO - Started process (PID=3080) to work on /home/airflow/.local/lib/python3.11/site-packages/airflow/example_dags/example_dag_decorator.py
[2024-03-04T16:20:03.185+0000] {processor.py:830} INFO - Processing file /home/airflow/.local/lib/python3.11/site-packages/airflow/example_dags/example_dag_decorator.py for tasks to queue
[2024-03-04T16:20:03.186+0000] {logging_mixin.py:188} INFO - [2024-03-04T16:20:03.186+0000] {dagbag.py:540} INFO - Filling up the DagBag from /home/airflow/.local/lib/python3.11/site-packages/airflow/example_dags/example_dag_decorator.py
[2024-03-04T16:20:03.347+0000] {processor.py:840} INFO - DAG(s) 'example_dag_decorator' retrieved from /home/airflow/.local/lib/python3.11/site-packages/airflow/example_dags/example_dag_decorator.py
[2024-03-04T16:20:03.522+0000] {logging_mixin.py:188} INFO - [2024-03-04T16:20:03.522+0000] {dag.py:3047} INFO - Sync 1 DAGs
[2024-03-04T16:20:03.529+0000] {logging_mixin.py:188} INFO - [2024-03-04T16:20:03.529+0000] {dag.py:3834} INFO - Setting next_dagrun for example_dag_decorator to None, run_after=None
[2024-03-04T16:20:03.547+0000] {processor.py:183} INFO - Processing /home/airflow/.local/lib/python3.11/site-packages/airflow/example_dags/example_dag_decorator.py took 0.364 seconds
[2024-03-04T16:20:33.833+0000] {processor.py:161} INFO - Started process (PID=3133) to work on /home/airflow/.local/lib/python3.11/site-packages/airflow/example_dags/example_dag_decorator.py
[2024-03-04T16:20:33.834+0000] {processor.py:830} INFO - Processing file /home/airflow/.local/lib/python3.11/site-packages/airflow/example_dags/example_dag_decorator.py for tasks to queue
[2024-03-04T16:20:33.834+0000] {logging_mixin.py:188} INFO - [2024-03-04T16:20:33.834+0000] {dagbag.py:540} INFO - Filling up the DagBag from /home/airflow/.local/lib/python3.11/site-packages/airflow/example_dags/example_dag_decorator.py
[2024-03-04T16:20:33.883+0000] {processor.py:840} INFO - DAG(s) 'example_dag_decorator' retrieved from /home/airflow/.local/lib/python3.11/site-packages/airflow/example_dags/example_dag_decorator.py
[2024-03-04T16:20:33.948+0000] {logging_mixin.py:188} INFO - [2024-03-04T16:20:33.948+0000] {dag.py:3047} INFO - Sync 1 DAGs
[2024-03-04T16:20:33.952+0000] {logging_mixin.py:188} INFO - [2024-03-04T16:20:33.952+0000] {dag.py:3834} INFO - Setting next_dagrun for example_dag_decorator to None, run_after=None
[2024-03-04T16:20:33.960+0000] {processor.py:183} INFO - Processing /home/airflow/.local/lib/python3.11/site-packages/airflow/example_dags/example_dag_decorator.py took 0.128 seconds
[2024-03-04T16:21:04.065+0000] {processor.py:161} INFO - Started process (PID=3188) to work on /home/airflow/.local/lib/python3.11/site-packages/airflow/example_dags/example_dag_decorator.py
[2024-03-04T16:21:04.065+0000] {processor.py:830} INFO - Processing file /home/airflow/.local/lib/python3.11/site-packages/airflow/example_dags/example_dag_decorator.py for tasks to queue
[2024-03-04T16:21:04.066+0000] {logging_mixin.py:188} INFO - [2024-03-04T16:21:04.066+0000] {dagbag.py:540} INFO - Filling up the DagBag from /home/airflow/.local/lib/python3.11/site-packages/airflow/example_dags/example_dag_decorator.py
[2024-03-04T16:21:04.127+0000] {processor.py:840} INFO - DAG(s) 'example_dag_decorator' retrieved from /home/airflow/.local/lib/python3.11/site-packages/airflow/example_dags/example_dag_decorator.py
[2024-03-04T16:21:04.137+0000] {logging_mixin.py:188} INFO - [2024-03-04T16:21:04.137+0000] {dag.py:3047} INFO - Sync 1 DAGs
[2024-03-04T16:21:04.143+0000] {logging_mixin.py:188} INFO - [2024-03-04T16:21:04.143+0000] {dag.py:3834} INFO - Setting next_dagrun for example_dag_decorator to None, run_after=None
[2024-03-04T16:21:04.150+0000] {processor.py:183} INFO - Processing /home/airflow/.local/lib/python3.11/site-packages/airflow/example_dags/example_dag_decorator.py took 0.087 seconds
[2024-03-04T16:21:34.303+0000] {processor.py:161} INFO - Started process (PID=3243) to work on /home/airflow/.local/lib/python3.11/site-packages/airflow/example_dags/example_dag_decorator.py
[2024-03-04T16:21:34.304+0000] {processor.py:830} INFO - Processing file /home/airflow/.local/lib/python3.11/site-packages/airflow/example_dags/example_dag_decorator.py for tasks to queue
[2024-03-04T16:21:34.305+0000] {logging_mixin.py:188} INFO - [2024-03-04T16:21:34.305+0000] {dagbag.py:540} INFO - Filling up the DagBag from /home/airflow/.local/lib/python3.11/site-packages/airflow/example_dags/example_dag_decorator.py
[2024-03-04T16:21:34.354+0000] {processor.py:840} INFO - DAG(s) 'example_dag_decorator' retrieved from /home/airflow/.local/lib/python3.11/site-packages/airflow/example_dags/example_dag_decorator.py
[2024-03-04T16:21:34.415+0000] {logging_mixin.py:188} INFO - [2024-03-04T16:21:34.415+0000] {dag.py:3047} INFO - Sync 1 DAGs
[2024-03-04T16:21:34.419+0000] {logging_mixin.py:188} INFO - [2024-03-04T16:21:34.419+0000] {dag.py:3834} INFO - Setting next_dagrun for example_dag_decorator to None, run_after=None
[2024-03-04T16:21:34.426+0000] {processor.py:183} INFO - Processing /home/airflow/.local/lib/python3.11/site-packages/airflow/example_dags/example_dag_decorator.py took 0.124 seconds
[2024-03-04T16:22:04.631+0000] {processor.py:161} INFO - Started process (PID=3298) to work on /home/airflow/.local/lib/python3.11/site-packages/airflow/example_dags/example_dag_decorator.py
[2024-03-04T16:22:04.632+0000] {processor.py:830} INFO - Processing file /home/airflow/.local/lib/python3.11/site-packages/airflow/example_dags/example_dag_decorator.py for tasks to queue
[2024-03-04T16:22:04.633+0000] {logging_mixin.py:188} INFO - [2024-03-04T16:22:04.633+0000] {dagbag.py:540} INFO - Filling up the DagBag from /home/airflow/.local/lib/python3.11/site-packages/airflow/example_dags/example_dag_decorator.py
[2024-03-04T16:22:04.682+0000] {processor.py:840} INFO - DAG(s) 'example_dag_decorator' retrieved from /home/airflow/.local/lib/python3.11/site-packages/airflow/example_dags/example_dag_decorator.py
[2024-03-04T16:22:04.731+0000] {logging_mixin.py:188} INFO - [2024-03-04T16:22:04.731+0000] {dag.py:3047} INFO - Sync 1 DAGs
[2024-03-04T16:22:04.736+0000] {logging_mixin.py:188} INFO - [2024-03-04T16:22:04.736+0000] {dag.py:3834} INFO - Setting next_dagrun for example_dag_decorator to None, run_after=None
[2024-03-04T16:22:04.743+0000] {processor.py:183} INFO - Processing /home/airflow/.local/lib/python3.11/site-packages/airflow/example_dags/example_dag_decorator.py took 0.114 seconds
[2024-03-04T16:22:34.953+0000] {processor.py:161} INFO - Started process (PID=3355) to work on /home/airflow/.local/lib/python3.11/site-packages/airflow/example_dags/example_dag_decorator.py
[2024-03-04T16:22:34.954+0000] {processor.py:830} INFO - Processing file /home/airflow/.local/lib/python3.11/site-packages/airflow/example_dags/example_dag_decorator.py for tasks to queue
[2024-03-04T16:22:34.955+0000] {logging_mixin.py:188} INFO - [2024-03-04T16:22:34.955+0000] {dagbag.py:540} INFO - Filling up the DagBag from /home/airflow/.local/lib/python3.11/site-packages/airflow/example_dags/example_dag_decorator.py
[2024-03-04T16:22:34.999+0000] {processor.py:840} INFO - DAG(s) 'example_dag_decorator' retrieved from /home/airflow/.local/lib/python3.11/site-packages/airflow/example_dags/example_dag_decorator.py
[2024-03-04T16:22:35.048+0000] {logging_mixin.py:188} INFO - [2024-03-04T16:22:35.048+0000] {dag.py:3047} INFO - Sync 1 DAGs
[2024-03-04T16:22:35.052+0000] {logging_mixin.py:188} INFO - [2024-03-04T16:22:35.052+0000] {dag.py:3834} INFO - Setting next_dagrun for example_dag_decorator to None, run_after=None
[2024-03-04T16:22:35.059+0000] {processor.py:183} INFO - Processing /home/airflow/.local/lib/python3.11/site-packages/airflow/example_dags/example_dag_decorator.py took 0.107 seconds
[2024-03-04T16:23:05.112+0000] {processor.py:161} INFO - Started process (PID=3408) to work on /home/airflow/.local/lib/python3.11/site-packages/airflow/example_dags/example_dag_decorator.py
[2024-03-04T16:23:05.113+0000] {processor.py:830} INFO - Processing file /home/airflow/.local/lib/python3.11/site-packages/airflow/example_dags/example_dag_decorator.py for tasks to queue
[2024-03-04T16:23:05.113+0000] {logging_mixin.py:188} INFO - [2024-03-04T16:23:05.113+0000] {dagbag.py:540} INFO - Filling up the DagBag from /home/airflow/.local/lib/python3.11/site-packages/airflow/example_dags/example_dag_decorator.py
[2024-03-04T16:23:05.159+0000] {processor.py:840} INFO - DAG(s) 'example_dag_decorator' retrieved from /home/airflow/.local/lib/python3.11/site-packages/airflow/example_dags/example_dag_decorator.py
[2024-03-04T16:23:05.207+0000] {logging_mixin.py:188} INFO - [2024-03-04T16:23:05.207+0000] {dag.py:3047} INFO - Sync 1 DAGs
[2024-03-04T16:23:05.212+0000] {logging_mixin.py:188} INFO - [2024-03-04T16:23:05.212+0000] {dag.py:3834} INFO - Setting next_dagrun for example_dag_decorator to None, run_after=None
[2024-03-04T16:23:05.220+0000] {processor.py:183} INFO - Processing /home/airflow/.local/lib/python3.11/site-packages/airflow/example_dags/example_dag_decorator.py took 0.110 seconds
[2024-03-04T16:23:35.283+0000] {processor.py:161} INFO - Started process (PID=3462) to work on /home/airflow/.local/lib/python3.11/site-packages/airflow/example_dags/example_dag_decorator.py
[2024-03-04T16:23:35.284+0000] {processor.py:830} INFO - Processing file /home/airflow/.local/lib/python3.11/site-packages/airflow/example_dags/example_dag_decorator.py for tasks to queue
[2024-03-04T16:23:35.285+0000] {logging_mixin.py:188} INFO - [2024-03-04T16:23:35.285+0000] {dagbag.py:540} INFO - Filling up the DagBag from /home/airflow/.local/lib/python3.11/site-packages/airflow/example_dags/example_dag_decorator.py
[2024-03-04T16:23:35.334+0000] {processor.py:840} INFO - DAG(s) 'example_dag_decorator' retrieved from /home/airflow/.local/lib/python3.11/site-packages/airflow/example_dags/example_dag_decorator.py
[2024-03-04T16:23:35.719+0000] {logging_mixin.py:188} INFO - [2024-03-04T16:23:35.719+0000] {dag.py:3047} INFO - Sync 1 DAGs
[2024-03-04T16:23:35.726+0000] {logging_mixin.py:188} INFO - [2024-03-04T16:23:35.725+0000] {dag.py:3834} INFO - Setting next_dagrun for example_dag_decorator to None, run_after=None
[2024-03-04T16:23:35.745+0000] {processor.py:183} INFO - Processing /home/airflow/.local/lib/python3.11/site-packages/airflow/example_dags/example_dag_decorator.py took 0.463 seconds
[2024-03-04T16:24:06.021+0000] {processor.py:161} INFO - Started process (PID=3518) to work on /home/airflow/.local/lib/python3.11/site-packages/airflow/example_dags/example_dag_decorator.py
[2024-03-04T16:24:06.022+0000] {processor.py:830} INFO - Processing file /home/airflow/.local/lib/python3.11/site-packages/airflow/example_dags/example_dag_decorator.py for tasks to queue
[2024-03-04T16:24:06.023+0000] {logging_mixin.py:188} INFO - [2024-03-04T16:24:06.023+0000] {dagbag.py:540} INFO - Filling up the DagBag from /home/airflow/.local/lib/python3.11/site-packages/airflow/example_dags/example_dag_decorator.py
[2024-03-04T16:24:06.108+0000] {processor.py:840} INFO - DAG(s) 'example_dag_decorator' retrieved from /home/airflow/.local/lib/python3.11/site-packages/airflow/example_dags/example_dag_decorator.py
[2024-03-04T16:24:06.282+0000] {logging_mixin.py:188} INFO - [2024-03-04T16:24:06.282+0000] {dag.py:3047} INFO - Sync 1 DAGs
[2024-03-04T16:24:06.293+0000] {logging_mixin.py:188} INFO - [2024-03-04T16:24:06.293+0000] {dag.py:3834} INFO - Setting next_dagrun for example_dag_decorator to None, run_after=None
[2024-03-04T16:24:06.340+0000] {processor.py:183} INFO - Processing /home/airflow/.local/lib/python3.11/site-packages/airflow/example_dags/example_dag_decorator.py took 0.321 seconds
[2024-03-04T16:24:37.097+0000] {processor.py:161} INFO - Started process (PID=3572) to work on /home/airflow/.local/lib/python3.11/site-packages/airflow/example_dags/example_dag_decorator.py
[2024-03-04T16:24:37.101+0000] {processor.py:830} INFO - Processing file /home/airflow/.local/lib/python3.11/site-packages/airflow/example_dags/example_dag_decorator.py for tasks to queue
[2024-03-04T16:24:37.108+0000] {logging_mixin.py:188} INFO - [2024-03-04T16:24:37.107+0000] {dagbag.py:540} INFO - Filling up the DagBag from /home/airflow/.local/lib/python3.11/site-packages/airflow/example_dags/example_dag_decorator.py
[2024-03-04T16:24:37.209+0000] {processor.py:840} INFO - DAG(s) 'example_dag_decorator' retrieved from /home/airflow/.local/lib/python3.11/site-packages/airflow/example_dags/example_dag_decorator.py
[2024-03-04T16:24:37.327+0000] {logging_mixin.py:188} INFO - [2024-03-04T16:24:37.327+0000] {dag.py:3047} INFO - Sync 1 DAGs
[2024-03-04T16:24:37.333+0000] {logging_mixin.py:188} INFO - [2024-03-04T16:24:37.332+0000] {dag.py:3834} INFO - Setting next_dagrun for example_dag_decorator to None, run_after=None
[2024-03-04T16:24:37.342+0000] {processor.py:183} INFO - Processing /home/airflow/.local/lib/python3.11/site-packages/airflow/example_dags/example_dag_decorator.py took 0.252 seconds
[2024-03-04T16:25:07.406+0000] {processor.py:161} INFO - Started process (PID=3628) to work on /home/airflow/.local/lib/python3.11/site-packages/airflow/example_dags/example_dag_decorator.py
[2024-03-04T16:25:07.406+0000] {processor.py:830} INFO - Processing file /home/airflow/.local/lib/python3.11/site-packages/airflow/example_dags/example_dag_decorator.py for tasks to queue
[2024-03-04T16:25:07.407+0000] {logging_mixin.py:188} INFO - [2024-03-04T16:25:07.407+0000] {dagbag.py:540} INFO - Filling up the DagBag from /home/airflow/.local/lib/python3.11/site-packages/airflow/example_dags/example_dag_decorator.py
[2024-03-04T16:25:07.454+0000] {processor.py:840} INFO - DAG(s) 'example_dag_decorator' retrieved from /home/airflow/.local/lib/python3.11/site-packages/airflow/example_dags/example_dag_decorator.py
[2024-03-04T16:25:07.526+0000] {logging_mixin.py:188} INFO - [2024-03-04T16:25:07.526+0000] {dag.py:3047} INFO - Sync 1 DAGs
[2024-03-04T16:25:07.530+0000] {logging_mixin.py:188} INFO - [2024-03-04T16:25:07.530+0000] {dag.py:3834} INFO - Setting next_dagrun for example_dag_decorator to None, run_after=None
[2024-03-04T16:25:07.538+0000] {processor.py:183} INFO - Processing /home/airflow/.local/lib/python3.11/site-packages/airflow/example_dags/example_dag_decorator.py took 0.133 seconds
[2024-03-04T16:25:38.046+0000] {processor.py:161} INFO - Started process (PID=3682) to work on /home/airflow/.local/lib/python3.11/site-packages/airflow/example_dags/example_dag_decorator.py
[2024-03-04T16:25:38.047+0000] {processor.py:830} INFO - Processing file /home/airflow/.local/lib/python3.11/site-packages/airflow/example_dags/example_dag_decorator.py for tasks to queue
[2024-03-04T16:25:38.049+0000] {logging_mixin.py:188} INFO - [2024-03-04T16:25:38.048+0000] {dagbag.py:540} INFO - Filling up the DagBag from /home/airflow/.local/lib/python3.11/site-packages/airflow/example_dags/example_dag_decorator.py
[2024-03-04T16:25:38.119+0000] {processor.py:840} INFO - DAG(s) 'example_dag_decorator' retrieved from /home/airflow/.local/lib/python3.11/site-packages/airflow/example_dags/example_dag_decorator.py
[2024-03-04T16:25:38.192+0000] {logging_mixin.py:188} INFO - [2024-03-04T16:25:38.192+0000] {dag.py:3047} INFO - Sync 1 DAGs
[2024-03-04T16:25:38.199+0000] {logging_mixin.py:188} INFO - [2024-03-04T16:25:38.198+0000] {dag.py:3834} INFO - Setting next_dagrun for example_dag_decorator to None, run_after=None
[2024-03-04T16:25:38.212+0000] {processor.py:183} INFO - Processing /home/airflow/.local/lib/python3.11/site-packages/airflow/example_dags/example_dag_decorator.py took 0.170 seconds
[2024-03-04T16:26:08.763+0000] {processor.py:161} INFO - Started process (PID=3737) to work on /home/airflow/.local/lib/python3.11/site-packages/airflow/example_dags/example_dag_decorator.py
[2024-03-04T16:26:08.765+0000] {processor.py:830} INFO - Processing file /home/airflow/.local/lib/python3.11/site-packages/airflow/example_dags/example_dag_decorator.py for tasks to queue
[2024-03-04T16:26:08.767+0000] {logging_mixin.py:188} INFO - [2024-03-04T16:26:08.767+0000] {dagbag.py:540} INFO - Filling up the DagBag from /home/airflow/.local/lib/python3.11/site-packages/airflow/example_dags/example_dag_decorator.py
[2024-03-04T16:26:08.860+0000] {processor.py:840} INFO - DAG(s) 'example_dag_decorator' retrieved from /home/airflow/.local/lib/python3.11/site-packages/airflow/example_dags/example_dag_decorator.py
[2024-03-04T16:26:08.977+0000] {logging_mixin.py:188} INFO - [2024-03-04T16:26:08.977+0000] {dag.py:3047} INFO - Sync 1 DAGs
[2024-03-04T16:26:08.984+0000] {logging_mixin.py:188} INFO - [2024-03-04T16:26:08.984+0000] {dag.py:3834} INFO - Setting next_dagrun for example_dag_decorator to None, run_after=None
[2024-03-04T16:26:08.996+0000] {processor.py:183} INFO - Processing /home/airflow/.local/lib/python3.11/site-packages/airflow/example_dags/example_dag_decorator.py took 0.235 seconds
[2024-03-04T16:26:39.640+0000] {processor.py:161} INFO - Started process (PID=3792) to work on /home/airflow/.local/lib/python3.11/site-packages/airflow/example_dags/example_dag_decorator.py
[2024-03-04T16:26:39.641+0000] {processor.py:830} INFO - Processing file /home/airflow/.local/lib/python3.11/site-packages/airflow/example_dags/example_dag_decorator.py for tasks to queue
[2024-03-04T16:26:39.642+0000] {logging_mixin.py:188} INFO - [2024-03-04T16:26:39.642+0000] {dagbag.py:540} INFO - Filling up the DagBag from /home/airflow/.local/lib/python3.11/site-packages/airflow/example_dags/example_dag_decorator.py
[2024-03-04T16:26:39.698+0000] {processor.py:840} INFO - DAG(s) 'example_dag_decorator' retrieved from /home/airflow/.local/lib/python3.11/site-packages/airflow/example_dags/example_dag_decorator.py
[2024-03-04T16:26:39.753+0000] {logging_mixin.py:188} INFO - [2024-03-04T16:26:39.753+0000] {dag.py:3047} INFO - Sync 1 DAGs
[2024-03-04T16:26:39.757+0000] {logging_mixin.py:188} INFO - [2024-03-04T16:26:39.757+0000] {dag.py:3834} INFO - Setting next_dagrun for example_dag_decorator to None, run_after=None
[2024-03-04T16:26:39.766+0000] {processor.py:183} INFO - Processing /home/airflow/.local/lib/python3.11/site-packages/airflow/example_dags/example_dag_decorator.py took 0.127 seconds
[2024-03-04T16:27:10.544+0000] {processor.py:161} INFO - Started process (PID=3847) to work on /home/airflow/.local/lib/python3.11/site-packages/airflow/example_dags/example_dag_decorator.py
[2024-03-04T16:27:10.545+0000] {processor.py:830} INFO - Processing file /home/airflow/.local/lib/python3.11/site-packages/airflow/example_dags/example_dag_decorator.py for tasks to queue
[2024-03-04T16:27:10.546+0000] {logging_mixin.py:188} INFO - [2024-03-04T16:27:10.546+0000] {dagbag.py:540} INFO - Filling up the DagBag from /home/airflow/.local/lib/python3.11/site-packages/airflow/example_dags/example_dag_decorator.py
[2024-03-04T16:27:10.592+0000] {processor.py:840} INFO - DAG(s) 'example_dag_decorator' retrieved from /home/airflow/.local/lib/python3.11/site-packages/airflow/example_dags/example_dag_decorator.py
[2024-03-04T16:27:10.640+0000] {logging_mixin.py:188} INFO - [2024-03-04T16:27:10.640+0000] {dag.py:3047} INFO - Sync 1 DAGs
[2024-03-04T16:27:10.645+0000] {logging_mixin.py:188} INFO - [2024-03-04T16:27:10.644+0000] {dag.py:3834} INFO - Setting next_dagrun for example_dag_decorator to None, run_after=None
[2024-03-04T16:27:10.651+0000] {processor.py:183} INFO - Processing /home/airflow/.local/lib/python3.11/site-packages/airflow/example_dags/example_dag_decorator.py took 0.109 seconds
[2024-03-04T16:27:40.788+0000] {processor.py:161} INFO - Started process (PID=3902) to work on /home/airflow/.local/lib/python3.11/site-packages/airflow/example_dags/example_dag_decorator.py
[2024-03-04T16:27:40.789+0000] {processor.py:830} INFO - Processing file /home/airflow/.local/lib/python3.11/site-packages/airflow/example_dags/example_dag_decorator.py for tasks to queue
[2024-03-04T16:27:40.790+0000] {logging_mixin.py:188} INFO - [2024-03-04T16:27:40.790+0000] {dagbag.py:540} INFO - Filling up the DagBag from /home/airflow/.local/lib/python3.11/site-packages/airflow/example_dags/example_dag_decorator.py
[2024-03-04T16:27:40.852+0000] {processor.py:840} INFO - DAG(s) 'example_dag_decorator' retrieved from /home/airflow/.local/lib/python3.11/site-packages/airflow/example_dags/example_dag_decorator.py
[2024-03-04T16:27:40.913+0000] {logging_mixin.py:188} INFO - [2024-03-04T16:27:40.913+0000] {dag.py:3047} INFO - Sync 1 DAGs
[2024-03-04T16:27:40.917+0000] {logging_mixin.py:188} INFO - [2024-03-04T16:27:40.917+0000] {dag.py:3834} INFO - Setting next_dagrun for example_dag_decorator to None, run_after=None
[2024-03-04T16:27:40.924+0000] {processor.py:183} INFO - Processing /home/airflow/.local/lib/python3.11/site-packages/airflow/example_dags/example_dag_decorator.py took 0.138 seconds
[2024-03-04T16:28:11.055+0000] {processor.py:161} INFO - Started process (PID=3957) to work on /home/airflow/.local/lib/python3.11/site-packages/airflow/example_dags/example_dag_decorator.py
[2024-03-04T16:28:11.056+0000] {processor.py:830} INFO - Processing file /home/airflow/.local/lib/python3.11/site-packages/airflow/example_dags/example_dag_decorator.py for tasks to queue
[2024-03-04T16:28:11.057+0000] {logging_mixin.py:188} INFO - [2024-03-04T16:28:11.057+0000] {dagbag.py:540} INFO - Filling up the DagBag from /home/airflow/.local/lib/python3.11/site-packages/airflow/example_dags/example_dag_decorator.py
[2024-03-04T16:28:11.104+0000] {processor.py:840} INFO - DAG(s) 'example_dag_decorator' retrieved from /home/airflow/.local/lib/python3.11/site-packages/airflow/example_dags/example_dag_decorator.py
[2024-03-04T16:28:11.159+0000] {logging_mixin.py:188} INFO - [2024-03-04T16:28:11.159+0000] {dag.py:3047} INFO - Sync 1 DAGs
[2024-03-04T16:28:11.164+0000] {logging_mixin.py:188} INFO - [2024-03-04T16:28:11.164+0000] {dag.py:3834} INFO - Setting next_dagrun for example_dag_decorator to None, run_after=None
[2024-03-04T16:28:11.171+0000] {processor.py:183} INFO - Processing /home/airflow/.local/lib/python3.11/site-packages/airflow/example_dags/example_dag_decorator.py took 0.118 seconds
