[2024-03-04T15:51:52.254+0000] {processor.py:161} INFO - Started process (PID=34) to work on /home/airflow/.local/lib/python3.11/site-packages/airflow/example_dags/example_latest_only.py
[2024-03-04T15:51:52.255+0000] {processor.py:830} INFO - Processing file /home/airflow/.local/lib/python3.11/site-packages/airflow/example_dags/example_latest_only.py for tasks to queue
[2024-03-04T15:51:52.257+0000] {logging_mixin.py:188} INFO - [2024-03-04T15:51:52.257+0000] {dagbag.py:540} INFO - Filling up the DagBag from /home/airflow/.local/lib/python3.11/site-packages/airflow/example_dags/example_latest_only.py
[2024-03-04T15:51:52.268+0000] {processor.py:840} INFO - DAG(s) 'latest_only' retrieved from /home/airflow/.local/lib/python3.11/site-packages/airflow/example_dags/example_latest_only.py
[2024-03-04T15:51:52.395+0000] {logging_mixin.py:188} INFO - [2024-03-04T15:51:52.394+0000] {override.py:1769} INFO - Created Permission View: can read on DAG:latest_only
[2024-03-04T15:51:52.401+0000] {logging_mixin.py:188} INFO - [2024-03-04T15:51:52.401+0000] {override.py:1769} INFO - Created Permission View: can delete on DAG:latest_only
[2024-03-04T15:51:52.404+0000] {logging_mixin.py:188} INFO - [2024-03-04T15:51:52.404+0000] {override.py:1769} INFO - Created Permission View: can edit on DAG:latest_only
[2024-03-04T15:51:52.404+0000] {logging_mixin.py:188} INFO - [2024-03-04T15:51:52.404+0000] {dag.py:3047} INFO - Sync 1 DAGs
[2024-03-04T15:51:52.414+0000] {logging_mixin.py:188} INFO - [2024-03-04T15:51:52.413+0000] {dag.py:3069} INFO - Creating ORM DAG for latest_only
[2024-03-04T15:51:52.432+0000] {logging_mixin.py:188} INFO - [2024-03-04T15:51:52.431+0000] {dag.py:3834} INFO - Setting next_dagrun for latest_only to 2024-03-04 08:00:00+00:00, run_after=2024-03-04 12:00:00+00:00
[2024-03-04T15:51:52.491+0000] {processor.py:183} INFO - Processing /home/airflow/.local/lib/python3.11/site-packages/airflow/example_dags/example_latest_only.py took 0.240 seconds
[2024-03-04T15:52:23.269+0000] {processor.py:161} INFO - Started process (PID=89) to work on /home/airflow/.local/lib/python3.11/site-packages/airflow/example_dags/example_latest_only.py
[2024-03-04T15:52:23.270+0000] {processor.py:830} INFO - Processing file /home/airflow/.local/lib/python3.11/site-packages/airflow/example_dags/example_latest_only.py for tasks to queue
[2024-03-04T15:52:23.272+0000] {logging_mixin.py:188} INFO - [2024-03-04T15:52:23.271+0000] {dagbag.py:540} INFO - Filling up the DagBag from /home/airflow/.local/lib/python3.11/site-packages/airflow/example_dags/example_latest_only.py
[2024-03-04T15:52:23.275+0000] {processor.py:840} INFO - DAG(s) 'latest_only' retrieved from /home/airflow/.local/lib/python3.11/site-packages/airflow/example_dags/example_latest_only.py
[2024-03-04T15:52:23.288+0000] {logging_mixin.py:188} INFO - [2024-03-04T15:52:23.288+0000] {dag.py:3047} INFO - Sync 1 DAGs
[2024-03-04T15:52:23.304+0000] {logging_mixin.py:188} INFO - [2024-03-04T15:52:23.304+0000] {dag.py:3834} INFO - Setting next_dagrun for latest_only to 2024-03-04 08:00:00+00:00, run_after=2024-03-04 12:00:00+00:00
[2024-03-04T15:52:23.316+0000] {processor.py:183} INFO - Processing /home/airflow/.local/lib/python3.11/site-packages/airflow/example_dags/example_latest_only.py took 0.051 seconds
[2024-03-04T15:52:54.182+0000] {processor.py:161} INFO - Started process (PID=144) to work on /home/airflow/.local/lib/python3.11/site-packages/airflow/example_dags/example_latest_only.py
[2024-03-04T15:52:54.185+0000] {processor.py:830} INFO - Processing file /home/airflow/.local/lib/python3.11/site-packages/airflow/example_dags/example_latest_only.py for tasks to queue
[2024-03-04T15:52:54.187+0000] {logging_mixin.py:188} INFO - [2024-03-04T15:52:54.187+0000] {dagbag.py:540} INFO - Filling up the DagBag from /home/airflow/.local/lib/python3.11/site-packages/airflow/example_dags/example_latest_only.py
[2024-03-04T15:52:54.191+0000] {processor.py:840} INFO - DAG(s) 'latest_only' retrieved from /home/airflow/.local/lib/python3.11/site-packages/airflow/example_dags/example_latest_only.py
[2024-03-04T15:52:54.203+0000] {logging_mixin.py:188} INFO - [2024-03-04T15:52:54.203+0000] {dag.py:3047} INFO - Sync 1 DAGs
[2024-03-04T15:52:54.216+0000] {logging_mixin.py:188} INFO - [2024-03-04T15:52:54.216+0000] {dag.py:3834} INFO - Setting next_dagrun for latest_only to 2024-03-04 08:00:00+00:00, run_after=2024-03-04 12:00:00+00:00
[2024-03-04T15:52:54.225+0000] {processor.py:183} INFO - Processing /home/airflow/.local/lib/python3.11/site-packages/airflow/example_dags/example_latest_only.py took 0.046 seconds
[2024-03-04T15:53:24.403+0000] {processor.py:161} INFO - Started process (PID=199) to work on /home/airflow/.local/lib/python3.11/site-packages/airflow/example_dags/example_latest_only.py
[2024-03-04T15:53:24.405+0000] {processor.py:830} INFO - Processing file /home/airflow/.local/lib/python3.11/site-packages/airflow/example_dags/example_latest_only.py for tasks to queue
[2024-03-04T15:53:24.407+0000] {logging_mixin.py:188} INFO - [2024-03-04T15:53:24.407+0000] {dagbag.py:540} INFO - Filling up the DagBag from /home/airflow/.local/lib/python3.11/site-packages/airflow/example_dags/example_latest_only.py
[2024-03-04T15:53:24.429+0000] {processor.py:840} INFO - DAG(s) 'latest_only' retrieved from /home/airflow/.local/lib/python3.11/site-packages/airflow/example_dags/example_latest_only.py
[2024-03-04T15:53:24.495+0000] {logging_mixin.py:188} INFO - [2024-03-04T15:53:24.495+0000] {dag.py:3047} INFO - Sync 1 DAGs
[2024-03-04T15:53:24.535+0000] {logging_mixin.py:188} INFO - [2024-03-04T15:53:24.534+0000] {dag.py:3834} INFO - Setting next_dagrun for latest_only to 2024-03-04 08:00:00+00:00, run_after=2024-03-04 12:00:00+00:00
[2024-03-04T15:53:24.551+0000] {processor.py:183} INFO - Processing /home/airflow/.local/lib/python3.11/site-packages/airflow/example_dags/example_latest_only.py took 0.152 seconds
[2024-03-04T15:53:55.502+0000] {processor.py:161} INFO - Started process (PID=254) to work on /home/airflow/.local/lib/python3.11/site-packages/airflow/example_dags/example_latest_only.py
[2024-03-04T15:53:55.503+0000] {processor.py:830} INFO - Processing file /home/airflow/.local/lib/python3.11/site-packages/airflow/example_dags/example_latest_only.py for tasks to queue
[2024-03-04T15:53:55.505+0000] {logging_mixin.py:188} INFO - [2024-03-04T15:53:55.505+0000] {dagbag.py:540} INFO - Filling up the DagBag from /home/airflow/.local/lib/python3.11/site-packages/airflow/example_dags/example_latest_only.py
[2024-03-04T15:53:55.510+0000] {processor.py:840} INFO - DAG(s) 'latest_only' retrieved from /home/airflow/.local/lib/python3.11/site-packages/airflow/example_dags/example_latest_only.py
[2024-03-04T15:53:55.526+0000] {logging_mixin.py:188} INFO - [2024-03-04T15:53:55.526+0000] {dag.py:3047} INFO - Sync 1 DAGs
[2024-03-04T15:53:55.539+0000] {logging_mixin.py:188} INFO - [2024-03-04T15:53:55.539+0000] {dag.py:3834} INFO - Setting next_dagrun for latest_only to 2024-03-04 08:00:00+00:00, run_after=2024-03-04 12:00:00+00:00
[2024-03-04T15:53:55.547+0000] {processor.py:183} INFO - Processing /home/airflow/.local/lib/python3.11/site-packages/airflow/example_dags/example_latest_only.py took 0.049 seconds
[2024-03-04T15:54:26.402+0000] {processor.py:161} INFO - Started process (PID=309) to work on /home/airflow/.local/lib/python3.11/site-packages/airflow/example_dags/example_latest_only.py
[2024-03-04T15:54:26.403+0000] {processor.py:830} INFO - Processing file /home/airflow/.local/lib/python3.11/site-packages/airflow/example_dags/example_latest_only.py for tasks to queue
[2024-03-04T15:54:26.405+0000] {logging_mixin.py:188} INFO - [2024-03-04T15:54:26.405+0000] {dagbag.py:540} INFO - Filling up the DagBag from /home/airflow/.local/lib/python3.11/site-packages/airflow/example_dags/example_latest_only.py
[2024-03-04T15:54:26.410+0000] {processor.py:840} INFO - DAG(s) 'latest_only' retrieved from /home/airflow/.local/lib/python3.11/site-packages/airflow/example_dags/example_latest_only.py
[2024-03-04T15:54:26.423+0000] {logging_mixin.py:188} INFO - [2024-03-04T15:54:26.423+0000] {dag.py:3047} INFO - Sync 1 DAGs
[2024-03-04T15:54:26.435+0000] {logging_mixin.py:188} INFO - [2024-03-04T15:54:26.435+0000] {dag.py:3834} INFO - Setting next_dagrun for latest_only to 2024-03-04 08:00:00+00:00, run_after=2024-03-04 12:00:00+00:00
[2024-03-04T15:54:26.443+0000] {processor.py:183} INFO - Processing /home/airflow/.local/lib/python3.11/site-packages/airflow/example_dags/example_latest_only.py took 0.044 seconds
[2024-03-04T15:54:57.006+0000] {processor.py:161} INFO - Started process (PID=364) to work on /home/airflow/.local/lib/python3.11/site-packages/airflow/example_dags/example_latest_only.py
[2024-03-04T15:54:57.007+0000] {processor.py:830} INFO - Processing file /home/airflow/.local/lib/python3.11/site-packages/airflow/example_dags/example_latest_only.py for tasks to queue
[2024-03-04T15:54:57.009+0000] {logging_mixin.py:188} INFO - [2024-03-04T15:54:57.009+0000] {dagbag.py:540} INFO - Filling up the DagBag from /home/airflow/.local/lib/python3.11/site-packages/airflow/example_dags/example_latest_only.py
[2024-03-04T15:54:57.014+0000] {processor.py:840} INFO - DAG(s) 'latest_only' retrieved from /home/airflow/.local/lib/python3.11/site-packages/airflow/example_dags/example_latest_only.py
[2024-03-04T15:54:57.032+0000] {logging_mixin.py:188} INFO - [2024-03-04T15:54:57.032+0000] {dag.py:3047} INFO - Sync 1 DAGs
[2024-03-04T15:54:57.045+0000] {logging_mixin.py:188} INFO - [2024-03-04T15:54:57.045+0000] {dag.py:3834} INFO - Setting next_dagrun for latest_only to 2024-03-04 08:00:00+00:00, run_after=2024-03-04 12:00:00+00:00
[2024-03-04T15:54:57.053+0000] {processor.py:183} INFO - Processing /home/airflow/.local/lib/python3.11/site-packages/airflow/example_dags/example_latest_only.py took 0.050 seconds
[2024-03-04T15:55:27.768+0000] {processor.py:161} INFO - Started process (PID=419) to work on /home/airflow/.local/lib/python3.11/site-packages/airflow/example_dags/example_latest_only.py
[2024-03-04T15:55:27.769+0000] {processor.py:830} INFO - Processing file /home/airflow/.local/lib/python3.11/site-packages/airflow/example_dags/example_latest_only.py for tasks to queue
[2024-03-04T15:55:27.771+0000] {logging_mixin.py:188} INFO - [2024-03-04T15:55:27.771+0000] {dagbag.py:540} INFO - Filling up the DagBag from /home/airflow/.local/lib/python3.11/site-packages/airflow/example_dags/example_latest_only.py
[2024-03-04T15:55:27.775+0000] {processor.py:840} INFO - DAG(s) 'latest_only' retrieved from /home/airflow/.local/lib/python3.11/site-packages/airflow/example_dags/example_latest_only.py
[2024-03-04T15:55:27.789+0000] {logging_mixin.py:188} INFO - [2024-03-04T15:55:27.789+0000] {dag.py:3047} INFO - Sync 1 DAGs
[2024-03-04T15:55:27.801+0000] {logging_mixin.py:188} INFO - [2024-03-04T15:55:27.801+0000] {dag.py:3834} INFO - Setting next_dagrun for latest_only to 2024-03-04 08:00:00+00:00, run_after=2024-03-04 12:00:00+00:00
[2024-03-04T15:55:27.810+0000] {processor.py:183} INFO - Processing /home/airflow/.local/lib/python3.11/site-packages/airflow/example_dags/example_latest_only.py took 0.046 seconds
[2024-03-04T15:55:58.596+0000] {processor.py:161} INFO - Started process (PID=474) to work on /home/airflow/.local/lib/python3.11/site-packages/airflow/example_dags/example_latest_only.py
[2024-03-04T15:55:58.599+0000] {processor.py:830} INFO - Processing file /home/airflow/.local/lib/python3.11/site-packages/airflow/example_dags/example_latest_only.py for tasks to queue
[2024-03-04T15:55:58.601+0000] {logging_mixin.py:188} INFO - [2024-03-04T15:55:58.600+0000] {dagbag.py:540} INFO - Filling up the DagBag from /home/airflow/.local/lib/python3.11/site-packages/airflow/example_dags/example_latest_only.py
[2024-03-04T15:55:58.605+0000] {processor.py:840} INFO - DAG(s) 'latest_only' retrieved from /home/airflow/.local/lib/python3.11/site-packages/airflow/example_dags/example_latest_only.py
[2024-03-04T15:55:58.622+0000] {logging_mixin.py:188} INFO - [2024-03-04T15:55:58.621+0000] {dag.py:3047} INFO - Sync 1 DAGs
[2024-03-04T15:55:58.632+0000] {logging_mixin.py:188} INFO - [2024-03-04T15:55:58.632+0000] {dag.py:3834} INFO - Setting next_dagrun for latest_only to 2024-03-04 08:00:00+00:00, run_after=2024-03-04 12:00:00+00:00
[2024-03-04T15:55:58.640+0000] {processor.py:183} INFO - Processing /home/airflow/.local/lib/python3.11/site-packages/airflow/example_dags/example_latest_only.py took 0.048 seconds
[2024-03-04T15:56:29.272+0000] {processor.py:161} INFO - Started process (PID=529) to work on /home/airflow/.local/lib/python3.11/site-packages/airflow/example_dags/example_latest_only.py
[2024-03-04T15:56:29.272+0000] {processor.py:830} INFO - Processing file /home/airflow/.local/lib/python3.11/site-packages/airflow/example_dags/example_latest_only.py for tasks to queue
[2024-03-04T15:56:29.274+0000] {logging_mixin.py:188} INFO - [2024-03-04T15:56:29.274+0000] {dagbag.py:540} INFO - Filling up the DagBag from /home/airflow/.local/lib/python3.11/site-packages/airflow/example_dags/example_latest_only.py
[2024-03-04T15:56:29.277+0000] {processor.py:840} INFO - DAG(s) 'latest_only' retrieved from /home/airflow/.local/lib/python3.11/site-packages/airflow/example_dags/example_latest_only.py
[2024-03-04T15:56:29.295+0000] {logging_mixin.py:188} INFO - [2024-03-04T15:56:29.295+0000] {dag.py:3047} INFO - Sync 1 DAGs
[2024-03-04T15:56:29.308+0000] {logging_mixin.py:188} INFO - [2024-03-04T15:56:29.308+0000] {dag.py:3834} INFO - Setting next_dagrun for latest_only to 2024-03-04 08:00:00+00:00, run_after=2024-03-04 12:00:00+00:00
[2024-03-04T15:56:29.316+0000] {processor.py:183} INFO - Processing /home/airflow/.local/lib/python3.11/site-packages/airflow/example_dags/example_latest_only.py took 0.047 seconds
[2024-03-04T15:57:00.030+0000] {processor.py:161} INFO - Started process (PID=584) to work on /home/airflow/.local/lib/python3.11/site-packages/airflow/example_dags/example_latest_only.py
[2024-03-04T15:57:00.032+0000] {processor.py:830} INFO - Processing file /home/airflow/.local/lib/python3.11/site-packages/airflow/example_dags/example_latest_only.py for tasks to queue
[2024-03-04T15:57:00.033+0000] {logging_mixin.py:188} INFO - [2024-03-04T15:57:00.033+0000] {dagbag.py:540} INFO - Filling up the DagBag from /home/airflow/.local/lib/python3.11/site-packages/airflow/example_dags/example_latest_only.py
[2024-03-04T15:57:00.038+0000] {processor.py:840} INFO - DAG(s) 'latest_only' retrieved from /home/airflow/.local/lib/python3.11/site-packages/airflow/example_dags/example_latest_only.py
[2024-03-04T15:57:00.053+0000] {logging_mixin.py:188} INFO - [2024-03-04T15:57:00.053+0000] {dag.py:3047} INFO - Sync 1 DAGs
[2024-03-04T15:57:00.066+0000] {logging_mixin.py:188} INFO - [2024-03-04T15:57:00.066+0000] {dag.py:3834} INFO - Setting next_dagrun for latest_only to 2024-03-04 08:00:00+00:00, run_after=2024-03-04 12:00:00+00:00
[2024-03-04T15:57:00.075+0000] {processor.py:183} INFO - Processing /home/airflow/.local/lib/python3.11/site-packages/airflow/example_dags/example_latest_only.py took 0.048 seconds
[2024-03-04T15:57:30.679+0000] {processor.py:161} INFO - Started process (PID=639) to work on /home/airflow/.local/lib/python3.11/site-packages/airflow/example_dags/example_latest_only.py
[2024-03-04T15:57:30.680+0000] {processor.py:830} INFO - Processing file /home/airflow/.local/lib/python3.11/site-packages/airflow/example_dags/example_latest_only.py for tasks to queue
[2024-03-04T15:57:30.682+0000] {logging_mixin.py:188} INFO - [2024-03-04T15:57:30.682+0000] {dagbag.py:540} INFO - Filling up the DagBag from /home/airflow/.local/lib/python3.11/site-packages/airflow/example_dags/example_latest_only.py
[2024-03-04T15:57:30.686+0000] {processor.py:840} INFO - DAG(s) 'latest_only' retrieved from /home/airflow/.local/lib/python3.11/site-packages/airflow/example_dags/example_latest_only.py
[2024-03-04T15:57:30.700+0000] {logging_mixin.py:188} INFO - [2024-03-04T15:57:30.700+0000] {dag.py:3047} INFO - Sync 1 DAGs
[2024-03-04T15:57:30.711+0000] {logging_mixin.py:188} INFO - [2024-03-04T15:57:30.711+0000] {dag.py:3834} INFO - Setting next_dagrun for latest_only to 2024-03-04 08:00:00+00:00, run_after=2024-03-04 12:00:00+00:00
[2024-03-04T15:57:30.720+0000] {processor.py:183} INFO - Processing /home/airflow/.local/lib/python3.11/site-packages/airflow/example_dags/example_latest_only.py took 0.045 seconds
[2024-03-04T15:58:01.434+0000] {processor.py:161} INFO - Started process (PID=694) to work on /home/airflow/.local/lib/python3.11/site-packages/airflow/example_dags/example_latest_only.py
[2024-03-04T15:58:01.435+0000] {processor.py:830} INFO - Processing file /home/airflow/.local/lib/python3.11/site-packages/airflow/example_dags/example_latest_only.py for tasks to queue
[2024-03-04T15:58:01.437+0000] {logging_mixin.py:188} INFO - [2024-03-04T15:58:01.437+0000] {dagbag.py:540} INFO - Filling up the DagBag from /home/airflow/.local/lib/python3.11/site-packages/airflow/example_dags/example_latest_only.py
[2024-03-04T15:58:01.443+0000] {processor.py:840} INFO - DAG(s) 'latest_only' retrieved from /home/airflow/.local/lib/python3.11/site-packages/airflow/example_dags/example_latest_only.py
[2024-03-04T15:58:01.457+0000] {logging_mixin.py:188} INFO - [2024-03-04T15:58:01.456+0000] {dag.py:3047} INFO - Sync 1 DAGs
[2024-03-04T15:58:01.469+0000] {logging_mixin.py:188} INFO - [2024-03-04T15:58:01.468+0000] {dag.py:3834} INFO - Setting next_dagrun for latest_only to 2024-03-04 08:00:00+00:00, run_after=2024-03-04 12:00:00+00:00
[2024-03-04T15:58:01.478+0000] {processor.py:183} INFO - Processing /home/airflow/.local/lib/python3.11/site-packages/airflow/example_dags/example_latest_only.py took 0.047 seconds
[2024-03-04T15:58:32.064+0000] {processor.py:161} INFO - Started process (PID=749) to work on /home/airflow/.local/lib/python3.11/site-packages/airflow/example_dags/example_latest_only.py
[2024-03-04T15:58:32.065+0000] {processor.py:830} INFO - Processing file /home/airflow/.local/lib/python3.11/site-packages/airflow/example_dags/example_latest_only.py for tasks to queue
[2024-03-04T15:58:32.067+0000] {logging_mixin.py:188} INFO - [2024-03-04T15:58:32.067+0000] {dagbag.py:540} INFO - Filling up the DagBag from /home/airflow/.local/lib/python3.11/site-packages/airflow/example_dags/example_latest_only.py
[2024-03-04T15:58:32.070+0000] {processor.py:840} INFO - DAG(s) 'latest_only' retrieved from /home/airflow/.local/lib/python3.11/site-packages/airflow/example_dags/example_latest_only.py
[2024-03-04T15:58:32.085+0000] {logging_mixin.py:188} INFO - [2024-03-04T15:58:32.085+0000] {dag.py:3047} INFO - Sync 1 DAGs
[2024-03-04T15:58:32.098+0000] {logging_mixin.py:188} INFO - [2024-03-04T15:58:32.098+0000] {dag.py:3834} INFO - Setting next_dagrun for latest_only to 2024-03-04 08:00:00+00:00, run_after=2024-03-04 12:00:00+00:00
[2024-03-04T15:58:32.106+0000] {processor.py:183} INFO - Processing /home/airflow/.local/lib/python3.11/site-packages/airflow/example_dags/example_latest_only.py took 0.045 seconds
[2024-03-04T15:59:02.873+0000] {processor.py:161} INFO - Started process (PID=804) to work on /home/airflow/.local/lib/python3.11/site-packages/airflow/example_dags/example_latest_only.py
[2024-03-04T15:59:02.874+0000] {processor.py:830} INFO - Processing file /home/airflow/.local/lib/python3.11/site-packages/airflow/example_dags/example_latest_only.py for tasks to queue
[2024-03-04T15:59:02.876+0000] {logging_mixin.py:188} INFO - [2024-03-04T15:59:02.875+0000] {dagbag.py:540} INFO - Filling up the DagBag from /home/airflow/.local/lib/python3.11/site-packages/airflow/example_dags/example_latest_only.py
[2024-03-04T15:59:02.879+0000] {processor.py:840} INFO - DAG(s) 'latest_only' retrieved from /home/airflow/.local/lib/python3.11/site-packages/airflow/example_dags/example_latest_only.py
[2024-03-04T15:59:02.894+0000] {logging_mixin.py:188} INFO - [2024-03-04T15:59:02.894+0000] {dag.py:3047} INFO - Sync 1 DAGs
[2024-03-04T15:59:02.912+0000] {logging_mixin.py:188} INFO - [2024-03-04T15:59:02.911+0000] {dag.py:3834} INFO - Setting next_dagrun for latest_only to 2024-03-04 08:00:00+00:00, run_after=2024-03-04 12:00:00+00:00
[2024-03-04T15:59:02.920+0000] {processor.py:183} INFO - Processing /home/airflow/.local/lib/python3.11/site-packages/airflow/example_dags/example_latest_only.py took 0.050 seconds
[2024-03-04T15:59:33.431+0000] {processor.py:161} INFO - Started process (PID=859) to work on /home/airflow/.local/lib/python3.11/site-packages/airflow/example_dags/example_latest_only.py
[2024-03-04T15:59:33.434+0000] {processor.py:830} INFO - Processing file /home/airflow/.local/lib/python3.11/site-packages/airflow/example_dags/example_latest_only.py for tasks to queue
[2024-03-04T15:59:33.436+0000] {logging_mixin.py:188} INFO - [2024-03-04T15:59:33.436+0000] {dagbag.py:540} INFO - Filling up the DagBag from /home/airflow/.local/lib/python3.11/site-packages/airflow/example_dags/example_latest_only.py
[2024-03-04T15:59:33.440+0000] {processor.py:840} INFO - DAG(s) 'latest_only' retrieved from /home/airflow/.local/lib/python3.11/site-packages/airflow/example_dags/example_latest_only.py
[2024-03-04T15:59:33.454+0000] {logging_mixin.py:188} INFO - [2024-03-04T15:59:33.454+0000] {dag.py:3047} INFO - Sync 1 DAGs
[2024-03-04T15:59:33.467+0000] {logging_mixin.py:188} INFO - [2024-03-04T15:59:33.467+0000] {dag.py:3834} INFO - Setting next_dagrun for latest_only to 2024-03-04 08:00:00+00:00, run_after=2024-03-04 12:00:00+00:00
[2024-03-04T15:59:33.475+0000] {processor.py:183} INFO - Processing /home/airflow/.local/lib/python3.11/site-packages/airflow/example_dags/example_latest_only.py took 0.048 seconds
[2024-03-04T16:00:04.065+0000] {processor.py:161} INFO - Started process (PID=914) to work on /home/airflow/.local/lib/python3.11/site-packages/airflow/example_dags/example_latest_only.py
[2024-03-04T16:00:04.066+0000] {processor.py:830} INFO - Processing file /home/airflow/.local/lib/python3.11/site-packages/airflow/example_dags/example_latest_only.py for tasks to queue
[2024-03-04T16:00:04.068+0000] {logging_mixin.py:188} INFO - [2024-03-04T16:00:04.068+0000] {dagbag.py:540} INFO - Filling up the DagBag from /home/airflow/.local/lib/python3.11/site-packages/airflow/example_dags/example_latest_only.py
[2024-03-04T16:00:04.072+0000] {processor.py:840} INFO - DAG(s) 'latest_only' retrieved from /home/airflow/.local/lib/python3.11/site-packages/airflow/example_dags/example_latest_only.py
[2024-03-04T16:00:04.089+0000] {logging_mixin.py:188} INFO - [2024-03-04T16:00:04.089+0000] {dag.py:3047} INFO - Sync 1 DAGs
[2024-03-04T16:00:04.104+0000] {logging_mixin.py:188} INFO - [2024-03-04T16:00:04.104+0000] {dag.py:3834} INFO - Setting next_dagrun for latest_only to 2024-03-04 12:00:00+00:00, run_after=2024-03-04 16:00:00+00:00
[2024-03-04T16:00:04.113+0000] {processor.py:183} INFO - Processing /home/airflow/.local/lib/python3.11/site-packages/airflow/example_dags/example_latest_only.py took 0.051 seconds
[2024-03-04T16:00:34.881+0000] {processor.py:161} INFO - Started process (PID=968) to work on /home/airflow/.local/lib/python3.11/site-packages/airflow/example_dags/example_latest_only.py
[2024-03-04T16:00:34.882+0000] {processor.py:830} INFO - Processing file /home/airflow/.local/lib/python3.11/site-packages/airflow/example_dags/example_latest_only.py for tasks to queue
[2024-03-04T16:00:34.884+0000] {logging_mixin.py:188} INFO - [2024-03-04T16:00:34.883+0000] {dagbag.py:540} INFO - Filling up the DagBag from /home/airflow/.local/lib/python3.11/site-packages/airflow/example_dags/example_latest_only.py
[2024-03-04T16:00:34.888+0000] {processor.py:840} INFO - DAG(s) 'latest_only' retrieved from /home/airflow/.local/lib/python3.11/site-packages/airflow/example_dags/example_latest_only.py
[2024-03-04T16:00:34.905+0000] {logging_mixin.py:188} INFO - [2024-03-04T16:00:34.905+0000] {dag.py:3047} INFO - Sync 1 DAGs
[2024-03-04T16:00:34.920+0000] {logging_mixin.py:188} INFO - [2024-03-04T16:00:34.920+0000] {dag.py:3834} INFO - Setting next_dagrun for latest_only to 2024-03-04 12:00:00+00:00, run_after=2024-03-04 16:00:00+00:00
[2024-03-04T16:00:34.929+0000] {processor.py:183} INFO - Processing /home/airflow/.local/lib/python3.11/site-packages/airflow/example_dags/example_latest_only.py took 0.052 seconds
[2024-03-04T16:01:05.584+0000] {processor.py:161} INFO - Started process (PID=1023) to work on /home/airflow/.local/lib/python3.11/site-packages/airflow/example_dags/example_latest_only.py
[2024-03-04T16:01:05.585+0000] {processor.py:830} INFO - Processing file /home/airflow/.local/lib/python3.11/site-packages/airflow/example_dags/example_latest_only.py for tasks to queue
[2024-03-04T16:01:05.587+0000] {logging_mixin.py:188} INFO - [2024-03-04T16:01:05.587+0000] {dagbag.py:540} INFO - Filling up the DagBag from /home/airflow/.local/lib/python3.11/site-packages/airflow/example_dags/example_latest_only.py
[2024-03-04T16:01:05.591+0000] {processor.py:840} INFO - DAG(s) 'latest_only' retrieved from /home/airflow/.local/lib/python3.11/site-packages/airflow/example_dags/example_latest_only.py
[2024-03-04T16:01:05.606+0000] {logging_mixin.py:188} INFO - [2024-03-04T16:01:05.606+0000] {dag.py:3047} INFO - Sync 1 DAGs
[2024-03-04T16:01:05.618+0000] {logging_mixin.py:188} INFO - [2024-03-04T16:01:05.618+0000] {dag.py:3834} INFO - Setting next_dagrun for latest_only to 2024-03-04 12:00:00+00:00, run_after=2024-03-04 16:00:00+00:00
[2024-03-04T16:01:05.626+0000] {processor.py:183} INFO - Processing /home/airflow/.local/lib/python3.11/site-packages/airflow/example_dags/example_latest_only.py took 0.045 seconds
[2024-03-04T16:01:36.362+0000] {processor.py:161} INFO - Started process (PID=1078) to work on /home/airflow/.local/lib/python3.11/site-packages/airflow/example_dags/example_latest_only.py
[2024-03-04T16:01:36.364+0000] {processor.py:830} INFO - Processing file /home/airflow/.local/lib/python3.11/site-packages/airflow/example_dags/example_latest_only.py for tasks to queue
[2024-03-04T16:01:36.366+0000] {logging_mixin.py:188} INFO - [2024-03-04T16:01:36.366+0000] {dagbag.py:540} INFO - Filling up the DagBag from /home/airflow/.local/lib/python3.11/site-packages/airflow/example_dags/example_latest_only.py
[2024-03-04T16:01:36.371+0000] {processor.py:840} INFO - DAG(s) 'latest_only' retrieved from /home/airflow/.local/lib/python3.11/site-packages/airflow/example_dags/example_latest_only.py
[2024-03-04T16:01:36.402+0000] {logging_mixin.py:188} INFO - [2024-03-04T16:01:36.402+0000] {dag.py:3047} INFO - Sync 1 DAGs
[2024-03-04T16:01:36.418+0000] {logging_mixin.py:188} INFO - [2024-03-04T16:01:36.418+0000] {dag.py:3834} INFO - Setting next_dagrun for latest_only to 2024-03-04 12:00:00+00:00, run_after=2024-03-04 16:00:00+00:00
[2024-03-04T16:01:36.436+0000] {processor.py:183} INFO - Processing /home/airflow/.local/lib/python3.11/site-packages/airflow/example_dags/example_latest_only.py took 0.078 seconds
[2024-03-04T16:02:07.177+0000] {processor.py:161} INFO - Started process (PID=1133) to work on /home/airflow/.local/lib/python3.11/site-packages/airflow/example_dags/example_latest_only.py
[2024-03-04T16:02:07.178+0000] {processor.py:830} INFO - Processing file /home/airflow/.local/lib/python3.11/site-packages/airflow/example_dags/example_latest_only.py for tasks to queue
[2024-03-04T16:02:07.180+0000] {logging_mixin.py:188} INFO - [2024-03-04T16:02:07.180+0000] {dagbag.py:540} INFO - Filling up the DagBag from /home/airflow/.local/lib/python3.11/site-packages/airflow/example_dags/example_latest_only.py
[2024-03-04T16:02:07.185+0000] {processor.py:840} INFO - DAG(s) 'latest_only' retrieved from /home/airflow/.local/lib/python3.11/site-packages/airflow/example_dags/example_latest_only.py
[2024-03-04T16:02:07.202+0000] {logging_mixin.py:188} INFO - [2024-03-04T16:02:07.202+0000] {dag.py:3047} INFO - Sync 1 DAGs
[2024-03-04T16:02:07.227+0000] {logging_mixin.py:188} INFO - [2024-03-04T16:02:07.226+0000] {dag.py:3834} INFO - Setting next_dagrun for latest_only to 2024-03-04 12:00:00+00:00, run_after=2024-03-04 16:00:00+00:00
[2024-03-04T16:02:07.240+0000] {processor.py:183} INFO - Processing /home/airflow/.local/lib/python3.11/site-packages/airflow/example_dags/example_latest_only.py took 0.066 seconds
[2024-03-04T16:02:37.978+0000] {processor.py:161} INFO - Started process (PID=1188) to work on /home/airflow/.local/lib/python3.11/site-packages/airflow/example_dags/example_latest_only.py
[2024-03-04T16:02:37.979+0000] {processor.py:830} INFO - Processing file /home/airflow/.local/lib/python3.11/site-packages/airflow/example_dags/example_latest_only.py for tasks to queue
[2024-03-04T16:02:37.980+0000] {logging_mixin.py:188} INFO - [2024-03-04T16:02:37.980+0000] {dagbag.py:540} INFO - Filling up the DagBag from /home/airflow/.local/lib/python3.11/site-packages/airflow/example_dags/example_latest_only.py
[2024-03-04T16:02:37.983+0000] {processor.py:840} INFO - DAG(s) 'latest_only' retrieved from /home/airflow/.local/lib/python3.11/site-packages/airflow/example_dags/example_latest_only.py
[2024-03-04T16:02:38.019+0000] {logging_mixin.py:188} INFO - [2024-03-04T16:02:38.019+0000] {dag.py:3047} INFO - Sync 1 DAGs
[2024-03-04T16:02:38.034+0000] {logging_mixin.py:188} INFO - [2024-03-04T16:02:38.034+0000] {dag.py:3834} INFO - Setting next_dagrun for latest_only to 2024-03-04 12:00:00+00:00, run_after=2024-03-04 16:00:00+00:00
[2024-03-04T16:02:38.043+0000] {processor.py:183} INFO - Processing /home/airflow/.local/lib/python3.11/site-packages/airflow/example_dags/example_latest_only.py took 0.068 seconds
[2024-03-04T16:03:08.727+0000] {processor.py:161} INFO - Started process (PID=1243) to work on /home/airflow/.local/lib/python3.11/site-packages/airflow/example_dags/example_latest_only.py
[2024-03-04T16:03:08.728+0000] {processor.py:830} INFO - Processing file /home/airflow/.local/lib/python3.11/site-packages/airflow/example_dags/example_latest_only.py for tasks to queue
[2024-03-04T16:03:08.729+0000] {logging_mixin.py:188} INFO - [2024-03-04T16:03:08.729+0000] {dagbag.py:540} INFO - Filling up the DagBag from /home/airflow/.local/lib/python3.11/site-packages/airflow/example_dags/example_latest_only.py
[2024-03-04T16:03:08.733+0000] {processor.py:840} INFO - DAG(s) 'latest_only' retrieved from /home/airflow/.local/lib/python3.11/site-packages/airflow/example_dags/example_latest_only.py
[2024-03-04T16:03:08.747+0000] {logging_mixin.py:188} INFO - [2024-03-04T16:03:08.747+0000] {dag.py:3047} INFO - Sync 1 DAGs
[2024-03-04T16:03:08.759+0000] {logging_mixin.py:188} INFO - [2024-03-04T16:03:08.759+0000] {dag.py:3834} INFO - Setting next_dagrun for latest_only to 2024-03-04 12:00:00+00:00, run_after=2024-03-04 16:00:00+00:00
[2024-03-04T16:03:08.768+0000] {processor.py:183} INFO - Processing /home/airflow/.local/lib/python3.11/site-packages/airflow/example_dags/example_latest_only.py took 0.044 seconds
[2024-03-04T16:03:39.549+0000] {processor.py:161} INFO - Started process (PID=1298) to work on /home/airflow/.local/lib/python3.11/site-packages/airflow/example_dags/example_latest_only.py
[2024-03-04T16:03:39.553+0000] {processor.py:830} INFO - Processing file /home/airflow/.local/lib/python3.11/site-packages/airflow/example_dags/example_latest_only.py for tasks to queue
[2024-03-04T16:03:39.554+0000] {logging_mixin.py:188} INFO - [2024-03-04T16:03:39.554+0000] {dagbag.py:540} INFO - Filling up the DagBag from /home/airflow/.local/lib/python3.11/site-packages/airflow/example_dags/example_latest_only.py
[2024-03-04T16:03:39.558+0000] {processor.py:840} INFO - DAG(s) 'latest_only' retrieved from /home/airflow/.local/lib/python3.11/site-packages/airflow/example_dags/example_latest_only.py
[2024-03-04T16:03:39.573+0000] {logging_mixin.py:188} INFO - [2024-03-04T16:03:39.573+0000] {dag.py:3047} INFO - Sync 1 DAGs
[2024-03-04T16:03:39.586+0000] {logging_mixin.py:188} INFO - [2024-03-04T16:03:39.585+0000] {dag.py:3834} INFO - Setting next_dagrun for latest_only to 2024-03-04 12:00:00+00:00, run_after=2024-03-04 16:00:00+00:00
[2024-03-04T16:03:39.594+0000] {processor.py:183} INFO - Processing /home/airflow/.local/lib/python3.11/site-packages/airflow/example_dags/example_latest_only.py took 0.048 seconds
[2024-03-04T16:04:09.687+0000] {processor.py:161} INFO - Started process (PID=1353) to work on /home/airflow/.local/lib/python3.11/site-packages/airflow/example_dags/example_latest_only.py
[2024-03-04T16:04:09.688+0000] {processor.py:830} INFO - Processing file /home/airflow/.local/lib/python3.11/site-packages/airflow/example_dags/example_latest_only.py for tasks to queue
[2024-03-04T16:04:09.690+0000] {logging_mixin.py:188} INFO - [2024-03-04T16:04:09.690+0000] {dagbag.py:540} INFO - Filling up the DagBag from /home/airflow/.local/lib/python3.11/site-packages/airflow/example_dags/example_latest_only.py
[2024-03-04T16:04:09.693+0000] {processor.py:840} INFO - DAG(s) 'latest_only' retrieved from /home/airflow/.local/lib/python3.11/site-packages/airflow/example_dags/example_latest_only.py
[2024-03-04T16:04:09.707+0000] {logging_mixin.py:188} INFO - [2024-03-04T16:04:09.706+0000] {dag.py:3047} INFO - Sync 1 DAGs
[2024-03-04T16:04:09.721+0000] {logging_mixin.py:188} INFO - [2024-03-04T16:04:09.721+0000] {dag.py:3834} INFO - Setting next_dagrun for latest_only to 2024-03-04 12:00:00+00:00, run_after=2024-03-04 16:00:00+00:00
[2024-03-04T16:04:09.732+0000] {processor.py:183} INFO - Processing /home/airflow/.local/lib/python3.11/site-packages/airflow/example_dags/example_latest_only.py took 0.047 seconds
[2024-03-04T16:04:39.872+0000] {processor.py:161} INFO - Started process (PID=1408) to work on /home/airflow/.local/lib/python3.11/site-packages/airflow/example_dags/example_latest_only.py
[2024-03-04T16:04:39.874+0000] {processor.py:830} INFO - Processing file /home/airflow/.local/lib/python3.11/site-packages/airflow/example_dags/example_latest_only.py for tasks to queue
[2024-03-04T16:04:39.877+0000] {logging_mixin.py:188} INFO - [2024-03-04T16:04:39.877+0000] {dagbag.py:540} INFO - Filling up the DagBag from /home/airflow/.local/lib/python3.11/site-packages/airflow/example_dags/example_latest_only.py
[2024-03-04T16:04:39.883+0000] {processor.py:840} INFO - DAG(s) 'latest_only' retrieved from /home/airflow/.local/lib/python3.11/site-packages/airflow/example_dags/example_latest_only.py
[2024-03-04T16:04:39.899+0000] {logging_mixin.py:188} INFO - [2024-03-04T16:04:39.899+0000] {dag.py:3047} INFO - Sync 1 DAGs
[2024-03-04T16:04:39.912+0000] {logging_mixin.py:188} INFO - [2024-03-04T16:04:39.912+0000] {dag.py:3834} INFO - Setting next_dagrun for latest_only to 2024-03-04 12:00:00+00:00, run_after=2024-03-04 16:00:00+00:00
[2024-03-04T16:04:39.920+0000] {processor.py:183} INFO - Processing /home/airflow/.local/lib/python3.11/site-packages/airflow/example_dags/example_latest_only.py took 0.051 seconds
[2024-03-04T16:05:10.586+0000] {processor.py:161} INFO - Started process (PID=1463) to work on /home/airflow/.local/lib/python3.11/site-packages/airflow/example_dags/example_latest_only.py
[2024-03-04T16:05:10.587+0000] {processor.py:830} INFO - Processing file /home/airflow/.local/lib/python3.11/site-packages/airflow/example_dags/example_latest_only.py for tasks to queue
[2024-03-04T16:05:10.589+0000] {logging_mixin.py:188} INFO - [2024-03-04T16:05:10.589+0000] {dagbag.py:540} INFO - Filling up the DagBag from /home/airflow/.local/lib/python3.11/site-packages/airflow/example_dags/example_latest_only.py
[2024-03-04T16:05:10.592+0000] {processor.py:840} INFO - DAG(s) 'latest_only' retrieved from /home/airflow/.local/lib/python3.11/site-packages/airflow/example_dags/example_latest_only.py
[2024-03-04T16:05:10.606+0000] {logging_mixin.py:188} INFO - [2024-03-04T16:05:10.606+0000] {dag.py:3047} INFO - Sync 1 DAGs
[2024-03-04T16:05:10.617+0000] {logging_mixin.py:188} INFO - [2024-03-04T16:05:10.617+0000] {dag.py:3834} INFO - Setting next_dagrun for latest_only to 2024-03-04 12:00:00+00:00, run_after=2024-03-04 16:00:00+00:00
[2024-03-04T16:05:10.625+0000] {processor.py:183} INFO - Processing /home/airflow/.local/lib/python3.11/site-packages/airflow/example_dags/example_latest_only.py took 0.042 seconds
[2024-03-04T16:05:41.391+0000] {processor.py:161} INFO - Started process (PID=1518) to work on /home/airflow/.local/lib/python3.11/site-packages/airflow/example_dags/example_latest_only.py
[2024-03-04T16:05:41.393+0000] {processor.py:830} INFO - Processing file /home/airflow/.local/lib/python3.11/site-packages/airflow/example_dags/example_latest_only.py for tasks to queue
[2024-03-04T16:05:41.394+0000] {logging_mixin.py:188} INFO - [2024-03-04T16:05:41.394+0000] {dagbag.py:540} INFO - Filling up the DagBag from /home/airflow/.local/lib/python3.11/site-packages/airflow/example_dags/example_latest_only.py
[2024-03-04T16:05:41.410+0000] {processor.py:840} INFO - DAG(s) 'latest_only' retrieved from /home/airflow/.local/lib/python3.11/site-packages/airflow/example_dags/example_latest_only.py
[2024-03-04T16:05:41.488+0000] {logging_mixin.py:188} INFO - [2024-03-04T16:05:41.488+0000] {dag.py:3047} INFO - Sync 1 DAGs
[2024-03-04T16:05:41.506+0000] {logging_mixin.py:188} INFO - [2024-03-04T16:05:41.506+0000] {dag.py:3834} INFO - Setting next_dagrun for latest_only to 2024-03-04 12:00:00+00:00, run_after=2024-03-04 16:00:00+00:00
[2024-03-04T16:05:41.515+0000] {processor.py:183} INFO - Processing /home/airflow/.local/lib/python3.11/site-packages/airflow/example_dags/example_latest_only.py took 0.127 seconds
[2024-03-04T16:06:11.705+0000] {processor.py:161} INFO - Started process (PID=1573) to work on /home/airflow/.local/lib/python3.11/site-packages/airflow/example_dags/example_latest_only.py
[2024-03-04T16:06:11.706+0000] {processor.py:830} INFO - Processing file /home/airflow/.local/lib/python3.11/site-packages/airflow/example_dags/example_latest_only.py for tasks to queue
[2024-03-04T16:06:11.708+0000] {logging_mixin.py:188} INFO - [2024-03-04T16:06:11.707+0000] {dagbag.py:540} INFO - Filling up the DagBag from /home/airflow/.local/lib/python3.11/site-packages/airflow/example_dags/example_latest_only.py
[2024-03-04T16:06:11.711+0000] {processor.py:840} INFO - DAG(s) 'latest_only' retrieved from /home/airflow/.local/lib/python3.11/site-packages/airflow/example_dags/example_latest_only.py
[2024-03-04T16:06:11.725+0000] {logging_mixin.py:188} INFO - [2024-03-04T16:06:11.725+0000] {dag.py:3047} INFO - Sync 1 DAGs
[2024-03-04T16:06:11.737+0000] {logging_mixin.py:188} INFO - [2024-03-04T16:06:11.737+0000] {dag.py:3834} INFO - Setting next_dagrun for latest_only to 2024-03-04 12:00:00+00:00, run_after=2024-03-04 16:00:00+00:00
[2024-03-04T16:06:11.745+0000] {processor.py:183} INFO - Processing /home/airflow/.local/lib/python3.11/site-packages/airflow/example_dags/example_latest_only.py took 0.043 seconds
[2024-03-04T16:06:41.889+0000] {processor.py:161} INFO - Started process (PID=1628) to work on /home/airflow/.local/lib/python3.11/site-packages/airflow/example_dags/example_latest_only.py
[2024-03-04T16:06:41.890+0000] {processor.py:830} INFO - Processing file /home/airflow/.local/lib/python3.11/site-packages/airflow/example_dags/example_latest_only.py for tasks to queue
[2024-03-04T16:06:41.892+0000] {logging_mixin.py:188} INFO - [2024-03-04T16:06:41.892+0000] {dagbag.py:540} INFO - Filling up the DagBag from /home/airflow/.local/lib/python3.11/site-packages/airflow/example_dags/example_latest_only.py
[2024-03-04T16:06:41.896+0000] {processor.py:840} INFO - DAG(s) 'latest_only' retrieved from /home/airflow/.local/lib/python3.11/site-packages/airflow/example_dags/example_latest_only.py
[2024-03-04T16:06:41.910+0000] {logging_mixin.py:188} INFO - [2024-03-04T16:06:41.910+0000] {dag.py:3047} INFO - Sync 1 DAGs
[2024-03-04T16:06:41.922+0000] {logging_mixin.py:188} INFO - [2024-03-04T16:06:41.922+0000] {dag.py:3834} INFO - Setting next_dagrun for latest_only to 2024-03-04 12:00:00+00:00, run_after=2024-03-04 16:00:00+00:00
[2024-03-04T16:06:41.930+0000] {processor.py:183} INFO - Processing /home/airflow/.local/lib/python3.11/site-packages/airflow/example_dags/example_latest_only.py took 0.044 seconds
[2024-03-04T16:07:12.685+0000] {processor.py:161} INFO - Started process (PID=1683) to work on /home/airflow/.local/lib/python3.11/site-packages/airflow/example_dags/example_latest_only.py
[2024-03-04T16:07:12.686+0000] {processor.py:830} INFO - Processing file /home/airflow/.local/lib/python3.11/site-packages/airflow/example_dags/example_latest_only.py for tasks to queue
[2024-03-04T16:07:12.688+0000] {logging_mixin.py:188} INFO - [2024-03-04T16:07:12.688+0000] {dagbag.py:540} INFO - Filling up the DagBag from /home/airflow/.local/lib/python3.11/site-packages/airflow/example_dags/example_latest_only.py
[2024-03-04T16:07:12.692+0000] {processor.py:840} INFO - DAG(s) 'latest_only' retrieved from /home/airflow/.local/lib/python3.11/site-packages/airflow/example_dags/example_latest_only.py
[2024-03-04T16:07:12.706+0000] {logging_mixin.py:188} INFO - [2024-03-04T16:07:12.706+0000] {dag.py:3047} INFO - Sync 1 DAGs
[2024-03-04T16:07:12.717+0000] {logging_mixin.py:188} INFO - [2024-03-04T16:07:12.717+0000] {dag.py:3834} INFO - Setting next_dagrun for latest_only to 2024-03-04 12:00:00+00:00, run_after=2024-03-04 16:00:00+00:00
[2024-03-04T16:07:12.725+0000] {processor.py:183} INFO - Processing /home/airflow/.local/lib/python3.11/site-packages/airflow/example_dags/example_latest_only.py took 0.043 seconds
[2024-03-04T16:07:43.363+0000] {processor.py:161} INFO - Started process (PID=1738) to work on /home/airflow/.local/lib/python3.11/site-packages/airflow/example_dags/example_latest_only.py
[2024-03-04T16:07:43.364+0000] {processor.py:830} INFO - Processing file /home/airflow/.local/lib/python3.11/site-packages/airflow/example_dags/example_latest_only.py for tasks to queue
[2024-03-04T16:07:43.366+0000] {logging_mixin.py:188} INFO - [2024-03-04T16:07:43.366+0000] {dagbag.py:540} INFO - Filling up the DagBag from /home/airflow/.local/lib/python3.11/site-packages/airflow/example_dags/example_latest_only.py
[2024-03-04T16:07:43.370+0000] {processor.py:840} INFO - DAG(s) 'latest_only' retrieved from /home/airflow/.local/lib/python3.11/site-packages/airflow/example_dags/example_latest_only.py
[2024-03-04T16:07:43.385+0000] {logging_mixin.py:188} INFO - [2024-03-04T16:07:43.385+0000] {dag.py:3047} INFO - Sync 1 DAGs
[2024-03-04T16:07:43.396+0000] {logging_mixin.py:188} INFO - [2024-03-04T16:07:43.396+0000] {dag.py:3834} INFO - Setting next_dagrun for latest_only to 2024-03-04 12:00:00+00:00, run_after=2024-03-04 16:00:00+00:00
[2024-03-04T16:07:43.405+0000] {processor.py:183} INFO - Processing /home/airflow/.local/lib/python3.11/site-packages/airflow/example_dags/example_latest_only.py took 0.046 seconds
[2024-03-04T16:08:14.052+0000] {processor.py:161} INFO - Started process (PID=1793) to work on /home/airflow/.local/lib/python3.11/site-packages/airflow/example_dags/example_latest_only.py
[2024-03-04T16:08:14.054+0000] {processor.py:830} INFO - Processing file /home/airflow/.local/lib/python3.11/site-packages/airflow/example_dags/example_latest_only.py for tasks to queue
[2024-03-04T16:08:14.059+0000] {logging_mixin.py:188} INFO - [2024-03-04T16:08:14.059+0000] {dagbag.py:540} INFO - Filling up the DagBag from /home/airflow/.local/lib/python3.11/site-packages/airflow/example_dags/example_latest_only.py
[2024-03-04T16:08:14.067+0000] {processor.py:840} INFO - DAG(s) 'latest_only' retrieved from /home/airflow/.local/lib/python3.11/site-packages/airflow/example_dags/example_latest_only.py
[2024-03-04T16:08:14.095+0000] {logging_mixin.py:188} INFO - [2024-03-04T16:08:14.095+0000] {dag.py:3047} INFO - Sync 1 DAGs
[2024-03-04T16:08:14.113+0000] {logging_mixin.py:188} INFO - [2024-03-04T16:08:14.113+0000] {dag.py:3834} INFO - Setting next_dagrun for latest_only to 2024-03-04 12:00:00+00:00, run_after=2024-03-04 16:00:00+00:00
[2024-03-04T16:08:14.125+0000] {processor.py:183} INFO - Processing /home/airflow/.local/lib/python3.11/site-packages/airflow/example_dags/example_latest_only.py took 0.076 seconds
[2024-03-04T16:08:44.748+0000] {processor.py:161} INFO - Started process (PID=1854) to work on /home/airflow/.local/lib/python3.11/site-packages/airflow/example_dags/example_latest_only.py
[2024-03-04T16:08:44.749+0000] {processor.py:830} INFO - Processing file /home/airflow/.local/lib/python3.11/site-packages/airflow/example_dags/example_latest_only.py for tasks to queue
[2024-03-04T16:08:44.750+0000] {logging_mixin.py:188} INFO - [2024-03-04T16:08:44.750+0000] {dagbag.py:540} INFO - Filling up the DagBag from /home/airflow/.local/lib/python3.11/site-packages/airflow/example_dags/example_latest_only.py
[2024-03-04T16:08:44.754+0000] {processor.py:840} INFO - DAG(s) 'latest_only' retrieved from /home/airflow/.local/lib/python3.11/site-packages/airflow/example_dags/example_latest_only.py
[2024-03-04T16:08:44.769+0000] {logging_mixin.py:188} INFO - [2024-03-04T16:08:44.769+0000] {dag.py:3047} INFO - Sync 1 DAGs
[2024-03-04T16:08:44.780+0000] {logging_mixin.py:188} INFO - [2024-03-04T16:08:44.780+0000] {dag.py:3834} INFO - Setting next_dagrun for latest_only to 2024-03-04 12:00:00+00:00, run_after=2024-03-04 16:00:00+00:00
[2024-03-04T16:08:44.788+0000] {processor.py:183} INFO - Processing /home/airflow/.local/lib/python3.11/site-packages/airflow/example_dags/example_latest_only.py took 0.043 seconds
[2024-03-04T16:09:15.406+0000] {processor.py:161} INFO - Started process (PID=1909) to work on /home/airflow/.local/lib/python3.11/site-packages/airflow/example_dags/example_latest_only.py
[2024-03-04T16:09:15.407+0000] {processor.py:830} INFO - Processing file /home/airflow/.local/lib/python3.11/site-packages/airflow/example_dags/example_latest_only.py for tasks to queue
[2024-03-04T16:09:15.409+0000] {logging_mixin.py:188} INFO - [2024-03-04T16:09:15.408+0000] {dagbag.py:540} INFO - Filling up the DagBag from /home/airflow/.local/lib/python3.11/site-packages/airflow/example_dags/example_latest_only.py
[2024-03-04T16:09:15.412+0000] {processor.py:840} INFO - DAG(s) 'latest_only' retrieved from /home/airflow/.local/lib/python3.11/site-packages/airflow/example_dags/example_latest_only.py
[2024-03-04T16:09:15.425+0000] {logging_mixin.py:188} INFO - [2024-03-04T16:09:15.425+0000] {dag.py:3047} INFO - Sync 1 DAGs
[2024-03-04T16:09:15.436+0000] {logging_mixin.py:188} INFO - [2024-03-04T16:09:15.436+0000] {dag.py:3834} INFO - Setting next_dagrun for latest_only to 2024-03-04 12:00:00+00:00, run_after=2024-03-04 16:00:00+00:00
[2024-03-04T16:09:15.445+0000] {processor.py:183} INFO - Processing /home/airflow/.local/lib/python3.11/site-packages/airflow/example_dags/example_latest_only.py took 0.043 seconds
[2024-03-04T16:09:45.941+0000] {processor.py:161} INFO - Started process (PID=1964) to work on /home/airflow/.local/lib/python3.11/site-packages/airflow/example_dags/example_latest_only.py
[2024-03-04T16:09:45.942+0000] {processor.py:830} INFO - Processing file /home/airflow/.local/lib/python3.11/site-packages/airflow/example_dags/example_latest_only.py for tasks to queue
[2024-03-04T16:09:45.944+0000] {logging_mixin.py:188} INFO - [2024-03-04T16:09:45.944+0000] {dagbag.py:540} INFO - Filling up the DagBag from /home/airflow/.local/lib/python3.11/site-packages/airflow/example_dags/example_latest_only.py
[2024-03-04T16:09:45.947+0000] {processor.py:840} INFO - DAG(s) 'latest_only' retrieved from /home/airflow/.local/lib/python3.11/site-packages/airflow/example_dags/example_latest_only.py
[2024-03-04T16:09:45.961+0000] {logging_mixin.py:188} INFO - [2024-03-04T16:09:45.961+0000] {dag.py:3047} INFO - Sync 1 DAGs
[2024-03-04T16:09:45.972+0000] {logging_mixin.py:188} INFO - [2024-03-04T16:09:45.972+0000] {dag.py:3834} INFO - Setting next_dagrun for latest_only to 2024-03-04 12:00:00+00:00, run_after=2024-03-04 16:00:00+00:00
[2024-03-04T16:09:45.981+0000] {processor.py:183} INFO - Processing /home/airflow/.local/lib/python3.11/site-packages/airflow/example_dags/example_latest_only.py took 0.043 seconds
[2024-03-04T16:10:16.683+0000] {processor.py:161} INFO - Started process (PID=2019) to work on /home/airflow/.local/lib/python3.11/site-packages/airflow/example_dags/example_latest_only.py
[2024-03-04T16:10:16.685+0000] {processor.py:830} INFO - Processing file /home/airflow/.local/lib/python3.11/site-packages/airflow/example_dags/example_latest_only.py for tasks to queue
[2024-03-04T16:10:16.687+0000] {logging_mixin.py:188} INFO - [2024-03-04T16:10:16.687+0000] {dagbag.py:540} INFO - Filling up the DagBag from /home/airflow/.local/lib/python3.11/site-packages/airflow/example_dags/example_latest_only.py
[2024-03-04T16:10:16.691+0000] {processor.py:840} INFO - DAG(s) 'latest_only' retrieved from /home/airflow/.local/lib/python3.11/site-packages/airflow/example_dags/example_latest_only.py
[2024-03-04T16:10:16.707+0000] {logging_mixin.py:188} INFO - [2024-03-04T16:10:16.707+0000] {dag.py:3047} INFO - Sync 1 DAGs
[2024-03-04T16:10:16.718+0000] {logging_mixin.py:188} INFO - [2024-03-04T16:10:16.717+0000] {dag.py:3834} INFO - Setting next_dagrun for latest_only to 2024-03-04 12:00:00+00:00, run_after=2024-03-04 16:00:00+00:00
[2024-03-04T16:10:16.726+0000] {processor.py:183} INFO - Processing /home/airflow/.local/lib/python3.11/site-packages/airflow/example_dags/example_latest_only.py took 0.047 seconds
[2024-03-04T16:10:47.238+0000] {processor.py:161} INFO - Started process (PID=2074) to work on /home/airflow/.local/lib/python3.11/site-packages/airflow/example_dags/example_latest_only.py
[2024-03-04T16:10:47.239+0000] {processor.py:830} INFO - Processing file /home/airflow/.local/lib/python3.11/site-packages/airflow/example_dags/example_latest_only.py for tasks to queue
[2024-03-04T16:10:47.241+0000] {logging_mixin.py:188} INFO - [2024-03-04T16:10:47.241+0000] {dagbag.py:540} INFO - Filling up the DagBag from /home/airflow/.local/lib/python3.11/site-packages/airflow/example_dags/example_latest_only.py
[2024-03-04T16:10:47.245+0000] {processor.py:840} INFO - DAG(s) 'latest_only' retrieved from /home/airflow/.local/lib/python3.11/site-packages/airflow/example_dags/example_latest_only.py
[2024-03-04T16:10:47.261+0000] {logging_mixin.py:188} INFO - [2024-03-04T16:10:47.260+0000] {dag.py:3047} INFO - Sync 1 DAGs
[2024-03-04T16:10:47.272+0000] {logging_mixin.py:188} INFO - [2024-03-04T16:10:47.272+0000] {dag.py:3834} INFO - Setting next_dagrun for latest_only to 2024-03-04 12:00:00+00:00, run_after=2024-03-04 16:00:00+00:00
[2024-03-04T16:10:47.280+0000] {processor.py:183} INFO - Processing /home/airflow/.local/lib/python3.11/site-packages/airflow/example_dags/example_latest_only.py took 0.046 seconds
[2024-03-04T16:11:18.061+0000] {processor.py:161} INFO - Started process (PID=2129) to work on /home/airflow/.local/lib/python3.11/site-packages/airflow/example_dags/example_latest_only.py
[2024-03-04T16:11:18.062+0000] {processor.py:830} INFO - Processing file /home/airflow/.local/lib/python3.11/site-packages/airflow/example_dags/example_latest_only.py for tasks to queue
[2024-03-04T16:11:18.064+0000] {logging_mixin.py:188} INFO - [2024-03-04T16:11:18.064+0000] {dagbag.py:540} INFO - Filling up the DagBag from /home/airflow/.local/lib/python3.11/site-packages/airflow/example_dags/example_latest_only.py
[2024-03-04T16:11:18.069+0000] {processor.py:840} INFO - DAG(s) 'latest_only' retrieved from /home/airflow/.local/lib/python3.11/site-packages/airflow/example_dags/example_latest_only.py
[2024-03-04T16:11:18.084+0000] {logging_mixin.py:188} INFO - [2024-03-04T16:11:18.084+0000] {dag.py:3047} INFO - Sync 1 DAGs
[2024-03-04T16:11:18.098+0000] {logging_mixin.py:188} INFO - [2024-03-04T16:11:18.098+0000] {dag.py:3834} INFO - Setting next_dagrun for latest_only to 2024-03-04 12:00:00+00:00, run_after=2024-03-04 16:00:00+00:00
[2024-03-04T16:11:18.106+0000] {processor.py:183} INFO - Processing /home/airflow/.local/lib/python3.11/site-packages/airflow/example_dags/example_latest_only.py took 0.048 seconds
[2024-03-04T16:11:48.679+0000] {processor.py:161} INFO - Started process (PID=2184) to work on /home/airflow/.local/lib/python3.11/site-packages/airflow/example_dags/example_latest_only.py
[2024-03-04T16:11:48.680+0000] {processor.py:830} INFO - Processing file /home/airflow/.local/lib/python3.11/site-packages/airflow/example_dags/example_latest_only.py for tasks to queue
[2024-03-04T16:11:48.681+0000] {logging_mixin.py:188} INFO - [2024-03-04T16:11:48.681+0000] {dagbag.py:540} INFO - Filling up the DagBag from /home/airflow/.local/lib/python3.11/site-packages/airflow/example_dags/example_latest_only.py
[2024-03-04T16:11:48.684+0000] {processor.py:840} INFO - DAG(s) 'latest_only' retrieved from /home/airflow/.local/lib/python3.11/site-packages/airflow/example_dags/example_latest_only.py
[2024-03-04T16:11:48.698+0000] {logging_mixin.py:188} INFO - [2024-03-04T16:11:48.698+0000] {dag.py:3047} INFO - Sync 1 DAGs
[2024-03-04T16:11:48.709+0000] {logging_mixin.py:188} INFO - [2024-03-04T16:11:48.709+0000] {dag.py:3834} INFO - Setting next_dagrun for latest_only to 2024-03-04 12:00:00+00:00, run_after=2024-03-04 16:00:00+00:00
[2024-03-04T16:11:48.717+0000] {processor.py:183} INFO - Processing /home/airflow/.local/lib/python3.11/site-packages/airflow/example_dags/example_latest_only.py took 0.041 seconds
[2024-03-04T16:12:19.399+0000] {processor.py:161} INFO - Started process (PID=2239) to work on /home/airflow/.local/lib/python3.11/site-packages/airflow/example_dags/example_latest_only.py
[2024-03-04T16:12:19.400+0000] {processor.py:830} INFO - Processing file /home/airflow/.local/lib/python3.11/site-packages/airflow/example_dags/example_latest_only.py for tasks to queue
[2024-03-04T16:12:19.402+0000] {logging_mixin.py:188} INFO - [2024-03-04T16:12:19.402+0000] {dagbag.py:540} INFO - Filling up the DagBag from /home/airflow/.local/lib/python3.11/site-packages/airflow/example_dags/example_latest_only.py
[2024-03-04T16:12:19.406+0000] {processor.py:840} INFO - DAG(s) 'latest_only' retrieved from /home/airflow/.local/lib/python3.11/site-packages/airflow/example_dags/example_latest_only.py
[2024-03-04T16:12:19.420+0000] {logging_mixin.py:188} INFO - [2024-03-04T16:12:19.420+0000] {dag.py:3047} INFO - Sync 1 DAGs
[2024-03-04T16:12:19.431+0000] {logging_mixin.py:188} INFO - [2024-03-04T16:12:19.431+0000] {dag.py:3834} INFO - Setting next_dagrun for latest_only to 2024-03-04 12:00:00+00:00, run_after=2024-03-04 16:00:00+00:00
[2024-03-04T16:12:19.438+0000] {processor.py:183} INFO - Processing /home/airflow/.local/lib/python3.11/site-packages/airflow/example_dags/example_latest_only.py took 0.042 seconds
[2024-03-04T16:12:50.074+0000] {processor.py:161} INFO - Started process (PID=2294) to work on /home/airflow/.local/lib/python3.11/site-packages/airflow/example_dags/example_latest_only.py
[2024-03-04T16:12:50.075+0000] {processor.py:830} INFO - Processing file /home/airflow/.local/lib/python3.11/site-packages/airflow/example_dags/example_latest_only.py for tasks to queue
[2024-03-04T16:12:50.076+0000] {logging_mixin.py:188} INFO - [2024-03-04T16:12:50.076+0000] {dagbag.py:540} INFO - Filling up the DagBag from /home/airflow/.local/lib/python3.11/site-packages/airflow/example_dags/example_latest_only.py
[2024-03-04T16:12:50.080+0000] {processor.py:840} INFO - DAG(s) 'latest_only' retrieved from /home/airflow/.local/lib/python3.11/site-packages/airflow/example_dags/example_latest_only.py
[2024-03-04T16:12:50.095+0000] {logging_mixin.py:188} INFO - [2024-03-04T16:12:50.095+0000] {dag.py:3047} INFO - Sync 1 DAGs
[2024-03-04T16:12:50.106+0000] {logging_mixin.py:188} INFO - [2024-03-04T16:12:50.106+0000] {dag.py:3834} INFO - Setting next_dagrun for latest_only to 2024-03-04 12:00:00+00:00, run_after=2024-03-04 16:00:00+00:00
[2024-03-04T16:12:50.114+0000] {processor.py:183} INFO - Processing /home/airflow/.local/lib/python3.11/site-packages/airflow/example_dags/example_latest_only.py took 0.044 seconds
[2024-03-04T16:13:20.666+0000] {processor.py:161} INFO - Started process (PID=2349) to work on /home/airflow/.local/lib/python3.11/site-packages/airflow/example_dags/example_latest_only.py
[2024-03-04T16:13:20.668+0000] {processor.py:830} INFO - Processing file /home/airflow/.local/lib/python3.11/site-packages/airflow/example_dags/example_latest_only.py for tasks to queue
[2024-03-04T16:13:20.669+0000] {logging_mixin.py:188} INFO - [2024-03-04T16:13:20.669+0000] {dagbag.py:540} INFO - Filling up the DagBag from /home/airflow/.local/lib/python3.11/site-packages/airflow/example_dags/example_latest_only.py
[2024-03-04T16:13:20.672+0000] {processor.py:840} INFO - DAG(s) 'latest_only' retrieved from /home/airflow/.local/lib/python3.11/site-packages/airflow/example_dags/example_latest_only.py
[2024-03-04T16:13:20.687+0000] {logging_mixin.py:188} INFO - [2024-03-04T16:13:20.687+0000] {dag.py:3047} INFO - Sync 1 DAGs
[2024-03-04T16:13:20.698+0000] {logging_mixin.py:188} INFO - [2024-03-04T16:13:20.698+0000] {dag.py:3834} INFO - Setting next_dagrun for latest_only to 2024-03-04 12:00:00+00:00, run_after=2024-03-04 16:00:00+00:00
[2024-03-04T16:13:20.707+0000] {processor.py:183} INFO - Processing /home/airflow/.local/lib/python3.11/site-packages/airflow/example_dags/example_latest_only.py took 0.043 seconds
[2024-03-04T16:13:51.374+0000] {processor.py:161} INFO - Started process (PID=2404) to work on /home/airflow/.local/lib/python3.11/site-packages/airflow/example_dags/example_latest_only.py
[2024-03-04T16:13:51.377+0000] {processor.py:830} INFO - Processing file /home/airflow/.local/lib/python3.11/site-packages/airflow/example_dags/example_latest_only.py for tasks to queue
[2024-03-04T16:13:51.379+0000] {logging_mixin.py:188} INFO - [2024-03-04T16:13:51.378+0000] {dagbag.py:540} INFO - Filling up the DagBag from /home/airflow/.local/lib/python3.11/site-packages/airflow/example_dags/example_latest_only.py
[2024-03-04T16:13:51.383+0000] {processor.py:840} INFO - DAG(s) 'latest_only' retrieved from /home/airflow/.local/lib/python3.11/site-packages/airflow/example_dags/example_latest_only.py
[2024-03-04T16:13:51.396+0000] {logging_mixin.py:188} INFO - [2024-03-04T16:13:51.396+0000] {dag.py:3047} INFO - Sync 1 DAGs
[2024-03-04T16:13:51.408+0000] {logging_mixin.py:188} INFO - [2024-03-04T16:13:51.407+0000] {dag.py:3834} INFO - Setting next_dagrun for latest_only to 2024-03-04 12:00:00+00:00, run_after=2024-03-04 16:00:00+00:00
[2024-03-04T16:13:51.415+0000] {processor.py:183} INFO - Processing /home/airflow/.local/lib/python3.11/site-packages/airflow/example_dags/example_latest_only.py took 0.045 seconds
[2024-03-04T16:14:22.112+0000] {processor.py:161} INFO - Started process (PID=2459) to work on /home/airflow/.local/lib/python3.11/site-packages/airflow/example_dags/example_latest_only.py
[2024-03-04T16:14:22.114+0000] {processor.py:830} INFO - Processing file /home/airflow/.local/lib/python3.11/site-packages/airflow/example_dags/example_latest_only.py for tasks to queue
[2024-03-04T16:14:22.115+0000] {logging_mixin.py:188} INFO - [2024-03-04T16:14:22.115+0000] {dagbag.py:540} INFO - Filling up the DagBag from /home/airflow/.local/lib/python3.11/site-packages/airflow/example_dags/example_latest_only.py
[2024-03-04T16:14:22.119+0000] {processor.py:840} INFO - DAG(s) 'latest_only' retrieved from /home/airflow/.local/lib/python3.11/site-packages/airflow/example_dags/example_latest_only.py
[2024-03-04T16:14:22.133+0000] {logging_mixin.py:188} INFO - [2024-03-04T16:14:22.133+0000] {dag.py:3047} INFO - Sync 1 DAGs
[2024-03-04T16:14:22.144+0000] {logging_mixin.py:188} INFO - [2024-03-04T16:14:22.144+0000] {dag.py:3834} INFO - Setting next_dagrun for latest_only to 2024-03-04 12:00:00+00:00, run_after=2024-03-04 16:00:00+00:00
[2024-03-04T16:14:22.153+0000] {processor.py:183} INFO - Processing /home/airflow/.local/lib/python3.11/site-packages/airflow/example_dags/example_latest_only.py took 0.044 seconds
[2024-03-04T16:14:52.941+0000] {processor.py:161} INFO - Started process (PID=2514) to work on /home/airflow/.local/lib/python3.11/site-packages/airflow/example_dags/example_latest_only.py
[2024-03-04T16:14:52.945+0000] {processor.py:830} INFO - Processing file /home/airflow/.local/lib/python3.11/site-packages/airflow/example_dags/example_latest_only.py for tasks to queue
[2024-03-04T16:14:52.948+0000] {logging_mixin.py:188} INFO - [2024-03-04T16:14:52.948+0000] {dagbag.py:540} INFO - Filling up the DagBag from /home/airflow/.local/lib/python3.11/site-packages/airflow/example_dags/example_latest_only.py
[2024-03-04T16:14:52.953+0000] {processor.py:840} INFO - DAG(s) 'latest_only' retrieved from /home/airflow/.local/lib/python3.11/site-packages/airflow/example_dags/example_latest_only.py
[2024-03-04T16:14:52.969+0000] {logging_mixin.py:188} INFO - [2024-03-04T16:14:52.969+0000] {dag.py:3047} INFO - Sync 1 DAGs
[2024-03-04T16:14:52.983+0000] {logging_mixin.py:188} INFO - [2024-03-04T16:14:52.983+0000] {dag.py:3834} INFO - Setting next_dagrun for latest_only to 2024-03-04 12:00:00+00:00, run_after=2024-03-04 16:00:00+00:00
[2024-03-04T16:14:52.992+0000] {processor.py:183} INFO - Processing /home/airflow/.local/lib/python3.11/site-packages/airflow/example_dags/example_latest_only.py took 0.055 seconds
[2024-03-04T16:15:23.289+0000] {processor.py:161} INFO - Started process (PID=2569) to work on /home/airflow/.local/lib/python3.11/site-packages/airflow/example_dags/example_latest_only.py
[2024-03-04T16:15:23.290+0000] {processor.py:830} INFO - Processing file /home/airflow/.local/lib/python3.11/site-packages/airflow/example_dags/example_latest_only.py for tasks to queue
[2024-03-04T16:15:23.292+0000] {logging_mixin.py:188} INFO - [2024-03-04T16:15:23.291+0000] {dagbag.py:540} INFO - Filling up the DagBag from /home/airflow/.local/lib/python3.11/site-packages/airflow/example_dags/example_latest_only.py
[2024-03-04T16:15:23.296+0000] {processor.py:840} INFO - DAG(s) 'latest_only' retrieved from /home/airflow/.local/lib/python3.11/site-packages/airflow/example_dags/example_latest_only.py
[2024-03-04T16:15:23.314+0000] {logging_mixin.py:188} INFO - [2024-03-04T16:15:23.314+0000] {dag.py:3047} INFO - Sync 1 DAGs
[2024-03-04T16:15:23.325+0000] {logging_mixin.py:188} INFO - [2024-03-04T16:15:23.325+0000] {dag.py:3834} INFO - Setting next_dagrun for latest_only to 2024-03-04 12:00:00+00:00, run_after=2024-03-04 16:00:00+00:00
[2024-03-04T16:15:23.334+0000] {processor.py:183} INFO - Processing /home/airflow/.local/lib/python3.11/site-packages/airflow/example_dags/example_latest_only.py took 0.047 seconds
[2024-03-04T16:15:54.157+0000] {processor.py:161} INFO - Started process (PID=2624) to work on /home/airflow/.local/lib/python3.11/site-packages/airflow/example_dags/example_latest_only.py
[2024-03-04T16:15:54.158+0000] {processor.py:830} INFO - Processing file /home/airflow/.local/lib/python3.11/site-packages/airflow/example_dags/example_latest_only.py for tasks to queue
[2024-03-04T16:15:54.159+0000] {logging_mixin.py:188} INFO - [2024-03-04T16:15:54.159+0000] {dagbag.py:540} INFO - Filling up the DagBag from /home/airflow/.local/lib/python3.11/site-packages/airflow/example_dags/example_latest_only.py
[2024-03-04T16:15:54.163+0000] {processor.py:840} INFO - DAG(s) 'latest_only' retrieved from /home/airflow/.local/lib/python3.11/site-packages/airflow/example_dags/example_latest_only.py
[2024-03-04T16:15:54.177+0000] {logging_mixin.py:188} INFO - [2024-03-04T16:15:54.177+0000] {dag.py:3047} INFO - Sync 1 DAGs
[2024-03-04T16:15:54.189+0000] {logging_mixin.py:188} INFO - [2024-03-04T16:15:54.189+0000] {dag.py:3834} INFO - Setting next_dagrun for latest_only to 2024-03-04 12:00:00+00:00, run_after=2024-03-04 16:00:00+00:00
[2024-03-04T16:15:54.198+0000] {processor.py:183} INFO - Processing /home/airflow/.local/lib/python3.11/site-packages/airflow/example_dags/example_latest_only.py took 0.044 seconds
[2024-03-04T16:16:25.011+0000] {processor.py:161} INFO - Started process (PID=2679) to work on /home/airflow/.local/lib/python3.11/site-packages/airflow/example_dags/example_latest_only.py
[2024-03-04T16:16:25.013+0000] {processor.py:830} INFO - Processing file /home/airflow/.local/lib/python3.11/site-packages/airflow/example_dags/example_latest_only.py for tasks to queue
[2024-03-04T16:16:25.015+0000] {logging_mixin.py:188} INFO - [2024-03-04T16:16:25.015+0000] {dagbag.py:540} INFO - Filling up the DagBag from /home/airflow/.local/lib/python3.11/site-packages/airflow/example_dags/example_latest_only.py
[2024-03-04T16:16:25.019+0000] {processor.py:840} INFO - DAG(s) 'latest_only' retrieved from /home/airflow/.local/lib/python3.11/site-packages/airflow/example_dags/example_latest_only.py
[2024-03-04T16:16:25.033+0000] {logging_mixin.py:188} INFO - [2024-03-04T16:16:25.033+0000] {dag.py:3047} INFO - Sync 1 DAGs
[2024-03-04T16:16:25.044+0000] {logging_mixin.py:188} INFO - [2024-03-04T16:16:25.044+0000] {dag.py:3834} INFO - Setting next_dagrun for latest_only to 2024-03-04 12:00:00+00:00, run_after=2024-03-04 16:00:00+00:00
[2024-03-04T16:16:25.052+0000] {processor.py:183} INFO - Processing /home/airflow/.local/lib/python3.11/site-packages/airflow/example_dags/example_latest_only.py took 0.043 seconds
[2024-03-04T16:16:55.548+0000] {processor.py:161} INFO - Started process (PID=2734) to work on /home/airflow/.local/lib/python3.11/site-packages/airflow/example_dags/example_latest_only.py
[2024-03-04T16:16:55.550+0000] {processor.py:830} INFO - Processing file /home/airflow/.local/lib/python3.11/site-packages/airflow/example_dags/example_latest_only.py for tasks to queue
[2024-03-04T16:16:55.551+0000] {logging_mixin.py:188} INFO - [2024-03-04T16:16:55.551+0000] {dagbag.py:540} INFO - Filling up the DagBag from /home/airflow/.local/lib/python3.11/site-packages/airflow/example_dags/example_latest_only.py
[2024-03-04T16:16:55.555+0000] {processor.py:840} INFO - DAG(s) 'latest_only' retrieved from /home/airflow/.local/lib/python3.11/site-packages/airflow/example_dags/example_latest_only.py
[2024-03-04T16:16:55.571+0000] {logging_mixin.py:188} INFO - [2024-03-04T16:16:55.571+0000] {dag.py:3047} INFO - Sync 1 DAGs
[2024-03-04T16:16:55.583+0000] {logging_mixin.py:188} INFO - [2024-03-04T16:16:55.583+0000] {dag.py:3834} INFO - Setting next_dagrun for latest_only to 2024-03-04 12:00:00+00:00, run_after=2024-03-04 16:00:00+00:00
[2024-03-04T16:16:55.590+0000] {processor.py:183} INFO - Processing /home/airflow/.local/lib/python3.11/site-packages/airflow/example_dags/example_latest_only.py took 0.047 seconds
[2024-03-04T16:17:26.313+0000] {processor.py:161} INFO - Started process (PID=2789) to work on /home/airflow/.local/lib/python3.11/site-packages/airflow/example_dags/example_latest_only.py
[2024-03-04T16:17:26.315+0000] {processor.py:830} INFO - Processing file /home/airflow/.local/lib/python3.11/site-packages/airflow/example_dags/example_latest_only.py for tasks to queue
[2024-03-04T16:17:26.317+0000] {logging_mixin.py:188} INFO - [2024-03-04T16:17:26.317+0000] {dagbag.py:540} INFO - Filling up the DagBag from /home/airflow/.local/lib/python3.11/site-packages/airflow/example_dags/example_latest_only.py
[2024-03-04T16:17:26.324+0000] {processor.py:840} INFO - DAG(s) 'latest_only' retrieved from /home/airflow/.local/lib/python3.11/site-packages/airflow/example_dags/example_latest_only.py
[2024-03-04T16:17:26.345+0000] {logging_mixin.py:188} INFO - [2024-03-04T16:17:26.345+0000] {dag.py:3047} INFO - Sync 1 DAGs
[2024-03-04T16:17:26.374+0000] {logging_mixin.py:188} INFO - [2024-03-04T16:17:26.374+0000] {dag.py:3834} INFO - Setting next_dagrun for latest_only to 2024-03-04 12:00:00+00:00, run_after=2024-03-04 16:00:00+00:00
[2024-03-04T16:17:26.383+0000] {processor.py:183} INFO - Processing /home/airflow/.local/lib/python3.11/site-packages/airflow/example_dags/example_latest_only.py took 0.073 seconds
[2024-03-04T16:17:56.654+0000] {processor.py:161} INFO - Started process (PID=2844) to work on /home/airflow/.local/lib/python3.11/site-packages/airflow/example_dags/example_latest_only.py
[2024-03-04T16:17:56.655+0000] {processor.py:830} INFO - Processing file /home/airflow/.local/lib/python3.11/site-packages/airflow/example_dags/example_latest_only.py for tasks to queue
[2024-03-04T16:17:56.657+0000] {logging_mixin.py:188} INFO - [2024-03-04T16:17:56.656+0000] {dagbag.py:540} INFO - Filling up the DagBag from /home/airflow/.local/lib/python3.11/site-packages/airflow/example_dags/example_latest_only.py
[2024-03-04T16:17:56.661+0000] {processor.py:840} INFO - DAG(s) 'latest_only' retrieved from /home/airflow/.local/lib/python3.11/site-packages/airflow/example_dags/example_latest_only.py
[2024-03-04T16:17:56.678+0000] {logging_mixin.py:188} INFO - [2024-03-04T16:17:56.678+0000] {dag.py:3047} INFO - Sync 1 DAGs
[2024-03-04T16:17:56.689+0000] {logging_mixin.py:188} INFO - [2024-03-04T16:17:56.689+0000] {dag.py:3834} INFO - Setting next_dagrun for latest_only to 2024-03-04 12:00:00+00:00, run_after=2024-03-04 16:00:00+00:00
[2024-03-04T16:17:56.697+0000] {processor.py:183} INFO - Processing /home/airflow/.local/lib/python3.11/site-packages/airflow/example_dags/example_latest_only.py took 0.046 seconds
[2024-03-04T16:18:26.986+0000] {processor.py:161} INFO - Started process (PID=2899) to work on /home/airflow/.local/lib/python3.11/site-packages/airflow/example_dags/example_latest_only.py
[2024-03-04T16:18:26.987+0000] {processor.py:830} INFO - Processing file /home/airflow/.local/lib/python3.11/site-packages/airflow/example_dags/example_latest_only.py for tasks to queue
[2024-03-04T16:18:26.988+0000] {logging_mixin.py:188} INFO - [2024-03-04T16:18:26.988+0000] {dagbag.py:540} INFO - Filling up the DagBag from /home/airflow/.local/lib/python3.11/site-packages/airflow/example_dags/example_latest_only.py
[2024-03-04T16:18:26.991+0000] {processor.py:840} INFO - DAG(s) 'latest_only' retrieved from /home/airflow/.local/lib/python3.11/site-packages/airflow/example_dags/example_latest_only.py
[2024-03-04T16:18:27.009+0000] {logging_mixin.py:188} INFO - [2024-03-04T16:18:27.009+0000] {dag.py:3047} INFO - Sync 1 DAGs
[2024-03-04T16:18:27.028+0000] {logging_mixin.py:188} INFO - [2024-03-04T16:18:27.028+0000] {dag.py:3834} INFO - Setting next_dagrun for latest_only to 2024-03-04 12:00:00+00:00, run_after=2024-03-04 16:00:00+00:00
[2024-03-04T16:18:27.038+0000] {processor.py:183} INFO - Processing /home/airflow/.local/lib/python3.11/site-packages/airflow/example_dags/example_latest_only.py took 0.055 seconds
[2024-03-04T16:18:57.214+0000] {processor.py:161} INFO - Started process (PID=2954) to work on /home/airflow/.local/lib/python3.11/site-packages/airflow/example_dags/example_latest_only.py
[2024-03-04T16:18:57.215+0000] {processor.py:830} INFO - Processing file /home/airflow/.local/lib/python3.11/site-packages/airflow/example_dags/example_latest_only.py for tasks to queue
[2024-03-04T16:18:57.217+0000] {logging_mixin.py:188} INFO - [2024-03-04T16:18:57.216+0000] {dagbag.py:540} INFO - Filling up the DagBag from /home/airflow/.local/lib/python3.11/site-packages/airflow/example_dags/example_latest_only.py
[2024-03-04T16:18:57.220+0000] {processor.py:840} INFO - DAG(s) 'latest_only' retrieved from /home/airflow/.local/lib/python3.11/site-packages/airflow/example_dags/example_latest_only.py
[2024-03-04T16:18:57.235+0000] {logging_mixin.py:188} INFO - [2024-03-04T16:18:57.235+0000] {dag.py:3047} INFO - Sync 1 DAGs
[2024-03-04T16:18:57.246+0000] {logging_mixin.py:188} INFO - [2024-03-04T16:18:57.246+0000] {dag.py:3834} INFO - Setting next_dagrun for latest_only to 2024-03-04 12:00:00+00:00, run_after=2024-03-04 16:00:00+00:00
[2024-03-04T16:18:57.254+0000] {processor.py:183} INFO - Processing /home/airflow/.local/lib/python3.11/site-packages/airflow/example_dags/example_latest_only.py took 0.043 seconds
[2024-03-04T16:19:27.419+0000] {processor.py:161} INFO - Started process (PID=3009) to work on /home/airflow/.local/lib/python3.11/site-packages/airflow/example_dags/example_latest_only.py
[2024-03-04T16:19:27.420+0000] {processor.py:830} INFO - Processing file /home/airflow/.local/lib/python3.11/site-packages/airflow/example_dags/example_latest_only.py for tasks to queue
[2024-03-04T16:19:27.422+0000] {logging_mixin.py:188} INFO - [2024-03-04T16:19:27.422+0000] {dagbag.py:540} INFO - Filling up the DagBag from /home/airflow/.local/lib/python3.11/site-packages/airflow/example_dags/example_latest_only.py
[2024-03-04T16:19:27.426+0000] {processor.py:840} INFO - DAG(s) 'latest_only' retrieved from /home/airflow/.local/lib/python3.11/site-packages/airflow/example_dags/example_latest_only.py
[2024-03-04T16:19:27.440+0000] {logging_mixin.py:188} INFO - [2024-03-04T16:19:27.440+0000] {dag.py:3047} INFO - Sync 1 DAGs
[2024-03-04T16:19:27.452+0000] {logging_mixin.py:188} INFO - [2024-03-04T16:19:27.452+0000] {dag.py:3834} INFO - Setting next_dagrun for latest_only to 2024-03-04 12:00:00+00:00, run_after=2024-03-04 16:00:00+00:00
[2024-03-04T16:19:27.461+0000] {processor.py:183} INFO - Processing /home/airflow/.local/lib/python3.11/site-packages/airflow/example_dags/example_latest_only.py took 0.045 seconds
[2024-03-04T16:19:58.150+0000] {processor.py:161} INFO - Started process (PID=3064) to work on /home/airflow/.local/lib/python3.11/site-packages/airflow/example_dags/example_latest_only.py
[2024-03-04T16:19:58.151+0000] {processor.py:830} INFO - Processing file /home/airflow/.local/lib/python3.11/site-packages/airflow/example_dags/example_latest_only.py for tasks to queue
[2024-03-04T16:19:58.152+0000] {logging_mixin.py:188} INFO - [2024-03-04T16:19:58.152+0000] {dagbag.py:540} INFO - Filling up the DagBag from /home/airflow/.local/lib/python3.11/site-packages/airflow/example_dags/example_latest_only.py
[2024-03-04T16:19:58.156+0000] {processor.py:840} INFO - DAG(s) 'latest_only' retrieved from /home/airflow/.local/lib/python3.11/site-packages/airflow/example_dags/example_latest_only.py
[2024-03-04T16:19:58.173+0000] {logging_mixin.py:188} INFO - [2024-03-04T16:19:58.173+0000] {dag.py:3047} INFO - Sync 1 DAGs
[2024-03-04T16:19:58.193+0000] {logging_mixin.py:188} INFO - [2024-03-04T16:19:58.192+0000] {dag.py:3834} INFO - Setting next_dagrun for latest_only to 2024-03-04 12:00:00+00:00, run_after=2024-03-04 16:00:00+00:00
[2024-03-04T16:19:58.205+0000] {processor.py:183} INFO - Processing /home/airflow/.local/lib/python3.11/site-packages/airflow/example_dags/example_latest_only.py took 0.057 seconds
[2024-03-04T16:20:28.307+0000] {processor.py:161} INFO - Started process (PID=3119) to work on /home/airflow/.local/lib/python3.11/site-packages/airflow/example_dags/example_latest_only.py
[2024-03-04T16:20:28.307+0000] {processor.py:830} INFO - Processing file /home/airflow/.local/lib/python3.11/site-packages/airflow/example_dags/example_latest_only.py for tasks to queue
[2024-03-04T16:20:28.308+0000] {logging_mixin.py:188} INFO - [2024-03-04T16:20:28.308+0000] {dagbag.py:540} INFO - Filling up the DagBag from /home/airflow/.local/lib/python3.11/site-packages/airflow/example_dags/example_latest_only.py
[2024-03-04T16:20:28.311+0000] {processor.py:840} INFO - DAG(s) 'latest_only' retrieved from /home/airflow/.local/lib/python3.11/site-packages/airflow/example_dags/example_latest_only.py
[2024-03-04T16:20:28.320+0000] {logging_mixin.py:188} INFO - [2024-03-04T16:20:28.320+0000] {dag.py:3047} INFO - Sync 1 DAGs
[2024-03-04T16:20:28.328+0000] {logging_mixin.py:188} INFO - [2024-03-04T16:20:28.328+0000] {dag.py:3834} INFO - Setting next_dagrun for latest_only to 2024-03-04 12:00:00+00:00, run_after=2024-03-04 16:00:00+00:00
[2024-03-04T16:20:28.334+0000] {processor.py:183} INFO - Processing /home/airflow/.local/lib/python3.11/site-packages/airflow/example_dags/example_latest_only.py took 0.029 seconds
[2024-03-04T16:20:58.502+0000] {processor.py:161} INFO - Started process (PID=3174) to work on /home/airflow/.local/lib/python3.11/site-packages/airflow/example_dags/example_latest_only.py
[2024-03-04T16:20:58.503+0000] {processor.py:830} INFO - Processing file /home/airflow/.local/lib/python3.11/site-packages/airflow/example_dags/example_latest_only.py for tasks to queue
[2024-03-04T16:20:58.503+0000] {logging_mixin.py:188} INFO - [2024-03-04T16:20:58.503+0000] {dagbag.py:540} INFO - Filling up the DagBag from /home/airflow/.local/lib/python3.11/site-packages/airflow/example_dags/example_latest_only.py
[2024-03-04T16:20:58.506+0000] {processor.py:840} INFO - DAG(s) 'latest_only' retrieved from /home/airflow/.local/lib/python3.11/site-packages/airflow/example_dags/example_latest_only.py
[2024-03-04T16:20:58.515+0000] {logging_mixin.py:188} INFO - [2024-03-04T16:20:58.515+0000] {dag.py:3047} INFO - Sync 1 DAGs
[2024-03-04T16:20:58.523+0000] {logging_mixin.py:188} INFO - [2024-03-04T16:20:58.523+0000] {dag.py:3834} INFO - Setting next_dagrun for latest_only to 2024-03-04 12:00:00+00:00, run_after=2024-03-04 16:00:00+00:00
[2024-03-04T16:20:58.529+0000] {processor.py:183} INFO - Processing /home/airflow/.local/lib/python3.11/site-packages/airflow/example_dags/example_latest_only.py took 0.029 seconds
[2024-03-04T16:21:28.675+0000] {processor.py:161} INFO - Started process (PID=3229) to work on /home/airflow/.local/lib/python3.11/site-packages/airflow/example_dags/example_latest_only.py
[2024-03-04T16:21:28.676+0000] {processor.py:830} INFO - Processing file /home/airflow/.local/lib/python3.11/site-packages/airflow/example_dags/example_latest_only.py for tasks to queue
[2024-03-04T16:21:28.678+0000] {logging_mixin.py:188} INFO - [2024-03-04T16:21:28.678+0000] {dagbag.py:540} INFO - Filling up the DagBag from /home/airflow/.local/lib/python3.11/site-packages/airflow/example_dags/example_latest_only.py
[2024-03-04T16:21:28.682+0000] {processor.py:840} INFO - DAG(s) 'latest_only' retrieved from /home/airflow/.local/lib/python3.11/site-packages/airflow/example_dags/example_latest_only.py
[2024-03-04T16:21:28.691+0000] {logging_mixin.py:188} INFO - [2024-03-04T16:21:28.691+0000] {dag.py:3047} INFO - Sync 1 DAGs
[2024-03-04T16:21:28.700+0000] {logging_mixin.py:188} INFO - [2024-03-04T16:21:28.700+0000] {dag.py:3834} INFO - Setting next_dagrun for latest_only to 2024-03-04 12:00:00+00:00, run_after=2024-03-04 16:00:00+00:00
[2024-03-04T16:21:28.708+0000] {processor.py:183} INFO - Processing /home/airflow/.local/lib/python3.11/site-packages/airflow/example_dags/example_latest_only.py took 0.036 seconds
[2024-03-04T16:21:59.164+0000] {processor.py:161} INFO - Started process (PID=3284) to work on /home/airflow/.local/lib/python3.11/site-packages/airflow/example_dags/example_latest_only.py
[2024-03-04T16:21:59.165+0000] {processor.py:830} INFO - Processing file /home/airflow/.local/lib/python3.11/site-packages/airflow/example_dags/example_latest_only.py for tasks to queue
[2024-03-04T16:21:59.166+0000] {logging_mixin.py:188} INFO - [2024-03-04T16:21:59.166+0000] {dagbag.py:540} INFO - Filling up the DagBag from /home/airflow/.local/lib/python3.11/site-packages/airflow/example_dags/example_latest_only.py
[2024-03-04T16:21:59.169+0000] {processor.py:840} INFO - DAG(s) 'latest_only' retrieved from /home/airflow/.local/lib/python3.11/site-packages/airflow/example_dags/example_latest_only.py
[2024-03-04T16:21:59.179+0000] {logging_mixin.py:188} INFO - [2024-03-04T16:21:59.179+0000] {dag.py:3047} INFO - Sync 1 DAGs
[2024-03-04T16:21:59.187+0000] {logging_mixin.py:188} INFO - [2024-03-04T16:21:59.187+0000] {dag.py:3834} INFO - Setting next_dagrun for latest_only to 2024-03-04 12:00:00+00:00, run_after=2024-03-04 16:00:00+00:00
[2024-03-04T16:21:59.194+0000] {processor.py:183} INFO - Processing /home/airflow/.local/lib/python3.11/site-packages/airflow/example_dags/example_latest_only.py took 0.031 seconds
[2024-03-04T16:22:29.366+0000] {processor.py:161} INFO - Started process (PID=3339) to work on /home/airflow/.local/lib/python3.11/site-packages/airflow/example_dags/example_latest_only.py
[2024-03-04T16:22:29.367+0000] {processor.py:830} INFO - Processing file /home/airflow/.local/lib/python3.11/site-packages/airflow/example_dags/example_latest_only.py for tasks to queue
[2024-03-04T16:22:29.368+0000] {logging_mixin.py:188} INFO - [2024-03-04T16:22:29.368+0000] {dagbag.py:540} INFO - Filling up the DagBag from /home/airflow/.local/lib/python3.11/site-packages/airflow/example_dags/example_latest_only.py
[2024-03-04T16:22:29.370+0000] {processor.py:840} INFO - DAG(s) 'latest_only' retrieved from /home/airflow/.local/lib/python3.11/site-packages/airflow/example_dags/example_latest_only.py
[2024-03-04T16:22:29.379+0000] {logging_mixin.py:188} INFO - [2024-03-04T16:22:29.379+0000] {dag.py:3047} INFO - Sync 1 DAGs
[2024-03-04T16:22:29.388+0000] {logging_mixin.py:188} INFO - [2024-03-04T16:22:29.387+0000] {dag.py:3834} INFO - Setting next_dagrun for latest_only to 2024-03-04 12:00:00+00:00, run_after=2024-03-04 16:00:00+00:00
[2024-03-04T16:22:29.394+0000] {processor.py:183} INFO - Processing /home/airflow/.local/lib/python3.11/site-packages/airflow/example_dags/example_latest_only.py took 0.029 seconds
[2024-03-04T16:22:59.614+0000] {processor.py:161} INFO - Started process (PID=3394) to work on /home/airflow/.local/lib/python3.11/site-packages/airflow/example_dags/example_latest_only.py
[2024-03-04T16:22:59.614+0000] {processor.py:830} INFO - Processing file /home/airflow/.local/lib/python3.11/site-packages/airflow/example_dags/example_latest_only.py for tasks to queue
[2024-03-04T16:22:59.615+0000] {logging_mixin.py:188} INFO - [2024-03-04T16:22:59.615+0000] {dagbag.py:540} INFO - Filling up the DagBag from /home/airflow/.local/lib/python3.11/site-packages/airflow/example_dags/example_latest_only.py
[2024-03-04T16:22:59.618+0000] {processor.py:840} INFO - DAG(s) 'latest_only' retrieved from /home/airflow/.local/lib/python3.11/site-packages/airflow/example_dags/example_latest_only.py
[2024-03-04T16:22:59.626+0000] {logging_mixin.py:188} INFO - [2024-03-04T16:22:59.626+0000] {dag.py:3047} INFO - Sync 1 DAGs
[2024-03-04T16:22:59.634+0000] {logging_mixin.py:188} INFO - [2024-03-04T16:22:59.634+0000] {dag.py:3834} INFO - Setting next_dagrun for latest_only to 2024-03-04 12:00:00+00:00, run_after=2024-03-04 16:00:00+00:00
[2024-03-04T16:22:59.640+0000] {processor.py:183} INFO - Processing /home/airflow/.local/lib/python3.11/site-packages/airflow/example_dags/example_latest_only.py took 0.028 seconds
[2024-03-04T16:23:29.822+0000] {processor.py:161} INFO - Started process (PID=3448) to work on /home/airflow/.local/lib/python3.11/site-packages/airflow/example_dags/example_latest_only.py
[2024-03-04T16:23:29.823+0000] {processor.py:830} INFO - Processing file /home/airflow/.local/lib/python3.11/site-packages/airflow/example_dags/example_latest_only.py for tasks to queue
[2024-03-04T16:23:29.824+0000] {logging_mixin.py:188} INFO - [2024-03-04T16:23:29.823+0000] {dagbag.py:540} INFO - Filling up the DagBag from /home/airflow/.local/lib/python3.11/site-packages/airflow/example_dags/example_latest_only.py
[2024-03-04T16:23:29.826+0000] {processor.py:840} INFO - DAG(s) 'latest_only' retrieved from /home/airflow/.local/lib/python3.11/site-packages/airflow/example_dags/example_latest_only.py
[2024-03-04T16:23:29.834+0000] {logging_mixin.py:188} INFO - [2024-03-04T16:23:29.834+0000] {dag.py:3047} INFO - Sync 1 DAGs
[2024-03-04T16:23:29.842+0000] {logging_mixin.py:188} INFO - [2024-03-04T16:23:29.842+0000] {dag.py:3834} INFO - Setting next_dagrun for latest_only to 2024-03-04 12:00:00+00:00, run_after=2024-03-04 16:00:00+00:00
[2024-03-04T16:23:29.848+0000] {processor.py:183} INFO - Processing /home/airflow/.local/lib/python3.11/site-packages/airflow/example_dags/example_latest_only.py took 0.028 seconds
[2024-03-04T16:24:00.305+0000] {processor.py:161} INFO - Started process (PID=3503) to work on /home/airflow/.local/lib/python3.11/site-packages/airflow/example_dags/example_latest_only.py
[2024-03-04T16:24:00.307+0000] {processor.py:830} INFO - Processing file /home/airflow/.local/lib/python3.11/site-packages/airflow/example_dags/example_latest_only.py for tasks to queue
[2024-03-04T16:24:00.309+0000] {logging_mixin.py:188} INFO - [2024-03-04T16:24:00.309+0000] {dagbag.py:540} INFO - Filling up the DagBag from /home/airflow/.local/lib/python3.11/site-packages/airflow/example_dags/example_latest_only.py
[2024-03-04T16:24:00.314+0000] {processor.py:840} INFO - DAG(s) 'latest_only' retrieved from /home/airflow/.local/lib/python3.11/site-packages/airflow/example_dags/example_latest_only.py
[2024-03-04T16:24:00.326+0000] {logging_mixin.py:188} INFO - [2024-03-04T16:24:00.326+0000] {dag.py:3047} INFO - Sync 1 DAGs
[2024-03-04T16:24:00.335+0000] {logging_mixin.py:188} INFO - [2024-03-04T16:24:00.335+0000] {dag.py:3834} INFO - Setting next_dagrun for latest_only to 2024-03-04 12:00:00+00:00, run_after=2024-03-04 16:00:00+00:00
[2024-03-04T16:24:00.342+0000] {processor.py:183} INFO - Processing /home/airflow/.local/lib/python3.11/site-packages/airflow/example_dags/example_latest_only.py took 0.043 seconds
[2024-03-04T16:24:30.516+0000] {processor.py:161} INFO - Started process (PID=3558) to work on /home/airflow/.local/lib/python3.11/site-packages/airflow/example_dags/example_latest_only.py
[2024-03-04T16:24:30.517+0000] {processor.py:830} INFO - Processing file /home/airflow/.local/lib/python3.11/site-packages/airflow/example_dags/example_latest_only.py for tasks to queue
[2024-03-04T16:24:30.518+0000] {logging_mixin.py:188} INFO - [2024-03-04T16:24:30.517+0000] {dagbag.py:540} INFO - Filling up the DagBag from /home/airflow/.local/lib/python3.11/site-packages/airflow/example_dags/example_latest_only.py
[2024-03-04T16:24:30.520+0000] {processor.py:840} INFO - DAG(s) 'latest_only' retrieved from /home/airflow/.local/lib/python3.11/site-packages/airflow/example_dags/example_latest_only.py
[2024-03-04T16:24:30.534+0000] {logging_mixin.py:188} INFO - [2024-03-04T16:24:30.534+0000] {dag.py:3047} INFO - Sync 1 DAGs
[2024-03-04T16:24:30.544+0000] {logging_mixin.py:188} INFO - [2024-03-04T16:24:30.544+0000] {dag.py:3834} INFO - Setting next_dagrun for latest_only to 2024-03-04 12:00:00+00:00, run_after=2024-03-04 16:00:00+00:00
[2024-03-04T16:24:30.551+0000] {processor.py:183} INFO - Processing /home/airflow/.local/lib/python3.11/site-packages/airflow/example_dags/example_latest_only.py took 0.037 seconds
[2024-03-04T16:25:00.837+0000] {processor.py:161} INFO - Started process (PID=3613) to work on /home/airflow/.local/lib/python3.11/site-packages/airflow/example_dags/example_latest_only.py
[2024-03-04T16:25:00.838+0000] {processor.py:830} INFO - Processing file /home/airflow/.local/lib/python3.11/site-packages/airflow/example_dags/example_latest_only.py for tasks to queue
[2024-03-04T16:25:00.839+0000] {logging_mixin.py:188} INFO - [2024-03-04T16:25:00.839+0000] {dagbag.py:540} INFO - Filling up the DagBag from /home/airflow/.local/lib/python3.11/site-packages/airflow/example_dags/example_latest_only.py
[2024-03-04T16:25:00.841+0000] {processor.py:840} INFO - DAG(s) 'latest_only' retrieved from /home/airflow/.local/lib/python3.11/site-packages/airflow/example_dags/example_latest_only.py
[2024-03-04T16:25:00.851+0000] {logging_mixin.py:188} INFO - [2024-03-04T16:25:00.851+0000] {dag.py:3047} INFO - Sync 1 DAGs
[2024-03-04T16:25:00.861+0000] {logging_mixin.py:188} INFO - [2024-03-04T16:25:00.861+0000] {dag.py:3834} INFO - Setting next_dagrun for latest_only to 2024-03-04 12:00:00+00:00, run_after=2024-03-04 16:00:00+00:00
[2024-03-04T16:25:00.867+0000] {processor.py:183} INFO - Processing /home/airflow/.local/lib/python3.11/site-packages/airflow/example_dags/example_latest_only.py took 0.032 seconds
[2024-03-04T16:25:31.190+0000] {processor.py:161} INFO - Started process (PID=3668) to work on /home/airflow/.local/lib/python3.11/site-packages/airflow/example_dags/example_latest_only.py
[2024-03-04T16:25:31.190+0000] {processor.py:830} INFO - Processing file /home/airflow/.local/lib/python3.11/site-packages/airflow/example_dags/example_latest_only.py for tasks to queue
[2024-03-04T16:25:31.192+0000] {logging_mixin.py:188} INFO - [2024-03-04T16:25:31.192+0000] {dagbag.py:540} INFO - Filling up the DagBag from /home/airflow/.local/lib/python3.11/site-packages/airflow/example_dags/example_latest_only.py
[2024-03-04T16:25:31.195+0000] {processor.py:840} INFO - DAG(s) 'latest_only' retrieved from /home/airflow/.local/lib/python3.11/site-packages/airflow/example_dags/example_latest_only.py
[2024-03-04T16:25:31.205+0000] {logging_mixin.py:188} INFO - [2024-03-04T16:25:31.205+0000] {dag.py:3047} INFO - Sync 1 DAGs
[2024-03-04T16:25:31.215+0000] {logging_mixin.py:188} INFO - [2024-03-04T16:25:31.214+0000] {dag.py:3834} INFO - Setting next_dagrun for latest_only to 2024-03-04 12:00:00+00:00, run_after=2024-03-04 16:00:00+00:00
[2024-03-04T16:25:31.222+0000] {processor.py:183} INFO - Processing /home/airflow/.local/lib/python3.11/site-packages/airflow/example_dags/example_latest_only.py took 0.034 seconds
[2024-03-04T16:26:01.707+0000] {processor.py:161} INFO - Started process (PID=3723) to work on /home/airflow/.local/lib/python3.11/site-packages/airflow/example_dags/example_latest_only.py
[2024-03-04T16:26:01.712+0000] {processor.py:830} INFO - Processing file /home/airflow/.local/lib/python3.11/site-packages/airflow/example_dags/example_latest_only.py for tasks to queue
[2024-03-04T16:26:01.716+0000] {logging_mixin.py:188} INFO - [2024-03-04T16:26:01.716+0000] {dagbag.py:540} INFO - Filling up the DagBag from /home/airflow/.local/lib/python3.11/site-packages/airflow/example_dags/example_latest_only.py
[2024-03-04T16:26:01.726+0000] {processor.py:840} INFO - DAG(s) 'latest_only' retrieved from /home/airflow/.local/lib/python3.11/site-packages/airflow/example_dags/example_latest_only.py
[2024-03-04T16:26:01.743+0000] {logging_mixin.py:188} INFO - [2024-03-04T16:26:01.743+0000] {dag.py:3047} INFO - Sync 1 DAGs
[2024-03-04T16:26:01.755+0000] {logging_mixin.py:188} INFO - [2024-03-04T16:26:01.754+0000] {dag.py:3834} INFO - Setting next_dagrun for latest_only to 2024-03-04 12:00:00+00:00, run_after=2024-03-04 16:00:00+00:00
[2024-03-04T16:26:01.762+0000] {processor.py:183} INFO - Processing /home/airflow/.local/lib/python3.11/site-packages/airflow/example_dags/example_latest_only.py took 0.057 seconds
[2024-03-04T16:26:32.048+0000] {processor.py:161} INFO - Started process (PID=3778) to work on /home/airflow/.local/lib/python3.11/site-packages/airflow/example_dags/example_latest_only.py
[2024-03-04T16:26:32.048+0000] {processor.py:830} INFO - Processing file /home/airflow/.local/lib/python3.11/site-packages/airflow/example_dags/example_latest_only.py for tasks to queue
[2024-03-04T16:26:32.049+0000] {logging_mixin.py:188} INFO - [2024-03-04T16:26:32.049+0000] {dagbag.py:540} INFO - Filling up the DagBag from /home/airflow/.local/lib/python3.11/site-packages/airflow/example_dags/example_latest_only.py
[2024-03-04T16:26:32.052+0000] {processor.py:840} INFO - DAG(s) 'latest_only' retrieved from /home/airflow/.local/lib/python3.11/site-packages/airflow/example_dags/example_latest_only.py
[2024-03-04T16:26:32.062+0000] {logging_mixin.py:188} INFO - [2024-03-04T16:26:32.062+0000] {dag.py:3047} INFO - Sync 1 DAGs
[2024-03-04T16:26:32.071+0000] {logging_mixin.py:188} INFO - [2024-03-04T16:26:32.071+0000] {dag.py:3834} INFO - Setting next_dagrun for latest_only to 2024-03-04 12:00:00+00:00, run_after=2024-03-04 16:00:00+00:00
[2024-03-04T16:26:32.078+0000] {processor.py:183} INFO - Processing /home/airflow/.local/lib/python3.11/site-packages/airflow/example_dags/example_latest_only.py took 0.032 seconds
[2024-03-04T16:27:03.132+0000] {processor.py:161} INFO - Started process (PID=3833) to work on /home/airflow/.local/lib/python3.11/site-packages/airflow/example_dags/example_latest_only.py
[2024-03-04T16:27:03.132+0000] {processor.py:830} INFO - Processing file /home/airflow/.local/lib/python3.11/site-packages/airflow/example_dags/example_latest_only.py for tasks to queue
[2024-03-04T16:27:03.133+0000] {logging_mixin.py:188} INFO - [2024-03-04T16:27:03.133+0000] {dagbag.py:540} INFO - Filling up the DagBag from /home/airflow/.local/lib/python3.11/site-packages/airflow/example_dags/example_latest_only.py
[2024-03-04T16:27:03.136+0000] {processor.py:840} INFO - DAG(s) 'latest_only' retrieved from /home/airflow/.local/lib/python3.11/site-packages/airflow/example_dags/example_latest_only.py
[2024-03-04T16:27:03.146+0000] {logging_mixin.py:188} INFO - [2024-03-04T16:27:03.146+0000] {dag.py:3047} INFO - Sync 1 DAGs
[2024-03-04T16:27:03.154+0000] {logging_mixin.py:188} INFO - [2024-03-04T16:27:03.154+0000] {dag.py:3834} INFO - Setting next_dagrun for latest_only to 2024-03-04 12:00:00+00:00, run_after=2024-03-04 16:00:00+00:00
[2024-03-04T16:27:03.161+0000] {processor.py:183} INFO - Processing /home/airflow/.local/lib/python3.11/site-packages/airflow/example_dags/example_latest_only.py took 0.031 seconds
[2024-03-04T16:27:33.226+0000] {processor.py:161} INFO - Started process (PID=3888) to work on /home/airflow/.local/lib/python3.11/site-packages/airflow/example_dags/example_latest_only.py
[2024-03-04T16:27:33.227+0000] {processor.py:830} INFO - Processing file /home/airflow/.local/lib/python3.11/site-packages/airflow/example_dags/example_latest_only.py for tasks to queue
[2024-03-04T16:27:33.227+0000] {logging_mixin.py:188} INFO - [2024-03-04T16:27:33.227+0000] {dagbag.py:540} INFO - Filling up the DagBag from /home/airflow/.local/lib/python3.11/site-packages/airflow/example_dags/example_latest_only.py
[2024-03-04T16:27:33.229+0000] {processor.py:840} INFO - DAG(s) 'latest_only' retrieved from /home/airflow/.local/lib/python3.11/site-packages/airflow/example_dags/example_latest_only.py
[2024-03-04T16:27:33.238+0000] {logging_mixin.py:188} INFO - [2024-03-04T16:27:33.238+0000] {dag.py:3047} INFO - Sync 1 DAGs
[2024-03-04T16:27:33.246+0000] {logging_mixin.py:188} INFO - [2024-03-04T16:27:33.246+0000] {dag.py:3834} INFO - Setting next_dagrun for latest_only to 2024-03-04 12:00:00+00:00, run_after=2024-03-04 16:00:00+00:00
[2024-03-04T16:27:33.252+0000] {processor.py:183} INFO - Processing /home/airflow/.local/lib/python3.11/site-packages/airflow/example_dags/example_latest_only.py took 0.028 seconds
[2024-03-04T16:28:03.502+0000] {processor.py:161} INFO - Started process (PID=3943) to work on /home/airflow/.local/lib/python3.11/site-packages/airflow/example_dags/example_latest_only.py
[2024-03-04T16:28:03.503+0000] {processor.py:830} INFO - Processing file /home/airflow/.local/lib/python3.11/site-packages/airflow/example_dags/example_latest_only.py for tasks to queue
[2024-03-04T16:28:03.503+0000] {logging_mixin.py:188} INFO - [2024-03-04T16:28:03.503+0000] {dagbag.py:540} INFO - Filling up the DagBag from /home/airflow/.local/lib/python3.11/site-packages/airflow/example_dags/example_latest_only.py
[2024-03-04T16:28:03.506+0000] {processor.py:840} INFO - DAG(s) 'latest_only' retrieved from /home/airflow/.local/lib/python3.11/site-packages/airflow/example_dags/example_latest_only.py
[2024-03-04T16:28:03.514+0000] {logging_mixin.py:188} INFO - [2024-03-04T16:28:03.514+0000] {dag.py:3047} INFO - Sync 1 DAGs
[2024-03-04T16:28:03.522+0000] {logging_mixin.py:188} INFO - [2024-03-04T16:28:03.522+0000] {dag.py:3834} INFO - Setting next_dagrun for latest_only to 2024-03-04 12:00:00+00:00, run_after=2024-03-04 16:00:00+00:00
[2024-03-04T16:28:03.528+0000] {processor.py:183} INFO - Processing /home/airflow/.local/lib/python3.11/site-packages/airflow/example_dags/example_latest_only.py took 0.027 seconds
