[2024-03-04T15:51:58.937+0000] {processor.py:161} INFO - Started process (PID=64) to work on /home/airflow/.local/lib/python3.11/site-packages/airflow/example_dags/example_setup_teardown.py
[2024-03-04T15:51:58.937+0000] {processor.py:830} INFO - Processing file /home/airflow/.local/lib/python3.11/site-packages/airflow/example_dags/example_setup_teardown.py for tasks to queue
[2024-03-04T15:51:58.938+0000] {logging_mixin.py:188} INFO - [2024-03-04T15:51:58.938+0000] {dagbag.py:540} INFO - Filling up the DagBag from /home/airflow/.local/lib/python3.11/site-packages/airflow/example_dags/example_setup_teardown.py
[2024-03-04T15:51:58.944+0000] {processor.py:840} INFO - DAG(s) 'example_setup_teardown' retrieved from /home/airflow/.local/lib/python3.11/site-packages/airflow/example_dags/example_setup_teardown.py
[2024-03-04T15:51:59.003+0000] {logging_mixin.py:188} INFO - [2024-03-04T15:51:59.002+0000] {override.py:1769} INFO - Created Permission View: can read on DAG:example_setup_teardown
[2024-03-04T15:51:59.012+0000] {logging_mixin.py:188} INFO - [2024-03-04T15:51:59.012+0000] {override.py:1769} INFO - Created Permission View: can delete on DAG:example_setup_teardown
[2024-03-04T15:51:59.018+0000] {logging_mixin.py:188} INFO - [2024-03-04T15:51:59.018+0000] {override.py:1769} INFO - Created Permission View: can edit on DAG:example_setup_teardown
[2024-03-04T15:51:59.019+0000] {logging_mixin.py:188} INFO - [2024-03-04T15:51:59.019+0000] {dag.py:3047} INFO - Sync 1 DAGs
[2024-03-04T15:51:59.031+0000] {logging_mixin.py:188} INFO - [2024-03-04T15:51:59.031+0000] {dag.py:3069} INFO - Creating ORM DAG for example_setup_teardown
[2024-03-04T15:51:59.037+0000] {logging_mixin.py:188} INFO - [2024-03-04T15:51:59.037+0000] {dag.py:3834} INFO - Setting next_dagrun for example_setup_teardown to 2024-03-03 00:00:00+00:00, run_after=2024-03-04 00:00:00+00:00
[2024-03-04T15:51:59.044+0000] {processor.py:183} INFO - Processing /home/airflow/.local/lib/python3.11/site-packages/airflow/example_dags/example_setup_teardown.py took 0.109 seconds
[2024-03-04T15:52:29.357+0000] {processor.py:161} INFO - Started process (PID=119) to work on /home/airflow/.local/lib/python3.11/site-packages/airflow/example_dags/example_setup_teardown.py
[2024-03-04T15:52:29.358+0000] {processor.py:830} INFO - Processing file /home/airflow/.local/lib/python3.11/site-packages/airflow/example_dags/example_setup_teardown.py for tasks to queue
[2024-03-04T15:52:29.359+0000] {logging_mixin.py:188} INFO - [2024-03-04T15:52:29.359+0000] {dagbag.py:540} INFO - Filling up the DagBag from /home/airflow/.local/lib/python3.11/site-packages/airflow/example_dags/example_setup_teardown.py
[2024-03-04T15:52:29.363+0000] {processor.py:840} INFO - DAG(s) 'example_setup_teardown' retrieved from /home/airflow/.local/lib/python3.11/site-packages/airflow/example_dags/example_setup_teardown.py
[2024-03-04T15:52:29.371+0000] {logging_mixin.py:188} INFO - [2024-03-04T15:52:29.371+0000] {dag.py:3047} INFO - Sync 1 DAGs
[2024-03-04T15:52:29.379+0000] {logging_mixin.py:188} INFO - [2024-03-04T15:52:29.379+0000] {dag.py:3834} INFO - Setting next_dagrun for example_setup_teardown to 2024-03-03 00:00:00+00:00, run_after=2024-03-04 00:00:00+00:00
[2024-03-04T15:52:29.385+0000] {processor.py:183} INFO - Processing /home/airflow/.local/lib/python3.11/site-packages/airflow/example_dags/example_setup_teardown.py took 0.029 seconds
[2024-03-04T15:53:00.242+0000] {processor.py:161} INFO - Started process (PID=174) to work on /home/airflow/.local/lib/python3.11/site-packages/airflow/example_dags/example_setup_teardown.py
[2024-03-04T15:53:00.242+0000] {processor.py:830} INFO - Processing file /home/airflow/.local/lib/python3.11/site-packages/airflow/example_dags/example_setup_teardown.py for tasks to queue
[2024-03-04T15:53:00.243+0000] {logging_mixin.py:188} INFO - [2024-03-04T15:53:00.243+0000] {dagbag.py:540} INFO - Filling up the DagBag from /home/airflow/.local/lib/python3.11/site-packages/airflow/example_dags/example_setup_teardown.py
[2024-03-04T15:53:00.247+0000] {processor.py:840} INFO - DAG(s) 'example_setup_teardown' retrieved from /home/airflow/.local/lib/python3.11/site-packages/airflow/example_dags/example_setup_teardown.py
[2024-03-04T15:53:00.256+0000] {logging_mixin.py:188} INFO - [2024-03-04T15:53:00.256+0000] {dag.py:3047} INFO - Sync 1 DAGs
[2024-03-04T15:53:00.265+0000] {logging_mixin.py:188} INFO - [2024-03-04T15:53:00.265+0000] {dag.py:3834} INFO - Setting next_dagrun for example_setup_teardown to 2024-03-03 00:00:00+00:00, run_after=2024-03-04 00:00:00+00:00
[2024-03-04T15:53:00.273+0000] {processor.py:183} INFO - Processing /home/airflow/.local/lib/python3.11/site-packages/airflow/example_dags/example_setup_teardown.py took 0.033 seconds
[2024-03-04T15:53:30.517+0000] {processor.py:161} INFO - Started process (PID=229) to work on /home/airflow/.local/lib/python3.11/site-packages/airflow/example_dags/example_setup_teardown.py
[2024-03-04T15:53:30.518+0000] {processor.py:830} INFO - Processing file /home/airflow/.local/lib/python3.11/site-packages/airflow/example_dags/example_setup_teardown.py for tasks to queue
[2024-03-04T15:53:30.519+0000] {logging_mixin.py:188} INFO - [2024-03-04T15:53:30.519+0000] {dagbag.py:540} INFO - Filling up the DagBag from /home/airflow/.local/lib/python3.11/site-packages/airflow/example_dags/example_setup_teardown.py
[2024-03-04T15:53:30.522+0000] {processor.py:840} INFO - DAG(s) 'example_setup_teardown' retrieved from /home/airflow/.local/lib/python3.11/site-packages/airflow/example_dags/example_setup_teardown.py
[2024-03-04T15:53:30.530+0000] {logging_mixin.py:188} INFO - [2024-03-04T15:53:30.530+0000] {dag.py:3047} INFO - Sync 1 DAGs
[2024-03-04T15:53:30.538+0000] {logging_mixin.py:188} INFO - [2024-03-04T15:53:30.538+0000] {dag.py:3834} INFO - Setting next_dagrun for example_setup_teardown to 2024-03-03 00:00:00+00:00, run_after=2024-03-04 00:00:00+00:00
[2024-03-04T15:53:30.545+0000] {processor.py:183} INFO - Processing /home/airflow/.local/lib/python3.11/site-packages/airflow/example_dags/example_setup_teardown.py took 0.029 seconds
[2024-03-04T15:54:01.546+0000] {processor.py:161} INFO - Started process (PID=284) to work on /home/airflow/.local/lib/python3.11/site-packages/airflow/example_dags/example_setup_teardown.py
[2024-03-04T15:54:01.547+0000] {processor.py:830} INFO - Processing file /home/airflow/.local/lib/python3.11/site-packages/airflow/example_dags/example_setup_teardown.py for tasks to queue
[2024-03-04T15:54:01.547+0000] {logging_mixin.py:188} INFO - [2024-03-04T15:54:01.547+0000] {dagbag.py:540} INFO - Filling up the DagBag from /home/airflow/.local/lib/python3.11/site-packages/airflow/example_dags/example_setup_teardown.py
[2024-03-04T15:54:01.551+0000] {processor.py:840} INFO - DAG(s) 'example_setup_teardown' retrieved from /home/airflow/.local/lib/python3.11/site-packages/airflow/example_dags/example_setup_teardown.py
[2024-03-04T15:54:01.562+0000] {logging_mixin.py:188} INFO - [2024-03-04T15:54:01.562+0000] {dag.py:3047} INFO - Sync 1 DAGs
[2024-03-04T15:54:01.571+0000] {logging_mixin.py:188} INFO - [2024-03-04T15:54:01.571+0000] {dag.py:3834} INFO - Setting next_dagrun for example_setup_teardown to 2024-03-03 00:00:00+00:00, run_after=2024-03-04 00:00:00+00:00
[2024-03-04T15:54:01.578+0000] {processor.py:183} INFO - Processing /home/airflow/.local/lib/python3.11/site-packages/airflow/example_dags/example_setup_teardown.py took 0.034 seconds
[2024-03-04T15:54:32.207+0000] {processor.py:161} INFO - Started process (PID=339) to work on /home/airflow/.local/lib/python3.11/site-packages/airflow/example_dags/example_setup_teardown.py
[2024-03-04T15:54:32.208+0000] {processor.py:830} INFO - Processing file /home/airflow/.local/lib/python3.11/site-packages/airflow/example_dags/example_setup_teardown.py for tasks to queue
[2024-03-04T15:54:32.209+0000] {logging_mixin.py:188} INFO - [2024-03-04T15:54:32.209+0000] {dagbag.py:540} INFO - Filling up the DagBag from /home/airflow/.local/lib/python3.11/site-packages/airflow/example_dags/example_setup_teardown.py
[2024-03-04T15:54:32.212+0000] {processor.py:840} INFO - DAG(s) 'example_setup_teardown' retrieved from /home/airflow/.local/lib/python3.11/site-packages/airflow/example_dags/example_setup_teardown.py
[2024-03-04T15:54:32.221+0000] {logging_mixin.py:188} INFO - [2024-03-04T15:54:32.221+0000] {dag.py:3047} INFO - Sync 1 DAGs
[2024-03-04T15:54:32.235+0000] {logging_mixin.py:188} INFO - [2024-03-04T15:54:32.235+0000] {dag.py:3834} INFO - Setting next_dagrun for example_setup_teardown to 2024-03-03 00:00:00+00:00, run_after=2024-03-04 00:00:00+00:00
[2024-03-04T15:54:32.243+0000] {processor.py:183} INFO - Processing /home/airflow/.local/lib/python3.11/site-packages/airflow/example_dags/example_setup_teardown.py took 0.038 seconds
[2024-03-04T15:55:03.006+0000] {processor.py:161} INFO - Started process (PID=394) to work on /home/airflow/.local/lib/python3.11/site-packages/airflow/example_dags/example_setup_teardown.py
[2024-03-04T15:55:03.007+0000] {processor.py:830} INFO - Processing file /home/airflow/.local/lib/python3.11/site-packages/airflow/example_dags/example_setup_teardown.py for tasks to queue
[2024-03-04T15:55:03.008+0000] {logging_mixin.py:188} INFO - [2024-03-04T15:55:03.007+0000] {dagbag.py:540} INFO - Filling up the DagBag from /home/airflow/.local/lib/python3.11/site-packages/airflow/example_dags/example_setup_teardown.py
[2024-03-04T15:55:03.013+0000] {processor.py:840} INFO - DAG(s) 'example_setup_teardown' retrieved from /home/airflow/.local/lib/python3.11/site-packages/airflow/example_dags/example_setup_teardown.py
[2024-03-04T15:55:03.023+0000] {logging_mixin.py:188} INFO - [2024-03-04T15:55:03.023+0000] {dag.py:3047} INFO - Sync 1 DAGs
[2024-03-04T15:55:03.031+0000] {logging_mixin.py:188} INFO - [2024-03-04T15:55:03.031+0000] {dag.py:3834} INFO - Setting next_dagrun for example_setup_teardown to 2024-03-03 00:00:00+00:00, run_after=2024-03-04 00:00:00+00:00
[2024-03-04T15:55:03.038+0000] {processor.py:183} INFO - Processing /home/airflow/.local/lib/python3.11/site-packages/airflow/example_dags/example_setup_teardown.py took 0.034 seconds
[2024-03-04T15:55:33.743+0000] {processor.py:161} INFO - Started process (PID=449) to work on /home/airflow/.local/lib/python3.11/site-packages/airflow/example_dags/example_setup_teardown.py
[2024-03-04T15:55:33.744+0000] {processor.py:830} INFO - Processing file /home/airflow/.local/lib/python3.11/site-packages/airflow/example_dags/example_setup_teardown.py for tasks to queue
[2024-03-04T15:55:33.745+0000] {logging_mixin.py:188} INFO - [2024-03-04T15:55:33.745+0000] {dagbag.py:540} INFO - Filling up the DagBag from /home/airflow/.local/lib/python3.11/site-packages/airflow/example_dags/example_setup_teardown.py
[2024-03-04T15:55:33.748+0000] {processor.py:840} INFO - DAG(s) 'example_setup_teardown' retrieved from /home/airflow/.local/lib/python3.11/site-packages/airflow/example_dags/example_setup_teardown.py
[2024-03-04T15:55:33.757+0000] {logging_mixin.py:188} INFO - [2024-03-04T15:55:33.757+0000] {dag.py:3047} INFO - Sync 1 DAGs
[2024-03-04T15:55:33.765+0000] {logging_mixin.py:188} INFO - [2024-03-04T15:55:33.765+0000] {dag.py:3834} INFO - Setting next_dagrun for example_setup_teardown to 2024-03-03 00:00:00+00:00, run_after=2024-03-04 00:00:00+00:00
[2024-03-04T15:55:33.771+0000] {processor.py:183} INFO - Processing /home/airflow/.local/lib/python3.11/site-packages/airflow/example_dags/example_setup_teardown.py took 0.029 seconds
[2024-03-04T15:56:04.468+0000] {processor.py:161} INFO - Started process (PID=504) to work on /home/airflow/.local/lib/python3.11/site-packages/airflow/example_dags/example_setup_teardown.py
[2024-03-04T15:56:04.468+0000] {processor.py:830} INFO - Processing file /home/airflow/.local/lib/python3.11/site-packages/airflow/example_dags/example_setup_teardown.py for tasks to queue
[2024-03-04T15:56:04.469+0000] {logging_mixin.py:188} INFO - [2024-03-04T15:56:04.469+0000] {dagbag.py:540} INFO - Filling up the DagBag from /home/airflow/.local/lib/python3.11/site-packages/airflow/example_dags/example_setup_teardown.py
[2024-03-04T15:56:04.473+0000] {processor.py:840} INFO - DAG(s) 'example_setup_teardown' retrieved from /home/airflow/.local/lib/python3.11/site-packages/airflow/example_dags/example_setup_teardown.py
[2024-03-04T15:56:04.487+0000] {logging_mixin.py:188} INFO - [2024-03-04T15:56:04.487+0000] {dag.py:3047} INFO - Sync 1 DAGs
[2024-03-04T15:56:04.497+0000] {logging_mixin.py:188} INFO - [2024-03-04T15:56:04.497+0000] {dag.py:3834} INFO - Setting next_dagrun for example_setup_teardown to 2024-03-03 00:00:00+00:00, run_after=2024-03-04 00:00:00+00:00
[2024-03-04T15:56:04.504+0000] {processor.py:183} INFO - Processing /home/airflow/.local/lib/python3.11/site-packages/airflow/example_dags/example_setup_teardown.py took 0.037 seconds
[2024-03-04T15:56:35.179+0000] {processor.py:161} INFO - Started process (PID=559) to work on /home/airflow/.local/lib/python3.11/site-packages/airflow/example_dags/example_setup_teardown.py
[2024-03-04T15:56:35.180+0000] {processor.py:830} INFO - Processing file /home/airflow/.local/lib/python3.11/site-packages/airflow/example_dags/example_setup_teardown.py for tasks to queue
[2024-03-04T15:56:35.181+0000] {logging_mixin.py:188} INFO - [2024-03-04T15:56:35.181+0000] {dagbag.py:540} INFO - Filling up the DagBag from /home/airflow/.local/lib/python3.11/site-packages/airflow/example_dags/example_setup_teardown.py
[2024-03-04T15:56:35.184+0000] {processor.py:840} INFO - DAG(s) 'example_setup_teardown' retrieved from /home/airflow/.local/lib/python3.11/site-packages/airflow/example_dags/example_setup_teardown.py
[2024-03-04T15:56:35.195+0000] {logging_mixin.py:188} INFO - [2024-03-04T15:56:35.195+0000] {dag.py:3047} INFO - Sync 1 DAGs
[2024-03-04T15:56:35.205+0000] {logging_mixin.py:188} INFO - [2024-03-04T15:56:35.205+0000] {dag.py:3834} INFO - Setting next_dagrun for example_setup_teardown to 2024-03-03 00:00:00+00:00, run_after=2024-03-04 00:00:00+00:00
[2024-03-04T15:56:35.212+0000] {processor.py:183} INFO - Processing /home/airflow/.local/lib/python3.11/site-packages/airflow/example_dags/example_setup_teardown.py took 0.034 seconds
[2024-03-04T15:57:05.954+0000] {processor.py:161} INFO - Started process (PID=614) to work on /home/airflow/.local/lib/python3.11/site-packages/airflow/example_dags/example_setup_teardown.py
[2024-03-04T15:57:05.955+0000] {processor.py:830} INFO - Processing file /home/airflow/.local/lib/python3.11/site-packages/airflow/example_dags/example_setup_teardown.py for tasks to queue
[2024-03-04T15:57:05.956+0000] {logging_mixin.py:188} INFO - [2024-03-04T15:57:05.956+0000] {dagbag.py:540} INFO - Filling up the DagBag from /home/airflow/.local/lib/python3.11/site-packages/airflow/example_dags/example_setup_teardown.py
[2024-03-04T15:57:05.959+0000] {processor.py:840} INFO - DAG(s) 'example_setup_teardown' retrieved from /home/airflow/.local/lib/python3.11/site-packages/airflow/example_dags/example_setup_teardown.py
[2024-03-04T15:57:05.969+0000] {logging_mixin.py:188} INFO - [2024-03-04T15:57:05.969+0000] {dag.py:3047} INFO - Sync 1 DAGs
[2024-03-04T15:57:05.978+0000] {logging_mixin.py:188} INFO - [2024-03-04T15:57:05.978+0000] {dag.py:3834} INFO - Setting next_dagrun for example_setup_teardown to 2024-03-03 00:00:00+00:00, run_after=2024-03-04 00:00:00+00:00
[2024-03-04T15:57:05.984+0000] {processor.py:183} INFO - Processing /home/airflow/.local/lib/python3.11/site-packages/airflow/example_dags/example_setup_teardown.py took 0.031 seconds
[2024-03-04T15:57:36.665+0000] {processor.py:161} INFO - Started process (PID=669) to work on /home/airflow/.local/lib/python3.11/site-packages/airflow/example_dags/example_setup_teardown.py
[2024-03-04T15:57:36.666+0000] {processor.py:830} INFO - Processing file /home/airflow/.local/lib/python3.11/site-packages/airflow/example_dags/example_setup_teardown.py for tasks to queue
[2024-03-04T15:57:36.667+0000] {logging_mixin.py:188} INFO - [2024-03-04T15:57:36.667+0000] {dagbag.py:540} INFO - Filling up the DagBag from /home/airflow/.local/lib/python3.11/site-packages/airflow/example_dags/example_setup_teardown.py
[2024-03-04T15:57:36.670+0000] {processor.py:840} INFO - DAG(s) 'example_setup_teardown' retrieved from /home/airflow/.local/lib/python3.11/site-packages/airflow/example_dags/example_setup_teardown.py
[2024-03-04T15:57:36.679+0000] {logging_mixin.py:188} INFO - [2024-03-04T15:57:36.679+0000] {dag.py:3047} INFO - Sync 1 DAGs
[2024-03-04T15:57:36.688+0000] {logging_mixin.py:188} INFO - [2024-03-04T15:57:36.688+0000] {dag.py:3834} INFO - Setting next_dagrun for example_setup_teardown to 2024-03-03 00:00:00+00:00, run_after=2024-03-04 00:00:00+00:00
[2024-03-04T15:57:36.695+0000] {processor.py:183} INFO - Processing /home/airflow/.local/lib/python3.11/site-packages/airflow/example_dags/example_setup_teardown.py took 0.031 seconds
[2024-03-04T15:58:07.412+0000] {processor.py:161} INFO - Started process (PID=724) to work on /home/airflow/.local/lib/python3.11/site-packages/airflow/example_dags/example_setup_teardown.py
[2024-03-04T15:58:07.412+0000] {processor.py:830} INFO - Processing file /home/airflow/.local/lib/python3.11/site-packages/airflow/example_dags/example_setup_teardown.py for tasks to queue
[2024-03-04T15:58:07.413+0000] {logging_mixin.py:188} INFO - [2024-03-04T15:58:07.413+0000] {dagbag.py:540} INFO - Filling up the DagBag from /home/airflow/.local/lib/python3.11/site-packages/airflow/example_dags/example_setup_teardown.py
[2024-03-04T15:58:07.416+0000] {processor.py:840} INFO - DAG(s) 'example_setup_teardown' retrieved from /home/airflow/.local/lib/python3.11/site-packages/airflow/example_dags/example_setup_teardown.py
[2024-03-04T15:58:07.424+0000] {logging_mixin.py:188} INFO - [2024-03-04T15:58:07.424+0000] {dag.py:3047} INFO - Sync 1 DAGs
[2024-03-04T15:58:07.432+0000] {logging_mixin.py:188} INFO - [2024-03-04T15:58:07.432+0000] {dag.py:3834} INFO - Setting next_dagrun for example_setup_teardown to 2024-03-03 00:00:00+00:00, run_after=2024-03-04 00:00:00+00:00
[2024-03-04T15:58:07.438+0000] {processor.py:183} INFO - Processing /home/airflow/.local/lib/python3.11/site-packages/airflow/example_dags/example_setup_teardown.py took 0.028 seconds
[2024-03-04T15:58:38.152+0000] {processor.py:161} INFO - Started process (PID=779) to work on /home/airflow/.local/lib/python3.11/site-packages/airflow/example_dags/example_setup_teardown.py
[2024-03-04T15:58:38.153+0000] {processor.py:830} INFO - Processing file /home/airflow/.local/lib/python3.11/site-packages/airflow/example_dags/example_setup_teardown.py for tasks to queue
[2024-03-04T15:58:38.153+0000] {logging_mixin.py:188} INFO - [2024-03-04T15:58:38.153+0000] {dagbag.py:540} INFO - Filling up the DagBag from /home/airflow/.local/lib/python3.11/site-packages/airflow/example_dags/example_setup_teardown.py
[2024-03-04T15:58:38.156+0000] {processor.py:840} INFO - DAG(s) 'example_setup_teardown' retrieved from /home/airflow/.local/lib/python3.11/site-packages/airflow/example_dags/example_setup_teardown.py
[2024-03-04T15:58:38.165+0000] {logging_mixin.py:188} INFO - [2024-03-04T15:58:38.165+0000] {dag.py:3047} INFO - Sync 1 DAGs
[2024-03-04T15:58:38.173+0000] {logging_mixin.py:188} INFO - [2024-03-04T15:58:38.173+0000] {dag.py:3834} INFO - Setting next_dagrun for example_setup_teardown to 2024-03-03 00:00:00+00:00, run_after=2024-03-04 00:00:00+00:00
[2024-03-04T15:58:38.179+0000] {processor.py:183} INFO - Processing /home/airflow/.local/lib/python3.11/site-packages/airflow/example_dags/example_setup_teardown.py took 0.028 seconds
[2024-03-04T15:59:08.752+0000] {processor.py:161} INFO - Started process (PID=834) to work on /home/airflow/.local/lib/python3.11/site-packages/airflow/example_dags/example_setup_teardown.py
[2024-03-04T15:59:08.752+0000] {processor.py:830} INFO - Processing file /home/airflow/.local/lib/python3.11/site-packages/airflow/example_dags/example_setup_teardown.py for tasks to queue
[2024-03-04T15:59:08.753+0000] {logging_mixin.py:188} INFO - [2024-03-04T15:59:08.753+0000] {dagbag.py:540} INFO - Filling up the DagBag from /home/airflow/.local/lib/python3.11/site-packages/airflow/example_dags/example_setup_teardown.py
[2024-03-04T15:59:08.756+0000] {processor.py:840} INFO - DAG(s) 'example_setup_teardown' retrieved from /home/airflow/.local/lib/python3.11/site-packages/airflow/example_dags/example_setup_teardown.py
[2024-03-04T15:59:08.764+0000] {logging_mixin.py:188} INFO - [2024-03-04T15:59:08.764+0000] {dag.py:3047} INFO - Sync 1 DAGs
[2024-03-04T15:59:08.772+0000] {logging_mixin.py:188} INFO - [2024-03-04T15:59:08.772+0000] {dag.py:3834} INFO - Setting next_dagrun for example_setup_teardown to 2024-03-03 00:00:00+00:00, run_after=2024-03-04 00:00:00+00:00
[2024-03-04T15:59:08.778+0000] {processor.py:183} INFO - Processing /home/airflow/.local/lib/python3.11/site-packages/airflow/example_dags/example_setup_teardown.py took 0.028 seconds
[2024-03-04T15:59:39.314+0000] {processor.py:161} INFO - Started process (PID=889) to work on /home/airflow/.local/lib/python3.11/site-packages/airflow/example_dags/example_setup_teardown.py
[2024-03-04T15:59:39.314+0000] {processor.py:830} INFO - Processing file /home/airflow/.local/lib/python3.11/site-packages/airflow/example_dags/example_setup_teardown.py for tasks to queue
[2024-03-04T15:59:39.315+0000] {logging_mixin.py:188} INFO - [2024-03-04T15:59:39.315+0000] {dagbag.py:540} INFO - Filling up the DagBag from /home/airflow/.local/lib/python3.11/site-packages/airflow/example_dags/example_setup_teardown.py
[2024-03-04T15:59:39.318+0000] {processor.py:840} INFO - DAG(s) 'example_setup_teardown' retrieved from /home/airflow/.local/lib/python3.11/site-packages/airflow/example_dags/example_setup_teardown.py
[2024-03-04T15:59:39.326+0000] {logging_mixin.py:188} INFO - [2024-03-04T15:59:39.326+0000] {dag.py:3047} INFO - Sync 1 DAGs
[2024-03-04T15:59:39.334+0000] {logging_mixin.py:188} INFO - [2024-03-04T15:59:39.334+0000] {dag.py:3834} INFO - Setting next_dagrun for example_setup_teardown to 2024-03-03 00:00:00+00:00, run_after=2024-03-04 00:00:00+00:00
[2024-03-04T15:59:39.340+0000] {processor.py:183} INFO - Processing /home/airflow/.local/lib/python3.11/site-packages/airflow/example_dags/example_setup_teardown.py took 0.028 seconds
[2024-03-04T16:00:10.067+0000] {processor.py:161} INFO - Started process (PID=944) to work on /home/airflow/.local/lib/python3.11/site-packages/airflow/example_dags/example_setup_teardown.py
[2024-03-04T16:00:10.067+0000] {processor.py:830} INFO - Processing file /home/airflow/.local/lib/python3.11/site-packages/airflow/example_dags/example_setup_teardown.py for tasks to queue
[2024-03-04T16:00:10.068+0000] {logging_mixin.py:188} INFO - [2024-03-04T16:00:10.068+0000] {dagbag.py:540} INFO - Filling up the DagBag from /home/airflow/.local/lib/python3.11/site-packages/airflow/example_dags/example_setup_teardown.py
[2024-03-04T16:00:10.071+0000] {processor.py:840} INFO - DAG(s) 'example_setup_teardown' retrieved from /home/airflow/.local/lib/python3.11/site-packages/airflow/example_dags/example_setup_teardown.py
[2024-03-04T16:00:10.080+0000] {logging_mixin.py:188} INFO - [2024-03-04T16:00:10.080+0000] {dag.py:3047} INFO - Sync 1 DAGs
[2024-03-04T16:00:10.089+0000] {logging_mixin.py:188} INFO - [2024-03-04T16:00:10.089+0000] {dag.py:3834} INFO - Setting next_dagrun for example_setup_teardown to 2024-03-03 00:00:00+00:00, run_after=2024-03-04 00:00:00+00:00
[2024-03-04T16:00:10.096+0000] {processor.py:183} INFO - Processing /home/airflow/.local/lib/python3.11/site-packages/airflow/example_dags/example_setup_teardown.py took 0.031 seconds
[2024-03-04T16:00:40.850+0000] {processor.py:161} INFO - Started process (PID=998) to work on /home/airflow/.local/lib/python3.11/site-packages/airflow/example_dags/example_setup_teardown.py
[2024-03-04T16:00:40.851+0000] {processor.py:830} INFO - Processing file /home/airflow/.local/lib/python3.11/site-packages/airflow/example_dags/example_setup_teardown.py for tasks to queue
[2024-03-04T16:00:40.853+0000] {logging_mixin.py:188} INFO - [2024-03-04T16:00:40.853+0000] {dagbag.py:540} INFO - Filling up the DagBag from /home/airflow/.local/lib/python3.11/site-packages/airflow/example_dags/example_setup_teardown.py
[2024-03-04T16:00:40.857+0000] {processor.py:840} INFO - DAG(s) 'example_setup_teardown' retrieved from /home/airflow/.local/lib/python3.11/site-packages/airflow/example_dags/example_setup_teardown.py
[2024-03-04T16:00:40.865+0000] {logging_mixin.py:188} INFO - [2024-03-04T16:00:40.865+0000] {dag.py:3047} INFO - Sync 1 DAGs
[2024-03-04T16:00:40.874+0000] {logging_mixin.py:188} INFO - [2024-03-04T16:00:40.874+0000] {dag.py:3834} INFO - Setting next_dagrun for example_setup_teardown to 2024-03-03 00:00:00+00:00, run_after=2024-03-04 00:00:00+00:00
[2024-03-04T16:00:40.881+0000] {processor.py:183} INFO - Processing /home/airflow/.local/lib/python3.11/site-packages/airflow/example_dags/example_setup_teardown.py took 0.032 seconds
[2024-03-04T16:01:11.611+0000] {processor.py:161} INFO - Started process (PID=1053) to work on /home/airflow/.local/lib/python3.11/site-packages/airflow/example_dags/example_setup_teardown.py
[2024-03-04T16:01:11.611+0000] {processor.py:830} INFO - Processing file /home/airflow/.local/lib/python3.11/site-packages/airflow/example_dags/example_setup_teardown.py for tasks to queue
[2024-03-04T16:01:11.612+0000] {logging_mixin.py:188} INFO - [2024-03-04T16:01:11.612+0000] {dagbag.py:540} INFO - Filling up the DagBag from /home/airflow/.local/lib/python3.11/site-packages/airflow/example_dags/example_setup_teardown.py
[2024-03-04T16:01:11.615+0000] {processor.py:840} INFO - DAG(s) 'example_setup_teardown' retrieved from /home/airflow/.local/lib/python3.11/site-packages/airflow/example_dags/example_setup_teardown.py
[2024-03-04T16:01:11.623+0000] {logging_mixin.py:188} INFO - [2024-03-04T16:01:11.623+0000] {dag.py:3047} INFO - Sync 1 DAGs
[2024-03-04T16:01:11.631+0000] {logging_mixin.py:188} INFO - [2024-03-04T16:01:11.631+0000] {dag.py:3834} INFO - Setting next_dagrun for example_setup_teardown to 2024-03-03 00:00:00+00:00, run_after=2024-03-04 00:00:00+00:00
[2024-03-04T16:01:11.638+0000] {processor.py:183} INFO - Processing /home/airflow/.local/lib/python3.11/site-packages/airflow/example_dags/example_setup_teardown.py took 0.029 seconds
[2024-03-04T16:01:42.405+0000] {processor.py:161} INFO - Started process (PID=1108) to work on /home/airflow/.local/lib/python3.11/site-packages/airflow/example_dags/example_setup_teardown.py
[2024-03-04T16:01:42.406+0000] {processor.py:830} INFO - Processing file /home/airflow/.local/lib/python3.11/site-packages/airflow/example_dags/example_setup_teardown.py for tasks to queue
[2024-03-04T16:01:42.406+0000] {logging_mixin.py:188} INFO - [2024-03-04T16:01:42.406+0000] {dagbag.py:540} INFO - Filling up the DagBag from /home/airflow/.local/lib/python3.11/site-packages/airflow/example_dags/example_setup_teardown.py
[2024-03-04T16:01:42.409+0000] {processor.py:840} INFO - DAG(s) 'example_setup_teardown' retrieved from /home/airflow/.local/lib/python3.11/site-packages/airflow/example_dags/example_setup_teardown.py
[2024-03-04T16:01:42.417+0000] {logging_mixin.py:188} INFO - [2024-03-04T16:01:42.417+0000] {dag.py:3047} INFO - Sync 1 DAGs
[2024-03-04T16:01:42.425+0000] {logging_mixin.py:188} INFO - [2024-03-04T16:01:42.425+0000] {dag.py:3834} INFO - Setting next_dagrun for example_setup_teardown to 2024-03-03 00:00:00+00:00, run_after=2024-03-04 00:00:00+00:00
[2024-03-04T16:01:42.431+0000] {processor.py:183} INFO - Processing /home/airflow/.local/lib/python3.11/site-packages/airflow/example_dags/example_setup_teardown.py took 0.027 seconds
[2024-03-04T16:02:13.225+0000] {processor.py:161} INFO - Started process (PID=1169) to work on /home/airflow/.local/lib/python3.11/site-packages/airflow/example_dags/example_setup_teardown.py
[2024-03-04T16:02:13.226+0000] {processor.py:830} INFO - Processing file /home/airflow/.local/lib/python3.11/site-packages/airflow/example_dags/example_setup_teardown.py for tasks to queue
[2024-03-04T16:02:13.226+0000] {logging_mixin.py:188} INFO - [2024-03-04T16:02:13.226+0000] {dagbag.py:540} INFO - Filling up the DagBag from /home/airflow/.local/lib/python3.11/site-packages/airflow/example_dags/example_setup_teardown.py
[2024-03-04T16:02:13.230+0000] {processor.py:840} INFO - DAG(s) 'example_setup_teardown' retrieved from /home/airflow/.local/lib/python3.11/site-packages/airflow/example_dags/example_setup_teardown.py
[2024-03-04T16:02:13.239+0000] {logging_mixin.py:188} INFO - [2024-03-04T16:02:13.239+0000] {dag.py:3047} INFO - Sync 1 DAGs
[2024-03-04T16:02:13.247+0000] {logging_mixin.py:188} INFO - [2024-03-04T16:02:13.247+0000] {dag.py:3834} INFO - Setting next_dagrun for example_setup_teardown to 2024-03-03 00:00:00+00:00, run_after=2024-03-04 00:00:00+00:00
[2024-03-04T16:02:13.253+0000] {processor.py:183} INFO - Processing /home/airflow/.local/lib/python3.11/site-packages/airflow/example_dags/example_setup_teardown.py took 0.029 seconds
[2024-03-04T16:02:43.972+0000] {processor.py:161} INFO - Started process (PID=1224) to work on /home/airflow/.local/lib/python3.11/site-packages/airflow/example_dags/example_setup_teardown.py
[2024-03-04T16:02:43.972+0000] {processor.py:830} INFO - Processing file /home/airflow/.local/lib/python3.11/site-packages/airflow/example_dags/example_setup_teardown.py for tasks to queue
[2024-03-04T16:02:43.973+0000] {logging_mixin.py:188} INFO - [2024-03-04T16:02:43.973+0000] {dagbag.py:540} INFO - Filling up the DagBag from /home/airflow/.local/lib/python3.11/site-packages/airflow/example_dags/example_setup_teardown.py
[2024-03-04T16:02:43.976+0000] {processor.py:840} INFO - DAG(s) 'example_setup_teardown' retrieved from /home/airflow/.local/lib/python3.11/site-packages/airflow/example_dags/example_setup_teardown.py
[2024-03-04T16:02:43.984+0000] {logging_mixin.py:188} INFO - [2024-03-04T16:02:43.984+0000] {dag.py:3047} INFO - Sync 1 DAGs
[2024-03-04T16:02:43.992+0000] {logging_mixin.py:188} INFO - [2024-03-04T16:02:43.992+0000] {dag.py:3834} INFO - Setting next_dagrun for example_setup_teardown to 2024-03-03 00:00:00+00:00, run_after=2024-03-04 00:00:00+00:00
[2024-03-04T16:02:43.998+0000] {processor.py:183} INFO - Processing /home/airflow/.local/lib/python3.11/site-packages/airflow/example_dags/example_setup_teardown.py took 0.027 seconds
[2024-03-04T16:03:14.803+0000] {processor.py:161} INFO - Started process (PID=1279) to work on /home/airflow/.local/lib/python3.11/site-packages/airflow/example_dags/example_setup_teardown.py
[2024-03-04T16:03:14.804+0000] {processor.py:830} INFO - Processing file /home/airflow/.local/lib/python3.11/site-packages/airflow/example_dags/example_setup_teardown.py for tasks to queue
[2024-03-04T16:03:14.805+0000] {logging_mixin.py:188} INFO - [2024-03-04T16:03:14.805+0000] {dagbag.py:540} INFO - Filling up the DagBag from /home/airflow/.local/lib/python3.11/site-packages/airflow/example_dags/example_setup_teardown.py
[2024-03-04T16:03:14.808+0000] {processor.py:840} INFO - DAG(s) 'example_setup_teardown' retrieved from /home/airflow/.local/lib/python3.11/site-packages/airflow/example_dags/example_setup_teardown.py
[2024-03-04T16:03:14.816+0000] {logging_mixin.py:188} INFO - [2024-03-04T16:03:14.816+0000] {dag.py:3047} INFO - Sync 1 DAGs
[2024-03-04T16:03:14.825+0000] {logging_mixin.py:188} INFO - [2024-03-04T16:03:14.825+0000] {dag.py:3834} INFO - Setting next_dagrun for example_setup_teardown to 2024-03-03 00:00:00+00:00, run_after=2024-03-04 00:00:00+00:00
[2024-03-04T16:03:14.832+0000] {processor.py:183} INFO - Processing /home/airflow/.local/lib/python3.11/site-packages/airflow/example_dags/example_setup_teardown.py took 0.030 seconds
[2024-03-04T16:03:45.654+0000] {processor.py:161} INFO - Started process (PID=1334) to work on /home/airflow/.local/lib/python3.11/site-packages/airflow/example_dags/example_setup_teardown.py
[2024-03-04T16:03:45.655+0000] {processor.py:830} INFO - Processing file /home/airflow/.local/lib/python3.11/site-packages/airflow/example_dags/example_setup_teardown.py for tasks to queue
[2024-03-04T16:03:45.656+0000] {logging_mixin.py:188} INFO - [2024-03-04T16:03:45.656+0000] {dagbag.py:540} INFO - Filling up the DagBag from /home/airflow/.local/lib/python3.11/site-packages/airflow/example_dags/example_setup_teardown.py
[2024-03-04T16:03:45.659+0000] {processor.py:840} INFO - DAG(s) 'example_setup_teardown' retrieved from /home/airflow/.local/lib/python3.11/site-packages/airflow/example_dags/example_setup_teardown.py
[2024-03-04T16:03:45.668+0000] {logging_mixin.py:188} INFO - [2024-03-04T16:03:45.668+0000] {dag.py:3047} INFO - Sync 1 DAGs
[2024-03-04T16:03:45.679+0000] {logging_mixin.py:188} INFO - [2024-03-04T16:03:45.678+0000] {dag.py:3834} INFO - Setting next_dagrun for example_setup_teardown to 2024-03-03 00:00:00+00:00, run_after=2024-03-04 00:00:00+00:00
[2024-03-04T16:03:45.687+0000] {processor.py:183} INFO - Processing /home/airflow/.local/lib/python3.11/site-packages/airflow/example_dags/example_setup_teardown.py took 0.035 seconds
[2024-03-04T16:04:16.073+0000] {processor.py:161} INFO - Started process (PID=1389) to work on /home/airflow/.local/lib/python3.11/site-packages/airflow/example_dags/example_setup_teardown.py
[2024-03-04T16:04:16.073+0000] {processor.py:830} INFO - Processing file /home/airflow/.local/lib/python3.11/site-packages/airflow/example_dags/example_setup_teardown.py for tasks to queue
[2024-03-04T16:04:16.074+0000] {logging_mixin.py:188} INFO - [2024-03-04T16:04:16.074+0000] {dagbag.py:540} INFO - Filling up the DagBag from /home/airflow/.local/lib/python3.11/site-packages/airflow/example_dags/example_setup_teardown.py
[2024-03-04T16:04:16.077+0000] {processor.py:840} INFO - DAG(s) 'example_setup_teardown' retrieved from /home/airflow/.local/lib/python3.11/site-packages/airflow/example_dags/example_setup_teardown.py
[2024-03-04T16:04:16.085+0000] {logging_mixin.py:188} INFO - [2024-03-04T16:04:16.085+0000] {dag.py:3047} INFO - Sync 1 DAGs
[2024-03-04T16:04:16.093+0000] {logging_mixin.py:188} INFO - [2024-03-04T16:04:16.093+0000] {dag.py:3834} INFO - Setting next_dagrun for example_setup_teardown to 2024-03-03 00:00:00+00:00, run_after=2024-03-04 00:00:00+00:00
[2024-03-04T16:04:16.100+0000] {processor.py:183} INFO - Processing /home/airflow/.local/lib/python3.11/site-packages/airflow/example_dags/example_setup_teardown.py took 0.029 seconds
[2024-03-04T16:04:46.938+0000] {processor.py:161} INFO - Started process (PID=1444) to work on /home/airflow/.local/lib/python3.11/site-packages/airflow/example_dags/example_setup_teardown.py
[2024-03-04T16:04:46.938+0000] {processor.py:830} INFO - Processing file /home/airflow/.local/lib/python3.11/site-packages/airflow/example_dags/example_setup_teardown.py for tasks to queue
[2024-03-04T16:04:46.939+0000] {logging_mixin.py:188} INFO - [2024-03-04T16:04:46.939+0000] {dagbag.py:540} INFO - Filling up the DagBag from /home/airflow/.local/lib/python3.11/site-packages/airflow/example_dags/example_setup_teardown.py
[2024-03-04T16:04:46.942+0000] {processor.py:840} INFO - DAG(s) 'example_setup_teardown' retrieved from /home/airflow/.local/lib/python3.11/site-packages/airflow/example_dags/example_setup_teardown.py
[2024-03-04T16:04:46.951+0000] {logging_mixin.py:188} INFO - [2024-03-04T16:04:46.951+0000] {dag.py:3047} INFO - Sync 1 DAGs
[2024-03-04T16:04:46.961+0000] {logging_mixin.py:188} INFO - [2024-03-04T16:04:46.961+0000] {dag.py:3834} INFO - Setting next_dagrun for example_setup_teardown to 2024-03-03 00:00:00+00:00, run_after=2024-03-04 00:00:00+00:00
[2024-03-04T16:04:46.968+0000] {processor.py:183} INFO - Processing /home/airflow/.local/lib/python3.11/site-packages/airflow/example_dags/example_setup_teardown.py took 0.031 seconds
[2024-03-04T16:05:17.649+0000] {processor.py:161} INFO - Started process (PID=1499) to work on /home/airflow/.local/lib/python3.11/site-packages/airflow/example_dags/example_setup_teardown.py
[2024-03-04T16:05:17.650+0000] {processor.py:830} INFO - Processing file /home/airflow/.local/lib/python3.11/site-packages/airflow/example_dags/example_setup_teardown.py for tasks to queue
[2024-03-04T16:05:17.651+0000] {logging_mixin.py:188} INFO - [2024-03-04T16:05:17.651+0000] {dagbag.py:540} INFO - Filling up the DagBag from /home/airflow/.local/lib/python3.11/site-packages/airflow/example_dags/example_setup_teardown.py
[2024-03-04T16:05:17.655+0000] {processor.py:840} INFO - DAG(s) 'example_setup_teardown' retrieved from /home/airflow/.local/lib/python3.11/site-packages/airflow/example_dags/example_setup_teardown.py
[2024-03-04T16:05:17.668+0000] {logging_mixin.py:188} INFO - [2024-03-04T16:05:17.667+0000] {dag.py:3047} INFO - Sync 1 DAGs
[2024-03-04T16:05:17.676+0000] {logging_mixin.py:188} INFO - [2024-03-04T16:05:17.676+0000] {dag.py:3834} INFO - Setting next_dagrun for example_setup_teardown to 2024-03-03 00:00:00+00:00, run_after=2024-03-04 00:00:00+00:00
[2024-03-04T16:05:17.683+0000] {processor.py:183} INFO - Processing /home/airflow/.local/lib/python3.11/site-packages/airflow/example_dags/example_setup_teardown.py took 0.037 seconds
[2024-03-04T16:05:48.582+0000] {processor.py:161} INFO - Started process (PID=1554) to work on /home/airflow/.local/lib/python3.11/site-packages/airflow/example_dags/example_setup_teardown.py
[2024-03-04T16:05:48.583+0000] {processor.py:830} INFO - Processing file /home/airflow/.local/lib/python3.11/site-packages/airflow/example_dags/example_setup_teardown.py for tasks to queue
[2024-03-04T16:05:48.585+0000] {logging_mixin.py:188} INFO - [2024-03-04T16:05:48.585+0000] {dagbag.py:540} INFO - Filling up the DagBag from /home/airflow/.local/lib/python3.11/site-packages/airflow/example_dags/example_setup_teardown.py
[2024-03-04T16:05:48.589+0000] {processor.py:840} INFO - DAG(s) 'example_setup_teardown' retrieved from /home/airflow/.local/lib/python3.11/site-packages/airflow/example_dags/example_setup_teardown.py
[2024-03-04T16:05:48.599+0000] {logging_mixin.py:188} INFO - [2024-03-04T16:05:48.599+0000] {dag.py:3047} INFO - Sync 1 DAGs
[2024-03-04T16:05:48.607+0000] {logging_mixin.py:188} INFO - [2024-03-04T16:05:48.607+0000] {dag.py:3834} INFO - Setting next_dagrun for example_setup_teardown to 2024-03-03 00:00:00+00:00, run_after=2024-03-04 00:00:00+00:00
[2024-03-04T16:05:48.613+0000] {processor.py:183} INFO - Processing /home/airflow/.local/lib/python3.11/site-packages/airflow/example_dags/example_setup_teardown.py took 0.033 seconds
[2024-03-04T16:06:18.762+0000] {processor.py:161} INFO - Started process (PID=1609) to work on /home/airflow/.local/lib/python3.11/site-packages/airflow/example_dags/example_setup_teardown.py
[2024-03-04T16:06:18.766+0000] {processor.py:830} INFO - Processing file /home/airflow/.local/lib/python3.11/site-packages/airflow/example_dags/example_setup_teardown.py for tasks to queue
[2024-03-04T16:06:18.771+0000] {logging_mixin.py:188} INFO - [2024-03-04T16:06:18.771+0000] {dagbag.py:540} INFO - Filling up the DagBag from /home/airflow/.local/lib/python3.11/site-packages/airflow/example_dags/example_setup_teardown.py
[2024-03-04T16:06:18.788+0000] {processor.py:840} INFO - DAG(s) 'example_setup_teardown' retrieved from /home/airflow/.local/lib/python3.11/site-packages/airflow/example_dags/example_setup_teardown.py
[2024-03-04T16:06:18.811+0000] {logging_mixin.py:188} INFO - [2024-03-04T16:06:18.811+0000] {dag.py:3047} INFO - Sync 1 DAGs
[2024-03-04T16:06:18.903+0000] {logging_mixin.py:188} INFO - [2024-03-04T16:06:18.903+0000] {dag.py:3834} INFO - Setting next_dagrun for example_setup_teardown to 2024-03-03 00:00:00+00:00, run_after=2024-03-04 00:00:00+00:00
[2024-03-04T16:06:18.951+0000] {processor.py:183} INFO - Processing /home/airflow/.local/lib/python3.11/site-packages/airflow/example_dags/example_setup_teardown.py took 0.195 seconds
[2024-03-04T16:06:49.903+0000] {processor.py:161} INFO - Started process (PID=1664) to work on /home/airflow/.local/lib/python3.11/site-packages/airflow/example_dags/example_setup_teardown.py
[2024-03-04T16:06:49.905+0000] {processor.py:830} INFO - Processing file /home/airflow/.local/lib/python3.11/site-packages/airflow/example_dags/example_setup_teardown.py for tasks to queue
[2024-03-04T16:06:49.907+0000] {logging_mixin.py:188} INFO - [2024-03-04T16:06:49.907+0000] {dagbag.py:540} INFO - Filling up the DagBag from /home/airflow/.local/lib/python3.11/site-packages/airflow/example_dags/example_setup_teardown.py
[2024-03-04T16:06:49.920+0000] {processor.py:840} INFO - DAG(s) 'example_setup_teardown' retrieved from /home/airflow/.local/lib/python3.11/site-packages/airflow/example_dags/example_setup_teardown.py
[2024-03-04T16:06:49.957+0000] {logging_mixin.py:188} INFO - [2024-03-04T16:06:49.957+0000] {dag.py:3047} INFO - Sync 1 DAGs
[2024-03-04T16:06:49.983+0000] {logging_mixin.py:188} INFO - [2024-03-04T16:06:49.983+0000] {dag.py:3834} INFO - Setting next_dagrun for example_setup_teardown to 2024-03-03 00:00:00+00:00, run_after=2024-03-04 00:00:00+00:00
[2024-03-04T16:06:49.994+0000] {processor.py:183} INFO - Processing /home/airflow/.local/lib/python3.11/site-packages/airflow/example_dags/example_setup_teardown.py took 0.094 seconds
[2024-03-04T16:07:20.610+0000] {processor.py:161} INFO - Started process (PID=1719) to work on /home/airflow/.local/lib/python3.11/site-packages/airflow/example_dags/example_setup_teardown.py
[2024-03-04T16:07:20.612+0000] {processor.py:830} INFO - Processing file /home/airflow/.local/lib/python3.11/site-packages/airflow/example_dags/example_setup_teardown.py for tasks to queue
[2024-03-04T16:07:20.618+0000] {logging_mixin.py:188} INFO - [2024-03-04T16:07:20.617+0000] {dagbag.py:540} INFO - Filling up the DagBag from /home/airflow/.local/lib/python3.11/site-packages/airflow/example_dags/example_setup_teardown.py
[2024-03-04T16:07:20.628+0000] {processor.py:840} INFO - DAG(s) 'example_setup_teardown' retrieved from /home/airflow/.local/lib/python3.11/site-packages/airflow/example_dags/example_setup_teardown.py
[2024-03-04T16:07:20.652+0000] {logging_mixin.py:188} INFO - [2024-03-04T16:07:20.652+0000] {dag.py:3047} INFO - Sync 1 DAGs
[2024-03-04T16:07:20.678+0000] {logging_mixin.py:188} INFO - [2024-03-04T16:07:20.678+0000] {dag.py:3834} INFO - Setting next_dagrun for example_setup_teardown to 2024-03-03 00:00:00+00:00, run_after=2024-03-04 00:00:00+00:00
[2024-03-04T16:07:20.698+0000] {processor.py:183} INFO - Processing /home/airflow/.local/lib/python3.11/site-packages/airflow/example_dags/example_setup_teardown.py took 0.091 seconds
[2024-03-04T16:07:51.311+0000] {processor.py:161} INFO - Started process (PID=1774) to work on /home/airflow/.local/lib/python3.11/site-packages/airflow/example_dags/example_setup_teardown.py
[2024-03-04T16:07:51.313+0000] {processor.py:830} INFO - Processing file /home/airflow/.local/lib/python3.11/site-packages/airflow/example_dags/example_setup_teardown.py for tasks to queue
[2024-03-04T16:07:51.316+0000] {logging_mixin.py:188} INFO - [2024-03-04T16:07:51.316+0000] {dagbag.py:540} INFO - Filling up the DagBag from /home/airflow/.local/lib/python3.11/site-packages/airflow/example_dags/example_setup_teardown.py
[2024-03-04T16:07:51.327+0000] {processor.py:840} INFO - DAG(s) 'example_setup_teardown' retrieved from /home/airflow/.local/lib/python3.11/site-packages/airflow/example_dags/example_setup_teardown.py
[2024-03-04T16:07:51.341+0000] {logging_mixin.py:188} INFO - [2024-03-04T16:07:51.340+0000] {dag.py:3047} INFO - Sync 1 DAGs
[2024-03-04T16:07:51.350+0000] {logging_mixin.py:188} INFO - [2024-03-04T16:07:51.350+0000] {dag.py:3834} INFO - Setting next_dagrun for example_setup_teardown to 2024-03-03 00:00:00+00:00, run_after=2024-03-04 00:00:00+00:00
[2024-03-04T16:07:51.358+0000] {processor.py:183} INFO - Processing /home/airflow/.local/lib/python3.11/site-packages/airflow/example_dags/example_setup_teardown.py took 0.056 seconds
[2024-03-04T16:08:21.988+0000] {processor.py:161} INFO - Started process (PID=1829) to work on /home/airflow/.local/lib/python3.11/site-packages/airflow/example_dags/example_setup_teardown.py
[2024-03-04T16:08:21.990+0000] {processor.py:830} INFO - Processing file /home/airflow/.local/lib/python3.11/site-packages/airflow/example_dags/example_setup_teardown.py for tasks to queue
[2024-03-04T16:08:21.993+0000] {logging_mixin.py:188} INFO - [2024-03-04T16:08:21.992+0000] {dagbag.py:540} INFO - Filling up the DagBag from /home/airflow/.local/lib/python3.11/site-packages/airflow/example_dags/example_setup_teardown.py
[2024-03-04T16:08:22.001+0000] {processor.py:840} INFO - DAG(s) 'example_setup_teardown' retrieved from /home/airflow/.local/lib/python3.11/site-packages/airflow/example_dags/example_setup_teardown.py
[2024-03-04T16:08:22.016+0000] {logging_mixin.py:188} INFO - [2024-03-04T16:08:22.015+0000] {dag.py:3047} INFO - Sync 1 DAGs
[2024-03-04T16:08:22.028+0000] {logging_mixin.py:188} INFO - [2024-03-04T16:08:22.027+0000] {dag.py:3834} INFO - Setting next_dagrun for example_setup_teardown to 2024-03-03 00:00:00+00:00, run_after=2024-03-04 00:00:00+00:00
[2024-03-04T16:08:22.036+0000] {processor.py:183} INFO - Processing /home/airflow/.local/lib/python3.11/site-packages/airflow/example_dags/example_setup_teardown.py took 0.053 seconds
[2024-03-04T16:08:52.697+0000] {processor.py:161} INFO - Started process (PID=1884) to work on /home/airflow/.local/lib/python3.11/site-packages/airflow/example_dags/example_setup_teardown.py
[2024-03-04T16:08:52.699+0000] {processor.py:830} INFO - Processing file /home/airflow/.local/lib/python3.11/site-packages/airflow/example_dags/example_setup_teardown.py for tasks to queue
[2024-03-04T16:08:52.701+0000] {logging_mixin.py:188} INFO - [2024-03-04T16:08:52.701+0000] {dagbag.py:540} INFO - Filling up the DagBag from /home/airflow/.local/lib/python3.11/site-packages/airflow/example_dags/example_setup_teardown.py
[2024-03-04T16:08:52.709+0000] {processor.py:840} INFO - DAG(s) 'example_setup_teardown' retrieved from /home/airflow/.local/lib/python3.11/site-packages/airflow/example_dags/example_setup_teardown.py
[2024-03-04T16:08:52.723+0000] {logging_mixin.py:188} INFO - [2024-03-04T16:08:52.723+0000] {dag.py:3047} INFO - Sync 1 DAGs
[2024-03-04T16:08:52.735+0000] {logging_mixin.py:188} INFO - [2024-03-04T16:08:52.735+0000] {dag.py:3834} INFO - Setting next_dagrun for example_setup_teardown to 2024-03-03 00:00:00+00:00, run_after=2024-03-04 00:00:00+00:00
[2024-03-04T16:08:52.743+0000] {processor.py:183} INFO - Processing /home/airflow/.local/lib/python3.11/site-packages/airflow/example_dags/example_setup_teardown.py took 0.051 seconds
[2024-03-04T16:09:23.253+0000] {processor.py:161} INFO - Started process (PID=1939) to work on /home/airflow/.local/lib/python3.11/site-packages/airflow/example_dags/example_setup_teardown.py
[2024-03-04T16:09:23.256+0000] {processor.py:830} INFO - Processing file /home/airflow/.local/lib/python3.11/site-packages/airflow/example_dags/example_setup_teardown.py for tasks to queue
[2024-03-04T16:09:23.258+0000] {logging_mixin.py:188} INFO - [2024-03-04T16:09:23.258+0000] {dagbag.py:540} INFO - Filling up the DagBag from /home/airflow/.local/lib/python3.11/site-packages/airflow/example_dags/example_setup_teardown.py
[2024-03-04T16:09:23.265+0000] {processor.py:840} INFO - DAG(s) 'example_setup_teardown' retrieved from /home/airflow/.local/lib/python3.11/site-packages/airflow/example_dags/example_setup_teardown.py
[2024-03-04T16:09:23.281+0000] {logging_mixin.py:188} INFO - [2024-03-04T16:09:23.281+0000] {dag.py:3047} INFO - Sync 1 DAGs
[2024-03-04T16:09:23.293+0000] {logging_mixin.py:188} INFO - [2024-03-04T16:09:23.293+0000] {dag.py:3834} INFO - Setting next_dagrun for example_setup_teardown to 2024-03-03 00:00:00+00:00, run_after=2024-03-04 00:00:00+00:00
[2024-03-04T16:09:23.302+0000] {processor.py:183} INFO - Processing /home/airflow/.local/lib/python3.11/site-packages/airflow/example_dags/example_setup_teardown.py took 0.052 seconds
[2024-03-04T16:09:54.054+0000] {processor.py:161} INFO - Started process (PID=1994) to work on /home/airflow/.local/lib/python3.11/site-packages/airflow/example_dags/example_setup_teardown.py
[2024-03-04T16:09:54.057+0000] {processor.py:830} INFO - Processing file /home/airflow/.local/lib/python3.11/site-packages/airflow/example_dags/example_setup_teardown.py for tasks to queue
[2024-03-04T16:09:54.059+0000] {logging_mixin.py:188} INFO - [2024-03-04T16:09:54.059+0000] {dagbag.py:540} INFO - Filling up the DagBag from /home/airflow/.local/lib/python3.11/site-packages/airflow/example_dags/example_setup_teardown.py
[2024-03-04T16:09:54.067+0000] {processor.py:840} INFO - DAG(s) 'example_setup_teardown' retrieved from /home/airflow/.local/lib/python3.11/site-packages/airflow/example_dags/example_setup_teardown.py
[2024-03-04T16:09:54.081+0000] {logging_mixin.py:188} INFO - [2024-03-04T16:09:54.081+0000] {dag.py:3047} INFO - Sync 1 DAGs
[2024-03-04T16:09:54.092+0000] {logging_mixin.py:188} INFO - [2024-03-04T16:09:54.092+0000] {dag.py:3834} INFO - Setting next_dagrun for example_setup_teardown to 2024-03-03 00:00:00+00:00, run_after=2024-03-04 00:00:00+00:00
[2024-03-04T16:09:54.100+0000] {processor.py:183} INFO - Processing /home/airflow/.local/lib/python3.11/site-packages/airflow/example_dags/example_setup_teardown.py took 0.051 seconds
[2024-03-04T16:10:24.589+0000] {processor.py:161} INFO - Started process (PID=2049) to work on /home/airflow/.local/lib/python3.11/site-packages/airflow/example_dags/example_setup_teardown.py
[2024-03-04T16:10:24.591+0000] {processor.py:830} INFO - Processing file /home/airflow/.local/lib/python3.11/site-packages/airflow/example_dags/example_setup_teardown.py for tasks to queue
[2024-03-04T16:10:24.594+0000] {logging_mixin.py:188} INFO - [2024-03-04T16:10:24.593+0000] {dagbag.py:540} INFO - Filling up the DagBag from /home/airflow/.local/lib/python3.11/site-packages/airflow/example_dags/example_setup_teardown.py
[2024-03-04T16:10:24.602+0000] {processor.py:840} INFO - DAG(s) 'example_setup_teardown' retrieved from /home/airflow/.local/lib/python3.11/site-packages/airflow/example_dags/example_setup_teardown.py
[2024-03-04T16:10:24.616+0000] {logging_mixin.py:188} INFO - [2024-03-04T16:10:24.615+0000] {dag.py:3047} INFO - Sync 1 DAGs
[2024-03-04T16:10:24.627+0000] {logging_mixin.py:188} INFO - [2024-03-04T16:10:24.627+0000] {dag.py:3834} INFO - Setting next_dagrun for example_setup_teardown to 2024-03-03 00:00:00+00:00, run_after=2024-03-04 00:00:00+00:00
[2024-03-04T16:10:24.635+0000] {processor.py:183} INFO - Processing /home/airflow/.local/lib/python3.11/site-packages/airflow/example_dags/example_setup_teardown.py took 0.051 seconds
[2024-03-04T16:10:55.244+0000] {processor.py:161} INFO - Started process (PID=2104) to work on /home/airflow/.local/lib/python3.11/site-packages/airflow/example_dags/example_setup_teardown.py
[2024-03-04T16:10:55.246+0000] {processor.py:830} INFO - Processing file /home/airflow/.local/lib/python3.11/site-packages/airflow/example_dags/example_setup_teardown.py for tasks to queue
[2024-03-04T16:10:55.249+0000] {logging_mixin.py:188} INFO - [2024-03-04T16:10:55.249+0000] {dagbag.py:540} INFO - Filling up the DagBag from /home/airflow/.local/lib/python3.11/site-packages/airflow/example_dags/example_setup_teardown.py
[2024-03-04T16:10:55.261+0000] {processor.py:840} INFO - DAG(s) 'example_setup_teardown' retrieved from /home/airflow/.local/lib/python3.11/site-packages/airflow/example_dags/example_setup_teardown.py
[2024-03-04T16:10:55.279+0000] {logging_mixin.py:188} INFO - [2024-03-04T16:10:55.279+0000] {dag.py:3047} INFO - Sync 1 DAGs
[2024-03-04T16:10:55.290+0000] {logging_mixin.py:188} INFO - [2024-03-04T16:10:55.290+0000] {dag.py:3834} INFO - Setting next_dagrun for example_setup_teardown to 2024-03-03 00:00:00+00:00, run_after=2024-03-04 00:00:00+00:00
[2024-03-04T16:10:55.299+0000] {processor.py:183} INFO - Processing /home/airflow/.local/lib/python3.11/site-packages/airflow/example_dags/example_setup_teardown.py took 0.062 seconds
[2024-03-04T16:11:25.954+0000] {processor.py:161} INFO - Started process (PID=2159) to work on /home/airflow/.local/lib/python3.11/site-packages/airflow/example_dags/example_setup_teardown.py
[2024-03-04T16:11:25.956+0000] {processor.py:830} INFO - Processing file /home/airflow/.local/lib/python3.11/site-packages/airflow/example_dags/example_setup_teardown.py for tasks to queue
[2024-03-04T16:11:25.958+0000] {logging_mixin.py:188} INFO - [2024-03-04T16:11:25.958+0000] {dagbag.py:540} INFO - Filling up the DagBag from /home/airflow/.local/lib/python3.11/site-packages/airflow/example_dags/example_setup_teardown.py
[2024-03-04T16:11:25.965+0000] {processor.py:840} INFO - DAG(s) 'example_setup_teardown' retrieved from /home/airflow/.local/lib/python3.11/site-packages/airflow/example_dags/example_setup_teardown.py
[2024-03-04T16:11:25.980+0000] {logging_mixin.py:188} INFO - [2024-03-04T16:11:25.980+0000] {dag.py:3047} INFO - Sync 1 DAGs
[2024-03-04T16:11:25.992+0000] {logging_mixin.py:188} INFO - [2024-03-04T16:11:25.992+0000] {dag.py:3834} INFO - Setting next_dagrun for example_setup_teardown to 2024-03-03 00:00:00+00:00, run_after=2024-03-04 00:00:00+00:00
[2024-03-04T16:11:26.001+0000] {processor.py:183} INFO - Processing /home/airflow/.local/lib/python3.11/site-packages/airflow/example_dags/example_setup_teardown.py took 0.051 seconds
[2024-03-04T16:11:56.641+0000] {processor.py:161} INFO - Started process (PID=2214) to work on /home/airflow/.local/lib/python3.11/site-packages/airflow/example_dags/example_setup_teardown.py
[2024-03-04T16:11:56.642+0000] {processor.py:830} INFO - Processing file /home/airflow/.local/lib/python3.11/site-packages/airflow/example_dags/example_setup_teardown.py for tasks to queue
[2024-03-04T16:11:56.644+0000] {logging_mixin.py:188} INFO - [2024-03-04T16:11:56.644+0000] {dagbag.py:540} INFO - Filling up the DagBag from /home/airflow/.local/lib/python3.11/site-packages/airflow/example_dags/example_setup_teardown.py
[2024-03-04T16:11:56.650+0000] {processor.py:840} INFO - DAG(s) 'example_setup_teardown' retrieved from /home/airflow/.local/lib/python3.11/site-packages/airflow/example_dags/example_setup_teardown.py
[2024-03-04T16:11:56.666+0000] {logging_mixin.py:188} INFO - [2024-03-04T16:11:56.666+0000] {dag.py:3047} INFO - Sync 1 DAGs
[2024-03-04T16:11:56.677+0000] {logging_mixin.py:188} INFO - [2024-03-04T16:11:56.677+0000] {dag.py:3834} INFO - Setting next_dagrun for example_setup_teardown to 2024-03-03 00:00:00+00:00, run_after=2024-03-04 00:00:00+00:00
[2024-03-04T16:11:56.685+0000] {processor.py:183} INFO - Processing /home/airflow/.local/lib/python3.11/site-packages/airflow/example_dags/example_setup_teardown.py took 0.051 seconds
[2024-03-04T16:12:27.347+0000] {processor.py:161} INFO - Started process (PID=2269) to work on /home/airflow/.local/lib/python3.11/site-packages/airflow/example_dags/example_setup_teardown.py
[2024-03-04T16:12:27.350+0000] {processor.py:830} INFO - Processing file /home/airflow/.local/lib/python3.11/site-packages/airflow/example_dags/example_setup_teardown.py for tasks to queue
[2024-03-04T16:12:27.353+0000] {logging_mixin.py:188} INFO - [2024-03-04T16:12:27.352+0000] {dagbag.py:540} INFO - Filling up the DagBag from /home/airflow/.local/lib/python3.11/site-packages/airflow/example_dags/example_setup_teardown.py
[2024-03-04T16:12:27.359+0000] {processor.py:840} INFO - DAG(s) 'example_setup_teardown' retrieved from /home/airflow/.local/lib/python3.11/site-packages/airflow/example_dags/example_setup_teardown.py
[2024-03-04T16:12:27.374+0000] {logging_mixin.py:188} INFO - [2024-03-04T16:12:27.374+0000] {dag.py:3047} INFO - Sync 1 DAGs
[2024-03-04T16:12:27.389+0000] {logging_mixin.py:188} INFO - [2024-03-04T16:12:27.389+0000] {dag.py:3834} INFO - Setting next_dagrun for example_setup_teardown to 2024-03-03 00:00:00+00:00, run_after=2024-03-04 00:00:00+00:00
[2024-03-04T16:12:27.397+0000] {processor.py:183} INFO - Processing /home/airflow/.local/lib/python3.11/site-packages/airflow/example_dags/example_setup_teardown.py took 0.055 seconds
[2024-03-04T16:12:57.938+0000] {processor.py:161} INFO - Started process (PID=2324) to work on /home/airflow/.local/lib/python3.11/site-packages/airflow/example_dags/example_setup_teardown.py
[2024-03-04T16:12:57.940+0000] {processor.py:830} INFO - Processing file /home/airflow/.local/lib/python3.11/site-packages/airflow/example_dags/example_setup_teardown.py for tasks to queue
[2024-03-04T16:12:57.943+0000] {logging_mixin.py:188} INFO - [2024-03-04T16:12:57.943+0000] {dagbag.py:540} INFO - Filling up the DagBag from /home/airflow/.local/lib/python3.11/site-packages/airflow/example_dags/example_setup_teardown.py
[2024-03-04T16:12:57.953+0000] {processor.py:840} INFO - DAG(s) 'example_setup_teardown' retrieved from /home/airflow/.local/lib/python3.11/site-packages/airflow/example_dags/example_setup_teardown.py
[2024-03-04T16:12:57.973+0000] {logging_mixin.py:188} INFO - [2024-03-04T16:12:57.973+0000] {dag.py:3047} INFO - Sync 1 DAGs
[2024-03-04T16:12:57.987+0000] {logging_mixin.py:188} INFO - [2024-03-04T16:12:57.987+0000] {dag.py:3834} INFO - Setting next_dagrun for example_setup_teardown to 2024-03-03 00:00:00+00:00, run_after=2024-03-04 00:00:00+00:00
[2024-03-04T16:12:57.996+0000] {processor.py:183} INFO - Processing /home/airflow/.local/lib/python3.11/site-packages/airflow/example_dags/example_setup_teardown.py took 0.065 seconds
[2024-03-04T16:13:28.567+0000] {processor.py:161} INFO - Started process (PID=2379) to work on /home/airflow/.local/lib/python3.11/site-packages/airflow/example_dags/example_setup_teardown.py
[2024-03-04T16:13:28.570+0000] {processor.py:830} INFO - Processing file /home/airflow/.local/lib/python3.11/site-packages/airflow/example_dags/example_setup_teardown.py for tasks to queue
[2024-03-04T16:13:28.572+0000] {logging_mixin.py:188} INFO - [2024-03-04T16:13:28.572+0000] {dagbag.py:540} INFO - Filling up the DagBag from /home/airflow/.local/lib/python3.11/site-packages/airflow/example_dags/example_setup_teardown.py
[2024-03-04T16:13:28.579+0000] {processor.py:840} INFO - DAG(s) 'example_setup_teardown' retrieved from /home/airflow/.local/lib/python3.11/site-packages/airflow/example_dags/example_setup_teardown.py
[2024-03-04T16:13:28.593+0000] {logging_mixin.py:188} INFO - [2024-03-04T16:13:28.592+0000] {dag.py:3047} INFO - Sync 1 DAGs
[2024-03-04T16:13:28.604+0000] {logging_mixin.py:188} INFO - [2024-03-04T16:13:28.603+0000] {dag.py:3834} INFO - Setting next_dagrun for example_setup_teardown to 2024-03-03 00:00:00+00:00, run_after=2024-03-04 00:00:00+00:00
[2024-03-04T16:13:28.612+0000] {processor.py:183} INFO - Processing /home/airflow/.local/lib/python3.11/site-packages/airflow/example_dags/example_setup_teardown.py took 0.050 seconds
[2024-03-04T16:13:59.372+0000] {processor.py:161} INFO - Started process (PID=2434) to work on /home/airflow/.local/lib/python3.11/site-packages/airflow/example_dags/example_setup_teardown.py
[2024-03-04T16:13:59.374+0000] {processor.py:830} INFO - Processing file /home/airflow/.local/lib/python3.11/site-packages/airflow/example_dags/example_setup_teardown.py for tasks to queue
[2024-03-04T16:13:59.376+0000] {logging_mixin.py:188} INFO - [2024-03-04T16:13:59.376+0000] {dagbag.py:540} INFO - Filling up the DagBag from /home/airflow/.local/lib/python3.11/site-packages/airflow/example_dags/example_setup_teardown.py
[2024-03-04T16:13:59.383+0000] {processor.py:840} INFO - DAG(s) 'example_setup_teardown' retrieved from /home/airflow/.local/lib/python3.11/site-packages/airflow/example_dags/example_setup_teardown.py
[2024-03-04T16:13:59.397+0000] {logging_mixin.py:188} INFO - [2024-03-04T16:13:59.397+0000] {dag.py:3047} INFO - Sync 1 DAGs
[2024-03-04T16:13:59.408+0000] {logging_mixin.py:188} INFO - [2024-03-04T16:13:59.408+0000] {dag.py:3834} INFO - Setting next_dagrun for example_setup_teardown to 2024-03-03 00:00:00+00:00, run_after=2024-03-04 00:00:00+00:00
[2024-03-04T16:13:59.416+0000] {processor.py:183} INFO - Processing /home/airflow/.local/lib/python3.11/site-packages/airflow/example_dags/example_setup_teardown.py took 0.048 seconds
[2024-03-04T16:14:30.137+0000] {processor.py:161} INFO - Started process (PID=2489) to work on /home/airflow/.local/lib/python3.11/site-packages/airflow/example_dags/example_setup_teardown.py
[2024-03-04T16:14:30.138+0000] {processor.py:830} INFO - Processing file /home/airflow/.local/lib/python3.11/site-packages/airflow/example_dags/example_setup_teardown.py for tasks to queue
[2024-03-04T16:14:30.141+0000] {logging_mixin.py:188} INFO - [2024-03-04T16:14:30.141+0000] {dagbag.py:540} INFO - Filling up the DagBag from /home/airflow/.local/lib/python3.11/site-packages/airflow/example_dags/example_setup_teardown.py
[2024-03-04T16:14:30.149+0000] {processor.py:840} INFO - DAG(s) 'example_setup_teardown' retrieved from /home/airflow/.local/lib/python3.11/site-packages/airflow/example_dags/example_setup_teardown.py
[2024-03-04T16:14:30.166+0000] {logging_mixin.py:188} INFO - [2024-03-04T16:14:30.166+0000] {dag.py:3047} INFO - Sync 1 DAGs
[2024-03-04T16:14:30.178+0000] {logging_mixin.py:188} INFO - [2024-03-04T16:14:30.178+0000] {dag.py:3834} INFO - Setting next_dagrun for example_setup_teardown to 2024-03-03 00:00:00+00:00, run_after=2024-03-04 00:00:00+00:00
[2024-03-04T16:14:30.187+0000] {processor.py:183} INFO - Processing /home/airflow/.local/lib/python3.11/site-packages/airflow/example_dags/example_setup_teardown.py took 0.056 seconds
[2024-03-04T16:15:00.833+0000] {processor.py:161} INFO - Started process (PID=2544) to work on /home/airflow/.local/lib/python3.11/site-packages/airflow/example_dags/example_setup_teardown.py
[2024-03-04T16:15:00.835+0000] {processor.py:830} INFO - Processing file /home/airflow/.local/lib/python3.11/site-packages/airflow/example_dags/example_setup_teardown.py for tasks to queue
[2024-03-04T16:15:00.838+0000] {logging_mixin.py:188} INFO - [2024-03-04T16:15:00.837+0000] {dagbag.py:540} INFO - Filling up the DagBag from /home/airflow/.local/lib/python3.11/site-packages/airflow/example_dags/example_setup_teardown.py
[2024-03-04T16:15:00.845+0000] {processor.py:840} INFO - DAG(s) 'example_setup_teardown' retrieved from /home/airflow/.local/lib/python3.11/site-packages/airflow/example_dags/example_setup_teardown.py
[2024-03-04T16:15:00.859+0000] {logging_mixin.py:188} INFO - [2024-03-04T16:15:00.859+0000] {dag.py:3047} INFO - Sync 1 DAGs
[2024-03-04T16:15:00.871+0000] {logging_mixin.py:188} INFO - [2024-03-04T16:15:00.871+0000] {dag.py:3834} INFO - Setting next_dagrun for example_setup_teardown to 2024-03-03 00:00:00+00:00, run_after=2024-03-04 00:00:00+00:00
[2024-03-04T16:15:00.879+0000] {processor.py:183} INFO - Processing /home/airflow/.local/lib/python3.11/site-packages/airflow/example_dags/example_setup_teardown.py took 0.051 seconds
[2024-03-04T16:15:31.345+0000] {processor.py:161} INFO - Started process (PID=2599) to work on /home/airflow/.local/lib/python3.11/site-packages/airflow/example_dags/example_setup_teardown.py
[2024-03-04T16:15:31.346+0000] {processor.py:830} INFO - Processing file /home/airflow/.local/lib/python3.11/site-packages/airflow/example_dags/example_setup_teardown.py for tasks to queue
[2024-03-04T16:15:31.348+0000] {logging_mixin.py:188} INFO - [2024-03-04T16:15:31.348+0000] {dagbag.py:540} INFO - Filling up the DagBag from /home/airflow/.local/lib/python3.11/site-packages/airflow/example_dags/example_setup_teardown.py
[2024-03-04T16:15:31.355+0000] {processor.py:840} INFO - DAG(s) 'example_setup_teardown' retrieved from /home/airflow/.local/lib/python3.11/site-packages/airflow/example_dags/example_setup_teardown.py
[2024-03-04T16:15:31.373+0000] {logging_mixin.py:188} INFO - [2024-03-04T16:15:31.373+0000] {dag.py:3047} INFO - Sync 1 DAGs
[2024-03-04T16:15:31.388+0000] {logging_mixin.py:188} INFO - [2024-03-04T16:15:31.388+0000] {dag.py:3834} INFO - Setting next_dagrun for example_setup_teardown to 2024-03-03 00:00:00+00:00, run_after=2024-03-04 00:00:00+00:00
[2024-03-04T16:15:31.397+0000] {processor.py:183} INFO - Processing /home/airflow/.local/lib/python3.11/site-packages/airflow/example_dags/example_setup_teardown.py took 0.057 seconds
[2024-03-04T16:16:02.220+0000] {processor.py:161} INFO - Started process (PID=2654) to work on /home/airflow/.local/lib/python3.11/site-packages/airflow/example_dags/example_setup_teardown.py
[2024-03-04T16:16:02.223+0000] {processor.py:830} INFO - Processing file /home/airflow/.local/lib/python3.11/site-packages/airflow/example_dags/example_setup_teardown.py for tasks to queue
[2024-03-04T16:16:02.227+0000] {logging_mixin.py:188} INFO - [2024-03-04T16:16:02.226+0000] {dagbag.py:540} INFO - Filling up the DagBag from /home/airflow/.local/lib/python3.11/site-packages/airflow/example_dags/example_setup_teardown.py
[2024-03-04T16:16:02.237+0000] {processor.py:840} INFO - DAG(s) 'example_setup_teardown' retrieved from /home/airflow/.local/lib/python3.11/site-packages/airflow/example_dags/example_setup_teardown.py
[2024-03-04T16:16:02.252+0000] {logging_mixin.py:188} INFO - [2024-03-04T16:16:02.252+0000] {dag.py:3047} INFO - Sync 1 DAGs
[2024-03-04T16:16:02.262+0000] {logging_mixin.py:188} INFO - [2024-03-04T16:16:02.262+0000] {dag.py:3834} INFO - Setting next_dagrun for example_setup_teardown to 2024-03-03 00:00:00+00:00, run_after=2024-03-04 00:00:00+00:00
[2024-03-04T16:16:02.269+0000] {processor.py:183} INFO - Processing /home/airflow/.local/lib/python3.11/site-packages/airflow/example_dags/example_setup_teardown.py took 0.056 seconds
[2024-03-04T16:16:32.505+0000] {processor.py:161} INFO - Started process (PID=2709) to work on /home/airflow/.local/lib/python3.11/site-packages/airflow/example_dags/example_setup_teardown.py
[2024-03-04T16:16:32.507+0000] {processor.py:830} INFO - Processing file /home/airflow/.local/lib/python3.11/site-packages/airflow/example_dags/example_setup_teardown.py for tasks to queue
[2024-03-04T16:16:32.511+0000] {logging_mixin.py:188} INFO - [2024-03-04T16:16:32.510+0000] {dagbag.py:540} INFO - Filling up the DagBag from /home/airflow/.local/lib/python3.11/site-packages/airflow/example_dags/example_setup_teardown.py
[2024-03-04T16:16:32.522+0000] {processor.py:840} INFO - DAG(s) 'example_setup_teardown' retrieved from /home/airflow/.local/lib/python3.11/site-packages/airflow/example_dags/example_setup_teardown.py
[2024-03-04T16:16:32.552+0000] {logging_mixin.py:188} INFO - [2024-03-04T16:16:32.552+0000] {dag.py:3047} INFO - Sync 1 DAGs
[2024-03-04T16:16:32.571+0000] {logging_mixin.py:188} INFO - [2024-03-04T16:16:32.571+0000] {dag.py:3834} INFO - Setting next_dagrun for example_setup_teardown to 2024-03-03 00:00:00+00:00, run_after=2024-03-04 00:00:00+00:00
[2024-03-04T16:16:32.581+0000] {processor.py:183} INFO - Processing /home/airflow/.local/lib/python3.11/site-packages/airflow/example_dags/example_setup_teardown.py took 0.094 seconds
[2024-03-04T16:17:03.475+0000] {processor.py:161} INFO - Started process (PID=2764) to work on /home/airflow/.local/lib/python3.11/site-packages/airflow/example_dags/example_setup_teardown.py
[2024-03-04T16:17:03.477+0000] {processor.py:830} INFO - Processing file /home/airflow/.local/lib/python3.11/site-packages/airflow/example_dags/example_setup_teardown.py for tasks to queue
[2024-03-04T16:17:03.478+0000] {logging_mixin.py:188} INFO - [2024-03-04T16:17:03.478+0000] {dagbag.py:540} INFO - Filling up the DagBag from /home/airflow/.local/lib/python3.11/site-packages/airflow/example_dags/example_setup_teardown.py
[2024-03-04T16:17:03.484+0000] {processor.py:840} INFO - DAG(s) 'example_setup_teardown' retrieved from /home/airflow/.local/lib/python3.11/site-packages/airflow/example_dags/example_setup_teardown.py
[2024-03-04T16:17:03.499+0000] {logging_mixin.py:188} INFO - [2024-03-04T16:17:03.499+0000] {dag.py:3047} INFO - Sync 1 DAGs
[2024-03-04T16:17:03.510+0000] {logging_mixin.py:188} INFO - [2024-03-04T16:17:03.510+0000] {dag.py:3834} INFO - Setting next_dagrun for example_setup_teardown to 2024-03-03 00:00:00+00:00, run_after=2024-03-04 00:00:00+00:00
[2024-03-04T16:17:03.518+0000] {processor.py:183} INFO - Processing /home/airflow/.local/lib/python3.11/site-packages/airflow/example_dags/example_setup_teardown.py took 0.046 seconds
[2024-03-04T16:17:34.356+0000] {processor.py:161} INFO - Started process (PID=2819) to work on /home/airflow/.local/lib/python3.11/site-packages/airflow/example_dags/example_setup_teardown.py
[2024-03-04T16:17:34.358+0000] {processor.py:830} INFO - Processing file /home/airflow/.local/lib/python3.11/site-packages/airflow/example_dags/example_setup_teardown.py for tasks to queue
[2024-03-04T16:17:34.360+0000] {logging_mixin.py:188} INFO - [2024-03-04T16:17:34.359+0000] {dagbag.py:540} INFO - Filling up the DagBag from /home/airflow/.local/lib/python3.11/site-packages/airflow/example_dags/example_setup_teardown.py
[2024-03-04T16:17:34.367+0000] {processor.py:840} INFO - DAG(s) 'example_setup_teardown' retrieved from /home/airflow/.local/lib/python3.11/site-packages/airflow/example_dags/example_setup_teardown.py
[2024-03-04T16:17:34.380+0000] {logging_mixin.py:188} INFO - [2024-03-04T16:17:34.380+0000] {dag.py:3047} INFO - Sync 1 DAGs
[2024-03-04T16:17:34.392+0000] {logging_mixin.py:188} INFO - [2024-03-04T16:17:34.392+0000] {dag.py:3834} INFO - Setting next_dagrun for example_setup_teardown to 2024-03-03 00:00:00+00:00, run_after=2024-03-04 00:00:00+00:00
[2024-03-04T16:17:34.400+0000] {processor.py:183} INFO - Processing /home/airflow/.local/lib/python3.11/site-packages/airflow/example_dags/example_setup_teardown.py took 0.049 seconds
[2024-03-04T16:18:04.759+0000] {processor.py:161} INFO - Started process (PID=2874) to work on /home/airflow/.local/lib/python3.11/site-packages/airflow/example_dags/example_setup_teardown.py
[2024-03-04T16:18:04.761+0000] {processor.py:830} INFO - Processing file /home/airflow/.local/lib/python3.11/site-packages/airflow/example_dags/example_setup_teardown.py for tasks to queue
[2024-03-04T16:18:04.764+0000] {logging_mixin.py:188} INFO - [2024-03-04T16:18:04.764+0000] {dagbag.py:540} INFO - Filling up the DagBag from /home/airflow/.local/lib/python3.11/site-packages/airflow/example_dags/example_setup_teardown.py
[2024-03-04T16:18:04.775+0000] {processor.py:840} INFO - DAG(s) 'example_setup_teardown' retrieved from /home/airflow/.local/lib/python3.11/site-packages/airflow/example_dags/example_setup_teardown.py
[2024-03-04T16:18:04.795+0000] {logging_mixin.py:188} INFO - [2024-03-04T16:18:04.794+0000] {dag.py:3047} INFO - Sync 1 DAGs
[2024-03-04T16:18:04.808+0000] {logging_mixin.py:188} INFO - [2024-03-04T16:18:04.808+0000] {dag.py:3834} INFO - Setting next_dagrun for example_setup_teardown to 2024-03-03 00:00:00+00:00, run_after=2024-03-04 00:00:00+00:00
[2024-03-04T16:18:04.816+0000] {processor.py:183} INFO - Processing /home/airflow/.local/lib/python3.11/site-packages/airflow/example_dags/example_setup_teardown.py took 0.077 seconds
[2024-03-04T16:18:35.145+0000] {processor.py:161} INFO - Started process (PID=2929) to work on /home/airflow/.local/lib/python3.11/site-packages/airflow/example_dags/example_setup_teardown.py
[2024-03-04T16:18:35.147+0000] {processor.py:830} INFO - Processing file /home/airflow/.local/lib/python3.11/site-packages/airflow/example_dags/example_setup_teardown.py for tasks to queue
[2024-03-04T16:18:35.150+0000] {logging_mixin.py:188} INFO - [2024-03-04T16:18:35.149+0000] {dagbag.py:540} INFO - Filling up the DagBag from /home/airflow/.local/lib/python3.11/site-packages/airflow/example_dags/example_setup_teardown.py
[2024-03-04T16:18:35.159+0000] {processor.py:840} INFO - DAG(s) 'example_setup_teardown' retrieved from /home/airflow/.local/lib/python3.11/site-packages/airflow/example_dags/example_setup_teardown.py
[2024-03-04T16:18:35.180+0000] {logging_mixin.py:188} INFO - [2024-03-04T16:18:35.180+0000] {dag.py:3047} INFO - Sync 1 DAGs
[2024-03-04T16:18:35.203+0000] {logging_mixin.py:188} INFO - [2024-03-04T16:18:35.203+0000] {dag.py:3834} INFO - Setting next_dagrun for example_setup_teardown to 2024-03-03 00:00:00+00:00, run_after=2024-03-04 00:00:00+00:00
[2024-03-04T16:18:35.231+0000] {processor.py:183} INFO - Processing /home/airflow/.local/lib/python3.11/site-packages/airflow/example_dags/example_setup_teardown.py took 0.097 seconds
[2024-03-04T16:19:06.257+0000] {processor.py:161} INFO - Started process (PID=2984) to work on /home/airflow/.local/lib/python3.11/site-packages/airflow/example_dags/example_setup_teardown.py
[2024-03-04T16:19:06.259+0000] {processor.py:830} INFO - Processing file /home/airflow/.local/lib/python3.11/site-packages/airflow/example_dags/example_setup_teardown.py for tasks to queue
[2024-03-04T16:19:06.262+0000] {logging_mixin.py:188} INFO - [2024-03-04T16:19:06.261+0000] {dagbag.py:540} INFO - Filling up the DagBag from /home/airflow/.local/lib/python3.11/site-packages/airflow/example_dags/example_setup_teardown.py
[2024-03-04T16:19:06.270+0000] {processor.py:840} INFO - DAG(s) 'example_setup_teardown' retrieved from /home/airflow/.local/lib/python3.11/site-packages/airflow/example_dags/example_setup_teardown.py
[2024-03-04T16:19:06.292+0000] {logging_mixin.py:188} INFO - [2024-03-04T16:19:06.292+0000] {dag.py:3047} INFO - Sync 1 DAGs
[2024-03-04T16:19:06.306+0000] {logging_mixin.py:188} INFO - [2024-03-04T16:19:06.306+0000] {dag.py:3834} INFO - Setting next_dagrun for example_setup_teardown to 2024-03-03 00:00:00+00:00, run_after=2024-03-04 00:00:00+00:00
[2024-03-04T16:19:06.315+0000] {processor.py:183} INFO - Processing /home/airflow/.local/lib/python3.11/site-packages/airflow/example_dags/example_setup_teardown.py took 0.061 seconds
[2024-03-04T16:19:36.491+0000] {processor.py:161} INFO - Started process (PID=3039) to work on /home/airflow/.local/lib/python3.11/site-packages/airflow/example_dags/example_setup_teardown.py
[2024-03-04T16:19:36.494+0000] {processor.py:830} INFO - Processing file /home/airflow/.local/lib/python3.11/site-packages/airflow/example_dags/example_setup_teardown.py for tasks to queue
[2024-03-04T16:19:36.498+0000] {logging_mixin.py:188} INFO - [2024-03-04T16:19:36.497+0000] {dagbag.py:540} INFO - Filling up the DagBag from /home/airflow/.local/lib/python3.11/site-packages/airflow/example_dags/example_setup_teardown.py
[2024-03-04T16:19:36.513+0000] {processor.py:840} INFO - DAG(s) 'example_setup_teardown' retrieved from /home/airflow/.local/lib/python3.11/site-packages/airflow/example_dags/example_setup_teardown.py
[2024-03-04T16:19:36.562+0000] {logging_mixin.py:188} INFO - [2024-03-04T16:19:36.562+0000] {dag.py:3047} INFO - Sync 1 DAGs
[2024-03-04T16:19:36.577+0000] {logging_mixin.py:188} INFO - [2024-03-04T16:19:36.577+0000] {dag.py:3834} INFO - Setting next_dagrun for example_setup_teardown to 2024-03-03 00:00:00+00:00, run_after=2024-03-04 00:00:00+00:00
[2024-03-04T16:19:36.590+0000] {processor.py:183} INFO - Processing /home/airflow/.local/lib/python3.11/site-packages/airflow/example_dags/example_setup_teardown.py took 0.105 seconds
[2024-03-04T16:20:06.840+0000] {processor.py:161} INFO - Started process (PID=3094) to work on /home/airflow/.local/lib/python3.11/site-packages/airflow/example_dags/example_setup_teardown.py
[2024-03-04T16:20:06.841+0000] {processor.py:830} INFO - Processing file /home/airflow/.local/lib/python3.11/site-packages/airflow/example_dags/example_setup_teardown.py for tasks to queue
[2024-03-04T16:20:06.843+0000] {logging_mixin.py:188} INFO - [2024-03-04T16:20:06.842+0000] {dagbag.py:540} INFO - Filling up the DagBag from /home/airflow/.local/lib/python3.11/site-packages/airflow/example_dags/example_setup_teardown.py
[2024-03-04T16:20:06.850+0000] {processor.py:840} INFO - DAG(s) 'example_setup_teardown' retrieved from /home/airflow/.local/lib/python3.11/site-packages/airflow/example_dags/example_setup_teardown.py
[2024-03-04T16:20:06.863+0000] {logging_mixin.py:188} INFO - [2024-03-04T16:20:06.863+0000] {dag.py:3047} INFO - Sync 1 DAGs
[2024-03-04T16:20:06.874+0000] {logging_mixin.py:188} INFO - [2024-03-04T16:20:06.873+0000] {dag.py:3834} INFO - Setting next_dagrun for example_setup_teardown to 2024-03-03 00:00:00+00:00, run_after=2024-03-04 00:00:00+00:00
[2024-03-04T16:20:06.881+0000] {processor.py:183} INFO - Processing /home/airflow/.local/lib/python3.11/site-packages/airflow/example_dags/example_setup_teardown.py took 0.043 seconds
[2024-03-04T16:20:37.280+0000] {processor.py:161} INFO - Started process (PID=3149) to work on /home/airflow/.local/lib/python3.11/site-packages/airflow/example_dags/example_setup_teardown.py
[2024-03-04T16:20:37.281+0000] {processor.py:830} INFO - Processing file /home/airflow/.local/lib/python3.11/site-packages/airflow/example_dags/example_setup_teardown.py for tasks to queue
[2024-03-04T16:20:37.284+0000] {logging_mixin.py:188} INFO - [2024-03-04T16:20:37.284+0000] {dagbag.py:540} INFO - Filling up the DagBag from /home/airflow/.local/lib/python3.11/site-packages/airflow/example_dags/example_setup_teardown.py
[2024-03-04T16:20:37.293+0000] {processor.py:840} INFO - DAG(s) 'example_setup_teardown' retrieved from /home/airflow/.local/lib/python3.11/site-packages/airflow/example_dags/example_setup_teardown.py
[2024-03-04T16:20:37.310+0000] {logging_mixin.py:188} INFO - [2024-03-04T16:20:37.310+0000] {dag.py:3047} INFO - Sync 1 DAGs
[2024-03-04T16:20:37.338+0000] {logging_mixin.py:188} INFO - [2024-03-04T16:20:37.338+0000] {dag.py:3834} INFO - Setting next_dagrun for example_setup_teardown to 2024-03-03 00:00:00+00:00, run_after=2024-03-04 00:00:00+00:00
[2024-03-04T16:20:37.348+0000] {processor.py:183} INFO - Processing /home/airflow/.local/lib/python3.11/site-packages/airflow/example_dags/example_setup_teardown.py took 0.074 seconds
[2024-03-04T16:21:07.515+0000] {processor.py:161} INFO - Started process (PID=3204) to work on /home/airflow/.local/lib/python3.11/site-packages/airflow/example_dags/example_setup_teardown.py
[2024-03-04T16:21:07.519+0000] {processor.py:830} INFO - Processing file /home/airflow/.local/lib/python3.11/site-packages/airflow/example_dags/example_setup_teardown.py for tasks to queue
[2024-03-04T16:21:07.522+0000] {logging_mixin.py:188} INFO - [2024-03-04T16:21:07.521+0000] {dagbag.py:540} INFO - Filling up the DagBag from /home/airflow/.local/lib/python3.11/site-packages/airflow/example_dags/example_setup_teardown.py
[2024-03-04T16:21:07.534+0000] {processor.py:840} INFO - DAG(s) 'example_setup_teardown' retrieved from /home/airflow/.local/lib/python3.11/site-packages/airflow/example_dags/example_setup_teardown.py
[2024-03-04T16:21:07.560+0000] {logging_mixin.py:188} INFO - [2024-03-04T16:21:07.560+0000] {dag.py:3047} INFO - Sync 1 DAGs
[2024-03-04T16:21:07.574+0000] {logging_mixin.py:188} INFO - [2024-03-04T16:21:07.574+0000] {dag.py:3834} INFO - Setting next_dagrun for example_setup_teardown to 2024-03-03 00:00:00+00:00, run_after=2024-03-04 00:00:00+00:00
[2024-03-04T16:21:07.585+0000] {processor.py:183} INFO - Processing /home/airflow/.local/lib/python3.11/site-packages/airflow/example_dags/example_setup_teardown.py took 0.073 seconds
[2024-03-04T16:21:37.765+0000] {processor.py:161} INFO - Started process (PID=3259) to work on /home/airflow/.local/lib/python3.11/site-packages/airflow/example_dags/example_setup_teardown.py
[2024-03-04T16:21:37.766+0000] {processor.py:830} INFO - Processing file /home/airflow/.local/lib/python3.11/site-packages/airflow/example_dags/example_setup_teardown.py for tasks to queue
[2024-03-04T16:21:37.769+0000] {logging_mixin.py:188} INFO - [2024-03-04T16:21:37.769+0000] {dagbag.py:540} INFO - Filling up the DagBag from /home/airflow/.local/lib/python3.11/site-packages/airflow/example_dags/example_setup_teardown.py
[2024-03-04T16:21:37.779+0000] {processor.py:840} INFO - DAG(s) 'example_setup_teardown' retrieved from /home/airflow/.local/lib/python3.11/site-packages/airflow/example_dags/example_setup_teardown.py
[2024-03-04T16:21:37.814+0000] {logging_mixin.py:188} INFO - [2024-03-04T16:21:37.814+0000] {dag.py:3047} INFO - Sync 1 DAGs
[2024-03-04T16:21:37.837+0000] {logging_mixin.py:188} INFO - [2024-03-04T16:21:37.837+0000] {dag.py:3834} INFO - Setting next_dagrun for example_setup_teardown to 2024-03-03 00:00:00+00:00, run_after=2024-03-04 00:00:00+00:00
[2024-03-04T16:21:37.847+0000] {processor.py:183} INFO - Processing /home/airflow/.local/lib/python3.11/site-packages/airflow/example_dags/example_setup_teardown.py took 0.087 seconds
[2024-03-04T16:22:08.112+0000] {processor.py:161} INFO - Started process (PID=3314) to work on /home/airflow/.local/lib/python3.11/site-packages/airflow/example_dags/example_setup_teardown.py
[2024-03-04T16:22:08.115+0000] {processor.py:830} INFO - Processing file /home/airflow/.local/lib/python3.11/site-packages/airflow/example_dags/example_setup_teardown.py for tasks to queue
[2024-03-04T16:22:08.118+0000] {logging_mixin.py:188} INFO - [2024-03-04T16:22:08.118+0000] {dagbag.py:540} INFO - Filling up the DagBag from /home/airflow/.local/lib/python3.11/site-packages/airflow/example_dags/example_setup_teardown.py
[2024-03-04T16:22:08.129+0000] {processor.py:840} INFO - DAG(s) 'example_setup_teardown' retrieved from /home/airflow/.local/lib/python3.11/site-packages/airflow/example_dags/example_setup_teardown.py
[2024-03-04T16:22:08.148+0000] {logging_mixin.py:188} INFO - [2024-03-04T16:22:08.147+0000] {dag.py:3047} INFO - Sync 1 DAGs
[2024-03-04T16:22:08.162+0000] {logging_mixin.py:188} INFO - [2024-03-04T16:22:08.162+0000] {dag.py:3834} INFO - Setting next_dagrun for example_setup_teardown to 2024-03-03 00:00:00+00:00, run_after=2024-03-04 00:00:00+00:00
[2024-03-04T16:22:08.172+0000] {processor.py:183} INFO - Processing /home/airflow/.local/lib/python3.11/site-packages/airflow/example_dags/example_setup_teardown.py took 0.066 seconds
[2024-03-04T16:22:38.367+0000] {processor.py:161} INFO - Started process (PID=3369) to work on /home/airflow/.local/lib/python3.11/site-packages/airflow/example_dags/example_setup_teardown.py
[2024-03-04T16:22:38.369+0000] {processor.py:830} INFO - Processing file /home/airflow/.local/lib/python3.11/site-packages/airflow/example_dags/example_setup_teardown.py for tasks to queue
[2024-03-04T16:22:38.372+0000] {logging_mixin.py:188} INFO - [2024-03-04T16:22:38.372+0000] {dagbag.py:540} INFO - Filling up the DagBag from /home/airflow/.local/lib/python3.11/site-packages/airflow/example_dags/example_setup_teardown.py
[2024-03-04T16:22:38.383+0000] {processor.py:840} INFO - DAG(s) 'example_setup_teardown' retrieved from /home/airflow/.local/lib/python3.11/site-packages/airflow/example_dags/example_setup_teardown.py
[2024-03-04T16:22:38.412+0000] {logging_mixin.py:188} INFO - [2024-03-04T16:22:38.412+0000] {dag.py:3047} INFO - Sync 1 DAGs
[2024-03-04T16:22:38.427+0000] {logging_mixin.py:188} INFO - [2024-03-04T16:22:38.427+0000] {dag.py:3834} INFO - Setting next_dagrun for example_setup_teardown to 2024-03-03 00:00:00+00:00, run_after=2024-03-04 00:00:00+00:00
[2024-03-04T16:22:38.438+0000] {processor.py:183} INFO - Processing /home/airflow/.local/lib/python3.11/site-packages/airflow/example_dags/example_setup_teardown.py took 0.078 seconds
[2024-03-04T16:23:08.613+0000] {processor.py:161} INFO - Started process (PID=3424) to work on /home/airflow/.local/lib/python3.11/site-packages/airflow/example_dags/example_setup_teardown.py
[2024-03-04T16:23:08.615+0000] {processor.py:830} INFO - Processing file /home/airflow/.local/lib/python3.11/site-packages/airflow/example_dags/example_setup_teardown.py for tasks to queue
[2024-03-04T16:23:08.618+0000] {logging_mixin.py:188} INFO - [2024-03-04T16:23:08.618+0000] {dagbag.py:540} INFO - Filling up the DagBag from /home/airflow/.local/lib/python3.11/site-packages/airflow/example_dags/example_setup_teardown.py
[2024-03-04T16:23:08.628+0000] {processor.py:840} INFO - DAG(s) 'example_setup_teardown' retrieved from /home/airflow/.local/lib/python3.11/site-packages/airflow/example_dags/example_setup_teardown.py
[2024-03-04T16:23:08.662+0000] {logging_mixin.py:188} INFO - [2024-03-04T16:23:08.662+0000] {dag.py:3047} INFO - Sync 1 DAGs
[2024-03-04T16:23:08.676+0000] {logging_mixin.py:188} INFO - [2024-03-04T16:23:08.676+0000] {dag.py:3834} INFO - Setting next_dagrun for example_setup_teardown to 2024-03-03 00:00:00+00:00, run_after=2024-03-04 00:00:00+00:00
[2024-03-04T16:23:08.687+0000] {processor.py:183} INFO - Processing /home/airflow/.local/lib/python3.11/site-packages/airflow/example_dags/example_setup_teardown.py took 0.080 seconds
[2024-03-04T16:23:39.282+0000] {processor.py:161} INFO - Started process (PID=3478) to work on /home/airflow/.local/lib/python3.11/site-packages/airflow/example_dags/example_setup_teardown.py
[2024-03-04T16:23:39.284+0000] {processor.py:830} INFO - Processing file /home/airflow/.local/lib/python3.11/site-packages/airflow/example_dags/example_setup_teardown.py for tasks to queue
[2024-03-04T16:23:39.286+0000] {logging_mixin.py:188} INFO - [2024-03-04T16:23:39.286+0000] {dagbag.py:540} INFO - Filling up the DagBag from /home/airflow/.local/lib/python3.11/site-packages/airflow/example_dags/example_setup_teardown.py
[2024-03-04T16:23:39.303+0000] {processor.py:840} INFO - DAG(s) 'example_setup_teardown' retrieved from /home/airflow/.local/lib/python3.11/site-packages/airflow/example_dags/example_setup_teardown.py
[2024-03-04T16:23:39.323+0000] {logging_mixin.py:188} INFO - [2024-03-04T16:23:39.323+0000] {dag.py:3047} INFO - Sync 1 DAGs
[2024-03-04T16:23:39.347+0000] {logging_mixin.py:188} INFO - [2024-03-04T16:23:39.347+0000] {dag.py:3834} INFO - Setting next_dagrun for example_setup_teardown to 2024-03-03 00:00:00+00:00, run_after=2024-03-04 00:00:00+00:00
[2024-03-04T16:23:39.360+0000] {processor.py:183} INFO - Processing /home/airflow/.local/lib/python3.11/site-packages/airflow/example_dags/example_setup_teardown.py took 0.083 seconds
[2024-03-04T16:24:10.144+0000] {processor.py:161} INFO - Started process (PID=3533) to work on /home/airflow/.local/lib/python3.11/site-packages/airflow/example_dags/example_setup_teardown.py
[2024-03-04T16:24:10.147+0000] {processor.py:830} INFO - Processing file /home/airflow/.local/lib/python3.11/site-packages/airflow/example_dags/example_setup_teardown.py for tasks to queue
[2024-03-04T16:24:10.154+0000] {logging_mixin.py:188} INFO - [2024-03-04T16:24:10.153+0000] {dagbag.py:540} INFO - Filling up the DagBag from /home/airflow/.local/lib/python3.11/site-packages/airflow/example_dags/example_setup_teardown.py
[2024-03-04T16:24:10.169+0000] {processor.py:840} INFO - DAG(s) 'example_setup_teardown' retrieved from /home/airflow/.local/lib/python3.11/site-packages/airflow/example_dags/example_setup_teardown.py
[2024-03-04T16:24:10.189+0000] {logging_mixin.py:188} INFO - [2024-03-04T16:24:10.189+0000] {dag.py:3047} INFO - Sync 1 DAGs
[2024-03-04T16:24:10.210+0000] {logging_mixin.py:188} INFO - [2024-03-04T16:24:10.210+0000] {dag.py:3834} INFO - Setting next_dagrun for example_setup_teardown to 2024-03-03 00:00:00+00:00, run_after=2024-03-04 00:00:00+00:00
[2024-03-04T16:24:10.219+0000] {processor.py:183} INFO - Processing /home/airflow/.local/lib/python3.11/site-packages/airflow/example_dags/example_setup_teardown.py took 0.093 seconds
[2024-03-04T16:24:40.954+0000] {processor.py:161} INFO - Started process (PID=3588) to work on /home/airflow/.local/lib/python3.11/site-packages/airflow/example_dags/example_setup_teardown.py
[2024-03-04T16:24:40.961+0000] {processor.py:830} INFO - Processing file /home/airflow/.local/lib/python3.11/site-packages/airflow/example_dags/example_setup_teardown.py for tasks to queue
[2024-03-04T16:24:40.965+0000] {logging_mixin.py:188} INFO - [2024-03-04T16:24:40.964+0000] {dagbag.py:540} INFO - Filling up the DagBag from /home/airflow/.local/lib/python3.11/site-packages/airflow/example_dags/example_setup_teardown.py
[2024-03-04T16:24:40.975+0000] {processor.py:840} INFO - DAG(s) 'example_setup_teardown' retrieved from /home/airflow/.local/lib/python3.11/site-packages/airflow/example_dags/example_setup_teardown.py
[2024-03-04T16:24:40.998+0000] {logging_mixin.py:188} INFO - [2024-03-04T16:24:40.998+0000] {dag.py:3047} INFO - Sync 1 DAGs
[2024-03-04T16:24:41.013+0000] {logging_mixin.py:188} INFO - [2024-03-04T16:24:41.013+0000] {dag.py:3834} INFO - Setting next_dagrun for example_setup_teardown to 2024-03-03 00:00:00+00:00, run_after=2024-03-04 00:00:00+00:00
[2024-03-04T16:24:41.024+0000] {processor.py:183} INFO - Processing /home/airflow/.local/lib/python3.11/site-packages/airflow/example_dags/example_setup_teardown.py took 0.085 seconds
[2024-03-04T16:25:11.155+0000] {processor.py:161} INFO - Started process (PID=3643) to work on /home/airflow/.local/lib/python3.11/site-packages/airflow/example_dags/example_setup_teardown.py
[2024-03-04T16:25:11.158+0000] {processor.py:830} INFO - Processing file /home/airflow/.local/lib/python3.11/site-packages/airflow/example_dags/example_setup_teardown.py for tasks to queue
[2024-03-04T16:25:11.162+0000] {logging_mixin.py:188} INFO - [2024-03-04T16:25:11.162+0000] {dagbag.py:540} INFO - Filling up the DagBag from /home/airflow/.local/lib/python3.11/site-packages/airflow/example_dags/example_setup_teardown.py
[2024-03-04T16:25:11.174+0000] {processor.py:840} INFO - DAG(s) 'example_setup_teardown' retrieved from /home/airflow/.local/lib/python3.11/site-packages/airflow/example_dags/example_setup_teardown.py
[2024-03-04T16:25:11.196+0000] {logging_mixin.py:188} INFO - [2024-03-04T16:25:11.196+0000] {dag.py:3047} INFO - Sync 1 DAGs
[2024-03-04T16:25:11.209+0000] {logging_mixin.py:188} INFO - [2024-03-04T16:25:11.209+0000] {dag.py:3834} INFO - Setting next_dagrun for example_setup_teardown to 2024-03-03 00:00:00+00:00, run_after=2024-03-04 00:00:00+00:00
[2024-03-04T16:25:11.218+0000] {processor.py:183} INFO - Processing /home/airflow/.local/lib/python3.11/site-packages/airflow/example_dags/example_setup_teardown.py took 0.070 seconds
[2024-03-04T16:25:42.128+0000] {processor.py:161} INFO - Started process (PID=3698) to work on /home/airflow/.local/lib/python3.11/site-packages/airflow/example_dags/example_setup_teardown.py
[2024-03-04T16:25:42.131+0000] {processor.py:830} INFO - Processing file /home/airflow/.local/lib/python3.11/site-packages/airflow/example_dags/example_setup_teardown.py for tasks to queue
[2024-03-04T16:25:42.136+0000] {logging_mixin.py:188} INFO - [2024-03-04T16:25:42.135+0000] {dagbag.py:540} INFO - Filling up the DagBag from /home/airflow/.local/lib/python3.11/site-packages/airflow/example_dags/example_setup_teardown.py
[2024-03-04T16:25:42.152+0000] {processor.py:840} INFO - DAG(s) 'example_setup_teardown' retrieved from /home/airflow/.local/lib/python3.11/site-packages/airflow/example_dags/example_setup_teardown.py
[2024-03-04T16:25:42.218+0000] {logging_mixin.py:188} INFO - [2024-03-04T16:25:42.217+0000] {dag.py:3047} INFO - Sync 1 DAGs
[2024-03-04T16:25:42.254+0000] {logging_mixin.py:188} INFO - [2024-03-04T16:25:42.254+0000] {dag.py:3834} INFO - Setting next_dagrun for example_setup_teardown to 2024-03-03 00:00:00+00:00, run_after=2024-03-04 00:00:00+00:00
[2024-03-04T16:25:42.276+0000] {processor.py:183} INFO - Processing /home/airflow/.local/lib/python3.11/site-packages/airflow/example_dags/example_setup_teardown.py took 0.155 seconds
[2024-03-04T16:26:13.204+0000] {processor.py:161} INFO - Started process (PID=3753) to work on /home/airflow/.local/lib/python3.11/site-packages/airflow/example_dags/example_setup_teardown.py
[2024-03-04T16:26:13.205+0000] {processor.py:830} INFO - Processing file /home/airflow/.local/lib/python3.11/site-packages/airflow/example_dags/example_setup_teardown.py for tasks to queue
[2024-03-04T16:26:13.209+0000] {logging_mixin.py:188} INFO - [2024-03-04T16:26:13.208+0000] {dagbag.py:540} INFO - Filling up the DagBag from /home/airflow/.local/lib/python3.11/site-packages/airflow/example_dags/example_setup_teardown.py
[2024-03-04T16:26:13.227+0000] {processor.py:840} INFO - DAG(s) 'example_setup_teardown' retrieved from /home/airflow/.local/lib/python3.11/site-packages/airflow/example_dags/example_setup_teardown.py
[2024-03-04T16:26:13.303+0000] {logging_mixin.py:188} INFO - [2024-03-04T16:26:13.303+0000] {dag.py:3047} INFO - Sync 1 DAGs
[2024-03-04T16:26:13.371+0000] {logging_mixin.py:188} INFO - [2024-03-04T16:26:13.371+0000] {dag.py:3834} INFO - Setting next_dagrun for example_setup_teardown to 2024-03-03 00:00:00+00:00, run_after=2024-03-04 00:00:00+00:00
[2024-03-04T16:26:13.434+0000] {processor.py:183} INFO - Processing /home/airflow/.local/lib/python3.11/site-packages/airflow/example_dags/example_setup_teardown.py took 0.258 seconds
[2024-03-04T16:26:44.121+0000] {processor.py:161} INFO - Started process (PID=3808) to work on /home/airflow/.local/lib/python3.11/site-packages/airflow/example_dags/example_setup_teardown.py
[2024-03-04T16:26:44.123+0000] {processor.py:830} INFO - Processing file /home/airflow/.local/lib/python3.11/site-packages/airflow/example_dags/example_setup_teardown.py for tasks to queue
[2024-03-04T16:26:44.126+0000] {logging_mixin.py:188} INFO - [2024-03-04T16:26:44.125+0000] {dagbag.py:540} INFO - Filling up the DagBag from /home/airflow/.local/lib/python3.11/site-packages/airflow/example_dags/example_setup_teardown.py
[2024-03-04T16:26:44.133+0000] {processor.py:840} INFO - DAG(s) 'example_setup_teardown' retrieved from /home/airflow/.local/lib/python3.11/site-packages/airflow/example_dags/example_setup_teardown.py
[2024-03-04T16:26:44.147+0000] {logging_mixin.py:188} INFO - [2024-03-04T16:26:44.147+0000] {dag.py:3047} INFO - Sync 1 DAGs
[2024-03-04T16:26:44.159+0000] {logging_mixin.py:188} INFO - [2024-03-04T16:26:44.159+0000] {dag.py:3834} INFO - Setting next_dagrun for example_setup_teardown to 2024-03-03 00:00:00+00:00, run_after=2024-03-04 00:00:00+00:00
[2024-03-04T16:26:44.167+0000] {processor.py:183} INFO - Processing /home/airflow/.local/lib/python3.11/site-packages/airflow/example_dags/example_setup_teardown.py took 0.051 seconds
[2024-03-04T16:27:15.032+0000] {processor.py:161} INFO - Started process (PID=3863) to work on /home/airflow/.local/lib/python3.11/site-packages/airflow/example_dags/example_setup_teardown.py
[2024-03-04T16:27:15.034+0000] {processor.py:830} INFO - Processing file /home/airflow/.local/lib/python3.11/site-packages/airflow/example_dags/example_setup_teardown.py for tasks to queue
[2024-03-04T16:27:15.037+0000] {logging_mixin.py:188} INFO - [2024-03-04T16:27:15.036+0000] {dagbag.py:540} INFO - Filling up the DagBag from /home/airflow/.local/lib/python3.11/site-packages/airflow/example_dags/example_setup_teardown.py
[2024-03-04T16:27:15.045+0000] {processor.py:840} INFO - DAG(s) 'example_setup_teardown' retrieved from /home/airflow/.local/lib/python3.11/site-packages/airflow/example_dags/example_setup_teardown.py
[2024-03-04T16:27:15.062+0000] {logging_mixin.py:188} INFO - [2024-03-04T16:27:15.062+0000] {dag.py:3047} INFO - Sync 1 DAGs
[2024-03-04T16:27:15.074+0000] {logging_mixin.py:188} INFO - [2024-03-04T16:27:15.074+0000] {dag.py:3834} INFO - Setting next_dagrun for example_setup_teardown to 2024-03-03 00:00:00+00:00, run_after=2024-03-04 00:00:00+00:00
[2024-03-04T16:27:15.082+0000] {processor.py:183} INFO - Processing /home/airflow/.local/lib/python3.11/site-packages/airflow/example_dags/example_setup_teardown.py took 0.056 seconds
[2024-03-04T16:27:45.320+0000] {processor.py:161} INFO - Started process (PID=3918) to work on /home/airflow/.local/lib/python3.11/site-packages/airflow/example_dags/example_setup_teardown.py
[2024-03-04T16:27:45.326+0000] {processor.py:830} INFO - Processing file /home/airflow/.local/lib/python3.11/site-packages/airflow/example_dags/example_setup_teardown.py for tasks to queue
[2024-03-04T16:27:45.331+0000] {logging_mixin.py:188} INFO - [2024-03-04T16:27:45.330+0000] {dagbag.py:540} INFO - Filling up the DagBag from /home/airflow/.local/lib/python3.11/site-packages/airflow/example_dags/example_setup_teardown.py
[2024-03-04T16:27:45.337+0000] {processor.py:840} INFO - DAG(s) 'example_setup_teardown' retrieved from /home/airflow/.local/lib/python3.11/site-packages/airflow/example_dags/example_setup_teardown.py
[2024-03-04T16:27:45.353+0000] {logging_mixin.py:188} INFO - [2024-03-04T16:27:45.353+0000] {dag.py:3047} INFO - Sync 1 DAGs
[2024-03-04T16:27:45.367+0000] {logging_mixin.py:188} INFO - [2024-03-04T16:27:45.367+0000] {dag.py:3834} INFO - Setting next_dagrun for example_setup_teardown to 2024-03-03 00:00:00+00:00, run_after=2024-03-04 00:00:00+00:00
[2024-03-04T16:27:45.379+0000] {processor.py:183} INFO - Processing /home/airflow/.local/lib/python3.11/site-packages/airflow/example_dags/example_setup_teardown.py took 0.063 seconds
[2024-03-04T16:28:15.686+0000] {processor.py:161} INFO - Started process (PID=3973) to work on /home/airflow/.local/lib/python3.11/site-packages/airflow/example_dags/example_setup_teardown.py
[2024-03-04T16:28:15.688+0000] {processor.py:830} INFO - Processing file /home/airflow/.local/lib/python3.11/site-packages/airflow/example_dags/example_setup_teardown.py for tasks to queue
[2024-03-04T16:28:15.689+0000] {logging_mixin.py:188} INFO - [2024-03-04T16:28:15.689+0000] {dagbag.py:540} INFO - Filling up the DagBag from /home/airflow/.local/lib/python3.11/site-packages/airflow/example_dags/example_setup_teardown.py
[2024-03-04T16:28:15.693+0000] {processor.py:840} INFO - DAG(s) 'example_setup_teardown' retrieved from /home/airflow/.local/lib/python3.11/site-packages/airflow/example_dags/example_setup_teardown.py
[2024-03-04T16:28:15.704+0000] {logging_mixin.py:188} INFO - [2024-03-04T16:28:15.704+0000] {dag.py:3047} INFO - Sync 1 DAGs
[2024-03-04T16:28:15.713+0000] {logging_mixin.py:188} INFO - [2024-03-04T16:28:15.713+0000] {dag.py:3834} INFO - Setting next_dagrun for example_setup_teardown to 2024-03-03 00:00:00+00:00, run_after=2024-03-04 00:00:00+00:00
[2024-03-04T16:28:15.720+0000] {processor.py:183} INFO - Processing /home/airflow/.local/lib/python3.11/site-packages/airflow/example_dags/example_setup_teardown.py took 0.038 seconds
