[2024-03-04T15:51:56.758+0000] {processor.py:161} INFO - Started process (PID=53) to work on /home/airflow/.local/lib/python3.11/site-packages/airflow/example_dags/example_python_operator.py
[2024-03-04T15:51:56.760+0000] {processor.py:830} INFO - Processing file /home/airflow/.local/lib/python3.11/site-packages/airflow/example_dags/example_python_operator.py for tasks to queue
[2024-03-04T15:51:56.767+0000] {logging_mixin.py:188} INFO - [2024-03-04T15:51:56.766+0000] {dagbag.py:540} INFO - Filling up the DagBag from /home/airflow/.local/lib/python3.11/site-packages/airflow/example_dags/example_python_operator.py
[2024-03-04T15:51:56.802+0000] {processor.py:840} INFO - DAG(s) 'example_python_operator' retrieved from /home/airflow/.local/lib/python3.11/site-packages/airflow/example_dags/example_python_operator.py
[2024-03-04T15:51:56.938+0000] {logging_mixin.py:188} INFO - [2024-03-04T15:51:56.935+0000] {override.py:1769} INFO - Created Permission View: can read on DAG:example_python_operator
[2024-03-04T15:51:56.949+0000] {logging_mixin.py:188} INFO - [2024-03-04T15:51:56.949+0000] {override.py:1769} INFO - Created Permission View: can delete on DAG:example_python_operator
[2024-03-04T15:51:56.952+0000] {logging_mixin.py:188} INFO - [2024-03-04T15:51:56.952+0000] {override.py:1769} INFO - Created Permission View: can edit on DAG:example_python_operator
[2024-03-04T15:51:56.953+0000] {logging_mixin.py:188} INFO - [2024-03-04T15:51:56.953+0000] {dag.py:3047} INFO - Sync 1 DAGs
[2024-03-04T15:51:56.962+0000] {logging_mixin.py:188} INFO - [2024-03-04T15:51:56.962+0000] {dag.py:3069} INFO - Creating ORM DAG for example_python_operator
[2024-03-04T15:51:56.963+0000] {logging_mixin.py:188} INFO - [2024-03-04T15:51:56.963+0000] {dag.py:3834} INFO - Setting next_dagrun for example_python_operator to None, run_after=None
[2024-03-04T15:51:56.983+0000] {processor.py:183} INFO - Processing /home/airflow/.local/lib/python3.11/site-packages/airflow/example_dags/example_python_operator.py took 0.232 seconds
[2024-03-04T15:52:28.045+0000] {processor.py:161} INFO - Started process (PID=108) to work on /home/airflow/.local/lib/python3.11/site-packages/airflow/example_dags/example_python_operator.py
[2024-03-04T15:52:28.046+0000] {processor.py:830} INFO - Processing file /home/airflow/.local/lib/python3.11/site-packages/airflow/example_dags/example_python_operator.py for tasks to queue
[2024-03-04T15:52:28.048+0000] {logging_mixin.py:188} INFO - [2024-03-04T15:52:28.048+0000] {dagbag.py:540} INFO - Filling up the DagBag from /home/airflow/.local/lib/python3.11/site-packages/airflow/example_dags/example_python_operator.py
[2024-03-04T15:52:28.060+0000] {processor.py:840} INFO - DAG(s) 'example_python_operator' retrieved from /home/airflow/.local/lib/python3.11/site-packages/airflow/example_dags/example_python_operator.py
[2024-03-04T15:52:28.078+0000] {logging_mixin.py:188} INFO - [2024-03-04T15:52:28.078+0000] {dag.py:3047} INFO - Sync 1 DAGs
[2024-03-04T15:52:28.086+0000] {logging_mixin.py:188} INFO - [2024-03-04T15:52:28.086+0000] {dag.py:3834} INFO - Setting next_dagrun for example_python_operator to None, run_after=None
[2024-03-04T15:52:28.095+0000] {processor.py:183} INFO - Processing /home/airflow/.local/lib/python3.11/site-packages/airflow/example_dags/example_python_operator.py took 0.054 seconds
[2024-03-04T15:52:58.856+0000] {processor.py:161} INFO - Started process (PID=163) to work on /home/airflow/.local/lib/python3.11/site-packages/airflow/example_dags/example_python_operator.py
[2024-03-04T15:52:58.857+0000] {processor.py:830} INFO - Processing file /home/airflow/.local/lib/python3.11/site-packages/airflow/example_dags/example_python_operator.py for tasks to queue
[2024-03-04T15:52:58.858+0000] {logging_mixin.py:188} INFO - [2024-03-04T15:52:58.858+0000] {dagbag.py:540} INFO - Filling up the DagBag from /home/airflow/.local/lib/python3.11/site-packages/airflow/example_dags/example_python_operator.py
[2024-03-04T15:52:58.867+0000] {processor.py:840} INFO - DAG(s) 'example_python_operator' retrieved from /home/airflow/.local/lib/python3.11/site-packages/airflow/example_dags/example_python_operator.py
[2024-03-04T15:52:58.880+0000] {logging_mixin.py:188} INFO - [2024-03-04T15:52:58.879+0000] {dag.py:3047} INFO - Sync 1 DAGs
[2024-03-04T15:52:58.885+0000] {logging_mixin.py:188} INFO - [2024-03-04T15:52:58.885+0000] {dag.py:3834} INFO - Setting next_dagrun for example_python_operator to None, run_after=None
[2024-03-04T15:52:58.893+0000] {processor.py:183} INFO - Processing /home/airflow/.local/lib/python3.11/site-packages/airflow/example_dags/example_python_operator.py took 0.040 seconds
[2024-03-04T15:53:29.252+0000] {processor.py:161} INFO - Started process (PID=218) to work on /home/airflow/.local/lib/python3.11/site-packages/airflow/example_dags/example_python_operator.py
[2024-03-04T15:53:29.253+0000] {processor.py:830} INFO - Processing file /home/airflow/.local/lib/python3.11/site-packages/airflow/example_dags/example_python_operator.py for tasks to queue
[2024-03-04T15:53:29.254+0000] {logging_mixin.py:188} INFO - [2024-03-04T15:53:29.254+0000] {dagbag.py:540} INFO - Filling up the DagBag from /home/airflow/.local/lib/python3.11/site-packages/airflow/example_dags/example_python_operator.py
[2024-03-04T15:53:29.263+0000] {processor.py:840} INFO - DAG(s) 'example_python_operator' retrieved from /home/airflow/.local/lib/python3.11/site-packages/airflow/example_dags/example_python_operator.py
[2024-03-04T15:53:29.276+0000] {logging_mixin.py:188} INFO - [2024-03-04T15:53:29.276+0000] {dag.py:3047} INFO - Sync 1 DAGs
[2024-03-04T15:53:29.282+0000] {logging_mixin.py:188} INFO - [2024-03-04T15:53:29.281+0000] {dag.py:3834} INFO - Setting next_dagrun for example_python_operator to None, run_after=None
[2024-03-04T15:53:29.290+0000] {processor.py:183} INFO - Processing /home/airflow/.local/lib/python3.11/site-packages/airflow/example_dags/example_python_operator.py took 0.041 seconds
[2024-03-04T15:54:00.198+0000] {processor.py:161} INFO - Started process (PID=273) to work on /home/airflow/.local/lib/python3.11/site-packages/airflow/example_dags/example_python_operator.py
[2024-03-04T15:54:00.200+0000] {processor.py:830} INFO - Processing file /home/airflow/.local/lib/python3.11/site-packages/airflow/example_dags/example_python_operator.py for tasks to queue
[2024-03-04T15:54:00.203+0000] {logging_mixin.py:188} INFO - [2024-03-04T15:54:00.202+0000] {dagbag.py:540} INFO - Filling up the DagBag from /home/airflow/.local/lib/python3.11/site-packages/airflow/example_dags/example_python_operator.py
[2024-03-04T15:54:00.217+0000] {processor.py:840} INFO - DAG(s) 'example_python_operator' retrieved from /home/airflow/.local/lib/python3.11/site-packages/airflow/example_dags/example_python_operator.py
[2024-03-04T15:54:00.232+0000] {logging_mixin.py:188} INFO - [2024-03-04T15:54:00.232+0000] {dag.py:3047} INFO - Sync 1 DAGs
[2024-03-04T15:54:00.240+0000] {logging_mixin.py:188} INFO - [2024-03-04T15:54:00.240+0000] {dag.py:3834} INFO - Setting next_dagrun for example_python_operator to None, run_after=None
[2024-03-04T15:54:00.247+0000] {processor.py:183} INFO - Processing /home/airflow/.local/lib/python3.11/site-packages/airflow/example_dags/example_python_operator.py took 0.053 seconds
[2024-03-04T15:54:30.931+0000] {processor.py:161} INFO - Started process (PID=328) to work on /home/airflow/.local/lib/python3.11/site-packages/airflow/example_dags/example_python_operator.py
[2024-03-04T15:54:30.932+0000] {processor.py:830} INFO - Processing file /home/airflow/.local/lib/python3.11/site-packages/airflow/example_dags/example_python_operator.py for tasks to queue
[2024-03-04T15:54:30.934+0000] {logging_mixin.py:188} INFO - [2024-03-04T15:54:30.933+0000] {dagbag.py:540} INFO - Filling up the DagBag from /home/airflow/.local/lib/python3.11/site-packages/airflow/example_dags/example_python_operator.py
[2024-03-04T15:54:30.943+0000] {processor.py:840} INFO - DAG(s) 'example_python_operator' retrieved from /home/airflow/.local/lib/python3.11/site-packages/airflow/example_dags/example_python_operator.py
[2024-03-04T15:54:30.956+0000] {logging_mixin.py:188} INFO - [2024-03-04T15:54:30.956+0000] {dag.py:3047} INFO - Sync 1 DAGs
[2024-03-04T15:54:30.963+0000] {logging_mixin.py:188} INFO - [2024-03-04T15:54:30.962+0000] {dag.py:3834} INFO - Setting next_dagrun for example_python_operator to None, run_after=None
[2024-03-04T15:54:30.971+0000] {processor.py:183} INFO - Processing /home/airflow/.local/lib/python3.11/site-packages/airflow/example_dags/example_python_operator.py took 0.043 seconds
[2024-03-04T15:55:01.660+0000] {processor.py:161} INFO - Started process (PID=383) to work on /home/airflow/.local/lib/python3.11/site-packages/airflow/example_dags/example_python_operator.py
[2024-03-04T15:55:01.661+0000] {processor.py:830} INFO - Processing file /home/airflow/.local/lib/python3.11/site-packages/airflow/example_dags/example_python_operator.py for tasks to queue
[2024-03-04T15:55:01.663+0000] {logging_mixin.py:188} INFO - [2024-03-04T15:55:01.662+0000] {dagbag.py:540} INFO - Filling up the DagBag from /home/airflow/.local/lib/python3.11/site-packages/airflow/example_dags/example_python_operator.py
[2024-03-04T15:55:01.676+0000] {processor.py:840} INFO - DAG(s) 'example_python_operator' retrieved from /home/airflow/.local/lib/python3.11/site-packages/airflow/example_dags/example_python_operator.py
[2024-03-04T15:55:01.693+0000] {logging_mixin.py:188} INFO - [2024-03-04T15:55:01.693+0000] {dag.py:3047} INFO - Sync 1 DAGs
[2024-03-04T15:55:01.701+0000] {logging_mixin.py:188} INFO - [2024-03-04T15:55:01.701+0000] {dag.py:3834} INFO - Setting next_dagrun for example_python_operator to None, run_after=None
[2024-03-04T15:55:01.710+0000] {processor.py:183} INFO - Processing /home/airflow/.local/lib/python3.11/site-packages/airflow/example_dags/example_python_operator.py took 0.063 seconds
[2024-03-04T15:55:32.398+0000] {processor.py:161} INFO - Started process (PID=438) to work on /home/airflow/.local/lib/python3.11/site-packages/airflow/example_dags/example_python_operator.py
[2024-03-04T15:55:32.399+0000] {processor.py:830} INFO - Processing file /home/airflow/.local/lib/python3.11/site-packages/airflow/example_dags/example_python_operator.py for tasks to queue
[2024-03-04T15:55:32.400+0000] {logging_mixin.py:188} INFO - [2024-03-04T15:55:32.400+0000] {dagbag.py:540} INFO - Filling up the DagBag from /home/airflow/.local/lib/python3.11/site-packages/airflow/example_dags/example_python_operator.py
[2024-03-04T15:55:32.411+0000] {processor.py:840} INFO - DAG(s) 'example_python_operator' retrieved from /home/airflow/.local/lib/python3.11/site-packages/airflow/example_dags/example_python_operator.py
[2024-03-04T15:55:32.424+0000] {logging_mixin.py:188} INFO - [2024-03-04T15:55:32.424+0000] {dag.py:3047} INFO - Sync 1 DAGs
[2024-03-04T15:55:32.431+0000] {logging_mixin.py:188} INFO - [2024-03-04T15:55:32.431+0000] {dag.py:3834} INFO - Setting next_dagrun for example_python_operator to None, run_after=None
[2024-03-04T15:55:32.439+0000] {processor.py:183} INFO - Processing /home/airflow/.local/lib/python3.11/site-packages/airflow/example_dags/example_python_operator.py took 0.045 seconds
[2024-03-04T15:56:03.179+0000] {processor.py:161} INFO - Started process (PID=493) to work on /home/airflow/.local/lib/python3.11/site-packages/airflow/example_dags/example_python_operator.py
[2024-03-04T15:56:03.180+0000] {processor.py:830} INFO - Processing file /home/airflow/.local/lib/python3.11/site-packages/airflow/example_dags/example_python_operator.py for tasks to queue
[2024-03-04T15:56:03.181+0000] {logging_mixin.py:188} INFO - [2024-03-04T15:56:03.181+0000] {dagbag.py:540} INFO - Filling up the DagBag from /home/airflow/.local/lib/python3.11/site-packages/airflow/example_dags/example_python_operator.py
[2024-03-04T15:56:03.191+0000] {processor.py:840} INFO - DAG(s) 'example_python_operator' retrieved from /home/airflow/.local/lib/python3.11/site-packages/airflow/example_dags/example_python_operator.py
[2024-03-04T15:56:03.203+0000] {logging_mixin.py:188} INFO - [2024-03-04T15:56:03.203+0000] {dag.py:3047} INFO - Sync 1 DAGs
[2024-03-04T15:56:03.209+0000] {logging_mixin.py:188} INFO - [2024-03-04T15:56:03.209+0000] {dag.py:3834} INFO - Setting next_dagrun for example_python_operator to None, run_after=None
[2024-03-04T15:56:03.218+0000] {processor.py:183} INFO - Processing /home/airflow/.local/lib/python3.11/site-packages/airflow/example_dags/example_python_operator.py took 0.042 seconds
[2024-03-04T15:56:33.862+0000] {processor.py:161} INFO - Started process (PID=548) to work on /home/airflow/.local/lib/python3.11/site-packages/airflow/example_dags/example_python_operator.py
[2024-03-04T15:56:33.863+0000] {processor.py:830} INFO - Processing file /home/airflow/.local/lib/python3.11/site-packages/airflow/example_dags/example_python_operator.py for tasks to queue
[2024-03-04T15:56:33.865+0000] {logging_mixin.py:188} INFO - [2024-03-04T15:56:33.865+0000] {dagbag.py:540} INFO - Filling up the DagBag from /home/airflow/.local/lib/python3.11/site-packages/airflow/example_dags/example_python_operator.py
[2024-03-04T15:56:33.876+0000] {processor.py:840} INFO - DAG(s) 'example_python_operator' retrieved from /home/airflow/.local/lib/python3.11/site-packages/airflow/example_dags/example_python_operator.py
[2024-03-04T15:56:33.890+0000] {logging_mixin.py:188} INFO - [2024-03-04T15:56:33.890+0000] {dag.py:3047} INFO - Sync 1 DAGs
[2024-03-04T15:56:33.897+0000] {logging_mixin.py:188} INFO - [2024-03-04T15:56:33.897+0000] {dag.py:3834} INFO - Setting next_dagrun for example_python_operator to None, run_after=None
[2024-03-04T15:56:33.905+0000] {processor.py:183} INFO - Processing /home/airflow/.local/lib/python3.11/site-packages/airflow/example_dags/example_python_operator.py took 0.048 seconds
[2024-03-04T15:57:04.611+0000] {processor.py:161} INFO - Started process (PID=603) to work on /home/airflow/.local/lib/python3.11/site-packages/airflow/example_dags/example_python_operator.py
[2024-03-04T15:57:04.612+0000] {processor.py:830} INFO - Processing file /home/airflow/.local/lib/python3.11/site-packages/airflow/example_dags/example_python_operator.py for tasks to queue
[2024-03-04T15:57:04.613+0000] {logging_mixin.py:188} INFO - [2024-03-04T15:57:04.613+0000] {dagbag.py:540} INFO - Filling up the DagBag from /home/airflow/.local/lib/python3.11/site-packages/airflow/example_dags/example_python_operator.py
[2024-03-04T15:57:04.622+0000] {processor.py:840} INFO - DAG(s) 'example_python_operator' retrieved from /home/airflow/.local/lib/python3.11/site-packages/airflow/example_dags/example_python_operator.py
[2024-03-04T15:57:04.635+0000] {logging_mixin.py:188} INFO - [2024-03-04T15:57:04.634+0000] {dag.py:3047} INFO - Sync 1 DAGs
[2024-03-04T15:57:04.641+0000] {logging_mixin.py:188} INFO - [2024-03-04T15:57:04.640+0000] {dag.py:3834} INFO - Setting next_dagrun for example_python_operator to None, run_after=None
[2024-03-04T15:57:04.649+0000] {processor.py:183} INFO - Processing /home/airflow/.local/lib/python3.11/site-packages/airflow/example_dags/example_python_operator.py took 0.042 seconds
[2024-03-04T15:57:35.297+0000] {processor.py:161} INFO - Started process (PID=658) to work on /home/airflow/.local/lib/python3.11/site-packages/airflow/example_dags/example_python_operator.py
[2024-03-04T15:57:35.299+0000] {processor.py:830} INFO - Processing file /home/airflow/.local/lib/python3.11/site-packages/airflow/example_dags/example_python_operator.py for tasks to queue
[2024-03-04T15:57:35.307+0000] {logging_mixin.py:188} INFO - [2024-03-04T15:57:35.306+0000] {dagbag.py:540} INFO - Filling up the DagBag from /home/airflow/.local/lib/python3.11/site-packages/airflow/example_dags/example_python_operator.py
[2024-03-04T15:57:35.324+0000] {processor.py:840} INFO - DAG(s) 'example_python_operator' retrieved from /home/airflow/.local/lib/python3.11/site-packages/airflow/example_dags/example_python_operator.py
[2024-03-04T15:57:35.361+0000] {logging_mixin.py:188} INFO - [2024-03-04T15:57:35.360+0000] {dag.py:3047} INFO - Sync 1 DAGs
[2024-03-04T15:57:35.380+0000] {logging_mixin.py:188} INFO - [2024-03-04T15:57:35.380+0000] {dag.py:3834} INFO - Setting next_dagrun for example_python_operator to None, run_after=None
[2024-03-04T15:57:35.392+0000] {processor.py:183} INFO - Processing /home/airflow/.local/lib/python3.11/site-packages/airflow/example_dags/example_python_operator.py took 0.102 seconds
[2024-03-04T15:58:06.047+0000] {processor.py:161} INFO - Started process (PID=713) to work on /home/airflow/.local/lib/python3.11/site-packages/airflow/example_dags/example_python_operator.py
[2024-03-04T15:58:06.049+0000] {processor.py:830} INFO - Processing file /home/airflow/.local/lib/python3.11/site-packages/airflow/example_dags/example_python_operator.py for tasks to queue
[2024-03-04T15:58:06.052+0000] {logging_mixin.py:188} INFO - [2024-03-04T15:58:06.052+0000] {dagbag.py:540} INFO - Filling up the DagBag from /home/airflow/.local/lib/python3.11/site-packages/airflow/example_dags/example_python_operator.py
[2024-03-04T15:58:06.068+0000] {processor.py:840} INFO - DAG(s) 'example_python_operator' retrieved from /home/airflow/.local/lib/python3.11/site-packages/airflow/example_dags/example_python_operator.py
[2024-03-04T15:58:06.084+0000] {logging_mixin.py:188} INFO - [2024-03-04T15:58:06.084+0000] {dag.py:3047} INFO - Sync 1 DAGs
[2024-03-04T15:58:06.091+0000] {logging_mixin.py:188} INFO - [2024-03-04T15:58:06.091+0000] {dag.py:3834} INFO - Setting next_dagrun for example_python_operator to None, run_after=None
[2024-03-04T15:58:06.099+0000] {processor.py:183} INFO - Processing /home/airflow/.local/lib/python3.11/site-packages/airflow/example_dags/example_python_operator.py took 0.059 seconds
[2024-03-04T15:58:36.860+0000] {processor.py:161} INFO - Started process (PID=768) to work on /home/airflow/.local/lib/python3.11/site-packages/airflow/example_dags/example_python_operator.py
[2024-03-04T15:58:36.861+0000] {processor.py:830} INFO - Processing file /home/airflow/.local/lib/python3.11/site-packages/airflow/example_dags/example_python_operator.py for tasks to queue
[2024-03-04T15:58:36.863+0000] {logging_mixin.py:188} INFO - [2024-03-04T15:58:36.862+0000] {dagbag.py:540} INFO - Filling up the DagBag from /home/airflow/.local/lib/python3.11/site-packages/airflow/example_dags/example_python_operator.py
[2024-03-04T15:58:36.873+0000] {processor.py:840} INFO - DAG(s) 'example_python_operator' retrieved from /home/airflow/.local/lib/python3.11/site-packages/airflow/example_dags/example_python_operator.py
[2024-03-04T15:58:36.886+0000] {logging_mixin.py:188} INFO - [2024-03-04T15:58:36.885+0000] {dag.py:3047} INFO - Sync 1 DAGs
[2024-03-04T15:58:36.892+0000] {logging_mixin.py:188} INFO - [2024-03-04T15:58:36.892+0000] {dag.py:3834} INFO - Setting next_dagrun for example_python_operator to None, run_after=None
[2024-03-04T15:58:36.902+0000] {processor.py:183} INFO - Processing /home/airflow/.local/lib/python3.11/site-packages/airflow/example_dags/example_python_operator.py took 0.046 seconds
[2024-03-04T15:59:07.452+0000] {processor.py:161} INFO - Started process (PID=823) to work on /home/airflow/.local/lib/python3.11/site-packages/airflow/example_dags/example_python_operator.py
[2024-03-04T15:59:07.453+0000] {processor.py:830} INFO - Processing file /home/airflow/.local/lib/python3.11/site-packages/airflow/example_dags/example_python_operator.py for tasks to queue
[2024-03-04T15:59:07.456+0000] {logging_mixin.py:188} INFO - [2024-03-04T15:59:07.456+0000] {dagbag.py:540} INFO - Filling up the DagBag from /home/airflow/.local/lib/python3.11/site-packages/airflow/example_dags/example_python_operator.py
[2024-03-04T15:59:07.467+0000] {processor.py:840} INFO - DAG(s) 'example_python_operator' retrieved from /home/airflow/.local/lib/python3.11/site-packages/airflow/example_dags/example_python_operator.py
[2024-03-04T15:59:07.479+0000] {logging_mixin.py:188} INFO - [2024-03-04T15:59:07.479+0000] {dag.py:3047} INFO - Sync 1 DAGs
[2024-03-04T15:59:07.485+0000] {logging_mixin.py:188} INFO - [2024-03-04T15:59:07.485+0000] {dag.py:3834} INFO - Setting next_dagrun for example_python_operator to None, run_after=None
[2024-03-04T15:59:07.493+0000] {processor.py:183} INFO - Processing /home/airflow/.local/lib/python3.11/site-packages/airflow/example_dags/example_python_operator.py took 0.045 seconds
[2024-03-04T15:59:38.005+0000] {processor.py:161} INFO - Started process (PID=878) to work on /home/airflow/.local/lib/python3.11/site-packages/airflow/example_dags/example_python_operator.py
[2024-03-04T15:59:38.006+0000] {processor.py:830} INFO - Processing file /home/airflow/.local/lib/python3.11/site-packages/airflow/example_dags/example_python_operator.py for tasks to queue
[2024-03-04T15:59:38.008+0000] {logging_mixin.py:188} INFO - [2024-03-04T15:59:38.007+0000] {dagbag.py:540} INFO - Filling up the DagBag from /home/airflow/.local/lib/python3.11/site-packages/airflow/example_dags/example_python_operator.py
[2024-03-04T15:59:38.016+0000] {processor.py:840} INFO - DAG(s) 'example_python_operator' retrieved from /home/airflow/.local/lib/python3.11/site-packages/airflow/example_dags/example_python_operator.py
[2024-03-04T15:59:38.030+0000] {logging_mixin.py:188} INFO - [2024-03-04T15:59:38.030+0000] {dag.py:3047} INFO - Sync 1 DAGs
[2024-03-04T15:59:38.040+0000] {logging_mixin.py:188} INFO - [2024-03-04T15:59:38.040+0000] {dag.py:3834} INFO - Setting next_dagrun for example_python_operator to None, run_after=None
[2024-03-04T15:59:38.052+0000] {processor.py:183} INFO - Processing /home/airflow/.local/lib/python3.11/site-packages/airflow/example_dags/example_python_operator.py took 0.051 seconds
[2024-03-04T16:00:08.718+0000] {processor.py:161} INFO - Started process (PID=933) to work on /home/airflow/.local/lib/python3.11/site-packages/airflow/example_dags/example_python_operator.py
[2024-03-04T16:00:08.720+0000] {processor.py:830} INFO - Processing file /home/airflow/.local/lib/python3.11/site-packages/airflow/example_dags/example_python_operator.py for tasks to queue
[2024-03-04T16:00:08.724+0000] {logging_mixin.py:188} INFO - [2024-03-04T16:00:08.724+0000] {dagbag.py:540} INFO - Filling up the DagBag from /home/airflow/.local/lib/python3.11/site-packages/airflow/example_dags/example_python_operator.py
[2024-03-04T16:00:08.743+0000] {processor.py:840} INFO - DAG(s) 'example_python_operator' retrieved from /home/airflow/.local/lib/python3.11/site-packages/airflow/example_dags/example_python_operator.py
[2024-03-04T16:00:08.764+0000] {logging_mixin.py:188} INFO - [2024-03-04T16:00:08.764+0000] {dag.py:3047} INFO - Sync 1 DAGs
[2024-03-04T16:00:08.771+0000] {logging_mixin.py:188} INFO - [2024-03-04T16:00:08.771+0000] {dag.py:3834} INFO - Setting next_dagrun for example_python_operator to None, run_after=None
[2024-03-04T16:00:08.781+0000] {processor.py:183} INFO - Processing /home/airflow/.local/lib/python3.11/site-packages/airflow/example_dags/example_python_operator.py took 0.066 seconds
[2024-03-04T16:00:39.526+0000] {processor.py:161} INFO - Started process (PID=987) to work on /home/airflow/.local/lib/python3.11/site-packages/airflow/example_dags/example_python_operator.py
[2024-03-04T16:00:39.527+0000] {processor.py:830} INFO - Processing file /home/airflow/.local/lib/python3.11/site-packages/airflow/example_dags/example_python_operator.py for tasks to queue
[2024-03-04T16:00:39.529+0000] {logging_mixin.py:188} INFO - [2024-03-04T16:00:39.529+0000] {dagbag.py:540} INFO - Filling up the DagBag from /home/airflow/.local/lib/python3.11/site-packages/airflow/example_dags/example_python_operator.py
[2024-03-04T16:00:39.540+0000] {processor.py:840} INFO - DAG(s) 'example_python_operator' retrieved from /home/airflow/.local/lib/python3.11/site-packages/airflow/example_dags/example_python_operator.py
[2024-03-04T16:00:39.559+0000] {logging_mixin.py:188} INFO - [2024-03-04T16:00:39.559+0000] {dag.py:3047} INFO - Sync 1 DAGs
[2024-03-04T16:00:39.567+0000] {logging_mixin.py:188} INFO - [2024-03-04T16:00:39.567+0000] {dag.py:3834} INFO - Setting next_dagrun for example_python_operator to None, run_after=None
[2024-03-04T16:00:39.576+0000] {processor.py:183} INFO - Processing /home/airflow/.local/lib/python3.11/site-packages/airflow/example_dags/example_python_operator.py took 0.054 seconds
[2024-03-04T16:01:10.295+0000] {processor.py:161} INFO - Started process (PID=1042) to work on /home/airflow/.local/lib/python3.11/site-packages/airflow/example_dags/example_python_operator.py
[2024-03-04T16:01:10.297+0000] {processor.py:830} INFO - Processing file /home/airflow/.local/lib/python3.11/site-packages/airflow/example_dags/example_python_operator.py for tasks to queue
[2024-03-04T16:01:10.299+0000] {logging_mixin.py:188} INFO - [2024-03-04T16:01:10.298+0000] {dagbag.py:540} INFO - Filling up the DagBag from /home/airflow/.local/lib/python3.11/site-packages/airflow/example_dags/example_python_operator.py
[2024-03-04T16:01:10.309+0000] {processor.py:840} INFO - DAG(s) 'example_python_operator' retrieved from /home/airflow/.local/lib/python3.11/site-packages/airflow/example_dags/example_python_operator.py
[2024-03-04T16:01:10.329+0000] {logging_mixin.py:188} INFO - [2024-03-04T16:01:10.328+0000] {dag.py:3047} INFO - Sync 1 DAGs
[2024-03-04T16:01:10.337+0000] {logging_mixin.py:188} INFO - [2024-03-04T16:01:10.337+0000] {dag.py:3834} INFO - Setting next_dagrun for example_python_operator to None, run_after=None
[2024-03-04T16:01:10.347+0000] {processor.py:183} INFO - Processing /home/airflow/.local/lib/python3.11/site-packages/airflow/example_dags/example_python_operator.py took 0.055 seconds
[2024-03-04T16:01:41.109+0000] {processor.py:161} INFO - Started process (PID=1097) to work on /home/airflow/.local/lib/python3.11/site-packages/airflow/example_dags/example_python_operator.py
[2024-03-04T16:01:41.111+0000] {processor.py:830} INFO - Processing file /home/airflow/.local/lib/python3.11/site-packages/airflow/example_dags/example_python_operator.py for tasks to queue
[2024-03-04T16:01:41.112+0000] {logging_mixin.py:188} INFO - [2024-03-04T16:01:41.112+0000] {dagbag.py:540} INFO - Filling up the DagBag from /home/airflow/.local/lib/python3.11/site-packages/airflow/example_dags/example_python_operator.py
[2024-03-04T16:01:41.121+0000] {processor.py:840} INFO - DAG(s) 'example_python_operator' retrieved from /home/airflow/.local/lib/python3.11/site-packages/airflow/example_dags/example_python_operator.py
[2024-03-04T16:01:41.133+0000] {logging_mixin.py:188} INFO - [2024-03-04T16:01:41.133+0000] {dag.py:3047} INFO - Sync 1 DAGs
[2024-03-04T16:01:41.139+0000] {logging_mixin.py:188} INFO - [2024-03-04T16:01:41.139+0000] {dag.py:3834} INFO - Setting next_dagrun for example_python_operator to None, run_after=None
[2024-03-04T16:01:41.147+0000] {processor.py:183} INFO - Processing /home/airflow/.local/lib/python3.11/site-packages/airflow/example_dags/example_python_operator.py took 0.041 seconds
[2024-03-04T16:02:11.910+0000] {processor.py:161} INFO - Started process (PID=1152) to work on /home/airflow/.local/lib/python3.11/site-packages/airflow/example_dags/example_python_operator.py
[2024-03-04T16:02:11.910+0000] {processor.py:830} INFO - Processing file /home/airflow/.local/lib/python3.11/site-packages/airflow/example_dags/example_python_operator.py for tasks to queue
[2024-03-04T16:02:11.911+0000] {logging_mixin.py:188} INFO - [2024-03-04T16:02:11.911+0000] {dagbag.py:540} INFO - Filling up the DagBag from /home/airflow/.local/lib/python3.11/site-packages/airflow/example_dags/example_python_operator.py
[2024-03-04T16:02:11.918+0000] {processor.py:840} INFO - DAG(s) 'example_python_operator' retrieved from /home/airflow/.local/lib/python3.11/site-packages/airflow/example_dags/example_python_operator.py
[2024-03-04T16:02:11.932+0000] {logging_mixin.py:188} INFO - [2024-03-04T16:02:11.931+0000] {dag.py:3047} INFO - Sync 1 DAGs
[2024-03-04T16:02:11.937+0000] {logging_mixin.py:188} INFO - [2024-03-04T16:02:11.937+0000] {dag.py:3834} INFO - Setting next_dagrun for example_python_operator to None, run_after=None
[2024-03-04T16:02:11.945+0000] {processor.py:183} INFO - Processing /home/airflow/.local/lib/python3.11/site-packages/airflow/example_dags/example_python_operator.py took 0.037 seconds
[2024-03-04T16:02:42.638+0000] {processor.py:161} INFO - Started process (PID=1207) to work on /home/airflow/.local/lib/python3.11/site-packages/airflow/example_dags/example_python_operator.py
[2024-03-04T16:02:42.639+0000] {processor.py:830} INFO - Processing file /home/airflow/.local/lib/python3.11/site-packages/airflow/example_dags/example_python_operator.py for tasks to queue
[2024-03-04T16:02:42.641+0000] {logging_mixin.py:188} INFO - [2024-03-04T16:02:42.641+0000] {dagbag.py:540} INFO - Filling up the DagBag from /home/airflow/.local/lib/python3.11/site-packages/airflow/example_dags/example_python_operator.py
[2024-03-04T16:02:42.651+0000] {processor.py:840} INFO - DAG(s) 'example_python_operator' retrieved from /home/airflow/.local/lib/python3.11/site-packages/airflow/example_dags/example_python_operator.py
[2024-03-04T16:02:42.665+0000] {logging_mixin.py:188} INFO - [2024-03-04T16:02:42.665+0000] {dag.py:3047} INFO - Sync 1 DAGs
[2024-03-04T16:02:42.673+0000] {logging_mixin.py:188} INFO - [2024-03-04T16:02:42.673+0000] {dag.py:3834} INFO - Setting next_dagrun for example_python_operator to None, run_after=None
[2024-03-04T16:02:42.682+0000] {processor.py:183} INFO - Processing /home/airflow/.local/lib/python3.11/site-packages/airflow/example_dags/example_python_operator.py took 0.047 seconds
[2024-03-04T16:03:13.443+0000] {processor.py:161} INFO - Started process (PID=1268) to work on /home/airflow/.local/lib/python3.11/site-packages/airflow/example_dags/example_python_operator.py
[2024-03-04T16:03:13.445+0000] {processor.py:830} INFO - Processing file /home/airflow/.local/lib/python3.11/site-packages/airflow/example_dags/example_python_operator.py for tasks to queue
[2024-03-04T16:03:13.447+0000] {logging_mixin.py:188} INFO - [2024-03-04T16:03:13.446+0000] {dagbag.py:540} INFO - Filling up the DagBag from /home/airflow/.local/lib/python3.11/site-packages/airflow/example_dags/example_python_operator.py
[2024-03-04T16:03:13.467+0000] {processor.py:840} INFO - DAG(s) 'example_python_operator' retrieved from /home/airflow/.local/lib/python3.11/site-packages/airflow/example_dags/example_python_operator.py
[2024-03-04T16:03:13.487+0000] {logging_mixin.py:188} INFO - [2024-03-04T16:03:13.487+0000] {dag.py:3047} INFO - Sync 1 DAGs
[2024-03-04T16:03:13.495+0000] {logging_mixin.py:188} INFO - [2024-03-04T16:03:13.495+0000] {dag.py:3834} INFO - Setting next_dagrun for example_python_operator to None, run_after=None
[2024-03-04T16:03:13.504+0000] {processor.py:183} INFO - Processing /home/airflow/.local/lib/python3.11/site-packages/airflow/example_dags/example_python_operator.py took 0.065 seconds
[2024-03-04T16:03:44.297+0000] {processor.py:161} INFO - Started process (PID=1323) to work on /home/airflow/.local/lib/python3.11/site-packages/airflow/example_dags/example_python_operator.py
[2024-03-04T16:03:44.298+0000] {processor.py:830} INFO - Processing file /home/airflow/.local/lib/python3.11/site-packages/airflow/example_dags/example_python_operator.py for tasks to queue
[2024-03-04T16:03:44.301+0000] {logging_mixin.py:188} INFO - [2024-03-04T16:03:44.300+0000] {dagbag.py:540} INFO - Filling up the DagBag from /home/airflow/.local/lib/python3.11/site-packages/airflow/example_dags/example_python_operator.py
[2024-03-04T16:03:44.313+0000] {processor.py:840} INFO - DAG(s) 'example_python_operator' retrieved from /home/airflow/.local/lib/python3.11/site-packages/airflow/example_dags/example_python_operator.py
[2024-03-04T16:03:44.329+0000] {logging_mixin.py:188} INFO - [2024-03-04T16:03:44.329+0000] {dag.py:3047} INFO - Sync 1 DAGs
[2024-03-04T16:03:44.336+0000] {logging_mixin.py:188} INFO - [2024-03-04T16:03:44.336+0000] {dag.py:3834} INFO - Setting next_dagrun for example_python_operator to None, run_after=None
[2024-03-04T16:03:44.345+0000] {processor.py:183} INFO - Processing /home/airflow/.local/lib/python3.11/site-packages/airflow/example_dags/example_python_operator.py took 0.052 seconds
[2024-03-04T16:04:14.732+0000] {processor.py:161} INFO - Started process (PID=1378) to work on /home/airflow/.local/lib/python3.11/site-packages/airflow/example_dags/example_python_operator.py
[2024-03-04T16:04:14.735+0000] {processor.py:830} INFO - Processing file /home/airflow/.local/lib/python3.11/site-packages/airflow/example_dags/example_python_operator.py for tasks to queue
[2024-03-04T16:04:14.738+0000] {logging_mixin.py:188} INFO - [2024-03-04T16:04:14.738+0000] {dagbag.py:540} INFO - Filling up the DagBag from /home/airflow/.local/lib/python3.11/site-packages/airflow/example_dags/example_python_operator.py
[2024-03-04T16:04:14.749+0000] {processor.py:840} INFO - DAG(s) 'example_python_operator' retrieved from /home/airflow/.local/lib/python3.11/site-packages/airflow/example_dags/example_python_operator.py
[2024-03-04T16:04:14.764+0000] {logging_mixin.py:188} INFO - [2024-03-04T16:04:14.764+0000] {dag.py:3047} INFO - Sync 1 DAGs
[2024-03-04T16:04:14.771+0000] {logging_mixin.py:188} INFO - [2024-03-04T16:04:14.771+0000] {dag.py:3834} INFO - Setting next_dagrun for example_python_operator to None, run_after=None
[2024-03-04T16:04:14.779+0000] {processor.py:183} INFO - Processing /home/airflow/.local/lib/python3.11/site-packages/airflow/example_dags/example_python_operator.py took 0.058 seconds
[2024-03-04T16:04:45.621+0000] {processor.py:161} INFO - Started process (PID=1433) to work on /home/airflow/.local/lib/python3.11/site-packages/airflow/example_dags/example_python_operator.py
[2024-03-04T16:04:45.623+0000] {processor.py:830} INFO - Processing file /home/airflow/.local/lib/python3.11/site-packages/airflow/example_dags/example_python_operator.py for tasks to queue
[2024-03-04T16:04:45.625+0000] {logging_mixin.py:188} INFO - [2024-03-04T16:04:45.625+0000] {dagbag.py:540} INFO - Filling up the DagBag from /home/airflow/.local/lib/python3.11/site-packages/airflow/example_dags/example_python_operator.py
[2024-03-04T16:04:45.636+0000] {processor.py:840} INFO - DAG(s) 'example_python_operator' retrieved from /home/airflow/.local/lib/python3.11/site-packages/airflow/example_dags/example_python_operator.py
[2024-03-04T16:04:45.651+0000] {logging_mixin.py:188} INFO - [2024-03-04T16:04:45.650+0000] {dag.py:3047} INFO - Sync 1 DAGs
[2024-03-04T16:04:45.658+0000] {logging_mixin.py:188} INFO - [2024-03-04T16:04:45.658+0000] {dag.py:3834} INFO - Setting next_dagrun for example_python_operator to None, run_after=None
[2024-03-04T16:04:45.667+0000] {processor.py:183} INFO - Processing /home/airflow/.local/lib/python3.11/site-packages/airflow/example_dags/example_python_operator.py took 0.050 seconds
[2024-03-04T16:05:16.367+0000] {processor.py:161} INFO - Started process (PID=1488) to work on /home/airflow/.local/lib/python3.11/site-packages/airflow/example_dags/example_python_operator.py
[2024-03-04T16:05:16.368+0000] {processor.py:830} INFO - Processing file /home/airflow/.local/lib/python3.11/site-packages/airflow/example_dags/example_python_operator.py for tasks to queue
[2024-03-04T16:05:16.370+0000] {logging_mixin.py:188} INFO - [2024-03-04T16:05:16.370+0000] {dagbag.py:540} INFO - Filling up the DagBag from /home/airflow/.local/lib/python3.11/site-packages/airflow/example_dags/example_python_operator.py
[2024-03-04T16:05:16.380+0000] {processor.py:840} INFO - DAG(s) 'example_python_operator' retrieved from /home/airflow/.local/lib/python3.11/site-packages/airflow/example_dags/example_python_operator.py
[2024-03-04T16:05:16.394+0000] {logging_mixin.py:188} INFO - [2024-03-04T16:05:16.394+0000] {dag.py:3047} INFO - Sync 1 DAGs
[2024-03-04T16:05:16.400+0000] {logging_mixin.py:188} INFO - [2024-03-04T16:05:16.400+0000] {dag.py:3834} INFO - Setting next_dagrun for example_python_operator to None, run_after=None
[2024-03-04T16:05:16.409+0000] {processor.py:183} INFO - Processing /home/airflow/.local/lib/python3.11/site-packages/airflow/example_dags/example_python_operator.py took 0.045 seconds
[2024-03-04T16:05:47.213+0000] {processor.py:161} INFO - Started process (PID=1543) to work on /home/airflow/.local/lib/python3.11/site-packages/airflow/example_dags/example_python_operator.py
[2024-03-04T16:05:47.214+0000] {processor.py:830} INFO - Processing file /home/airflow/.local/lib/python3.11/site-packages/airflow/example_dags/example_python_operator.py for tasks to queue
[2024-03-04T16:05:47.216+0000] {logging_mixin.py:188} INFO - [2024-03-04T16:05:47.216+0000] {dagbag.py:540} INFO - Filling up the DagBag from /home/airflow/.local/lib/python3.11/site-packages/airflow/example_dags/example_python_operator.py
[2024-03-04T16:05:47.228+0000] {processor.py:840} INFO - DAG(s) 'example_python_operator' retrieved from /home/airflow/.local/lib/python3.11/site-packages/airflow/example_dags/example_python_operator.py
[2024-03-04T16:05:47.247+0000] {logging_mixin.py:188} INFO - [2024-03-04T16:05:47.247+0000] {dag.py:3047} INFO - Sync 1 DAGs
[2024-03-04T16:05:47.255+0000] {logging_mixin.py:188} INFO - [2024-03-04T16:05:47.255+0000] {dag.py:3834} INFO - Setting next_dagrun for example_python_operator to None, run_after=None
[2024-03-04T16:05:47.268+0000] {processor.py:183} INFO - Processing /home/airflow/.local/lib/python3.11/site-packages/airflow/example_dags/example_python_operator.py took 0.059 seconds
[2024-03-04T16:06:17.353+0000] {processor.py:161} INFO - Started process (PID=1598) to work on /home/airflow/.local/lib/python3.11/site-packages/airflow/example_dags/example_python_operator.py
[2024-03-04T16:06:17.354+0000] {processor.py:830} INFO - Processing file /home/airflow/.local/lib/python3.11/site-packages/airflow/example_dags/example_python_operator.py for tasks to queue
[2024-03-04T16:06:17.356+0000] {logging_mixin.py:188} INFO - [2024-03-04T16:06:17.355+0000] {dagbag.py:540} INFO - Filling up the DagBag from /home/airflow/.local/lib/python3.11/site-packages/airflow/example_dags/example_python_operator.py
[2024-03-04T16:06:17.364+0000] {processor.py:840} INFO - DAG(s) 'example_python_operator' retrieved from /home/airflow/.local/lib/python3.11/site-packages/airflow/example_dags/example_python_operator.py
[2024-03-04T16:06:17.377+0000] {logging_mixin.py:188} INFO - [2024-03-04T16:06:17.377+0000] {dag.py:3047} INFO - Sync 1 DAGs
[2024-03-04T16:06:17.384+0000] {logging_mixin.py:188} INFO - [2024-03-04T16:06:17.384+0000] {dag.py:3834} INFO - Setting next_dagrun for example_python_operator to None, run_after=None
[2024-03-04T16:06:17.395+0000] {processor.py:183} INFO - Processing /home/airflow/.local/lib/python3.11/site-packages/airflow/example_dags/example_python_operator.py took 0.045 seconds
[2024-03-04T16:06:47.580+0000] {processor.py:161} INFO - Started process (PID=1653) to work on /home/airflow/.local/lib/python3.11/site-packages/airflow/example_dags/example_python_operator.py
[2024-03-04T16:06:47.581+0000] {processor.py:830} INFO - Processing file /home/airflow/.local/lib/python3.11/site-packages/airflow/example_dags/example_python_operator.py for tasks to queue
[2024-03-04T16:06:47.583+0000] {logging_mixin.py:188} INFO - [2024-03-04T16:06:47.582+0000] {dagbag.py:540} INFO - Filling up the DagBag from /home/airflow/.local/lib/python3.11/site-packages/airflow/example_dags/example_python_operator.py
[2024-03-04T16:06:47.591+0000] {processor.py:840} INFO - DAG(s) 'example_python_operator' retrieved from /home/airflow/.local/lib/python3.11/site-packages/airflow/example_dags/example_python_operator.py
[2024-03-04T16:06:47.604+0000] {logging_mixin.py:188} INFO - [2024-03-04T16:06:47.604+0000] {dag.py:3047} INFO - Sync 1 DAGs
[2024-03-04T16:06:47.610+0000] {logging_mixin.py:188} INFO - [2024-03-04T16:06:47.610+0000] {dag.py:3834} INFO - Setting next_dagrun for example_python_operator to None, run_after=None
[2024-03-04T16:06:47.619+0000] {processor.py:183} INFO - Processing /home/airflow/.local/lib/python3.11/site-packages/airflow/example_dags/example_python_operator.py took 0.042 seconds
[2024-03-04T16:07:18.348+0000] {processor.py:161} INFO - Started process (PID=1708) to work on /home/airflow/.local/lib/python3.11/site-packages/airflow/example_dags/example_python_operator.py
[2024-03-04T16:07:18.349+0000] {processor.py:830} INFO - Processing file /home/airflow/.local/lib/python3.11/site-packages/airflow/example_dags/example_python_operator.py for tasks to queue
[2024-03-04T16:07:18.350+0000] {logging_mixin.py:188} INFO - [2024-03-04T16:07:18.350+0000] {dagbag.py:540} INFO - Filling up the DagBag from /home/airflow/.local/lib/python3.11/site-packages/airflow/example_dags/example_python_operator.py
[2024-03-04T16:07:18.360+0000] {processor.py:840} INFO - DAG(s) 'example_python_operator' retrieved from /home/airflow/.local/lib/python3.11/site-packages/airflow/example_dags/example_python_operator.py
[2024-03-04T16:07:18.371+0000] {logging_mixin.py:188} INFO - [2024-03-04T16:07:18.371+0000] {dag.py:3047} INFO - Sync 1 DAGs
[2024-03-04T16:07:18.377+0000] {logging_mixin.py:188} INFO - [2024-03-04T16:07:18.377+0000] {dag.py:3834} INFO - Setting next_dagrun for example_python_operator to None, run_after=None
[2024-03-04T16:07:18.385+0000] {processor.py:183} INFO - Processing /home/airflow/.local/lib/python3.11/site-packages/airflow/example_dags/example_python_operator.py took 0.041 seconds
[2024-03-04T16:07:49.011+0000] {processor.py:161} INFO - Started process (PID=1763) to work on /home/airflow/.local/lib/python3.11/site-packages/airflow/example_dags/example_python_operator.py
[2024-03-04T16:07:49.012+0000] {processor.py:830} INFO - Processing file /home/airflow/.local/lib/python3.11/site-packages/airflow/example_dags/example_python_operator.py for tasks to queue
[2024-03-04T16:07:49.013+0000] {logging_mixin.py:188} INFO - [2024-03-04T16:07:49.013+0000] {dagbag.py:540} INFO - Filling up the DagBag from /home/airflow/.local/lib/python3.11/site-packages/airflow/example_dags/example_python_operator.py
[2024-03-04T16:07:49.021+0000] {processor.py:840} INFO - DAG(s) 'example_python_operator' retrieved from /home/airflow/.local/lib/python3.11/site-packages/airflow/example_dags/example_python_operator.py
[2024-03-04T16:07:49.032+0000] {logging_mixin.py:188} INFO - [2024-03-04T16:07:49.032+0000] {dag.py:3047} INFO - Sync 1 DAGs
[2024-03-04T16:07:49.038+0000] {logging_mixin.py:188} INFO - [2024-03-04T16:07:49.038+0000] {dag.py:3834} INFO - Setting next_dagrun for example_python_operator to None, run_after=None
[2024-03-04T16:07:49.047+0000] {processor.py:183} INFO - Processing /home/airflow/.local/lib/python3.11/site-packages/airflow/example_dags/example_python_operator.py took 0.039 seconds
[2024-03-04T16:08:19.704+0000] {processor.py:161} INFO - Started process (PID=1818) to work on /home/airflow/.local/lib/python3.11/site-packages/airflow/example_dags/example_python_operator.py
[2024-03-04T16:08:19.705+0000] {processor.py:830} INFO - Processing file /home/airflow/.local/lib/python3.11/site-packages/airflow/example_dags/example_python_operator.py for tasks to queue
[2024-03-04T16:08:19.707+0000] {logging_mixin.py:188} INFO - [2024-03-04T16:08:19.707+0000] {dagbag.py:540} INFO - Filling up the DagBag from /home/airflow/.local/lib/python3.11/site-packages/airflow/example_dags/example_python_operator.py
[2024-03-04T16:08:19.715+0000] {processor.py:840} INFO - DAG(s) 'example_python_operator' retrieved from /home/airflow/.local/lib/python3.11/site-packages/airflow/example_dags/example_python_operator.py
[2024-03-04T16:08:19.728+0000] {logging_mixin.py:188} INFO - [2024-03-04T16:08:19.728+0000] {dag.py:3047} INFO - Sync 1 DAGs
[2024-03-04T16:08:19.734+0000] {logging_mixin.py:188} INFO - [2024-03-04T16:08:19.734+0000] {dag.py:3834} INFO - Setting next_dagrun for example_python_operator to None, run_after=None
[2024-03-04T16:08:19.743+0000] {processor.py:183} INFO - Processing /home/airflow/.local/lib/python3.11/site-packages/airflow/example_dags/example_python_operator.py took 0.042 seconds
[2024-03-04T16:08:50.420+0000] {processor.py:161} INFO - Started process (PID=1873) to work on /home/airflow/.local/lib/python3.11/site-packages/airflow/example_dags/example_python_operator.py
[2024-03-04T16:08:50.421+0000] {processor.py:830} INFO - Processing file /home/airflow/.local/lib/python3.11/site-packages/airflow/example_dags/example_python_operator.py for tasks to queue
[2024-03-04T16:08:50.423+0000] {logging_mixin.py:188} INFO - [2024-03-04T16:08:50.423+0000] {dagbag.py:540} INFO - Filling up the DagBag from /home/airflow/.local/lib/python3.11/site-packages/airflow/example_dags/example_python_operator.py
[2024-03-04T16:08:50.432+0000] {processor.py:840} INFO - DAG(s) 'example_python_operator' retrieved from /home/airflow/.local/lib/python3.11/site-packages/airflow/example_dags/example_python_operator.py
[2024-03-04T16:08:50.444+0000] {logging_mixin.py:188} INFO - [2024-03-04T16:08:50.444+0000] {dag.py:3047} INFO - Sync 1 DAGs
[2024-03-04T16:08:50.450+0000] {logging_mixin.py:188} INFO - [2024-03-04T16:08:50.450+0000] {dag.py:3834} INFO - Setting next_dagrun for example_python_operator to None, run_after=None
[2024-03-04T16:08:50.458+0000] {processor.py:183} INFO - Processing /home/airflow/.local/lib/python3.11/site-packages/airflow/example_dags/example_python_operator.py took 0.042 seconds
[2024-03-04T16:09:20.966+0000] {processor.py:161} INFO - Started process (PID=1928) to work on /home/airflow/.local/lib/python3.11/site-packages/airflow/example_dags/example_python_operator.py
[2024-03-04T16:09:20.968+0000] {processor.py:830} INFO - Processing file /home/airflow/.local/lib/python3.11/site-packages/airflow/example_dags/example_python_operator.py for tasks to queue
[2024-03-04T16:09:20.970+0000] {logging_mixin.py:188} INFO - [2024-03-04T16:09:20.970+0000] {dagbag.py:540} INFO - Filling up the DagBag from /home/airflow/.local/lib/python3.11/site-packages/airflow/example_dags/example_python_operator.py
[2024-03-04T16:09:20.981+0000] {processor.py:840} INFO - DAG(s) 'example_python_operator' retrieved from /home/airflow/.local/lib/python3.11/site-packages/airflow/example_dags/example_python_operator.py
[2024-03-04T16:09:20.996+0000] {logging_mixin.py:188} INFO - [2024-03-04T16:09:20.996+0000] {dag.py:3047} INFO - Sync 1 DAGs
[2024-03-04T16:09:21.004+0000] {logging_mixin.py:188} INFO - [2024-03-04T16:09:21.003+0000] {dag.py:3834} INFO - Setting next_dagrun for example_python_operator to None, run_after=None
[2024-03-04T16:09:21.012+0000] {processor.py:183} INFO - Processing /home/airflow/.local/lib/python3.11/site-packages/airflow/example_dags/example_python_operator.py took 0.050 seconds
[2024-03-04T16:09:51.748+0000] {processor.py:161} INFO - Started process (PID=1983) to work on /home/airflow/.local/lib/python3.11/site-packages/airflow/example_dags/example_python_operator.py
[2024-03-04T16:09:51.750+0000] {processor.py:830} INFO - Processing file /home/airflow/.local/lib/python3.11/site-packages/airflow/example_dags/example_python_operator.py for tasks to queue
[2024-03-04T16:09:51.751+0000] {logging_mixin.py:188} INFO - [2024-03-04T16:09:51.750+0000] {dagbag.py:540} INFO - Filling up the DagBag from /home/airflow/.local/lib/python3.11/site-packages/airflow/example_dags/example_python_operator.py
[2024-03-04T16:09:51.758+0000] {processor.py:840} INFO - DAG(s) 'example_python_operator' retrieved from /home/airflow/.local/lib/python3.11/site-packages/airflow/example_dags/example_python_operator.py
[2024-03-04T16:09:51.770+0000] {logging_mixin.py:188} INFO - [2024-03-04T16:09:51.770+0000] {dag.py:3047} INFO - Sync 1 DAGs
[2024-03-04T16:09:51.776+0000] {logging_mixin.py:188} INFO - [2024-03-04T16:09:51.776+0000] {dag.py:3834} INFO - Setting next_dagrun for example_python_operator to None, run_after=None
[2024-03-04T16:09:51.784+0000] {processor.py:183} INFO - Processing /home/airflow/.local/lib/python3.11/site-packages/airflow/example_dags/example_python_operator.py took 0.039 seconds
[2024-03-04T16:10:22.299+0000] {processor.py:161} INFO - Started process (PID=2038) to work on /home/airflow/.local/lib/python3.11/site-packages/airflow/example_dags/example_python_operator.py
[2024-03-04T16:10:22.301+0000] {processor.py:830} INFO - Processing file /home/airflow/.local/lib/python3.11/site-packages/airflow/example_dags/example_python_operator.py for tasks to queue
[2024-03-04T16:10:22.302+0000] {logging_mixin.py:188} INFO - [2024-03-04T16:10:22.302+0000] {dagbag.py:540} INFO - Filling up the DagBag from /home/airflow/.local/lib/python3.11/site-packages/airflow/example_dags/example_python_operator.py
[2024-03-04T16:10:22.310+0000] {processor.py:840} INFO - DAG(s) 'example_python_operator' retrieved from /home/airflow/.local/lib/python3.11/site-packages/airflow/example_dags/example_python_operator.py
[2024-03-04T16:10:22.327+0000] {logging_mixin.py:188} INFO - [2024-03-04T16:10:22.327+0000] {dag.py:3047} INFO - Sync 1 DAGs
[2024-03-04T16:10:22.334+0000] {logging_mixin.py:188} INFO - [2024-03-04T16:10:22.334+0000] {dag.py:3834} INFO - Setting next_dagrun for example_python_operator to None, run_after=None
[2024-03-04T16:10:22.342+0000] {processor.py:183} INFO - Processing /home/airflow/.local/lib/python3.11/site-packages/airflow/example_dags/example_python_operator.py took 0.046 seconds
[2024-03-04T16:10:52.892+0000] {processor.py:161} INFO - Started process (PID=2093) to work on /home/airflow/.local/lib/python3.11/site-packages/airflow/example_dags/example_python_operator.py
[2024-03-04T16:10:52.894+0000] {processor.py:830} INFO - Processing file /home/airflow/.local/lib/python3.11/site-packages/airflow/example_dags/example_python_operator.py for tasks to queue
[2024-03-04T16:10:52.897+0000] {logging_mixin.py:188} INFO - [2024-03-04T16:10:52.897+0000] {dagbag.py:540} INFO - Filling up the DagBag from /home/airflow/.local/lib/python3.11/site-packages/airflow/example_dags/example_python_operator.py
[2024-03-04T16:10:52.910+0000] {processor.py:840} INFO - DAG(s) 'example_python_operator' retrieved from /home/airflow/.local/lib/python3.11/site-packages/airflow/example_dags/example_python_operator.py
[2024-03-04T16:10:52.925+0000] {logging_mixin.py:188} INFO - [2024-03-04T16:10:52.925+0000] {dag.py:3047} INFO - Sync 1 DAGs
[2024-03-04T16:10:52.931+0000] {logging_mixin.py:188} INFO - [2024-03-04T16:10:52.931+0000] {dag.py:3834} INFO - Setting next_dagrun for example_python_operator to None, run_after=None
[2024-03-04T16:10:52.940+0000] {processor.py:183} INFO - Processing /home/airflow/.local/lib/python3.11/site-packages/airflow/example_dags/example_python_operator.py took 0.054 seconds
[2024-03-04T16:11:23.680+0000] {processor.py:161} INFO - Started process (PID=2148) to work on /home/airflow/.local/lib/python3.11/site-packages/airflow/example_dags/example_python_operator.py
[2024-03-04T16:11:23.681+0000] {processor.py:830} INFO - Processing file /home/airflow/.local/lib/python3.11/site-packages/airflow/example_dags/example_python_operator.py for tasks to queue
[2024-03-04T16:11:23.682+0000] {logging_mixin.py:188} INFO - [2024-03-04T16:11:23.682+0000] {dagbag.py:540} INFO - Filling up the DagBag from /home/airflow/.local/lib/python3.11/site-packages/airflow/example_dags/example_python_operator.py
[2024-03-04T16:11:23.692+0000] {processor.py:840} INFO - DAG(s) 'example_python_operator' retrieved from /home/airflow/.local/lib/python3.11/site-packages/airflow/example_dags/example_python_operator.py
[2024-03-04T16:11:23.704+0000] {logging_mixin.py:188} INFO - [2024-03-04T16:11:23.704+0000] {dag.py:3047} INFO - Sync 1 DAGs
[2024-03-04T16:11:23.710+0000] {logging_mixin.py:188} INFO - [2024-03-04T16:11:23.710+0000] {dag.py:3834} INFO - Setting next_dagrun for example_python_operator to None, run_after=None
[2024-03-04T16:11:23.719+0000] {processor.py:183} INFO - Processing /home/airflow/.local/lib/python3.11/site-packages/airflow/example_dags/example_python_operator.py took 0.042 seconds
[2024-03-04T16:11:54.332+0000] {processor.py:161} INFO - Started process (PID=2203) to work on /home/airflow/.local/lib/python3.11/site-packages/airflow/example_dags/example_python_operator.py
[2024-03-04T16:11:54.334+0000] {processor.py:830} INFO - Processing file /home/airflow/.local/lib/python3.11/site-packages/airflow/example_dags/example_python_operator.py for tasks to queue
[2024-03-04T16:11:54.336+0000] {logging_mixin.py:188} INFO - [2024-03-04T16:11:54.335+0000] {dagbag.py:540} INFO - Filling up the DagBag from /home/airflow/.local/lib/python3.11/site-packages/airflow/example_dags/example_python_operator.py
[2024-03-04T16:11:54.344+0000] {processor.py:840} INFO - DAG(s) 'example_python_operator' retrieved from /home/airflow/.local/lib/python3.11/site-packages/airflow/example_dags/example_python_operator.py
[2024-03-04T16:11:54.356+0000] {logging_mixin.py:188} INFO - [2024-03-04T16:11:54.356+0000] {dag.py:3047} INFO - Sync 1 DAGs
[2024-03-04T16:11:54.363+0000] {logging_mixin.py:188} INFO - [2024-03-04T16:11:54.363+0000] {dag.py:3834} INFO - Setting next_dagrun for example_python_operator to None, run_after=None
[2024-03-04T16:11:54.373+0000] {processor.py:183} INFO - Processing /home/airflow/.local/lib/python3.11/site-packages/airflow/example_dags/example_python_operator.py took 0.043 seconds
[2024-03-04T16:12:24.991+0000] {processor.py:161} INFO - Started process (PID=2258) to work on /home/airflow/.local/lib/python3.11/site-packages/airflow/example_dags/example_python_operator.py
[2024-03-04T16:12:24.992+0000] {processor.py:830} INFO - Processing file /home/airflow/.local/lib/python3.11/site-packages/airflow/example_dags/example_python_operator.py for tasks to queue
[2024-03-04T16:12:24.994+0000] {logging_mixin.py:188} INFO - [2024-03-04T16:12:24.994+0000] {dagbag.py:540} INFO - Filling up the DagBag from /home/airflow/.local/lib/python3.11/site-packages/airflow/example_dags/example_python_operator.py
[2024-03-04T16:12:25.004+0000] {processor.py:840} INFO - DAG(s) 'example_python_operator' retrieved from /home/airflow/.local/lib/python3.11/site-packages/airflow/example_dags/example_python_operator.py
[2024-03-04T16:12:25.020+0000] {logging_mixin.py:188} INFO - [2024-03-04T16:12:25.020+0000] {dag.py:3047} INFO - Sync 1 DAGs
[2024-03-04T16:12:25.029+0000] {logging_mixin.py:188} INFO - [2024-03-04T16:12:25.029+0000] {dag.py:3834} INFO - Setting next_dagrun for example_python_operator to None, run_after=None
[2024-03-04T16:12:25.037+0000] {processor.py:183} INFO - Processing /home/airflow/.local/lib/python3.11/site-packages/airflow/example_dags/example_python_operator.py took 0.049 seconds
[2024-03-04T16:12:55.642+0000] {processor.py:161} INFO - Started process (PID=2313) to work on /home/airflow/.local/lib/python3.11/site-packages/airflow/example_dags/example_python_operator.py
[2024-03-04T16:12:55.643+0000] {processor.py:830} INFO - Processing file /home/airflow/.local/lib/python3.11/site-packages/airflow/example_dags/example_python_operator.py for tasks to queue
[2024-03-04T16:12:55.645+0000] {logging_mixin.py:188} INFO - [2024-03-04T16:12:55.645+0000] {dagbag.py:540} INFO - Filling up the DagBag from /home/airflow/.local/lib/python3.11/site-packages/airflow/example_dags/example_python_operator.py
[2024-03-04T16:12:55.653+0000] {processor.py:840} INFO - DAG(s) 'example_python_operator' retrieved from /home/airflow/.local/lib/python3.11/site-packages/airflow/example_dags/example_python_operator.py
[2024-03-04T16:12:55.666+0000] {logging_mixin.py:188} INFO - [2024-03-04T16:12:55.665+0000] {dag.py:3047} INFO - Sync 1 DAGs
[2024-03-04T16:12:55.672+0000] {logging_mixin.py:188} INFO - [2024-03-04T16:12:55.672+0000] {dag.py:3834} INFO - Setting next_dagrun for example_python_operator to None, run_after=None
[2024-03-04T16:12:55.680+0000] {processor.py:183} INFO - Processing /home/airflow/.local/lib/python3.11/site-packages/airflow/example_dags/example_python_operator.py took 0.042 seconds
[2024-03-04T16:13:26.278+0000] {processor.py:161} INFO - Started process (PID=2368) to work on /home/airflow/.local/lib/python3.11/site-packages/airflow/example_dags/example_python_operator.py
[2024-03-04T16:13:26.279+0000] {processor.py:830} INFO - Processing file /home/airflow/.local/lib/python3.11/site-packages/airflow/example_dags/example_python_operator.py for tasks to queue
[2024-03-04T16:13:26.281+0000] {logging_mixin.py:188} INFO - [2024-03-04T16:13:26.280+0000] {dagbag.py:540} INFO - Filling up the DagBag from /home/airflow/.local/lib/python3.11/site-packages/airflow/example_dags/example_python_operator.py
[2024-03-04T16:13:26.290+0000] {processor.py:840} INFO - DAG(s) 'example_python_operator' retrieved from /home/airflow/.local/lib/python3.11/site-packages/airflow/example_dags/example_python_operator.py
[2024-03-04T16:13:26.303+0000] {logging_mixin.py:188} INFO - [2024-03-04T16:13:26.303+0000] {dag.py:3047} INFO - Sync 1 DAGs
[2024-03-04T16:13:26.310+0000] {logging_mixin.py:188} INFO - [2024-03-04T16:13:26.310+0000] {dag.py:3834} INFO - Setting next_dagrun for example_python_operator to None, run_after=None
[2024-03-04T16:13:26.321+0000] {processor.py:183} INFO - Processing /home/airflow/.local/lib/python3.11/site-packages/airflow/example_dags/example_python_operator.py took 0.047 seconds
[2024-03-04T16:13:57.033+0000] {processor.py:161} INFO - Started process (PID=2423) to work on /home/airflow/.local/lib/python3.11/site-packages/airflow/example_dags/example_python_operator.py
[2024-03-04T16:13:57.034+0000] {processor.py:830} INFO - Processing file /home/airflow/.local/lib/python3.11/site-packages/airflow/example_dags/example_python_operator.py for tasks to queue
[2024-03-04T16:13:57.036+0000] {logging_mixin.py:188} INFO - [2024-03-04T16:13:57.036+0000] {dagbag.py:540} INFO - Filling up the DagBag from /home/airflow/.local/lib/python3.11/site-packages/airflow/example_dags/example_python_operator.py
[2024-03-04T16:13:57.046+0000] {processor.py:840} INFO - DAG(s) 'example_python_operator' retrieved from /home/airflow/.local/lib/python3.11/site-packages/airflow/example_dags/example_python_operator.py
[2024-03-04T16:13:57.058+0000] {logging_mixin.py:188} INFO - [2024-03-04T16:13:57.058+0000] {dag.py:3047} INFO - Sync 1 DAGs
[2024-03-04T16:13:57.064+0000] {logging_mixin.py:188} INFO - [2024-03-04T16:13:57.064+0000] {dag.py:3834} INFO - Setting next_dagrun for example_python_operator to None, run_after=None
[2024-03-04T16:13:57.072+0000] {processor.py:183} INFO - Processing /home/airflow/.local/lib/python3.11/site-packages/airflow/example_dags/example_python_operator.py took 0.042 seconds
[2024-03-04T16:14:27.809+0000] {processor.py:161} INFO - Started process (PID=2478) to work on /home/airflow/.local/lib/python3.11/site-packages/airflow/example_dags/example_python_operator.py
[2024-03-04T16:14:27.810+0000] {processor.py:830} INFO - Processing file /home/airflow/.local/lib/python3.11/site-packages/airflow/example_dags/example_python_operator.py for tasks to queue
[2024-03-04T16:14:27.811+0000] {logging_mixin.py:188} INFO - [2024-03-04T16:14:27.811+0000] {dagbag.py:540} INFO - Filling up the DagBag from /home/airflow/.local/lib/python3.11/site-packages/airflow/example_dags/example_python_operator.py
[2024-03-04T16:14:27.819+0000] {processor.py:840} INFO - DAG(s) 'example_python_operator' retrieved from /home/airflow/.local/lib/python3.11/site-packages/airflow/example_dags/example_python_operator.py
[2024-03-04T16:14:27.831+0000] {logging_mixin.py:188} INFO - [2024-03-04T16:14:27.831+0000] {dag.py:3047} INFO - Sync 1 DAGs
[2024-03-04T16:14:27.840+0000] {logging_mixin.py:188} INFO - [2024-03-04T16:14:27.840+0000] {dag.py:3834} INFO - Setting next_dagrun for example_python_operator to None, run_after=None
[2024-03-04T16:14:27.849+0000] {processor.py:183} INFO - Processing /home/airflow/.local/lib/python3.11/site-packages/airflow/example_dags/example_python_operator.py took 0.043 seconds
[2024-03-04T16:14:58.517+0000] {processor.py:161} INFO - Started process (PID=2533) to work on /home/airflow/.local/lib/python3.11/site-packages/airflow/example_dags/example_python_operator.py
[2024-03-04T16:14:58.518+0000] {processor.py:830} INFO - Processing file /home/airflow/.local/lib/python3.11/site-packages/airflow/example_dags/example_python_operator.py for tasks to queue
[2024-03-04T16:14:58.520+0000] {logging_mixin.py:188} INFO - [2024-03-04T16:14:58.519+0000] {dagbag.py:540} INFO - Filling up the DagBag from /home/airflow/.local/lib/python3.11/site-packages/airflow/example_dags/example_python_operator.py
[2024-03-04T16:14:58.528+0000] {processor.py:840} INFO - DAG(s) 'example_python_operator' retrieved from /home/airflow/.local/lib/python3.11/site-packages/airflow/example_dags/example_python_operator.py
[2024-03-04T16:14:58.540+0000] {logging_mixin.py:188} INFO - [2024-03-04T16:14:58.540+0000] {dag.py:3047} INFO - Sync 1 DAGs
[2024-03-04T16:14:58.546+0000] {logging_mixin.py:188} INFO - [2024-03-04T16:14:58.546+0000] {dag.py:3834} INFO - Setting next_dagrun for example_python_operator to None, run_after=None
[2024-03-04T16:14:58.555+0000] {processor.py:183} INFO - Processing /home/airflow/.local/lib/python3.11/site-packages/airflow/example_dags/example_python_operator.py took 0.041 seconds
[2024-03-04T16:15:29.031+0000] {processor.py:161} INFO - Started process (PID=2588) to work on /home/airflow/.local/lib/python3.11/site-packages/airflow/example_dags/example_python_operator.py
[2024-03-04T16:15:29.033+0000] {processor.py:830} INFO - Processing file /home/airflow/.local/lib/python3.11/site-packages/airflow/example_dags/example_python_operator.py for tasks to queue
[2024-03-04T16:15:29.034+0000] {logging_mixin.py:188} INFO - [2024-03-04T16:15:29.034+0000] {dagbag.py:540} INFO - Filling up the DagBag from /home/airflow/.local/lib/python3.11/site-packages/airflow/example_dags/example_python_operator.py
[2024-03-04T16:15:29.042+0000] {processor.py:840} INFO - DAG(s) 'example_python_operator' retrieved from /home/airflow/.local/lib/python3.11/site-packages/airflow/example_dags/example_python_operator.py
[2024-03-04T16:15:29.055+0000] {logging_mixin.py:188} INFO - [2024-03-04T16:15:29.055+0000] {dag.py:3047} INFO - Sync 1 DAGs
[2024-03-04T16:15:29.063+0000] {logging_mixin.py:188} INFO - [2024-03-04T16:15:29.063+0000] {dag.py:3834} INFO - Setting next_dagrun for example_python_operator to None, run_after=None
[2024-03-04T16:15:29.073+0000] {processor.py:183} INFO - Processing /home/airflow/.local/lib/python3.11/site-packages/airflow/example_dags/example_python_operator.py took 0.045 seconds
[2024-03-04T16:15:59.878+0000] {processor.py:161} INFO - Started process (PID=2643) to work on /home/airflow/.local/lib/python3.11/site-packages/airflow/example_dags/example_python_operator.py
[2024-03-04T16:15:59.879+0000] {processor.py:830} INFO - Processing file /home/airflow/.local/lib/python3.11/site-packages/airflow/example_dags/example_python_operator.py for tasks to queue
[2024-03-04T16:15:59.881+0000] {logging_mixin.py:188} INFO - [2024-03-04T16:15:59.881+0000] {dagbag.py:540} INFO - Filling up the DagBag from /home/airflow/.local/lib/python3.11/site-packages/airflow/example_dags/example_python_operator.py
[2024-03-04T16:15:59.891+0000] {processor.py:840} INFO - DAG(s) 'example_python_operator' retrieved from /home/airflow/.local/lib/python3.11/site-packages/airflow/example_dags/example_python_operator.py
[2024-03-04T16:15:59.908+0000] {logging_mixin.py:188} INFO - [2024-03-04T16:15:59.908+0000] {dag.py:3047} INFO - Sync 1 DAGs
[2024-03-04T16:15:59.916+0000] {logging_mixin.py:188} INFO - [2024-03-04T16:15:59.916+0000] {dag.py:3834} INFO - Setting next_dagrun for example_python_operator to None, run_after=None
[2024-03-04T16:15:59.931+0000] {processor.py:183} INFO - Processing /home/airflow/.local/lib/python3.11/site-packages/airflow/example_dags/example_python_operator.py took 0.056 seconds
[2024-03-04T16:16:31.085+0000] {processor.py:161} INFO - Started process (PID=2698) to work on /home/airflow/.local/lib/python3.11/site-packages/airflow/example_dags/example_python_operator.py
[2024-03-04T16:16:31.086+0000] {processor.py:830} INFO - Processing file /home/airflow/.local/lib/python3.11/site-packages/airflow/example_dags/example_python_operator.py for tasks to queue
[2024-03-04T16:16:31.088+0000] {logging_mixin.py:188} INFO - [2024-03-04T16:16:31.088+0000] {dagbag.py:540} INFO - Filling up the DagBag from /home/airflow/.local/lib/python3.11/site-packages/airflow/example_dags/example_python_operator.py
[2024-03-04T16:16:31.102+0000] {processor.py:840} INFO - DAG(s) 'example_python_operator' retrieved from /home/airflow/.local/lib/python3.11/site-packages/airflow/example_dags/example_python_operator.py
[2024-03-04T16:16:31.113+0000] {logging_mixin.py:188} INFO - [2024-03-04T16:16:31.113+0000] {dag.py:3047} INFO - Sync 1 DAGs
[2024-03-04T16:16:31.119+0000] {logging_mixin.py:188} INFO - [2024-03-04T16:16:31.118+0000] {dag.py:3834} INFO - Setting next_dagrun for example_python_operator to None, run_after=None
[2024-03-04T16:16:31.125+0000] {processor.py:183} INFO - Processing /home/airflow/.local/lib/python3.11/site-packages/airflow/example_dags/example_python_operator.py took 0.044 seconds
[2024-03-04T16:17:01.176+0000] {processor.py:161} INFO - Started process (PID=2753) to work on /home/airflow/.local/lib/python3.11/site-packages/airflow/example_dags/example_python_operator.py
[2024-03-04T16:17:01.176+0000] {processor.py:830} INFO - Processing file /home/airflow/.local/lib/python3.11/site-packages/airflow/example_dags/example_python_operator.py for tasks to queue
[2024-03-04T16:17:01.177+0000] {logging_mixin.py:188} INFO - [2024-03-04T16:17:01.177+0000] {dagbag.py:540} INFO - Filling up the DagBag from /home/airflow/.local/lib/python3.11/site-packages/airflow/example_dags/example_python_operator.py
[2024-03-04T16:17:01.182+0000] {processor.py:840} INFO - DAG(s) 'example_python_operator' retrieved from /home/airflow/.local/lib/python3.11/site-packages/airflow/example_dags/example_python_operator.py
[2024-03-04T16:17:01.192+0000] {logging_mixin.py:188} INFO - [2024-03-04T16:17:01.192+0000] {dag.py:3047} INFO - Sync 1 DAGs
[2024-03-04T16:17:01.196+0000] {logging_mixin.py:188} INFO - [2024-03-04T16:17:01.196+0000] {dag.py:3834} INFO - Setting next_dagrun for example_python_operator to None, run_after=None
[2024-03-04T16:17:01.203+0000] {processor.py:183} INFO - Processing /home/airflow/.local/lib/python3.11/site-packages/airflow/example_dags/example_python_operator.py took 0.028 seconds
[2024-03-04T16:17:32.057+0000] {processor.py:161} INFO - Started process (PID=2808) to work on /home/airflow/.local/lib/python3.11/site-packages/airflow/example_dags/example_python_operator.py
[2024-03-04T16:17:32.058+0000] {processor.py:830} INFO - Processing file /home/airflow/.local/lib/python3.11/site-packages/airflow/example_dags/example_python_operator.py for tasks to queue
[2024-03-04T16:17:32.058+0000] {logging_mixin.py:188} INFO - [2024-03-04T16:17:32.058+0000] {dagbag.py:540} INFO - Filling up the DagBag from /home/airflow/.local/lib/python3.11/site-packages/airflow/example_dags/example_python_operator.py
[2024-03-04T16:17:32.064+0000] {processor.py:840} INFO - DAG(s) 'example_python_operator' retrieved from /home/airflow/.local/lib/python3.11/site-packages/airflow/example_dags/example_python_operator.py
[2024-03-04T16:17:32.072+0000] {logging_mixin.py:188} INFO - [2024-03-04T16:17:32.072+0000] {dag.py:3047} INFO - Sync 1 DAGs
[2024-03-04T16:17:32.077+0000] {logging_mixin.py:188} INFO - [2024-03-04T16:17:32.077+0000] {dag.py:3834} INFO - Setting next_dagrun for example_python_operator to None, run_after=None
[2024-03-04T16:17:32.083+0000] {processor.py:183} INFO - Processing /home/airflow/.local/lib/python3.11/site-packages/airflow/example_dags/example_python_operator.py took 0.029 seconds
[2024-03-04T16:18:02.424+0000] {processor.py:161} INFO - Started process (PID=2863) to work on /home/airflow/.local/lib/python3.11/site-packages/airflow/example_dags/example_python_operator.py
[2024-03-04T16:18:02.424+0000] {processor.py:830} INFO - Processing file /home/airflow/.local/lib/python3.11/site-packages/airflow/example_dags/example_python_operator.py for tasks to queue
[2024-03-04T16:18:02.425+0000] {logging_mixin.py:188} INFO - [2024-03-04T16:18:02.425+0000] {dagbag.py:540} INFO - Filling up the DagBag from /home/airflow/.local/lib/python3.11/site-packages/airflow/example_dags/example_python_operator.py
[2024-03-04T16:18:02.430+0000] {processor.py:840} INFO - DAG(s) 'example_python_operator' retrieved from /home/airflow/.local/lib/python3.11/site-packages/airflow/example_dags/example_python_operator.py
[2024-03-04T16:18:02.440+0000] {logging_mixin.py:188} INFO - [2024-03-04T16:18:02.440+0000] {dag.py:3047} INFO - Sync 1 DAGs
[2024-03-04T16:18:02.444+0000] {logging_mixin.py:188} INFO - [2024-03-04T16:18:02.444+0000] {dag.py:3834} INFO - Setting next_dagrun for example_python_operator to None, run_after=None
[2024-03-04T16:18:02.452+0000] {processor.py:183} INFO - Processing /home/airflow/.local/lib/python3.11/site-packages/airflow/example_dags/example_python_operator.py took 0.030 seconds
[2024-03-04T16:18:32.798+0000] {processor.py:161} INFO - Started process (PID=2918) to work on /home/airflow/.local/lib/python3.11/site-packages/airflow/example_dags/example_python_operator.py
[2024-03-04T16:18:32.799+0000] {processor.py:830} INFO - Processing file /home/airflow/.local/lib/python3.11/site-packages/airflow/example_dags/example_python_operator.py for tasks to queue
[2024-03-04T16:18:32.799+0000] {logging_mixin.py:188} INFO - [2024-03-04T16:18:32.799+0000] {dagbag.py:540} INFO - Filling up the DagBag from /home/airflow/.local/lib/python3.11/site-packages/airflow/example_dags/example_python_operator.py
[2024-03-04T16:18:32.804+0000] {processor.py:840} INFO - DAG(s) 'example_python_operator' retrieved from /home/airflow/.local/lib/python3.11/site-packages/airflow/example_dags/example_python_operator.py
[2024-03-04T16:18:32.813+0000] {logging_mixin.py:188} INFO - [2024-03-04T16:18:32.813+0000] {dag.py:3047} INFO - Sync 1 DAGs
[2024-03-04T16:18:32.817+0000] {logging_mixin.py:188} INFO - [2024-03-04T16:18:32.817+0000] {dag.py:3834} INFO - Setting next_dagrun for example_python_operator to None, run_after=None
[2024-03-04T16:18:32.824+0000] {processor.py:183} INFO - Processing /home/airflow/.local/lib/python3.11/site-packages/airflow/example_dags/example_python_operator.py took 0.028 seconds
[2024-03-04T16:19:02.903+0000] {processor.py:161} INFO - Started process (PID=2973) to work on /home/airflow/.local/lib/python3.11/site-packages/airflow/example_dags/example_python_operator.py
[2024-03-04T16:19:02.904+0000] {processor.py:830} INFO - Processing file /home/airflow/.local/lib/python3.11/site-packages/airflow/example_dags/example_python_operator.py for tasks to queue
[2024-03-04T16:19:02.904+0000] {logging_mixin.py:188} INFO - [2024-03-04T16:19:02.904+0000] {dagbag.py:540} INFO - Filling up the DagBag from /home/airflow/.local/lib/python3.11/site-packages/airflow/example_dags/example_python_operator.py
[2024-03-04T16:19:02.909+0000] {processor.py:840} INFO - DAG(s) 'example_python_operator' retrieved from /home/airflow/.local/lib/python3.11/site-packages/airflow/example_dags/example_python_operator.py
[2024-03-04T16:19:02.918+0000] {logging_mixin.py:188} INFO - [2024-03-04T16:19:02.918+0000] {dag.py:3047} INFO - Sync 1 DAGs
[2024-03-04T16:19:02.922+0000] {logging_mixin.py:188} INFO - [2024-03-04T16:19:02.922+0000] {dag.py:3834} INFO - Setting next_dagrun for example_python_operator to None, run_after=None
[2024-03-04T16:19:02.929+0000] {processor.py:183} INFO - Processing /home/airflow/.local/lib/python3.11/site-packages/airflow/example_dags/example_python_operator.py took 0.027 seconds
[2024-03-04T16:19:33.149+0000] {processor.py:161} INFO - Started process (PID=3028) to work on /home/airflow/.local/lib/python3.11/site-packages/airflow/example_dags/example_python_operator.py
[2024-03-04T16:19:33.149+0000] {processor.py:830} INFO - Processing file /home/airflow/.local/lib/python3.11/site-packages/airflow/example_dags/example_python_operator.py for tasks to queue
[2024-03-04T16:19:33.150+0000] {logging_mixin.py:188} INFO - [2024-03-04T16:19:33.150+0000] {dagbag.py:540} INFO - Filling up the DagBag from /home/airflow/.local/lib/python3.11/site-packages/airflow/example_dags/example_python_operator.py
[2024-03-04T16:19:33.155+0000] {processor.py:840} INFO - DAG(s) 'example_python_operator' retrieved from /home/airflow/.local/lib/python3.11/site-packages/airflow/example_dags/example_python_operator.py
[2024-03-04T16:19:33.164+0000] {logging_mixin.py:188} INFO - [2024-03-04T16:19:33.164+0000] {dag.py:3047} INFO - Sync 1 DAGs
[2024-03-04T16:19:33.168+0000] {logging_mixin.py:188} INFO - [2024-03-04T16:19:33.168+0000] {dag.py:3834} INFO - Setting next_dagrun for example_python_operator to None, run_after=None
[2024-03-04T16:19:33.175+0000] {processor.py:183} INFO - Processing /home/airflow/.local/lib/python3.11/site-packages/airflow/example_dags/example_python_operator.py took 0.028 seconds
[2024-03-04T16:20:03.347+0000] {processor.py:161} INFO - Started process (PID=3083) to work on /home/airflow/.local/lib/python3.11/site-packages/airflow/example_dags/example_python_operator.py
[2024-03-04T16:20:03.348+0000] {processor.py:830} INFO - Processing file /home/airflow/.local/lib/python3.11/site-packages/airflow/example_dags/example_python_operator.py for tasks to queue
[2024-03-04T16:20:03.349+0000] {logging_mixin.py:188} INFO - [2024-03-04T16:20:03.349+0000] {dagbag.py:540} INFO - Filling up the DagBag from /home/airflow/.local/lib/python3.11/site-packages/airflow/example_dags/example_python_operator.py
[2024-03-04T16:20:03.359+0000] {processor.py:840} INFO - DAG(s) 'example_python_operator' retrieved from /home/airflow/.local/lib/python3.11/site-packages/airflow/example_dags/example_python_operator.py
[2024-03-04T16:20:03.378+0000] {logging_mixin.py:188} INFO - [2024-03-04T16:20:03.378+0000] {dag.py:3047} INFO - Sync 1 DAGs
[2024-03-04T16:20:03.385+0000] {logging_mixin.py:188} INFO - [2024-03-04T16:20:03.385+0000] {dag.py:3834} INFO - Setting next_dagrun for example_python_operator to None, run_after=None
[2024-03-04T16:20:03.397+0000] {processor.py:183} INFO - Processing /home/airflow/.local/lib/python3.11/site-packages/airflow/example_dags/example_python_operator.py took 0.053 seconds
[2024-03-04T16:20:33.984+0000] {processor.py:161} INFO - Started process (PID=3138) to work on /home/airflow/.local/lib/python3.11/site-packages/airflow/example_dags/example_python_operator.py
[2024-03-04T16:20:33.985+0000] {processor.py:830} INFO - Processing file /home/airflow/.local/lib/python3.11/site-packages/airflow/example_dags/example_python_operator.py for tasks to queue
[2024-03-04T16:20:33.986+0000] {logging_mixin.py:188} INFO - [2024-03-04T16:20:33.986+0000] {dagbag.py:540} INFO - Filling up the DagBag from /home/airflow/.local/lib/python3.11/site-packages/airflow/example_dags/example_python_operator.py
[2024-03-04T16:20:33.991+0000] {processor.py:840} INFO - DAG(s) 'example_python_operator' retrieved from /home/airflow/.local/lib/python3.11/site-packages/airflow/example_dags/example_python_operator.py
[2024-03-04T16:20:34.000+0000] {logging_mixin.py:188} INFO - [2024-03-04T16:20:34.000+0000] {dag.py:3047} INFO - Sync 1 DAGs
[2024-03-04T16:20:34.005+0000] {logging_mixin.py:188} INFO - [2024-03-04T16:20:34.005+0000] {dag.py:3834} INFO - Setting next_dagrun for example_python_operator to None, run_after=None
[2024-03-04T16:20:34.012+0000] {processor.py:183} INFO - Processing /home/airflow/.local/lib/python3.11/site-packages/airflow/example_dags/example_python_operator.py took 0.029 seconds
[2024-03-04T16:21:04.196+0000] {processor.py:161} INFO - Started process (PID=3193) to work on /home/airflow/.local/lib/python3.11/site-packages/airflow/example_dags/example_python_operator.py
[2024-03-04T16:21:04.197+0000] {processor.py:830} INFO - Processing file /home/airflow/.local/lib/python3.11/site-packages/airflow/example_dags/example_python_operator.py for tasks to queue
[2024-03-04T16:21:04.197+0000] {logging_mixin.py:188} INFO - [2024-03-04T16:21:04.197+0000] {dagbag.py:540} INFO - Filling up the DagBag from /home/airflow/.local/lib/python3.11/site-packages/airflow/example_dags/example_python_operator.py
[2024-03-04T16:21:04.203+0000] {processor.py:840} INFO - DAG(s) 'example_python_operator' retrieved from /home/airflow/.local/lib/python3.11/site-packages/airflow/example_dags/example_python_operator.py
[2024-03-04T16:21:04.212+0000] {logging_mixin.py:188} INFO - [2024-03-04T16:21:04.212+0000] {dag.py:3047} INFO - Sync 1 DAGs
[2024-03-04T16:21:04.216+0000] {logging_mixin.py:188} INFO - [2024-03-04T16:21:04.216+0000] {dag.py:3834} INFO - Setting next_dagrun for example_python_operator to None, run_after=None
[2024-03-04T16:21:04.223+0000] {processor.py:183} INFO - Processing /home/airflow/.local/lib/python3.11/site-packages/airflow/example_dags/example_python_operator.py took 0.028 seconds
[2024-03-04T16:21:34.448+0000] {processor.py:161} INFO - Started process (PID=3248) to work on /home/airflow/.local/lib/python3.11/site-packages/airflow/example_dags/example_python_operator.py
[2024-03-04T16:21:34.449+0000] {processor.py:830} INFO - Processing file /home/airflow/.local/lib/python3.11/site-packages/airflow/example_dags/example_python_operator.py for tasks to queue
[2024-03-04T16:21:34.450+0000] {logging_mixin.py:188} INFO - [2024-03-04T16:21:34.449+0000] {dagbag.py:540} INFO - Filling up the DagBag from /home/airflow/.local/lib/python3.11/site-packages/airflow/example_dags/example_python_operator.py
[2024-03-04T16:21:34.455+0000] {processor.py:840} INFO - DAG(s) 'example_python_operator' retrieved from /home/airflow/.local/lib/python3.11/site-packages/airflow/example_dags/example_python_operator.py
[2024-03-04T16:21:34.464+0000] {logging_mixin.py:188} INFO - [2024-03-04T16:21:34.464+0000] {dag.py:3047} INFO - Sync 1 DAGs
[2024-03-04T16:21:34.469+0000] {logging_mixin.py:188} INFO - [2024-03-04T16:21:34.469+0000] {dag.py:3834} INFO - Setting next_dagrun for example_python_operator to None, run_after=None
[2024-03-04T16:21:34.476+0000] {processor.py:183} INFO - Processing /home/airflow/.local/lib/python3.11/site-packages/airflow/example_dags/example_python_operator.py took 0.029 seconds
[2024-03-04T16:22:04.761+0000] {processor.py:161} INFO - Started process (PID=3303) to work on /home/airflow/.local/lib/python3.11/site-packages/airflow/example_dags/example_python_operator.py
[2024-03-04T16:22:04.762+0000] {processor.py:830} INFO - Processing file /home/airflow/.local/lib/python3.11/site-packages/airflow/example_dags/example_python_operator.py for tasks to queue
[2024-03-04T16:22:04.763+0000] {logging_mixin.py:188} INFO - [2024-03-04T16:22:04.763+0000] {dagbag.py:540} INFO - Filling up the DagBag from /home/airflow/.local/lib/python3.11/site-packages/airflow/example_dags/example_python_operator.py
[2024-03-04T16:22:04.768+0000] {processor.py:840} INFO - DAG(s) 'example_python_operator' retrieved from /home/airflow/.local/lib/python3.11/site-packages/airflow/example_dags/example_python_operator.py
[2024-03-04T16:22:04.778+0000] {logging_mixin.py:188} INFO - [2024-03-04T16:22:04.778+0000] {dag.py:3047} INFO - Sync 1 DAGs
[2024-03-04T16:22:04.784+0000] {logging_mixin.py:188} INFO - [2024-03-04T16:22:04.783+0000] {dag.py:3834} INFO - Setting next_dagrun for example_python_operator to None, run_after=None
[2024-03-04T16:22:04.790+0000] {processor.py:183} INFO - Processing /home/airflow/.local/lib/python3.11/site-packages/airflow/example_dags/example_python_operator.py took 0.030 seconds
[2024-03-04T16:22:35.039+0000] {processor.py:161} INFO - Started process (PID=3358) to work on /home/airflow/.local/lib/python3.11/site-packages/airflow/example_dags/example_python_operator.py
[2024-03-04T16:22:35.040+0000] {processor.py:830} INFO - Processing file /home/airflow/.local/lib/python3.11/site-packages/airflow/example_dags/example_python_operator.py for tasks to queue
[2024-03-04T16:22:35.041+0000] {logging_mixin.py:188} INFO - [2024-03-04T16:22:35.040+0000] {dagbag.py:540} INFO - Filling up the DagBag from /home/airflow/.local/lib/python3.11/site-packages/airflow/example_dags/example_python_operator.py
[2024-03-04T16:22:35.046+0000] {processor.py:840} INFO - DAG(s) 'example_python_operator' retrieved from /home/airflow/.local/lib/python3.11/site-packages/airflow/example_dags/example_python_operator.py
[2024-03-04T16:22:35.055+0000] {logging_mixin.py:188} INFO - [2024-03-04T16:22:35.055+0000] {dag.py:3047} INFO - Sync 1 DAGs
[2024-03-04T16:22:35.060+0000] {logging_mixin.py:188} INFO - [2024-03-04T16:22:35.060+0000] {dag.py:3834} INFO - Setting next_dagrun for example_python_operator to None, run_after=None
[2024-03-04T16:22:35.066+0000] {processor.py:183} INFO - Processing /home/airflow/.local/lib/python3.11/site-packages/airflow/example_dags/example_python_operator.py took 0.029 seconds
[2024-03-04T16:23:05.272+0000] {processor.py:161} INFO - Started process (PID=3413) to work on /home/airflow/.local/lib/python3.11/site-packages/airflow/example_dags/example_python_operator.py
[2024-03-04T16:23:05.273+0000] {processor.py:830} INFO - Processing file /home/airflow/.local/lib/python3.11/site-packages/airflow/example_dags/example_python_operator.py for tasks to queue
[2024-03-04T16:23:05.274+0000] {logging_mixin.py:188} INFO - [2024-03-04T16:23:05.274+0000] {dagbag.py:540} INFO - Filling up the DagBag from /home/airflow/.local/lib/python3.11/site-packages/airflow/example_dags/example_python_operator.py
[2024-03-04T16:23:05.280+0000] {processor.py:840} INFO - DAG(s) 'example_python_operator' retrieved from /home/airflow/.local/lib/python3.11/site-packages/airflow/example_dags/example_python_operator.py
[2024-03-04T16:23:05.289+0000] {logging_mixin.py:188} INFO - [2024-03-04T16:23:05.289+0000] {dag.py:3047} INFO - Sync 1 DAGs
[2024-03-04T16:23:05.294+0000] {logging_mixin.py:188} INFO - [2024-03-04T16:23:05.294+0000] {dag.py:3834} INFO - Setting next_dagrun for example_python_operator to None, run_after=None
[2024-03-04T16:23:05.301+0000] {processor.py:183} INFO - Processing /home/airflow/.local/lib/python3.11/site-packages/airflow/example_dags/example_python_operator.py took 0.030 seconds
[2024-03-04T16:23:35.811+0000] {processor.py:161} INFO - Started process (PID=3467) to work on /home/airflow/.local/lib/python3.11/site-packages/airflow/example_dags/example_python_operator.py
[2024-03-04T16:23:35.812+0000] {processor.py:830} INFO - Processing file /home/airflow/.local/lib/python3.11/site-packages/airflow/example_dags/example_python_operator.py for tasks to queue
[2024-03-04T16:23:35.813+0000] {logging_mixin.py:188} INFO - [2024-03-04T16:23:35.813+0000] {dagbag.py:540} INFO - Filling up the DagBag from /home/airflow/.local/lib/python3.11/site-packages/airflow/example_dags/example_python_operator.py
[2024-03-04T16:23:35.827+0000] {processor.py:840} INFO - DAG(s) 'example_python_operator' retrieved from /home/airflow/.local/lib/python3.11/site-packages/airflow/example_dags/example_python_operator.py
[2024-03-04T16:23:35.858+0000] {logging_mixin.py:188} INFO - [2024-03-04T16:23:35.857+0000] {dag.py:3047} INFO - Sync 1 DAGs
[2024-03-04T16:23:35.872+0000] {logging_mixin.py:188} INFO - [2024-03-04T16:23:35.872+0000] {dag.py:3834} INFO - Setting next_dagrun for example_python_operator to None, run_after=None
[2024-03-04T16:23:35.883+0000] {processor.py:183} INFO - Processing /home/airflow/.local/lib/python3.11/site-packages/airflow/example_dags/example_python_operator.py took 0.074 seconds
[2024-03-04T16:24:06.402+0000] {processor.py:161} INFO - Started process (PID=3522) to work on /home/airflow/.local/lib/python3.11/site-packages/airflow/example_dags/example_python_operator.py
[2024-03-04T16:24:06.405+0000] {processor.py:830} INFO - Processing file /home/airflow/.local/lib/python3.11/site-packages/airflow/example_dags/example_python_operator.py for tasks to queue
[2024-03-04T16:24:06.409+0000] {logging_mixin.py:188} INFO - [2024-03-04T16:24:06.408+0000] {dagbag.py:540} INFO - Filling up the DagBag from /home/airflow/.local/lib/python3.11/site-packages/airflow/example_dags/example_python_operator.py
[2024-03-04T16:24:06.422+0000] {processor.py:840} INFO - DAG(s) 'example_python_operator' retrieved from /home/airflow/.local/lib/python3.11/site-packages/airflow/example_dags/example_python_operator.py
[2024-03-04T16:24:06.466+0000] {logging_mixin.py:188} INFO - [2024-03-04T16:24:06.466+0000] {dag.py:3047} INFO - Sync 1 DAGs
[2024-03-04T16:24:06.478+0000] {logging_mixin.py:188} INFO - [2024-03-04T16:24:06.478+0000] {dag.py:3834} INFO - Setting next_dagrun for example_python_operator to None, run_after=None
[2024-03-04T16:24:06.492+0000] {processor.py:183} INFO - Processing /home/airflow/.local/lib/python3.11/site-packages/airflow/example_dags/example_python_operator.py took 0.105 seconds
[2024-03-04T16:24:37.416+0000] {processor.py:161} INFO - Started process (PID=3577) to work on /home/airflow/.local/lib/python3.11/site-packages/airflow/example_dags/example_python_operator.py
[2024-03-04T16:24:37.418+0000] {processor.py:830} INFO - Processing file /home/airflow/.local/lib/python3.11/site-packages/airflow/example_dags/example_python_operator.py for tasks to queue
[2024-03-04T16:24:37.422+0000] {logging_mixin.py:188} INFO - [2024-03-04T16:24:37.422+0000] {dagbag.py:540} INFO - Filling up the DagBag from /home/airflow/.local/lib/python3.11/site-packages/airflow/example_dags/example_python_operator.py
[2024-03-04T16:24:37.444+0000] {processor.py:840} INFO - DAG(s) 'example_python_operator' retrieved from /home/airflow/.local/lib/python3.11/site-packages/airflow/example_dags/example_python_operator.py
[2024-03-04T16:24:37.466+0000] {logging_mixin.py:188} INFO - [2024-03-04T16:24:37.466+0000] {dag.py:3047} INFO - Sync 1 DAGs
[2024-03-04T16:24:37.496+0000] {logging_mixin.py:188} INFO - [2024-03-04T16:24:37.495+0000] {dag.py:3834} INFO - Setting next_dagrun for example_python_operator to None, run_after=None
[2024-03-04T16:24:37.515+0000] {processor.py:183} INFO - Processing /home/airflow/.local/lib/python3.11/site-packages/airflow/example_dags/example_python_operator.py took 0.102 seconds
[2024-03-04T16:25:07.548+0000] {processor.py:161} INFO - Started process (PID=3632) to work on /home/airflow/.local/lib/python3.11/site-packages/airflow/example_dags/example_python_operator.py
[2024-03-04T16:25:07.549+0000] {processor.py:830} INFO - Processing file /home/airflow/.local/lib/python3.11/site-packages/airflow/example_dags/example_python_operator.py for tasks to queue
[2024-03-04T16:25:07.550+0000] {logging_mixin.py:188} INFO - [2024-03-04T16:25:07.550+0000] {dagbag.py:540} INFO - Filling up the DagBag from /home/airflow/.local/lib/python3.11/site-packages/airflow/example_dags/example_python_operator.py
[2024-03-04T16:25:07.559+0000] {processor.py:840} INFO - DAG(s) 'example_python_operator' retrieved from /home/airflow/.local/lib/python3.11/site-packages/airflow/example_dags/example_python_operator.py
[2024-03-04T16:25:07.571+0000] {logging_mixin.py:188} INFO - [2024-03-04T16:25:07.571+0000] {dag.py:3047} INFO - Sync 1 DAGs
[2024-03-04T16:25:07.576+0000] {logging_mixin.py:188} INFO - [2024-03-04T16:25:07.576+0000] {dag.py:3834} INFO - Setting next_dagrun for example_python_operator to None, run_after=None
[2024-03-04T16:25:07.583+0000] {processor.py:183} INFO - Processing /home/airflow/.local/lib/python3.11/site-packages/airflow/example_dags/example_python_operator.py took 0.036 seconds
[2024-03-04T16:25:38.392+0000] {processor.py:161} INFO - Started process (PID=3687) to work on /home/airflow/.local/lib/python3.11/site-packages/airflow/example_dags/example_python_operator.py
[2024-03-04T16:25:38.394+0000] {processor.py:830} INFO - Processing file /home/airflow/.local/lib/python3.11/site-packages/airflow/example_dags/example_python_operator.py for tasks to queue
[2024-03-04T16:25:38.399+0000] {logging_mixin.py:188} INFO - [2024-03-04T16:25:38.399+0000] {dagbag.py:540} INFO - Filling up the DagBag from /home/airflow/.local/lib/python3.11/site-packages/airflow/example_dags/example_python_operator.py
[2024-03-04T16:25:38.406+0000] {processor.py:840} INFO - DAG(s) 'example_python_operator' retrieved from /home/airflow/.local/lib/python3.11/site-packages/airflow/example_dags/example_python_operator.py
[2024-03-04T16:25:38.438+0000] {logging_mixin.py:188} INFO - [2024-03-04T16:25:38.438+0000] {dag.py:3047} INFO - Sync 1 DAGs
[2024-03-04T16:25:38.446+0000] {logging_mixin.py:188} INFO - [2024-03-04T16:25:38.445+0000] {dag.py:3834} INFO - Setting next_dagrun for example_python_operator to None, run_after=None
[2024-03-04T16:25:38.455+0000] {processor.py:183} INFO - Processing /home/airflow/.local/lib/python3.11/site-packages/airflow/example_dags/example_python_operator.py took 0.065 seconds
[2024-03-04T16:26:09.319+0000] {processor.py:161} INFO - Started process (PID=3742) to work on /home/airflow/.local/lib/python3.11/site-packages/airflow/example_dags/example_python_operator.py
[2024-03-04T16:26:09.320+0000] {processor.py:830} INFO - Processing file /home/airflow/.local/lib/python3.11/site-packages/airflow/example_dags/example_python_operator.py for tasks to queue
[2024-03-04T16:26:09.321+0000] {logging_mixin.py:188} INFO - [2024-03-04T16:26:09.321+0000] {dagbag.py:540} INFO - Filling up the DagBag from /home/airflow/.local/lib/python3.11/site-packages/airflow/example_dags/example_python_operator.py
[2024-03-04T16:26:09.334+0000] {processor.py:840} INFO - DAG(s) 'example_python_operator' retrieved from /home/airflow/.local/lib/python3.11/site-packages/airflow/example_dags/example_python_operator.py
[2024-03-04T16:26:09.355+0000] {logging_mixin.py:188} INFO - [2024-03-04T16:26:09.355+0000] {dag.py:3047} INFO - Sync 1 DAGs
[2024-03-04T16:26:09.367+0000] {logging_mixin.py:188} INFO - [2024-03-04T16:26:09.367+0000] {dag.py:3834} INFO - Setting next_dagrun for example_python_operator to None, run_after=None
[2024-03-04T16:26:09.379+0000] {processor.py:183} INFO - Processing /home/airflow/.local/lib/python3.11/site-packages/airflow/example_dags/example_python_operator.py took 0.062 seconds
[2024-03-04T16:26:39.823+0000] {processor.py:161} INFO - Started process (PID=3797) to work on /home/airflow/.local/lib/python3.11/site-packages/airflow/example_dags/example_python_operator.py
[2024-03-04T16:26:39.824+0000] {processor.py:830} INFO - Processing file /home/airflow/.local/lib/python3.11/site-packages/airflow/example_dags/example_python_operator.py for tasks to queue
[2024-03-04T16:26:39.825+0000] {logging_mixin.py:188} INFO - [2024-03-04T16:26:39.824+0000] {dagbag.py:540} INFO - Filling up the DagBag from /home/airflow/.local/lib/python3.11/site-packages/airflow/example_dags/example_python_operator.py
[2024-03-04T16:26:39.830+0000] {processor.py:840} INFO - DAG(s) 'example_python_operator' retrieved from /home/airflow/.local/lib/python3.11/site-packages/airflow/example_dags/example_python_operator.py
[2024-03-04T16:26:39.839+0000] {logging_mixin.py:188} INFO - [2024-03-04T16:26:39.839+0000] {dag.py:3047} INFO - Sync 1 DAGs
[2024-03-04T16:26:39.844+0000] {logging_mixin.py:188} INFO - [2024-03-04T16:26:39.844+0000] {dag.py:3834} INFO - Setting next_dagrun for example_python_operator to None, run_after=None
[2024-03-04T16:26:39.850+0000] {processor.py:183} INFO - Processing /home/airflow/.local/lib/python3.11/site-packages/airflow/example_dags/example_python_operator.py took 0.029 seconds
[2024-03-04T16:27:10.679+0000] {processor.py:161} INFO - Started process (PID=3852) to work on /home/airflow/.local/lib/python3.11/site-packages/airflow/example_dags/example_python_operator.py
[2024-03-04T16:27:10.680+0000] {processor.py:830} INFO - Processing file /home/airflow/.local/lib/python3.11/site-packages/airflow/example_dags/example_python_operator.py for tasks to queue
[2024-03-04T16:27:10.681+0000] {logging_mixin.py:188} INFO - [2024-03-04T16:27:10.681+0000] {dagbag.py:540} INFO - Filling up the DagBag from /home/airflow/.local/lib/python3.11/site-packages/airflow/example_dags/example_python_operator.py
[2024-03-04T16:27:10.687+0000] {processor.py:840} INFO - DAG(s) 'example_python_operator' retrieved from /home/airflow/.local/lib/python3.11/site-packages/airflow/example_dags/example_python_operator.py
[2024-03-04T16:27:10.696+0000] {logging_mixin.py:188} INFO - [2024-03-04T16:27:10.696+0000] {dag.py:3047} INFO - Sync 1 DAGs
[2024-03-04T16:27:10.701+0000] {logging_mixin.py:188} INFO - [2024-03-04T16:27:10.701+0000] {dag.py:3834} INFO - Setting next_dagrun for example_python_operator to None, run_after=None
[2024-03-04T16:27:10.709+0000] {processor.py:183} INFO - Processing /home/airflow/.local/lib/python3.11/site-packages/airflow/example_dags/example_python_operator.py took 0.032 seconds
[2024-03-04T16:27:40.945+0000] {processor.py:161} INFO - Started process (PID=3907) to work on /home/airflow/.local/lib/python3.11/site-packages/airflow/example_dags/example_python_operator.py
[2024-03-04T16:27:40.946+0000] {processor.py:830} INFO - Processing file /home/airflow/.local/lib/python3.11/site-packages/airflow/example_dags/example_python_operator.py for tasks to queue
[2024-03-04T16:27:40.947+0000] {logging_mixin.py:188} INFO - [2024-03-04T16:27:40.947+0000] {dagbag.py:540} INFO - Filling up the DagBag from /home/airflow/.local/lib/python3.11/site-packages/airflow/example_dags/example_python_operator.py
[2024-03-04T16:27:40.952+0000] {processor.py:840} INFO - DAG(s) 'example_python_operator' retrieved from /home/airflow/.local/lib/python3.11/site-packages/airflow/example_dags/example_python_operator.py
[2024-03-04T16:27:40.961+0000] {logging_mixin.py:188} INFO - [2024-03-04T16:27:40.961+0000] {dag.py:3047} INFO - Sync 1 DAGs
[2024-03-04T16:27:40.965+0000] {logging_mixin.py:188} INFO - [2024-03-04T16:27:40.965+0000] {dag.py:3834} INFO - Setting next_dagrun for example_python_operator to None, run_after=None
[2024-03-04T16:27:40.972+0000] {processor.py:183} INFO - Processing /home/airflow/.local/lib/python3.11/site-packages/airflow/example_dags/example_python_operator.py took 0.028 seconds
[2024-03-04T16:28:11.195+0000] {processor.py:161} INFO - Started process (PID=3962) to work on /home/airflow/.local/lib/python3.11/site-packages/airflow/example_dags/example_python_operator.py
[2024-03-04T16:28:11.196+0000] {processor.py:830} INFO - Processing file /home/airflow/.local/lib/python3.11/site-packages/airflow/example_dags/example_python_operator.py for tasks to queue
[2024-03-04T16:28:11.198+0000] {logging_mixin.py:188} INFO - [2024-03-04T16:28:11.198+0000] {dagbag.py:540} INFO - Filling up the DagBag from /home/airflow/.local/lib/python3.11/site-packages/airflow/example_dags/example_python_operator.py
[2024-03-04T16:28:11.205+0000] {processor.py:840} INFO - DAG(s) 'example_python_operator' retrieved from /home/airflow/.local/lib/python3.11/site-packages/airflow/example_dags/example_python_operator.py
[2024-03-04T16:28:11.217+0000] {logging_mixin.py:188} INFO - [2024-03-04T16:28:11.217+0000] {dag.py:3047} INFO - Sync 1 DAGs
[2024-03-04T16:28:11.223+0000] {logging_mixin.py:188} INFO - [2024-03-04T16:28:11.223+0000] {dag.py:3834} INFO - Setting next_dagrun for example_python_operator to None, run_after=None
[2024-03-04T16:28:11.230+0000] {processor.py:183} INFO - Processing /home/airflow/.local/lib/python3.11/site-packages/airflow/example_dags/example_python_operator.py took 0.037 seconds
