[2024-03-04T15:51:55.468+0000] {processor.py:161} INFO - Started process (PID=47) to work on /home/airflow/.local/lib/python3.11/site-packages/airflow/example_dags/example_branch_operator.py
[2024-03-04T15:51:55.475+0000] {processor.py:830} INFO - Processing file /home/airflow/.local/lib/python3.11/site-packages/airflow/example_dags/example_branch_operator.py for tasks to queue
[2024-03-04T15:51:55.484+0000] {logging_mixin.py:188} INFO - [2024-03-04T15:51:55.481+0000] {dagbag.py:540} INFO - Filling up the DagBag from /home/airflow/.local/lib/python3.11/site-packages/airflow/example_dags/example_branch_operator.py
[2024-03-04T15:51:55.524+0000] {processor.py:840} INFO - DAG(s) 'example_branch_operator' retrieved from /home/airflow/.local/lib/python3.11/site-packages/airflow/example_dags/example_branch_operator.py
[2024-03-04T15:51:55.682+0000] {logging_mixin.py:188} INFO - [2024-03-04T15:51:55.681+0000] {override.py:1769} INFO - Created Permission View: can read on DAG:example_branch_operator
[2024-03-04T15:51:55.695+0000] {logging_mixin.py:188} INFO - [2024-03-04T15:51:55.694+0000] {override.py:1769} INFO - Created Permission View: can delete on DAG:example_branch_operator
[2024-03-04T15:51:55.703+0000] {logging_mixin.py:188} INFO - [2024-03-04T15:51:55.703+0000] {override.py:1769} INFO - Created Permission View: can edit on DAG:example_branch_operator
[2024-03-04T15:51:55.704+0000] {logging_mixin.py:188} INFO - [2024-03-04T15:51:55.704+0000] {dag.py:3047} INFO - Sync 1 DAGs
[2024-03-04T15:51:55.715+0000] {logging_mixin.py:188} INFO - [2024-03-04T15:51:55.714+0000] {dag.py:3069} INFO - Creating ORM DAG for example_branch_operator
[2024-03-04T15:51:55.731+0000] {logging_mixin.py:188} INFO - [2024-03-04T15:51:55.730+0000] {dag.py:3834} INFO - Setting next_dagrun for example_branch_operator to 2024-03-03 00:00:00+00:00, run_after=2024-03-04 00:00:00+00:00
[2024-03-04T15:51:55.770+0000] {processor.py:183} INFO - Processing /home/airflow/.local/lib/python3.11/site-packages/airflow/example_dags/example_branch_operator.py took 0.316 seconds
[2024-03-04T15:52:26.751+0000] {processor.py:161} INFO - Started process (PID=102) to work on /home/airflow/.local/lib/python3.11/site-packages/airflow/example_dags/example_branch_operator.py
[2024-03-04T15:52:26.752+0000] {processor.py:830} INFO - Processing file /home/airflow/.local/lib/python3.11/site-packages/airflow/example_dags/example_branch_operator.py for tasks to queue
[2024-03-04T15:52:26.753+0000] {logging_mixin.py:188} INFO - [2024-03-04T15:52:26.753+0000] {dagbag.py:540} INFO - Filling up the DagBag from /home/airflow/.local/lib/python3.11/site-packages/airflow/example_dags/example_branch_operator.py
[2024-03-04T15:52:26.770+0000] {processor.py:840} INFO - DAG(s) 'example_branch_operator' retrieved from /home/airflow/.local/lib/python3.11/site-packages/airflow/example_dags/example_branch_operator.py
[2024-03-04T15:52:26.787+0000] {logging_mixin.py:188} INFO - [2024-03-04T15:52:26.787+0000] {dag.py:3047} INFO - Sync 1 DAGs
[2024-03-04T15:52:26.799+0000] {logging_mixin.py:188} INFO - [2024-03-04T15:52:26.799+0000] {dag.py:3834} INFO - Setting next_dagrun for example_branch_operator to 2024-03-03 00:00:00+00:00, run_after=2024-03-04 00:00:00+00:00
[2024-03-04T15:52:26.806+0000] {processor.py:183} INFO - Processing /home/airflow/.local/lib/python3.11/site-packages/airflow/example_dags/example_branch_operator.py took 0.058 seconds
[2024-03-04T15:52:57.639+0000] {processor.py:161} INFO - Started process (PID=157) to work on /home/airflow/.local/lib/python3.11/site-packages/airflow/example_dags/example_branch_operator.py
[2024-03-04T15:52:57.641+0000] {processor.py:830} INFO - Processing file /home/airflow/.local/lib/python3.11/site-packages/airflow/example_dags/example_branch_operator.py for tasks to queue
[2024-03-04T15:52:57.642+0000] {logging_mixin.py:188} INFO - [2024-03-04T15:52:57.642+0000] {dagbag.py:540} INFO - Filling up the DagBag from /home/airflow/.local/lib/python3.11/site-packages/airflow/example_dags/example_branch_operator.py
[2024-03-04T15:52:57.659+0000] {processor.py:840} INFO - DAG(s) 'example_branch_operator' retrieved from /home/airflow/.local/lib/python3.11/site-packages/airflow/example_dags/example_branch_operator.py
[2024-03-04T15:52:57.676+0000] {logging_mixin.py:188} INFO - [2024-03-04T15:52:57.675+0000] {dag.py:3047} INFO - Sync 1 DAGs
[2024-03-04T15:52:57.687+0000] {logging_mixin.py:188} INFO - [2024-03-04T15:52:57.687+0000] {dag.py:3834} INFO - Setting next_dagrun for example_branch_operator to 2024-03-03 00:00:00+00:00, run_after=2024-03-04 00:00:00+00:00
[2024-03-04T15:52:57.694+0000] {processor.py:183} INFO - Processing /home/airflow/.local/lib/python3.11/site-packages/airflow/example_dags/example_branch_operator.py took 0.058 seconds
[2024-03-04T15:53:28.030+0000] {processor.py:161} INFO - Started process (PID=212) to work on /home/airflow/.local/lib/python3.11/site-packages/airflow/example_dags/example_branch_operator.py
[2024-03-04T15:53:28.034+0000] {processor.py:830} INFO - Processing file /home/airflow/.local/lib/python3.11/site-packages/airflow/example_dags/example_branch_operator.py for tasks to queue
[2024-03-04T15:53:28.036+0000] {logging_mixin.py:188} INFO - [2024-03-04T15:53:28.036+0000] {dagbag.py:540} INFO - Filling up the DagBag from /home/airflow/.local/lib/python3.11/site-packages/airflow/example_dags/example_branch_operator.py
[2024-03-04T15:53:28.051+0000] {processor.py:840} INFO - DAG(s) 'example_branch_operator' retrieved from /home/airflow/.local/lib/python3.11/site-packages/airflow/example_dags/example_branch_operator.py
[2024-03-04T15:53:28.070+0000] {logging_mixin.py:188} INFO - [2024-03-04T15:53:28.070+0000] {dag.py:3047} INFO - Sync 1 DAGs
[2024-03-04T15:53:28.084+0000] {logging_mixin.py:188} INFO - [2024-03-04T15:53:28.084+0000] {dag.py:3834} INFO - Setting next_dagrun for example_branch_operator to 2024-03-03 00:00:00+00:00, run_after=2024-03-04 00:00:00+00:00
[2024-03-04T15:53:28.094+0000] {processor.py:183} INFO - Processing /home/airflow/.local/lib/python3.11/site-packages/airflow/example_dags/example_branch_operator.py took 0.067 seconds
[2024-03-04T15:53:58.991+0000] {processor.py:161} INFO - Started process (PID=267) to work on /home/airflow/.local/lib/python3.11/site-packages/airflow/example_dags/example_branch_operator.py
[2024-03-04T15:53:58.992+0000] {processor.py:830} INFO - Processing file /home/airflow/.local/lib/python3.11/site-packages/airflow/example_dags/example_branch_operator.py for tasks to queue
[2024-03-04T15:53:58.994+0000] {logging_mixin.py:188} INFO - [2024-03-04T15:53:58.994+0000] {dagbag.py:540} INFO - Filling up the DagBag from /home/airflow/.local/lib/python3.11/site-packages/airflow/example_dags/example_branch_operator.py
[2024-03-04T15:53:59.015+0000] {processor.py:840} INFO - DAG(s) 'example_branch_operator' retrieved from /home/airflow/.local/lib/python3.11/site-packages/airflow/example_dags/example_branch_operator.py
[2024-03-04T15:53:59.028+0000] {logging_mixin.py:188} INFO - [2024-03-04T15:53:59.028+0000] {dag.py:3047} INFO - Sync 1 DAGs
[2024-03-04T15:53:59.039+0000] {logging_mixin.py:188} INFO - [2024-03-04T15:53:59.039+0000] {dag.py:3834} INFO - Setting next_dagrun for example_branch_operator to 2024-03-03 00:00:00+00:00, run_after=2024-03-04 00:00:00+00:00
[2024-03-04T15:53:59.050+0000] {processor.py:183} INFO - Processing /home/airflow/.local/lib/python3.11/site-packages/airflow/example_dags/example_branch_operator.py took 0.064 seconds
[2024-03-04T15:54:29.765+0000] {processor.py:161} INFO - Started process (PID=322) to work on /home/airflow/.local/lib/python3.11/site-packages/airflow/example_dags/example_branch_operator.py
[2024-03-04T15:54:29.766+0000] {processor.py:830} INFO - Processing file /home/airflow/.local/lib/python3.11/site-packages/airflow/example_dags/example_branch_operator.py for tasks to queue
[2024-03-04T15:54:29.767+0000] {logging_mixin.py:188} INFO - [2024-03-04T15:54:29.767+0000] {dagbag.py:540} INFO - Filling up the DagBag from /home/airflow/.local/lib/python3.11/site-packages/airflow/example_dags/example_branch_operator.py
[2024-03-04T15:54:29.778+0000] {processor.py:840} INFO - DAG(s) 'example_branch_operator' retrieved from /home/airflow/.local/lib/python3.11/site-packages/airflow/example_dags/example_branch_operator.py
[2024-03-04T15:54:29.791+0000] {logging_mixin.py:188} INFO - [2024-03-04T15:54:29.791+0000] {dag.py:3047} INFO - Sync 1 DAGs
[2024-03-04T15:54:29.800+0000] {logging_mixin.py:188} INFO - [2024-03-04T15:54:29.800+0000] {dag.py:3834} INFO - Setting next_dagrun for example_branch_operator to 2024-03-03 00:00:00+00:00, run_after=2024-03-04 00:00:00+00:00
[2024-03-04T15:54:29.807+0000] {processor.py:183} INFO - Processing /home/airflow/.local/lib/python3.11/site-packages/airflow/example_dags/example_branch_operator.py took 0.045 seconds
[2024-03-04T15:55:00.400+0000] {processor.py:161} INFO - Started process (PID=377) to work on /home/airflow/.local/lib/python3.11/site-packages/airflow/example_dags/example_branch_operator.py
[2024-03-04T15:55:00.401+0000] {processor.py:830} INFO - Processing file /home/airflow/.local/lib/python3.11/site-packages/airflow/example_dags/example_branch_operator.py for tasks to queue
[2024-03-04T15:55:00.403+0000] {logging_mixin.py:188} INFO - [2024-03-04T15:55:00.403+0000] {dagbag.py:540} INFO - Filling up the DagBag from /home/airflow/.local/lib/python3.11/site-packages/airflow/example_dags/example_branch_operator.py
[2024-03-04T15:55:00.421+0000] {processor.py:840} INFO - DAG(s) 'example_branch_operator' retrieved from /home/airflow/.local/lib/python3.11/site-packages/airflow/example_dags/example_branch_operator.py
[2024-03-04T15:55:00.435+0000] {logging_mixin.py:188} INFO - [2024-03-04T15:55:00.435+0000] {dag.py:3047} INFO - Sync 1 DAGs
[2024-03-04T15:55:00.445+0000] {logging_mixin.py:188} INFO - [2024-03-04T15:55:00.445+0000] {dag.py:3834} INFO - Setting next_dagrun for example_branch_operator to 2024-03-03 00:00:00+00:00, run_after=2024-03-04 00:00:00+00:00
[2024-03-04T15:55:00.452+0000] {processor.py:183} INFO - Processing /home/airflow/.local/lib/python3.11/site-packages/airflow/example_dags/example_branch_operator.py took 0.058 seconds
[2024-03-04T15:55:31.161+0000] {processor.py:161} INFO - Started process (PID=432) to work on /home/airflow/.local/lib/python3.11/site-packages/airflow/example_dags/example_branch_operator.py
[2024-03-04T15:55:31.163+0000] {processor.py:830} INFO - Processing file /home/airflow/.local/lib/python3.11/site-packages/airflow/example_dags/example_branch_operator.py for tasks to queue
[2024-03-04T15:55:31.166+0000] {logging_mixin.py:188} INFO - [2024-03-04T15:55:31.166+0000] {dagbag.py:540} INFO - Filling up the DagBag from /home/airflow/.local/lib/python3.11/site-packages/airflow/example_dags/example_branch_operator.py
[2024-03-04T15:55:31.186+0000] {processor.py:840} INFO - DAG(s) 'example_branch_operator' retrieved from /home/airflow/.local/lib/python3.11/site-packages/airflow/example_dags/example_branch_operator.py
[2024-03-04T15:55:31.199+0000] {logging_mixin.py:188} INFO - [2024-03-04T15:55:31.199+0000] {dag.py:3047} INFO - Sync 1 DAGs
[2024-03-04T15:55:31.209+0000] {logging_mixin.py:188} INFO - [2024-03-04T15:55:31.208+0000] {dag.py:3834} INFO - Setting next_dagrun for example_branch_operator to 2024-03-03 00:00:00+00:00, run_after=2024-03-04 00:00:00+00:00
[2024-03-04T15:55:31.216+0000] {processor.py:183} INFO - Processing /home/airflow/.local/lib/python3.11/site-packages/airflow/example_dags/example_branch_operator.py took 0.059 seconds
[2024-03-04T15:56:01.978+0000] {processor.py:161} INFO - Started process (PID=487) to work on /home/airflow/.local/lib/python3.11/site-packages/airflow/example_dags/example_branch_operator.py
[2024-03-04T15:56:01.980+0000] {processor.py:830} INFO - Processing file /home/airflow/.local/lib/python3.11/site-packages/airflow/example_dags/example_branch_operator.py for tasks to queue
[2024-03-04T15:56:01.981+0000] {logging_mixin.py:188} INFO - [2024-03-04T15:56:01.981+0000] {dagbag.py:540} INFO - Filling up the DagBag from /home/airflow/.local/lib/python3.11/site-packages/airflow/example_dags/example_branch_operator.py
[2024-03-04T15:56:01.994+0000] {processor.py:840} INFO - DAG(s) 'example_branch_operator' retrieved from /home/airflow/.local/lib/python3.11/site-packages/airflow/example_dags/example_branch_operator.py
[2024-03-04T15:56:02.008+0000] {logging_mixin.py:188} INFO - [2024-03-04T15:56:02.008+0000] {dag.py:3047} INFO - Sync 1 DAGs
[2024-03-04T15:56:02.019+0000] {logging_mixin.py:188} INFO - [2024-03-04T15:56:02.019+0000] {dag.py:3834} INFO - Setting next_dagrun for example_branch_operator to 2024-03-03 00:00:00+00:00, run_after=2024-03-04 00:00:00+00:00
[2024-03-04T15:56:02.027+0000] {processor.py:183} INFO - Processing /home/airflow/.local/lib/python3.11/site-packages/airflow/example_dags/example_branch_operator.py took 0.051 seconds
[2024-03-04T15:56:32.667+0000] {processor.py:161} INFO - Started process (PID=542) to work on /home/airflow/.local/lib/python3.11/site-packages/airflow/example_dags/example_branch_operator.py
[2024-03-04T15:56:32.668+0000] {processor.py:830} INFO - Processing file /home/airflow/.local/lib/python3.11/site-packages/airflow/example_dags/example_branch_operator.py for tasks to queue
[2024-03-04T15:56:32.669+0000] {logging_mixin.py:188} INFO - [2024-03-04T15:56:32.669+0000] {dagbag.py:540} INFO - Filling up the DagBag from /home/airflow/.local/lib/python3.11/site-packages/airflow/example_dags/example_branch_operator.py
[2024-03-04T15:56:32.682+0000] {processor.py:840} INFO - DAG(s) 'example_branch_operator' retrieved from /home/airflow/.local/lib/python3.11/site-packages/airflow/example_dags/example_branch_operator.py
[2024-03-04T15:56:32.696+0000] {logging_mixin.py:188} INFO - [2024-03-04T15:56:32.696+0000] {dag.py:3047} INFO - Sync 1 DAGs
[2024-03-04T15:56:32.706+0000] {logging_mixin.py:188} INFO - [2024-03-04T15:56:32.706+0000] {dag.py:3834} INFO - Setting next_dagrun for example_branch_operator to 2024-03-03 00:00:00+00:00, run_after=2024-03-04 00:00:00+00:00
[2024-03-04T15:56:32.713+0000] {processor.py:183} INFO - Processing /home/airflow/.local/lib/python3.11/site-packages/airflow/example_dags/example_branch_operator.py took 0.050 seconds
[2024-03-04T15:57:03.416+0000] {processor.py:161} INFO - Started process (PID=597) to work on /home/airflow/.local/lib/python3.11/site-packages/airflow/example_dags/example_branch_operator.py
[2024-03-04T15:57:03.417+0000] {processor.py:830} INFO - Processing file /home/airflow/.local/lib/python3.11/site-packages/airflow/example_dags/example_branch_operator.py for tasks to queue
[2024-03-04T15:57:03.419+0000] {logging_mixin.py:188} INFO - [2024-03-04T15:57:03.419+0000] {dagbag.py:540} INFO - Filling up the DagBag from /home/airflow/.local/lib/python3.11/site-packages/airflow/example_dags/example_branch_operator.py
[2024-03-04T15:57:03.433+0000] {processor.py:840} INFO - DAG(s) 'example_branch_operator' retrieved from /home/airflow/.local/lib/python3.11/site-packages/airflow/example_dags/example_branch_operator.py
[2024-03-04T15:57:03.447+0000] {logging_mixin.py:188} INFO - [2024-03-04T15:57:03.447+0000] {dag.py:3047} INFO - Sync 1 DAGs
[2024-03-04T15:57:03.457+0000] {logging_mixin.py:188} INFO - [2024-03-04T15:57:03.457+0000] {dag.py:3834} INFO - Setting next_dagrun for example_branch_operator to 2024-03-03 00:00:00+00:00, run_after=2024-03-04 00:00:00+00:00
[2024-03-04T15:57:03.465+0000] {processor.py:183} INFO - Processing /home/airflow/.local/lib/python3.11/site-packages/airflow/example_dags/example_branch_operator.py took 0.051 seconds
[2024-03-04T15:57:34.073+0000] {processor.py:161} INFO - Started process (PID=652) to work on /home/airflow/.local/lib/python3.11/site-packages/airflow/example_dags/example_branch_operator.py
[2024-03-04T15:57:34.073+0000] {processor.py:830} INFO - Processing file /home/airflow/.local/lib/python3.11/site-packages/airflow/example_dags/example_branch_operator.py for tasks to queue
[2024-03-04T15:57:34.075+0000] {logging_mixin.py:188} INFO - [2024-03-04T15:57:34.075+0000] {dagbag.py:540} INFO - Filling up the DagBag from /home/airflow/.local/lib/python3.11/site-packages/airflow/example_dags/example_branch_operator.py
[2024-03-04T15:57:34.089+0000] {processor.py:840} INFO - DAG(s) 'example_branch_operator' retrieved from /home/airflow/.local/lib/python3.11/site-packages/airflow/example_dags/example_branch_operator.py
[2024-03-04T15:57:34.104+0000] {logging_mixin.py:188} INFO - [2024-03-04T15:57:34.104+0000] {dag.py:3047} INFO - Sync 1 DAGs
[2024-03-04T15:57:34.115+0000] {logging_mixin.py:188} INFO - [2024-03-04T15:57:34.115+0000] {dag.py:3834} INFO - Setting next_dagrun for example_branch_operator to 2024-03-03 00:00:00+00:00, run_after=2024-03-04 00:00:00+00:00
[2024-03-04T15:57:34.124+0000] {processor.py:183} INFO - Processing /home/airflow/.local/lib/python3.11/site-packages/airflow/example_dags/example_branch_operator.py took 0.054 seconds
[2024-03-04T15:58:04.834+0000] {processor.py:161} INFO - Started process (PID=707) to work on /home/airflow/.local/lib/python3.11/site-packages/airflow/example_dags/example_branch_operator.py
[2024-03-04T15:58:04.835+0000] {processor.py:830} INFO - Processing file /home/airflow/.local/lib/python3.11/site-packages/airflow/example_dags/example_branch_operator.py for tasks to queue
[2024-03-04T15:58:04.837+0000] {logging_mixin.py:188} INFO - [2024-03-04T15:58:04.837+0000] {dagbag.py:540} INFO - Filling up the DagBag from /home/airflow/.local/lib/python3.11/site-packages/airflow/example_dags/example_branch_operator.py
[2024-03-04T15:58:04.850+0000] {processor.py:840} INFO - DAG(s) 'example_branch_operator' retrieved from /home/airflow/.local/lib/python3.11/site-packages/airflow/example_dags/example_branch_operator.py
[2024-03-04T15:58:04.865+0000] {logging_mixin.py:188} INFO - [2024-03-04T15:58:04.864+0000] {dag.py:3047} INFO - Sync 1 DAGs
[2024-03-04T15:58:04.875+0000] {logging_mixin.py:188} INFO - [2024-03-04T15:58:04.875+0000] {dag.py:3834} INFO - Setting next_dagrun for example_branch_operator to 2024-03-03 00:00:00+00:00, run_after=2024-03-04 00:00:00+00:00
[2024-03-04T15:58:04.883+0000] {processor.py:183} INFO - Processing /home/airflow/.local/lib/python3.11/site-packages/airflow/example_dags/example_branch_operator.py took 0.052 seconds
[2024-03-04T15:58:35.527+0000] {processor.py:161} INFO - Started process (PID=762) to work on /home/airflow/.local/lib/python3.11/site-packages/airflow/example_dags/example_branch_operator.py
[2024-03-04T15:58:35.529+0000] {processor.py:830} INFO - Processing file /home/airflow/.local/lib/python3.11/site-packages/airflow/example_dags/example_branch_operator.py for tasks to queue
[2024-03-04T15:58:35.531+0000] {logging_mixin.py:188} INFO - [2024-03-04T15:58:35.531+0000] {dagbag.py:540} INFO - Filling up the DagBag from /home/airflow/.local/lib/python3.11/site-packages/airflow/example_dags/example_branch_operator.py
[2024-03-04T15:58:35.555+0000] {processor.py:840} INFO - DAG(s) 'example_branch_operator' retrieved from /home/airflow/.local/lib/python3.11/site-packages/airflow/example_dags/example_branch_operator.py
[2024-03-04T15:58:35.578+0000] {logging_mixin.py:188} INFO - [2024-03-04T15:58:35.578+0000] {dag.py:3047} INFO - Sync 1 DAGs
[2024-03-04T15:58:35.591+0000] {logging_mixin.py:188} INFO - [2024-03-04T15:58:35.591+0000] {dag.py:3834} INFO - Setting next_dagrun for example_branch_operator to 2024-03-03 00:00:00+00:00, run_after=2024-03-04 00:00:00+00:00
[2024-03-04T15:58:35.599+0000] {processor.py:183} INFO - Processing /home/airflow/.local/lib/python3.11/site-packages/airflow/example_dags/example_branch_operator.py took 0.076 seconds
[2024-03-04T15:59:06.271+0000] {processor.py:161} INFO - Started process (PID=817) to work on /home/airflow/.local/lib/python3.11/site-packages/airflow/example_dags/example_branch_operator.py
[2024-03-04T15:59:06.272+0000] {processor.py:830} INFO - Processing file /home/airflow/.local/lib/python3.11/site-packages/airflow/example_dags/example_branch_operator.py for tasks to queue
[2024-03-04T15:59:06.273+0000] {logging_mixin.py:188} INFO - [2024-03-04T15:59:06.273+0000] {dagbag.py:540} INFO - Filling up the DagBag from /home/airflow/.local/lib/python3.11/site-packages/airflow/example_dags/example_branch_operator.py
[2024-03-04T15:59:06.286+0000] {processor.py:840} INFO - DAG(s) 'example_branch_operator' retrieved from /home/airflow/.local/lib/python3.11/site-packages/airflow/example_dags/example_branch_operator.py
[2024-03-04T15:59:06.299+0000] {logging_mixin.py:188} INFO - [2024-03-04T15:59:06.299+0000] {dag.py:3047} INFO - Sync 1 DAGs
[2024-03-04T15:59:06.309+0000] {logging_mixin.py:188} INFO - [2024-03-04T15:59:06.309+0000] {dag.py:3834} INFO - Setting next_dagrun for example_branch_operator to 2024-03-03 00:00:00+00:00, run_after=2024-03-04 00:00:00+00:00
[2024-03-04T15:59:06.317+0000] {processor.py:183} INFO - Processing /home/airflow/.local/lib/python3.11/site-packages/airflow/example_dags/example_branch_operator.py took 0.049 seconds
[2024-03-04T15:59:36.784+0000] {processor.py:161} INFO - Started process (PID=872) to work on /home/airflow/.local/lib/python3.11/site-packages/airflow/example_dags/example_branch_operator.py
[2024-03-04T15:59:36.786+0000] {processor.py:830} INFO - Processing file /home/airflow/.local/lib/python3.11/site-packages/airflow/example_dags/example_branch_operator.py for tasks to queue
[2024-03-04T15:59:36.789+0000] {logging_mixin.py:188} INFO - [2024-03-04T15:59:36.789+0000] {dagbag.py:540} INFO - Filling up the DagBag from /home/airflow/.local/lib/python3.11/site-packages/airflow/example_dags/example_branch_operator.py
[2024-03-04T15:59:36.803+0000] {processor.py:840} INFO - DAG(s) 'example_branch_operator' retrieved from /home/airflow/.local/lib/python3.11/site-packages/airflow/example_dags/example_branch_operator.py
[2024-03-04T15:59:36.817+0000] {logging_mixin.py:188} INFO - [2024-03-04T15:59:36.816+0000] {dag.py:3047} INFO - Sync 1 DAGs
[2024-03-04T15:59:36.826+0000] {logging_mixin.py:188} INFO - [2024-03-04T15:59:36.826+0000] {dag.py:3834} INFO - Setting next_dagrun for example_branch_operator to 2024-03-03 00:00:00+00:00, run_after=2024-03-04 00:00:00+00:00
[2024-03-04T15:59:36.833+0000] {processor.py:183} INFO - Processing /home/airflow/.local/lib/python3.11/site-packages/airflow/example_dags/example_branch_operator.py took 0.054 seconds
[2024-03-04T16:00:07.492+0000] {processor.py:161} INFO - Started process (PID=927) to work on /home/airflow/.local/lib/python3.11/site-packages/airflow/example_dags/example_branch_operator.py
[2024-03-04T16:00:07.493+0000] {processor.py:830} INFO - Processing file /home/airflow/.local/lib/python3.11/site-packages/airflow/example_dags/example_branch_operator.py for tasks to queue
[2024-03-04T16:00:07.495+0000] {logging_mixin.py:188} INFO - [2024-03-04T16:00:07.495+0000] {dagbag.py:540} INFO - Filling up the DagBag from /home/airflow/.local/lib/python3.11/site-packages/airflow/example_dags/example_branch_operator.py
[2024-03-04T16:00:07.513+0000] {processor.py:840} INFO - DAG(s) 'example_branch_operator' retrieved from /home/airflow/.local/lib/python3.11/site-packages/airflow/example_dags/example_branch_operator.py
[2024-03-04T16:00:07.529+0000] {logging_mixin.py:188} INFO - [2024-03-04T16:00:07.529+0000] {dag.py:3047} INFO - Sync 1 DAGs
[2024-03-04T16:00:07.538+0000] {logging_mixin.py:188} INFO - [2024-03-04T16:00:07.538+0000] {dag.py:3834} INFO - Setting next_dagrun for example_branch_operator to 2024-03-03 00:00:00+00:00, run_after=2024-03-04 00:00:00+00:00
[2024-03-04T16:00:07.545+0000] {processor.py:183} INFO - Processing /home/airflow/.local/lib/python3.11/site-packages/airflow/example_dags/example_branch_operator.py took 0.058 seconds
[2024-03-04T16:00:38.304+0000] {processor.py:161} INFO - Started process (PID=981) to work on /home/airflow/.local/lib/python3.11/site-packages/airflow/example_dags/example_branch_operator.py
[2024-03-04T16:00:38.305+0000] {processor.py:830} INFO - Processing file /home/airflow/.local/lib/python3.11/site-packages/airflow/example_dags/example_branch_operator.py for tasks to queue
[2024-03-04T16:00:38.306+0000] {logging_mixin.py:188} INFO - [2024-03-04T16:00:38.306+0000] {dagbag.py:540} INFO - Filling up the DagBag from /home/airflow/.local/lib/python3.11/site-packages/airflow/example_dags/example_branch_operator.py
[2024-03-04T16:00:38.321+0000] {processor.py:840} INFO - DAG(s) 'example_branch_operator' retrieved from /home/airflow/.local/lib/python3.11/site-packages/airflow/example_dags/example_branch_operator.py
[2024-03-04T16:00:38.334+0000] {logging_mixin.py:188} INFO - [2024-03-04T16:00:38.334+0000] {dag.py:3047} INFO - Sync 1 DAGs
[2024-03-04T16:00:38.344+0000] {logging_mixin.py:188} INFO - [2024-03-04T16:00:38.344+0000] {dag.py:3834} INFO - Setting next_dagrun for example_branch_operator to 2024-03-03 00:00:00+00:00, run_after=2024-03-04 00:00:00+00:00
[2024-03-04T16:00:38.355+0000] {processor.py:183} INFO - Processing /home/airflow/.local/lib/python3.11/site-packages/airflow/example_dags/example_branch_operator.py took 0.054 seconds
[2024-03-04T16:01:09.073+0000] {processor.py:161} INFO - Started process (PID=1036) to work on /home/airflow/.local/lib/python3.11/site-packages/airflow/example_dags/example_branch_operator.py
[2024-03-04T16:01:09.074+0000] {processor.py:830} INFO - Processing file /home/airflow/.local/lib/python3.11/site-packages/airflow/example_dags/example_branch_operator.py for tasks to queue
[2024-03-04T16:01:09.076+0000] {logging_mixin.py:188} INFO - [2024-03-04T16:01:09.075+0000] {dagbag.py:540} INFO - Filling up the DagBag from /home/airflow/.local/lib/python3.11/site-packages/airflow/example_dags/example_branch_operator.py
[2024-03-04T16:01:09.090+0000] {processor.py:840} INFO - DAG(s) 'example_branch_operator' retrieved from /home/airflow/.local/lib/python3.11/site-packages/airflow/example_dags/example_branch_operator.py
[2024-03-04T16:01:09.106+0000] {logging_mixin.py:188} INFO - [2024-03-04T16:01:09.106+0000] {dag.py:3047} INFO - Sync 1 DAGs
[2024-03-04T16:01:09.125+0000] {logging_mixin.py:188} INFO - [2024-03-04T16:01:09.125+0000] {dag.py:3834} INFO - Setting next_dagrun for example_branch_operator to 2024-03-03 00:00:00+00:00, run_after=2024-03-04 00:00:00+00:00
[2024-03-04T16:01:09.134+0000] {processor.py:183} INFO - Processing /home/airflow/.local/lib/python3.11/site-packages/airflow/example_dags/example_branch_operator.py took 0.063 seconds
[2024-03-04T16:01:39.878+0000] {processor.py:161} INFO - Started process (PID=1091) to work on /home/airflow/.local/lib/python3.11/site-packages/airflow/example_dags/example_branch_operator.py
[2024-03-04T16:01:39.880+0000] {processor.py:830} INFO - Processing file /home/airflow/.local/lib/python3.11/site-packages/airflow/example_dags/example_branch_operator.py for tasks to queue
[2024-03-04T16:01:39.881+0000] {logging_mixin.py:188} INFO - [2024-03-04T16:01:39.881+0000] {dagbag.py:540} INFO - Filling up the DagBag from /home/airflow/.local/lib/python3.11/site-packages/airflow/example_dags/example_branch_operator.py
[2024-03-04T16:01:39.898+0000] {processor.py:840} INFO - DAG(s) 'example_branch_operator' retrieved from /home/airflow/.local/lib/python3.11/site-packages/airflow/example_dags/example_branch_operator.py
[2024-03-04T16:01:39.913+0000] {logging_mixin.py:188} INFO - [2024-03-04T16:01:39.912+0000] {dag.py:3047} INFO - Sync 1 DAGs
[2024-03-04T16:01:39.923+0000] {logging_mixin.py:188} INFO - [2024-03-04T16:01:39.923+0000] {dag.py:3834} INFO - Setting next_dagrun for example_branch_operator to 2024-03-03 00:00:00+00:00, run_after=2024-03-04 00:00:00+00:00
[2024-03-04T16:01:39.930+0000] {processor.py:183} INFO - Processing /home/airflow/.local/lib/python3.11/site-packages/airflow/example_dags/example_branch_operator.py took 0.055 seconds
[2024-03-04T16:02:10.717+0000] {processor.py:161} INFO - Started process (PID=1146) to work on /home/airflow/.local/lib/python3.11/site-packages/airflow/example_dags/example_branch_operator.py
[2024-03-04T16:02:10.718+0000] {processor.py:830} INFO - Processing file /home/airflow/.local/lib/python3.11/site-packages/airflow/example_dags/example_branch_operator.py for tasks to queue
[2024-03-04T16:02:10.720+0000] {logging_mixin.py:188} INFO - [2024-03-04T16:02:10.720+0000] {dagbag.py:540} INFO - Filling up the DagBag from /home/airflow/.local/lib/python3.11/site-packages/airflow/example_dags/example_branch_operator.py
[2024-03-04T16:02:10.734+0000] {processor.py:840} INFO - DAG(s) 'example_branch_operator' retrieved from /home/airflow/.local/lib/python3.11/site-packages/airflow/example_dags/example_branch_operator.py
[2024-03-04T16:02:10.748+0000] {logging_mixin.py:188} INFO - [2024-03-04T16:02:10.748+0000] {dag.py:3047} INFO - Sync 1 DAGs
[2024-03-04T16:02:10.759+0000] {logging_mixin.py:188} INFO - [2024-03-04T16:02:10.759+0000] {dag.py:3834} INFO - Setting next_dagrun for example_branch_operator to 2024-03-03 00:00:00+00:00, run_after=2024-03-04 00:00:00+00:00
[2024-03-04T16:02:10.766+0000] {processor.py:183} INFO - Processing /home/airflow/.local/lib/python3.11/site-packages/airflow/example_dags/example_branch_operator.py took 0.053 seconds
[2024-03-04T16:02:41.401+0000] {processor.py:161} INFO - Started process (PID=1201) to work on /home/airflow/.local/lib/python3.11/site-packages/airflow/example_dags/example_branch_operator.py
[2024-03-04T16:02:41.403+0000] {processor.py:830} INFO - Processing file /home/airflow/.local/lib/python3.11/site-packages/airflow/example_dags/example_branch_operator.py for tasks to queue
[2024-03-04T16:02:41.404+0000] {logging_mixin.py:188} INFO - [2024-03-04T16:02:41.404+0000] {dagbag.py:540} INFO - Filling up the DagBag from /home/airflow/.local/lib/python3.11/site-packages/airflow/example_dags/example_branch_operator.py
[2024-03-04T16:02:41.419+0000] {processor.py:840} INFO - DAG(s) 'example_branch_operator' retrieved from /home/airflow/.local/lib/python3.11/site-packages/airflow/example_dags/example_branch_operator.py
[2024-03-04T16:02:41.435+0000] {logging_mixin.py:188} INFO - [2024-03-04T16:02:41.435+0000] {dag.py:3047} INFO - Sync 1 DAGs
[2024-03-04T16:02:41.446+0000] {logging_mixin.py:188} INFO - [2024-03-04T16:02:41.446+0000] {dag.py:3834} INFO - Setting next_dagrun for example_branch_operator to 2024-03-03 00:00:00+00:00, run_after=2024-03-04 00:00:00+00:00
[2024-03-04T16:02:41.453+0000] {processor.py:183} INFO - Processing /home/airflow/.local/lib/python3.11/site-packages/airflow/example_dags/example_branch_operator.py took 0.055 seconds
[2024-03-04T16:03:12.160+0000] {processor.py:161} INFO - Started process (PID=1256) to work on /home/airflow/.local/lib/python3.11/site-packages/airflow/example_dags/example_branch_operator.py
[2024-03-04T16:03:12.164+0000] {processor.py:830} INFO - Processing file /home/airflow/.local/lib/python3.11/site-packages/airflow/example_dags/example_branch_operator.py for tasks to queue
[2024-03-04T16:03:12.168+0000] {logging_mixin.py:188} INFO - [2024-03-04T16:03:12.167+0000] {dagbag.py:540} INFO - Filling up the DagBag from /home/airflow/.local/lib/python3.11/site-packages/airflow/example_dags/example_branch_operator.py
[2024-03-04T16:03:12.183+0000] {processor.py:840} INFO - DAG(s) 'example_branch_operator' retrieved from /home/airflow/.local/lib/python3.11/site-packages/airflow/example_dags/example_branch_operator.py
[2024-03-04T16:03:12.195+0000] {logging_mixin.py:188} INFO - [2024-03-04T16:03:12.195+0000] {dag.py:3047} INFO - Sync 1 DAGs
[2024-03-04T16:03:12.205+0000] {logging_mixin.py:188} INFO - [2024-03-04T16:03:12.205+0000] {dag.py:3834} INFO - Setting next_dagrun for example_branch_operator to 2024-03-03 00:00:00+00:00, run_after=2024-03-04 00:00:00+00:00
[2024-03-04T16:03:12.212+0000] {processor.py:183} INFO - Processing /home/airflow/.local/lib/python3.11/site-packages/airflow/example_dags/example_branch_operator.py took 0.055 seconds
[2024-03-04T16:03:43.019+0000] {processor.py:161} INFO - Started process (PID=1317) to work on /home/airflow/.local/lib/python3.11/site-packages/airflow/example_dags/example_branch_operator.py
[2024-03-04T16:03:43.020+0000] {processor.py:830} INFO - Processing file /home/airflow/.local/lib/python3.11/site-packages/airflow/example_dags/example_branch_operator.py for tasks to queue
[2024-03-04T16:03:43.022+0000] {logging_mixin.py:188} INFO - [2024-03-04T16:03:43.021+0000] {dagbag.py:540} INFO - Filling up the DagBag from /home/airflow/.local/lib/python3.11/site-packages/airflow/example_dags/example_branch_operator.py
[2024-03-04T16:03:43.051+0000] {processor.py:840} INFO - DAG(s) 'example_branch_operator' retrieved from /home/airflow/.local/lib/python3.11/site-packages/airflow/example_dags/example_branch_operator.py
[2024-03-04T16:03:43.083+0000] {logging_mixin.py:188} INFO - [2024-03-04T16:03:43.083+0000] {dag.py:3047} INFO - Sync 1 DAGs
[2024-03-04T16:03:43.106+0000] {logging_mixin.py:188} INFO - [2024-03-04T16:03:43.106+0000] {dag.py:3834} INFO - Setting next_dagrun for example_branch_operator to 2024-03-03 00:00:00+00:00, run_after=2024-03-04 00:00:00+00:00
[2024-03-04T16:03:43.114+0000] {processor.py:183} INFO - Processing /home/airflow/.local/lib/python3.11/site-packages/airflow/example_dags/example_branch_operator.py took 0.098 seconds
[2024-03-04T16:04:13.415+0000] {processor.py:161} INFO - Started process (PID=1372) to work on /home/airflow/.local/lib/python3.11/site-packages/airflow/example_dags/example_branch_operator.py
[2024-03-04T16:04:13.416+0000] {processor.py:830} INFO - Processing file /home/airflow/.local/lib/python3.11/site-packages/airflow/example_dags/example_branch_operator.py for tasks to queue
[2024-03-04T16:04:13.420+0000] {logging_mixin.py:188} INFO - [2024-03-04T16:04:13.419+0000] {dagbag.py:540} INFO - Filling up the DagBag from /home/airflow/.local/lib/python3.11/site-packages/airflow/example_dags/example_branch_operator.py
[2024-03-04T16:04:13.441+0000] {processor.py:840} INFO - DAG(s) 'example_branch_operator' retrieved from /home/airflow/.local/lib/python3.11/site-packages/airflow/example_dags/example_branch_operator.py
[2024-03-04T16:04:13.478+0000] {logging_mixin.py:188} INFO - [2024-03-04T16:04:13.478+0000] {dag.py:3047} INFO - Sync 1 DAGs
[2024-03-04T16:04:13.494+0000] {logging_mixin.py:188} INFO - [2024-03-04T16:04:13.493+0000] {dag.py:3834} INFO - Setting next_dagrun for example_branch_operator to 2024-03-03 00:00:00+00:00, run_after=2024-03-04 00:00:00+00:00
[2024-03-04T16:04:13.505+0000] {processor.py:183} INFO - Processing /home/airflow/.local/lib/python3.11/site-packages/airflow/example_dags/example_branch_operator.py took 0.096 seconds
[2024-03-04T16:04:44.392+0000] {processor.py:161} INFO - Started process (PID=1427) to work on /home/airflow/.local/lib/python3.11/site-packages/airflow/example_dags/example_branch_operator.py
[2024-03-04T16:04:44.393+0000] {processor.py:830} INFO - Processing file /home/airflow/.local/lib/python3.11/site-packages/airflow/example_dags/example_branch_operator.py for tasks to queue
[2024-03-04T16:04:44.394+0000] {logging_mixin.py:188} INFO - [2024-03-04T16:04:44.394+0000] {dagbag.py:540} INFO - Filling up the DagBag from /home/airflow/.local/lib/python3.11/site-packages/airflow/example_dags/example_branch_operator.py
[2024-03-04T16:04:44.412+0000] {processor.py:840} INFO - DAG(s) 'example_branch_operator' retrieved from /home/airflow/.local/lib/python3.11/site-packages/airflow/example_dags/example_branch_operator.py
[2024-03-04T16:04:44.435+0000] {logging_mixin.py:188} INFO - [2024-03-04T16:04:44.434+0000] {dag.py:3047} INFO - Sync 1 DAGs
[2024-03-04T16:04:44.449+0000] {logging_mixin.py:188} INFO - [2024-03-04T16:04:44.449+0000] {dag.py:3834} INFO - Setting next_dagrun for example_branch_operator to 2024-03-03 00:00:00+00:00, run_after=2024-03-04 00:00:00+00:00
[2024-03-04T16:04:44.458+0000] {processor.py:183} INFO - Processing /home/airflow/.local/lib/python3.11/site-packages/airflow/example_dags/example_branch_operator.py took 0.069 seconds
[2024-03-04T16:05:15.087+0000] {processor.py:161} INFO - Started process (PID=1482) to work on /home/airflow/.local/lib/python3.11/site-packages/airflow/example_dags/example_branch_operator.py
[2024-03-04T16:05:15.088+0000] {processor.py:830} INFO - Processing file /home/airflow/.local/lib/python3.11/site-packages/airflow/example_dags/example_branch_operator.py for tasks to queue
[2024-03-04T16:05:15.089+0000] {logging_mixin.py:188} INFO - [2024-03-04T16:05:15.088+0000] {dagbag.py:540} INFO - Filling up the DagBag from /home/airflow/.local/lib/python3.11/site-packages/airflow/example_dags/example_branch_operator.py
[2024-03-04T16:05:15.103+0000] {processor.py:840} INFO - DAG(s) 'example_branch_operator' retrieved from /home/airflow/.local/lib/python3.11/site-packages/airflow/example_dags/example_branch_operator.py
[2024-03-04T16:05:15.139+0000] {logging_mixin.py:188} INFO - [2024-03-04T16:05:15.139+0000] {dag.py:3047} INFO - Sync 1 DAGs
[2024-03-04T16:05:15.155+0000] {logging_mixin.py:188} INFO - [2024-03-04T16:05:15.155+0000] {dag.py:3834} INFO - Setting next_dagrun for example_branch_operator to 2024-03-03 00:00:00+00:00, run_after=2024-03-04 00:00:00+00:00
[2024-03-04T16:05:15.164+0000] {processor.py:183} INFO - Processing /home/airflow/.local/lib/python3.11/site-packages/airflow/example_dags/example_branch_operator.py took 0.079 seconds
[2024-03-04T16:05:46.013+0000] {processor.py:161} INFO - Started process (PID=1537) to work on /home/airflow/.local/lib/python3.11/site-packages/airflow/example_dags/example_branch_operator.py
[2024-03-04T16:05:46.014+0000] {processor.py:830} INFO - Processing file /home/airflow/.local/lib/python3.11/site-packages/airflow/example_dags/example_branch_operator.py for tasks to queue
[2024-03-04T16:05:46.015+0000] {logging_mixin.py:188} INFO - [2024-03-04T16:05:46.015+0000] {dagbag.py:540} INFO - Filling up the DagBag from /home/airflow/.local/lib/python3.11/site-packages/airflow/example_dags/example_branch_operator.py
[2024-03-04T16:05:46.025+0000] {processor.py:840} INFO - DAG(s) 'example_branch_operator' retrieved from /home/airflow/.local/lib/python3.11/site-packages/airflow/example_dags/example_branch_operator.py
[2024-03-04T16:05:46.035+0000] {logging_mixin.py:188} INFO - [2024-03-04T16:05:46.035+0000] {dag.py:3047} INFO - Sync 1 DAGs
[2024-03-04T16:05:46.044+0000] {logging_mixin.py:188} INFO - [2024-03-04T16:05:46.044+0000] {dag.py:3834} INFO - Setting next_dagrun for example_branch_operator to 2024-03-03 00:00:00+00:00, run_after=2024-03-04 00:00:00+00:00
[2024-03-04T16:05:46.051+0000] {processor.py:183} INFO - Processing /home/airflow/.local/lib/python3.11/site-packages/airflow/example_dags/example_branch_operator.py took 0.040 seconds
[2024-03-04T16:06:16.124+0000] {processor.py:161} INFO - Started process (PID=1592) to work on /home/airflow/.local/lib/python3.11/site-packages/airflow/example_dags/example_branch_operator.py
[2024-03-04T16:06:16.125+0000] {processor.py:830} INFO - Processing file /home/airflow/.local/lib/python3.11/site-packages/airflow/example_dags/example_branch_operator.py for tasks to queue
[2024-03-04T16:06:16.125+0000] {logging_mixin.py:188} INFO - [2024-03-04T16:06:16.125+0000] {dagbag.py:540} INFO - Filling up the DagBag from /home/airflow/.local/lib/python3.11/site-packages/airflow/example_dags/example_branch_operator.py
[2024-03-04T16:06:16.134+0000] {processor.py:840} INFO - DAG(s) 'example_branch_operator' retrieved from /home/airflow/.local/lib/python3.11/site-packages/airflow/example_dags/example_branch_operator.py
[2024-03-04T16:06:16.144+0000] {logging_mixin.py:188} INFO - [2024-03-04T16:06:16.144+0000] {dag.py:3047} INFO - Sync 1 DAGs
[2024-03-04T16:06:16.152+0000] {logging_mixin.py:188} INFO - [2024-03-04T16:06:16.152+0000] {dag.py:3834} INFO - Setting next_dagrun for example_branch_operator to 2024-03-03 00:00:00+00:00, run_after=2024-03-04 00:00:00+00:00
[2024-03-04T16:06:16.159+0000] {processor.py:183} INFO - Processing /home/airflow/.local/lib/python3.11/site-packages/airflow/example_dags/example_branch_operator.py took 0.037 seconds
[2024-03-04T16:06:46.377+0000] {processor.py:161} INFO - Started process (PID=1647) to work on /home/airflow/.local/lib/python3.11/site-packages/airflow/example_dags/example_branch_operator.py
[2024-03-04T16:06:46.377+0000] {processor.py:830} INFO - Processing file /home/airflow/.local/lib/python3.11/site-packages/airflow/example_dags/example_branch_operator.py for tasks to queue
[2024-03-04T16:06:46.378+0000] {logging_mixin.py:188} INFO - [2024-03-04T16:06:46.378+0000] {dagbag.py:540} INFO - Filling up the DagBag from /home/airflow/.local/lib/python3.11/site-packages/airflow/example_dags/example_branch_operator.py
[2024-03-04T16:06:46.388+0000] {processor.py:840} INFO - DAG(s) 'example_branch_operator' retrieved from /home/airflow/.local/lib/python3.11/site-packages/airflow/example_dags/example_branch_operator.py
[2024-03-04T16:06:46.398+0000] {logging_mixin.py:188} INFO - [2024-03-04T16:06:46.398+0000] {dag.py:3047} INFO - Sync 1 DAGs
[2024-03-04T16:06:46.410+0000] {logging_mixin.py:188} INFO - [2024-03-04T16:06:46.410+0000] {dag.py:3834} INFO - Setting next_dagrun for example_branch_operator to 2024-03-03 00:00:00+00:00, run_after=2024-03-04 00:00:00+00:00
[2024-03-04T16:06:46.419+0000] {processor.py:183} INFO - Processing /home/airflow/.local/lib/python3.11/site-packages/airflow/example_dags/example_branch_operator.py took 0.044 seconds
[2024-03-04T16:07:17.185+0000] {processor.py:161} INFO - Started process (PID=1702) to work on /home/airflow/.local/lib/python3.11/site-packages/airflow/example_dags/example_branch_operator.py
[2024-03-04T16:07:17.185+0000] {processor.py:830} INFO - Processing file /home/airflow/.local/lib/python3.11/site-packages/airflow/example_dags/example_branch_operator.py for tasks to queue
[2024-03-04T16:07:17.186+0000] {logging_mixin.py:188} INFO - [2024-03-04T16:07:17.186+0000] {dagbag.py:540} INFO - Filling up the DagBag from /home/airflow/.local/lib/python3.11/site-packages/airflow/example_dags/example_branch_operator.py
[2024-03-04T16:07:17.194+0000] {processor.py:840} INFO - DAG(s) 'example_branch_operator' retrieved from /home/airflow/.local/lib/python3.11/site-packages/airflow/example_dags/example_branch_operator.py
[2024-03-04T16:07:17.204+0000] {logging_mixin.py:188} INFO - [2024-03-04T16:07:17.204+0000] {dag.py:3047} INFO - Sync 1 DAGs
[2024-03-04T16:07:17.212+0000] {logging_mixin.py:188} INFO - [2024-03-04T16:07:17.212+0000] {dag.py:3834} INFO - Setting next_dagrun for example_branch_operator to 2024-03-03 00:00:00+00:00, run_after=2024-03-04 00:00:00+00:00
[2024-03-04T16:07:17.219+0000] {processor.py:183} INFO - Processing /home/airflow/.local/lib/python3.11/site-packages/airflow/example_dags/example_branch_operator.py took 0.035 seconds
[2024-03-04T16:07:47.824+0000] {processor.py:161} INFO - Started process (PID=1757) to work on /home/airflow/.local/lib/python3.11/site-packages/airflow/example_dags/example_branch_operator.py
[2024-03-04T16:07:47.825+0000] {processor.py:830} INFO - Processing file /home/airflow/.local/lib/python3.11/site-packages/airflow/example_dags/example_branch_operator.py for tasks to queue
[2024-03-04T16:07:47.825+0000] {logging_mixin.py:188} INFO - [2024-03-04T16:07:47.825+0000] {dagbag.py:540} INFO - Filling up the DagBag from /home/airflow/.local/lib/python3.11/site-packages/airflow/example_dags/example_branch_operator.py
[2024-03-04T16:07:47.835+0000] {processor.py:840} INFO - DAG(s) 'example_branch_operator' retrieved from /home/airflow/.local/lib/python3.11/site-packages/airflow/example_dags/example_branch_operator.py
[2024-03-04T16:07:47.846+0000] {logging_mixin.py:188} INFO - [2024-03-04T16:07:47.846+0000] {dag.py:3047} INFO - Sync 1 DAGs
[2024-03-04T16:07:47.854+0000] {logging_mixin.py:188} INFO - [2024-03-04T16:07:47.854+0000] {dag.py:3834} INFO - Setting next_dagrun for example_branch_operator to 2024-03-03 00:00:00+00:00, run_after=2024-03-04 00:00:00+00:00
[2024-03-04T16:07:47.861+0000] {processor.py:183} INFO - Processing /home/airflow/.local/lib/python3.11/site-packages/airflow/example_dags/example_branch_operator.py took 0.038 seconds
[2024-03-04T16:08:18.533+0000] {processor.py:161} INFO - Started process (PID=1812) to work on /home/airflow/.local/lib/python3.11/site-packages/airflow/example_dags/example_branch_operator.py
[2024-03-04T16:08:18.534+0000] {processor.py:830} INFO - Processing file /home/airflow/.local/lib/python3.11/site-packages/airflow/example_dags/example_branch_operator.py for tasks to queue
[2024-03-04T16:08:18.535+0000] {logging_mixin.py:188} INFO - [2024-03-04T16:08:18.535+0000] {dagbag.py:540} INFO - Filling up the DagBag from /home/airflow/.local/lib/python3.11/site-packages/airflow/example_dags/example_branch_operator.py
[2024-03-04T16:08:18.544+0000] {processor.py:840} INFO - DAG(s) 'example_branch_operator' retrieved from /home/airflow/.local/lib/python3.11/site-packages/airflow/example_dags/example_branch_operator.py
[2024-03-04T16:08:18.554+0000] {logging_mixin.py:188} INFO - [2024-03-04T16:08:18.554+0000] {dag.py:3047} INFO - Sync 1 DAGs
[2024-03-04T16:08:18.562+0000] {logging_mixin.py:188} INFO - [2024-03-04T16:08:18.562+0000] {dag.py:3834} INFO - Setting next_dagrun for example_branch_operator to 2024-03-03 00:00:00+00:00, run_after=2024-03-04 00:00:00+00:00
[2024-03-04T16:08:18.568+0000] {processor.py:183} INFO - Processing /home/airflow/.local/lib/python3.11/site-packages/airflow/example_dags/example_branch_operator.py took 0.036 seconds
[2024-03-04T16:08:49.246+0000] {processor.py:161} INFO - Started process (PID=1867) to work on /home/airflow/.local/lib/python3.11/site-packages/airflow/example_dags/example_branch_operator.py
[2024-03-04T16:08:49.246+0000] {processor.py:830} INFO - Processing file /home/airflow/.local/lib/python3.11/site-packages/airflow/example_dags/example_branch_operator.py for tasks to queue
[2024-03-04T16:08:49.247+0000] {logging_mixin.py:188} INFO - [2024-03-04T16:08:49.247+0000] {dagbag.py:540} INFO - Filling up the DagBag from /home/airflow/.local/lib/python3.11/site-packages/airflow/example_dags/example_branch_operator.py
[2024-03-04T16:08:49.257+0000] {processor.py:840} INFO - DAG(s) 'example_branch_operator' retrieved from /home/airflow/.local/lib/python3.11/site-packages/airflow/example_dags/example_branch_operator.py
[2024-03-04T16:08:49.267+0000] {logging_mixin.py:188} INFO - [2024-03-04T16:08:49.267+0000] {dag.py:3047} INFO - Sync 1 DAGs
[2024-03-04T16:08:49.276+0000] {logging_mixin.py:188} INFO - [2024-03-04T16:08:49.276+0000] {dag.py:3834} INFO - Setting next_dagrun for example_branch_operator to 2024-03-03 00:00:00+00:00, run_after=2024-03-04 00:00:00+00:00
[2024-03-04T16:08:49.283+0000] {processor.py:183} INFO - Processing /home/airflow/.local/lib/python3.11/site-packages/airflow/example_dags/example_branch_operator.py took 0.039 seconds
[2024-03-04T16:09:19.801+0000] {processor.py:161} INFO - Started process (PID=1922) to work on /home/airflow/.local/lib/python3.11/site-packages/airflow/example_dags/example_branch_operator.py
[2024-03-04T16:09:19.802+0000] {processor.py:830} INFO - Processing file /home/airflow/.local/lib/python3.11/site-packages/airflow/example_dags/example_branch_operator.py for tasks to queue
[2024-03-04T16:09:19.803+0000] {logging_mixin.py:188} INFO - [2024-03-04T16:09:19.803+0000] {dagbag.py:540} INFO - Filling up the DagBag from /home/airflow/.local/lib/python3.11/site-packages/airflow/example_dags/example_branch_operator.py
[2024-03-04T16:09:19.811+0000] {processor.py:840} INFO - DAG(s) 'example_branch_operator' retrieved from /home/airflow/.local/lib/python3.11/site-packages/airflow/example_dags/example_branch_operator.py
[2024-03-04T16:09:19.821+0000] {logging_mixin.py:188} INFO - [2024-03-04T16:09:19.821+0000] {dag.py:3047} INFO - Sync 1 DAGs
[2024-03-04T16:09:19.829+0000] {logging_mixin.py:188} INFO - [2024-03-04T16:09:19.828+0000] {dag.py:3834} INFO - Setting next_dagrun for example_branch_operator to 2024-03-03 00:00:00+00:00, run_after=2024-03-04 00:00:00+00:00
[2024-03-04T16:09:19.836+0000] {processor.py:183} INFO - Processing /home/airflow/.local/lib/python3.11/site-packages/airflow/example_dags/example_branch_operator.py took 0.036 seconds
[2024-03-04T16:09:50.490+0000] {processor.py:161} INFO - Started process (PID=1977) to work on /home/airflow/.local/lib/python3.11/site-packages/airflow/example_dags/example_branch_operator.py
[2024-03-04T16:09:50.490+0000] {processor.py:830} INFO - Processing file /home/airflow/.local/lib/python3.11/site-packages/airflow/example_dags/example_branch_operator.py for tasks to queue
[2024-03-04T16:09:50.491+0000] {logging_mixin.py:188} INFO - [2024-03-04T16:09:50.491+0000] {dagbag.py:540} INFO - Filling up the DagBag from /home/airflow/.local/lib/python3.11/site-packages/airflow/example_dags/example_branch_operator.py
[2024-03-04T16:09:50.501+0000] {processor.py:840} INFO - DAG(s) 'example_branch_operator' retrieved from /home/airflow/.local/lib/python3.11/site-packages/airflow/example_dags/example_branch_operator.py
[2024-03-04T16:09:50.523+0000] {logging_mixin.py:188} INFO - [2024-03-04T16:09:50.523+0000] {dag.py:3047} INFO - Sync 1 DAGs
[2024-03-04T16:09:50.544+0000] {logging_mixin.py:188} INFO - [2024-03-04T16:09:50.544+0000] {dag.py:3834} INFO - Setting next_dagrun for example_branch_operator to 2024-03-03 00:00:00+00:00, run_after=2024-03-04 00:00:00+00:00
[2024-03-04T16:09:50.553+0000] {processor.py:183} INFO - Processing /home/airflow/.local/lib/python3.11/site-packages/airflow/example_dags/example_branch_operator.py took 0.065 seconds
[2024-03-04T16:10:21.101+0000] {processor.py:161} INFO - Started process (PID=2032) to work on /home/airflow/.local/lib/python3.11/site-packages/airflow/example_dags/example_branch_operator.py
[2024-03-04T16:10:21.102+0000] {processor.py:830} INFO - Processing file /home/airflow/.local/lib/python3.11/site-packages/airflow/example_dags/example_branch_operator.py for tasks to queue
[2024-03-04T16:10:21.103+0000] {logging_mixin.py:188} INFO - [2024-03-04T16:10:21.102+0000] {dagbag.py:540} INFO - Filling up the DagBag from /home/airflow/.local/lib/python3.11/site-packages/airflow/example_dags/example_branch_operator.py
[2024-03-04T16:10:21.111+0000] {processor.py:840} INFO - DAG(s) 'example_branch_operator' retrieved from /home/airflow/.local/lib/python3.11/site-packages/airflow/example_dags/example_branch_operator.py
[2024-03-04T16:10:21.122+0000] {logging_mixin.py:188} INFO - [2024-03-04T16:10:21.122+0000] {dag.py:3047} INFO - Sync 1 DAGs
[2024-03-04T16:10:21.131+0000] {logging_mixin.py:188} INFO - [2024-03-04T16:10:21.131+0000] {dag.py:3834} INFO - Setting next_dagrun for example_branch_operator to 2024-03-03 00:00:00+00:00, run_after=2024-03-04 00:00:00+00:00
[2024-03-04T16:10:21.138+0000] {processor.py:183} INFO - Processing /home/airflow/.local/lib/python3.11/site-packages/airflow/example_dags/example_branch_operator.py took 0.038 seconds
[2024-03-04T16:10:51.687+0000] {processor.py:161} INFO - Started process (PID=2087) to work on /home/airflow/.local/lib/python3.11/site-packages/airflow/example_dags/example_branch_operator.py
[2024-03-04T16:10:51.687+0000] {processor.py:830} INFO - Processing file /home/airflow/.local/lib/python3.11/site-packages/airflow/example_dags/example_branch_operator.py for tasks to queue
[2024-03-04T16:10:51.688+0000] {logging_mixin.py:188} INFO - [2024-03-04T16:10:51.688+0000] {dagbag.py:540} INFO - Filling up the DagBag from /home/airflow/.local/lib/python3.11/site-packages/airflow/example_dags/example_branch_operator.py
[2024-03-04T16:10:51.697+0000] {processor.py:840} INFO - DAG(s) 'example_branch_operator' retrieved from /home/airflow/.local/lib/python3.11/site-packages/airflow/example_dags/example_branch_operator.py
[2024-03-04T16:10:51.709+0000] {logging_mixin.py:188} INFO - [2024-03-04T16:10:51.709+0000] {dag.py:3047} INFO - Sync 1 DAGs
[2024-03-04T16:10:51.722+0000] {logging_mixin.py:188} INFO - [2024-03-04T16:10:51.721+0000] {dag.py:3834} INFO - Setting next_dagrun for example_branch_operator to 2024-03-03 00:00:00+00:00, run_after=2024-03-04 00:00:00+00:00
[2024-03-04T16:10:51.729+0000] {processor.py:183} INFO - Processing /home/airflow/.local/lib/python3.11/site-packages/airflow/example_dags/example_branch_operator.py took 0.043 seconds
[2024-03-04T16:11:22.478+0000] {processor.py:161} INFO - Started process (PID=2142) to work on /home/airflow/.local/lib/python3.11/site-packages/airflow/example_dags/example_branch_operator.py
[2024-03-04T16:11:22.478+0000] {processor.py:830} INFO - Processing file /home/airflow/.local/lib/python3.11/site-packages/airflow/example_dags/example_branch_operator.py for tasks to queue
[2024-03-04T16:11:22.479+0000] {logging_mixin.py:188} INFO - [2024-03-04T16:11:22.479+0000] {dagbag.py:540} INFO - Filling up the DagBag from /home/airflow/.local/lib/python3.11/site-packages/airflow/example_dags/example_branch_operator.py
[2024-03-04T16:11:22.487+0000] {processor.py:840} INFO - DAG(s) 'example_branch_operator' retrieved from /home/airflow/.local/lib/python3.11/site-packages/airflow/example_dags/example_branch_operator.py
[2024-03-04T16:11:22.497+0000] {logging_mixin.py:188} INFO - [2024-03-04T16:11:22.497+0000] {dag.py:3047} INFO - Sync 1 DAGs
[2024-03-04T16:11:22.506+0000] {logging_mixin.py:188} INFO - [2024-03-04T16:11:22.506+0000] {dag.py:3834} INFO - Setting next_dagrun for example_branch_operator to 2024-03-03 00:00:00+00:00, run_after=2024-03-04 00:00:00+00:00
[2024-03-04T16:11:22.514+0000] {processor.py:183} INFO - Processing /home/airflow/.local/lib/python3.11/site-packages/airflow/example_dags/example_branch_operator.py took 0.038 seconds
[2024-03-04T16:11:53.112+0000] {processor.py:161} INFO - Started process (PID=2197) to work on /home/airflow/.local/lib/python3.11/site-packages/airflow/example_dags/example_branch_operator.py
[2024-03-04T16:11:53.113+0000] {processor.py:830} INFO - Processing file /home/airflow/.local/lib/python3.11/site-packages/airflow/example_dags/example_branch_operator.py for tasks to queue
[2024-03-04T16:11:53.114+0000] {logging_mixin.py:188} INFO - [2024-03-04T16:11:53.113+0000] {dagbag.py:540} INFO - Filling up the DagBag from /home/airflow/.local/lib/python3.11/site-packages/airflow/example_dags/example_branch_operator.py
[2024-03-04T16:11:53.122+0000] {processor.py:840} INFO - DAG(s) 'example_branch_operator' retrieved from /home/airflow/.local/lib/python3.11/site-packages/airflow/example_dags/example_branch_operator.py
[2024-03-04T16:11:53.132+0000] {logging_mixin.py:188} INFO - [2024-03-04T16:11:53.132+0000] {dag.py:3047} INFO - Sync 1 DAGs
[2024-03-04T16:11:53.140+0000] {logging_mixin.py:188} INFO - [2024-03-04T16:11:53.140+0000] {dag.py:3834} INFO - Setting next_dagrun for example_branch_operator to 2024-03-03 00:00:00+00:00, run_after=2024-03-04 00:00:00+00:00
[2024-03-04T16:11:53.147+0000] {processor.py:183} INFO - Processing /home/airflow/.local/lib/python3.11/site-packages/airflow/example_dags/example_branch_operator.py took 0.037 seconds
[2024-03-04T16:12:23.830+0000] {processor.py:161} INFO - Started process (PID=2252) to work on /home/airflow/.local/lib/python3.11/site-packages/airflow/example_dags/example_branch_operator.py
[2024-03-04T16:12:23.831+0000] {processor.py:830} INFO - Processing file /home/airflow/.local/lib/python3.11/site-packages/airflow/example_dags/example_branch_operator.py for tasks to queue
[2024-03-04T16:12:23.831+0000] {logging_mixin.py:188} INFO - [2024-03-04T16:12:23.831+0000] {dagbag.py:540} INFO - Filling up the DagBag from /home/airflow/.local/lib/python3.11/site-packages/airflow/example_dags/example_branch_operator.py
[2024-03-04T16:12:23.839+0000] {processor.py:840} INFO - DAG(s) 'example_branch_operator' retrieved from /home/airflow/.local/lib/python3.11/site-packages/airflow/example_dags/example_branch_operator.py
[2024-03-04T16:12:23.850+0000] {logging_mixin.py:188} INFO - [2024-03-04T16:12:23.849+0000] {dag.py:3047} INFO - Sync 1 DAGs
[2024-03-04T16:12:23.858+0000] {logging_mixin.py:188} INFO - [2024-03-04T16:12:23.858+0000] {dag.py:3834} INFO - Setting next_dagrun for example_branch_operator to 2024-03-03 00:00:00+00:00, run_after=2024-03-04 00:00:00+00:00
[2024-03-04T16:12:23.864+0000] {processor.py:183} INFO - Processing /home/airflow/.local/lib/python3.11/site-packages/airflow/example_dags/example_branch_operator.py took 0.035 seconds
[2024-03-04T16:12:54.479+0000] {processor.py:161} INFO - Started process (PID=2307) to work on /home/airflow/.local/lib/python3.11/site-packages/airflow/example_dags/example_branch_operator.py
[2024-03-04T16:12:54.479+0000] {processor.py:830} INFO - Processing file /home/airflow/.local/lib/python3.11/site-packages/airflow/example_dags/example_branch_operator.py for tasks to queue
[2024-03-04T16:12:54.480+0000] {logging_mixin.py:188} INFO - [2024-03-04T16:12:54.480+0000] {dagbag.py:540} INFO - Filling up the DagBag from /home/airflow/.local/lib/python3.11/site-packages/airflow/example_dags/example_branch_operator.py
[2024-03-04T16:12:54.488+0000] {processor.py:840} INFO - DAG(s) 'example_branch_operator' retrieved from /home/airflow/.local/lib/python3.11/site-packages/airflow/example_dags/example_branch_operator.py
[2024-03-04T16:12:54.499+0000] {logging_mixin.py:188} INFO - [2024-03-04T16:12:54.499+0000] {dag.py:3047} INFO - Sync 1 DAGs
[2024-03-04T16:12:54.508+0000] {logging_mixin.py:188} INFO - [2024-03-04T16:12:54.508+0000] {dag.py:3834} INFO - Setting next_dagrun for example_branch_operator to 2024-03-03 00:00:00+00:00, run_after=2024-03-04 00:00:00+00:00
[2024-03-04T16:12:54.514+0000] {processor.py:183} INFO - Processing /home/airflow/.local/lib/python3.11/site-packages/airflow/example_dags/example_branch_operator.py took 0.037 seconds
[2024-03-04T16:13:25.066+0000] {processor.py:161} INFO - Started process (PID=2362) to work on /home/airflow/.local/lib/python3.11/site-packages/airflow/example_dags/example_branch_operator.py
[2024-03-04T16:13:25.066+0000] {processor.py:830} INFO - Processing file /home/airflow/.local/lib/python3.11/site-packages/airflow/example_dags/example_branch_operator.py for tasks to queue
[2024-03-04T16:13:25.067+0000] {logging_mixin.py:188} INFO - [2024-03-04T16:13:25.067+0000] {dagbag.py:540} INFO - Filling up the DagBag from /home/airflow/.local/lib/python3.11/site-packages/airflow/example_dags/example_branch_operator.py
[2024-03-04T16:13:25.075+0000] {processor.py:840} INFO - DAG(s) 'example_branch_operator' retrieved from /home/airflow/.local/lib/python3.11/site-packages/airflow/example_dags/example_branch_operator.py
[2024-03-04T16:13:25.085+0000] {logging_mixin.py:188} INFO - [2024-03-04T16:13:25.084+0000] {dag.py:3047} INFO - Sync 1 DAGs
[2024-03-04T16:13:25.093+0000] {logging_mixin.py:188} INFO - [2024-03-04T16:13:25.093+0000] {dag.py:3834} INFO - Setting next_dagrun for example_branch_operator to 2024-03-03 00:00:00+00:00, run_after=2024-03-04 00:00:00+00:00
[2024-03-04T16:13:25.101+0000] {processor.py:183} INFO - Processing /home/airflow/.local/lib/python3.11/site-packages/airflow/example_dags/example_branch_operator.py took 0.037 seconds
[2024-03-04T16:13:55.830+0000] {processor.py:161} INFO - Started process (PID=2417) to work on /home/airflow/.local/lib/python3.11/site-packages/airflow/example_dags/example_branch_operator.py
[2024-03-04T16:13:55.830+0000] {processor.py:830} INFO - Processing file /home/airflow/.local/lib/python3.11/site-packages/airflow/example_dags/example_branch_operator.py for tasks to queue
[2024-03-04T16:13:55.831+0000] {logging_mixin.py:188} INFO - [2024-03-04T16:13:55.831+0000] {dagbag.py:540} INFO - Filling up the DagBag from /home/airflow/.local/lib/python3.11/site-packages/airflow/example_dags/example_branch_operator.py
[2024-03-04T16:13:55.839+0000] {processor.py:840} INFO - DAG(s) 'example_branch_operator' retrieved from /home/airflow/.local/lib/python3.11/site-packages/airflow/example_dags/example_branch_operator.py
[2024-03-04T16:13:55.849+0000] {logging_mixin.py:188} INFO - [2024-03-04T16:13:55.849+0000] {dag.py:3047} INFO - Sync 1 DAGs
[2024-03-04T16:13:55.858+0000] {logging_mixin.py:188} INFO - [2024-03-04T16:13:55.857+0000] {dag.py:3834} INFO - Setting next_dagrun for example_branch_operator to 2024-03-03 00:00:00+00:00, run_after=2024-03-04 00:00:00+00:00
[2024-03-04T16:13:55.864+0000] {processor.py:183} INFO - Processing /home/airflow/.local/lib/python3.11/site-packages/airflow/example_dags/example_branch_operator.py took 0.036 seconds
[2024-03-04T16:14:26.631+0000] {processor.py:161} INFO - Started process (PID=2472) to work on /home/airflow/.local/lib/python3.11/site-packages/airflow/example_dags/example_branch_operator.py
[2024-03-04T16:14:26.631+0000] {processor.py:830} INFO - Processing file /home/airflow/.local/lib/python3.11/site-packages/airflow/example_dags/example_branch_operator.py for tasks to queue
[2024-03-04T16:14:26.632+0000] {logging_mixin.py:188} INFO - [2024-03-04T16:14:26.632+0000] {dagbag.py:540} INFO - Filling up the DagBag from /home/airflow/.local/lib/python3.11/site-packages/airflow/example_dags/example_branch_operator.py
[2024-03-04T16:14:26.642+0000] {processor.py:840} INFO - DAG(s) 'example_branch_operator' retrieved from /home/airflow/.local/lib/python3.11/site-packages/airflow/example_dags/example_branch_operator.py
[2024-03-04T16:14:26.653+0000] {logging_mixin.py:188} INFO - [2024-03-04T16:14:26.653+0000] {dag.py:3047} INFO - Sync 1 DAGs
[2024-03-04T16:14:26.662+0000] {logging_mixin.py:188} INFO - [2024-03-04T16:14:26.662+0000] {dag.py:3834} INFO - Setting next_dagrun for example_branch_operator to 2024-03-03 00:00:00+00:00, run_after=2024-03-04 00:00:00+00:00
[2024-03-04T16:14:26.669+0000] {processor.py:183} INFO - Processing /home/airflow/.local/lib/python3.11/site-packages/airflow/example_dags/example_branch_operator.py took 0.040 seconds
[2024-03-04T16:14:57.357+0000] {processor.py:161} INFO - Started process (PID=2527) to work on /home/airflow/.local/lib/python3.11/site-packages/airflow/example_dags/example_branch_operator.py
[2024-03-04T16:14:57.357+0000] {processor.py:830} INFO - Processing file /home/airflow/.local/lib/python3.11/site-packages/airflow/example_dags/example_branch_operator.py for tasks to queue
[2024-03-04T16:14:57.358+0000] {logging_mixin.py:188} INFO - [2024-03-04T16:14:57.358+0000] {dagbag.py:540} INFO - Filling up the DagBag from /home/airflow/.local/lib/python3.11/site-packages/airflow/example_dags/example_branch_operator.py
[2024-03-04T16:14:57.366+0000] {processor.py:840} INFO - DAG(s) 'example_branch_operator' retrieved from /home/airflow/.local/lib/python3.11/site-packages/airflow/example_dags/example_branch_operator.py
[2024-03-04T16:14:57.376+0000] {logging_mixin.py:188} INFO - [2024-03-04T16:14:57.376+0000] {dag.py:3047} INFO - Sync 1 DAGs
[2024-03-04T16:14:57.384+0000] {logging_mixin.py:188} INFO - [2024-03-04T16:14:57.384+0000] {dag.py:3834} INFO - Setting next_dagrun for example_branch_operator to 2024-03-03 00:00:00+00:00, run_after=2024-03-04 00:00:00+00:00
[2024-03-04T16:14:57.390+0000] {processor.py:183} INFO - Processing /home/airflow/.local/lib/python3.11/site-packages/airflow/example_dags/example_branch_operator.py took 0.034 seconds
[2024-03-04T16:15:27.826+0000] {processor.py:161} INFO - Started process (PID=2582) to work on /home/airflow/.local/lib/python3.11/site-packages/airflow/example_dags/example_branch_operator.py
[2024-03-04T16:15:27.826+0000] {processor.py:830} INFO - Processing file /home/airflow/.local/lib/python3.11/site-packages/airflow/example_dags/example_branch_operator.py for tasks to queue
[2024-03-04T16:15:27.827+0000] {logging_mixin.py:188} INFO - [2024-03-04T16:15:27.827+0000] {dagbag.py:540} INFO - Filling up the DagBag from /home/airflow/.local/lib/python3.11/site-packages/airflow/example_dags/example_branch_operator.py
[2024-03-04T16:15:27.837+0000] {processor.py:840} INFO - DAG(s) 'example_branch_operator' retrieved from /home/airflow/.local/lib/python3.11/site-packages/airflow/example_dags/example_branch_operator.py
[2024-03-04T16:15:27.847+0000] {logging_mixin.py:188} INFO - [2024-03-04T16:15:27.847+0000] {dag.py:3047} INFO - Sync 1 DAGs
[2024-03-04T16:15:27.856+0000] {logging_mixin.py:188} INFO - [2024-03-04T16:15:27.856+0000] {dag.py:3834} INFO - Setting next_dagrun for example_branch_operator to 2024-03-03 00:00:00+00:00, run_after=2024-03-04 00:00:00+00:00
[2024-03-04T16:15:27.863+0000] {processor.py:183} INFO - Processing /home/airflow/.local/lib/python3.11/site-packages/airflow/example_dags/example_branch_operator.py took 0.039 seconds
[2024-03-04T16:15:58.636+0000] {processor.py:161} INFO - Started process (PID=2637) to work on /home/airflow/.local/lib/python3.11/site-packages/airflow/example_dags/example_branch_operator.py
[2024-03-04T16:15:58.637+0000] {processor.py:830} INFO - Processing file /home/airflow/.local/lib/python3.11/site-packages/airflow/example_dags/example_branch_operator.py for tasks to queue
[2024-03-04T16:15:58.638+0000] {logging_mixin.py:188} INFO - [2024-03-04T16:15:58.638+0000] {dagbag.py:540} INFO - Filling up the DagBag from /home/airflow/.local/lib/python3.11/site-packages/airflow/example_dags/example_branch_operator.py
[2024-03-04T16:15:58.650+0000] {processor.py:840} INFO - DAG(s) 'example_branch_operator' retrieved from /home/airflow/.local/lib/python3.11/site-packages/airflow/example_dags/example_branch_operator.py
[2024-03-04T16:15:58.663+0000] {logging_mixin.py:188} INFO - [2024-03-04T16:15:58.662+0000] {dag.py:3047} INFO - Sync 1 DAGs
[2024-03-04T16:15:58.675+0000] {logging_mixin.py:188} INFO - [2024-03-04T16:15:58.675+0000] {dag.py:3834} INFO - Setting next_dagrun for example_branch_operator to 2024-03-03 00:00:00+00:00, run_after=2024-03-04 00:00:00+00:00
[2024-03-04T16:15:58.683+0000] {processor.py:183} INFO - Processing /home/airflow/.local/lib/python3.11/site-packages/airflow/example_dags/example_branch_operator.py took 0.048 seconds
[2024-03-04T16:16:29.767+0000] {processor.py:161} INFO - Started process (PID=2692) to work on /home/airflow/.local/lib/python3.11/site-packages/airflow/example_dags/example_branch_operator.py
[2024-03-04T16:16:29.768+0000] {processor.py:830} INFO - Processing file /home/airflow/.local/lib/python3.11/site-packages/airflow/example_dags/example_branch_operator.py for tasks to queue
[2024-03-04T16:16:29.769+0000] {logging_mixin.py:188} INFO - [2024-03-04T16:16:29.769+0000] {dagbag.py:540} INFO - Filling up the DagBag from /home/airflow/.local/lib/python3.11/site-packages/airflow/example_dags/example_branch_operator.py
[2024-03-04T16:16:29.783+0000] {processor.py:840} INFO - DAG(s) 'example_branch_operator' retrieved from /home/airflow/.local/lib/python3.11/site-packages/airflow/example_dags/example_branch_operator.py
[2024-03-04T16:16:29.801+0000] {logging_mixin.py:188} INFO - [2024-03-04T16:16:29.800+0000] {dag.py:3047} INFO - Sync 1 DAGs
[2024-03-04T16:16:29.810+0000] {logging_mixin.py:188} INFO - [2024-03-04T16:16:29.810+0000] {dag.py:3834} INFO - Setting next_dagrun for example_branch_operator to 2024-03-03 00:00:00+00:00, run_after=2024-03-04 00:00:00+00:00
[2024-03-04T16:16:29.818+0000] {processor.py:183} INFO - Processing /home/airflow/.local/lib/python3.11/site-packages/airflow/example_dags/example_branch_operator.py took 0.053 seconds
[2024-03-04T16:16:59.980+0000] {processor.py:161} INFO - Started process (PID=2747) to work on /home/airflow/.local/lib/python3.11/site-packages/airflow/example_dags/example_branch_operator.py
[2024-03-04T16:16:59.981+0000] {processor.py:830} INFO - Processing file /home/airflow/.local/lib/python3.11/site-packages/airflow/example_dags/example_branch_operator.py for tasks to queue
[2024-03-04T16:16:59.982+0000] {logging_mixin.py:188} INFO - [2024-03-04T16:16:59.982+0000] {dagbag.py:540} INFO - Filling up the DagBag from /home/airflow/.local/lib/python3.11/site-packages/airflow/example_dags/example_branch_operator.py
[2024-03-04T16:16:59.990+0000] {processor.py:840} INFO - DAG(s) 'example_branch_operator' retrieved from /home/airflow/.local/lib/python3.11/site-packages/airflow/example_dags/example_branch_operator.py
[2024-03-04T16:17:00.001+0000] {logging_mixin.py:188} INFO - [2024-03-04T16:17:00.001+0000] {dag.py:3047} INFO - Sync 1 DAGs
[2024-03-04T16:17:00.011+0000] {logging_mixin.py:188} INFO - [2024-03-04T16:17:00.011+0000] {dag.py:3834} INFO - Setting next_dagrun for example_branch_operator to 2024-03-03 00:00:00+00:00, run_after=2024-03-04 00:00:00+00:00
[2024-03-04T16:17:00.018+0000] {processor.py:183} INFO - Processing /home/airflow/.local/lib/python3.11/site-packages/airflow/example_dags/example_branch_operator.py took 0.039 seconds
[2024-03-04T16:17:30.830+0000] {processor.py:161} INFO - Started process (PID=2802) to work on /home/airflow/.local/lib/python3.11/site-packages/airflow/example_dags/example_branch_operator.py
[2024-03-04T16:17:30.831+0000] {processor.py:830} INFO - Processing file /home/airflow/.local/lib/python3.11/site-packages/airflow/example_dags/example_branch_operator.py for tasks to queue
[2024-03-04T16:17:30.832+0000] {logging_mixin.py:188} INFO - [2024-03-04T16:17:30.832+0000] {dagbag.py:540} INFO - Filling up the DagBag from /home/airflow/.local/lib/python3.11/site-packages/airflow/example_dags/example_branch_operator.py
[2024-03-04T16:17:30.842+0000] {processor.py:840} INFO - DAG(s) 'example_branch_operator' retrieved from /home/airflow/.local/lib/python3.11/site-packages/airflow/example_dags/example_branch_operator.py
[2024-03-04T16:17:30.853+0000] {logging_mixin.py:188} INFO - [2024-03-04T16:17:30.853+0000] {dag.py:3047} INFO - Sync 1 DAGs
[2024-03-04T16:17:30.862+0000] {logging_mixin.py:188} INFO - [2024-03-04T16:17:30.862+0000] {dag.py:3834} INFO - Setting next_dagrun for example_branch_operator to 2024-03-03 00:00:00+00:00, run_after=2024-03-04 00:00:00+00:00
[2024-03-04T16:17:30.868+0000] {processor.py:183} INFO - Processing /home/airflow/.local/lib/python3.11/site-packages/airflow/example_dags/example_branch_operator.py took 0.039 seconds
[2024-03-04T16:18:01.114+0000] {processor.py:161} INFO - Started process (PID=2857) to work on /home/airflow/.local/lib/python3.11/site-packages/airflow/example_dags/example_branch_operator.py
[2024-03-04T16:18:01.114+0000] {processor.py:830} INFO - Processing file /home/airflow/.local/lib/python3.11/site-packages/airflow/example_dags/example_branch_operator.py for tasks to queue
[2024-03-04T16:18:01.115+0000] {logging_mixin.py:188} INFO - [2024-03-04T16:18:01.115+0000] {dagbag.py:540} INFO - Filling up the DagBag from /home/airflow/.local/lib/python3.11/site-packages/airflow/example_dags/example_branch_operator.py
[2024-03-04T16:18:01.125+0000] {processor.py:840} INFO - DAG(s) 'example_branch_operator' retrieved from /home/airflow/.local/lib/python3.11/site-packages/airflow/example_dags/example_branch_operator.py
[2024-03-04T16:18:01.136+0000] {logging_mixin.py:188} INFO - [2024-03-04T16:18:01.136+0000] {dag.py:3047} INFO - Sync 1 DAGs
[2024-03-04T16:18:01.146+0000] {logging_mixin.py:188} INFO - [2024-03-04T16:18:01.146+0000] {dag.py:3834} INFO - Setting next_dagrun for example_branch_operator to 2024-03-03 00:00:00+00:00, run_after=2024-03-04 00:00:00+00:00
[2024-03-04T16:18:01.152+0000] {processor.py:183} INFO - Processing /home/airflow/.local/lib/python3.11/site-packages/airflow/example_dags/example_branch_operator.py took 0.039 seconds
[2024-03-04T16:18:31.552+0000] {processor.py:161} INFO - Started process (PID=2912) to work on /home/airflow/.local/lib/python3.11/site-packages/airflow/example_dags/example_branch_operator.py
[2024-03-04T16:18:31.552+0000] {processor.py:830} INFO - Processing file /home/airflow/.local/lib/python3.11/site-packages/airflow/example_dags/example_branch_operator.py for tasks to queue
[2024-03-04T16:18:31.553+0000] {logging_mixin.py:188} INFO - [2024-03-04T16:18:31.553+0000] {dagbag.py:540} INFO - Filling up the DagBag from /home/airflow/.local/lib/python3.11/site-packages/airflow/example_dags/example_branch_operator.py
[2024-03-04T16:18:31.563+0000] {processor.py:840} INFO - DAG(s) 'example_branch_operator' retrieved from /home/airflow/.local/lib/python3.11/site-packages/airflow/example_dags/example_branch_operator.py
[2024-03-04T16:18:31.574+0000] {logging_mixin.py:188} INFO - [2024-03-04T16:18:31.573+0000] {dag.py:3047} INFO - Sync 1 DAGs
[2024-03-04T16:18:31.582+0000] {logging_mixin.py:188} INFO - [2024-03-04T16:18:31.582+0000] {dag.py:3834} INFO - Setting next_dagrun for example_branch_operator to 2024-03-03 00:00:00+00:00, run_after=2024-03-04 00:00:00+00:00
[2024-03-04T16:18:31.590+0000] {processor.py:183} INFO - Processing /home/airflow/.local/lib/python3.11/site-packages/airflow/example_dags/example_branch_operator.py took 0.039 seconds
[2024-03-04T16:19:01.694+0000] {processor.py:161} INFO - Started process (PID=2967) to work on /home/airflow/.local/lib/python3.11/site-packages/airflow/example_dags/example_branch_operator.py
[2024-03-04T16:19:01.694+0000] {processor.py:830} INFO - Processing file /home/airflow/.local/lib/python3.11/site-packages/airflow/example_dags/example_branch_operator.py for tasks to queue
[2024-03-04T16:19:01.695+0000] {logging_mixin.py:188} INFO - [2024-03-04T16:19:01.695+0000] {dagbag.py:540} INFO - Filling up the DagBag from /home/airflow/.local/lib/python3.11/site-packages/airflow/example_dags/example_branch_operator.py
[2024-03-04T16:19:01.706+0000] {processor.py:840} INFO - DAG(s) 'example_branch_operator' retrieved from /home/airflow/.local/lib/python3.11/site-packages/airflow/example_dags/example_branch_operator.py
[2024-03-04T16:19:01.717+0000] {logging_mixin.py:188} INFO - [2024-03-04T16:19:01.717+0000] {dag.py:3047} INFO - Sync 1 DAGs
[2024-03-04T16:19:01.726+0000] {logging_mixin.py:188} INFO - [2024-03-04T16:19:01.726+0000] {dag.py:3834} INFO - Setting next_dagrun for example_branch_operator to 2024-03-03 00:00:00+00:00, run_after=2024-03-04 00:00:00+00:00
[2024-03-04T16:19:01.733+0000] {processor.py:183} INFO - Processing /home/airflow/.local/lib/python3.11/site-packages/airflow/example_dags/example_branch_operator.py took 0.041 seconds
[2024-03-04T16:19:31.935+0000] {processor.py:161} INFO - Started process (PID=3022) to work on /home/airflow/.local/lib/python3.11/site-packages/airflow/example_dags/example_branch_operator.py
[2024-03-04T16:19:31.936+0000] {processor.py:830} INFO - Processing file /home/airflow/.local/lib/python3.11/site-packages/airflow/example_dags/example_branch_operator.py for tasks to queue
[2024-03-04T16:19:31.937+0000] {logging_mixin.py:188} INFO - [2024-03-04T16:19:31.937+0000] {dagbag.py:540} INFO - Filling up the DagBag from /home/airflow/.local/lib/python3.11/site-packages/airflow/example_dags/example_branch_operator.py
[2024-03-04T16:19:31.946+0000] {processor.py:840} INFO - DAG(s) 'example_branch_operator' retrieved from /home/airflow/.local/lib/python3.11/site-packages/airflow/example_dags/example_branch_operator.py
[2024-03-04T16:19:31.957+0000] {logging_mixin.py:188} INFO - [2024-03-04T16:19:31.957+0000] {dag.py:3047} INFO - Sync 1 DAGs
[2024-03-04T16:19:31.965+0000] {logging_mixin.py:188} INFO - [2024-03-04T16:19:31.965+0000] {dag.py:3834} INFO - Setting next_dagrun for example_branch_operator to 2024-03-03 00:00:00+00:00, run_after=2024-03-04 00:00:00+00:00
[2024-03-04T16:19:31.972+0000] {processor.py:183} INFO - Processing /home/airflow/.local/lib/python3.11/site-packages/airflow/example_dags/example_branch_operator.py took 0.038 seconds
[2024-03-04T16:20:03.071+0000] {processor.py:161} INFO - Started process (PID=3077) to work on /home/airflow/.local/lib/python3.11/site-packages/airflow/example_dags/example_branch_operator.py
[2024-03-04T16:20:03.073+0000] {processor.py:830} INFO - Processing file /home/airflow/.local/lib/python3.11/site-packages/airflow/example_dags/example_branch_operator.py for tasks to queue
[2024-03-04T16:20:03.074+0000] {logging_mixin.py:188} INFO - [2024-03-04T16:20:03.074+0000] {dagbag.py:540} INFO - Filling up the DagBag from /home/airflow/.local/lib/python3.11/site-packages/airflow/example_dags/example_branch_operator.py
[2024-03-04T16:20:03.100+0000] {processor.py:840} INFO - DAG(s) 'example_branch_operator' retrieved from /home/airflow/.local/lib/python3.11/site-packages/airflow/example_dags/example_branch_operator.py
[2024-03-04T16:20:03.116+0000] {logging_mixin.py:188} INFO - [2024-03-04T16:20:03.116+0000] {dag.py:3047} INFO - Sync 1 DAGs
[2024-03-04T16:20:03.141+0000] {logging_mixin.py:188} INFO - [2024-03-04T16:20:03.141+0000] {dag.py:3834} INFO - Setting next_dagrun for example_branch_operator to 2024-03-03 00:00:00+00:00, run_after=2024-03-04 00:00:00+00:00
[2024-03-04T16:20:03.154+0000] {processor.py:183} INFO - Processing /home/airflow/.local/lib/python3.11/site-packages/airflow/example_dags/example_branch_operator.py took 0.086 seconds
[2024-03-04T16:20:33.795+0000] {processor.py:161} INFO - Started process (PID=3132) to work on /home/airflow/.local/lib/python3.11/site-packages/airflow/example_dags/example_branch_operator.py
[2024-03-04T16:20:33.795+0000] {processor.py:830} INFO - Processing file /home/airflow/.local/lib/python3.11/site-packages/airflow/example_dags/example_branch_operator.py for tasks to queue
[2024-03-04T16:20:33.796+0000] {logging_mixin.py:188} INFO - [2024-03-04T16:20:33.796+0000] {dagbag.py:540} INFO - Filling up the DagBag from /home/airflow/.local/lib/python3.11/site-packages/airflow/example_dags/example_branch_operator.py
[2024-03-04T16:20:33.807+0000] {processor.py:840} INFO - DAG(s) 'example_branch_operator' retrieved from /home/airflow/.local/lib/python3.11/site-packages/airflow/example_dags/example_branch_operator.py
[2024-03-04T16:20:33.818+0000] {logging_mixin.py:188} INFO - [2024-03-04T16:20:33.818+0000] {dag.py:3047} INFO - Sync 1 DAGs
[2024-03-04T16:20:33.828+0000] {logging_mixin.py:188} INFO - [2024-03-04T16:20:33.828+0000] {dag.py:3834} INFO - Setting next_dagrun for example_branch_operator to 2024-03-03 00:00:00+00:00, run_after=2024-03-04 00:00:00+00:00
[2024-03-04T16:20:33.837+0000] {processor.py:183} INFO - Processing /home/airflow/.local/lib/python3.11/site-packages/airflow/example_dags/example_branch_operator.py took 0.043 seconds
[2024-03-04T16:21:04.027+0000] {processor.py:161} INFO - Started process (PID=3187) to work on /home/airflow/.local/lib/python3.11/site-packages/airflow/example_dags/example_branch_operator.py
[2024-03-04T16:21:04.028+0000] {processor.py:830} INFO - Processing file /home/airflow/.local/lib/python3.11/site-packages/airflow/example_dags/example_branch_operator.py for tasks to queue
[2024-03-04T16:21:04.029+0000] {logging_mixin.py:188} INFO - [2024-03-04T16:21:04.029+0000] {dagbag.py:540} INFO - Filling up the DagBag from /home/airflow/.local/lib/python3.11/site-packages/airflow/example_dags/example_branch_operator.py
[2024-03-04T16:21:04.039+0000] {processor.py:840} INFO - DAG(s) 'example_branch_operator' retrieved from /home/airflow/.local/lib/python3.11/site-packages/airflow/example_dags/example_branch_operator.py
[2024-03-04T16:21:04.050+0000] {logging_mixin.py:188} INFO - [2024-03-04T16:21:04.050+0000] {dag.py:3047} INFO - Sync 1 DAGs
[2024-03-04T16:21:04.059+0000] {logging_mixin.py:188} INFO - [2024-03-04T16:21:04.059+0000] {dag.py:3834} INFO - Setting next_dagrun for example_branch_operator to 2024-03-03 00:00:00+00:00, run_after=2024-03-04 00:00:00+00:00
[2024-03-04T16:21:04.066+0000] {processor.py:183} INFO - Processing /home/airflow/.local/lib/python3.11/site-packages/airflow/example_dags/example_branch_operator.py took 0.041 seconds
[2024-03-04T16:21:34.261+0000] {processor.py:161} INFO - Started process (PID=3242) to work on /home/airflow/.local/lib/python3.11/site-packages/airflow/example_dags/example_branch_operator.py
[2024-03-04T16:21:34.262+0000] {processor.py:830} INFO - Processing file /home/airflow/.local/lib/python3.11/site-packages/airflow/example_dags/example_branch_operator.py for tasks to queue
[2024-03-04T16:21:34.263+0000] {logging_mixin.py:188} INFO - [2024-03-04T16:21:34.263+0000] {dagbag.py:540} INFO - Filling up the DagBag from /home/airflow/.local/lib/python3.11/site-packages/airflow/example_dags/example_branch_operator.py
[2024-03-04T16:21:34.278+0000] {processor.py:840} INFO - DAG(s) 'example_branch_operator' retrieved from /home/airflow/.local/lib/python3.11/site-packages/airflow/example_dags/example_branch_operator.py
[2024-03-04T16:21:34.290+0000] {logging_mixin.py:188} INFO - [2024-03-04T16:21:34.290+0000] {dag.py:3047} INFO - Sync 1 DAGs
[2024-03-04T16:21:34.300+0000] {logging_mixin.py:188} INFO - [2024-03-04T16:21:34.300+0000] {dag.py:3834} INFO - Setting next_dagrun for example_branch_operator to 2024-03-03 00:00:00+00:00, run_after=2024-03-04 00:00:00+00:00
[2024-03-04T16:21:34.306+0000] {processor.py:183} INFO - Processing /home/airflow/.local/lib/python3.11/site-packages/airflow/example_dags/example_branch_operator.py took 0.047 seconds
[2024-03-04T16:22:04.587+0000] {processor.py:161} INFO - Started process (PID=3297) to work on /home/airflow/.local/lib/python3.11/site-packages/airflow/example_dags/example_branch_operator.py
[2024-03-04T16:22:04.587+0000] {processor.py:830} INFO - Processing file /home/airflow/.local/lib/python3.11/site-packages/airflow/example_dags/example_branch_operator.py for tasks to queue
[2024-03-04T16:22:04.588+0000] {logging_mixin.py:188} INFO - [2024-03-04T16:22:04.588+0000] {dagbag.py:540} INFO - Filling up the DagBag from /home/airflow/.local/lib/python3.11/site-packages/airflow/example_dags/example_branch_operator.py
[2024-03-04T16:22:04.597+0000] {processor.py:840} INFO - DAG(s) 'example_branch_operator' retrieved from /home/airflow/.local/lib/python3.11/site-packages/airflow/example_dags/example_branch_operator.py
[2024-03-04T16:22:04.608+0000] {logging_mixin.py:188} INFO - [2024-03-04T16:22:04.608+0000] {dag.py:3047} INFO - Sync 1 DAGs
[2024-03-04T16:22:04.616+0000] {logging_mixin.py:188} INFO - [2024-03-04T16:22:04.616+0000] {dag.py:3834} INFO - Setting next_dagrun for example_branch_operator to 2024-03-03 00:00:00+00:00, run_after=2024-03-04 00:00:00+00:00
[2024-03-04T16:22:04.622+0000] {processor.py:183} INFO - Processing /home/airflow/.local/lib/python3.11/site-packages/airflow/example_dags/example_branch_operator.py took 0.037 seconds
[2024-03-04T16:22:34.873+0000] {processor.py:161} INFO - Started process (PID=3352) to work on /home/airflow/.local/lib/python3.11/site-packages/airflow/example_dags/example_branch_operator.py
[2024-03-04T16:22:34.873+0000] {processor.py:830} INFO - Processing file /home/airflow/.local/lib/python3.11/site-packages/airflow/example_dags/example_branch_operator.py for tasks to queue
[2024-03-04T16:22:34.874+0000] {logging_mixin.py:188} INFO - [2024-03-04T16:22:34.874+0000] {dagbag.py:540} INFO - Filling up the DagBag from /home/airflow/.local/lib/python3.11/site-packages/airflow/example_dags/example_branch_operator.py
[2024-03-04T16:22:34.883+0000] {processor.py:840} INFO - DAG(s) 'example_branch_operator' retrieved from /home/airflow/.local/lib/python3.11/site-packages/airflow/example_dags/example_branch_operator.py
[2024-03-04T16:22:34.893+0000] {logging_mixin.py:188} INFO - [2024-03-04T16:22:34.893+0000] {dag.py:3047} INFO - Sync 1 DAGs
[2024-03-04T16:22:34.901+0000] {logging_mixin.py:188} INFO - [2024-03-04T16:22:34.901+0000] {dag.py:3834} INFO - Setting next_dagrun for example_branch_operator to 2024-03-03 00:00:00+00:00, run_after=2024-03-04 00:00:00+00:00
[2024-03-04T16:22:34.908+0000] {processor.py:183} INFO - Processing /home/airflow/.local/lib/python3.11/site-packages/airflow/example_dags/example_branch_operator.py took 0.037 seconds
[2024-03-04T16:23:05.110+0000] {processor.py:161} INFO - Started process (PID=3407) to work on /home/airflow/.local/lib/python3.11/site-packages/airflow/example_dags/example_branch_operator.py
[2024-03-04T16:23:05.110+0000] {processor.py:830} INFO - Processing file /home/airflow/.local/lib/python3.11/site-packages/airflow/example_dags/example_branch_operator.py for tasks to queue
[2024-03-04T16:23:05.111+0000] {logging_mixin.py:188} INFO - [2024-03-04T16:23:05.111+0000] {dagbag.py:540} INFO - Filling up the DagBag from /home/airflow/.local/lib/python3.11/site-packages/airflow/example_dags/example_branch_operator.py
[2024-03-04T16:23:05.121+0000] {processor.py:840} INFO - DAG(s) 'example_branch_operator' retrieved from /home/airflow/.local/lib/python3.11/site-packages/airflow/example_dags/example_branch_operator.py
[2024-03-04T16:23:05.132+0000] {logging_mixin.py:188} INFO - [2024-03-04T16:23:05.132+0000] {dag.py:3047} INFO - Sync 1 DAGs
[2024-03-04T16:23:05.141+0000] {logging_mixin.py:188} INFO - [2024-03-04T16:23:05.141+0000] {dag.py:3834} INFO - Setting next_dagrun for example_branch_operator to 2024-03-03 00:00:00+00:00, run_after=2024-03-04 00:00:00+00:00
[2024-03-04T16:23:05.149+0000] {processor.py:183} INFO - Processing /home/airflow/.local/lib/python3.11/site-packages/airflow/example_dags/example_branch_operator.py took 0.040 seconds
[2024-03-04T16:23:35.245+0000] {processor.py:161} INFO - Started process (PID=3461) to work on /home/airflow/.local/lib/python3.11/site-packages/airflow/example_dags/example_branch_operator.py
[2024-03-04T16:23:35.245+0000] {processor.py:830} INFO - Processing file /home/airflow/.local/lib/python3.11/site-packages/airflow/example_dags/example_branch_operator.py for tasks to queue
[2024-03-04T16:23:35.246+0000] {logging_mixin.py:188} INFO - [2024-03-04T16:23:35.246+0000] {dagbag.py:540} INFO - Filling up the DagBag from /home/airflow/.local/lib/python3.11/site-packages/airflow/example_dags/example_branch_operator.py
[2024-03-04T16:23:35.256+0000] {processor.py:840} INFO - DAG(s) 'example_branch_operator' retrieved from /home/airflow/.local/lib/python3.11/site-packages/airflow/example_dags/example_branch_operator.py
[2024-03-04T16:23:35.267+0000] {logging_mixin.py:188} INFO - [2024-03-04T16:23:35.267+0000] {dag.py:3047} INFO - Sync 1 DAGs
[2024-03-04T16:23:35.278+0000] {logging_mixin.py:188} INFO - [2024-03-04T16:23:35.278+0000] {dag.py:3834} INFO - Setting next_dagrun for example_branch_operator to 2024-03-03 00:00:00+00:00, run_after=2024-03-04 00:00:00+00:00
[2024-03-04T16:23:35.285+0000] {processor.py:183} INFO - Processing /home/airflow/.local/lib/python3.11/site-packages/airflow/example_dags/example_branch_operator.py took 0.042 seconds
[2024-03-04T16:24:05.897+0000] {processor.py:161} INFO - Started process (PID=3516) to work on /home/airflow/.local/lib/python3.11/site-packages/airflow/example_dags/example_branch_operator.py
[2024-03-04T16:24:05.898+0000] {processor.py:830} INFO - Processing file /home/airflow/.local/lib/python3.11/site-packages/airflow/example_dags/example_branch_operator.py for tasks to queue
[2024-03-04T16:24:05.899+0000] {logging_mixin.py:188} INFO - [2024-03-04T16:24:05.899+0000] {dagbag.py:540} INFO - Filling up the DagBag from /home/airflow/.local/lib/python3.11/site-packages/airflow/example_dags/example_branch_operator.py
[2024-03-04T16:24:05.913+0000] {processor.py:840} INFO - DAG(s) 'example_branch_operator' retrieved from /home/airflow/.local/lib/python3.11/site-packages/airflow/example_dags/example_branch_operator.py
[2024-03-04T16:24:05.957+0000] {logging_mixin.py:188} INFO - [2024-03-04T16:24:05.956+0000] {dag.py:3047} INFO - Sync 1 DAGs
[2024-03-04T16:24:05.979+0000] {logging_mixin.py:188} INFO - [2024-03-04T16:24:05.979+0000] {dag.py:3834} INFO - Setting next_dagrun for example_branch_operator to 2024-03-03 00:00:00+00:00, run_after=2024-03-04 00:00:00+00:00
[2024-03-04T16:24:05.991+0000] {processor.py:183} INFO - Processing /home/airflow/.local/lib/python3.11/site-packages/airflow/example_dags/example_branch_operator.py took 0.097 seconds
[2024-03-04T16:24:36.977+0000] {processor.py:161} INFO - Started process (PID=3571) to work on /home/airflow/.local/lib/python3.11/site-packages/airflow/example_dags/example_branch_operator.py
[2024-03-04T16:24:36.980+0000] {processor.py:830} INFO - Processing file /home/airflow/.local/lib/python3.11/site-packages/airflow/example_dags/example_branch_operator.py for tasks to queue
[2024-03-04T16:24:36.982+0000] {logging_mixin.py:188} INFO - [2024-03-04T16:24:36.982+0000] {dagbag.py:540} INFO - Filling up the DagBag from /home/airflow/.local/lib/python3.11/site-packages/airflow/example_dags/example_branch_operator.py
[2024-03-04T16:24:37.007+0000] {processor.py:840} INFO - DAG(s) 'example_branch_operator' retrieved from /home/airflow/.local/lib/python3.11/site-packages/airflow/example_dags/example_branch_operator.py
[2024-03-04T16:24:37.057+0000] {logging_mixin.py:188} INFO - [2024-03-04T16:24:37.056+0000] {dag.py:3047} INFO - Sync 1 DAGs
[2024-03-04T16:24:37.081+0000] {logging_mixin.py:188} INFO - [2024-03-04T16:24:37.081+0000] {dag.py:3834} INFO - Setting next_dagrun for example_branch_operator to 2024-03-03 00:00:00+00:00, run_after=2024-03-04 00:00:00+00:00
[2024-03-04T16:24:37.102+0000] {processor.py:183} INFO - Processing /home/airflow/.local/lib/python3.11/site-packages/airflow/example_dags/example_branch_operator.py took 0.139 seconds
[2024-03-04T16:25:07.340+0000] {processor.py:161} INFO - Started process (PID=3626) to work on /home/airflow/.local/lib/python3.11/site-packages/airflow/example_dags/example_branch_operator.py
[2024-03-04T16:25:07.341+0000] {processor.py:830} INFO - Processing file /home/airflow/.local/lib/python3.11/site-packages/airflow/example_dags/example_branch_operator.py for tasks to queue
[2024-03-04T16:25:07.343+0000] {logging_mixin.py:188} INFO - [2024-03-04T16:25:07.342+0000] {dagbag.py:540} INFO - Filling up the DagBag from /home/airflow/.local/lib/python3.11/site-packages/airflow/example_dags/example_branch_operator.py
[2024-03-04T16:25:07.356+0000] {processor.py:840} INFO - DAG(s) 'example_branch_operator' retrieved from /home/airflow/.local/lib/python3.11/site-packages/airflow/example_dags/example_branch_operator.py
[2024-03-04T16:25:07.373+0000] {logging_mixin.py:188} INFO - [2024-03-04T16:25:07.373+0000] {dag.py:3047} INFO - Sync 1 DAGs
[2024-03-04T16:25:07.387+0000] {logging_mixin.py:188} INFO - [2024-03-04T16:25:07.387+0000] {dag.py:3834} INFO - Setting next_dagrun for example_branch_operator to 2024-03-03 00:00:00+00:00, run_after=2024-03-04 00:00:00+00:00
[2024-03-04T16:25:07.394+0000] {processor.py:183} INFO - Processing /home/airflow/.local/lib/python3.11/site-packages/airflow/example_dags/example_branch_operator.py took 0.056 seconds
[2024-03-04T16:25:37.909+0000] {processor.py:161} INFO - Started process (PID=3681) to work on /home/airflow/.local/lib/python3.11/site-packages/airflow/example_dags/example_branch_operator.py
[2024-03-04T16:25:37.911+0000] {processor.py:830} INFO - Processing file /home/airflow/.local/lib/python3.11/site-packages/airflow/example_dags/example_branch_operator.py for tasks to queue
[2024-03-04T16:25:37.915+0000] {logging_mixin.py:188} INFO - [2024-03-04T16:25:37.914+0000] {dagbag.py:540} INFO - Filling up the DagBag from /home/airflow/.local/lib/python3.11/site-packages/airflow/example_dags/example_branch_operator.py
[2024-03-04T16:25:37.949+0000] {processor.py:840} INFO - DAG(s) 'example_branch_operator' retrieved from /home/airflow/.local/lib/python3.11/site-packages/airflow/example_dags/example_branch_operator.py
[2024-03-04T16:25:37.980+0000] {logging_mixin.py:188} INFO - [2024-03-04T16:25:37.980+0000] {dag.py:3047} INFO - Sync 1 DAGs
[2024-03-04T16:25:37.996+0000] {logging_mixin.py:188} INFO - [2024-03-04T16:25:37.995+0000] {dag.py:3834} INFO - Setting next_dagrun for example_branch_operator to 2024-03-03 00:00:00+00:00, run_after=2024-03-04 00:00:00+00:00
[2024-03-04T16:25:38.006+0000] {processor.py:183} INFO - Processing /home/airflow/.local/lib/python3.11/site-packages/airflow/example_dags/example_branch_operator.py took 0.097 seconds
[2024-03-04T16:26:08.640+0000] {processor.py:161} INFO - Started process (PID=3736) to work on /home/airflow/.local/lib/python3.11/site-packages/airflow/example_dags/example_branch_operator.py
[2024-03-04T16:26:08.641+0000] {processor.py:830} INFO - Processing file /home/airflow/.local/lib/python3.11/site-packages/airflow/example_dags/example_branch_operator.py for tasks to queue
[2024-03-04T16:26:08.642+0000] {logging_mixin.py:188} INFO - [2024-03-04T16:26:08.642+0000] {dagbag.py:540} INFO - Filling up the DagBag from /home/airflow/.local/lib/python3.11/site-packages/airflow/example_dags/example_branch_operator.py
[2024-03-04T16:26:08.676+0000] {processor.py:840} INFO - DAG(s) 'example_branch_operator' retrieved from /home/airflow/.local/lib/python3.11/site-packages/airflow/example_dags/example_branch_operator.py
[2024-03-04T16:26:08.707+0000] {logging_mixin.py:188} INFO - [2024-03-04T16:26:08.707+0000] {dag.py:3047} INFO - Sync 1 DAGs
[2024-03-04T16:26:08.734+0000] {logging_mixin.py:188} INFO - [2024-03-04T16:26:08.733+0000] {dag.py:3834} INFO - Setting next_dagrun for example_branch_operator to 2024-03-03 00:00:00+00:00, run_after=2024-03-04 00:00:00+00:00
[2024-03-04T16:26:08.748+0000] {processor.py:183} INFO - Processing /home/airflow/.local/lib/python3.11/site-packages/airflow/example_dags/example_branch_operator.py took 0.112 seconds
[2024-03-04T16:26:39.592+0000] {processor.py:161} INFO - Started process (PID=3791) to work on /home/airflow/.local/lib/python3.11/site-packages/airflow/example_dags/example_branch_operator.py
[2024-03-04T16:26:39.593+0000] {processor.py:830} INFO - Processing file /home/airflow/.local/lib/python3.11/site-packages/airflow/example_dags/example_branch_operator.py for tasks to queue
[2024-03-04T16:26:39.594+0000] {logging_mixin.py:188} INFO - [2024-03-04T16:26:39.594+0000] {dagbag.py:540} INFO - Filling up the DagBag from /home/airflow/.local/lib/python3.11/site-packages/airflow/example_dags/example_branch_operator.py
[2024-03-04T16:26:39.610+0000] {processor.py:840} INFO - DAG(s) 'example_branch_operator' retrieved from /home/airflow/.local/lib/python3.11/site-packages/airflow/example_dags/example_branch_operator.py
[2024-03-04T16:26:39.624+0000] {logging_mixin.py:188} INFO - [2024-03-04T16:26:39.624+0000] {dag.py:3047} INFO - Sync 1 DAGs
[2024-03-04T16:26:39.634+0000] {logging_mixin.py:188} INFO - [2024-03-04T16:26:39.634+0000] {dag.py:3834} INFO - Setting next_dagrun for example_branch_operator to 2024-03-03 00:00:00+00:00, run_after=2024-03-04 00:00:00+00:00
[2024-03-04T16:26:39.642+0000] {processor.py:183} INFO - Processing /home/airflow/.local/lib/python3.11/site-packages/airflow/example_dags/example_branch_operator.py took 0.053 seconds
[2024-03-04T16:27:10.496+0000] {processor.py:161} INFO - Started process (PID=3846) to work on /home/airflow/.local/lib/python3.11/site-packages/airflow/example_dags/example_branch_operator.py
[2024-03-04T16:27:10.497+0000] {processor.py:830} INFO - Processing file /home/airflow/.local/lib/python3.11/site-packages/airflow/example_dags/example_branch_operator.py for tasks to queue
[2024-03-04T16:27:10.499+0000] {logging_mixin.py:188} INFO - [2024-03-04T16:27:10.499+0000] {dagbag.py:540} INFO - Filling up the DagBag from /home/airflow/.local/lib/python3.11/site-packages/airflow/example_dags/example_branch_operator.py
[2024-03-04T16:27:10.512+0000] {processor.py:840} INFO - DAG(s) 'example_branch_operator' retrieved from /home/airflow/.local/lib/python3.11/site-packages/airflow/example_dags/example_branch_operator.py
[2024-03-04T16:27:10.527+0000] {logging_mixin.py:188} INFO - [2024-03-04T16:27:10.526+0000] {dag.py:3047} INFO - Sync 1 DAGs
[2024-03-04T16:27:10.537+0000] {logging_mixin.py:188} INFO - [2024-03-04T16:27:10.537+0000] {dag.py:3834} INFO - Setting next_dagrun for example_branch_operator to 2024-03-03 00:00:00+00:00, run_after=2024-03-04 00:00:00+00:00
[2024-03-04T16:27:10.545+0000] {processor.py:183} INFO - Processing /home/airflow/.local/lib/python3.11/site-packages/airflow/example_dags/example_branch_operator.py took 0.053 seconds
[2024-03-04T16:27:40.740+0000] {processor.py:161} INFO - Started process (PID=3901) to work on /home/airflow/.local/lib/python3.11/site-packages/airflow/example_dags/example_branch_operator.py
[2024-03-04T16:27:40.742+0000] {processor.py:830} INFO - Processing file /home/airflow/.local/lib/python3.11/site-packages/airflow/example_dags/example_branch_operator.py for tasks to queue
[2024-03-04T16:27:40.743+0000] {logging_mixin.py:188} INFO - [2024-03-04T16:27:40.743+0000] {dagbag.py:540} INFO - Filling up the DagBag from /home/airflow/.local/lib/python3.11/site-packages/airflow/example_dags/example_branch_operator.py
[2024-03-04T16:27:40.758+0000] {processor.py:840} INFO - DAG(s) 'example_branch_operator' retrieved from /home/airflow/.local/lib/python3.11/site-packages/airflow/example_dags/example_branch_operator.py
[2024-03-04T16:27:40.773+0000] {logging_mixin.py:188} INFO - [2024-03-04T16:27:40.773+0000] {dag.py:3047} INFO - Sync 1 DAGs
[2024-03-04T16:27:40.783+0000] {logging_mixin.py:188} INFO - [2024-03-04T16:27:40.783+0000] {dag.py:3834} INFO - Setting next_dagrun for example_branch_operator to 2024-03-03 00:00:00+00:00, run_after=2024-03-04 00:00:00+00:00
[2024-03-04T16:27:40.792+0000] {processor.py:183} INFO - Processing /home/airflow/.local/lib/python3.11/site-packages/airflow/example_dags/example_branch_operator.py took 0.055 seconds
[2024-03-04T16:28:11.008+0000] {processor.py:161} INFO - Started process (PID=3956) to work on /home/airflow/.local/lib/python3.11/site-packages/airflow/example_dags/example_branch_operator.py
[2024-03-04T16:28:11.009+0000] {processor.py:830} INFO - Processing file /home/airflow/.local/lib/python3.11/site-packages/airflow/example_dags/example_branch_operator.py for tasks to queue
[2024-03-04T16:28:11.011+0000] {logging_mixin.py:188} INFO - [2024-03-04T16:28:11.010+0000] {dagbag.py:540} INFO - Filling up the DagBag from /home/airflow/.local/lib/python3.11/site-packages/airflow/example_dags/example_branch_operator.py
[2024-03-04T16:28:11.026+0000] {processor.py:840} INFO - DAG(s) 'example_branch_operator' retrieved from /home/airflow/.local/lib/python3.11/site-packages/airflow/example_dags/example_branch_operator.py
[2024-03-04T16:28:11.041+0000] {logging_mixin.py:188} INFO - [2024-03-04T16:28:11.040+0000] {dag.py:3047} INFO - Sync 1 DAGs
[2024-03-04T16:28:11.051+0000] {logging_mixin.py:188} INFO - [2024-03-04T16:28:11.051+0000] {dag.py:3834} INFO - Setting next_dagrun for example_branch_operator to 2024-03-03 00:00:00+00:00, run_after=2024-03-04 00:00:00+00:00
[2024-03-04T16:28:11.059+0000] {processor.py:183} INFO - Processing /home/airflow/.local/lib/python3.11/site-packages/airflow/example_dags/example_branch_operator.py took 0.055 seconds
