[2024-03-04T15:51:58.548+0000] {processor.py:161} INFO - Started process (PID=59) to work on /home/airflow/.local/lib/python3.11/site-packages/airflow/example_dags/example_sensors.py
[2024-03-04T15:51:58.549+0000] {processor.py:830} INFO - Processing file /home/airflow/.local/lib/python3.11/site-packages/airflow/example_dags/example_sensors.py for tasks to queue
[2024-03-04T15:51:58.552+0000] {logging_mixin.py:188} INFO - [2024-03-04T15:51:58.552+0000] {dagbag.py:540} INFO - Filling up the DagBag from /home/airflow/.local/lib/python3.11/site-packages/airflow/example_dags/example_sensors.py
[2024-03-04T15:51:58.584+0000] {processor.py:840} INFO - DAG(s) 'example_sensors' retrieved from /home/airflow/.local/lib/python3.11/site-packages/airflow/example_dags/example_sensors.py
[2024-03-04T15:51:58.683+0000] {logging_mixin.py:188} INFO - [2024-03-04T15:51:58.683+0000] {override.py:1769} INFO - Created Permission View: can read on DAG:example_sensors
[2024-03-04T15:51:58.688+0000] {logging_mixin.py:188} INFO - [2024-03-04T15:51:58.687+0000] {override.py:1769} INFO - Created Permission View: can delete on DAG:example_sensors
[2024-03-04T15:51:58.689+0000] {logging_mixin.py:188} INFO - [2024-03-04T15:51:58.689+0000] {override.py:1769} INFO - Created Permission View: can edit on DAG:example_sensors
[2024-03-04T15:51:58.690+0000] {logging_mixin.py:188} INFO - [2024-03-04T15:51:58.690+0000] {dag.py:3047} INFO - Sync 1 DAGs
[2024-03-04T15:51:58.695+0000] {logging_mixin.py:188} INFO - [2024-03-04T15:51:58.695+0000] {dag.py:3069} INFO - Creating ORM DAG for example_sensors
[2024-03-04T15:51:58.695+0000] {logging_mixin.py:188} INFO - [2024-03-04T15:51:58.695+0000] {dag.py:3834} INFO - Setting next_dagrun for example_sensors to None, run_after=None
[2024-03-04T15:51:58.702+0000] {processor.py:183} INFO - Processing /home/airflow/.local/lib/python3.11/site-packages/airflow/example_dags/example_sensors.py took 0.158 seconds
[2024-03-04T15:52:29.235+0000] {processor.py:161} INFO - Started process (PID=114) to work on /home/airflow/.local/lib/python3.11/site-packages/airflow/example_dags/example_sensors.py
[2024-03-04T15:52:29.236+0000] {processor.py:830} INFO - Processing file /home/airflow/.local/lib/python3.11/site-packages/airflow/example_dags/example_sensors.py for tasks to queue
[2024-03-04T15:52:29.237+0000] {logging_mixin.py:188} INFO - [2024-03-04T15:52:29.236+0000] {dagbag.py:540} INFO - Filling up the DagBag from /home/airflow/.local/lib/python3.11/site-packages/airflow/example_dags/example_sensors.py
[2024-03-04T15:52:29.241+0000] {processor.py:840} INFO - DAG(s) 'example_sensors' retrieved from /home/airflow/.local/lib/python3.11/site-packages/airflow/example_dags/example_sensors.py
[2024-03-04T15:52:29.251+0000] {logging_mixin.py:188} INFO - [2024-03-04T15:52:29.251+0000] {dag.py:3047} INFO - Sync 1 DAGs
[2024-03-04T15:52:29.255+0000] {logging_mixin.py:188} INFO - [2024-03-04T15:52:29.255+0000] {dag.py:3834} INFO - Setting next_dagrun for example_sensors to None, run_after=None
[2024-03-04T15:52:29.262+0000] {processor.py:183} INFO - Processing /home/airflow/.local/lib/python3.11/site-packages/airflow/example_dags/example_sensors.py took 0.028 seconds
[2024-03-04T15:53:00.097+0000] {processor.py:161} INFO - Started process (PID=169) to work on /home/airflow/.local/lib/python3.11/site-packages/airflow/example_dags/example_sensors.py
[2024-03-04T15:53:00.098+0000] {processor.py:830} INFO - Processing file /home/airflow/.local/lib/python3.11/site-packages/airflow/example_dags/example_sensors.py for tasks to queue
[2024-03-04T15:53:00.099+0000] {logging_mixin.py:188} INFO - [2024-03-04T15:53:00.099+0000] {dagbag.py:540} INFO - Filling up the DagBag from /home/airflow/.local/lib/python3.11/site-packages/airflow/example_dags/example_sensors.py
[2024-03-04T15:53:00.105+0000] {processor.py:840} INFO - DAG(s) 'example_sensors' retrieved from /home/airflow/.local/lib/python3.11/site-packages/airflow/example_dags/example_sensors.py
[2024-03-04T15:53:00.116+0000] {logging_mixin.py:188} INFO - [2024-03-04T15:53:00.115+0000] {dag.py:3047} INFO - Sync 1 DAGs
[2024-03-04T15:53:00.120+0000] {logging_mixin.py:188} INFO - [2024-03-04T15:53:00.120+0000] {dag.py:3834} INFO - Setting next_dagrun for example_sensors to None, run_after=None
[2024-03-04T15:53:00.127+0000] {processor.py:183} INFO - Processing /home/airflow/.local/lib/python3.11/site-packages/airflow/example_dags/example_sensors.py took 0.032 seconds
[2024-03-04T15:53:30.425+0000] {processor.py:161} INFO - Started process (PID=224) to work on /home/airflow/.local/lib/python3.11/site-packages/airflow/example_dags/example_sensors.py
[2024-03-04T15:53:30.425+0000] {processor.py:830} INFO - Processing file /home/airflow/.local/lib/python3.11/site-packages/airflow/example_dags/example_sensors.py for tasks to queue
[2024-03-04T15:53:30.426+0000] {logging_mixin.py:188} INFO - [2024-03-04T15:53:30.426+0000] {dagbag.py:540} INFO - Filling up the DagBag from /home/airflow/.local/lib/python3.11/site-packages/airflow/example_dags/example_sensors.py
[2024-03-04T15:53:30.431+0000] {processor.py:840} INFO - DAG(s) 'example_sensors' retrieved from /home/airflow/.local/lib/python3.11/site-packages/airflow/example_dags/example_sensors.py
[2024-03-04T15:53:30.442+0000] {logging_mixin.py:188} INFO - [2024-03-04T15:53:30.442+0000] {dag.py:3047} INFO - Sync 1 DAGs
[2024-03-04T15:53:30.447+0000] {logging_mixin.py:188} INFO - [2024-03-04T15:53:30.447+0000] {dag.py:3834} INFO - Setting next_dagrun for example_sensors to None, run_after=None
[2024-03-04T15:53:30.454+0000] {processor.py:183} INFO - Processing /home/airflow/.local/lib/python3.11/site-packages/airflow/example_dags/example_sensors.py took 0.031 seconds
[2024-03-04T15:54:01.406+0000] {processor.py:161} INFO - Started process (PID=279) to work on /home/airflow/.local/lib/python3.11/site-packages/airflow/example_dags/example_sensors.py
[2024-03-04T15:54:01.407+0000] {processor.py:830} INFO - Processing file /home/airflow/.local/lib/python3.11/site-packages/airflow/example_dags/example_sensors.py for tasks to queue
[2024-03-04T15:54:01.408+0000] {logging_mixin.py:188} INFO - [2024-03-04T15:54:01.407+0000] {dagbag.py:540} INFO - Filling up the DagBag from /home/airflow/.local/lib/python3.11/site-packages/airflow/example_dags/example_sensors.py
[2024-03-04T15:54:01.412+0000] {processor.py:840} INFO - DAG(s) 'example_sensors' retrieved from /home/airflow/.local/lib/python3.11/site-packages/airflow/example_dags/example_sensors.py
[2024-03-04T15:54:01.425+0000] {logging_mixin.py:188} INFO - [2024-03-04T15:54:01.425+0000] {dag.py:3047} INFO - Sync 1 DAGs
[2024-03-04T15:54:01.430+0000] {logging_mixin.py:188} INFO - [2024-03-04T15:54:01.430+0000] {dag.py:3834} INFO - Setting next_dagrun for example_sensors to None, run_after=None
[2024-03-04T15:54:01.438+0000] {processor.py:183} INFO - Processing /home/airflow/.local/lib/python3.11/site-packages/airflow/example_dags/example_sensors.py took 0.033 seconds
[2024-03-04T15:54:32.114+0000] {processor.py:161} INFO - Started process (PID=334) to work on /home/airflow/.local/lib/python3.11/site-packages/airflow/example_dags/example_sensors.py
[2024-03-04T15:54:32.115+0000] {processor.py:830} INFO - Processing file /home/airflow/.local/lib/python3.11/site-packages/airflow/example_dags/example_sensors.py for tasks to queue
[2024-03-04T15:54:32.116+0000] {logging_mixin.py:188} INFO - [2024-03-04T15:54:32.116+0000] {dagbag.py:540} INFO - Filling up the DagBag from /home/airflow/.local/lib/python3.11/site-packages/airflow/example_dags/example_sensors.py
[2024-03-04T15:54:32.121+0000] {processor.py:840} INFO - DAG(s) 'example_sensors' retrieved from /home/airflow/.local/lib/python3.11/site-packages/airflow/example_dags/example_sensors.py
[2024-03-04T15:54:32.132+0000] {logging_mixin.py:188} INFO - [2024-03-04T15:54:32.132+0000] {dag.py:3047} INFO - Sync 1 DAGs
[2024-03-04T15:54:32.137+0000] {logging_mixin.py:188} INFO - [2024-03-04T15:54:32.137+0000] {dag.py:3834} INFO - Setting next_dagrun for example_sensors to None, run_after=None
[2024-03-04T15:54:32.144+0000] {processor.py:183} INFO - Processing /home/airflow/.local/lib/python3.11/site-packages/airflow/example_dags/example_sensors.py took 0.034 seconds
[2024-03-04T15:55:02.872+0000] {processor.py:161} INFO - Started process (PID=389) to work on /home/airflow/.local/lib/python3.11/site-packages/airflow/example_dags/example_sensors.py
[2024-03-04T15:55:02.872+0000] {processor.py:830} INFO - Processing file /home/airflow/.local/lib/python3.11/site-packages/airflow/example_dags/example_sensors.py for tasks to queue
[2024-03-04T15:55:02.873+0000] {logging_mixin.py:188} INFO - [2024-03-04T15:55:02.873+0000] {dagbag.py:540} INFO - Filling up the DagBag from /home/airflow/.local/lib/python3.11/site-packages/airflow/example_dags/example_sensors.py
[2024-03-04T15:55:02.878+0000] {processor.py:840} INFO - DAG(s) 'example_sensors' retrieved from /home/airflow/.local/lib/python3.11/site-packages/airflow/example_dags/example_sensors.py
[2024-03-04T15:55:02.888+0000] {logging_mixin.py:188} INFO - [2024-03-04T15:55:02.888+0000] {dag.py:3047} INFO - Sync 1 DAGs
[2024-03-04T15:55:02.892+0000] {logging_mixin.py:188} INFO - [2024-03-04T15:55:02.892+0000] {dag.py:3834} INFO - Setting next_dagrun for example_sensors to None, run_after=None
[2024-03-04T15:55:02.898+0000] {processor.py:183} INFO - Processing /home/airflow/.local/lib/python3.11/site-packages/airflow/example_dags/example_sensors.py took 0.028 seconds
[2024-03-04T15:55:33.595+0000] {processor.py:161} INFO - Started process (PID=444) to work on /home/airflow/.local/lib/python3.11/site-packages/airflow/example_dags/example_sensors.py
[2024-03-04T15:55:33.596+0000] {processor.py:830} INFO - Processing file /home/airflow/.local/lib/python3.11/site-packages/airflow/example_dags/example_sensors.py for tasks to queue
[2024-03-04T15:55:33.597+0000] {logging_mixin.py:188} INFO - [2024-03-04T15:55:33.597+0000] {dagbag.py:540} INFO - Filling up the DagBag from /home/airflow/.local/lib/python3.11/site-packages/airflow/example_dags/example_sensors.py
[2024-03-04T15:55:33.601+0000] {processor.py:840} INFO - DAG(s) 'example_sensors' retrieved from /home/airflow/.local/lib/python3.11/site-packages/airflow/example_dags/example_sensors.py
[2024-03-04T15:55:33.611+0000] {logging_mixin.py:188} INFO - [2024-03-04T15:55:33.611+0000] {dag.py:3047} INFO - Sync 1 DAGs
[2024-03-04T15:55:33.615+0000] {logging_mixin.py:188} INFO - [2024-03-04T15:55:33.615+0000] {dag.py:3834} INFO - Setting next_dagrun for example_sensors to None, run_after=None
[2024-03-04T15:55:33.622+0000] {processor.py:183} INFO - Processing /home/airflow/.local/lib/python3.11/site-packages/airflow/example_dags/example_sensors.py took 0.028 seconds
[2024-03-04T15:56:04.352+0000] {processor.py:161} INFO - Started process (PID=499) to work on /home/airflow/.local/lib/python3.11/site-packages/airflow/example_dags/example_sensors.py
[2024-03-04T15:56:04.353+0000] {processor.py:830} INFO - Processing file /home/airflow/.local/lib/python3.11/site-packages/airflow/example_dags/example_sensors.py for tasks to queue
[2024-03-04T15:56:04.353+0000] {logging_mixin.py:188} INFO - [2024-03-04T15:56:04.353+0000] {dagbag.py:540} INFO - Filling up the DagBag from /home/airflow/.local/lib/python3.11/site-packages/airflow/example_dags/example_sensors.py
[2024-03-04T15:56:04.358+0000] {processor.py:840} INFO - DAG(s) 'example_sensors' retrieved from /home/airflow/.local/lib/python3.11/site-packages/airflow/example_dags/example_sensors.py
[2024-03-04T15:56:04.367+0000] {logging_mixin.py:188} INFO - [2024-03-04T15:56:04.367+0000] {dag.py:3047} INFO - Sync 1 DAGs
[2024-03-04T15:56:04.372+0000] {logging_mixin.py:188} INFO - [2024-03-04T15:56:04.372+0000] {dag.py:3834} INFO - Setting next_dagrun for example_sensors to None, run_after=None
[2024-03-04T15:56:04.378+0000] {processor.py:183} INFO - Processing /home/airflow/.local/lib/python3.11/site-packages/airflow/example_dags/example_sensors.py took 0.027 seconds
[2024-03-04T15:56:35.060+0000] {processor.py:161} INFO - Started process (PID=554) to work on /home/airflow/.local/lib/python3.11/site-packages/airflow/example_dags/example_sensors.py
[2024-03-04T15:56:35.060+0000] {processor.py:830} INFO - Processing file /home/airflow/.local/lib/python3.11/site-packages/airflow/example_dags/example_sensors.py for tasks to queue
[2024-03-04T15:56:35.061+0000] {logging_mixin.py:188} INFO - [2024-03-04T15:56:35.061+0000] {dagbag.py:540} INFO - Filling up the DagBag from /home/airflow/.local/lib/python3.11/site-packages/airflow/example_dags/example_sensors.py
[2024-03-04T15:56:35.065+0000] {processor.py:840} INFO - DAG(s) 'example_sensors' retrieved from /home/airflow/.local/lib/python3.11/site-packages/airflow/example_dags/example_sensors.py
[2024-03-04T15:56:35.075+0000] {logging_mixin.py:188} INFO - [2024-03-04T15:56:35.075+0000] {dag.py:3047} INFO - Sync 1 DAGs
[2024-03-04T15:56:35.079+0000] {logging_mixin.py:188} INFO - [2024-03-04T15:56:35.079+0000] {dag.py:3834} INFO - Setting next_dagrun for example_sensors to None, run_after=None
[2024-03-04T15:56:35.085+0000] {processor.py:183} INFO - Processing /home/airflow/.local/lib/python3.11/site-packages/airflow/example_dags/example_sensors.py took 0.027 seconds
[2024-03-04T15:57:05.815+0000] {processor.py:161} INFO - Started process (PID=609) to work on /home/airflow/.local/lib/python3.11/site-packages/airflow/example_dags/example_sensors.py
[2024-03-04T15:57:05.815+0000] {processor.py:830} INFO - Processing file /home/airflow/.local/lib/python3.11/site-packages/airflow/example_dags/example_sensors.py for tasks to queue
[2024-03-04T15:57:05.816+0000] {logging_mixin.py:188} INFO - [2024-03-04T15:57:05.816+0000] {dagbag.py:540} INFO - Filling up the DagBag from /home/airflow/.local/lib/python3.11/site-packages/airflow/example_dags/example_sensors.py
[2024-03-04T15:57:05.821+0000] {processor.py:840} INFO - DAG(s) 'example_sensors' retrieved from /home/airflow/.local/lib/python3.11/site-packages/airflow/example_dags/example_sensors.py
[2024-03-04T15:57:05.833+0000] {logging_mixin.py:188} INFO - [2024-03-04T15:57:05.833+0000] {dag.py:3047} INFO - Sync 1 DAGs
[2024-03-04T15:57:05.839+0000] {logging_mixin.py:188} INFO - [2024-03-04T15:57:05.839+0000] {dag.py:3834} INFO - Setting next_dagrun for example_sensors to None, run_after=None
[2024-03-04T15:57:05.848+0000] {processor.py:183} INFO - Processing /home/airflow/.local/lib/python3.11/site-packages/airflow/example_dags/example_sensors.py took 0.035 seconds
[2024-03-04T15:57:36.531+0000] {processor.py:161} INFO - Started process (PID=664) to work on /home/airflow/.local/lib/python3.11/site-packages/airflow/example_dags/example_sensors.py
[2024-03-04T15:57:36.531+0000] {processor.py:830} INFO - Processing file /home/airflow/.local/lib/python3.11/site-packages/airflow/example_dags/example_sensors.py for tasks to queue
[2024-03-04T15:57:36.532+0000] {logging_mixin.py:188} INFO - [2024-03-04T15:57:36.532+0000] {dagbag.py:540} INFO - Filling up the DagBag from /home/airflow/.local/lib/python3.11/site-packages/airflow/example_dags/example_sensors.py
[2024-03-04T15:57:36.539+0000] {processor.py:840} INFO - DAG(s) 'example_sensors' retrieved from /home/airflow/.local/lib/python3.11/site-packages/airflow/example_dags/example_sensors.py
[2024-03-04T15:57:36.554+0000] {logging_mixin.py:188} INFO - [2024-03-04T15:57:36.554+0000] {dag.py:3047} INFO - Sync 1 DAGs
[2024-03-04T15:57:36.558+0000] {logging_mixin.py:188} INFO - [2024-03-04T15:57:36.558+0000] {dag.py:3834} INFO - Setting next_dagrun for example_sensors to None, run_after=None
[2024-03-04T15:57:36.566+0000] {processor.py:183} INFO - Processing /home/airflow/.local/lib/python3.11/site-packages/airflow/example_dags/example_sensors.py took 0.037 seconds
[2024-03-04T15:58:07.273+0000] {processor.py:161} INFO - Started process (PID=719) to work on /home/airflow/.local/lib/python3.11/site-packages/airflow/example_dags/example_sensors.py
[2024-03-04T15:58:07.274+0000] {processor.py:830} INFO - Processing file /home/airflow/.local/lib/python3.11/site-packages/airflow/example_dags/example_sensors.py for tasks to queue
[2024-03-04T15:58:07.276+0000] {logging_mixin.py:188} INFO - [2024-03-04T15:58:07.275+0000] {dagbag.py:540} INFO - Filling up the DagBag from /home/airflow/.local/lib/python3.11/site-packages/airflow/example_dags/example_sensors.py
[2024-03-04T15:58:07.283+0000] {processor.py:840} INFO - DAG(s) 'example_sensors' retrieved from /home/airflow/.local/lib/python3.11/site-packages/airflow/example_dags/example_sensors.py
[2024-03-04T15:58:07.295+0000] {logging_mixin.py:188} INFO - [2024-03-04T15:58:07.294+0000] {dag.py:3047} INFO - Sync 1 DAGs
[2024-03-04T15:58:07.299+0000] {logging_mixin.py:188} INFO - [2024-03-04T15:58:07.299+0000] {dag.py:3834} INFO - Setting next_dagrun for example_sensors to None, run_after=None
[2024-03-04T15:58:07.306+0000] {processor.py:183} INFO - Processing /home/airflow/.local/lib/python3.11/site-packages/airflow/example_dags/example_sensors.py took 0.034 seconds
[2024-03-04T15:58:38.031+0000] {processor.py:161} INFO - Started process (PID=774) to work on /home/airflow/.local/lib/python3.11/site-packages/airflow/example_dags/example_sensors.py
[2024-03-04T15:58:38.032+0000] {processor.py:830} INFO - Processing file /home/airflow/.local/lib/python3.11/site-packages/airflow/example_dags/example_sensors.py for tasks to queue
[2024-03-04T15:58:38.033+0000] {logging_mixin.py:188} INFO - [2024-03-04T15:58:38.033+0000] {dagbag.py:540} INFO - Filling up the DagBag from /home/airflow/.local/lib/python3.11/site-packages/airflow/example_dags/example_sensors.py
[2024-03-04T15:58:38.038+0000] {processor.py:840} INFO - DAG(s) 'example_sensors' retrieved from /home/airflow/.local/lib/python3.11/site-packages/airflow/example_dags/example_sensors.py
[2024-03-04T15:58:38.048+0000] {logging_mixin.py:188} INFO - [2024-03-04T15:58:38.047+0000] {dag.py:3047} INFO - Sync 1 DAGs
[2024-03-04T15:58:38.052+0000] {logging_mixin.py:188} INFO - [2024-03-04T15:58:38.052+0000] {dag.py:3834} INFO - Setting next_dagrun for example_sensors to None, run_after=None
[2024-03-04T15:58:38.058+0000] {processor.py:183} INFO - Processing /home/airflow/.local/lib/python3.11/site-packages/airflow/example_dags/example_sensors.py took 0.028 seconds
[2024-03-04T15:59:08.629+0000] {processor.py:161} INFO - Started process (PID=829) to work on /home/airflow/.local/lib/python3.11/site-packages/airflow/example_dags/example_sensors.py
[2024-03-04T15:59:08.630+0000] {processor.py:830} INFO - Processing file /home/airflow/.local/lib/python3.11/site-packages/airflow/example_dags/example_sensors.py for tasks to queue
[2024-03-04T15:59:08.630+0000] {logging_mixin.py:188} INFO - [2024-03-04T15:59:08.630+0000] {dagbag.py:540} INFO - Filling up the DagBag from /home/airflow/.local/lib/python3.11/site-packages/airflow/example_dags/example_sensors.py
[2024-03-04T15:59:08.635+0000] {processor.py:840} INFO - DAG(s) 'example_sensors' retrieved from /home/airflow/.local/lib/python3.11/site-packages/airflow/example_dags/example_sensors.py
[2024-03-04T15:59:08.644+0000] {logging_mixin.py:188} INFO - [2024-03-04T15:59:08.644+0000] {dag.py:3047} INFO - Sync 1 DAGs
[2024-03-04T15:59:08.649+0000] {logging_mixin.py:188} INFO - [2024-03-04T15:59:08.649+0000] {dag.py:3834} INFO - Setting next_dagrun for example_sensors to None, run_after=None
[2024-03-04T15:59:08.656+0000] {processor.py:183} INFO - Processing /home/airflow/.local/lib/python3.11/site-packages/airflow/example_dags/example_sensors.py took 0.028 seconds
[2024-03-04T15:59:39.190+0000] {processor.py:161} INFO - Started process (PID=884) to work on /home/airflow/.local/lib/python3.11/site-packages/airflow/example_dags/example_sensors.py
[2024-03-04T15:59:39.191+0000] {processor.py:830} INFO - Processing file /home/airflow/.local/lib/python3.11/site-packages/airflow/example_dags/example_sensors.py for tasks to queue
[2024-03-04T15:59:39.192+0000] {logging_mixin.py:188} INFO - [2024-03-04T15:59:39.192+0000] {dagbag.py:540} INFO - Filling up the DagBag from /home/airflow/.local/lib/python3.11/site-packages/airflow/example_dags/example_sensors.py
[2024-03-04T15:59:39.196+0000] {processor.py:840} INFO - DAG(s) 'example_sensors' retrieved from /home/airflow/.local/lib/python3.11/site-packages/airflow/example_dags/example_sensors.py
[2024-03-04T15:59:39.207+0000] {logging_mixin.py:188} INFO - [2024-03-04T15:59:39.207+0000] {dag.py:3047} INFO - Sync 1 DAGs
[2024-03-04T15:59:39.212+0000] {logging_mixin.py:188} INFO - [2024-03-04T15:59:39.212+0000] {dag.py:3834} INFO - Setting next_dagrun for example_sensors to None, run_after=None
[2024-03-04T15:59:39.220+0000] {processor.py:183} INFO - Processing /home/airflow/.local/lib/python3.11/site-packages/airflow/example_dags/example_sensors.py took 0.031 seconds
[2024-03-04T16:00:09.937+0000] {processor.py:161} INFO - Started process (PID=939) to work on /home/airflow/.local/lib/python3.11/site-packages/airflow/example_dags/example_sensors.py
[2024-03-04T16:00:09.940+0000] {processor.py:830} INFO - Processing file /home/airflow/.local/lib/python3.11/site-packages/airflow/example_dags/example_sensors.py for tasks to queue
[2024-03-04T16:00:09.941+0000] {logging_mixin.py:188} INFO - [2024-03-04T16:00:09.941+0000] {dagbag.py:540} INFO - Filling up the DagBag from /home/airflow/.local/lib/python3.11/site-packages/airflow/example_dags/example_sensors.py
[2024-03-04T16:00:09.945+0000] {processor.py:840} INFO - DAG(s) 'example_sensors' retrieved from /home/airflow/.local/lib/python3.11/site-packages/airflow/example_dags/example_sensors.py
[2024-03-04T16:00:09.959+0000] {logging_mixin.py:188} INFO - [2024-03-04T16:00:09.958+0000] {dag.py:3047} INFO - Sync 1 DAGs
[2024-03-04T16:00:09.966+0000] {logging_mixin.py:188} INFO - [2024-03-04T16:00:09.966+0000] {dag.py:3834} INFO - Setting next_dagrun for example_sensors to None, run_after=None
[2024-03-04T16:00:09.975+0000] {processor.py:183} INFO - Processing /home/airflow/.local/lib/python3.11/site-packages/airflow/example_dags/example_sensors.py took 0.039 seconds
[2024-03-04T16:00:40.729+0000] {processor.py:161} INFO - Started process (PID=993) to work on /home/airflow/.local/lib/python3.11/site-packages/airflow/example_dags/example_sensors.py
[2024-03-04T16:00:40.731+0000] {processor.py:830} INFO - Processing file /home/airflow/.local/lib/python3.11/site-packages/airflow/example_dags/example_sensors.py for tasks to queue
[2024-03-04T16:00:40.732+0000] {logging_mixin.py:188} INFO - [2024-03-04T16:00:40.732+0000] {dagbag.py:540} INFO - Filling up the DagBag from /home/airflow/.local/lib/python3.11/site-packages/airflow/example_dags/example_sensors.py
[2024-03-04T16:00:40.736+0000] {processor.py:840} INFO - DAG(s) 'example_sensors' retrieved from /home/airflow/.local/lib/python3.11/site-packages/airflow/example_dags/example_sensors.py
[2024-03-04T16:00:40.747+0000] {logging_mixin.py:188} INFO - [2024-03-04T16:00:40.747+0000] {dag.py:3047} INFO - Sync 1 DAGs
[2024-03-04T16:00:40.753+0000] {logging_mixin.py:188} INFO - [2024-03-04T16:00:40.753+0000] {dag.py:3834} INFO - Setting next_dagrun for example_sensors to None, run_after=None
[2024-03-04T16:00:40.761+0000] {processor.py:183} INFO - Processing /home/airflow/.local/lib/python3.11/site-packages/airflow/example_dags/example_sensors.py took 0.034 seconds
[2024-03-04T16:01:11.487+0000] {processor.py:161} INFO - Started process (PID=1048) to work on /home/airflow/.local/lib/python3.11/site-packages/airflow/example_dags/example_sensors.py
[2024-03-04T16:01:11.487+0000] {processor.py:830} INFO - Processing file /home/airflow/.local/lib/python3.11/site-packages/airflow/example_dags/example_sensors.py for tasks to queue
[2024-03-04T16:01:11.488+0000] {logging_mixin.py:188} INFO - [2024-03-04T16:01:11.488+0000] {dagbag.py:540} INFO - Filling up the DagBag from /home/airflow/.local/lib/python3.11/site-packages/airflow/example_dags/example_sensors.py
[2024-03-04T16:01:11.494+0000] {processor.py:840} INFO - DAG(s) 'example_sensors' retrieved from /home/airflow/.local/lib/python3.11/site-packages/airflow/example_dags/example_sensors.py
[2024-03-04T16:01:11.507+0000] {logging_mixin.py:188} INFO - [2024-03-04T16:01:11.507+0000] {dag.py:3047} INFO - Sync 1 DAGs
[2024-03-04T16:01:11.512+0000] {logging_mixin.py:188} INFO - [2024-03-04T16:01:11.512+0000] {dag.py:3834} INFO - Setting next_dagrun for example_sensors to None, run_after=None
[2024-03-04T16:01:11.518+0000] {processor.py:183} INFO - Processing /home/airflow/.local/lib/python3.11/site-packages/airflow/example_dags/example_sensors.py took 0.033 seconds
[2024-03-04T16:01:42.285+0000] {processor.py:161} INFO - Started process (PID=1103) to work on /home/airflow/.local/lib/python3.11/site-packages/airflow/example_dags/example_sensors.py
[2024-03-04T16:01:42.285+0000] {processor.py:830} INFO - Processing file /home/airflow/.local/lib/python3.11/site-packages/airflow/example_dags/example_sensors.py for tasks to queue
[2024-03-04T16:01:42.287+0000] {logging_mixin.py:188} INFO - [2024-03-04T16:01:42.287+0000] {dagbag.py:540} INFO - Filling up the DagBag from /home/airflow/.local/lib/python3.11/site-packages/airflow/example_dags/example_sensors.py
[2024-03-04T16:01:42.293+0000] {processor.py:840} INFO - DAG(s) 'example_sensors' retrieved from /home/airflow/.local/lib/python3.11/site-packages/airflow/example_dags/example_sensors.py
[2024-03-04T16:01:42.303+0000] {logging_mixin.py:188} INFO - [2024-03-04T16:01:42.303+0000] {dag.py:3047} INFO - Sync 1 DAGs
[2024-03-04T16:01:42.308+0000] {logging_mixin.py:188} INFO - [2024-03-04T16:01:42.308+0000] {dag.py:3834} INFO - Setting next_dagrun for example_sensors to None, run_after=None
[2024-03-04T16:01:42.314+0000] {processor.py:183} INFO - Processing /home/airflow/.local/lib/python3.11/site-packages/airflow/example_dags/example_sensors.py took 0.032 seconds
[2024-03-04T16:02:13.099+0000] {processor.py:161} INFO - Started process (PID=1164) to work on /home/airflow/.local/lib/python3.11/site-packages/airflow/example_dags/example_sensors.py
[2024-03-04T16:02:13.100+0000] {processor.py:830} INFO - Processing file /home/airflow/.local/lib/python3.11/site-packages/airflow/example_dags/example_sensors.py for tasks to queue
[2024-03-04T16:02:13.100+0000] {logging_mixin.py:188} INFO - [2024-03-04T16:02:13.100+0000] {dagbag.py:540} INFO - Filling up the DagBag from /home/airflow/.local/lib/python3.11/site-packages/airflow/example_dags/example_sensors.py
[2024-03-04T16:02:13.104+0000] {processor.py:840} INFO - DAG(s) 'example_sensors' retrieved from /home/airflow/.local/lib/python3.11/site-packages/airflow/example_dags/example_sensors.py
[2024-03-04T16:02:13.114+0000] {logging_mixin.py:188} INFO - [2024-03-04T16:02:13.114+0000] {dag.py:3047} INFO - Sync 1 DAGs
[2024-03-04T16:02:13.119+0000] {logging_mixin.py:188} INFO - [2024-03-04T16:02:13.118+0000] {dag.py:3834} INFO - Setting next_dagrun for example_sensors to None, run_after=None
[2024-03-04T16:02:13.125+0000] {processor.py:183} INFO - Processing /home/airflow/.local/lib/python3.11/site-packages/airflow/example_dags/example_sensors.py took 0.027 seconds
[2024-03-04T16:02:43.842+0000] {processor.py:161} INFO - Started process (PID=1219) to work on /home/airflow/.local/lib/python3.11/site-packages/airflow/example_dags/example_sensors.py
[2024-03-04T16:02:43.842+0000] {processor.py:830} INFO - Processing file /home/airflow/.local/lib/python3.11/site-packages/airflow/example_dags/example_sensors.py for tasks to queue
[2024-03-04T16:02:43.843+0000] {logging_mixin.py:188} INFO - [2024-03-04T16:02:43.843+0000] {dagbag.py:540} INFO - Filling up the DagBag from /home/airflow/.local/lib/python3.11/site-packages/airflow/example_dags/example_sensors.py
[2024-03-04T16:02:43.847+0000] {processor.py:840} INFO - DAG(s) 'example_sensors' retrieved from /home/airflow/.local/lib/python3.11/site-packages/airflow/example_dags/example_sensors.py
[2024-03-04T16:02:43.859+0000] {logging_mixin.py:188} INFO - [2024-03-04T16:02:43.859+0000] {dag.py:3047} INFO - Sync 1 DAGs
[2024-03-04T16:02:43.864+0000] {logging_mixin.py:188} INFO - [2024-03-04T16:02:43.864+0000] {dag.py:3834} INFO - Setting next_dagrun for example_sensors to None, run_after=None
[2024-03-04T16:02:43.870+0000] {processor.py:183} INFO - Processing /home/airflow/.local/lib/python3.11/site-packages/airflow/example_dags/example_sensors.py took 0.030 seconds
[2024-03-04T16:03:14.680+0000] {processor.py:161} INFO - Started process (PID=1274) to work on /home/airflow/.local/lib/python3.11/site-packages/airflow/example_dags/example_sensors.py
[2024-03-04T16:03:14.681+0000] {processor.py:830} INFO - Processing file /home/airflow/.local/lib/python3.11/site-packages/airflow/example_dags/example_sensors.py for tasks to queue
[2024-03-04T16:03:14.682+0000] {logging_mixin.py:188} INFO - [2024-03-04T16:03:14.682+0000] {dagbag.py:540} INFO - Filling up the DagBag from /home/airflow/.local/lib/python3.11/site-packages/airflow/example_dags/example_sensors.py
[2024-03-04T16:03:14.686+0000] {processor.py:840} INFO - DAG(s) 'example_sensors' retrieved from /home/airflow/.local/lib/python3.11/site-packages/airflow/example_dags/example_sensors.py
[2024-03-04T16:03:14.697+0000] {logging_mixin.py:188} INFO - [2024-03-04T16:03:14.697+0000] {dag.py:3047} INFO - Sync 1 DAGs
[2024-03-04T16:03:14.703+0000] {logging_mixin.py:188} INFO - [2024-03-04T16:03:14.703+0000] {dag.py:3834} INFO - Setting next_dagrun for example_sensors to None, run_after=None
[2024-03-04T16:03:14.711+0000] {processor.py:183} INFO - Processing /home/airflow/.local/lib/python3.11/site-packages/airflow/example_dags/example_sensors.py took 0.032 seconds
[2024-03-04T16:03:45.514+0000] {processor.py:161} INFO - Started process (PID=1329) to work on /home/airflow/.local/lib/python3.11/site-packages/airflow/example_dags/example_sensors.py
[2024-03-04T16:03:45.514+0000] {processor.py:830} INFO - Processing file /home/airflow/.local/lib/python3.11/site-packages/airflow/example_dags/example_sensors.py for tasks to queue
[2024-03-04T16:03:45.515+0000] {logging_mixin.py:188} INFO - [2024-03-04T16:03:45.515+0000] {dagbag.py:540} INFO - Filling up the DagBag from /home/airflow/.local/lib/python3.11/site-packages/airflow/example_dags/example_sensors.py
[2024-03-04T16:03:45.520+0000] {processor.py:840} INFO - DAG(s) 'example_sensors' retrieved from /home/airflow/.local/lib/python3.11/site-packages/airflow/example_dags/example_sensors.py
[2024-03-04T16:03:45.531+0000] {logging_mixin.py:188} INFO - [2024-03-04T16:03:45.531+0000] {dag.py:3047} INFO - Sync 1 DAGs
[2024-03-04T16:03:45.536+0000] {logging_mixin.py:188} INFO - [2024-03-04T16:03:45.536+0000] {dag.py:3834} INFO - Setting next_dagrun for example_sensors to None, run_after=None
[2024-03-04T16:03:45.542+0000] {processor.py:183} INFO - Processing /home/airflow/.local/lib/python3.11/site-packages/airflow/example_dags/example_sensors.py took 0.030 seconds
[2024-03-04T16:04:15.946+0000] {processor.py:161} INFO - Started process (PID=1384) to work on /home/airflow/.local/lib/python3.11/site-packages/airflow/example_dags/example_sensors.py
[2024-03-04T16:04:15.946+0000] {processor.py:830} INFO - Processing file /home/airflow/.local/lib/python3.11/site-packages/airflow/example_dags/example_sensors.py for tasks to queue
[2024-03-04T16:04:15.947+0000] {logging_mixin.py:188} INFO - [2024-03-04T16:04:15.947+0000] {dagbag.py:540} INFO - Filling up the DagBag from /home/airflow/.local/lib/python3.11/site-packages/airflow/example_dags/example_sensors.py
[2024-03-04T16:04:15.951+0000] {processor.py:840} INFO - DAG(s) 'example_sensors' retrieved from /home/airflow/.local/lib/python3.11/site-packages/airflow/example_dags/example_sensors.py
[2024-03-04T16:04:15.963+0000] {logging_mixin.py:188} INFO - [2024-03-04T16:04:15.963+0000] {dag.py:3047} INFO - Sync 1 DAGs
[2024-03-04T16:04:15.968+0000] {logging_mixin.py:188} INFO - [2024-03-04T16:04:15.968+0000] {dag.py:3834} INFO - Setting next_dagrun for example_sensors to None, run_after=None
[2024-03-04T16:04:15.974+0000] {processor.py:183} INFO - Processing /home/airflow/.local/lib/python3.11/site-packages/airflow/example_dags/example_sensors.py took 0.030 seconds
[2024-03-04T16:04:46.817+0000] {processor.py:161} INFO - Started process (PID=1439) to work on /home/airflow/.local/lib/python3.11/site-packages/airflow/example_dags/example_sensors.py
[2024-03-04T16:04:46.818+0000] {processor.py:830} INFO - Processing file /home/airflow/.local/lib/python3.11/site-packages/airflow/example_dags/example_sensors.py for tasks to queue
[2024-03-04T16:04:46.819+0000] {logging_mixin.py:188} INFO - [2024-03-04T16:04:46.819+0000] {dagbag.py:540} INFO - Filling up the DagBag from /home/airflow/.local/lib/python3.11/site-packages/airflow/example_dags/example_sensors.py
[2024-03-04T16:04:46.823+0000] {processor.py:840} INFO - DAG(s) 'example_sensors' retrieved from /home/airflow/.local/lib/python3.11/site-packages/airflow/example_dags/example_sensors.py
[2024-03-04T16:04:46.834+0000] {logging_mixin.py:188} INFO - [2024-03-04T16:04:46.834+0000] {dag.py:3047} INFO - Sync 1 DAGs
[2024-03-04T16:04:46.838+0000] {logging_mixin.py:188} INFO - [2024-03-04T16:04:46.838+0000] {dag.py:3834} INFO - Setting next_dagrun for example_sensors to None, run_after=None
[2024-03-04T16:04:46.844+0000] {processor.py:183} INFO - Processing /home/airflow/.local/lib/python3.11/site-packages/airflow/example_dags/example_sensors.py took 0.028 seconds
[2024-03-04T16:05:17.557+0000] {processor.py:161} INFO - Started process (PID=1494) to work on /home/airflow/.local/lib/python3.11/site-packages/airflow/example_dags/example_sensors.py
[2024-03-04T16:05:17.557+0000] {processor.py:830} INFO - Processing file /home/airflow/.local/lib/python3.11/site-packages/airflow/example_dags/example_sensors.py for tasks to queue
[2024-03-04T16:05:17.558+0000] {logging_mixin.py:188} INFO - [2024-03-04T16:05:17.558+0000] {dagbag.py:540} INFO - Filling up the DagBag from /home/airflow/.local/lib/python3.11/site-packages/airflow/example_dags/example_sensors.py
[2024-03-04T16:05:17.563+0000] {processor.py:840} INFO - DAG(s) 'example_sensors' retrieved from /home/airflow/.local/lib/python3.11/site-packages/airflow/example_dags/example_sensors.py
[2024-03-04T16:05:17.573+0000] {logging_mixin.py:188} INFO - [2024-03-04T16:05:17.573+0000] {dag.py:3047} INFO - Sync 1 DAGs
[2024-03-04T16:05:17.578+0000] {logging_mixin.py:188} INFO - [2024-03-04T16:05:17.578+0000] {dag.py:3834} INFO - Setting next_dagrun for example_sensors to None, run_after=None
[2024-03-04T16:05:17.585+0000] {processor.py:183} INFO - Processing /home/airflow/.local/lib/python3.11/site-packages/airflow/example_dags/example_sensors.py took 0.030 seconds
[2024-03-04T16:05:48.460+0000] {processor.py:161} INFO - Started process (PID=1549) to work on /home/airflow/.local/lib/python3.11/site-packages/airflow/example_dags/example_sensors.py
[2024-03-04T16:05:48.460+0000] {processor.py:830} INFO - Processing file /home/airflow/.local/lib/python3.11/site-packages/airflow/example_dags/example_sensors.py for tasks to queue
[2024-03-04T16:05:48.461+0000] {logging_mixin.py:188} INFO - [2024-03-04T16:05:48.461+0000] {dagbag.py:540} INFO - Filling up the DagBag from /home/airflow/.local/lib/python3.11/site-packages/airflow/example_dags/example_sensors.py
[2024-03-04T16:05:48.466+0000] {processor.py:840} INFO - DAG(s) 'example_sensors' retrieved from /home/airflow/.local/lib/python3.11/site-packages/airflow/example_dags/example_sensors.py
[2024-03-04T16:05:48.475+0000] {logging_mixin.py:188} INFO - [2024-03-04T16:05:48.475+0000] {dag.py:3047} INFO - Sync 1 DAGs
[2024-03-04T16:05:48.480+0000] {logging_mixin.py:188} INFO - [2024-03-04T16:05:48.480+0000] {dag.py:3834} INFO - Setting next_dagrun for example_sensors to None, run_after=None
[2024-03-04T16:05:48.486+0000] {processor.py:183} INFO - Processing /home/airflow/.local/lib/python3.11/site-packages/airflow/example_dags/example_sensors.py took 0.028 seconds
[2024-03-04T16:06:18.566+0000] {processor.py:161} INFO - Started process (PID=1604) to work on /home/airflow/.local/lib/python3.11/site-packages/airflow/example_dags/example_sensors.py
[2024-03-04T16:06:18.566+0000] {processor.py:830} INFO - Processing file /home/airflow/.local/lib/python3.11/site-packages/airflow/example_dags/example_sensors.py for tasks to queue
[2024-03-04T16:06:18.567+0000] {logging_mixin.py:188} INFO - [2024-03-04T16:06:18.567+0000] {dagbag.py:540} INFO - Filling up the DagBag from /home/airflow/.local/lib/python3.11/site-packages/airflow/example_dags/example_sensors.py
[2024-03-04T16:06:18.573+0000] {processor.py:840} INFO - DAG(s) 'example_sensors' retrieved from /home/airflow/.local/lib/python3.11/site-packages/airflow/example_dags/example_sensors.py
[2024-03-04T16:06:18.585+0000] {logging_mixin.py:188} INFO - [2024-03-04T16:06:18.585+0000] {dag.py:3047} INFO - Sync 1 DAGs
[2024-03-04T16:06:18.591+0000] {logging_mixin.py:188} INFO - [2024-03-04T16:06:18.591+0000] {dag.py:3834} INFO - Setting next_dagrun for example_sensors to None, run_after=None
[2024-03-04T16:06:18.599+0000] {processor.py:183} INFO - Processing /home/airflow/.local/lib/python3.11/site-packages/airflow/example_dags/example_sensors.py took 0.036 seconds
[2024-03-04T16:06:48.796+0000] {processor.py:161} INFO - Started process (PID=1659) to work on /home/airflow/.local/lib/python3.11/site-packages/airflow/example_dags/example_sensors.py
[2024-03-04T16:06:48.797+0000] {processor.py:830} INFO - Processing file /home/airflow/.local/lib/python3.11/site-packages/airflow/example_dags/example_sensors.py for tasks to queue
[2024-03-04T16:06:48.798+0000] {logging_mixin.py:188} INFO - [2024-03-04T16:06:48.798+0000] {dagbag.py:540} INFO - Filling up the DagBag from /home/airflow/.local/lib/python3.11/site-packages/airflow/example_dags/example_sensors.py
[2024-03-04T16:06:48.802+0000] {processor.py:840} INFO - DAG(s) 'example_sensors' retrieved from /home/airflow/.local/lib/python3.11/site-packages/airflow/example_dags/example_sensors.py
[2024-03-04T16:06:48.812+0000] {logging_mixin.py:188} INFO - [2024-03-04T16:06:48.812+0000] {dag.py:3047} INFO - Sync 1 DAGs
[2024-03-04T16:06:48.816+0000] {logging_mixin.py:188} INFO - [2024-03-04T16:06:48.816+0000] {dag.py:3834} INFO - Setting next_dagrun for example_sensors to None, run_after=None
[2024-03-04T16:06:48.823+0000] {processor.py:183} INFO - Processing /home/airflow/.local/lib/python3.11/site-packages/airflow/example_dags/example_sensors.py took 0.028 seconds
[2024-03-04T16:07:19.513+0000] {processor.py:161} INFO - Started process (PID=1714) to work on /home/airflow/.local/lib/python3.11/site-packages/airflow/example_dags/example_sensors.py
[2024-03-04T16:07:19.513+0000] {processor.py:830} INFO - Processing file /home/airflow/.local/lib/python3.11/site-packages/airflow/example_dags/example_sensors.py for tasks to queue
[2024-03-04T16:07:19.514+0000] {logging_mixin.py:188} INFO - [2024-03-04T16:07:19.514+0000] {dagbag.py:540} INFO - Filling up the DagBag from /home/airflow/.local/lib/python3.11/site-packages/airflow/example_dags/example_sensors.py
[2024-03-04T16:07:19.519+0000] {processor.py:840} INFO - DAG(s) 'example_sensors' retrieved from /home/airflow/.local/lib/python3.11/site-packages/airflow/example_dags/example_sensors.py
[2024-03-04T16:07:19.529+0000] {logging_mixin.py:188} INFO - [2024-03-04T16:07:19.529+0000] {dag.py:3047} INFO - Sync 1 DAGs
[2024-03-04T16:07:19.534+0000] {logging_mixin.py:188} INFO - [2024-03-04T16:07:19.534+0000] {dag.py:3834} INFO - Setting next_dagrun for example_sensors to None, run_after=None
[2024-03-04T16:07:19.541+0000] {processor.py:183} INFO - Processing /home/airflow/.local/lib/python3.11/site-packages/airflow/example_dags/example_sensors.py took 0.030 seconds
[2024-03-04T16:07:50.182+0000] {processor.py:161} INFO - Started process (PID=1769) to work on /home/airflow/.local/lib/python3.11/site-packages/airflow/example_dags/example_sensors.py
[2024-03-04T16:07:50.183+0000] {processor.py:830} INFO - Processing file /home/airflow/.local/lib/python3.11/site-packages/airflow/example_dags/example_sensors.py for tasks to queue
[2024-03-04T16:07:50.184+0000] {logging_mixin.py:188} INFO - [2024-03-04T16:07:50.184+0000] {dagbag.py:540} INFO - Filling up the DagBag from /home/airflow/.local/lib/python3.11/site-packages/airflow/example_dags/example_sensors.py
[2024-03-04T16:07:50.189+0000] {processor.py:840} INFO - DAG(s) 'example_sensors' retrieved from /home/airflow/.local/lib/python3.11/site-packages/airflow/example_dags/example_sensors.py
[2024-03-04T16:07:50.199+0000] {logging_mixin.py:188} INFO - [2024-03-04T16:07:50.199+0000] {dag.py:3047} INFO - Sync 1 DAGs
[2024-03-04T16:07:50.204+0000] {logging_mixin.py:188} INFO - [2024-03-04T16:07:50.204+0000] {dag.py:3834} INFO - Setting next_dagrun for example_sensors to None, run_after=None
[2024-03-04T16:07:50.211+0000] {processor.py:183} INFO - Processing /home/airflow/.local/lib/python3.11/site-packages/airflow/example_dags/example_sensors.py took 0.030 seconds
[2024-03-04T16:08:20.883+0000] {processor.py:161} INFO - Started process (PID=1824) to work on /home/airflow/.local/lib/python3.11/site-packages/airflow/example_dags/example_sensors.py
[2024-03-04T16:08:20.883+0000] {processor.py:830} INFO - Processing file /home/airflow/.local/lib/python3.11/site-packages/airflow/example_dags/example_sensors.py for tasks to queue
[2024-03-04T16:08:20.884+0000] {logging_mixin.py:188} INFO - [2024-03-04T16:08:20.884+0000] {dagbag.py:540} INFO - Filling up the DagBag from /home/airflow/.local/lib/python3.11/site-packages/airflow/example_dags/example_sensors.py
[2024-03-04T16:08:20.889+0000] {processor.py:840} INFO - DAG(s) 'example_sensors' retrieved from /home/airflow/.local/lib/python3.11/site-packages/airflow/example_dags/example_sensors.py
[2024-03-04T16:08:20.899+0000] {logging_mixin.py:188} INFO - [2024-03-04T16:08:20.898+0000] {dag.py:3047} INFO - Sync 1 DAGs
[2024-03-04T16:08:20.903+0000] {logging_mixin.py:188} INFO - [2024-03-04T16:08:20.903+0000] {dag.py:3834} INFO - Setting next_dagrun for example_sensors to None, run_after=None
[2024-03-04T16:08:20.910+0000] {processor.py:183} INFO - Processing /home/airflow/.local/lib/python3.11/site-packages/airflow/example_dags/example_sensors.py took 0.029 seconds
[2024-03-04T16:08:51.591+0000] {processor.py:161} INFO - Started process (PID=1879) to work on /home/airflow/.local/lib/python3.11/site-packages/airflow/example_dags/example_sensors.py
[2024-03-04T16:08:51.591+0000] {processor.py:830} INFO - Processing file /home/airflow/.local/lib/python3.11/site-packages/airflow/example_dags/example_sensors.py for tasks to queue
[2024-03-04T16:08:51.592+0000] {logging_mixin.py:188} INFO - [2024-03-04T16:08:51.592+0000] {dagbag.py:540} INFO - Filling up the DagBag from /home/airflow/.local/lib/python3.11/site-packages/airflow/example_dags/example_sensors.py
[2024-03-04T16:08:51.597+0000] {processor.py:840} INFO - DAG(s) 'example_sensors' retrieved from /home/airflow/.local/lib/python3.11/site-packages/airflow/example_dags/example_sensors.py
[2024-03-04T16:08:51.607+0000] {logging_mixin.py:188} INFO - [2024-03-04T16:08:51.607+0000] {dag.py:3047} INFO - Sync 1 DAGs
[2024-03-04T16:08:51.611+0000] {logging_mixin.py:188} INFO - [2024-03-04T16:08:51.611+0000] {dag.py:3834} INFO - Setting next_dagrun for example_sensors to None, run_after=None
[2024-03-04T16:08:51.618+0000] {processor.py:183} INFO - Processing /home/airflow/.local/lib/python3.11/site-packages/airflow/example_dags/example_sensors.py took 0.029 seconds
[2024-03-04T16:09:22.148+0000] {processor.py:161} INFO - Started process (PID=1934) to work on /home/airflow/.local/lib/python3.11/site-packages/airflow/example_dags/example_sensors.py
[2024-03-04T16:09:22.149+0000] {processor.py:830} INFO - Processing file /home/airflow/.local/lib/python3.11/site-packages/airflow/example_dags/example_sensors.py for tasks to queue
[2024-03-04T16:09:22.149+0000] {logging_mixin.py:188} INFO - [2024-03-04T16:09:22.149+0000] {dagbag.py:540} INFO - Filling up the DagBag from /home/airflow/.local/lib/python3.11/site-packages/airflow/example_dags/example_sensors.py
[2024-03-04T16:09:22.154+0000] {processor.py:840} INFO - DAG(s) 'example_sensors' retrieved from /home/airflow/.local/lib/python3.11/site-packages/airflow/example_dags/example_sensors.py
[2024-03-04T16:09:22.164+0000] {logging_mixin.py:188} INFO - [2024-03-04T16:09:22.164+0000] {dag.py:3047} INFO - Sync 1 DAGs
[2024-03-04T16:09:22.168+0000] {logging_mixin.py:188} INFO - [2024-03-04T16:09:22.168+0000] {dag.py:3834} INFO - Setting next_dagrun for example_sensors to None, run_after=None
[2024-03-04T16:09:22.175+0000] {processor.py:183} INFO - Processing /home/airflow/.local/lib/python3.11/site-packages/airflow/example_dags/example_sensors.py took 0.029 seconds
[2024-03-04T16:09:52.938+0000] {processor.py:161} INFO - Started process (PID=1989) to work on /home/airflow/.local/lib/python3.11/site-packages/airflow/example_dags/example_sensors.py
[2024-03-04T16:09:52.939+0000] {processor.py:830} INFO - Processing file /home/airflow/.local/lib/python3.11/site-packages/airflow/example_dags/example_sensors.py for tasks to queue
[2024-03-04T16:09:52.940+0000] {logging_mixin.py:188} INFO - [2024-03-04T16:09:52.940+0000] {dagbag.py:540} INFO - Filling up the DagBag from /home/airflow/.local/lib/python3.11/site-packages/airflow/example_dags/example_sensors.py
[2024-03-04T16:09:52.944+0000] {processor.py:840} INFO - DAG(s) 'example_sensors' retrieved from /home/airflow/.local/lib/python3.11/site-packages/airflow/example_dags/example_sensors.py
[2024-03-04T16:09:52.953+0000] {logging_mixin.py:188} INFO - [2024-03-04T16:09:52.953+0000] {dag.py:3047} INFO - Sync 1 DAGs
[2024-03-04T16:09:52.958+0000] {logging_mixin.py:188} INFO - [2024-03-04T16:09:52.958+0000] {dag.py:3834} INFO - Setting next_dagrun for example_sensors to None, run_after=None
[2024-03-04T16:09:52.964+0000] {processor.py:183} INFO - Processing /home/airflow/.local/lib/python3.11/site-packages/airflow/example_dags/example_sensors.py took 0.028 seconds
[2024-03-04T16:10:23.474+0000] {processor.py:161} INFO - Started process (PID=2044) to work on /home/airflow/.local/lib/python3.11/site-packages/airflow/example_dags/example_sensors.py
[2024-03-04T16:10:23.474+0000] {processor.py:830} INFO - Processing file /home/airflow/.local/lib/python3.11/site-packages/airflow/example_dags/example_sensors.py for tasks to queue
[2024-03-04T16:10:23.475+0000] {logging_mixin.py:188} INFO - [2024-03-04T16:10:23.475+0000] {dagbag.py:540} INFO - Filling up the DagBag from /home/airflow/.local/lib/python3.11/site-packages/airflow/example_dags/example_sensors.py
[2024-03-04T16:10:23.480+0000] {processor.py:840} INFO - DAG(s) 'example_sensors' retrieved from /home/airflow/.local/lib/python3.11/site-packages/airflow/example_dags/example_sensors.py
[2024-03-04T16:10:23.490+0000] {logging_mixin.py:188} INFO - [2024-03-04T16:10:23.490+0000] {dag.py:3047} INFO - Sync 1 DAGs
[2024-03-04T16:10:23.494+0000] {logging_mixin.py:188} INFO - [2024-03-04T16:10:23.494+0000] {dag.py:3834} INFO - Setting next_dagrun for example_sensors to None, run_after=None
[2024-03-04T16:10:23.504+0000] {processor.py:183} INFO - Processing /home/airflow/.local/lib/python3.11/site-packages/airflow/example_dags/example_sensors.py took 0.031 seconds
[2024-03-04T16:10:54.079+0000] {processor.py:161} INFO - Started process (PID=2099) to work on /home/airflow/.local/lib/python3.11/site-packages/airflow/example_dags/example_sensors.py
[2024-03-04T16:10:54.080+0000] {processor.py:830} INFO - Processing file /home/airflow/.local/lib/python3.11/site-packages/airflow/example_dags/example_sensors.py for tasks to queue
[2024-03-04T16:10:54.081+0000] {logging_mixin.py:188} INFO - [2024-03-04T16:10:54.081+0000] {dagbag.py:540} INFO - Filling up the DagBag from /home/airflow/.local/lib/python3.11/site-packages/airflow/example_dags/example_sensors.py
[2024-03-04T16:10:54.086+0000] {processor.py:840} INFO - DAG(s) 'example_sensors' retrieved from /home/airflow/.local/lib/python3.11/site-packages/airflow/example_dags/example_sensors.py
[2024-03-04T16:10:54.096+0000] {logging_mixin.py:188} INFO - [2024-03-04T16:10:54.096+0000] {dag.py:3047} INFO - Sync 1 DAGs
[2024-03-04T16:10:54.101+0000] {logging_mixin.py:188} INFO - [2024-03-04T16:10:54.100+0000] {dag.py:3834} INFO - Setting next_dagrun for example_sensors to None, run_after=None
[2024-03-04T16:10:54.107+0000] {processor.py:183} INFO - Processing /home/airflow/.local/lib/python3.11/site-packages/airflow/example_dags/example_sensors.py took 0.030 seconds
[2024-03-04T16:11:24.847+0000] {processor.py:161} INFO - Started process (PID=2154) to work on /home/airflow/.local/lib/python3.11/site-packages/airflow/example_dags/example_sensors.py
[2024-03-04T16:11:24.849+0000] {processor.py:830} INFO - Processing file /home/airflow/.local/lib/python3.11/site-packages/airflow/example_dags/example_sensors.py for tasks to queue
[2024-03-04T16:11:24.850+0000] {logging_mixin.py:188} INFO - [2024-03-04T16:11:24.849+0000] {dagbag.py:540} INFO - Filling up the DagBag from /home/airflow/.local/lib/python3.11/site-packages/airflow/example_dags/example_sensors.py
[2024-03-04T16:11:24.854+0000] {processor.py:840} INFO - DAG(s) 'example_sensors' retrieved from /home/airflow/.local/lib/python3.11/site-packages/airflow/example_dags/example_sensors.py
[2024-03-04T16:11:24.864+0000] {logging_mixin.py:188} INFO - [2024-03-04T16:11:24.864+0000] {dag.py:3047} INFO - Sync 1 DAGs
[2024-03-04T16:11:24.869+0000] {logging_mixin.py:188} INFO - [2024-03-04T16:11:24.869+0000] {dag.py:3834} INFO - Setting next_dagrun for example_sensors to None, run_after=None
[2024-03-04T16:11:24.875+0000] {processor.py:183} INFO - Processing /home/airflow/.local/lib/python3.11/site-packages/airflow/example_dags/example_sensors.py took 0.030 seconds
[2024-03-04T16:11:55.510+0000] {processor.py:161} INFO - Started process (PID=2209) to work on /home/airflow/.local/lib/python3.11/site-packages/airflow/example_dags/example_sensors.py
[2024-03-04T16:11:55.511+0000] {processor.py:830} INFO - Processing file /home/airflow/.local/lib/python3.11/site-packages/airflow/example_dags/example_sensors.py for tasks to queue
[2024-03-04T16:11:55.512+0000] {logging_mixin.py:188} INFO - [2024-03-04T16:11:55.512+0000] {dagbag.py:540} INFO - Filling up the DagBag from /home/airflow/.local/lib/python3.11/site-packages/airflow/example_dags/example_sensors.py
[2024-03-04T16:11:55.516+0000] {processor.py:840} INFO - DAG(s) 'example_sensors' retrieved from /home/airflow/.local/lib/python3.11/site-packages/airflow/example_dags/example_sensors.py
[2024-03-04T16:11:55.527+0000] {logging_mixin.py:188} INFO - [2024-03-04T16:11:55.527+0000] {dag.py:3047} INFO - Sync 1 DAGs
[2024-03-04T16:11:55.532+0000] {logging_mixin.py:188} INFO - [2024-03-04T16:11:55.532+0000] {dag.py:3834} INFO - Setting next_dagrun for example_sensors to None, run_after=None
[2024-03-04T16:11:55.539+0000] {processor.py:183} INFO - Processing /home/airflow/.local/lib/python3.11/site-packages/airflow/example_dags/example_sensors.py took 0.031 seconds
[2024-03-04T16:12:26.220+0000] {processor.py:161} INFO - Started process (PID=2264) to work on /home/airflow/.local/lib/python3.11/site-packages/airflow/example_dags/example_sensors.py
[2024-03-04T16:12:26.220+0000] {processor.py:830} INFO - Processing file /home/airflow/.local/lib/python3.11/site-packages/airflow/example_dags/example_sensors.py for tasks to queue
[2024-03-04T16:12:26.221+0000] {logging_mixin.py:188} INFO - [2024-03-04T16:12:26.221+0000] {dagbag.py:540} INFO - Filling up the DagBag from /home/airflow/.local/lib/python3.11/site-packages/airflow/example_dags/example_sensors.py
[2024-03-04T16:12:26.226+0000] {processor.py:840} INFO - DAG(s) 'example_sensors' retrieved from /home/airflow/.local/lib/python3.11/site-packages/airflow/example_dags/example_sensors.py
[2024-03-04T16:12:26.236+0000] {logging_mixin.py:188} INFO - [2024-03-04T16:12:26.236+0000] {dag.py:3047} INFO - Sync 1 DAGs
[2024-03-04T16:12:26.241+0000] {logging_mixin.py:188} INFO - [2024-03-04T16:12:26.241+0000] {dag.py:3834} INFO - Setting next_dagrun for example_sensors to None, run_after=None
[2024-03-04T16:12:26.247+0000] {processor.py:183} INFO - Processing /home/airflow/.local/lib/python3.11/site-packages/airflow/example_dags/example_sensors.py took 0.029 seconds
[2024-03-04T16:12:56.819+0000] {processor.py:161} INFO - Started process (PID=2319) to work on /home/airflow/.local/lib/python3.11/site-packages/airflow/example_dags/example_sensors.py
[2024-03-04T16:12:56.820+0000] {processor.py:830} INFO - Processing file /home/airflow/.local/lib/python3.11/site-packages/airflow/example_dags/example_sensors.py for tasks to queue
[2024-03-04T16:12:56.821+0000] {logging_mixin.py:188} INFO - [2024-03-04T16:12:56.821+0000] {dagbag.py:540} INFO - Filling up the DagBag from /home/airflow/.local/lib/python3.11/site-packages/airflow/example_dags/example_sensors.py
[2024-03-04T16:12:56.825+0000] {processor.py:840} INFO - DAG(s) 'example_sensors' retrieved from /home/airflow/.local/lib/python3.11/site-packages/airflow/example_dags/example_sensors.py
[2024-03-04T16:12:56.835+0000] {logging_mixin.py:188} INFO - [2024-03-04T16:12:56.835+0000] {dag.py:3047} INFO - Sync 1 DAGs
[2024-03-04T16:12:56.840+0000] {logging_mixin.py:188} INFO - [2024-03-04T16:12:56.840+0000] {dag.py:3834} INFO - Setting next_dagrun for example_sensors to None, run_after=None
[2024-03-04T16:12:56.846+0000] {processor.py:183} INFO - Processing /home/airflow/.local/lib/python3.11/site-packages/airflow/example_dags/example_sensors.py took 0.028 seconds
[2024-03-04T16:13:27.461+0000] {processor.py:161} INFO - Started process (PID=2374) to work on /home/airflow/.local/lib/python3.11/site-packages/airflow/example_dags/example_sensors.py
[2024-03-04T16:13:27.462+0000] {processor.py:830} INFO - Processing file /home/airflow/.local/lib/python3.11/site-packages/airflow/example_dags/example_sensors.py for tasks to queue
[2024-03-04T16:13:27.463+0000] {logging_mixin.py:188} INFO - [2024-03-04T16:13:27.463+0000] {dagbag.py:540} INFO - Filling up the DagBag from /home/airflow/.local/lib/python3.11/site-packages/airflow/example_dags/example_sensors.py
[2024-03-04T16:13:27.467+0000] {processor.py:840} INFO - DAG(s) 'example_sensors' retrieved from /home/airflow/.local/lib/python3.11/site-packages/airflow/example_dags/example_sensors.py
[2024-03-04T16:13:27.478+0000] {logging_mixin.py:188} INFO - [2024-03-04T16:13:27.478+0000] {dag.py:3047} INFO - Sync 1 DAGs
[2024-03-04T16:13:27.483+0000] {logging_mixin.py:188} INFO - [2024-03-04T16:13:27.482+0000] {dag.py:3834} INFO - Setting next_dagrun for example_sensors to None, run_after=None
[2024-03-04T16:13:27.489+0000] {processor.py:183} INFO - Processing /home/airflow/.local/lib/python3.11/site-packages/airflow/example_dags/example_sensors.py took 0.029 seconds
[2024-03-04T16:13:58.256+0000] {processor.py:161} INFO - Started process (PID=2429) to work on /home/airflow/.local/lib/python3.11/site-packages/airflow/example_dags/example_sensors.py
[2024-03-04T16:13:58.257+0000] {processor.py:830} INFO - Processing file /home/airflow/.local/lib/python3.11/site-packages/airflow/example_dags/example_sensors.py for tasks to queue
[2024-03-04T16:13:58.258+0000] {logging_mixin.py:188} INFO - [2024-03-04T16:13:58.258+0000] {dagbag.py:540} INFO - Filling up the DagBag from /home/airflow/.local/lib/python3.11/site-packages/airflow/example_dags/example_sensors.py
[2024-03-04T16:13:58.262+0000] {processor.py:840} INFO - DAG(s) 'example_sensors' retrieved from /home/airflow/.local/lib/python3.11/site-packages/airflow/example_dags/example_sensors.py
[2024-03-04T16:13:58.272+0000] {logging_mixin.py:188} INFO - [2024-03-04T16:13:58.272+0000] {dag.py:3047} INFO - Sync 1 DAGs
[2024-03-04T16:13:58.277+0000] {logging_mixin.py:188} INFO - [2024-03-04T16:13:58.277+0000] {dag.py:3834} INFO - Setting next_dagrun for example_sensors to None, run_after=None
[2024-03-04T16:13:58.286+0000] {processor.py:183} INFO - Processing /home/airflow/.local/lib/python3.11/site-packages/airflow/example_dags/example_sensors.py took 0.031 seconds
[2024-03-04T16:14:28.984+0000] {processor.py:161} INFO - Started process (PID=2484) to work on /home/airflow/.local/lib/python3.11/site-packages/airflow/example_dags/example_sensors.py
[2024-03-04T16:14:28.984+0000] {processor.py:830} INFO - Processing file /home/airflow/.local/lib/python3.11/site-packages/airflow/example_dags/example_sensors.py for tasks to queue
[2024-03-04T16:14:28.985+0000] {logging_mixin.py:188} INFO - [2024-03-04T16:14:28.985+0000] {dagbag.py:540} INFO - Filling up the DagBag from /home/airflow/.local/lib/python3.11/site-packages/airflow/example_dags/example_sensors.py
[2024-03-04T16:14:28.990+0000] {processor.py:840} INFO - DAG(s) 'example_sensors' retrieved from /home/airflow/.local/lib/python3.11/site-packages/airflow/example_dags/example_sensors.py
[2024-03-04T16:14:29.002+0000] {logging_mixin.py:188} INFO - [2024-03-04T16:14:29.002+0000] {dag.py:3047} INFO - Sync 1 DAGs
[2024-03-04T16:14:29.007+0000] {logging_mixin.py:188} INFO - [2024-03-04T16:14:29.006+0000] {dag.py:3834} INFO - Setting next_dagrun for example_sensors to None, run_after=None
[2024-03-04T16:14:29.014+0000] {processor.py:183} INFO - Processing /home/airflow/.local/lib/python3.11/site-packages/airflow/example_dags/example_sensors.py took 0.032 seconds
[2024-03-04T16:14:59.687+0000] {processor.py:161} INFO - Started process (PID=2539) to work on /home/airflow/.local/lib/python3.11/site-packages/airflow/example_dags/example_sensors.py
[2024-03-04T16:14:59.688+0000] {processor.py:830} INFO - Processing file /home/airflow/.local/lib/python3.11/site-packages/airflow/example_dags/example_sensors.py for tasks to queue
[2024-03-04T16:14:59.689+0000] {logging_mixin.py:188} INFO - [2024-03-04T16:14:59.689+0000] {dagbag.py:540} INFO - Filling up the DagBag from /home/airflow/.local/lib/python3.11/site-packages/airflow/example_dags/example_sensors.py
[2024-03-04T16:14:59.693+0000] {processor.py:840} INFO - DAG(s) 'example_sensors' retrieved from /home/airflow/.local/lib/python3.11/site-packages/airflow/example_dags/example_sensors.py
[2024-03-04T16:14:59.703+0000] {logging_mixin.py:188} INFO - [2024-03-04T16:14:59.703+0000] {dag.py:3047} INFO - Sync 1 DAGs
[2024-03-04T16:14:59.707+0000] {logging_mixin.py:188} INFO - [2024-03-04T16:14:59.707+0000] {dag.py:3834} INFO - Setting next_dagrun for example_sensors to None, run_after=None
[2024-03-04T16:14:59.713+0000] {processor.py:183} INFO - Processing /home/airflow/.local/lib/python3.11/site-packages/airflow/example_dags/example_sensors.py took 0.027 seconds
[2024-03-04T16:15:30.225+0000] {processor.py:161} INFO - Started process (PID=2594) to work on /home/airflow/.local/lib/python3.11/site-packages/airflow/example_dags/example_sensors.py
[2024-03-04T16:15:30.226+0000] {processor.py:830} INFO - Processing file /home/airflow/.local/lib/python3.11/site-packages/airflow/example_dags/example_sensors.py for tasks to queue
[2024-03-04T16:15:30.227+0000] {logging_mixin.py:188} INFO - [2024-03-04T16:15:30.227+0000] {dagbag.py:540} INFO - Filling up the DagBag from /home/airflow/.local/lib/python3.11/site-packages/airflow/example_dags/example_sensors.py
[2024-03-04T16:15:30.232+0000] {processor.py:840} INFO - DAG(s) 'example_sensors' retrieved from /home/airflow/.local/lib/python3.11/site-packages/airflow/example_dags/example_sensors.py
[2024-03-04T16:15:30.242+0000] {logging_mixin.py:188} INFO - [2024-03-04T16:15:30.242+0000] {dag.py:3047} INFO - Sync 1 DAGs
[2024-03-04T16:15:30.247+0000] {logging_mixin.py:188} INFO - [2024-03-04T16:15:30.247+0000] {dag.py:3834} INFO - Setting next_dagrun for example_sensors to None, run_after=None
[2024-03-04T16:15:30.253+0000] {processor.py:183} INFO - Processing /home/airflow/.local/lib/python3.11/site-packages/airflow/example_dags/example_sensors.py took 0.030 seconds
[2024-03-04T16:16:01.099+0000] {processor.py:161} INFO - Started process (PID=2649) to work on /home/airflow/.local/lib/python3.11/site-packages/airflow/example_dags/example_sensors.py
[2024-03-04T16:16:01.099+0000] {processor.py:830} INFO - Processing file /home/airflow/.local/lib/python3.11/site-packages/airflow/example_dags/example_sensors.py for tasks to queue
[2024-03-04T16:16:01.100+0000] {logging_mixin.py:188} INFO - [2024-03-04T16:16:01.100+0000] {dagbag.py:540} INFO - Filling up the DagBag from /home/airflow/.local/lib/python3.11/site-packages/airflow/example_dags/example_sensors.py
[2024-03-04T16:16:01.104+0000] {processor.py:840} INFO - DAG(s) 'example_sensors' retrieved from /home/airflow/.local/lib/python3.11/site-packages/airflow/example_dags/example_sensors.py
[2024-03-04T16:16:01.114+0000] {logging_mixin.py:188} INFO - [2024-03-04T16:16:01.114+0000] {dag.py:3047} INFO - Sync 1 DAGs
[2024-03-04T16:16:01.119+0000] {logging_mixin.py:188} INFO - [2024-03-04T16:16:01.119+0000] {dag.py:3834} INFO - Setting next_dagrun for example_sensors to None, run_after=None
[2024-03-04T16:16:01.125+0000] {processor.py:183} INFO - Processing /home/airflow/.local/lib/python3.11/site-packages/airflow/example_dags/example_sensors.py took 0.028 seconds
[2024-03-04T16:16:31.277+0000] {processor.py:161} INFO - Started process (PID=2704) to work on /home/airflow/.local/lib/python3.11/site-packages/airflow/example_dags/example_sensors.py
[2024-03-04T16:16:31.278+0000] {processor.py:830} INFO - Processing file /home/airflow/.local/lib/python3.11/site-packages/airflow/example_dags/example_sensors.py for tasks to queue
[2024-03-04T16:16:31.280+0000] {logging_mixin.py:188} INFO - [2024-03-04T16:16:31.279+0000] {dagbag.py:540} INFO - Filling up the DagBag from /home/airflow/.local/lib/python3.11/site-packages/airflow/example_dags/example_sensors.py
[2024-03-04T16:16:31.285+0000] {processor.py:840} INFO - DAG(s) 'example_sensors' retrieved from /home/airflow/.local/lib/python3.11/site-packages/airflow/example_dags/example_sensors.py
[2024-03-04T16:16:31.296+0000] {logging_mixin.py:188} INFO - [2024-03-04T16:16:31.296+0000] {dag.py:3047} INFO - Sync 1 DAGs
[2024-03-04T16:16:31.301+0000] {logging_mixin.py:188} INFO - [2024-03-04T16:16:31.301+0000] {dag.py:3834} INFO - Setting next_dagrun for example_sensors to None, run_after=None
[2024-03-04T16:16:31.309+0000] {processor.py:183} INFO - Processing /home/airflow/.local/lib/python3.11/site-packages/airflow/example_dags/example_sensors.py took 0.035 seconds
[2024-03-04T16:17:01.323+0000] {processor.py:161} INFO - Started process (PID=2759) to work on /home/airflow/.local/lib/python3.11/site-packages/airflow/example_dags/example_sensors.py
[2024-03-04T16:17:01.324+0000] {processor.py:830} INFO - Processing file /home/airflow/.local/lib/python3.11/site-packages/airflow/example_dags/example_sensors.py for tasks to queue
[2024-03-04T16:17:01.325+0000] {logging_mixin.py:188} INFO - [2024-03-04T16:17:01.325+0000] {dagbag.py:540} INFO - Filling up the DagBag from /home/airflow/.local/lib/python3.11/site-packages/airflow/example_dags/example_sensors.py
[2024-03-04T16:17:01.329+0000] {processor.py:840} INFO - DAG(s) 'example_sensors' retrieved from /home/airflow/.local/lib/python3.11/site-packages/airflow/example_dags/example_sensors.py
[2024-03-04T16:17:01.338+0000] {logging_mixin.py:188} INFO - [2024-03-04T16:17:01.338+0000] {dag.py:3047} INFO - Sync 1 DAGs
[2024-03-04T16:17:01.342+0000] {logging_mixin.py:188} INFO - [2024-03-04T16:17:01.342+0000] {dag.py:3834} INFO - Setting next_dagrun for example_sensors to None, run_after=None
[2024-03-04T16:17:01.349+0000] {processor.py:183} INFO - Processing /home/airflow/.local/lib/python3.11/site-packages/airflow/example_dags/example_sensors.py took 0.027 seconds
[2024-03-04T16:17:32.202+0000] {processor.py:161} INFO - Started process (PID=2814) to work on /home/airflow/.local/lib/python3.11/site-packages/airflow/example_dags/example_sensors.py
[2024-03-04T16:17:32.203+0000] {processor.py:830} INFO - Processing file /home/airflow/.local/lib/python3.11/site-packages/airflow/example_dags/example_sensors.py for tasks to queue
[2024-03-04T16:17:32.204+0000] {logging_mixin.py:188} INFO - [2024-03-04T16:17:32.204+0000] {dagbag.py:540} INFO - Filling up the DagBag from /home/airflow/.local/lib/python3.11/site-packages/airflow/example_dags/example_sensors.py
[2024-03-04T16:17:32.208+0000] {processor.py:840} INFO - DAG(s) 'example_sensors' retrieved from /home/airflow/.local/lib/python3.11/site-packages/airflow/example_dags/example_sensors.py
[2024-03-04T16:17:32.217+0000] {logging_mixin.py:188} INFO - [2024-03-04T16:17:32.217+0000] {dag.py:3047} INFO - Sync 1 DAGs
[2024-03-04T16:17:32.222+0000] {logging_mixin.py:188} INFO - [2024-03-04T16:17:32.222+0000] {dag.py:3834} INFO - Setting next_dagrun for example_sensors to None, run_after=None
[2024-03-04T16:17:32.228+0000] {processor.py:183} INFO - Processing /home/airflow/.local/lib/python3.11/site-packages/airflow/example_dags/example_sensors.py took 0.028 seconds
[2024-03-04T16:18:02.568+0000] {processor.py:161} INFO - Started process (PID=2869) to work on /home/airflow/.local/lib/python3.11/site-packages/airflow/example_dags/example_sensors.py
[2024-03-04T16:18:02.569+0000] {processor.py:830} INFO - Processing file /home/airflow/.local/lib/python3.11/site-packages/airflow/example_dags/example_sensors.py for tasks to queue
[2024-03-04T16:18:02.570+0000] {logging_mixin.py:188} INFO - [2024-03-04T16:18:02.570+0000] {dagbag.py:540} INFO - Filling up the DagBag from /home/airflow/.local/lib/python3.11/site-packages/airflow/example_dags/example_sensors.py
[2024-03-04T16:18:02.574+0000] {processor.py:840} INFO - DAG(s) 'example_sensors' retrieved from /home/airflow/.local/lib/python3.11/site-packages/airflow/example_dags/example_sensors.py
[2024-03-04T16:18:02.584+0000] {logging_mixin.py:188} INFO - [2024-03-04T16:18:02.584+0000] {dag.py:3047} INFO - Sync 1 DAGs
[2024-03-04T16:18:02.589+0000] {logging_mixin.py:188} INFO - [2024-03-04T16:18:02.588+0000] {dag.py:3834} INFO - Setting next_dagrun for example_sensors to None, run_after=None
[2024-03-04T16:18:02.596+0000] {processor.py:183} INFO - Processing /home/airflow/.local/lib/python3.11/site-packages/airflow/example_dags/example_sensors.py took 0.029 seconds
[2024-03-04T16:18:32.975+0000] {processor.py:161} INFO - Started process (PID=2924) to work on /home/airflow/.local/lib/python3.11/site-packages/airflow/example_dags/example_sensors.py
[2024-03-04T16:18:32.976+0000] {processor.py:830} INFO - Processing file /home/airflow/.local/lib/python3.11/site-packages/airflow/example_dags/example_sensors.py for tasks to queue
[2024-03-04T16:18:32.977+0000] {logging_mixin.py:188} INFO - [2024-03-04T16:18:32.976+0000] {dagbag.py:540} INFO - Filling up the DagBag from /home/airflow/.local/lib/python3.11/site-packages/airflow/example_dags/example_sensors.py
[2024-03-04T16:18:32.981+0000] {processor.py:840} INFO - DAG(s) 'example_sensors' retrieved from /home/airflow/.local/lib/python3.11/site-packages/airflow/example_dags/example_sensors.py
[2024-03-04T16:18:32.991+0000] {logging_mixin.py:188} INFO - [2024-03-04T16:18:32.991+0000] {dag.py:3047} INFO - Sync 1 DAGs
[2024-03-04T16:18:32.996+0000] {logging_mixin.py:188} INFO - [2024-03-04T16:18:32.995+0000] {dag.py:3834} INFO - Setting next_dagrun for example_sensors to None, run_after=None
[2024-03-04T16:18:33.002+0000] {processor.py:183} INFO - Processing /home/airflow/.local/lib/python3.11/site-packages/airflow/example_dags/example_sensors.py took 0.029 seconds
[2024-03-04T16:19:03.088+0000] {processor.py:161} INFO - Started process (PID=2979) to work on /home/airflow/.local/lib/python3.11/site-packages/airflow/example_dags/example_sensors.py
[2024-03-04T16:19:03.089+0000] {processor.py:830} INFO - Processing file /home/airflow/.local/lib/python3.11/site-packages/airflow/example_dags/example_sensors.py for tasks to queue
[2024-03-04T16:19:03.090+0000] {logging_mixin.py:188} INFO - [2024-03-04T16:19:03.089+0000] {dagbag.py:540} INFO - Filling up the DagBag from /home/airflow/.local/lib/python3.11/site-packages/airflow/example_dags/example_sensors.py
[2024-03-04T16:19:03.093+0000] {processor.py:840} INFO - DAG(s) 'example_sensors' retrieved from /home/airflow/.local/lib/python3.11/site-packages/airflow/example_dags/example_sensors.py
[2024-03-04T16:19:03.103+0000] {logging_mixin.py:188} INFO - [2024-03-04T16:19:03.103+0000] {dag.py:3047} INFO - Sync 1 DAGs
[2024-03-04T16:19:03.107+0000] {logging_mixin.py:188} INFO - [2024-03-04T16:19:03.107+0000] {dag.py:3834} INFO - Setting next_dagrun for example_sensors to None, run_after=None
[2024-03-04T16:19:03.115+0000] {processor.py:183} INFO - Processing /home/airflow/.local/lib/python3.11/site-packages/airflow/example_dags/example_sensors.py took 0.028 seconds
[2024-03-04T16:19:33.303+0000] {processor.py:161} INFO - Started process (PID=3034) to work on /home/airflow/.local/lib/python3.11/site-packages/airflow/example_dags/example_sensors.py
[2024-03-04T16:19:33.304+0000] {processor.py:830} INFO - Processing file /home/airflow/.local/lib/python3.11/site-packages/airflow/example_dags/example_sensors.py for tasks to queue
[2024-03-04T16:19:33.305+0000] {logging_mixin.py:188} INFO - [2024-03-04T16:19:33.304+0000] {dagbag.py:540} INFO - Filling up the DagBag from /home/airflow/.local/lib/python3.11/site-packages/airflow/example_dags/example_sensors.py
[2024-03-04T16:19:33.309+0000] {processor.py:840} INFO - DAG(s) 'example_sensors' retrieved from /home/airflow/.local/lib/python3.11/site-packages/airflow/example_dags/example_sensors.py
[2024-03-04T16:19:33.318+0000] {logging_mixin.py:188} INFO - [2024-03-04T16:19:33.318+0000] {dag.py:3047} INFO - Sync 1 DAGs
[2024-03-04T16:19:33.323+0000] {logging_mixin.py:188} INFO - [2024-03-04T16:19:33.322+0000] {dag.py:3834} INFO - Setting next_dagrun for example_sensors to None, run_after=None
[2024-03-04T16:19:33.329+0000] {processor.py:183} INFO - Processing /home/airflow/.local/lib/python3.11/site-packages/airflow/example_dags/example_sensors.py took 0.027 seconds
[2024-03-04T16:20:03.653+0000] {processor.py:161} INFO - Started process (PID=3089) to work on /home/airflow/.local/lib/python3.11/site-packages/airflow/example_dags/example_sensors.py
[2024-03-04T16:20:03.654+0000] {processor.py:830} INFO - Processing file /home/airflow/.local/lib/python3.11/site-packages/airflow/example_dags/example_sensors.py for tasks to queue
[2024-03-04T16:20:03.655+0000] {logging_mixin.py:188} INFO - [2024-03-04T16:20:03.655+0000] {dagbag.py:540} INFO - Filling up the DagBag from /home/airflow/.local/lib/python3.11/site-packages/airflow/example_dags/example_sensors.py
[2024-03-04T16:20:03.661+0000] {processor.py:840} INFO - DAG(s) 'example_sensors' retrieved from /home/airflow/.local/lib/python3.11/site-packages/airflow/example_dags/example_sensors.py
[2024-03-04T16:20:03.673+0000] {logging_mixin.py:188} INFO - [2024-03-04T16:20:03.673+0000] {dag.py:3047} INFO - Sync 1 DAGs
[2024-03-04T16:20:03.678+0000] {logging_mixin.py:188} INFO - [2024-03-04T16:20:03.678+0000] {dag.py:3834} INFO - Setting next_dagrun for example_sensors to None, run_after=None
[2024-03-04T16:20:03.687+0000] {processor.py:183} INFO - Processing /home/airflow/.local/lib/python3.11/site-packages/airflow/example_dags/example_sensors.py took 0.036 seconds
[2024-03-04T16:20:34.095+0000] {processor.py:161} INFO - Started process (PID=3144) to work on /home/airflow/.local/lib/python3.11/site-packages/airflow/example_dags/example_sensors.py
[2024-03-04T16:20:34.096+0000] {processor.py:830} INFO - Processing file /home/airflow/.local/lib/python3.11/site-packages/airflow/example_dags/example_sensors.py for tasks to queue
[2024-03-04T16:20:34.097+0000] {logging_mixin.py:188} INFO - [2024-03-04T16:20:34.097+0000] {dagbag.py:540} INFO - Filling up the DagBag from /home/airflow/.local/lib/python3.11/site-packages/airflow/example_dags/example_sensors.py
[2024-03-04T16:20:34.101+0000] {processor.py:840} INFO - DAG(s) 'example_sensors' retrieved from /home/airflow/.local/lib/python3.11/site-packages/airflow/example_dags/example_sensors.py
[2024-03-04T16:20:34.110+0000] {logging_mixin.py:188} INFO - [2024-03-04T16:20:34.110+0000] {dag.py:3047} INFO - Sync 1 DAGs
[2024-03-04T16:20:34.114+0000] {logging_mixin.py:188} INFO - [2024-03-04T16:20:34.114+0000] {dag.py:3834} INFO - Setting next_dagrun for example_sensors to None, run_after=None
[2024-03-04T16:20:34.121+0000] {processor.py:183} INFO - Processing /home/airflow/.local/lib/python3.11/site-packages/airflow/example_dags/example_sensors.py took 0.027 seconds
[2024-03-04T16:21:04.349+0000] {processor.py:161} INFO - Started process (PID=3199) to work on /home/airflow/.local/lib/python3.11/site-packages/airflow/example_dags/example_sensors.py
[2024-03-04T16:21:04.350+0000] {processor.py:830} INFO - Processing file /home/airflow/.local/lib/python3.11/site-packages/airflow/example_dags/example_sensors.py for tasks to queue
[2024-03-04T16:21:04.352+0000] {logging_mixin.py:188} INFO - [2024-03-04T16:21:04.352+0000] {dagbag.py:540} INFO - Filling up the DagBag from /home/airflow/.local/lib/python3.11/site-packages/airflow/example_dags/example_sensors.py
[2024-03-04T16:21:04.358+0000] {processor.py:840} INFO - DAG(s) 'example_sensors' retrieved from /home/airflow/.local/lib/python3.11/site-packages/airflow/example_dags/example_sensors.py
[2024-03-04T16:21:04.369+0000] {logging_mixin.py:188} INFO - [2024-03-04T16:21:04.369+0000] {dag.py:3047} INFO - Sync 1 DAGs
[2024-03-04T16:21:04.373+0000] {logging_mixin.py:188} INFO - [2024-03-04T16:21:04.373+0000] {dag.py:3834} INFO - Setting next_dagrun for example_sensors to None, run_after=None
[2024-03-04T16:21:04.380+0000] {processor.py:183} INFO - Processing /home/airflow/.local/lib/python3.11/site-packages/airflow/example_dags/example_sensors.py took 0.033 seconds
[2024-03-04T16:21:34.593+0000] {processor.py:161} INFO - Started process (PID=3254) to work on /home/airflow/.local/lib/python3.11/site-packages/airflow/example_dags/example_sensors.py
[2024-03-04T16:21:34.594+0000] {processor.py:830} INFO - Processing file /home/airflow/.local/lib/python3.11/site-packages/airflow/example_dags/example_sensors.py for tasks to queue
[2024-03-04T16:21:34.595+0000] {logging_mixin.py:188} INFO - [2024-03-04T16:21:34.595+0000] {dagbag.py:540} INFO - Filling up the DagBag from /home/airflow/.local/lib/python3.11/site-packages/airflow/example_dags/example_sensors.py
[2024-03-04T16:21:34.599+0000] {processor.py:840} INFO - DAG(s) 'example_sensors' retrieved from /home/airflow/.local/lib/python3.11/site-packages/airflow/example_dags/example_sensors.py
[2024-03-04T16:21:34.610+0000] {logging_mixin.py:188} INFO - [2024-03-04T16:21:34.610+0000] {dag.py:3047} INFO - Sync 1 DAGs
[2024-03-04T16:21:34.615+0000] {logging_mixin.py:188} INFO - [2024-03-04T16:21:34.615+0000] {dag.py:3834} INFO - Setting next_dagrun for example_sensors to None, run_after=None
[2024-03-04T16:21:34.622+0000] {processor.py:183} INFO - Processing /home/airflow/.local/lib/python3.11/site-packages/airflow/example_dags/example_sensors.py took 0.030 seconds
[2024-03-04T16:22:04.912+0000] {processor.py:161} INFO - Started process (PID=3309) to work on /home/airflow/.local/lib/python3.11/site-packages/airflow/example_dags/example_sensors.py
[2024-03-04T16:22:04.913+0000] {processor.py:830} INFO - Processing file /home/airflow/.local/lib/python3.11/site-packages/airflow/example_dags/example_sensors.py for tasks to queue
[2024-03-04T16:22:04.914+0000] {logging_mixin.py:188} INFO - [2024-03-04T16:22:04.914+0000] {dagbag.py:540} INFO - Filling up the DagBag from /home/airflow/.local/lib/python3.11/site-packages/airflow/example_dags/example_sensors.py
[2024-03-04T16:22:04.918+0000] {processor.py:840} INFO - DAG(s) 'example_sensors' retrieved from /home/airflow/.local/lib/python3.11/site-packages/airflow/example_dags/example_sensors.py
[2024-03-04T16:22:04.928+0000] {logging_mixin.py:188} INFO - [2024-03-04T16:22:04.927+0000] {dag.py:3047} INFO - Sync 1 DAGs
[2024-03-04T16:22:04.932+0000] {logging_mixin.py:188} INFO - [2024-03-04T16:22:04.932+0000] {dag.py:3834} INFO - Setting next_dagrun for example_sensors to None, run_after=None
[2024-03-04T16:22:04.938+0000] {processor.py:183} INFO - Processing /home/airflow/.local/lib/python3.11/site-packages/airflow/example_dags/example_sensors.py took 0.027 seconds
[2024-03-04T16:22:35.178+0000] {processor.py:161} INFO - Started process (PID=3364) to work on /home/airflow/.local/lib/python3.11/site-packages/airflow/example_dags/example_sensors.py
[2024-03-04T16:22:35.179+0000] {processor.py:830} INFO - Processing file /home/airflow/.local/lib/python3.11/site-packages/airflow/example_dags/example_sensors.py for tasks to queue
[2024-03-04T16:22:35.180+0000] {logging_mixin.py:188} INFO - [2024-03-04T16:22:35.179+0000] {dagbag.py:540} INFO - Filling up the DagBag from /home/airflow/.local/lib/python3.11/site-packages/airflow/example_dags/example_sensors.py
[2024-03-04T16:22:35.183+0000] {processor.py:840} INFO - DAG(s) 'example_sensors' retrieved from /home/airflow/.local/lib/python3.11/site-packages/airflow/example_dags/example_sensors.py
[2024-03-04T16:22:35.193+0000] {logging_mixin.py:188} INFO - [2024-03-04T16:22:35.193+0000] {dag.py:3047} INFO - Sync 1 DAGs
[2024-03-04T16:22:35.197+0000] {logging_mixin.py:188} INFO - [2024-03-04T16:22:35.197+0000] {dag.py:3834} INFO - Setting next_dagrun for example_sensors to None, run_after=None
[2024-03-04T16:22:35.204+0000] {processor.py:183} INFO - Processing /home/airflow/.local/lib/python3.11/site-packages/airflow/example_dags/example_sensors.py took 0.027 seconds
[2024-03-04T16:23:05.383+0000] {processor.py:161} INFO - Started process (PID=3419) to work on /home/airflow/.local/lib/python3.11/site-packages/airflow/example_dags/example_sensors.py
[2024-03-04T16:23:05.384+0000] {processor.py:830} INFO - Processing file /home/airflow/.local/lib/python3.11/site-packages/airflow/example_dags/example_sensors.py for tasks to queue
[2024-03-04T16:23:05.385+0000] {logging_mixin.py:188} INFO - [2024-03-04T16:23:05.385+0000] {dagbag.py:540} INFO - Filling up the DagBag from /home/airflow/.local/lib/python3.11/site-packages/airflow/example_dags/example_sensors.py
[2024-03-04T16:23:05.389+0000] {processor.py:840} INFO - DAG(s) 'example_sensors' retrieved from /home/airflow/.local/lib/python3.11/site-packages/airflow/example_dags/example_sensors.py
[2024-03-04T16:23:05.399+0000] {logging_mixin.py:188} INFO - [2024-03-04T16:23:05.399+0000] {dag.py:3047} INFO - Sync 1 DAGs
[2024-03-04T16:23:05.404+0000] {logging_mixin.py:188} INFO - [2024-03-04T16:23:05.404+0000] {dag.py:3834} INFO - Setting next_dagrun for example_sensors to None, run_after=None
[2024-03-04T16:23:05.411+0000] {processor.py:183} INFO - Processing /home/airflow/.local/lib/python3.11/site-packages/airflow/example_dags/example_sensors.py took 0.030 seconds
[2024-03-04T16:23:35.993+0000] {processor.py:161} INFO - Started process (PID=3473) to work on /home/airflow/.local/lib/python3.11/site-packages/airflow/example_dags/example_sensors.py
[2024-03-04T16:23:35.994+0000] {processor.py:830} INFO - Processing file /home/airflow/.local/lib/python3.11/site-packages/airflow/example_dags/example_sensors.py for tasks to queue
[2024-03-04T16:23:35.996+0000] {logging_mixin.py:188} INFO - [2024-03-04T16:23:35.996+0000] {dagbag.py:540} INFO - Filling up the DagBag from /home/airflow/.local/lib/python3.11/site-packages/airflow/example_dags/example_sensors.py
[2024-03-04T16:23:36.002+0000] {processor.py:840} INFO - DAG(s) 'example_sensors' retrieved from /home/airflow/.local/lib/python3.11/site-packages/airflow/example_dags/example_sensors.py
[2024-03-04T16:23:36.013+0000] {logging_mixin.py:188} INFO - [2024-03-04T16:23:36.012+0000] {dag.py:3047} INFO - Sync 1 DAGs
[2024-03-04T16:23:36.018+0000] {logging_mixin.py:188} INFO - [2024-03-04T16:23:36.018+0000] {dag.py:3834} INFO - Setting next_dagrun for example_sensors to None, run_after=None
[2024-03-04T16:23:36.025+0000] {processor.py:183} INFO - Processing /home/airflow/.local/lib/python3.11/site-packages/airflow/example_dags/example_sensors.py took 0.035 seconds
[2024-03-04T16:24:06.814+0000] {processor.py:161} INFO - Started process (PID=3528) to work on /home/airflow/.local/lib/python3.11/site-packages/airflow/example_dags/example_sensors.py
[2024-03-04T16:24:06.815+0000] {processor.py:830} INFO - Processing file /home/airflow/.local/lib/python3.11/site-packages/airflow/example_dags/example_sensors.py for tasks to queue
[2024-03-04T16:24:06.816+0000] {logging_mixin.py:188} INFO - [2024-03-04T16:24:06.816+0000] {dagbag.py:540} INFO - Filling up the DagBag from /home/airflow/.local/lib/python3.11/site-packages/airflow/example_dags/example_sensors.py
[2024-03-04T16:24:06.823+0000] {processor.py:840} INFO - DAG(s) 'example_sensors' retrieved from /home/airflow/.local/lib/python3.11/site-packages/airflow/example_dags/example_sensors.py
[2024-03-04T16:24:06.864+0000] {logging_mixin.py:188} INFO - [2024-03-04T16:24:06.864+0000] {dag.py:3047} INFO - Sync 1 DAGs
[2024-03-04T16:24:06.872+0000] {logging_mixin.py:188} INFO - [2024-03-04T16:24:06.872+0000] {dag.py:3834} INFO - Setting next_dagrun for example_sensors to None, run_after=None
[2024-03-04T16:24:06.880+0000] {processor.py:183} INFO - Processing /home/airflow/.local/lib/python3.11/site-packages/airflow/example_dags/example_sensors.py took 0.069 seconds
[2024-03-04T16:24:37.696+0000] {processor.py:161} INFO - Started process (PID=3583) to work on /home/airflow/.local/lib/python3.11/site-packages/airflow/example_dags/example_sensors.py
[2024-03-04T16:24:37.697+0000] {processor.py:830} INFO - Processing file /home/airflow/.local/lib/python3.11/site-packages/airflow/example_dags/example_sensors.py for tasks to queue
[2024-03-04T16:24:37.698+0000] {logging_mixin.py:188} INFO - [2024-03-04T16:24:37.698+0000] {dagbag.py:540} INFO - Filling up the DagBag from /home/airflow/.local/lib/python3.11/site-packages/airflow/example_dags/example_sensors.py
[2024-03-04T16:24:37.705+0000] {processor.py:840} INFO - DAG(s) 'example_sensors' retrieved from /home/airflow/.local/lib/python3.11/site-packages/airflow/example_dags/example_sensors.py
[2024-03-04T16:24:37.720+0000] {logging_mixin.py:188} INFO - [2024-03-04T16:24:37.720+0000] {dag.py:3047} INFO - Sync 1 DAGs
[2024-03-04T16:24:37.728+0000] {logging_mixin.py:188} INFO - [2024-03-04T16:24:37.728+0000] {dag.py:3834} INFO - Setting next_dagrun for example_sensors to None, run_after=None
[2024-03-04T16:24:37.741+0000] {processor.py:183} INFO - Processing /home/airflow/.local/lib/python3.11/site-packages/airflow/example_dags/example_sensors.py took 0.048 seconds
[2024-03-04T16:25:07.784+0000] {processor.py:161} INFO - Started process (PID=3638) to work on /home/airflow/.local/lib/python3.11/site-packages/airflow/example_dags/example_sensors.py
[2024-03-04T16:25:07.785+0000] {processor.py:830} INFO - Processing file /home/airflow/.local/lib/python3.11/site-packages/airflow/example_dags/example_sensors.py for tasks to queue
[2024-03-04T16:25:07.786+0000] {logging_mixin.py:188} INFO - [2024-03-04T16:25:07.786+0000] {dagbag.py:540} INFO - Filling up the DagBag from /home/airflow/.local/lib/python3.11/site-packages/airflow/example_dags/example_sensors.py
[2024-03-04T16:25:07.790+0000] {processor.py:840} INFO - DAG(s) 'example_sensors' retrieved from /home/airflow/.local/lib/python3.11/site-packages/airflow/example_dags/example_sensors.py
[2024-03-04T16:25:07.804+0000] {logging_mixin.py:188} INFO - [2024-03-04T16:25:07.804+0000] {dag.py:3047} INFO - Sync 1 DAGs
[2024-03-04T16:25:07.812+0000] {logging_mixin.py:188} INFO - [2024-03-04T16:25:07.812+0000] {dag.py:3834} INFO - Setting next_dagrun for example_sensors to None, run_after=None
[2024-03-04T16:25:07.821+0000] {processor.py:183} INFO - Processing /home/airflow/.local/lib/python3.11/site-packages/airflow/example_dags/example_sensors.py took 0.039 seconds
[2024-03-04T16:25:38.628+0000] {processor.py:161} INFO - Started process (PID=3694) to work on /home/airflow/.local/lib/python3.11/site-packages/airflow/example_dags/example_sensors.py
[2024-03-04T16:25:38.629+0000] {processor.py:830} INFO - Processing file /home/airflow/.local/lib/python3.11/site-packages/airflow/example_dags/example_sensors.py for tasks to queue
[2024-03-04T16:25:38.630+0000] {logging_mixin.py:188} INFO - [2024-03-04T16:25:38.630+0000] {dagbag.py:540} INFO - Filling up the DagBag from /home/airflow/.local/lib/python3.11/site-packages/airflow/example_dags/example_sensors.py
[2024-03-04T16:25:38.635+0000] {processor.py:840} INFO - DAG(s) 'example_sensors' retrieved from /home/airflow/.local/lib/python3.11/site-packages/airflow/example_dags/example_sensors.py
[2024-03-04T16:25:38.658+0000] {logging_mixin.py:188} INFO - [2024-03-04T16:25:38.658+0000] {dag.py:3047} INFO - Sync 1 DAGs
[2024-03-04T16:25:38.665+0000] {logging_mixin.py:188} INFO - [2024-03-04T16:25:38.665+0000] {dag.py:3834} INFO - Setting next_dagrun for example_sensors to None, run_after=None
[2024-03-04T16:25:38.674+0000] {processor.py:183} INFO - Processing /home/airflow/.local/lib/python3.11/site-packages/airflow/example_dags/example_sensors.py took 0.048 seconds
[2024-03-04T16:26:09.670+0000] {processor.py:161} INFO - Started process (PID=3748) to work on /home/airflow/.local/lib/python3.11/site-packages/airflow/example_dags/example_sensors.py
[2024-03-04T16:26:09.671+0000] {processor.py:830} INFO - Processing file /home/airflow/.local/lib/python3.11/site-packages/airflow/example_dags/example_sensors.py for tasks to queue
[2024-03-04T16:26:09.673+0000] {logging_mixin.py:188} INFO - [2024-03-04T16:26:09.673+0000] {dagbag.py:540} INFO - Filling up the DagBag from /home/airflow/.local/lib/python3.11/site-packages/airflow/example_dags/example_sensors.py
[2024-03-04T16:26:09.680+0000] {processor.py:840} INFO - DAG(s) 'example_sensors' retrieved from /home/airflow/.local/lib/python3.11/site-packages/airflow/example_dags/example_sensors.py
[2024-03-04T16:26:09.694+0000] {logging_mixin.py:188} INFO - [2024-03-04T16:26:09.694+0000] {dag.py:3047} INFO - Sync 1 DAGs
[2024-03-04T16:26:09.700+0000] {logging_mixin.py:188} INFO - [2024-03-04T16:26:09.700+0000] {dag.py:3834} INFO - Setting next_dagrun for example_sensors to None, run_after=None
[2024-03-04T16:26:09.713+0000] {processor.py:183} INFO - Processing /home/airflow/.local/lib/python3.11/site-packages/airflow/example_dags/example_sensors.py took 0.048 seconds
[2024-03-04T16:26:39.935+0000] {processor.py:161} INFO - Started process (PID=3803) to work on /home/airflow/.local/lib/python3.11/site-packages/airflow/example_dags/example_sensors.py
[2024-03-04T16:26:39.935+0000] {processor.py:830} INFO - Processing file /home/airflow/.local/lib/python3.11/site-packages/airflow/example_dags/example_sensors.py for tasks to queue
[2024-03-04T16:26:39.936+0000] {logging_mixin.py:188} INFO - [2024-03-04T16:26:39.936+0000] {dagbag.py:540} INFO - Filling up the DagBag from /home/airflow/.local/lib/python3.11/site-packages/airflow/example_dags/example_sensors.py
[2024-03-04T16:26:39.940+0000] {processor.py:840} INFO - DAG(s) 'example_sensors' retrieved from /home/airflow/.local/lib/python3.11/site-packages/airflow/example_dags/example_sensors.py
[2024-03-04T16:26:39.950+0000] {logging_mixin.py:188} INFO - [2024-03-04T16:26:39.950+0000] {dag.py:3047} INFO - Sync 1 DAGs
[2024-03-04T16:26:39.955+0000] {logging_mixin.py:188} INFO - [2024-03-04T16:26:39.955+0000] {dag.py:3834} INFO - Setting next_dagrun for example_sensors to None, run_after=None
[2024-03-04T16:26:39.961+0000] {processor.py:183} INFO - Processing /home/airflow/.local/lib/python3.11/site-packages/airflow/example_dags/example_sensors.py took 0.028 seconds
[2024-03-04T16:27:10.822+0000] {processor.py:161} INFO - Started process (PID=3858) to work on /home/airflow/.local/lib/python3.11/site-packages/airflow/example_dags/example_sensors.py
[2024-03-04T16:27:10.822+0000] {processor.py:830} INFO - Processing file /home/airflow/.local/lib/python3.11/site-packages/airflow/example_dags/example_sensors.py for tasks to queue
[2024-03-04T16:27:10.823+0000] {logging_mixin.py:188} INFO - [2024-03-04T16:27:10.823+0000] {dagbag.py:540} INFO - Filling up the DagBag from /home/airflow/.local/lib/python3.11/site-packages/airflow/example_dags/example_sensors.py
[2024-03-04T16:27:10.827+0000] {processor.py:840} INFO - DAG(s) 'example_sensors' retrieved from /home/airflow/.local/lib/python3.11/site-packages/airflow/example_dags/example_sensors.py
[2024-03-04T16:27:10.837+0000] {logging_mixin.py:188} INFO - [2024-03-04T16:27:10.837+0000] {dag.py:3047} INFO - Sync 1 DAGs
[2024-03-04T16:27:10.842+0000] {logging_mixin.py:188} INFO - [2024-03-04T16:27:10.842+0000] {dag.py:3834} INFO - Setting next_dagrun for example_sensors to None, run_after=None
[2024-03-04T16:27:10.848+0000] {processor.py:183} INFO - Processing /home/airflow/.local/lib/python3.11/site-packages/airflow/example_dags/example_sensors.py took 0.028 seconds
[2024-03-04T16:27:41.089+0000] {processor.py:161} INFO - Started process (PID=3913) to work on /home/airflow/.local/lib/python3.11/site-packages/airflow/example_dags/example_sensors.py
[2024-03-04T16:27:41.089+0000] {processor.py:830} INFO - Processing file /home/airflow/.local/lib/python3.11/site-packages/airflow/example_dags/example_sensors.py for tasks to queue
[2024-03-04T16:27:41.090+0000] {logging_mixin.py:188} INFO - [2024-03-04T16:27:41.090+0000] {dagbag.py:540} INFO - Filling up the DagBag from /home/airflow/.local/lib/python3.11/site-packages/airflow/example_dags/example_sensors.py
[2024-03-04T16:27:41.096+0000] {processor.py:840} INFO - DAG(s) 'example_sensors' retrieved from /home/airflow/.local/lib/python3.11/site-packages/airflow/example_dags/example_sensors.py
[2024-03-04T16:27:41.125+0000] {logging_mixin.py:188} INFO - [2024-03-04T16:27:41.125+0000] {dag.py:3047} INFO - Sync 1 DAGs
[2024-03-04T16:27:41.135+0000] {logging_mixin.py:188} INFO - [2024-03-04T16:27:41.134+0000] {dag.py:3834} INFO - Setting next_dagrun for example_sensors to None, run_after=None
[2024-03-04T16:27:41.146+0000] {processor.py:183} INFO - Processing /home/airflow/.local/lib/python3.11/site-packages/airflow/example_dags/example_sensors.py took 0.059 seconds
[2024-03-04T16:28:11.393+0000] {processor.py:161} INFO - Started process (PID=3968) to work on /home/airflow/.local/lib/python3.11/site-packages/airflow/example_dags/example_sensors.py
[2024-03-04T16:28:11.393+0000] {processor.py:830} INFO - Processing file /home/airflow/.local/lib/python3.11/site-packages/airflow/example_dags/example_sensors.py for tasks to queue
[2024-03-04T16:28:11.394+0000] {logging_mixin.py:188} INFO - [2024-03-04T16:28:11.394+0000] {dagbag.py:540} INFO - Filling up the DagBag from /home/airflow/.local/lib/python3.11/site-packages/airflow/example_dags/example_sensors.py
[2024-03-04T16:28:11.399+0000] {processor.py:840} INFO - DAG(s) 'example_sensors' retrieved from /home/airflow/.local/lib/python3.11/site-packages/airflow/example_dags/example_sensors.py
[2024-03-04T16:28:11.411+0000] {logging_mixin.py:188} INFO - [2024-03-04T16:28:11.411+0000] {dag.py:3047} INFO - Sync 1 DAGs
[2024-03-04T16:28:11.416+0000] {logging_mixin.py:188} INFO - [2024-03-04T16:28:11.416+0000] {dag.py:3834} INFO - Setting next_dagrun for example_sensors to None, run_after=None
[2024-03-04T16:28:11.424+0000] {processor.py:183} INFO - Processing /home/airflow/.local/lib/python3.11/site-packages/airflow/example_dags/example_sensors.py took 0.033 seconds
