[2024-03-04T15:51:59.070+0000] {processor.py:161} INFO - Started process (PID=66) to work on /home/airflow/.local/lib/python3.11/site-packages/airflow/example_dags/example_skip_dag.py
[2024-03-04T15:51:59.070+0000] {processor.py:830} INFO - Processing file /home/airflow/.local/lib/python3.11/site-packages/airflow/example_dags/example_skip_dag.py for tasks to queue
[2024-03-04T15:51:59.072+0000] {logging_mixin.py:188} INFO - [2024-03-04T15:51:59.072+0000] {dagbag.py:540} INFO - Filling up the DagBag from /home/airflow/.local/lib/python3.11/site-packages/airflow/example_dags/example_skip_dag.py
[2024-03-04T15:51:59.079+0000] {processor.py:840} INFO - DAG(s) 'example_skip_dag' retrieved from /home/airflow/.local/lib/python3.11/site-packages/airflow/example_dags/example_skip_dag.py
[2024-03-04T15:51:59.131+0000] {logging_mixin.py:188} INFO - [2024-03-04T15:51:59.130+0000] {override.py:1769} INFO - Created Permission View: can read on DAG:example_skip_dag
[2024-03-04T15:51:59.134+0000] {logging_mixin.py:188} INFO - [2024-03-04T15:51:59.134+0000] {override.py:1769} INFO - Created Permission View: can delete on DAG:example_skip_dag
[2024-03-04T15:51:59.137+0000] {logging_mixin.py:188} INFO - [2024-03-04T15:51:59.137+0000] {override.py:1769} INFO - Created Permission View: can edit on DAG:example_skip_dag
[2024-03-04T15:51:59.137+0000] {logging_mixin.py:188} INFO - [2024-03-04T15:51:59.137+0000] {dag.py:3047} INFO - Sync 1 DAGs
[2024-03-04T15:51:59.141+0000] {logging_mixin.py:188} INFO - [2024-03-04T15:51:59.141+0000] {dag.py:3069} INFO - Creating ORM DAG for example_skip_dag
[2024-03-04T15:51:59.145+0000] {logging_mixin.py:188} INFO - [2024-03-04T15:51:59.145+0000] {dag.py:3834} INFO - Setting next_dagrun for example_skip_dag to 2024-03-03 00:00:00+00:00, run_after=2024-03-04 00:00:00+00:00
[2024-03-04T15:51:59.151+0000] {processor.py:183} INFO - Processing /home/airflow/.local/lib/python3.11/site-packages/airflow/example_dags/example_skip_dag.py took 0.084 seconds
[2024-03-04T15:52:29.396+0000] {processor.py:161} INFO - Started process (PID=121) to work on /home/airflow/.local/lib/python3.11/site-packages/airflow/example_dags/example_skip_dag.py
[2024-03-04T15:52:29.397+0000] {processor.py:830} INFO - Processing file /home/airflow/.local/lib/python3.11/site-packages/airflow/example_dags/example_skip_dag.py for tasks to queue
[2024-03-04T15:52:29.398+0000] {logging_mixin.py:188} INFO - [2024-03-04T15:52:29.398+0000] {dagbag.py:540} INFO - Filling up the DagBag from /home/airflow/.local/lib/python3.11/site-packages/airflow/example_dags/example_skip_dag.py
[2024-03-04T15:52:29.401+0000] {processor.py:840} INFO - DAG(s) 'example_skip_dag' retrieved from /home/airflow/.local/lib/python3.11/site-packages/airflow/example_dags/example_skip_dag.py
[2024-03-04T15:52:29.411+0000] {logging_mixin.py:188} INFO - [2024-03-04T15:52:29.411+0000] {dag.py:3047} INFO - Sync 1 DAGs
[2024-03-04T15:52:29.420+0000] {logging_mixin.py:188} INFO - [2024-03-04T15:52:29.420+0000] {dag.py:3834} INFO - Setting next_dagrun for example_skip_dag to 2024-03-03 00:00:00+00:00, run_after=2024-03-04 00:00:00+00:00
[2024-03-04T15:52:29.429+0000] {processor.py:183} INFO - Processing /home/airflow/.local/lib/python3.11/site-packages/airflow/example_dags/example_skip_dag.py took 0.034 seconds
[2024-03-04T15:53:00.284+0000] {processor.py:161} INFO - Started process (PID=176) to work on /home/airflow/.local/lib/python3.11/site-packages/airflow/example_dags/example_skip_dag.py
[2024-03-04T15:53:00.284+0000] {processor.py:830} INFO - Processing file /home/airflow/.local/lib/python3.11/site-packages/airflow/example_dags/example_skip_dag.py for tasks to queue
[2024-03-04T15:53:00.285+0000] {logging_mixin.py:188} INFO - [2024-03-04T15:53:00.285+0000] {dagbag.py:540} INFO - Filling up the DagBag from /home/airflow/.local/lib/python3.11/site-packages/airflow/example_dags/example_skip_dag.py
[2024-03-04T15:53:00.288+0000] {processor.py:840} INFO - DAG(s) 'example_skip_dag' retrieved from /home/airflow/.local/lib/python3.11/site-packages/airflow/example_dags/example_skip_dag.py
[2024-03-04T15:53:00.298+0000] {logging_mixin.py:188} INFO - [2024-03-04T15:53:00.298+0000] {dag.py:3047} INFO - Sync 1 DAGs
[2024-03-04T15:53:00.307+0000] {logging_mixin.py:188} INFO - [2024-03-04T15:53:00.307+0000] {dag.py:3834} INFO - Setting next_dagrun for example_skip_dag to 2024-03-03 00:00:00+00:00, run_after=2024-03-04 00:00:00+00:00
[2024-03-04T15:53:00.316+0000] {processor.py:183} INFO - Processing /home/airflow/.local/lib/python3.11/site-packages/airflow/example_dags/example_skip_dag.py took 0.034 seconds
[2024-03-04T15:53:30.599+0000] {processor.py:161} INFO - Started process (PID=231) to work on /home/airflow/.local/lib/python3.11/site-packages/airflow/example_dags/example_skip_dag.py
[2024-03-04T15:53:30.599+0000] {processor.py:830} INFO - Processing file /home/airflow/.local/lib/python3.11/site-packages/airflow/example_dags/example_skip_dag.py for tasks to queue
[2024-03-04T15:53:30.600+0000] {logging_mixin.py:188} INFO - [2024-03-04T15:53:30.600+0000] {dagbag.py:540} INFO - Filling up the DagBag from /home/airflow/.local/lib/python3.11/site-packages/airflow/example_dags/example_skip_dag.py
[2024-03-04T15:53:30.603+0000] {processor.py:840} INFO - DAG(s) 'example_skip_dag' retrieved from /home/airflow/.local/lib/python3.11/site-packages/airflow/example_dags/example_skip_dag.py
[2024-03-04T15:53:30.612+0000] {logging_mixin.py:188} INFO - [2024-03-04T15:53:30.612+0000] {dag.py:3047} INFO - Sync 1 DAGs
[2024-03-04T15:53:30.619+0000] {logging_mixin.py:188} INFO - [2024-03-04T15:53:30.619+0000] {dag.py:3834} INFO - Setting next_dagrun for example_skip_dag to 2024-03-03 00:00:00+00:00, run_after=2024-03-04 00:00:00+00:00
[2024-03-04T15:53:30.625+0000] {processor.py:183} INFO - Processing /home/airflow/.local/lib/python3.11/site-packages/airflow/example_dags/example_skip_dag.py took 0.028 seconds
[2024-03-04T15:54:01.590+0000] {processor.py:161} INFO - Started process (PID=286) to work on /home/airflow/.local/lib/python3.11/site-packages/airflow/example_dags/example_skip_dag.py
[2024-03-04T15:54:01.590+0000] {processor.py:830} INFO - Processing file /home/airflow/.local/lib/python3.11/site-packages/airflow/example_dags/example_skip_dag.py for tasks to queue
[2024-03-04T15:54:01.591+0000] {logging_mixin.py:188} INFO - [2024-03-04T15:54:01.591+0000] {dagbag.py:540} INFO - Filling up the DagBag from /home/airflow/.local/lib/python3.11/site-packages/airflow/example_dags/example_skip_dag.py
[2024-03-04T15:54:01.595+0000] {processor.py:840} INFO - DAG(s) 'example_skip_dag' retrieved from /home/airflow/.local/lib/python3.11/site-packages/airflow/example_dags/example_skip_dag.py
[2024-03-04T15:54:01.604+0000] {logging_mixin.py:188} INFO - [2024-03-04T15:54:01.604+0000] {dag.py:3047} INFO - Sync 1 DAGs
[2024-03-04T15:54:01.612+0000] {logging_mixin.py:188} INFO - [2024-03-04T15:54:01.612+0000] {dag.py:3834} INFO - Setting next_dagrun for example_skip_dag to 2024-03-03 00:00:00+00:00, run_after=2024-03-04 00:00:00+00:00
[2024-03-04T15:54:01.619+0000] {processor.py:183} INFO - Processing /home/airflow/.local/lib/python3.11/site-packages/airflow/example_dags/example_skip_dag.py took 0.031 seconds
[2024-03-04T15:54:32.254+0000] {processor.py:161} INFO - Started process (PID=341) to work on /home/airflow/.local/lib/python3.11/site-packages/airflow/example_dags/example_skip_dag.py
[2024-03-04T15:54:32.255+0000] {processor.py:830} INFO - Processing file /home/airflow/.local/lib/python3.11/site-packages/airflow/example_dags/example_skip_dag.py for tasks to queue
[2024-03-04T15:54:32.256+0000] {logging_mixin.py:188} INFO - [2024-03-04T15:54:32.256+0000] {dagbag.py:540} INFO - Filling up the DagBag from /home/airflow/.local/lib/python3.11/site-packages/airflow/example_dags/example_skip_dag.py
[2024-03-04T15:54:32.260+0000] {processor.py:840} INFO - DAG(s) 'example_skip_dag' retrieved from /home/airflow/.local/lib/python3.11/site-packages/airflow/example_dags/example_skip_dag.py
[2024-03-04T15:54:32.269+0000] {logging_mixin.py:188} INFO - [2024-03-04T15:54:32.269+0000] {dag.py:3047} INFO - Sync 1 DAGs
[2024-03-04T15:54:32.278+0000] {logging_mixin.py:188} INFO - [2024-03-04T15:54:32.278+0000] {dag.py:3834} INFO - Setting next_dagrun for example_skip_dag to 2024-03-03 00:00:00+00:00, run_after=2024-03-04 00:00:00+00:00
[2024-03-04T15:54:32.285+0000] {processor.py:183} INFO - Processing /home/airflow/.local/lib/python3.11/site-packages/airflow/example_dags/example_skip_dag.py took 0.033 seconds
[2024-03-04T15:55:03.048+0000] {processor.py:161} INFO - Started process (PID=396) to work on /home/airflow/.local/lib/python3.11/site-packages/airflow/example_dags/example_skip_dag.py
[2024-03-04T15:55:03.049+0000] {processor.py:830} INFO - Processing file /home/airflow/.local/lib/python3.11/site-packages/airflow/example_dags/example_skip_dag.py for tasks to queue
[2024-03-04T15:55:03.050+0000] {logging_mixin.py:188} INFO - [2024-03-04T15:55:03.049+0000] {dagbag.py:540} INFO - Filling up the DagBag from /home/airflow/.local/lib/python3.11/site-packages/airflow/example_dags/example_skip_dag.py
[2024-03-04T15:55:03.053+0000] {processor.py:840} INFO - DAG(s) 'example_skip_dag' retrieved from /home/airflow/.local/lib/python3.11/site-packages/airflow/example_dags/example_skip_dag.py
[2024-03-04T15:55:03.063+0000] {logging_mixin.py:188} INFO - [2024-03-04T15:55:03.062+0000] {dag.py:3047} INFO - Sync 1 DAGs
[2024-03-04T15:55:03.072+0000] {logging_mixin.py:188} INFO - [2024-03-04T15:55:03.072+0000] {dag.py:3834} INFO - Setting next_dagrun for example_skip_dag to 2024-03-03 00:00:00+00:00, run_after=2024-03-04 00:00:00+00:00
[2024-03-04T15:55:03.078+0000] {processor.py:183} INFO - Processing /home/airflow/.local/lib/python3.11/site-packages/airflow/example_dags/example_skip_dag.py took 0.032 seconds
[2024-03-04T15:55:33.782+0000] {processor.py:161} INFO - Started process (PID=451) to work on /home/airflow/.local/lib/python3.11/site-packages/airflow/example_dags/example_skip_dag.py
[2024-03-04T15:55:33.783+0000] {processor.py:830} INFO - Processing file /home/airflow/.local/lib/python3.11/site-packages/airflow/example_dags/example_skip_dag.py for tasks to queue
[2024-03-04T15:55:33.784+0000] {logging_mixin.py:188} INFO - [2024-03-04T15:55:33.783+0000] {dagbag.py:540} INFO - Filling up the DagBag from /home/airflow/.local/lib/python3.11/site-packages/airflow/example_dags/example_skip_dag.py
[2024-03-04T15:55:33.787+0000] {processor.py:840} INFO - DAG(s) 'example_skip_dag' retrieved from /home/airflow/.local/lib/python3.11/site-packages/airflow/example_dags/example_skip_dag.py
[2024-03-04T15:55:33.795+0000] {logging_mixin.py:188} INFO - [2024-03-04T15:55:33.795+0000] {dag.py:3047} INFO - Sync 1 DAGs
[2024-03-04T15:55:33.804+0000] {logging_mixin.py:188} INFO - [2024-03-04T15:55:33.804+0000] {dag.py:3834} INFO - Setting next_dagrun for example_skip_dag to 2024-03-03 00:00:00+00:00, run_after=2024-03-04 00:00:00+00:00
[2024-03-04T15:55:33.811+0000] {processor.py:183} INFO - Processing /home/airflow/.local/lib/python3.11/site-packages/airflow/example_dags/example_skip_dag.py took 0.030 seconds
[2024-03-04T15:56:04.516+0000] {processor.py:161} INFO - Started process (PID=506) to work on /home/airflow/.local/lib/python3.11/site-packages/airflow/example_dags/example_skip_dag.py
[2024-03-04T15:56:04.517+0000] {processor.py:830} INFO - Processing file /home/airflow/.local/lib/python3.11/site-packages/airflow/example_dags/example_skip_dag.py for tasks to queue
[2024-03-04T15:56:04.518+0000] {logging_mixin.py:188} INFO - [2024-03-04T15:56:04.517+0000] {dagbag.py:540} INFO - Filling up the DagBag from /home/airflow/.local/lib/python3.11/site-packages/airflow/example_dags/example_skip_dag.py
[2024-03-04T15:56:04.521+0000] {processor.py:840} INFO - DAG(s) 'example_skip_dag' retrieved from /home/airflow/.local/lib/python3.11/site-packages/airflow/example_dags/example_skip_dag.py
[2024-03-04T15:56:04.530+0000] {logging_mixin.py:188} INFO - [2024-03-04T15:56:04.529+0000] {dag.py:3047} INFO - Sync 1 DAGs
[2024-03-04T15:56:04.538+0000] {logging_mixin.py:188} INFO - [2024-03-04T15:56:04.538+0000] {dag.py:3834} INFO - Setting next_dagrun for example_skip_dag to 2024-03-03 00:00:00+00:00, run_after=2024-03-04 00:00:00+00:00
[2024-03-04T15:56:04.546+0000] {processor.py:183} INFO - Processing /home/airflow/.local/lib/python3.11/site-packages/airflow/example_dags/example_skip_dag.py took 0.031 seconds
[2024-03-04T15:56:35.223+0000] {processor.py:161} INFO - Started process (PID=561) to work on /home/airflow/.local/lib/python3.11/site-packages/airflow/example_dags/example_skip_dag.py
[2024-03-04T15:56:35.224+0000] {processor.py:830} INFO - Processing file /home/airflow/.local/lib/python3.11/site-packages/airflow/example_dags/example_skip_dag.py for tasks to queue
[2024-03-04T15:56:35.225+0000] {logging_mixin.py:188} INFO - [2024-03-04T15:56:35.225+0000] {dagbag.py:540} INFO - Filling up the DagBag from /home/airflow/.local/lib/python3.11/site-packages/airflow/example_dags/example_skip_dag.py
[2024-03-04T15:56:35.228+0000] {processor.py:840} INFO - DAG(s) 'example_skip_dag' retrieved from /home/airflow/.local/lib/python3.11/site-packages/airflow/example_dags/example_skip_dag.py
[2024-03-04T15:56:35.238+0000] {logging_mixin.py:188} INFO - [2024-03-04T15:56:35.238+0000] {dag.py:3047} INFO - Sync 1 DAGs
[2024-03-04T15:56:35.246+0000] {logging_mixin.py:188} INFO - [2024-03-04T15:56:35.246+0000] {dag.py:3834} INFO - Setting next_dagrun for example_skip_dag to 2024-03-03 00:00:00+00:00, run_after=2024-03-04 00:00:00+00:00
[2024-03-04T15:56:35.253+0000] {processor.py:183} INFO - Processing /home/airflow/.local/lib/python3.11/site-packages/airflow/example_dags/example_skip_dag.py took 0.031 seconds
[2024-03-04T15:57:05.994+0000] {processor.py:161} INFO - Started process (PID=616) to work on /home/airflow/.local/lib/python3.11/site-packages/airflow/example_dags/example_skip_dag.py
[2024-03-04T15:57:05.994+0000] {processor.py:830} INFO - Processing file /home/airflow/.local/lib/python3.11/site-packages/airflow/example_dags/example_skip_dag.py for tasks to queue
[2024-03-04T15:57:05.995+0000] {logging_mixin.py:188} INFO - [2024-03-04T15:57:05.995+0000] {dagbag.py:540} INFO - Filling up the DagBag from /home/airflow/.local/lib/python3.11/site-packages/airflow/example_dags/example_skip_dag.py
[2024-03-04T15:57:05.998+0000] {processor.py:840} INFO - DAG(s) 'example_skip_dag' retrieved from /home/airflow/.local/lib/python3.11/site-packages/airflow/example_dags/example_skip_dag.py
[2024-03-04T15:57:06.007+0000] {logging_mixin.py:188} INFO - [2024-03-04T15:57:06.007+0000] {dag.py:3047} INFO - Sync 1 DAGs
[2024-03-04T15:57:06.016+0000] {logging_mixin.py:188} INFO - [2024-03-04T15:57:06.016+0000] {dag.py:3834} INFO - Setting next_dagrun for example_skip_dag to 2024-03-03 00:00:00+00:00, run_after=2024-03-04 00:00:00+00:00
[2024-03-04T15:57:06.023+0000] {processor.py:183} INFO - Processing /home/airflow/.local/lib/python3.11/site-packages/airflow/example_dags/example_skip_dag.py took 0.030 seconds
[2024-03-04T15:57:36.704+0000] {processor.py:161} INFO - Started process (PID=671) to work on /home/airflow/.local/lib/python3.11/site-packages/airflow/example_dags/example_skip_dag.py
[2024-03-04T15:57:36.705+0000] {processor.py:830} INFO - Processing file /home/airflow/.local/lib/python3.11/site-packages/airflow/example_dags/example_skip_dag.py for tasks to queue
[2024-03-04T15:57:36.706+0000] {logging_mixin.py:188} INFO - [2024-03-04T15:57:36.706+0000] {dagbag.py:540} INFO - Filling up the DagBag from /home/airflow/.local/lib/python3.11/site-packages/airflow/example_dags/example_skip_dag.py
[2024-03-04T15:57:36.709+0000] {processor.py:840} INFO - DAG(s) 'example_skip_dag' retrieved from /home/airflow/.local/lib/python3.11/site-packages/airflow/example_dags/example_skip_dag.py
[2024-03-04T15:57:36.718+0000] {logging_mixin.py:188} INFO - [2024-03-04T15:57:36.718+0000] {dag.py:3047} INFO - Sync 1 DAGs
[2024-03-04T15:57:36.727+0000] {logging_mixin.py:188} INFO - [2024-03-04T15:57:36.727+0000] {dag.py:3834} INFO - Setting next_dagrun for example_skip_dag to 2024-03-03 00:00:00+00:00, run_after=2024-03-04 00:00:00+00:00
[2024-03-04T15:57:36.734+0000] {processor.py:183} INFO - Processing /home/airflow/.local/lib/python3.11/site-packages/airflow/example_dags/example_skip_dag.py took 0.031 seconds
[2024-03-04T15:58:07.449+0000] {processor.py:161} INFO - Started process (PID=726) to work on /home/airflow/.local/lib/python3.11/site-packages/airflow/example_dags/example_skip_dag.py
[2024-03-04T15:58:07.450+0000] {processor.py:830} INFO - Processing file /home/airflow/.local/lib/python3.11/site-packages/airflow/example_dags/example_skip_dag.py for tasks to queue
[2024-03-04T15:58:07.450+0000] {logging_mixin.py:188} INFO - [2024-03-04T15:58:07.450+0000] {dagbag.py:540} INFO - Filling up the DagBag from /home/airflow/.local/lib/python3.11/site-packages/airflow/example_dags/example_skip_dag.py
[2024-03-04T15:58:07.453+0000] {processor.py:840} INFO - DAG(s) 'example_skip_dag' retrieved from /home/airflow/.local/lib/python3.11/site-packages/airflow/example_dags/example_skip_dag.py
[2024-03-04T15:58:07.462+0000] {logging_mixin.py:188} INFO - [2024-03-04T15:58:07.462+0000] {dag.py:3047} INFO - Sync 1 DAGs
[2024-03-04T15:58:07.470+0000] {logging_mixin.py:188} INFO - [2024-03-04T15:58:07.470+0000] {dag.py:3834} INFO - Setting next_dagrun for example_skip_dag to 2024-03-03 00:00:00+00:00, run_after=2024-03-04 00:00:00+00:00
[2024-03-04T15:58:07.477+0000] {processor.py:183} INFO - Processing /home/airflow/.local/lib/python3.11/site-packages/airflow/example_dags/example_skip_dag.py took 0.029 seconds
[2024-03-04T15:58:38.189+0000] {processor.py:161} INFO - Started process (PID=781) to work on /home/airflow/.local/lib/python3.11/site-packages/airflow/example_dags/example_skip_dag.py
[2024-03-04T15:58:38.190+0000] {processor.py:830} INFO - Processing file /home/airflow/.local/lib/python3.11/site-packages/airflow/example_dags/example_skip_dag.py for tasks to queue
[2024-03-04T15:58:38.191+0000] {logging_mixin.py:188} INFO - [2024-03-04T15:58:38.191+0000] {dagbag.py:540} INFO - Filling up the DagBag from /home/airflow/.local/lib/python3.11/site-packages/airflow/example_dags/example_skip_dag.py
[2024-03-04T15:58:38.194+0000] {processor.py:840} INFO - DAG(s) 'example_skip_dag' retrieved from /home/airflow/.local/lib/python3.11/site-packages/airflow/example_dags/example_skip_dag.py
[2024-03-04T15:58:38.202+0000] {logging_mixin.py:188} INFO - [2024-03-04T15:58:38.202+0000] {dag.py:3047} INFO - Sync 1 DAGs
[2024-03-04T15:58:38.210+0000] {logging_mixin.py:188} INFO - [2024-03-04T15:58:38.210+0000] {dag.py:3834} INFO - Setting next_dagrun for example_skip_dag to 2024-03-03 00:00:00+00:00, run_after=2024-03-04 00:00:00+00:00
[2024-03-04T15:58:38.217+0000] {processor.py:183} INFO - Processing /home/airflow/.local/lib/python3.11/site-packages/airflow/example_dags/example_skip_dag.py took 0.029 seconds
[2024-03-04T15:59:08.790+0000] {processor.py:161} INFO - Started process (PID=836) to work on /home/airflow/.local/lib/python3.11/site-packages/airflow/example_dags/example_skip_dag.py
[2024-03-04T15:59:08.790+0000] {processor.py:830} INFO - Processing file /home/airflow/.local/lib/python3.11/site-packages/airflow/example_dags/example_skip_dag.py for tasks to queue
[2024-03-04T15:59:08.791+0000] {logging_mixin.py:188} INFO - [2024-03-04T15:59:08.791+0000] {dagbag.py:540} INFO - Filling up the DagBag from /home/airflow/.local/lib/python3.11/site-packages/airflow/example_dags/example_skip_dag.py
[2024-03-04T15:59:08.794+0000] {processor.py:840} INFO - DAG(s) 'example_skip_dag' retrieved from /home/airflow/.local/lib/python3.11/site-packages/airflow/example_dags/example_skip_dag.py
[2024-03-04T15:59:08.802+0000] {logging_mixin.py:188} INFO - [2024-03-04T15:59:08.802+0000] {dag.py:3047} INFO - Sync 1 DAGs
[2024-03-04T15:59:08.811+0000] {logging_mixin.py:188} INFO - [2024-03-04T15:59:08.811+0000] {dag.py:3834} INFO - Setting next_dagrun for example_skip_dag to 2024-03-03 00:00:00+00:00, run_after=2024-03-04 00:00:00+00:00
[2024-03-04T15:59:08.818+0000] {processor.py:183} INFO - Processing /home/airflow/.local/lib/python3.11/site-packages/airflow/example_dags/example_skip_dag.py took 0.030 seconds
[2024-03-04T15:59:39.351+0000] {processor.py:161} INFO - Started process (PID=891) to work on /home/airflow/.local/lib/python3.11/site-packages/airflow/example_dags/example_skip_dag.py
[2024-03-04T15:59:39.351+0000] {processor.py:830} INFO - Processing file /home/airflow/.local/lib/python3.11/site-packages/airflow/example_dags/example_skip_dag.py for tasks to queue
[2024-03-04T15:59:39.352+0000] {logging_mixin.py:188} INFO - [2024-03-04T15:59:39.352+0000] {dagbag.py:540} INFO - Filling up the DagBag from /home/airflow/.local/lib/python3.11/site-packages/airflow/example_dags/example_skip_dag.py
[2024-03-04T15:59:39.355+0000] {processor.py:840} INFO - DAG(s) 'example_skip_dag' retrieved from /home/airflow/.local/lib/python3.11/site-packages/airflow/example_dags/example_skip_dag.py
[2024-03-04T15:59:39.364+0000] {logging_mixin.py:188} INFO - [2024-03-04T15:59:39.364+0000] {dag.py:3047} INFO - Sync 1 DAGs
[2024-03-04T15:59:39.372+0000] {logging_mixin.py:188} INFO - [2024-03-04T15:59:39.372+0000] {dag.py:3834} INFO - Setting next_dagrun for example_skip_dag to 2024-03-03 00:00:00+00:00, run_after=2024-03-04 00:00:00+00:00
[2024-03-04T15:59:39.378+0000] {processor.py:183} INFO - Processing /home/airflow/.local/lib/python3.11/site-packages/airflow/example_dags/example_skip_dag.py took 0.029 seconds
[2024-03-04T16:00:10.106+0000] {processor.py:161} INFO - Started process (PID=946) to work on /home/airflow/.local/lib/python3.11/site-packages/airflow/example_dags/example_skip_dag.py
[2024-03-04T16:00:10.107+0000] {processor.py:830} INFO - Processing file /home/airflow/.local/lib/python3.11/site-packages/airflow/example_dags/example_skip_dag.py for tasks to queue
[2024-03-04T16:00:10.108+0000] {logging_mixin.py:188} INFO - [2024-03-04T16:00:10.108+0000] {dagbag.py:540} INFO - Filling up the DagBag from /home/airflow/.local/lib/python3.11/site-packages/airflow/example_dags/example_skip_dag.py
[2024-03-04T16:00:10.111+0000] {processor.py:840} INFO - DAG(s) 'example_skip_dag' retrieved from /home/airflow/.local/lib/python3.11/site-packages/airflow/example_dags/example_skip_dag.py
[2024-03-04T16:00:10.120+0000] {logging_mixin.py:188} INFO - [2024-03-04T16:00:10.120+0000] {dag.py:3047} INFO - Sync 1 DAGs
[2024-03-04T16:00:10.129+0000] {logging_mixin.py:188} INFO - [2024-03-04T16:00:10.129+0000] {dag.py:3834} INFO - Setting next_dagrun for example_skip_dag to 2024-03-03 00:00:00+00:00, run_after=2024-03-04 00:00:00+00:00
[2024-03-04T16:00:10.136+0000] {processor.py:183} INFO - Processing /home/airflow/.local/lib/python3.11/site-packages/airflow/example_dags/example_skip_dag.py took 0.032 seconds
[2024-03-04T16:00:40.890+0000] {processor.py:161} INFO - Started process (PID=1000) to work on /home/airflow/.local/lib/python3.11/site-packages/airflow/example_dags/example_skip_dag.py
[2024-03-04T16:00:40.891+0000] {processor.py:830} INFO - Processing file /home/airflow/.local/lib/python3.11/site-packages/airflow/example_dags/example_skip_dag.py for tasks to queue
[2024-03-04T16:00:40.891+0000] {logging_mixin.py:188} INFO - [2024-03-04T16:00:40.891+0000] {dagbag.py:540} INFO - Filling up the DagBag from /home/airflow/.local/lib/python3.11/site-packages/airflow/example_dags/example_skip_dag.py
[2024-03-04T16:00:40.895+0000] {processor.py:840} INFO - DAG(s) 'example_skip_dag' retrieved from /home/airflow/.local/lib/python3.11/site-packages/airflow/example_dags/example_skip_dag.py
[2024-03-04T16:00:40.904+0000] {logging_mixin.py:188} INFO - [2024-03-04T16:00:40.903+0000] {dag.py:3047} INFO - Sync 1 DAGs
[2024-03-04T16:00:40.913+0000] {logging_mixin.py:188} INFO - [2024-03-04T16:00:40.913+0000] {dag.py:3834} INFO - Setting next_dagrun for example_skip_dag to 2024-03-03 00:00:00+00:00, run_after=2024-03-04 00:00:00+00:00
[2024-03-04T16:00:40.920+0000] {processor.py:183} INFO - Processing /home/airflow/.local/lib/python3.11/site-packages/airflow/example_dags/example_skip_dag.py took 0.032 seconds
[2024-03-04T16:01:11.651+0000] {processor.py:161} INFO - Started process (PID=1055) to work on /home/airflow/.local/lib/python3.11/site-packages/airflow/example_dags/example_skip_dag.py
[2024-03-04T16:01:11.652+0000] {processor.py:830} INFO - Processing file /home/airflow/.local/lib/python3.11/site-packages/airflow/example_dags/example_skip_dag.py for tasks to queue
[2024-03-04T16:01:11.653+0000] {logging_mixin.py:188} INFO - [2024-03-04T16:01:11.653+0000] {dagbag.py:540} INFO - Filling up the DagBag from /home/airflow/.local/lib/python3.11/site-packages/airflow/example_dags/example_skip_dag.py
[2024-03-04T16:01:11.657+0000] {processor.py:840} INFO - DAG(s) 'example_skip_dag' retrieved from /home/airflow/.local/lib/python3.11/site-packages/airflow/example_dags/example_skip_dag.py
[2024-03-04T16:01:11.670+0000] {logging_mixin.py:188} INFO - [2024-03-04T16:01:11.670+0000] {dag.py:3047} INFO - Sync 1 DAGs
[2024-03-04T16:01:11.680+0000] {logging_mixin.py:188} INFO - [2024-03-04T16:01:11.680+0000] {dag.py:3834} INFO - Setting next_dagrun for example_skip_dag to 2024-03-03 00:00:00+00:00, run_after=2024-03-04 00:00:00+00:00
[2024-03-04T16:01:11.689+0000] {processor.py:183} INFO - Processing /home/airflow/.local/lib/python3.11/site-packages/airflow/example_dags/example_skip_dag.py took 0.039 seconds
[2024-03-04T16:01:42.441+0000] {processor.py:161} INFO - Started process (PID=1110) to work on /home/airflow/.local/lib/python3.11/site-packages/airflow/example_dags/example_skip_dag.py
[2024-03-04T16:01:42.442+0000] {processor.py:830} INFO - Processing file /home/airflow/.local/lib/python3.11/site-packages/airflow/example_dags/example_skip_dag.py for tasks to queue
[2024-03-04T16:01:42.443+0000] {logging_mixin.py:188} INFO - [2024-03-04T16:01:42.443+0000] {dagbag.py:540} INFO - Filling up the DagBag from /home/airflow/.local/lib/python3.11/site-packages/airflow/example_dags/example_skip_dag.py
[2024-03-04T16:01:42.446+0000] {processor.py:840} INFO - DAG(s) 'example_skip_dag' retrieved from /home/airflow/.local/lib/python3.11/site-packages/airflow/example_dags/example_skip_dag.py
[2024-03-04T16:01:42.454+0000] {logging_mixin.py:188} INFO - [2024-03-04T16:01:42.454+0000] {dag.py:3047} INFO - Sync 1 DAGs
[2024-03-04T16:01:42.462+0000] {logging_mixin.py:188} INFO - [2024-03-04T16:01:42.462+0000] {dag.py:3834} INFO - Setting next_dagrun for example_skip_dag to 2024-03-03 00:00:00+00:00, run_after=2024-03-04 00:00:00+00:00
[2024-03-04T16:01:42.469+0000] {processor.py:183} INFO - Processing /home/airflow/.local/lib/python3.11/site-packages/airflow/example_dags/example_skip_dag.py took 0.029 seconds
[2024-03-04T16:02:13.264+0000] {processor.py:161} INFO - Started process (PID=1171) to work on /home/airflow/.local/lib/python3.11/site-packages/airflow/example_dags/example_skip_dag.py
[2024-03-04T16:02:13.264+0000] {processor.py:830} INFO - Processing file /home/airflow/.local/lib/python3.11/site-packages/airflow/example_dags/example_skip_dag.py for tasks to queue
[2024-03-04T16:02:13.265+0000] {logging_mixin.py:188} INFO - [2024-03-04T16:02:13.265+0000] {dagbag.py:540} INFO - Filling up the DagBag from /home/airflow/.local/lib/python3.11/site-packages/airflow/example_dags/example_skip_dag.py
[2024-03-04T16:02:13.268+0000] {processor.py:840} INFO - DAG(s) 'example_skip_dag' retrieved from /home/airflow/.local/lib/python3.11/site-packages/airflow/example_dags/example_skip_dag.py
[2024-03-04T16:02:13.278+0000] {logging_mixin.py:188} INFO - [2024-03-04T16:02:13.278+0000] {dag.py:3047} INFO - Sync 1 DAGs
[2024-03-04T16:02:13.286+0000] {logging_mixin.py:188} INFO - [2024-03-04T16:02:13.286+0000] {dag.py:3834} INFO - Setting next_dagrun for example_skip_dag to 2024-03-03 00:00:00+00:00, run_after=2024-03-04 00:00:00+00:00
[2024-03-04T16:02:13.293+0000] {processor.py:183} INFO - Processing /home/airflow/.local/lib/python3.11/site-packages/airflow/example_dags/example_skip_dag.py took 0.031 seconds
[2024-03-04T16:02:44.008+0000] {processor.py:161} INFO - Started process (PID=1226) to work on /home/airflow/.local/lib/python3.11/site-packages/airflow/example_dags/example_skip_dag.py
[2024-03-04T16:02:44.009+0000] {processor.py:830} INFO - Processing file /home/airflow/.local/lib/python3.11/site-packages/airflow/example_dags/example_skip_dag.py for tasks to queue
[2024-03-04T16:02:44.010+0000] {logging_mixin.py:188} INFO - [2024-03-04T16:02:44.010+0000] {dagbag.py:540} INFO - Filling up the DagBag from /home/airflow/.local/lib/python3.11/site-packages/airflow/example_dags/example_skip_dag.py
[2024-03-04T16:02:44.013+0000] {processor.py:840} INFO - DAG(s) 'example_skip_dag' retrieved from /home/airflow/.local/lib/python3.11/site-packages/airflow/example_dags/example_skip_dag.py
[2024-03-04T16:02:44.021+0000] {logging_mixin.py:188} INFO - [2024-03-04T16:02:44.021+0000] {dag.py:3047} INFO - Sync 1 DAGs
[2024-03-04T16:02:44.030+0000] {logging_mixin.py:188} INFO - [2024-03-04T16:02:44.030+0000] {dag.py:3834} INFO - Setting next_dagrun for example_skip_dag to 2024-03-03 00:00:00+00:00, run_after=2024-03-04 00:00:00+00:00
[2024-03-04T16:02:44.036+0000] {processor.py:183} INFO - Processing /home/airflow/.local/lib/python3.11/site-packages/airflow/example_dags/example_skip_dag.py took 0.030 seconds
[2024-03-04T16:03:14.841+0000] {processor.py:161} INFO - Started process (PID=1281) to work on /home/airflow/.local/lib/python3.11/site-packages/airflow/example_dags/example_skip_dag.py
[2024-03-04T16:03:14.842+0000] {processor.py:830} INFO - Processing file /home/airflow/.local/lib/python3.11/site-packages/airflow/example_dags/example_skip_dag.py for tasks to queue
[2024-03-04T16:03:14.843+0000] {logging_mixin.py:188} INFO - [2024-03-04T16:03:14.843+0000] {dagbag.py:540} INFO - Filling up the DagBag from /home/airflow/.local/lib/python3.11/site-packages/airflow/example_dags/example_skip_dag.py
[2024-03-04T16:03:14.846+0000] {processor.py:840} INFO - DAG(s) 'example_skip_dag' retrieved from /home/airflow/.local/lib/python3.11/site-packages/airflow/example_dags/example_skip_dag.py
[2024-03-04T16:03:14.855+0000] {logging_mixin.py:188} INFO - [2024-03-04T16:03:14.855+0000] {dag.py:3047} INFO - Sync 1 DAGs
[2024-03-04T16:03:14.863+0000] {logging_mixin.py:188} INFO - [2024-03-04T16:03:14.863+0000] {dag.py:3834} INFO - Setting next_dagrun for example_skip_dag to 2024-03-03 00:00:00+00:00, run_after=2024-03-04 00:00:00+00:00
[2024-03-04T16:03:14.870+0000] {processor.py:183} INFO - Processing /home/airflow/.local/lib/python3.11/site-packages/airflow/example_dags/example_skip_dag.py took 0.030 seconds
[2024-03-04T16:03:45.700+0000] {processor.py:161} INFO - Started process (PID=1336) to work on /home/airflow/.local/lib/python3.11/site-packages/airflow/example_dags/example_skip_dag.py
[2024-03-04T16:03:45.700+0000] {processor.py:830} INFO - Processing file /home/airflow/.local/lib/python3.11/site-packages/airflow/example_dags/example_skip_dag.py for tasks to queue
[2024-03-04T16:03:45.701+0000] {logging_mixin.py:188} INFO - [2024-03-04T16:03:45.701+0000] {dagbag.py:540} INFO - Filling up the DagBag from /home/airflow/.local/lib/python3.11/site-packages/airflow/example_dags/example_skip_dag.py
[2024-03-04T16:03:45.705+0000] {processor.py:840} INFO - DAG(s) 'example_skip_dag' retrieved from /home/airflow/.local/lib/python3.11/site-packages/airflow/example_dags/example_skip_dag.py
[2024-03-04T16:03:45.714+0000] {logging_mixin.py:188} INFO - [2024-03-04T16:03:45.714+0000] {dag.py:3047} INFO - Sync 1 DAGs
[2024-03-04T16:03:45.724+0000] {logging_mixin.py:188} INFO - [2024-03-04T16:03:45.724+0000] {dag.py:3834} INFO - Setting next_dagrun for example_skip_dag to 2024-03-03 00:00:00+00:00, run_after=2024-03-04 00:00:00+00:00
[2024-03-04T16:03:45.731+0000] {processor.py:183} INFO - Processing /home/airflow/.local/lib/python3.11/site-packages/airflow/example_dags/example_skip_dag.py took 0.032 seconds
[2024-03-04T16:04:16.111+0000] {processor.py:161} INFO - Started process (PID=1391) to work on /home/airflow/.local/lib/python3.11/site-packages/airflow/example_dags/example_skip_dag.py
[2024-03-04T16:04:16.112+0000] {processor.py:830} INFO - Processing file /home/airflow/.local/lib/python3.11/site-packages/airflow/example_dags/example_skip_dag.py for tasks to queue
[2024-03-04T16:04:16.112+0000] {logging_mixin.py:188} INFO - [2024-03-04T16:04:16.112+0000] {dagbag.py:540} INFO - Filling up the DagBag from /home/airflow/.local/lib/python3.11/site-packages/airflow/example_dags/example_skip_dag.py
[2024-03-04T16:04:16.116+0000] {processor.py:840} INFO - DAG(s) 'example_skip_dag' retrieved from /home/airflow/.local/lib/python3.11/site-packages/airflow/example_dags/example_skip_dag.py
[2024-03-04T16:04:16.125+0000] {logging_mixin.py:188} INFO - [2024-03-04T16:04:16.125+0000] {dag.py:3047} INFO - Sync 1 DAGs
[2024-03-04T16:04:16.134+0000] {logging_mixin.py:188} INFO - [2024-03-04T16:04:16.134+0000] {dag.py:3834} INFO - Setting next_dagrun for example_skip_dag to 2024-03-03 00:00:00+00:00, run_after=2024-03-04 00:00:00+00:00
[2024-03-04T16:04:16.141+0000] {processor.py:183} INFO - Processing /home/airflow/.local/lib/python3.11/site-packages/airflow/example_dags/example_skip_dag.py took 0.031 seconds
[2024-03-04T16:04:46.977+0000] {processor.py:161} INFO - Started process (PID=1446) to work on /home/airflow/.local/lib/python3.11/site-packages/airflow/example_dags/example_skip_dag.py
[2024-03-04T16:04:46.978+0000] {processor.py:830} INFO - Processing file /home/airflow/.local/lib/python3.11/site-packages/airflow/example_dags/example_skip_dag.py for tasks to queue
[2024-03-04T16:04:46.978+0000] {logging_mixin.py:188} INFO - [2024-03-04T16:04:46.978+0000] {dagbag.py:540} INFO - Filling up the DagBag from /home/airflow/.local/lib/python3.11/site-packages/airflow/example_dags/example_skip_dag.py
[2024-03-04T16:04:46.982+0000] {processor.py:840} INFO - DAG(s) 'example_skip_dag' retrieved from /home/airflow/.local/lib/python3.11/site-packages/airflow/example_dags/example_skip_dag.py
[2024-03-04T16:04:46.991+0000] {logging_mixin.py:188} INFO - [2024-03-04T16:04:46.991+0000] {dag.py:3047} INFO - Sync 1 DAGs
[2024-03-04T16:04:46.999+0000] {logging_mixin.py:188} INFO - [2024-03-04T16:04:46.999+0000] {dag.py:3834} INFO - Setting next_dagrun for example_skip_dag to 2024-03-03 00:00:00+00:00, run_after=2024-03-04 00:00:00+00:00
[2024-03-04T16:04:47.006+0000] {processor.py:183} INFO - Processing /home/airflow/.local/lib/python3.11/site-packages/airflow/example_dags/example_skip_dag.py took 0.031 seconds
[2024-03-04T16:05:17.739+0000] {processor.py:161} INFO - Started process (PID=1501) to work on /home/airflow/.local/lib/python3.11/site-packages/airflow/example_dags/example_skip_dag.py
[2024-03-04T16:05:17.739+0000] {processor.py:830} INFO - Processing file /home/airflow/.local/lib/python3.11/site-packages/airflow/example_dags/example_skip_dag.py for tasks to queue
[2024-03-04T16:05:17.740+0000] {logging_mixin.py:188} INFO - [2024-03-04T16:05:17.740+0000] {dagbag.py:540} INFO - Filling up the DagBag from /home/airflow/.local/lib/python3.11/site-packages/airflow/example_dags/example_skip_dag.py
[2024-03-04T16:05:17.743+0000] {processor.py:840} INFO - DAG(s) 'example_skip_dag' retrieved from /home/airflow/.local/lib/python3.11/site-packages/airflow/example_dags/example_skip_dag.py
[2024-03-04T16:05:17.753+0000] {logging_mixin.py:188} INFO - [2024-03-04T16:05:17.753+0000] {dag.py:3047} INFO - Sync 1 DAGs
[2024-03-04T16:05:17.761+0000] {logging_mixin.py:188} INFO - [2024-03-04T16:05:17.761+0000] {dag.py:3834} INFO - Setting next_dagrun for example_skip_dag to 2024-03-03 00:00:00+00:00, run_after=2024-03-04 00:00:00+00:00
[2024-03-04T16:05:17.768+0000] {processor.py:183} INFO - Processing /home/airflow/.local/lib/python3.11/site-packages/airflow/example_dags/example_skip_dag.py took 0.031 seconds
[2024-03-04T16:05:48.624+0000] {processor.py:161} INFO - Started process (PID=1556) to work on /home/airflow/.local/lib/python3.11/site-packages/airflow/example_dags/example_skip_dag.py
[2024-03-04T16:05:48.625+0000] {processor.py:830} INFO - Processing file /home/airflow/.local/lib/python3.11/site-packages/airflow/example_dags/example_skip_dag.py for tasks to queue
[2024-03-04T16:05:48.625+0000] {logging_mixin.py:188} INFO - [2024-03-04T16:05:48.625+0000] {dagbag.py:540} INFO - Filling up the DagBag from /home/airflow/.local/lib/python3.11/site-packages/airflow/example_dags/example_skip_dag.py
[2024-03-04T16:05:48.628+0000] {processor.py:840} INFO - DAG(s) 'example_skip_dag' retrieved from /home/airflow/.local/lib/python3.11/site-packages/airflow/example_dags/example_skip_dag.py
[2024-03-04T16:05:48.637+0000] {logging_mixin.py:188} INFO - [2024-03-04T16:05:48.637+0000] {dag.py:3047} INFO - Sync 1 DAGs
[2024-03-04T16:05:48.647+0000] {logging_mixin.py:188} INFO - [2024-03-04T16:05:48.647+0000] {dag.py:3834} INFO - Setting next_dagrun for example_skip_dag to 2024-03-03 00:00:00+00:00, run_after=2024-03-04 00:00:00+00:00
[2024-03-04T16:05:48.655+0000] {processor.py:183} INFO - Processing /home/airflow/.local/lib/python3.11/site-packages/airflow/example_dags/example_skip_dag.py took 0.033 seconds
[2024-03-04T16:06:18.980+0000] {processor.py:161} INFO - Started process (PID=1611) to work on /home/airflow/.local/lib/python3.11/site-packages/airflow/example_dags/example_skip_dag.py
[2024-03-04T16:06:18.981+0000] {processor.py:830} INFO - Processing file /home/airflow/.local/lib/python3.11/site-packages/airflow/example_dags/example_skip_dag.py for tasks to queue
[2024-03-04T16:06:18.983+0000] {logging_mixin.py:188} INFO - [2024-03-04T16:06:18.983+0000] {dagbag.py:540} INFO - Filling up the DagBag from /home/airflow/.local/lib/python3.11/site-packages/airflow/example_dags/example_skip_dag.py
[2024-03-04T16:06:18.992+0000] {processor.py:840} INFO - DAG(s) 'example_skip_dag' retrieved from /home/airflow/.local/lib/python3.11/site-packages/airflow/example_dags/example_skip_dag.py
[2024-03-04T16:06:19.008+0000] {logging_mixin.py:188} INFO - [2024-03-04T16:06:19.008+0000] {dag.py:3047} INFO - Sync 1 DAGs
[2024-03-04T16:06:19.043+0000] {logging_mixin.py:188} INFO - [2024-03-04T16:06:19.043+0000] {dag.py:3834} INFO - Setting next_dagrun for example_skip_dag to 2024-03-03 00:00:00+00:00, run_after=2024-03-04 00:00:00+00:00
[2024-03-04T16:06:19.075+0000] {processor.py:183} INFO - Processing /home/airflow/.local/lib/python3.11/site-packages/airflow/example_dags/example_skip_dag.py took 0.099 seconds
[2024-03-04T16:06:50.007+0000] {processor.py:161} INFO - Started process (PID=1666) to work on /home/airflow/.local/lib/python3.11/site-packages/airflow/example_dags/example_skip_dag.py
[2024-03-04T16:06:50.008+0000] {processor.py:830} INFO - Processing file /home/airflow/.local/lib/python3.11/site-packages/airflow/example_dags/example_skip_dag.py for tasks to queue
[2024-03-04T16:06:50.010+0000] {logging_mixin.py:188} INFO - [2024-03-04T16:06:50.010+0000] {dagbag.py:540} INFO - Filling up the DagBag from /home/airflow/.local/lib/python3.11/site-packages/airflow/example_dags/example_skip_dag.py
[2024-03-04T16:06:50.019+0000] {processor.py:840} INFO - DAG(s) 'example_skip_dag' retrieved from /home/airflow/.local/lib/python3.11/site-packages/airflow/example_dags/example_skip_dag.py
[2024-03-04T16:06:50.033+0000] {logging_mixin.py:188} INFO - [2024-03-04T16:06:50.033+0000] {dag.py:3047} INFO - Sync 1 DAGs
[2024-03-04T16:06:50.043+0000] {logging_mixin.py:188} INFO - [2024-03-04T16:06:50.043+0000] {dag.py:3834} INFO - Setting next_dagrun for example_skip_dag to 2024-03-03 00:00:00+00:00, run_after=2024-03-04 00:00:00+00:00
[2024-03-04T16:06:50.052+0000] {processor.py:183} INFO - Processing /home/airflow/.local/lib/python3.11/site-packages/airflow/example_dags/example_skip_dag.py took 0.047 seconds
[2024-03-04T16:07:20.714+0000] {processor.py:161} INFO - Started process (PID=1721) to work on /home/airflow/.local/lib/python3.11/site-packages/airflow/example_dags/example_skip_dag.py
[2024-03-04T16:07:20.715+0000] {processor.py:830} INFO - Processing file /home/airflow/.local/lib/python3.11/site-packages/airflow/example_dags/example_skip_dag.py for tasks to queue
[2024-03-04T16:07:20.717+0000] {logging_mixin.py:188} INFO - [2024-03-04T16:07:20.717+0000] {dagbag.py:540} INFO - Filling up the DagBag from /home/airflow/.local/lib/python3.11/site-packages/airflow/example_dags/example_skip_dag.py
[2024-03-04T16:07:20.723+0000] {processor.py:840} INFO - DAG(s) 'example_skip_dag' retrieved from /home/airflow/.local/lib/python3.11/site-packages/airflow/example_dags/example_skip_dag.py
[2024-03-04T16:07:20.745+0000] {logging_mixin.py:188} INFO - [2024-03-04T16:07:20.745+0000] {dag.py:3047} INFO - Sync 1 DAGs
[2024-03-04T16:07:20.760+0000] {logging_mixin.py:188} INFO - [2024-03-04T16:07:20.760+0000] {dag.py:3834} INFO - Setting next_dagrun for example_skip_dag to 2024-03-03 00:00:00+00:00, run_after=2024-03-04 00:00:00+00:00
[2024-03-04T16:07:20.771+0000] {processor.py:183} INFO - Processing /home/airflow/.local/lib/python3.11/site-packages/airflow/example_dags/example_skip_dag.py took 0.060 seconds
[2024-03-04T16:07:51.367+0000] {processor.py:161} INFO - Started process (PID=1776) to work on /home/airflow/.local/lib/python3.11/site-packages/airflow/example_dags/example_skip_dag.py
[2024-03-04T16:07:51.367+0000] {processor.py:830} INFO - Processing file /home/airflow/.local/lib/python3.11/site-packages/airflow/example_dags/example_skip_dag.py for tasks to queue
[2024-03-04T16:07:51.368+0000] {logging_mixin.py:188} INFO - [2024-03-04T16:07:51.368+0000] {dagbag.py:540} INFO - Filling up the DagBag from /home/airflow/.local/lib/python3.11/site-packages/airflow/example_dags/example_skip_dag.py
[2024-03-04T16:07:51.372+0000] {processor.py:840} INFO - DAG(s) 'example_skip_dag' retrieved from /home/airflow/.local/lib/python3.11/site-packages/airflow/example_dags/example_skip_dag.py
[2024-03-04T16:07:51.381+0000] {logging_mixin.py:188} INFO - [2024-03-04T16:07:51.381+0000] {dag.py:3047} INFO - Sync 1 DAGs
[2024-03-04T16:07:51.390+0000] {logging_mixin.py:188} INFO - [2024-03-04T16:07:51.390+0000] {dag.py:3834} INFO - Setting next_dagrun for example_skip_dag to 2024-03-03 00:00:00+00:00, run_after=2024-03-04 00:00:00+00:00
[2024-03-04T16:07:51.397+0000] {processor.py:183} INFO - Processing /home/airflow/.local/lib/python3.11/site-packages/airflow/example_dags/example_skip_dag.py took 0.032 seconds
[2024-03-04T16:08:22.046+0000] {processor.py:161} INFO - Started process (PID=1831) to work on /home/airflow/.local/lib/python3.11/site-packages/airflow/example_dags/example_skip_dag.py
[2024-03-04T16:08:22.047+0000] {processor.py:830} INFO - Processing file /home/airflow/.local/lib/python3.11/site-packages/airflow/example_dags/example_skip_dag.py for tasks to queue
[2024-03-04T16:08:22.048+0000] {logging_mixin.py:188} INFO - [2024-03-04T16:08:22.048+0000] {dagbag.py:540} INFO - Filling up the DagBag from /home/airflow/.local/lib/python3.11/site-packages/airflow/example_dags/example_skip_dag.py
[2024-03-04T16:08:22.051+0000] {processor.py:840} INFO - DAG(s) 'example_skip_dag' retrieved from /home/airflow/.local/lib/python3.11/site-packages/airflow/example_dags/example_skip_dag.py
[2024-03-04T16:08:22.062+0000] {logging_mixin.py:188} INFO - [2024-03-04T16:08:22.062+0000] {dag.py:3047} INFO - Sync 1 DAGs
[2024-03-04T16:08:22.072+0000] {logging_mixin.py:188} INFO - [2024-03-04T16:08:22.072+0000] {dag.py:3834} INFO - Setting next_dagrun for example_skip_dag to 2024-03-03 00:00:00+00:00, run_after=2024-03-04 00:00:00+00:00
[2024-03-04T16:08:22.080+0000] {processor.py:183} INFO - Processing /home/airflow/.local/lib/python3.11/site-packages/airflow/example_dags/example_skip_dag.py took 0.035 seconds
[2024-03-04T16:08:52.753+0000] {processor.py:161} INFO - Started process (PID=1886) to work on /home/airflow/.local/lib/python3.11/site-packages/airflow/example_dags/example_skip_dag.py
[2024-03-04T16:08:52.754+0000] {processor.py:830} INFO - Processing file /home/airflow/.local/lib/python3.11/site-packages/airflow/example_dags/example_skip_dag.py for tasks to queue
[2024-03-04T16:08:52.755+0000] {logging_mixin.py:188} INFO - [2024-03-04T16:08:52.755+0000] {dagbag.py:540} INFO - Filling up the DagBag from /home/airflow/.local/lib/python3.11/site-packages/airflow/example_dags/example_skip_dag.py
[2024-03-04T16:08:52.758+0000] {processor.py:840} INFO - DAG(s) 'example_skip_dag' retrieved from /home/airflow/.local/lib/python3.11/site-packages/airflow/example_dags/example_skip_dag.py
[2024-03-04T16:08:52.767+0000] {logging_mixin.py:188} INFO - [2024-03-04T16:08:52.767+0000] {dag.py:3047} INFO - Sync 1 DAGs
[2024-03-04T16:08:52.776+0000] {logging_mixin.py:188} INFO - [2024-03-04T16:08:52.776+0000] {dag.py:3834} INFO - Setting next_dagrun for example_skip_dag to 2024-03-03 00:00:00+00:00, run_after=2024-03-04 00:00:00+00:00
[2024-03-04T16:08:52.783+0000] {processor.py:183} INFO - Processing /home/airflow/.local/lib/python3.11/site-packages/airflow/example_dags/example_skip_dag.py took 0.032 seconds
[2024-03-04T16:09:23.311+0000] {processor.py:161} INFO - Started process (PID=1941) to work on /home/airflow/.local/lib/python3.11/site-packages/airflow/example_dags/example_skip_dag.py
[2024-03-04T16:09:23.312+0000] {processor.py:830} INFO - Processing file /home/airflow/.local/lib/python3.11/site-packages/airflow/example_dags/example_skip_dag.py for tasks to queue
[2024-03-04T16:09:23.313+0000] {logging_mixin.py:188} INFO - [2024-03-04T16:09:23.313+0000] {dagbag.py:540} INFO - Filling up the DagBag from /home/airflow/.local/lib/python3.11/site-packages/airflow/example_dags/example_skip_dag.py
[2024-03-04T16:09:23.317+0000] {processor.py:840} INFO - DAG(s) 'example_skip_dag' retrieved from /home/airflow/.local/lib/python3.11/site-packages/airflow/example_dags/example_skip_dag.py
[2024-03-04T16:09:23.326+0000] {logging_mixin.py:188} INFO - [2024-03-04T16:09:23.326+0000] {dag.py:3047} INFO - Sync 1 DAGs
[2024-03-04T16:09:23.338+0000] {logging_mixin.py:188} INFO - [2024-03-04T16:09:23.338+0000] {dag.py:3834} INFO - Setting next_dagrun for example_skip_dag to 2024-03-03 00:00:00+00:00, run_after=2024-03-04 00:00:00+00:00
[2024-03-04T16:09:23.345+0000] {processor.py:183} INFO - Processing /home/airflow/.local/lib/python3.11/site-packages/airflow/example_dags/example_skip_dag.py took 0.035 seconds
[2024-03-04T16:09:54.110+0000] {processor.py:161} INFO - Started process (PID=1996) to work on /home/airflow/.local/lib/python3.11/site-packages/airflow/example_dags/example_skip_dag.py
[2024-03-04T16:09:54.111+0000] {processor.py:830} INFO - Processing file /home/airflow/.local/lib/python3.11/site-packages/airflow/example_dags/example_skip_dag.py for tasks to queue
[2024-03-04T16:09:54.112+0000] {logging_mixin.py:188} INFO - [2024-03-04T16:09:54.111+0000] {dagbag.py:540} INFO - Filling up the DagBag from /home/airflow/.local/lib/python3.11/site-packages/airflow/example_dags/example_skip_dag.py
[2024-03-04T16:09:54.115+0000] {processor.py:840} INFO - DAG(s) 'example_skip_dag' retrieved from /home/airflow/.local/lib/python3.11/site-packages/airflow/example_dags/example_skip_dag.py
[2024-03-04T16:09:54.125+0000] {logging_mixin.py:188} INFO - [2024-03-04T16:09:54.125+0000] {dag.py:3047} INFO - Sync 1 DAGs
[2024-03-04T16:09:54.134+0000] {logging_mixin.py:188} INFO - [2024-03-04T16:09:54.134+0000] {dag.py:3834} INFO - Setting next_dagrun for example_skip_dag to 2024-03-03 00:00:00+00:00, run_after=2024-03-04 00:00:00+00:00
[2024-03-04T16:09:54.143+0000] {processor.py:183} INFO - Processing /home/airflow/.local/lib/python3.11/site-packages/airflow/example_dags/example_skip_dag.py took 0.035 seconds
[2024-03-04T16:10:24.645+0000] {processor.py:161} INFO - Started process (PID=2051) to work on /home/airflow/.local/lib/python3.11/site-packages/airflow/example_dags/example_skip_dag.py
[2024-03-04T16:10:24.647+0000] {processor.py:830} INFO - Processing file /home/airflow/.local/lib/python3.11/site-packages/airflow/example_dags/example_skip_dag.py for tasks to queue
[2024-03-04T16:10:24.648+0000] {logging_mixin.py:188} INFO - [2024-03-04T16:10:24.648+0000] {dagbag.py:540} INFO - Filling up the DagBag from /home/airflow/.local/lib/python3.11/site-packages/airflow/example_dags/example_skip_dag.py
[2024-03-04T16:10:24.651+0000] {processor.py:840} INFO - DAG(s) 'example_skip_dag' retrieved from /home/airflow/.local/lib/python3.11/site-packages/airflow/example_dags/example_skip_dag.py
[2024-03-04T16:10:24.660+0000] {logging_mixin.py:188} INFO - [2024-03-04T16:10:24.660+0000] {dag.py:3047} INFO - Sync 1 DAGs
[2024-03-04T16:10:24.669+0000] {logging_mixin.py:188} INFO - [2024-03-04T16:10:24.669+0000] {dag.py:3834} INFO - Setting next_dagrun for example_skip_dag to 2024-03-03 00:00:00+00:00, run_after=2024-03-04 00:00:00+00:00
[2024-03-04T16:10:24.676+0000] {processor.py:183} INFO - Processing /home/airflow/.local/lib/python3.11/site-packages/airflow/example_dags/example_skip_dag.py took 0.032 seconds
[2024-03-04T16:10:55.308+0000] {processor.py:161} INFO - Started process (PID=2106) to work on /home/airflow/.local/lib/python3.11/site-packages/airflow/example_dags/example_skip_dag.py
[2024-03-04T16:10:55.309+0000] {processor.py:830} INFO - Processing file /home/airflow/.local/lib/python3.11/site-packages/airflow/example_dags/example_skip_dag.py for tasks to queue
[2024-03-04T16:10:55.310+0000] {logging_mixin.py:188} INFO - [2024-03-04T16:10:55.310+0000] {dagbag.py:540} INFO - Filling up the DagBag from /home/airflow/.local/lib/python3.11/site-packages/airflow/example_dags/example_skip_dag.py
[2024-03-04T16:10:55.313+0000] {processor.py:840} INFO - DAG(s) 'example_skip_dag' retrieved from /home/airflow/.local/lib/python3.11/site-packages/airflow/example_dags/example_skip_dag.py
[2024-03-04T16:10:55.324+0000] {logging_mixin.py:188} INFO - [2024-03-04T16:10:55.324+0000] {dag.py:3047} INFO - Sync 1 DAGs
[2024-03-04T16:10:55.333+0000] {logging_mixin.py:188} INFO - [2024-03-04T16:10:55.333+0000] {dag.py:3834} INFO - Setting next_dagrun for example_skip_dag to 2024-03-03 00:00:00+00:00, run_after=2024-03-04 00:00:00+00:00
[2024-03-04T16:10:55.340+0000] {processor.py:183} INFO - Processing /home/airflow/.local/lib/python3.11/site-packages/airflow/example_dags/example_skip_dag.py took 0.034 seconds
[2024-03-04T16:11:26.010+0000] {processor.py:161} INFO - Started process (PID=2161) to work on /home/airflow/.local/lib/python3.11/site-packages/airflow/example_dags/example_skip_dag.py
[2024-03-04T16:11:26.011+0000] {processor.py:830} INFO - Processing file /home/airflow/.local/lib/python3.11/site-packages/airflow/example_dags/example_skip_dag.py for tasks to queue
[2024-03-04T16:11:26.012+0000] {logging_mixin.py:188} INFO - [2024-03-04T16:11:26.012+0000] {dagbag.py:540} INFO - Filling up the DagBag from /home/airflow/.local/lib/python3.11/site-packages/airflow/example_dags/example_skip_dag.py
[2024-03-04T16:11:26.015+0000] {processor.py:840} INFO - DAG(s) 'example_skip_dag' retrieved from /home/airflow/.local/lib/python3.11/site-packages/airflow/example_dags/example_skip_dag.py
[2024-03-04T16:11:26.025+0000] {logging_mixin.py:188} INFO - [2024-03-04T16:11:26.025+0000] {dag.py:3047} INFO - Sync 1 DAGs
[2024-03-04T16:11:26.034+0000] {logging_mixin.py:188} INFO - [2024-03-04T16:11:26.034+0000] {dag.py:3834} INFO - Setting next_dagrun for example_skip_dag to 2024-03-03 00:00:00+00:00, run_after=2024-03-04 00:00:00+00:00
[2024-03-04T16:11:26.041+0000] {processor.py:183} INFO - Processing /home/airflow/.local/lib/python3.11/site-packages/airflow/example_dags/example_skip_dag.py took 0.032 seconds
[2024-03-04T16:11:56.695+0000] {processor.py:161} INFO - Started process (PID=2216) to work on /home/airflow/.local/lib/python3.11/site-packages/airflow/example_dags/example_skip_dag.py
[2024-03-04T16:11:56.696+0000] {processor.py:830} INFO - Processing file /home/airflow/.local/lib/python3.11/site-packages/airflow/example_dags/example_skip_dag.py for tasks to queue
[2024-03-04T16:11:56.697+0000] {logging_mixin.py:188} INFO - [2024-03-04T16:11:56.697+0000] {dagbag.py:540} INFO - Filling up the DagBag from /home/airflow/.local/lib/python3.11/site-packages/airflow/example_dags/example_skip_dag.py
[2024-03-04T16:11:56.700+0000] {processor.py:840} INFO - DAG(s) 'example_skip_dag' retrieved from /home/airflow/.local/lib/python3.11/site-packages/airflow/example_dags/example_skip_dag.py
[2024-03-04T16:11:56.711+0000] {logging_mixin.py:188} INFO - [2024-03-04T16:11:56.711+0000] {dag.py:3047} INFO - Sync 1 DAGs
[2024-03-04T16:11:56.720+0000] {logging_mixin.py:188} INFO - [2024-03-04T16:11:56.720+0000] {dag.py:3834} INFO - Setting next_dagrun for example_skip_dag to 2024-03-03 00:00:00+00:00, run_after=2024-03-04 00:00:00+00:00
[2024-03-04T16:11:56.726+0000] {processor.py:183} INFO - Processing /home/airflow/.local/lib/python3.11/site-packages/airflow/example_dags/example_skip_dag.py took 0.033 seconds
[2024-03-04T16:12:27.407+0000] {processor.py:161} INFO - Started process (PID=2271) to work on /home/airflow/.local/lib/python3.11/site-packages/airflow/example_dags/example_skip_dag.py
[2024-03-04T16:12:27.407+0000] {processor.py:830} INFO - Processing file /home/airflow/.local/lib/python3.11/site-packages/airflow/example_dags/example_skip_dag.py for tasks to queue
[2024-03-04T16:12:27.408+0000] {logging_mixin.py:188} INFO - [2024-03-04T16:12:27.408+0000] {dagbag.py:540} INFO - Filling up the DagBag from /home/airflow/.local/lib/python3.11/site-packages/airflow/example_dags/example_skip_dag.py
[2024-03-04T16:12:27.411+0000] {processor.py:840} INFO - DAG(s) 'example_skip_dag' retrieved from /home/airflow/.local/lib/python3.11/site-packages/airflow/example_dags/example_skip_dag.py
[2024-03-04T16:12:27.423+0000] {logging_mixin.py:188} INFO - [2024-03-04T16:12:27.423+0000] {dag.py:3047} INFO - Sync 1 DAGs
[2024-03-04T16:12:27.432+0000] {logging_mixin.py:188} INFO - [2024-03-04T16:12:27.432+0000] {dag.py:3834} INFO - Setting next_dagrun for example_skip_dag to 2024-03-03 00:00:00+00:00, run_after=2024-03-04 00:00:00+00:00
[2024-03-04T16:12:27.438+0000] {processor.py:183} INFO - Processing /home/airflow/.local/lib/python3.11/site-packages/airflow/example_dags/example_skip_dag.py took 0.034 seconds
[2024-03-04T16:12:58.005+0000] {processor.py:161} INFO - Started process (PID=2326) to work on /home/airflow/.local/lib/python3.11/site-packages/airflow/example_dags/example_skip_dag.py
[2024-03-04T16:12:58.006+0000] {processor.py:830} INFO - Processing file /home/airflow/.local/lib/python3.11/site-packages/airflow/example_dags/example_skip_dag.py for tasks to queue
[2024-03-04T16:12:58.006+0000] {logging_mixin.py:188} INFO - [2024-03-04T16:12:58.006+0000] {dagbag.py:540} INFO - Filling up the DagBag from /home/airflow/.local/lib/python3.11/site-packages/airflow/example_dags/example_skip_dag.py
[2024-03-04T16:12:58.010+0000] {processor.py:840} INFO - DAG(s) 'example_skip_dag' retrieved from /home/airflow/.local/lib/python3.11/site-packages/airflow/example_dags/example_skip_dag.py
[2024-03-04T16:12:58.020+0000] {logging_mixin.py:188} INFO - [2024-03-04T16:12:58.019+0000] {dag.py:3047} INFO - Sync 1 DAGs
[2024-03-04T16:12:58.028+0000] {logging_mixin.py:188} INFO - [2024-03-04T16:12:58.028+0000] {dag.py:3834} INFO - Setting next_dagrun for example_skip_dag to 2024-03-03 00:00:00+00:00, run_after=2024-03-04 00:00:00+00:00
[2024-03-04T16:12:58.035+0000] {processor.py:183} INFO - Processing /home/airflow/.local/lib/python3.11/site-packages/airflow/example_dags/example_skip_dag.py took 0.032 seconds
[2024-03-04T16:13:28.621+0000] {processor.py:161} INFO - Started process (PID=2381) to work on /home/airflow/.local/lib/python3.11/site-packages/airflow/example_dags/example_skip_dag.py
[2024-03-04T16:13:28.621+0000] {processor.py:830} INFO - Processing file /home/airflow/.local/lib/python3.11/site-packages/airflow/example_dags/example_skip_dag.py for tasks to queue
[2024-03-04T16:13:28.622+0000] {logging_mixin.py:188} INFO - [2024-03-04T16:13:28.622+0000] {dagbag.py:540} INFO - Filling up the DagBag from /home/airflow/.local/lib/python3.11/site-packages/airflow/example_dags/example_skip_dag.py
[2024-03-04T16:13:28.626+0000] {processor.py:840} INFO - DAG(s) 'example_skip_dag' retrieved from /home/airflow/.local/lib/python3.11/site-packages/airflow/example_dags/example_skip_dag.py
[2024-03-04T16:13:28.635+0000] {logging_mixin.py:188} INFO - [2024-03-04T16:13:28.635+0000] {dag.py:3047} INFO - Sync 1 DAGs
[2024-03-04T16:13:28.644+0000] {logging_mixin.py:188} INFO - [2024-03-04T16:13:28.644+0000] {dag.py:3834} INFO - Setting next_dagrun for example_skip_dag to 2024-03-03 00:00:00+00:00, run_after=2024-03-04 00:00:00+00:00
[2024-03-04T16:13:28.650+0000] {processor.py:183} INFO - Processing /home/airflow/.local/lib/python3.11/site-packages/airflow/example_dags/example_skip_dag.py took 0.031 seconds
[2024-03-04T16:13:59.426+0000] {processor.py:161} INFO - Started process (PID=2436) to work on /home/airflow/.local/lib/python3.11/site-packages/airflow/example_dags/example_skip_dag.py
[2024-03-04T16:13:59.427+0000] {processor.py:830} INFO - Processing file /home/airflow/.local/lib/python3.11/site-packages/airflow/example_dags/example_skip_dag.py for tasks to queue
[2024-03-04T16:13:59.428+0000] {logging_mixin.py:188} INFO - [2024-03-04T16:13:59.428+0000] {dagbag.py:540} INFO - Filling up the DagBag from /home/airflow/.local/lib/python3.11/site-packages/airflow/example_dags/example_skip_dag.py
[2024-03-04T16:13:59.432+0000] {processor.py:840} INFO - DAG(s) 'example_skip_dag' retrieved from /home/airflow/.local/lib/python3.11/site-packages/airflow/example_dags/example_skip_dag.py
[2024-03-04T16:13:59.441+0000] {logging_mixin.py:188} INFO - [2024-03-04T16:13:59.441+0000] {dag.py:3047} INFO - Sync 1 DAGs
[2024-03-04T16:13:59.449+0000] {logging_mixin.py:188} INFO - [2024-03-04T16:13:59.449+0000] {dag.py:3834} INFO - Setting next_dagrun for example_skip_dag to 2024-03-03 00:00:00+00:00, run_after=2024-03-04 00:00:00+00:00
[2024-03-04T16:13:59.456+0000] {processor.py:183} INFO - Processing /home/airflow/.local/lib/python3.11/site-packages/airflow/example_dags/example_skip_dag.py took 0.031 seconds
[2024-03-04T16:14:30.198+0000] {processor.py:161} INFO - Started process (PID=2491) to work on /home/airflow/.local/lib/python3.11/site-packages/airflow/example_dags/example_skip_dag.py
[2024-03-04T16:14:30.199+0000] {processor.py:830} INFO - Processing file /home/airflow/.local/lib/python3.11/site-packages/airflow/example_dags/example_skip_dag.py for tasks to queue
[2024-03-04T16:14:30.200+0000] {logging_mixin.py:188} INFO - [2024-03-04T16:14:30.200+0000] {dagbag.py:540} INFO - Filling up the DagBag from /home/airflow/.local/lib/python3.11/site-packages/airflow/example_dags/example_skip_dag.py
[2024-03-04T16:14:30.205+0000] {processor.py:840} INFO - DAG(s) 'example_skip_dag' retrieved from /home/airflow/.local/lib/python3.11/site-packages/airflow/example_dags/example_skip_dag.py
[2024-03-04T16:14:30.222+0000] {logging_mixin.py:188} INFO - [2024-03-04T16:14:30.221+0000] {dag.py:3047} INFO - Sync 1 DAGs
[2024-03-04T16:14:30.233+0000] {logging_mixin.py:188} INFO - [2024-03-04T16:14:30.233+0000] {dag.py:3834} INFO - Setting next_dagrun for example_skip_dag to 2024-03-03 00:00:00+00:00, run_after=2024-03-04 00:00:00+00:00
[2024-03-04T16:14:30.241+0000] {processor.py:183} INFO - Processing /home/airflow/.local/lib/python3.11/site-packages/airflow/example_dags/example_skip_dag.py took 0.044 seconds
[2024-03-04T16:15:00.889+0000] {processor.py:161} INFO - Started process (PID=2546) to work on /home/airflow/.local/lib/python3.11/site-packages/airflow/example_dags/example_skip_dag.py
[2024-03-04T16:15:00.889+0000] {processor.py:830} INFO - Processing file /home/airflow/.local/lib/python3.11/site-packages/airflow/example_dags/example_skip_dag.py for tasks to queue
[2024-03-04T16:15:00.890+0000] {logging_mixin.py:188} INFO - [2024-03-04T16:15:00.890+0000] {dagbag.py:540} INFO - Filling up the DagBag from /home/airflow/.local/lib/python3.11/site-packages/airflow/example_dags/example_skip_dag.py
[2024-03-04T16:15:00.894+0000] {processor.py:840} INFO - DAG(s) 'example_skip_dag' retrieved from /home/airflow/.local/lib/python3.11/site-packages/airflow/example_dags/example_skip_dag.py
[2024-03-04T16:15:00.903+0000] {logging_mixin.py:188} INFO - [2024-03-04T16:15:00.903+0000] {dag.py:3047} INFO - Sync 1 DAGs
[2024-03-04T16:15:00.914+0000] {logging_mixin.py:188} INFO - [2024-03-04T16:15:00.914+0000] {dag.py:3834} INFO - Setting next_dagrun for example_skip_dag to 2024-03-03 00:00:00+00:00, run_after=2024-03-04 00:00:00+00:00
[2024-03-04T16:15:00.922+0000] {processor.py:183} INFO - Processing /home/airflow/.local/lib/python3.11/site-packages/airflow/example_dags/example_skip_dag.py took 0.035 seconds
[2024-03-04T16:15:31.407+0000] {processor.py:161} INFO - Started process (PID=2601) to work on /home/airflow/.local/lib/python3.11/site-packages/airflow/example_dags/example_skip_dag.py
[2024-03-04T16:15:31.408+0000] {processor.py:830} INFO - Processing file /home/airflow/.local/lib/python3.11/site-packages/airflow/example_dags/example_skip_dag.py for tasks to queue
[2024-03-04T16:15:31.409+0000] {logging_mixin.py:188} INFO - [2024-03-04T16:15:31.409+0000] {dagbag.py:540} INFO - Filling up the DagBag from /home/airflow/.local/lib/python3.11/site-packages/airflow/example_dags/example_skip_dag.py
[2024-03-04T16:15:31.413+0000] {processor.py:840} INFO - DAG(s) 'example_skip_dag' retrieved from /home/airflow/.local/lib/python3.11/site-packages/airflow/example_dags/example_skip_dag.py
[2024-03-04T16:15:31.423+0000] {logging_mixin.py:188} INFO - [2024-03-04T16:15:31.423+0000] {dag.py:3047} INFO - Sync 1 DAGs
[2024-03-04T16:15:31.433+0000] {logging_mixin.py:188} INFO - [2024-03-04T16:15:31.433+0000] {dag.py:3834} INFO - Setting next_dagrun for example_skip_dag to 2024-03-03 00:00:00+00:00, run_after=2024-03-04 00:00:00+00:00
[2024-03-04T16:15:31.440+0000] {processor.py:183} INFO - Processing /home/airflow/.local/lib/python3.11/site-packages/airflow/example_dags/example_skip_dag.py took 0.035 seconds
[2024-03-04T16:16:02.280+0000] {processor.py:161} INFO - Started process (PID=2656) to work on /home/airflow/.local/lib/python3.11/site-packages/airflow/example_dags/example_skip_dag.py
[2024-03-04T16:16:02.281+0000] {processor.py:830} INFO - Processing file /home/airflow/.local/lib/python3.11/site-packages/airflow/example_dags/example_skip_dag.py for tasks to queue
[2024-03-04T16:16:02.282+0000] {logging_mixin.py:188} INFO - [2024-03-04T16:16:02.281+0000] {dagbag.py:540} INFO - Filling up the DagBag from /home/airflow/.local/lib/python3.11/site-packages/airflow/example_dags/example_skip_dag.py
[2024-03-04T16:16:02.285+0000] {processor.py:840} INFO - DAG(s) 'example_skip_dag' retrieved from /home/airflow/.local/lib/python3.11/site-packages/airflow/example_dags/example_skip_dag.py
[2024-03-04T16:16:02.294+0000] {logging_mixin.py:188} INFO - [2024-03-04T16:16:02.294+0000] {dag.py:3047} INFO - Sync 1 DAGs
[2024-03-04T16:16:02.303+0000] {logging_mixin.py:188} INFO - [2024-03-04T16:16:02.303+0000] {dag.py:3834} INFO - Setting next_dagrun for example_skip_dag to 2024-03-03 00:00:00+00:00, run_after=2024-03-04 00:00:00+00:00
[2024-03-04T16:16:02.310+0000] {processor.py:183} INFO - Processing /home/airflow/.local/lib/python3.11/site-packages/airflow/example_dags/example_skip_dag.py took 0.031 seconds
[2024-03-04T16:16:32.592+0000] {processor.py:161} INFO - Started process (PID=2711) to work on /home/airflow/.local/lib/python3.11/site-packages/airflow/example_dags/example_skip_dag.py
[2024-03-04T16:16:32.593+0000] {processor.py:830} INFO - Processing file /home/airflow/.local/lib/python3.11/site-packages/airflow/example_dags/example_skip_dag.py for tasks to queue
[2024-03-04T16:16:32.594+0000] {logging_mixin.py:188} INFO - [2024-03-04T16:16:32.594+0000] {dagbag.py:540} INFO - Filling up the DagBag from /home/airflow/.local/lib/python3.11/site-packages/airflow/example_dags/example_skip_dag.py
[2024-03-04T16:16:32.598+0000] {processor.py:840} INFO - DAG(s) 'example_skip_dag' retrieved from /home/airflow/.local/lib/python3.11/site-packages/airflow/example_dags/example_skip_dag.py
[2024-03-04T16:16:32.617+0000] {logging_mixin.py:188} INFO - [2024-03-04T16:16:32.617+0000] {dag.py:3047} INFO - Sync 1 DAGs
[2024-03-04T16:16:32.626+0000] {logging_mixin.py:188} INFO - [2024-03-04T16:16:32.626+0000] {dag.py:3834} INFO - Setting next_dagrun for example_skip_dag to 2024-03-03 00:00:00+00:00, run_after=2024-03-04 00:00:00+00:00
[2024-03-04T16:16:32.634+0000] {processor.py:183} INFO - Processing /home/airflow/.local/lib/python3.11/site-packages/airflow/example_dags/example_skip_dag.py took 0.044 seconds
[2024-03-04T16:17:03.527+0000] {processor.py:161} INFO - Started process (PID=2766) to work on /home/airflow/.local/lib/python3.11/site-packages/airflow/example_dags/example_skip_dag.py
[2024-03-04T16:17:03.528+0000] {processor.py:830} INFO - Processing file /home/airflow/.local/lib/python3.11/site-packages/airflow/example_dags/example_skip_dag.py for tasks to queue
[2024-03-04T16:17:03.529+0000] {logging_mixin.py:188} INFO - [2024-03-04T16:17:03.529+0000] {dagbag.py:540} INFO - Filling up the DagBag from /home/airflow/.local/lib/python3.11/site-packages/airflow/example_dags/example_skip_dag.py
[2024-03-04T16:17:03.533+0000] {processor.py:840} INFO - DAG(s) 'example_skip_dag' retrieved from /home/airflow/.local/lib/python3.11/site-packages/airflow/example_dags/example_skip_dag.py
[2024-03-04T16:17:03.548+0000] {logging_mixin.py:188} INFO - [2024-03-04T16:17:03.548+0000] {dag.py:3047} INFO - Sync 1 DAGs
[2024-03-04T16:17:03.558+0000] {logging_mixin.py:188} INFO - [2024-03-04T16:17:03.558+0000] {dag.py:3834} INFO - Setting next_dagrun for example_skip_dag to 2024-03-03 00:00:00+00:00, run_after=2024-03-04 00:00:00+00:00
[2024-03-04T16:17:03.565+0000] {processor.py:183} INFO - Processing /home/airflow/.local/lib/python3.11/site-packages/airflow/example_dags/example_skip_dag.py took 0.039 seconds
[2024-03-04T16:17:34.410+0000] {processor.py:161} INFO - Started process (PID=2821) to work on /home/airflow/.local/lib/python3.11/site-packages/airflow/example_dags/example_skip_dag.py
[2024-03-04T16:17:34.411+0000] {processor.py:830} INFO - Processing file /home/airflow/.local/lib/python3.11/site-packages/airflow/example_dags/example_skip_dag.py for tasks to queue
[2024-03-04T16:17:34.412+0000] {logging_mixin.py:188} INFO - [2024-03-04T16:17:34.412+0000] {dagbag.py:540} INFO - Filling up the DagBag from /home/airflow/.local/lib/python3.11/site-packages/airflow/example_dags/example_skip_dag.py
[2024-03-04T16:17:34.415+0000] {processor.py:840} INFO - DAG(s) 'example_skip_dag' retrieved from /home/airflow/.local/lib/python3.11/site-packages/airflow/example_dags/example_skip_dag.py
[2024-03-04T16:17:34.425+0000] {logging_mixin.py:188} INFO - [2024-03-04T16:17:34.425+0000] {dag.py:3047} INFO - Sync 1 DAGs
[2024-03-04T16:17:34.434+0000] {logging_mixin.py:188} INFO - [2024-03-04T16:17:34.434+0000] {dag.py:3834} INFO - Setting next_dagrun for example_skip_dag to 2024-03-03 00:00:00+00:00, run_after=2024-03-04 00:00:00+00:00
[2024-03-04T16:17:34.441+0000] {processor.py:183} INFO - Processing /home/airflow/.local/lib/python3.11/site-packages/airflow/example_dags/example_skip_dag.py took 0.033 seconds
[2024-03-04T16:18:04.826+0000] {processor.py:161} INFO - Started process (PID=2876) to work on /home/airflow/.local/lib/python3.11/site-packages/airflow/example_dags/example_skip_dag.py
[2024-03-04T16:18:04.826+0000] {processor.py:830} INFO - Processing file /home/airflow/.local/lib/python3.11/site-packages/airflow/example_dags/example_skip_dag.py for tasks to queue
[2024-03-04T16:18:04.827+0000] {logging_mixin.py:188} INFO - [2024-03-04T16:18:04.827+0000] {dagbag.py:540} INFO - Filling up the DagBag from /home/airflow/.local/lib/python3.11/site-packages/airflow/example_dags/example_skip_dag.py
[2024-03-04T16:18:04.830+0000] {processor.py:840} INFO - DAG(s) 'example_skip_dag' retrieved from /home/airflow/.local/lib/python3.11/site-packages/airflow/example_dags/example_skip_dag.py
[2024-03-04T16:18:04.840+0000] {logging_mixin.py:188} INFO - [2024-03-04T16:18:04.840+0000] {dag.py:3047} INFO - Sync 1 DAGs
[2024-03-04T16:18:04.850+0000] {logging_mixin.py:188} INFO - [2024-03-04T16:18:04.850+0000] {dag.py:3834} INFO - Setting next_dagrun for example_skip_dag to 2024-03-03 00:00:00+00:00, run_after=2024-03-04 00:00:00+00:00
[2024-03-04T16:18:04.857+0000] {processor.py:183} INFO - Processing /home/airflow/.local/lib/python3.11/site-packages/airflow/example_dags/example_skip_dag.py took 0.033 seconds
[2024-03-04T16:18:35.418+0000] {processor.py:161} INFO - Started process (PID=2931) to work on /home/airflow/.local/lib/python3.11/site-packages/airflow/example_dags/example_skip_dag.py
[2024-03-04T16:18:35.420+0000] {processor.py:830} INFO - Processing file /home/airflow/.local/lib/python3.11/site-packages/airflow/example_dags/example_skip_dag.py for tasks to queue
[2024-03-04T16:18:35.423+0000] {logging_mixin.py:188} INFO - [2024-03-04T16:18:35.423+0000] {dagbag.py:540} INFO - Filling up the DagBag from /home/airflow/.local/lib/python3.11/site-packages/airflow/example_dags/example_skip_dag.py
[2024-03-04T16:18:35.431+0000] {processor.py:840} INFO - DAG(s) 'example_skip_dag' retrieved from /home/airflow/.local/lib/python3.11/site-packages/airflow/example_dags/example_skip_dag.py
[2024-03-04T16:18:35.466+0000] {logging_mixin.py:188} INFO - [2024-03-04T16:18:35.466+0000] {dag.py:3047} INFO - Sync 1 DAGs
[2024-03-04T16:18:35.490+0000] {logging_mixin.py:188} INFO - [2024-03-04T16:18:35.490+0000] {dag.py:3834} INFO - Setting next_dagrun for example_skip_dag to 2024-03-03 00:00:00+00:00, run_after=2024-03-04 00:00:00+00:00
[2024-03-04T16:18:35.512+0000] {processor.py:183} INFO - Processing /home/airflow/.local/lib/python3.11/site-packages/airflow/example_dags/example_skip_dag.py took 0.098 seconds
[2024-03-04T16:19:06.324+0000] {processor.py:161} INFO - Started process (PID=2986) to work on /home/airflow/.local/lib/python3.11/site-packages/airflow/example_dags/example_skip_dag.py
[2024-03-04T16:19:06.325+0000] {processor.py:830} INFO - Processing file /home/airflow/.local/lib/python3.11/site-packages/airflow/example_dags/example_skip_dag.py for tasks to queue
[2024-03-04T16:19:06.326+0000] {logging_mixin.py:188} INFO - [2024-03-04T16:19:06.326+0000] {dagbag.py:540} INFO - Filling up the DagBag from /home/airflow/.local/lib/python3.11/site-packages/airflow/example_dags/example_skip_dag.py
[2024-03-04T16:19:06.329+0000] {processor.py:840} INFO - DAG(s) 'example_skip_dag' retrieved from /home/airflow/.local/lib/python3.11/site-packages/airflow/example_dags/example_skip_dag.py
[2024-03-04T16:19:06.338+0000] {logging_mixin.py:188} INFO - [2024-03-04T16:19:06.338+0000] {dag.py:3047} INFO - Sync 1 DAGs
[2024-03-04T16:19:06.347+0000] {logging_mixin.py:188} INFO - [2024-03-04T16:19:06.347+0000] {dag.py:3834} INFO - Setting next_dagrun for example_skip_dag to 2024-03-03 00:00:00+00:00, run_after=2024-03-04 00:00:00+00:00
[2024-03-04T16:19:06.353+0000] {processor.py:183} INFO - Processing /home/airflow/.local/lib/python3.11/site-packages/airflow/example_dags/example_skip_dag.py took 0.030 seconds
[2024-03-04T16:19:36.603+0000] {processor.py:161} INFO - Started process (PID=3041) to work on /home/airflow/.local/lib/python3.11/site-packages/airflow/example_dags/example_skip_dag.py
[2024-03-04T16:19:36.604+0000] {processor.py:830} INFO - Processing file /home/airflow/.local/lib/python3.11/site-packages/airflow/example_dags/example_skip_dag.py for tasks to queue
[2024-03-04T16:19:36.605+0000] {logging_mixin.py:188} INFO - [2024-03-04T16:19:36.605+0000] {dagbag.py:540} INFO - Filling up the DagBag from /home/airflow/.local/lib/python3.11/site-packages/airflow/example_dags/example_skip_dag.py
[2024-03-04T16:19:36.613+0000] {processor.py:840} INFO - DAG(s) 'example_skip_dag' retrieved from /home/airflow/.local/lib/python3.11/site-packages/airflow/example_dags/example_skip_dag.py
[2024-03-04T16:19:36.628+0000] {logging_mixin.py:188} INFO - [2024-03-04T16:19:36.628+0000] {dag.py:3047} INFO - Sync 1 DAGs
[2024-03-04T16:19:36.637+0000] {logging_mixin.py:188} INFO - [2024-03-04T16:19:36.637+0000] {dag.py:3834} INFO - Setting next_dagrun for example_skip_dag to 2024-03-03 00:00:00+00:00, run_after=2024-03-04 00:00:00+00:00
[2024-03-04T16:19:36.644+0000] {processor.py:183} INFO - Processing /home/airflow/.local/lib/python3.11/site-packages/airflow/example_dags/example_skip_dag.py took 0.044 seconds
[2024-03-04T16:20:06.891+0000] {processor.py:161} INFO - Started process (PID=3096) to work on /home/airflow/.local/lib/python3.11/site-packages/airflow/example_dags/example_skip_dag.py
[2024-03-04T16:20:06.892+0000] {processor.py:830} INFO - Processing file /home/airflow/.local/lib/python3.11/site-packages/airflow/example_dags/example_skip_dag.py for tasks to queue
[2024-03-04T16:20:06.893+0000] {logging_mixin.py:188} INFO - [2024-03-04T16:20:06.892+0000] {dagbag.py:540} INFO - Filling up the DagBag from /home/airflow/.local/lib/python3.11/site-packages/airflow/example_dags/example_skip_dag.py
[2024-03-04T16:20:06.896+0000] {processor.py:840} INFO - DAG(s) 'example_skip_dag' retrieved from /home/airflow/.local/lib/python3.11/site-packages/airflow/example_dags/example_skip_dag.py
[2024-03-04T16:20:06.906+0000] {logging_mixin.py:188} INFO - [2024-03-04T16:20:06.906+0000] {dag.py:3047} INFO - Sync 1 DAGs
[2024-03-04T16:20:06.927+0000] {logging_mixin.py:188} INFO - [2024-03-04T16:20:06.927+0000] {dag.py:3834} INFO - Setting next_dagrun for example_skip_dag to 2024-03-03 00:00:00+00:00, run_after=2024-03-04 00:00:00+00:00
[2024-03-04T16:20:06.939+0000] {processor.py:183} INFO - Processing /home/airflow/.local/lib/python3.11/site-packages/airflow/example_dags/example_skip_dag.py took 0.050 seconds
[2024-03-04T16:20:37.359+0000] {processor.py:161} INFO - Started process (PID=3151) to work on /home/airflow/.local/lib/python3.11/site-packages/airflow/example_dags/example_skip_dag.py
[2024-03-04T16:20:37.359+0000] {processor.py:830} INFO - Processing file /home/airflow/.local/lib/python3.11/site-packages/airflow/example_dags/example_skip_dag.py for tasks to queue
[2024-03-04T16:20:37.360+0000] {logging_mixin.py:188} INFO - [2024-03-04T16:20:37.360+0000] {dagbag.py:540} INFO - Filling up the DagBag from /home/airflow/.local/lib/python3.11/site-packages/airflow/example_dags/example_skip_dag.py
[2024-03-04T16:20:37.364+0000] {processor.py:840} INFO - DAG(s) 'example_skip_dag' retrieved from /home/airflow/.local/lib/python3.11/site-packages/airflow/example_dags/example_skip_dag.py
[2024-03-04T16:20:37.374+0000] {logging_mixin.py:188} INFO - [2024-03-04T16:20:37.374+0000] {dag.py:3047} INFO - Sync 1 DAGs
[2024-03-04T16:20:37.382+0000] {logging_mixin.py:188} INFO - [2024-03-04T16:20:37.382+0000] {dag.py:3834} INFO - Setting next_dagrun for example_skip_dag to 2024-03-03 00:00:00+00:00, run_after=2024-03-04 00:00:00+00:00
[2024-03-04T16:20:37.389+0000] {processor.py:183} INFO - Processing /home/airflow/.local/lib/python3.11/site-packages/airflow/example_dags/example_skip_dag.py took 0.032 seconds
[2024-03-04T16:21:07.595+0000] {processor.py:161} INFO - Started process (PID=3206) to work on /home/airflow/.local/lib/python3.11/site-packages/airflow/example_dags/example_skip_dag.py
[2024-03-04T16:21:07.596+0000] {processor.py:830} INFO - Processing file /home/airflow/.local/lib/python3.11/site-packages/airflow/example_dags/example_skip_dag.py for tasks to queue
[2024-03-04T16:21:07.597+0000] {logging_mixin.py:188} INFO - [2024-03-04T16:21:07.597+0000] {dagbag.py:540} INFO - Filling up the DagBag from /home/airflow/.local/lib/python3.11/site-packages/airflow/example_dags/example_skip_dag.py
[2024-03-04T16:21:07.601+0000] {processor.py:840} INFO - DAG(s) 'example_skip_dag' retrieved from /home/airflow/.local/lib/python3.11/site-packages/airflow/example_dags/example_skip_dag.py
[2024-03-04T16:21:07.610+0000] {logging_mixin.py:188} INFO - [2024-03-04T16:21:07.610+0000] {dag.py:3047} INFO - Sync 1 DAGs
[2024-03-04T16:21:07.619+0000] {logging_mixin.py:188} INFO - [2024-03-04T16:21:07.619+0000] {dag.py:3834} INFO - Setting next_dagrun for example_skip_dag to 2024-03-03 00:00:00+00:00, run_after=2024-03-04 00:00:00+00:00
[2024-03-04T16:21:07.625+0000] {processor.py:183} INFO - Processing /home/airflow/.local/lib/python3.11/site-packages/airflow/example_dags/example_skip_dag.py took 0.032 seconds
[2024-03-04T16:21:37.861+0000] {processor.py:161} INFO - Started process (PID=3261) to work on /home/airflow/.local/lib/python3.11/site-packages/airflow/example_dags/example_skip_dag.py
[2024-03-04T16:21:37.862+0000] {processor.py:830} INFO - Processing file /home/airflow/.local/lib/python3.11/site-packages/airflow/example_dags/example_skip_dag.py for tasks to queue
[2024-03-04T16:21:37.863+0000] {logging_mixin.py:188} INFO - [2024-03-04T16:21:37.862+0000] {dagbag.py:540} INFO - Filling up the DagBag from /home/airflow/.local/lib/python3.11/site-packages/airflow/example_dags/example_skip_dag.py
[2024-03-04T16:21:37.867+0000] {processor.py:840} INFO - DAG(s) 'example_skip_dag' retrieved from /home/airflow/.local/lib/python3.11/site-packages/airflow/example_dags/example_skip_dag.py
[2024-03-04T16:21:37.877+0000] {logging_mixin.py:188} INFO - [2024-03-04T16:21:37.877+0000] {dag.py:3047} INFO - Sync 1 DAGs
[2024-03-04T16:21:37.886+0000] {logging_mixin.py:188} INFO - [2024-03-04T16:21:37.886+0000] {dag.py:3834} INFO - Setting next_dagrun for example_skip_dag to 2024-03-03 00:00:00+00:00, run_after=2024-03-04 00:00:00+00:00
[2024-03-04T16:21:37.897+0000] {processor.py:183} INFO - Processing /home/airflow/.local/lib/python3.11/site-packages/airflow/example_dags/example_skip_dag.py took 0.039 seconds
[2024-03-04T16:22:08.182+0000] {processor.py:161} INFO - Started process (PID=3316) to work on /home/airflow/.local/lib/python3.11/site-packages/airflow/example_dags/example_skip_dag.py
[2024-03-04T16:22:08.182+0000] {processor.py:830} INFO - Processing file /home/airflow/.local/lib/python3.11/site-packages/airflow/example_dags/example_skip_dag.py for tasks to queue
[2024-03-04T16:22:08.183+0000] {logging_mixin.py:188} INFO - [2024-03-04T16:22:08.183+0000] {dagbag.py:540} INFO - Filling up the DagBag from /home/airflow/.local/lib/python3.11/site-packages/airflow/example_dags/example_skip_dag.py
[2024-03-04T16:22:08.187+0000] {processor.py:840} INFO - DAG(s) 'example_skip_dag' retrieved from /home/airflow/.local/lib/python3.11/site-packages/airflow/example_dags/example_skip_dag.py
[2024-03-04T16:22:08.197+0000] {logging_mixin.py:188} INFO - [2024-03-04T16:22:08.197+0000] {dag.py:3047} INFO - Sync 1 DAGs
[2024-03-04T16:22:08.205+0000] {logging_mixin.py:188} INFO - [2024-03-04T16:22:08.205+0000] {dag.py:3834} INFO - Setting next_dagrun for example_skip_dag to 2024-03-03 00:00:00+00:00, run_after=2024-03-04 00:00:00+00:00
[2024-03-04T16:22:08.212+0000] {processor.py:183} INFO - Processing /home/airflow/.local/lib/python3.11/site-packages/airflow/example_dags/example_skip_dag.py took 0.032 seconds
[2024-03-04T16:22:38.450+0000] {processor.py:161} INFO - Started process (PID=3371) to work on /home/airflow/.local/lib/python3.11/site-packages/airflow/example_dags/example_skip_dag.py
[2024-03-04T16:22:38.451+0000] {processor.py:830} INFO - Processing file /home/airflow/.local/lib/python3.11/site-packages/airflow/example_dags/example_skip_dag.py for tasks to queue
[2024-03-04T16:22:38.452+0000] {logging_mixin.py:188} INFO - [2024-03-04T16:22:38.451+0000] {dagbag.py:540} INFO - Filling up the DagBag from /home/airflow/.local/lib/python3.11/site-packages/airflow/example_dags/example_skip_dag.py
[2024-03-04T16:22:38.456+0000] {processor.py:840} INFO - DAG(s) 'example_skip_dag' retrieved from /home/airflow/.local/lib/python3.11/site-packages/airflow/example_dags/example_skip_dag.py
[2024-03-04T16:22:38.466+0000] {logging_mixin.py:188} INFO - [2024-03-04T16:22:38.466+0000] {dag.py:3047} INFO - Sync 1 DAGs
[2024-03-04T16:22:38.476+0000] {logging_mixin.py:188} INFO - [2024-03-04T16:22:38.476+0000] {dag.py:3834} INFO - Setting next_dagrun for example_skip_dag to 2024-03-03 00:00:00+00:00, run_after=2024-03-04 00:00:00+00:00
[2024-03-04T16:22:38.484+0000] {processor.py:183} INFO - Processing /home/airflow/.local/lib/python3.11/site-packages/airflow/example_dags/example_skip_dag.py took 0.036 seconds
[2024-03-04T16:23:08.698+0000] {processor.py:161} INFO - Started process (PID=3426) to work on /home/airflow/.local/lib/python3.11/site-packages/airflow/example_dags/example_skip_dag.py
[2024-03-04T16:23:08.699+0000] {processor.py:830} INFO - Processing file /home/airflow/.local/lib/python3.11/site-packages/airflow/example_dags/example_skip_dag.py for tasks to queue
[2024-03-04T16:23:08.700+0000] {logging_mixin.py:188} INFO - [2024-03-04T16:23:08.700+0000] {dagbag.py:540} INFO - Filling up the DagBag from /home/airflow/.local/lib/python3.11/site-packages/airflow/example_dags/example_skip_dag.py
[2024-03-04T16:23:08.704+0000] {processor.py:840} INFO - DAG(s) 'example_skip_dag' retrieved from /home/airflow/.local/lib/python3.11/site-packages/airflow/example_dags/example_skip_dag.py
[2024-03-04T16:23:08.714+0000] {logging_mixin.py:188} INFO - [2024-03-04T16:23:08.714+0000] {dag.py:3047} INFO - Sync 1 DAGs
[2024-03-04T16:23:08.723+0000] {logging_mixin.py:188} INFO - [2024-03-04T16:23:08.723+0000] {dag.py:3834} INFO - Setting next_dagrun for example_skip_dag to 2024-03-03 00:00:00+00:00, run_after=2024-03-04 00:00:00+00:00
[2024-03-04T16:23:08.732+0000] {processor.py:183} INFO - Processing /home/airflow/.local/lib/python3.11/site-packages/airflow/example_dags/example_skip_dag.py took 0.035 seconds
[2024-03-04T16:23:39.372+0000] {processor.py:161} INFO - Started process (PID=3480) to work on /home/airflow/.local/lib/python3.11/site-packages/airflow/example_dags/example_skip_dag.py
[2024-03-04T16:23:39.373+0000] {processor.py:830} INFO - Processing file /home/airflow/.local/lib/python3.11/site-packages/airflow/example_dags/example_skip_dag.py for tasks to queue
[2024-03-04T16:23:39.374+0000] {logging_mixin.py:188} INFO - [2024-03-04T16:23:39.373+0000] {dagbag.py:540} INFO - Filling up the DagBag from /home/airflow/.local/lib/python3.11/site-packages/airflow/example_dags/example_skip_dag.py
[2024-03-04T16:23:39.380+0000] {processor.py:840} INFO - DAG(s) 'example_skip_dag' retrieved from /home/airflow/.local/lib/python3.11/site-packages/airflow/example_dags/example_skip_dag.py
[2024-03-04T16:23:39.398+0000] {logging_mixin.py:188} INFO - [2024-03-04T16:23:39.397+0000] {dag.py:3047} INFO - Sync 1 DAGs
[2024-03-04T16:23:39.408+0000] {logging_mixin.py:188} INFO - [2024-03-04T16:23:39.408+0000] {dag.py:3834} INFO - Setting next_dagrun for example_skip_dag to 2024-03-03 00:00:00+00:00, run_after=2024-03-04 00:00:00+00:00
[2024-03-04T16:23:39.415+0000] {processor.py:183} INFO - Processing /home/airflow/.local/lib/python3.11/site-packages/airflow/example_dags/example_skip_dag.py took 0.045 seconds
[2024-03-04T16:24:10.231+0000] {processor.py:161} INFO - Started process (PID=3535) to work on /home/airflow/.local/lib/python3.11/site-packages/airflow/example_dags/example_skip_dag.py
[2024-03-04T16:24:10.232+0000] {processor.py:830} INFO - Processing file /home/airflow/.local/lib/python3.11/site-packages/airflow/example_dags/example_skip_dag.py for tasks to queue
[2024-03-04T16:24:10.233+0000] {logging_mixin.py:188} INFO - [2024-03-04T16:24:10.233+0000] {dagbag.py:540} INFO - Filling up the DagBag from /home/airflow/.local/lib/python3.11/site-packages/airflow/example_dags/example_skip_dag.py
[2024-03-04T16:24:10.242+0000] {processor.py:840} INFO - DAG(s) 'example_skip_dag' retrieved from /home/airflow/.local/lib/python3.11/site-packages/airflow/example_dags/example_skip_dag.py
[2024-03-04T16:24:10.272+0000] {logging_mixin.py:188} INFO - [2024-03-04T16:24:10.272+0000] {dag.py:3047} INFO - Sync 1 DAGs
[2024-03-04T16:24:10.281+0000] {logging_mixin.py:188} INFO - [2024-03-04T16:24:10.281+0000] {dag.py:3834} INFO - Setting next_dagrun for example_skip_dag to 2024-03-03 00:00:00+00:00, run_after=2024-03-04 00:00:00+00:00
[2024-03-04T16:24:10.290+0000] {processor.py:183} INFO - Processing /home/airflow/.local/lib/python3.11/site-packages/airflow/example_dags/example_skip_dag.py took 0.061 seconds
[2024-03-04T16:24:41.046+0000] {processor.py:161} INFO - Started process (PID=3590) to work on /home/airflow/.local/lib/python3.11/site-packages/airflow/example_dags/example_skip_dag.py
[2024-03-04T16:24:41.048+0000] {processor.py:830} INFO - Processing file /home/airflow/.local/lib/python3.11/site-packages/airflow/example_dags/example_skip_dag.py for tasks to queue
[2024-03-04T16:24:41.049+0000] {logging_mixin.py:188} INFO - [2024-03-04T16:24:41.049+0000] {dagbag.py:540} INFO - Filling up the DagBag from /home/airflow/.local/lib/python3.11/site-packages/airflow/example_dags/example_skip_dag.py
[2024-03-04T16:24:41.053+0000] {processor.py:840} INFO - DAG(s) 'example_skip_dag' retrieved from /home/airflow/.local/lib/python3.11/site-packages/airflow/example_dags/example_skip_dag.py
[2024-03-04T16:24:41.065+0000] {logging_mixin.py:188} INFO - [2024-03-04T16:24:41.065+0000] {dag.py:3047} INFO - Sync 1 DAGs
[2024-03-04T16:24:41.074+0000] {logging_mixin.py:188} INFO - [2024-03-04T16:24:41.074+0000] {dag.py:3834} INFO - Setting next_dagrun for example_skip_dag to 2024-03-03 00:00:00+00:00, run_after=2024-03-04 00:00:00+00:00
[2024-03-04T16:24:41.081+0000] {processor.py:183} INFO - Processing /home/airflow/.local/lib/python3.11/site-packages/airflow/example_dags/example_skip_dag.py took 0.038 seconds
[2024-03-04T16:25:11.237+0000] {processor.py:161} INFO - Started process (PID=3645) to work on /home/airflow/.local/lib/python3.11/site-packages/airflow/example_dags/example_skip_dag.py
[2024-03-04T16:25:11.238+0000] {processor.py:830} INFO - Processing file /home/airflow/.local/lib/python3.11/site-packages/airflow/example_dags/example_skip_dag.py for tasks to queue
[2024-03-04T16:25:11.241+0000] {logging_mixin.py:188} INFO - [2024-03-04T16:25:11.240+0000] {dagbag.py:540} INFO - Filling up the DagBag from /home/airflow/.local/lib/python3.11/site-packages/airflow/example_dags/example_skip_dag.py
[2024-03-04T16:25:11.246+0000] {processor.py:840} INFO - DAG(s) 'example_skip_dag' retrieved from /home/airflow/.local/lib/python3.11/site-packages/airflow/example_dags/example_skip_dag.py
[2024-03-04T16:25:11.267+0000] {logging_mixin.py:188} INFO - [2024-03-04T16:25:11.267+0000] {dag.py:3047} INFO - Sync 1 DAGs
[2024-03-04T16:25:11.277+0000] {logging_mixin.py:188} INFO - [2024-03-04T16:25:11.277+0000] {dag.py:3834} INFO - Setting next_dagrun for example_skip_dag to 2024-03-03 00:00:00+00:00, run_after=2024-03-04 00:00:00+00:00
[2024-03-04T16:25:11.284+0000] {processor.py:183} INFO - Processing /home/airflow/.local/lib/python3.11/site-packages/airflow/example_dags/example_skip_dag.py took 0.050 seconds
[2024-03-04T16:25:42.327+0000] {processor.py:161} INFO - Started process (PID=3700) to work on /home/airflow/.local/lib/python3.11/site-packages/airflow/example_dags/example_skip_dag.py
[2024-03-04T16:25:42.333+0000] {processor.py:830} INFO - Processing file /home/airflow/.local/lib/python3.11/site-packages/airflow/example_dags/example_skip_dag.py for tasks to queue
[2024-03-04T16:25:42.336+0000] {logging_mixin.py:188} INFO - [2024-03-04T16:25:42.335+0000] {dagbag.py:540} INFO - Filling up the DagBag from /home/airflow/.local/lib/python3.11/site-packages/airflow/example_dags/example_skip_dag.py
[2024-03-04T16:25:42.344+0000] {processor.py:840} INFO - DAG(s) 'example_skip_dag' retrieved from /home/airflow/.local/lib/python3.11/site-packages/airflow/example_dags/example_skip_dag.py
[2024-03-04T16:25:42.376+0000] {logging_mixin.py:188} INFO - [2024-03-04T16:25:42.376+0000] {dag.py:3047} INFO - Sync 1 DAGs
[2024-03-04T16:25:42.397+0000] {logging_mixin.py:188} INFO - [2024-03-04T16:25:42.397+0000] {dag.py:3834} INFO - Setting next_dagrun for example_skip_dag to 2024-03-03 00:00:00+00:00, run_after=2024-03-04 00:00:00+00:00
[2024-03-04T16:25:42.430+0000] {processor.py:183} INFO - Processing /home/airflow/.local/lib/python3.11/site-packages/airflow/example_dags/example_skip_dag.py took 0.110 seconds
[2024-03-04T16:26:13.518+0000] {processor.py:161} INFO - Started process (PID=3755) to work on /home/airflow/.local/lib/python3.11/site-packages/airflow/example_dags/example_skip_dag.py
[2024-03-04T16:26:13.525+0000] {processor.py:830} INFO - Processing file /home/airflow/.local/lib/python3.11/site-packages/airflow/example_dags/example_skip_dag.py for tasks to queue
[2024-03-04T16:26:13.535+0000] {logging_mixin.py:188} INFO - [2024-03-04T16:26:13.534+0000] {dagbag.py:540} INFO - Filling up the DagBag from /home/airflow/.local/lib/python3.11/site-packages/airflow/example_dags/example_skip_dag.py
[2024-03-04T16:26:13.567+0000] {processor.py:840} INFO - DAG(s) 'example_skip_dag' retrieved from /home/airflow/.local/lib/python3.11/site-packages/airflow/example_dags/example_skip_dag.py
[2024-03-04T16:26:13.616+0000] {logging_mixin.py:188} INFO - [2024-03-04T16:26:13.616+0000] {dag.py:3047} INFO - Sync 1 DAGs
[2024-03-04T16:26:13.652+0000] {logging_mixin.py:188} INFO - [2024-03-04T16:26:13.652+0000] {dag.py:3834} INFO - Setting next_dagrun for example_skip_dag to 2024-03-03 00:00:00+00:00, run_after=2024-03-04 00:00:00+00:00
[2024-03-04T16:26:13.691+0000] {processor.py:183} INFO - Processing /home/airflow/.local/lib/python3.11/site-packages/airflow/example_dags/example_skip_dag.py took 0.180 seconds
[2024-03-04T16:26:44.177+0000] {processor.py:161} INFO - Started process (PID=3810) to work on /home/airflow/.local/lib/python3.11/site-packages/airflow/example_dags/example_skip_dag.py
[2024-03-04T16:26:44.177+0000] {processor.py:830} INFO - Processing file /home/airflow/.local/lib/python3.11/site-packages/airflow/example_dags/example_skip_dag.py for tasks to queue
[2024-03-04T16:26:44.178+0000] {logging_mixin.py:188} INFO - [2024-03-04T16:26:44.178+0000] {dagbag.py:540} INFO - Filling up the DagBag from /home/airflow/.local/lib/python3.11/site-packages/airflow/example_dags/example_skip_dag.py
[2024-03-04T16:26:44.182+0000] {processor.py:840} INFO - DAG(s) 'example_skip_dag' retrieved from /home/airflow/.local/lib/python3.11/site-packages/airflow/example_dags/example_skip_dag.py
[2024-03-04T16:26:44.195+0000] {logging_mixin.py:188} INFO - [2024-03-04T16:26:44.195+0000] {dag.py:3047} INFO - Sync 1 DAGs
[2024-03-04T16:26:44.204+0000] {logging_mixin.py:188} INFO - [2024-03-04T16:26:44.204+0000] {dag.py:3834} INFO - Setting next_dagrun for example_skip_dag to 2024-03-03 00:00:00+00:00, run_after=2024-03-04 00:00:00+00:00
[2024-03-04T16:26:44.211+0000] {processor.py:183} INFO - Processing /home/airflow/.local/lib/python3.11/site-packages/airflow/example_dags/example_skip_dag.py took 0.037 seconds
[2024-03-04T16:27:15.092+0000] {processor.py:161} INFO - Started process (PID=3865) to work on /home/airflow/.local/lib/python3.11/site-packages/airflow/example_dags/example_skip_dag.py
[2024-03-04T16:27:15.093+0000] {processor.py:830} INFO - Processing file /home/airflow/.local/lib/python3.11/site-packages/airflow/example_dags/example_skip_dag.py for tasks to queue
[2024-03-04T16:27:15.094+0000] {logging_mixin.py:188} INFO - [2024-03-04T16:27:15.094+0000] {dagbag.py:540} INFO - Filling up the DagBag from /home/airflow/.local/lib/python3.11/site-packages/airflow/example_dags/example_skip_dag.py
[2024-03-04T16:27:15.098+0000] {processor.py:840} INFO - DAG(s) 'example_skip_dag' retrieved from /home/airflow/.local/lib/python3.11/site-packages/airflow/example_dags/example_skip_dag.py
[2024-03-04T16:27:15.113+0000] {logging_mixin.py:188} INFO - [2024-03-04T16:27:15.113+0000] {dag.py:3047} INFO - Sync 1 DAGs
[2024-03-04T16:27:15.123+0000] {logging_mixin.py:188} INFO - [2024-03-04T16:27:15.123+0000] {dag.py:3834} INFO - Setting next_dagrun for example_skip_dag to 2024-03-03 00:00:00+00:00, run_after=2024-03-04 00:00:00+00:00
[2024-03-04T16:27:15.130+0000] {processor.py:183} INFO - Processing /home/airflow/.local/lib/python3.11/site-packages/airflow/example_dags/example_skip_dag.py took 0.039 seconds
[2024-03-04T16:27:45.389+0000] {processor.py:161} INFO - Started process (PID=3920) to work on /home/airflow/.local/lib/python3.11/site-packages/airflow/example_dags/example_skip_dag.py
[2024-03-04T16:27:45.390+0000] {processor.py:830} INFO - Processing file /home/airflow/.local/lib/python3.11/site-packages/airflow/example_dags/example_skip_dag.py for tasks to queue
[2024-03-04T16:27:45.392+0000] {logging_mixin.py:188} INFO - [2024-03-04T16:27:45.392+0000] {dagbag.py:540} INFO - Filling up the DagBag from /home/airflow/.local/lib/python3.11/site-packages/airflow/example_dags/example_skip_dag.py
[2024-03-04T16:27:45.396+0000] {processor.py:840} INFO - DAG(s) 'example_skip_dag' retrieved from /home/airflow/.local/lib/python3.11/site-packages/airflow/example_dags/example_skip_dag.py
[2024-03-04T16:27:45.405+0000] {logging_mixin.py:188} INFO - [2024-03-04T16:27:45.405+0000] {dag.py:3047} INFO - Sync 1 DAGs
[2024-03-04T16:27:45.413+0000] {logging_mixin.py:188} INFO - [2024-03-04T16:27:45.413+0000] {dag.py:3834} INFO - Setting next_dagrun for example_skip_dag to 2024-03-03 00:00:00+00:00, run_after=2024-03-04 00:00:00+00:00
[2024-03-04T16:27:45.420+0000] {processor.py:183} INFO - Processing /home/airflow/.local/lib/python3.11/site-packages/airflow/example_dags/example_skip_dag.py took 0.032 seconds
[2024-03-04T16:28:15.730+0000] {processor.py:161} INFO - Started process (PID=3975) to work on /home/airflow/.local/lib/python3.11/site-packages/airflow/example_dags/example_skip_dag.py
[2024-03-04T16:28:15.731+0000] {processor.py:830} INFO - Processing file /home/airflow/.local/lib/python3.11/site-packages/airflow/example_dags/example_skip_dag.py for tasks to queue
[2024-03-04T16:28:15.732+0000] {logging_mixin.py:188} INFO - [2024-03-04T16:28:15.732+0000] {dagbag.py:540} INFO - Filling up the DagBag from /home/airflow/.local/lib/python3.11/site-packages/airflow/example_dags/example_skip_dag.py
[2024-03-04T16:28:15.735+0000] {processor.py:840} INFO - DAG(s) 'example_skip_dag' retrieved from /home/airflow/.local/lib/python3.11/site-packages/airflow/example_dags/example_skip_dag.py
[2024-03-04T16:28:15.746+0000] {logging_mixin.py:188} INFO - [2024-03-04T16:28:15.746+0000] {dag.py:3047} INFO - Sync 1 DAGs
[2024-03-04T16:28:15.755+0000] {logging_mixin.py:188} INFO - [2024-03-04T16:28:15.755+0000] {dag.py:3834} INFO - Setting next_dagrun for example_skip_dag to 2024-03-03 00:00:00+00:00, run_after=2024-03-04 00:00:00+00:00
[2024-03-04T16:28:15.762+0000] {processor.py:183} INFO - Processing /home/airflow/.local/lib/python3.11/site-packages/airflow/example_dags/example_skip_dag.py took 0.034 seconds
