[2024-03-04T15:51:53.657+0000] {processor.py:161} INFO - Started process (PID=41) to work on /home/airflow/.local/lib/python3.11/site-packages/airflow/example_dags/example_sla_dag.py
[2024-03-04T15:51:53.658+0000] {processor.py:830} INFO - Processing file /home/airflow/.local/lib/python3.11/site-packages/airflow/example_dags/example_sla_dag.py for tasks to queue
[2024-03-04T15:51:53.662+0000] {logging_mixin.py:188} INFO - [2024-03-04T15:51:53.662+0000] {dagbag.py:540} INFO - Filling up the DagBag from /home/airflow/.local/lib/python3.11/site-packages/airflow/example_dags/example_sla_dag.py
[2024-03-04T15:51:53.724+0000] {processor.py:840} INFO - DAG(s) 'example_sla_dag' retrieved from /home/airflow/.local/lib/python3.11/site-packages/airflow/example_dags/example_sla_dag.py
[2024-03-04T15:51:54.041+0000] {logging_mixin.py:188} INFO - [2024-03-04T15:51:54.039+0000] {override.py:1769} INFO - Created Permission View: can read on DAG:example_sla_dag
[2024-03-04T15:51:54.052+0000] {logging_mixin.py:188} INFO - [2024-03-04T15:51:54.052+0000] {override.py:1769} INFO - Created Permission View: can delete on DAG:example_sla_dag
[2024-03-04T15:51:54.062+0000] {logging_mixin.py:188} INFO - [2024-03-04T15:51:54.062+0000] {override.py:1769} INFO - Created Permission View: can edit on DAG:example_sla_dag
[2024-03-04T15:51:54.064+0000] {logging_mixin.py:188} INFO - [2024-03-04T15:51:54.064+0000] {dag.py:3047} INFO - Sync 1 DAGs
[2024-03-04T15:51:54.087+0000] {logging_mixin.py:188} INFO - [2024-03-04T15:51:54.087+0000] {dag.py:3069} INFO - Creating ORM DAG for example_sla_dag
[2024-03-04T15:51:54.101+0000] {logging_mixin.py:188} INFO - [2024-03-04T15:51:54.100+0000] {dag.py:3834} INFO - Setting next_dagrun for example_sla_dag to 2024-03-04 15:48:00+00:00, run_after=2024-03-04 15:50:00+00:00
[2024-03-04T15:51:54.115+0000] {processor.py:183} INFO - Processing /home/airflow/.local/lib/python3.11/site-packages/airflow/example_dags/example_sla_dag.py took 0.468 seconds
[2024-03-04T15:52:24.559+0000] {processor.py:161} INFO - Started process (PID=96) to work on /home/airflow/.local/lib/python3.11/site-packages/airflow/example_dags/example_sla_dag.py
[2024-03-04T15:52:24.559+0000] {processor.py:830} INFO - Processing file /home/airflow/.local/lib/python3.11/site-packages/airflow/example_dags/example_sla_dag.py for tasks to queue
[2024-03-04T15:52:24.560+0000] {logging_mixin.py:188} INFO - [2024-03-04T15:52:24.560+0000] {dagbag.py:540} INFO - Filling up the DagBag from /home/airflow/.local/lib/python3.11/site-packages/airflow/example_dags/example_sla_dag.py
[2024-03-04T15:52:24.565+0000] {processor.py:840} INFO - DAG(s) 'example_sla_dag' retrieved from /home/airflow/.local/lib/python3.11/site-packages/airflow/example_dags/example_sla_dag.py
[2024-03-04T15:52:24.575+0000] {logging_mixin.py:188} INFO - [2024-03-04T15:52:24.575+0000] {dag.py:3047} INFO - Sync 1 DAGs
[2024-03-04T15:52:24.589+0000] {logging_mixin.py:188} INFO - [2024-03-04T15:52:24.589+0000] {dag.py:3834} INFO - Setting next_dagrun for example_sla_dag to 2024-03-04 15:50:00+00:00, run_after=2024-03-04 15:52:00+00:00
[2024-03-04T15:52:24.596+0000] {processor.py:183} INFO - Processing /home/airflow/.local/lib/python3.11/site-packages/airflow/example_dags/example_sla_dag.py took 0.039 seconds
[2024-03-04T15:52:55.401+0000] {processor.py:161} INFO - Started process (PID=151) to work on /home/airflow/.local/lib/python3.11/site-packages/airflow/example_dags/example_sla_dag.py
[2024-03-04T15:52:55.401+0000] {processor.py:830} INFO - Processing file /home/airflow/.local/lib/python3.11/site-packages/airflow/example_dags/example_sla_dag.py for tasks to queue
[2024-03-04T15:52:55.402+0000] {logging_mixin.py:188} INFO - [2024-03-04T15:52:55.402+0000] {dagbag.py:540} INFO - Filling up the DagBag from /home/airflow/.local/lib/python3.11/site-packages/airflow/example_dags/example_sla_dag.py
[2024-03-04T15:52:55.408+0000] {processor.py:840} INFO - DAG(s) 'example_sla_dag' retrieved from /home/airflow/.local/lib/python3.11/site-packages/airflow/example_dags/example_sla_dag.py
[2024-03-04T15:52:55.417+0000] {logging_mixin.py:188} INFO - [2024-03-04T15:52:55.417+0000] {dag.py:3047} INFO - Sync 1 DAGs
[2024-03-04T15:52:55.427+0000] {logging_mixin.py:188} INFO - [2024-03-04T15:52:55.427+0000] {dag.py:3834} INFO - Setting next_dagrun for example_sla_dag to 2024-03-04 15:50:00+00:00, run_after=2024-03-04 15:52:00+00:00
[2024-03-04T15:52:55.434+0000] {processor.py:183} INFO - Processing /home/airflow/.local/lib/python3.11/site-packages/airflow/example_dags/example_sla_dag.py took 0.035 seconds
[2024-03-04T15:53:25.816+0000] {processor.py:161} INFO - Started process (PID=206) to work on /home/airflow/.local/lib/python3.11/site-packages/airflow/example_dags/example_sla_dag.py
[2024-03-04T15:53:25.817+0000] {processor.py:830} INFO - Processing file /home/airflow/.local/lib/python3.11/site-packages/airflow/example_dags/example_sla_dag.py for tasks to queue
[2024-03-04T15:53:25.819+0000] {logging_mixin.py:188} INFO - [2024-03-04T15:53:25.819+0000] {dagbag.py:540} INFO - Filling up the DagBag from /home/airflow/.local/lib/python3.11/site-packages/airflow/example_dags/example_sla_dag.py
[2024-03-04T15:53:25.829+0000] {processor.py:840} INFO - DAG(s) 'example_sla_dag' retrieved from /home/airflow/.local/lib/python3.11/site-packages/airflow/example_dags/example_sla_dag.py
[2024-03-04T15:53:25.851+0000] {logging_mixin.py:188} INFO - [2024-03-04T15:53:25.851+0000] {dag.py:3047} INFO - Sync 1 DAGs
[2024-03-04T15:53:25.869+0000] {logging_mixin.py:188} INFO - [2024-03-04T15:53:25.868+0000] {dag.py:3834} INFO - Setting next_dagrun for example_sla_dag to 2024-03-04 15:50:00+00:00, run_after=2024-03-04 15:52:00+00:00
[2024-03-04T15:53:25.877+0000] {processor.py:183} INFO - Processing /home/airflow/.local/lib/python3.11/site-packages/airflow/example_dags/example_sla_dag.py took 0.063 seconds
[2024-03-04T15:53:56.793+0000] {processor.py:161} INFO - Started process (PID=261) to work on /home/airflow/.local/lib/python3.11/site-packages/airflow/example_dags/example_sla_dag.py
[2024-03-04T15:53:56.794+0000] {processor.py:830} INFO - Processing file /home/airflow/.local/lib/python3.11/site-packages/airflow/example_dags/example_sla_dag.py for tasks to queue
[2024-03-04T15:53:56.795+0000] {logging_mixin.py:188} INFO - [2024-03-04T15:53:56.794+0000] {dagbag.py:540} INFO - Filling up the DagBag from /home/airflow/.local/lib/python3.11/site-packages/airflow/example_dags/example_sla_dag.py
[2024-03-04T15:53:56.799+0000] {processor.py:840} INFO - DAG(s) 'example_sla_dag' retrieved from /home/airflow/.local/lib/python3.11/site-packages/airflow/example_dags/example_sla_dag.py
[2024-03-04T15:53:56.815+0000] {logging_mixin.py:188} INFO - [2024-03-04T15:53:56.815+0000] {dag.py:3047} INFO - Sync 1 DAGs
[2024-03-04T15:53:56.833+0000] {logging_mixin.py:188} INFO - [2024-03-04T15:53:56.833+0000] {dag.py:3834} INFO - Setting next_dagrun for example_sla_dag to 2024-03-04 15:50:00+00:00, run_after=2024-03-04 15:52:00+00:00
[2024-03-04T15:53:56.841+0000] {processor.py:183} INFO - Processing /home/airflow/.local/lib/python3.11/site-packages/airflow/example_dags/example_sla_dag.py took 0.049 seconds
[2024-03-04T15:54:27.622+0000] {processor.py:161} INFO - Started process (PID=316) to work on /home/airflow/.local/lib/python3.11/site-packages/airflow/example_dags/example_sla_dag.py
[2024-03-04T15:54:27.623+0000] {processor.py:830} INFO - Processing file /home/airflow/.local/lib/python3.11/site-packages/airflow/example_dags/example_sla_dag.py for tasks to queue
[2024-03-04T15:54:27.624+0000] {logging_mixin.py:188} INFO - [2024-03-04T15:54:27.623+0000] {dagbag.py:540} INFO - Filling up the DagBag from /home/airflow/.local/lib/python3.11/site-packages/airflow/example_dags/example_sla_dag.py
[2024-03-04T15:54:27.629+0000] {processor.py:840} INFO - DAG(s) 'example_sla_dag' retrieved from /home/airflow/.local/lib/python3.11/site-packages/airflow/example_dags/example_sla_dag.py
[2024-03-04T15:54:27.638+0000] {logging_mixin.py:188} INFO - [2024-03-04T15:54:27.637+0000] {dag.py:3047} INFO - Sync 1 DAGs
[2024-03-04T15:54:27.649+0000] {logging_mixin.py:188} INFO - [2024-03-04T15:54:27.648+0000] {dag.py:3834} INFO - Setting next_dagrun for example_sla_dag to 2024-03-04 15:52:00+00:00, run_after=2024-03-04 15:54:00+00:00
[2024-03-04T15:54:27.657+0000] {processor.py:183} INFO - Processing /home/airflow/.local/lib/python3.11/site-packages/airflow/example_dags/example_sla_dag.py took 0.037 seconds
[2024-03-04T15:54:58.228+0000] {processor.py:161} INFO - Started process (PID=371) to work on /home/airflow/.local/lib/python3.11/site-packages/airflow/example_dags/example_sla_dag.py
[2024-03-04T15:54:58.229+0000] {processor.py:830} INFO - Processing file /home/airflow/.local/lib/python3.11/site-packages/airflow/example_dags/example_sla_dag.py for tasks to queue
[2024-03-04T15:54:58.230+0000] {logging_mixin.py:188} INFO - [2024-03-04T15:54:58.229+0000] {dagbag.py:540} INFO - Filling up the DagBag from /home/airflow/.local/lib/python3.11/site-packages/airflow/example_dags/example_sla_dag.py
[2024-03-04T15:54:58.234+0000] {processor.py:840} INFO - DAG(s) 'example_sla_dag' retrieved from /home/airflow/.local/lib/python3.11/site-packages/airflow/example_dags/example_sla_dag.py
[2024-03-04T15:54:58.243+0000] {logging_mixin.py:188} INFO - [2024-03-04T15:54:58.243+0000] {dag.py:3047} INFO - Sync 1 DAGs
[2024-03-04T15:54:58.252+0000] {logging_mixin.py:188} INFO - [2024-03-04T15:54:58.252+0000] {dag.py:3834} INFO - Setting next_dagrun for example_sla_dag to 2024-03-04 15:52:00+00:00, run_after=2024-03-04 15:54:00+00:00
[2024-03-04T15:54:58.259+0000] {processor.py:183} INFO - Processing /home/airflow/.local/lib/python3.11/site-packages/airflow/example_dags/example_sla_dag.py took 0.032 seconds
[2024-03-04T15:55:28.998+0000] {processor.py:161} INFO - Started process (PID=426) to work on /home/airflow/.local/lib/python3.11/site-packages/airflow/example_dags/example_sla_dag.py
[2024-03-04T15:55:28.999+0000] {processor.py:830} INFO - Processing file /home/airflow/.local/lib/python3.11/site-packages/airflow/example_dags/example_sla_dag.py for tasks to queue
[2024-03-04T15:55:29.000+0000] {logging_mixin.py:188} INFO - [2024-03-04T15:55:29.000+0000] {dagbag.py:540} INFO - Filling up the DagBag from /home/airflow/.local/lib/python3.11/site-packages/airflow/example_dags/example_sla_dag.py
[2024-03-04T15:55:29.008+0000] {processor.py:840} INFO - DAG(s) 'example_sla_dag' retrieved from /home/airflow/.local/lib/python3.11/site-packages/airflow/example_dags/example_sla_dag.py
[2024-03-04T15:55:29.017+0000] {logging_mixin.py:188} INFO - [2024-03-04T15:55:29.017+0000] {dag.py:3047} INFO - Sync 1 DAGs
[2024-03-04T15:55:29.027+0000] {logging_mixin.py:188} INFO - [2024-03-04T15:55:29.027+0000] {dag.py:3834} INFO - Setting next_dagrun for example_sla_dag to 2024-03-04 15:52:00+00:00, run_after=2024-03-04 15:54:00+00:00
[2024-03-04T15:55:29.034+0000] {processor.py:183} INFO - Processing /home/airflow/.local/lib/python3.11/site-packages/airflow/example_dags/example_sla_dag.py took 0.039 seconds
[2024-03-04T15:55:59.810+0000] {processor.py:161} INFO - Started process (PID=481) to work on /home/airflow/.local/lib/python3.11/site-packages/airflow/example_dags/example_sla_dag.py
[2024-03-04T15:55:59.811+0000] {processor.py:830} INFO - Processing file /home/airflow/.local/lib/python3.11/site-packages/airflow/example_dags/example_sla_dag.py for tasks to queue
[2024-03-04T15:55:59.812+0000] {logging_mixin.py:188} INFO - [2024-03-04T15:55:59.811+0000] {dagbag.py:540} INFO - Filling up the DagBag from /home/airflow/.local/lib/python3.11/site-packages/airflow/example_dags/example_sla_dag.py
[2024-03-04T15:55:59.816+0000] {processor.py:840} INFO - DAG(s) 'example_sla_dag' retrieved from /home/airflow/.local/lib/python3.11/site-packages/airflow/example_dags/example_sla_dag.py
[2024-03-04T15:55:59.829+0000] {logging_mixin.py:188} INFO - [2024-03-04T15:55:59.829+0000] {dag.py:3047} INFO - Sync 1 DAGs
[2024-03-04T15:55:59.839+0000] {logging_mixin.py:188} INFO - [2024-03-04T15:55:59.839+0000] {dag.py:3834} INFO - Setting next_dagrun for example_sla_dag to 2024-03-04 15:52:00+00:00, run_after=2024-03-04 15:54:00+00:00
[2024-03-04T15:55:59.846+0000] {processor.py:183} INFO - Processing /home/airflow/.local/lib/python3.11/site-packages/airflow/example_dags/example_sla_dag.py took 0.038 seconds
[2024-03-04T15:56:30.487+0000] {processor.py:161} INFO - Started process (PID=536) to work on /home/airflow/.local/lib/python3.11/site-packages/airflow/example_dags/example_sla_dag.py
[2024-03-04T15:56:30.488+0000] {processor.py:830} INFO - Processing file /home/airflow/.local/lib/python3.11/site-packages/airflow/example_dags/example_sla_dag.py for tasks to queue
[2024-03-04T15:56:30.489+0000] {logging_mixin.py:188} INFO - [2024-03-04T15:56:30.489+0000] {dagbag.py:540} INFO - Filling up the DagBag from /home/airflow/.local/lib/python3.11/site-packages/airflow/example_dags/example_sla_dag.py
[2024-03-04T15:56:30.495+0000] {processor.py:840} INFO - DAG(s) 'example_sla_dag' retrieved from /home/airflow/.local/lib/python3.11/site-packages/airflow/example_dags/example_sla_dag.py
[2024-03-04T15:56:30.509+0000] {logging_mixin.py:188} INFO - [2024-03-04T15:56:30.509+0000] {dag.py:3047} INFO - Sync 1 DAGs
[2024-03-04T15:56:30.519+0000] {logging_mixin.py:188} INFO - [2024-03-04T15:56:30.519+0000] {dag.py:3834} INFO - Setting next_dagrun for example_sla_dag to 2024-03-04 15:54:00+00:00, run_after=2024-03-04 15:56:00+00:00
[2024-03-04T15:56:30.526+0000] {processor.py:183} INFO - Processing /home/airflow/.local/lib/python3.11/site-packages/airflow/example_dags/example_sla_dag.py took 0.041 seconds
[2024-03-04T15:57:01.246+0000] {processor.py:161} INFO - Started process (PID=591) to work on /home/airflow/.local/lib/python3.11/site-packages/airflow/example_dags/example_sla_dag.py
[2024-03-04T15:57:01.246+0000] {processor.py:830} INFO - Processing file /home/airflow/.local/lib/python3.11/site-packages/airflow/example_dags/example_sla_dag.py for tasks to queue
[2024-03-04T15:57:01.247+0000] {logging_mixin.py:188} INFO - [2024-03-04T15:57:01.247+0000] {dagbag.py:540} INFO - Filling up the DagBag from /home/airflow/.local/lib/python3.11/site-packages/airflow/example_dags/example_sla_dag.py
[2024-03-04T15:57:01.252+0000] {processor.py:840} INFO - DAG(s) 'example_sla_dag' retrieved from /home/airflow/.local/lib/python3.11/site-packages/airflow/example_dags/example_sla_dag.py
[2024-03-04T15:57:01.261+0000] {logging_mixin.py:188} INFO - [2024-03-04T15:57:01.260+0000] {dag.py:3047} INFO - Sync 1 DAGs
[2024-03-04T15:57:01.271+0000] {logging_mixin.py:188} INFO - [2024-03-04T15:57:01.270+0000] {dag.py:3834} INFO - Setting next_dagrun for example_sla_dag to 2024-03-04 15:54:00+00:00, run_after=2024-03-04 15:56:00+00:00
[2024-03-04T15:57:01.277+0000] {processor.py:183} INFO - Processing /home/airflow/.local/lib/python3.11/site-packages/airflow/example_dags/example_sla_dag.py took 0.033 seconds
[2024-03-04T15:57:31.901+0000] {processor.py:161} INFO - Started process (PID=646) to work on /home/airflow/.local/lib/python3.11/site-packages/airflow/example_dags/example_sla_dag.py
[2024-03-04T15:57:31.902+0000] {processor.py:830} INFO - Processing file /home/airflow/.local/lib/python3.11/site-packages/airflow/example_dags/example_sla_dag.py for tasks to queue
[2024-03-04T15:57:31.903+0000] {logging_mixin.py:188} INFO - [2024-03-04T15:57:31.903+0000] {dagbag.py:540} INFO - Filling up the DagBag from /home/airflow/.local/lib/python3.11/site-packages/airflow/example_dags/example_sla_dag.py
[2024-03-04T15:57:31.908+0000] {processor.py:840} INFO - DAG(s) 'example_sla_dag' retrieved from /home/airflow/.local/lib/python3.11/site-packages/airflow/example_dags/example_sla_dag.py
[2024-03-04T15:57:31.916+0000] {logging_mixin.py:188} INFO - [2024-03-04T15:57:31.916+0000] {dag.py:3047} INFO - Sync 1 DAGs
[2024-03-04T15:57:31.925+0000] {logging_mixin.py:188} INFO - [2024-03-04T15:57:31.925+0000] {dag.py:3834} INFO - Setting next_dagrun for example_sla_dag to 2024-03-04 15:54:00+00:00, run_after=2024-03-04 15:56:00+00:00
[2024-03-04T15:57:31.932+0000] {processor.py:183} INFO - Processing /home/airflow/.local/lib/python3.11/site-packages/airflow/example_dags/example_sla_dag.py took 0.032 seconds
[2024-03-04T15:58:02.672+0000] {processor.py:161} INFO - Started process (PID=701) to work on /home/airflow/.local/lib/python3.11/site-packages/airflow/example_dags/example_sla_dag.py
[2024-03-04T15:58:02.674+0000] {processor.py:830} INFO - Processing file /home/airflow/.local/lib/python3.11/site-packages/airflow/example_dags/example_sla_dag.py for tasks to queue
[2024-03-04T15:58:02.675+0000] {logging_mixin.py:188} INFO - [2024-03-04T15:58:02.675+0000] {dagbag.py:540} INFO - Filling up the DagBag from /home/airflow/.local/lib/python3.11/site-packages/airflow/example_dags/example_sla_dag.py
[2024-03-04T15:58:02.680+0000] {processor.py:840} INFO - DAG(s) 'example_sla_dag' retrieved from /home/airflow/.local/lib/python3.11/site-packages/airflow/example_dags/example_sla_dag.py
[2024-03-04T15:58:02.689+0000] {logging_mixin.py:188} INFO - [2024-03-04T15:58:02.688+0000] {dag.py:3047} INFO - Sync 1 DAGs
[2024-03-04T15:58:02.698+0000] {logging_mixin.py:188} INFO - [2024-03-04T15:58:02.698+0000] {dag.py:3834} INFO - Setting next_dagrun for example_sla_dag to 2024-03-04 15:56:00+00:00, run_after=2024-03-04 15:58:00+00:00
[2024-03-04T15:58:02.705+0000] {processor.py:183} INFO - Processing /home/airflow/.local/lib/python3.11/site-packages/airflow/example_dags/example_sla_dag.py took 0.034 seconds
[2024-03-04T15:58:33.312+0000] {processor.py:161} INFO - Started process (PID=756) to work on /home/airflow/.local/lib/python3.11/site-packages/airflow/example_dags/example_sla_dag.py
[2024-03-04T15:58:33.313+0000] {processor.py:830} INFO - Processing file /home/airflow/.local/lib/python3.11/site-packages/airflow/example_dags/example_sla_dag.py for tasks to queue
[2024-03-04T15:58:33.315+0000] {logging_mixin.py:188} INFO - [2024-03-04T15:58:33.315+0000] {dagbag.py:540} INFO - Filling up the DagBag from /home/airflow/.local/lib/python3.11/site-packages/airflow/example_dags/example_sla_dag.py
[2024-03-04T15:58:33.320+0000] {processor.py:840} INFO - DAG(s) 'example_sla_dag' retrieved from /home/airflow/.local/lib/python3.11/site-packages/airflow/example_dags/example_sla_dag.py
[2024-03-04T15:58:33.338+0000] {logging_mixin.py:188} INFO - [2024-03-04T15:58:33.338+0000] {dag.py:3047} INFO - Sync 1 DAGs
[2024-03-04T15:58:33.349+0000] {logging_mixin.py:188} INFO - [2024-03-04T15:58:33.349+0000] {dag.py:3834} INFO - Setting next_dagrun for example_sla_dag to 2024-03-04 15:56:00+00:00, run_after=2024-03-04 15:58:00+00:00
[2024-03-04T15:58:33.356+0000] {processor.py:183} INFO - Processing /home/airflow/.local/lib/python3.11/site-packages/airflow/example_dags/example_sla_dag.py took 0.046 seconds
[2024-03-04T15:59:04.095+0000] {processor.py:161} INFO - Started process (PID=811) to work on /home/airflow/.local/lib/python3.11/site-packages/airflow/example_dags/example_sla_dag.py
[2024-03-04T15:59:04.095+0000] {processor.py:830} INFO - Processing file /home/airflow/.local/lib/python3.11/site-packages/airflow/example_dags/example_sla_dag.py for tasks to queue
[2024-03-04T15:59:04.096+0000] {logging_mixin.py:188} INFO - [2024-03-04T15:59:04.096+0000] {dagbag.py:540} INFO - Filling up the DagBag from /home/airflow/.local/lib/python3.11/site-packages/airflow/example_dags/example_sla_dag.py
[2024-03-04T15:59:04.101+0000] {processor.py:840} INFO - DAG(s) 'example_sla_dag' retrieved from /home/airflow/.local/lib/python3.11/site-packages/airflow/example_dags/example_sla_dag.py
[2024-03-04T15:59:04.109+0000] {logging_mixin.py:188} INFO - [2024-03-04T15:59:04.109+0000] {dag.py:3047} INFO - Sync 1 DAGs
[2024-03-04T15:59:04.119+0000] {logging_mixin.py:188} INFO - [2024-03-04T15:59:04.119+0000] {dag.py:3834} INFO - Setting next_dagrun for example_sla_dag to 2024-03-04 15:56:00+00:00, run_after=2024-03-04 15:58:00+00:00
[2024-03-04T15:59:04.125+0000] {processor.py:183} INFO - Processing /home/airflow/.local/lib/python3.11/site-packages/airflow/example_dags/example_sla_dag.py took 0.033 seconds
[2024-03-04T15:59:34.624+0000] {processor.py:161} INFO - Started process (PID=866) to work on /home/airflow/.local/lib/python3.11/site-packages/airflow/example_dags/example_sla_dag.py
[2024-03-04T15:59:34.624+0000] {processor.py:830} INFO - Processing file /home/airflow/.local/lib/python3.11/site-packages/airflow/example_dags/example_sla_dag.py for tasks to queue
[2024-03-04T15:59:34.625+0000] {logging_mixin.py:188} INFO - [2024-03-04T15:59:34.625+0000] {dagbag.py:540} INFO - Filling up the DagBag from /home/airflow/.local/lib/python3.11/site-packages/airflow/example_dags/example_sla_dag.py
[2024-03-04T15:59:34.630+0000] {processor.py:840} INFO - DAG(s) 'example_sla_dag' retrieved from /home/airflow/.local/lib/python3.11/site-packages/airflow/example_dags/example_sla_dag.py
[2024-03-04T15:59:34.639+0000] {logging_mixin.py:188} INFO - [2024-03-04T15:59:34.639+0000] {dag.py:3047} INFO - Sync 1 DAGs
[2024-03-04T15:59:34.651+0000] {logging_mixin.py:188} INFO - [2024-03-04T15:59:34.651+0000] {dag.py:3834} INFO - Setting next_dagrun for example_sla_dag to 2024-03-04 15:56:00+00:00, run_after=2024-03-04 15:58:00+00:00
[2024-03-04T15:59:34.657+0000] {processor.py:183} INFO - Processing /home/airflow/.local/lib/python3.11/site-packages/airflow/example_dags/example_sla_dag.py took 0.035 seconds
[2024-03-04T16:00:05.278+0000] {processor.py:161} INFO - Started process (PID=921) to work on /home/airflow/.local/lib/python3.11/site-packages/airflow/example_dags/example_sla_dag.py
[2024-03-04T16:00:05.278+0000] {processor.py:830} INFO - Processing file /home/airflow/.local/lib/python3.11/site-packages/airflow/example_dags/example_sla_dag.py for tasks to queue
[2024-03-04T16:00:05.279+0000] {logging_mixin.py:188} INFO - [2024-03-04T16:00:05.279+0000] {dagbag.py:540} INFO - Filling up the DagBag from /home/airflow/.local/lib/python3.11/site-packages/airflow/example_dags/example_sla_dag.py
[2024-03-04T16:00:05.285+0000] {processor.py:840} INFO - DAG(s) 'example_sla_dag' retrieved from /home/airflow/.local/lib/python3.11/site-packages/airflow/example_dags/example_sla_dag.py
[2024-03-04T16:00:05.297+0000] {logging_mixin.py:188} INFO - [2024-03-04T16:00:05.297+0000] {dag.py:3047} INFO - Sync 1 DAGs
[2024-03-04T16:00:05.316+0000] {logging_mixin.py:188} INFO - [2024-03-04T16:00:05.316+0000] {dag.py:3834} INFO - Setting next_dagrun for example_sla_dag to 2024-03-04 15:58:00+00:00, run_after=2024-03-04 16:00:00+00:00
[2024-03-04T16:00:05.323+0000] {processor.py:183} INFO - Processing /home/airflow/.local/lib/python3.11/site-packages/airflow/example_dags/example_sla_dag.py took 0.047 seconds
[2024-03-04T16:00:36.153+0000] {processor.py:161} INFO - Started process (PID=975) to work on /home/airflow/.local/lib/python3.11/site-packages/airflow/example_dags/example_sla_dag.py
[2024-03-04T16:00:36.153+0000] {processor.py:830} INFO - Processing file /home/airflow/.local/lib/python3.11/site-packages/airflow/example_dags/example_sla_dag.py for tasks to queue
[2024-03-04T16:00:36.154+0000] {logging_mixin.py:188} INFO - [2024-03-04T16:00:36.154+0000] {dagbag.py:540} INFO - Filling up the DagBag from /home/airflow/.local/lib/python3.11/site-packages/airflow/example_dags/example_sla_dag.py
[2024-03-04T16:00:36.160+0000] {processor.py:840} INFO - DAG(s) 'example_sla_dag' retrieved from /home/airflow/.local/lib/python3.11/site-packages/airflow/example_dags/example_sla_dag.py
[2024-03-04T16:00:36.169+0000] {logging_mixin.py:188} INFO - [2024-03-04T16:00:36.169+0000] {dag.py:3047} INFO - Sync 1 DAGs
[2024-03-04T16:00:36.189+0000] {logging_mixin.py:188} INFO - [2024-03-04T16:00:36.189+0000] {dag.py:3834} INFO - Setting next_dagrun for example_sla_dag to 2024-03-04 15:58:00+00:00, run_after=2024-03-04 16:00:00+00:00
[2024-03-04T16:00:36.198+0000] {processor.py:183} INFO - Processing /home/airflow/.local/lib/python3.11/site-packages/airflow/example_dags/example_sla_dag.py took 0.047 seconds
[2024-03-04T16:01:06.846+0000] {processor.py:161} INFO - Started process (PID=1030) to work on /home/airflow/.local/lib/python3.11/site-packages/airflow/example_dags/example_sla_dag.py
[2024-03-04T16:01:06.847+0000] {processor.py:830} INFO - Processing file /home/airflow/.local/lib/python3.11/site-packages/airflow/example_dags/example_sla_dag.py for tasks to queue
[2024-03-04T16:01:06.848+0000] {logging_mixin.py:188} INFO - [2024-03-04T16:01:06.848+0000] {dagbag.py:540} INFO - Filling up the DagBag from /home/airflow/.local/lib/python3.11/site-packages/airflow/example_dags/example_sla_dag.py
[2024-03-04T16:01:06.853+0000] {processor.py:840} INFO - DAG(s) 'example_sla_dag' retrieved from /home/airflow/.local/lib/python3.11/site-packages/airflow/example_dags/example_sla_dag.py
[2024-03-04T16:01:06.870+0000] {logging_mixin.py:188} INFO - [2024-03-04T16:01:06.870+0000] {dag.py:3047} INFO - Sync 1 DAGs
[2024-03-04T16:01:06.894+0000] {logging_mixin.py:188} INFO - [2024-03-04T16:01:06.894+0000] {dag.py:3834} INFO - Setting next_dagrun for example_sla_dag to 2024-03-04 15:58:00+00:00, run_after=2024-03-04 16:00:00+00:00
[2024-03-04T16:01:06.925+0000] {processor.py:183} INFO - Processing /home/airflow/.local/lib/python3.11/site-packages/airflow/example_dags/example_sla_dag.py took 0.080 seconds
[2024-03-04T16:01:37.690+0000] {processor.py:161} INFO - Started process (PID=1085) to work on /home/airflow/.local/lib/python3.11/site-packages/airflow/example_dags/example_sla_dag.py
[2024-03-04T16:01:37.690+0000] {processor.py:830} INFO - Processing file /home/airflow/.local/lib/python3.11/site-packages/airflow/example_dags/example_sla_dag.py for tasks to queue
[2024-03-04T16:01:37.691+0000] {logging_mixin.py:188} INFO - [2024-03-04T16:01:37.691+0000] {dagbag.py:540} INFO - Filling up the DagBag from /home/airflow/.local/lib/python3.11/site-packages/airflow/example_dags/example_sla_dag.py
[2024-03-04T16:01:37.695+0000] {processor.py:840} INFO - DAG(s) 'example_sla_dag' retrieved from /home/airflow/.local/lib/python3.11/site-packages/airflow/example_dags/example_sla_dag.py
[2024-03-04T16:01:37.710+0000] {logging_mixin.py:188} INFO - [2024-03-04T16:01:37.709+0000] {dag.py:3047} INFO - Sync 1 DAGs
[2024-03-04T16:01:37.725+0000] {logging_mixin.py:188} INFO - [2024-03-04T16:01:37.725+0000] {dag.py:3834} INFO - Setting next_dagrun for example_sla_dag to 2024-03-04 15:58:00+00:00, run_after=2024-03-04 16:00:00+00:00
[2024-03-04T16:01:37.731+0000] {processor.py:183} INFO - Processing /home/airflow/.local/lib/python3.11/site-packages/airflow/example_dags/example_sla_dag.py took 0.043 seconds
[2024-03-04T16:02:08.549+0000] {processor.py:161} INFO - Started process (PID=1140) to work on /home/airflow/.local/lib/python3.11/site-packages/airflow/example_dags/example_sla_dag.py
[2024-03-04T16:02:08.549+0000] {processor.py:830} INFO - Processing file /home/airflow/.local/lib/python3.11/site-packages/airflow/example_dags/example_sla_dag.py for tasks to queue
[2024-03-04T16:02:08.550+0000] {logging_mixin.py:188} INFO - [2024-03-04T16:02:08.550+0000] {dagbag.py:540} INFO - Filling up the DagBag from /home/airflow/.local/lib/python3.11/site-packages/airflow/example_dags/example_sla_dag.py
[2024-03-04T16:02:08.555+0000] {processor.py:840} INFO - DAG(s) 'example_sla_dag' retrieved from /home/airflow/.local/lib/python3.11/site-packages/airflow/example_dags/example_sla_dag.py
[2024-03-04T16:02:08.563+0000] {logging_mixin.py:188} INFO - [2024-03-04T16:02:08.563+0000] {dag.py:3047} INFO - Sync 1 DAGs
[2024-03-04T16:02:08.572+0000] {logging_mixin.py:188} INFO - [2024-03-04T16:02:08.572+0000] {dag.py:3834} INFO - Setting next_dagrun for example_sla_dag to 2024-03-04 16:00:00+00:00, run_after=2024-03-04 16:02:00+00:00
[2024-03-04T16:02:08.579+0000] {processor.py:183} INFO - Processing /home/airflow/.local/lib/python3.11/site-packages/airflow/example_dags/example_sla_dag.py took 0.032 seconds
[2024-03-04T16:02:39.268+0000] {processor.py:161} INFO - Started process (PID=1195) to work on /home/airflow/.local/lib/python3.11/site-packages/airflow/example_dags/example_sla_dag.py
[2024-03-04T16:02:39.269+0000] {processor.py:830} INFO - Processing file /home/airflow/.local/lib/python3.11/site-packages/airflow/example_dags/example_sla_dag.py for tasks to queue
[2024-03-04T16:02:39.270+0000] {logging_mixin.py:188} INFO - [2024-03-04T16:02:39.270+0000] {dagbag.py:540} INFO - Filling up the DagBag from /home/airflow/.local/lib/python3.11/site-packages/airflow/example_dags/example_sla_dag.py
[2024-03-04T16:02:39.275+0000] {processor.py:840} INFO - DAG(s) 'example_sla_dag' retrieved from /home/airflow/.local/lib/python3.11/site-packages/airflow/example_dags/example_sla_dag.py
[2024-03-04T16:02:39.284+0000] {logging_mixin.py:188} INFO - [2024-03-04T16:02:39.284+0000] {dag.py:3047} INFO - Sync 1 DAGs
[2024-03-04T16:02:39.301+0000] {logging_mixin.py:188} INFO - [2024-03-04T16:02:39.301+0000] {dag.py:3834} INFO - Setting next_dagrun for example_sla_dag to 2024-03-04 16:00:00+00:00, run_after=2024-03-04 16:02:00+00:00
[2024-03-04T16:02:39.308+0000] {processor.py:183} INFO - Processing /home/airflow/.local/lib/python3.11/site-packages/airflow/example_dags/example_sla_dag.py took 0.041 seconds
[2024-03-04T16:03:09.990+0000] {processor.py:161} INFO - Started process (PID=1250) to work on /home/airflow/.local/lib/python3.11/site-packages/airflow/example_dags/example_sla_dag.py
[2024-03-04T16:03:09.992+0000] {processor.py:830} INFO - Processing file /home/airflow/.local/lib/python3.11/site-packages/airflow/example_dags/example_sla_dag.py for tasks to queue
[2024-03-04T16:03:09.993+0000] {logging_mixin.py:188} INFO - [2024-03-04T16:03:09.993+0000] {dagbag.py:540} INFO - Filling up the DagBag from /home/airflow/.local/lib/python3.11/site-packages/airflow/example_dags/example_sla_dag.py
[2024-03-04T16:03:09.999+0000] {processor.py:840} INFO - DAG(s) 'example_sla_dag' retrieved from /home/airflow/.local/lib/python3.11/site-packages/airflow/example_dags/example_sla_dag.py
[2024-03-04T16:03:10.025+0000] {logging_mixin.py:188} INFO - [2024-03-04T16:03:10.025+0000] {dag.py:3047} INFO - Sync 1 DAGs
[2024-03-04T16:03:10.038+0000] {logging_mixin.py:188} INFO - [2024-03-04T16:03:10.038+0000] {dag.py:3834} INFO - Setting next_dagrun for example_sla_dag to 2024-03-04 16:00:00+00:00, run_after=2024-03-04 16:02:00+00:00
[2024-03-04T16:03:10.046+0000] {processor.py:183} INFO - Processing /home/airflow/.local/lib/python3.11/site-packages/airflow/example_dags/example_sla_dag.py took 0.059 seconds
[2024-03-04T16:03:40.815+0000] {processor.py:161} INFO - Started process (PID=1305) to work on /home/airflow/.local/lib/python3.11/site-packages/airflow/example_dags/example_sla_dag.py
[2024-03-04T16:03:40.817+0000] {processor.py:830} INFO - Processing file /home/airflow/.local/lib/python3.11/site-packages/airflow/example_dags/example_sla_dag.py for tasks to queue
[2024-03-04T16:03:40.820+0000] {logging_mixin.py:188} INFO - [2024-03-04T16:03:40.819+0000] {dagbag.py:540} INFO - Filling up the DagBag from /home/airflow/.local/lib/python3.11/site-packages/airflow/example_dags/example_sla_dag.py
[2024-03-04T16:03:40.834+0000] {processor.py:840} INFO - DAG(s) 'example_sla_dag' retrieved from /home/airflow/.local/lib/python3.11/site-packages/airflow/example_dags/example_sla_dag.py
[2024-03-04T16:03:40.850+0000] {logging_mixin.py:188} INFO - [2024-03-04T16:03:40.849+0000] {dag.py:3047} INFO - Sync 1 DAGs
[2024-03-04T16:03:40.863+0000] {logging_mixin.py:188} INFO - [2024-03-04T16:03:40.863+0000] {dag.py:3834} INFO - Setting next_dagrun for example_sla_dag to 2024-03-04 16:00:00+00:00, run_after=2024-03-04 16:02:00+00:00
[2024-03-04T16:03:40.871+0000] {processor.py:183} INFO - Processing /home/airflow/.local/lib/python3.11/site-packages/airflow/example_dags/example_sla_dag.py took 0.058 seconds
[2024-03-04T16:04:10.935+0000] {processor.py:161} INFO - Started process (PID=1360) to work on /home/airflow/.local/lib/python3.11/site-packages/airflow/example_dags/example_sla_dag.py
[2024-03-04T16:04:10.935+0000] {processor.py:830} INFO - Processing file /home/airflow/.local/lib/python3.11/site-packages/airflow/example_dags/example_sla_dag.py for tasks to queue
[2024-03-04T16:04:10.936+0000] {logging_mixin.py:188} INFO - [2024-03-04T16:04:10.936+0000] {dagbag.py:540} INFO - Filling up the DagBag from /home/airflow/.local/lib/python3.11/site-packages/airflow/example_dags/example_sla_dag.py
[2024-03-04T16:04:10.941+0000] {processor.py:840} INFO - DAG(s) 'example_sla_dag' retrieved from /home/airflow/.local/lib/python3.11/site-packages/airflow/example_dags/example_sla_dag.py
[2024-03-04T16:04:10.950+0000] {logging_mixin.py:188} INFO - [2024-03-04T16:04:10.950+0000] {dag.py:3047} INFO - Sync 1 DAGs
[2024-03-04T16:04:10.960+0000] {logging_mixin.py:188} INFO - [2024-03-04T16:04:10.960+0000] {dag.py:3834} INFO - Setting next_dagrun for example_sla_dag to 2024-03-04 16:02:00+00:00, run_after=2024-03-04 16:04:00+00:00
[2024-03-04T16:04:10.969+0000] {processor.py:183} INFO - Processing /home/airflow/.local/lib/python3.11/site-packages/airflow/example_dags/example_sla_dag.py took 0.036 seconds
[2024-03-04T16:04:41.143+0000] {processor.py:161} INFO - Started process (PID=1415) to work on /home/airflow/.local/lib/python3.11/site-packages/airflow/example_dags/example_sla_dag.py
[2024-03-04T16:04:41.143+0000] {processor.py:830} INFO - Processing file /home/airflow/.local/lib/python3.11/site-packages/airflow/example_dags/example_sla_dag.py for tasks to queue
[2024-03-04T16:04:41.144+0000] {logging_mixin.py:188} INFO - [2024-03-04T16:04:41.144+0000] {dagbag.py:540} INFO - Filling up the DagBag from /home/airflow/.local/lib/python3.11/site-packages/airflow/example_dags/example_sla_dag.py
[2024-03-04T16:04:41.149+0000] {processor.py:840} INFO - DAG(s) 'example_sla_dag' retrieved from /home/airflow/.local/lib/python3.11/site-packages/airflow/example_dags/example_sla_dag.py
[2024-03-04T16:04:41.157+0000] {logging_mixin.py:188} INFO - [2024-03-04T16:04:41.157+0000] {dag.py:3047} INFO - Sync 1 DAGs
[2024-03-04T16:04:41.168+0000] {logging_mixin.py:188} INFO - [2024-03-04T16:04:41.167+0000] {dag.py:3834} INFO - Setting next_dagrun for example_sla_dag to 2024-03-04 16:02:00+00:00, run_after=2024-03-04 16:04:00+00:00
[2024-03-04T16:04:41.174+0000] {processor.py:183} INFO - Processing /home/airflow/.local/lib/python3.11/site-packages/airflow/example_dags/example_sla_dag.py took 0.033 seconds
[2024-03-04T16:05:11.805+0000] {processor.py:161} INFO - Started process (PID=1470) to work on /home/airflow/.local/lib/python3.11/site-packages/airflow/example_dags/example_sla_dag.py
[2024-03-04T16:05:11.806+0000] {processor.py:830} INFO - Processing file /home/airflow/.local/lib/python3.11/site-packages/airflow/example_dags/example_sla_dag.py for tasks to queue
[2024-03-04T16:05:11.807+0000] {logging_mixin.py:188} INFO - [2024-03-04T16:05:11.807+0000] {dagbag.py:540} INFO - Filling up the DagBag from /home/airflow/.local/lib/python3.11/site-packages/airflow/example_dags/example_sla_dag.py
[2024-03-04T16:05:11.814+0000] {processor.py:840} INFO - DAG(s) 'example_sla_dag' retrieved from /home/airflow/.local/lib/python3.11/site-packages/airflow/example_dags/example_sla_dag.py
[2024-03-04T16:05:11.823+0000] {logging_mixin.py:188} INFO - [2024-03-04T16:05:11.823+0000] {dag.py:3047} INFO - Sync 1 DAGs
[2024-03-04T16:05:11.833+0000] {logging_mixin.py:188} INFO - [2024-03-04T16:05:11.833+0000] {dag.py:3834} INFO - Setting next_dagrun for example_sla_dag to 2024-03-04 16:02:00+00:00, run_after=2024-03-04 16:04:00+00:00
[2024-03-04T16:05:11.839+0000] {processor.py:183} INFO - Processing /home/airflow/.local/lib/python3.11/site-packages/airflow/example_dags/example_sla_dag.py took 0.037 seconds
[2024-03-04T16:05:42.725+0000] {processor.py:161} INFO - Started process (PID=1525) to work on /home/airflow/.local/lib/python3.11/site-packages/airflow/example_dags/example_sla_dag.py
[2024-03-04T16:05:42.726+0000] {processor.py:830} INFO - Processing file /home/airflow/.local/lib/python3.11/site-packages/airflow/example_dags/example_sla_dag.py for tasks to queue
[2024-03-04T16:05:42.727+0000] {logging_mixin.py:188} INFO - [2024-03-04T16:05:42.726+0000] {dagbag.py:540} INFO - Filling up the DagBag from /home/airflow/.local/lib/python3.11/site-packages/airflow/example_dags/example_sla_dag.py
[2024-03-04T16:05:42.731+0000] {processor.py:840} INFO - DAG(s) 'example_sla_dag' retrieved from /home/airflow/.local/lib/python3.11/site-packages/airflow/example_dags/example_sla_dag.py
[2024-03-04T16:05:42.743+0000] {logging_mixin.py:188} INFO - [2024-03-04T16:05:42.743+0000] {dag.py:3047} INFO - Sync 1 DAGs
[2024-03-04T16:05:42.755+0000] {logging_mixin.py:188} INFO - [2024-03-04T16:05:42.755+0000] {dag.py:3834} INFO - Setting next_dagrun for example_sla_dag to 2024-03-04 16:02:00+00:00, run_after=2024-03-04 16:04:00+00:00
[2024-03-04T16:05:42.762+0000] {processor.py:183} INFO - Processing /home/airflow/.local/lib/python3.11/site-packages/airflow/example_dags/example_sla_dag.py took 0.039 seconds
[2024-03-04T16:06:12.916+0000] {processor.py:161} INFO - Started process (PID=1580) to work on /home/airflow/.local/lib/python3.11/site-packages/airflow/example_dags/example_sla_dag.py
[2024-03-04T16:06:12.917+0000] {processor.py:830} INFO - Processing file /home/airflow/.local/lib/python3.11/site-packages/airflow/example_dags/example_sla_dag.py for tasks to queue
[2024-03-04T16:06:12.918+0000] {logging_mixin.py:188} INFO - [2024-03-04T16:06:12.918+0000] {dagbag.py:540} INFO - Filling up the DagBag from /home/airflow/.local/lib/python3.11/site-packages/airflow/example_dags/example_sla_dag.py
[2024-03-04T16:06:12.922+0000] {processor.py:840} INFO - DAG(s) 'example_sla_dag' retrieved from /home/airflow/.local/lib/python3.11/site-packages/airflow/example_dags/example_sla_dag.py
[2024-03-04T16:06:12.931+0000] {logging_mixin.py:188} INFO - [2024-03-04T16:06:12.931+0000] {dag.py:3047} INFO - Sync 1 DAGs
[2024-03-04T16:06:12.941+0000] {logging_mixin.py:188} INFO - [2024-03-04T16:06:12.941+0000] {dag.py:3834} INFO - Setting next_dagrun for example_sla_dag to 2024-03-04 16:04:00+00:00, run_after=2024-03-04 16:06:00+00:00
[2024-03-04T16:06:12.947+0000] {processor.py:183} INFO - Processing /home/airflow/.local/lib/python3.11/site-packages/airflow/example_dags/example_sla_dag.py took 0.033 seconds
[2024-03-04T16:06:43.104+0000] {processor.py:161} INFO - Started process (PID=1635) to work on /home/airflow/.local/lib/python3.11/site-packages/airflow/example_dags/example_sla_dag.py
[2024-03-04T16:06:43.104+0000] {processor.py:830} INFO - Processing file /home/airflow/.local/lib/python3.11/site-packages/airflow/example_dags/example_sla_dag.py for tasks to queue
[2024-03-04T16:06:43.105+0000] {logging_mixin.py:188} INFO - [2024-03-04T16:06:43.105+0000] {dagbag.py:540} INFO - Filling up the DagBag from /home/airflow/.local/lib/python3.11/site-packages/airflow/example_dags/example_sla_dag.py
[2024-03-04T16:06:43.110+0000] {processor.py:840} INFO - DAG(s) 'example_sla_dag' retrieved from /home/airflow/.local/lib/python3.11/site-packages/airflow/example_dags/example_sla_dag.py
[2024-03-04T16:06:43.119+0000] {logging_mixin.py:188} INFO - [2024-03-04T16:06:43.119+0000] {dag.py:3047} INFO - Sync 1 DAGs
[2024-03-04T16:06:43.129+0000] {logging_mixin.py:188} INFO - [2024-03-04T16:06:43.128+0000] {dag.py:3834} INFO - Setting next_dagrun for example_sla_dag to 2024-03-04 16:04:00+00:00, run_after=2024-03-04 16:06:00+00:00
[2024-03-04T16:06:43.135+0000] {processor.py:183} INFO - Processing /home/airflow/.local/lib/python3.11/site-packages/airflow/example_dags/example_sla_dag.py took 0.033 seconds
[2024-03-04T16:07:13.916+0000] {processor.py:161} INFO - Started process (PID=1696) to work on /home/airflow/.local/lib/python3.11/site-packages/airflow/example_dags/example_sla_dag.py
[2024-03-04T16:07:13.917+0000] {processor.py:830} INFO - Processing file /home/airflow/.local/lib/python3.11/site-packages/airflow/example_dags/example_sla_dag.py for tasks to queue
[2024-03-04T16:07:13.918+0000] {logging_mixin.py:188} INFO - [2024-03-04T16:07:13.918+0000] {dagbag.py:540} INFO - Filling up the DagBag from /home/airflow/.local/lib/python3.11/site-packages/airflow/example_dags/example_sla_dag.py
[2024-03-04T16:07:13.923+0000] {processor.py:840} INFO - DAG(s) 'example_sla_dag' retrieved from /home/airflow/.local/lib/python3.11/site-packages/airflow/example_dags/example_sla_dag.py
[2024-03-04T16:07:13.931+0000] {logging_mixin.py:188} INFO - [2024-03-04T16:07:13.931+0000] {dag.py:3047} INFO - Sync 1 DAGs
[2024-03-04T16:07:13.943+0000] {logging_mixin.py:188} INFO - [2024-03-04T16:07:13.943+0000] {dag.py:3834} INFO - Setting next_dagrun for example_sla_dag to 2024-03-04 16:04:00+00:00, run_after=2024-03-04 16:06:00+00:00
[2024-03-04T16:07:13.957+0000] {processor.py:183} INFO - Processing /home/airflow/.local/lib/python3.11/site-packages/airflow/example_dags/example_sla_dag.py took 0.043 seconds
[2024-03-04T16:07:44.581+0000] {processor.py:161} INFO - Started process (PID=1751) to work on /home/airflow/.local/lib/python3.11/site-packages/airflow/example_dags/example_sla_dag.py
[2024-03-04T16:07:44.582+0000] {processor.py:830} INFO - Processing file /home/airflow/.local/lib/python3.11/site-packages/airflow/example_dags/example_sla_dag.py for tasks to queue
[2024-03-04T16:07:44.583+0000] {logging_mixin.py:188} INFO - [2024-03-04T16:07:44.582+0000] {dagbag.py:540} INFO - Filling up the DagBag from /home/airflow/.local/lib/python3.11/site-packages/airflow/example_dags/example_sla_dag.py
[2024-03-04T16:07:44.588+0000] {processor.py:840} INFO - DAG(s) 'example_sla_dag' retrieved from /home/airflow/.local/lib/python3.11/site-packages/airflow/example_dags/example_sla_dag.py
[2024-03-04T16:07:44.596+0000] {logging_mixin.py:188} INFO - [2024-03-04T16:07:44.596+0000] {dag.py:3047} INFO - Sync 1 DAGs
[2024-03-04T16:07:44.606+0000] {logging_mixin.py:188} INFO - [2024-03-04T16:07:44.606+0000] {dag.py:3834} INFO - Setting next_dagrun for example_sla_dag to 2024-03-04 16:04:00+00:00, run_after=2024-03-04 16:06:00+00:00
[2024-03-04T16:07:44.612+0000] {processor.py:183} INFO - Processing /home/airflow/.local/lib/python3.11/site-packages/airflow/example_dags/example_sla_dag.py took 0.033 seconds
[2024-03-04T16:08:15.303+0000] {processor.py:161} INFO - Started process (PID=1806) to work on /home/airflow/.local/lib/python3.11/site-packages/airflow/example_dags/example_sla_dag.py
[2024-03-04T16:08:15.304+0000] {processor.py:830} INFO - Processing file /home/airflow/.local/lib/python3.11/site-packages/airflow/example_dags/example_sla_dag.py for tasks to queue
[2024-03-04T16:08:15.305+0000] {logging_mixin.py:188} INFO - [2024-03-04T16:08:15.305+0000] {dagbag.py:540} INFO - Filling up the DagBag from /home/airflow/.local/lib/python3.11/site-packages/airflow/example_dags/example_sla_dag.py
[2024-03-04T16:08:15.312+0000] {processor.py:840} INFO - DAG(s) 'example_sla_dag' retrieved from /home/airflow/.local/lib/python3.11/site-packages/airflow/example_dags/example_sla_dag.py
[2024-03-04T16:08:15.324+0000] {logging_mixin.py:188} INFO - [2024-03-04T16:08:15.324+0000] {dag.py:3047} INFO - Sync 1 DAGs
[2024-03-04T16:08:15.334+0000] {logging_mixin.py:188} INFO - [2024-03-04T16:08:15.334+0000] {dag.py:3834} INFO - Setting next_dagrun for example_sla_dag to 2024-03-04 16:06:00+00:00, run_after=2024-03-04 16:08:00+00:00
[2024-03-04T16:08:15.341+0000] {processor.py:183} INFO - Processing /home/airflow/.local/lib/python3.11/site-packages/airflow/example_dags/example_sla_dag.py took 0.039 seconds
[2024-03-04T16:08:45.961+0000] {processor.py:161} INFO - Started process (PID=1861) to work on /home/airflow/.local/lib/python3.11/site-packages/airflow/example_dags/example_sla_dag.py
[2024-03-04T16:08:45.964+0000] {processor.py:830} INFO - Processing file /home/airflow/.local/lib/python3.11/site-packages/airflow/example_dags/example_sla_dag.py for tasks to queue
[2024-03-04T16:08:45.965+0000] {logging_mixin.py:188} INFO - [2024-03-04T16:08:45.965+0000] {dagbag.py:540} INFO - Filling up the DagBag from /home/airflow/.local/lib/python3.11/site-packages/airflow/example_dags/example_sla_dag.py
[2024-03-04T16:08:45.969+0000] {processor.py:840} INFO - DAG(s) 'example_sla_dag' retrieved from /home/airflow/.local/lib/python3.11/site-packages/airflow/example_dags/example_sla_dag.py
[2024-03-04T16:08:45.977+0000] {logging_mixin.py:188} INFO - [2024-03-04T16:08:45.977+0000] {dag.py:3047} INFO - Sync 1 DAGs
[2024-03-04T16:08:45.987+0000] {logging_mixin.py:188} INFO - [2024-03-04T16:08:45.987+0000] {dag.py:3834} INFO - Setting next_dagrun for example_sla_dag to 2024-03-04 16:06:00+00:00, run_after=2024-03-04 16:08:00+00:00
[2024-03-04T16:08:45.994+0000] {processor.py:183} INFO - Processing /home/airflow/.local/lib/python3.11/site-packages/airflow/example_dags/example_sla_dag.py took 0.035 seconds
[2024-03-04T16:09:16.612+0000] {processor.py:161} INFO - Started process (PID=1916) to work on /home/airflow/.local/lib/python3.11/site-packages/airflow/example_dags/example_sla_dag.py
[2024-03-04T16:09:16.613+0000] {processor.py:830} INFO - Processing file /home/airflow/.local/lib/python3.11/site-packages/airflow/example_dags/example_sla_dag.py for tasks to queue
[2024-03-04T16:09:16.614+0000] {logging_mixin.py:188} INFO - [2024-03-04T16:09:16.614+0000] {dagbag.py:540} INFO - Filling up the DagBag from /home/airflow/.local/lib/python3.11/site-packages/airflow/example_dags/example_sla_dag.py
[2024-03-04T16:09:16.619+0000] {processor.py:840} INFO - DAG(s) 'example_sla_dag' retrieved from /home/airflow/.local/lib/python3.11/site-packages/airflow/example_dags/example_sla_dag.py
[2024-03-04T16:09:16.627+0000] {logging_mixin.py:188} INFO - [2024-03-04T16:09:16.627+0000] {dag.py:3047} INFO - Sync 1 DAGs
[2024-03-04T16:09:16.637+0000] {logging_mixin.py:188} INFO - [2024-03-04T16:09:16.637+0000] {dag.py:3834} INFO - Setting next_dagrun for example_sla_dag to 2024-03-04 16:06:00+00:00, run_after=2024-03-04 16:08:00+00:00
[2024-03-04T16:09:16.643+0000] {processor.py:183} INFO - Processing /home/airflow/.local/lib/python3.11/site-packages/airflow/example_dags/example_sla_dag.py took 0.032 seconds
[2024-03-04T16:09:47.193+0000] {processor.py:161} INFO - Started process (PID=1971) to work on /home/airflow/.local/lib/python3.11/site-packages/airflow/example_dags/example_sla_dag.py
[2024-03-04T16:09:47.194+0000] {processor.py:830} INFO - Processing file /home/airflow/.local/lib/python3.11/site-packages/airflow/example_dags/example_sla_dag.py for tasks to queue
[2024-03-04T16:09:47.195+0000] {logging_mixin.py:188} INFO - [2024-03-04T16:09:47.195+0000] {dagbag.py:540} INFO - Filling up the DagBag from /home/airflow/.local/lib/python3.11/site-packages/airflow/example_dags/example_sla_dag.py
[2024-03-04T16:09:47.201+0000] {processor.py:840} INFO - DAG(s) 'example_sla_dag' retrieved from /home/airflow/.local/lib/python3.11/site-packages/airflow/example_dags/example_sla_dag.py
[2024-03-04T16:09:47.219+0000] {logging_mixin.py:188} INFO - [2024-03-04T16:09:47.219+0000] {dag.py:3047} INFO - Sync 1 DAGs
[2024-03-04T16:09:47.229+0000] {logging_mixin.py:188} INFO - [2024-03-04T16:09:47.229+0000] {dag.py:3834} INFO - Setting next_dagrun for example_sla_dag to 2024-03-04 16:06:00+00:00, run_after=2024-03-04 16:08:00+00:00
[2024-03-04T16:09:47.236+0000] {processor.py:183} INFO - Processing /home/airflow/.local/lib/python3.11/site-packages/airflow/example_dags/example_sla_dag.py took 0.045 seconds
[2024-03-04T16:10:17.887+0000] {processor.py:161} INFO - Started process (PID=2026) to work on /home/airflow/.local/lib/python3.11/site-packages/airflow/example_dags/example_sla_dag.py
[2024-03-04T16:10:17.888+0000] {processor.py:830} INFO - Processing file /home/airflow/.local/lib/python3.11/site-packages/airflow/example_dags/example_sla_dag.py for tasks to queue
[2024-03-04T16:10:17.889+0000] {logging_mixin.py:188} INFO - [2024-03-04T16:10:17.889+0000] {dagbag.py:540} INFO - Filling up the DagBag from /home/airflow/.local/lib/python3.11/site-packages/airflow/example_dags/example_sla_dag.py
[2024-03-04T16:10:17.894+0000] {processor.py:840} INFO - DAG(s) 'example_sla_dag' retrieved from /home/airflow/.local/lib/python3.11/site-packages/airflow/example_dags/example_sla_dag.py
[2024-03-04T16:10:17.905+0000] {logging_mixin.py:188} INFO - [2024-03-04T16:10:17.905+0000] {dag.py:3047} INFO - Sync 1 DAGs
[2024-03-04T16:10:17.919+0000] {logging_mixin.py:188} INFO - [2024-03-04T16:10:17.919+0000] {dag.py:3834} INFO - Setting next_dagrun for example_sla_dag to 2024-03-04 16:08:00+00:00, run_after=2024-03-04 16:10:00+00:00
[2024-03-04T16:10:17.929+0000] {processor.py:183} INFO - Processing /home/airflow/.local/lib/python3.11/site-packages/airflow/example_dags/example_sla_dag.py took 0.044 seconds
[2024-03-04T16:10:48.452+0000] {processor.py:161} INFO - Started process (PID=2081) to work on /home/airflow/.local/lib/python3.11/site-packages/airflow/example_dags/example_sla_dag.py
[2024-03-04T16:10:48.453+0000] {processor.py:830} INFO - Processing file /home/airflow/.local/lib/python3.11/site-packages/airflow/example_dags/example_sla_dag.py for tasks to queue
[2024-03-04T16:10:48.454+0000] {logging_mixin.py:188} INFO - [2024-03-04T16:10:48.453+0000] {dagbag.py:540} INFO - Filling up the DagBag from /home/airflow/.local/lib/python3.11/site-packages/airflow/example_dags/example_sla_dag.py
[2024-03-04T16:10:48.458+0000] {processor.py:840} INFO - DAG(s) 'example_sla_dag' retrieved from /home/airflow/.local/lib/python3.11/site-packages/airflow/example_dags/example_sla_dag.py
[2024-03-04T16:10:48.467+0000] {logging_mixin.py:188} INFO - [2024-03-04T16:10:48.467+0000] {dag.py:3047} INFO - Sync 1 DAGs
[2024-03-04T16:10:48.477+0000] {logging_mixin.py:188} INFO - [2024-03-04T16:10:48.477+0000] {dag.py:3834} INFO - Setting next_dagrun for example_sla_dag to 2024-03-04 16:08:00+00:00, run_after=2024-03-04 16:10:00+00:00
[2024-03-04T16:10:48.483+0000] {processor.py:183} INFO - Processing /home/airflow/.local/lib/python3.11/site-packages/airflow/example_dags/example_sla_dag.py took 0.033 seconds
[2024-03-04T16:11:19.284+0000] {processor.py:161} INFO - Started process (PID=2136) to work on /home/airflow/.local/lib/python3.11/site-packages/airflow/example_dags/example_sla_dag.py
[2024-03-04T16:11:19.285+0000] {processor.py:830} INFO - Processing file /home/airflow/.local/lib/python3.11/site-packages/airflow/example_dags/example_sla_dag.py for tasks to queue
[2024-03-04T16:11:19.287+0000] {logging_mixin.py:188} INFO - [2024-03-04T16:11:19.286+0000] {dagbag.py:540} INFO - Filling up the DagBag from /home/airflow/.local/lib/python3.11/site-packages/airflow/example_dags/example_sla_dag.py
[2024-03-04T16:11:19.293+0000] {processor.py:840} INFO - DAG(s) 'example_sla_dag' retrieved from /home/airflow/.local/lib/python3.11/site-packages/airflow/example_dags/example_sla_dag.py
[2024-03-04T16:11:19.301+0000] {logging_mixin.py:188} INFO - [2024-03-04T16:11:19.301+0000] {dag.py:3047} INFO - Sync 1 DAGs
[2024-03-04T16:11:19.311+0000] {logging_mixin.py:188} INFO - [2024-03-04T16:11:19.311+0000] {dag.py:3834} INFO - Setting next_dagrun for example_sla_dag to 2024-03-04 16:08:00+00:00, run_after=2024-03-04 16:10:00+00:00
[2024-03-04T16:11:19.317+0000] {processor.py:183} INFO - Processing /home/airflow/.local/lib/python3.11/site-packages/airflow/example_dags/example_sla_dag.py took 0.037 seconds
[2024-03-04T16:11:49.883+0000] {processor.py:161} INFO - Started process (PID=2191) to work on /home/airflow/.local/lib/python3.11/site-packages/airflow/example_dags/example_sla_dag.py
[2024-03-04T16:11:49.884+0000] {processor.py:830} INFO - Processing file /home/airflow/.local/lib/python3.11/site-packages/airflow/example_dags/example_sla_dag.py for tasks to queue
[2024-03-04T16:11:49.885+0000] {logging_mixin.py:188} INFO - [2024-03-04T16:11:49.885+0000] {dagbag.py:540} INFO - Filling up the DagBag from /home/airflow/.local/lib/python3.11/site-packages/airflow/example_dags/example_sla_dag.py
[2024-03-04T16:11:49.890+0000] {processor.py:840} INFO - DAG(s) 'example_sla_dag' retrieved from /home/airflow/.local/lib/python3.11/site-packages/airflow/example_dags/example_sla_dag.py
[2024-03-04T16:11:49.898+0000] {logging_mixin.py:188} INFO - [2024-03-04T16:11:49.898+0000] {dag.py:3047} INFO - Sync 1 DAGs
[2024-03-04T16:11:49.912+0000] {logging_mixin.py:188} INFO - [2024-03-04T16:11:49.912+0000] {dag.py:3834} INFO - Setting next_dagrun for example_sla_dag to 2024-03-04 16:08:00+00:00, run_after=2024-03-04 16:10:00+00:00
[2024-03-04T16:11:49.921+0000] {processor.py:183} INFO - Processing /home/airflow/.local/lib/python3.11/site-packages/airflow/example_dags/example_sla_dag.py took 0.040 seconds
[2024-03-04T16:12:20.610+0000] {processor.py:161} INFO - Started process (PID=2246) to work on /home/airflow/.local/lib/python3.11/site-packages/airflow/example_dags/example_sla_dag.py
[2024-03-04T16:12:20.610+0000] {processor.py:830} INFO - Processing file /home/airflow/.local/lib/python3.11/site-packages/airflow/example_dags/example_sla_dag.py for tasks to queue
[2024-03-04T16:12:20.611+0000] {logging_mixin.py:188} INFO - [2024-03-04T16:12:20.611+0000] {dagbag.py:540} INFO - Filling up the DagBag from /home/airflow/.local/lib/python3.11/site-packages/airflow/example_dags/example_sla_dag.py
[2024-03-04T16:12:20.616+0000] {processor.py:840} INFO - DAG(s) 'example_sla_dag' retrieved from /home/airflow/.local/lib/python3.11/site-packages/airflow/example_dags/example_sla_dag.py
[2024-03-04T16:12:20.629+0000] {logging_mixin.py:188} INFO - [2024-03-04T16:12:20.629+0000] {dag.py:3047} INFO - Sync 1 DAGs
[2024-03-04T16:12:20.643+0000] {logging_mixin.py:188} INFO - [2024-03-04T16:12:20.642+0000] {dag.py:3834} INFO - Setting next_dagrun for example_sla_dag to 2024-03-04 16:10:00+00:00, run_after=2024-03-04 16:12:00+00:00
[2024-03-04T16:12:20.651+0000] {processor.py:183} INFO - Processing /home/airflow/.local/lib/python3.11/site-packages/airflow/example_dags/example_sla_dag.py took 0.043 seconds
[2024-03-04T16:12:51.290+0000] {processor.py:161} INFO - Started process (PID=2301) to work on /home/airflow/.local/lib/python3.11/site-packages/airflow/example_dags/example_sla_dag.py
[2024-03-04T16:12:51.290+0000] {processor.py:830} INFO - Processing file /home/airflow/.local/lib/python3.11/site-packages/airflow/example_dags/example_sla_dag.py for tasks to queue
[2024-03-04T16:12:51.291+0000] {logging_mixin.py:188} INFO - [2024-03-04T16:12:51.291+0000] {dagbag.py:540} INFO - Filling up the DagBag from /home/airflow/.local/lib/python3.11/site-packages/airflow/example_dags/example_sla_dag.py
[2024-03-04T16:12:51.296+0000] {processor.py:840} INFO - DAG(s) 'example_sla_dag' retrieved from /home/airflow/.local/lib/python3.11/site-packages/airflow/example_dags/example_sla_dag.py
[2024-03-04T16:12:51.305+0000] {logging_mixin.py:188} INFO - [2024-03-04T16:12:51.305+0000] {dag.py:3047} INFO - Sync 1 DAGs
[2024-03-04T16:12:51.317+0000] {logging_mixin.py:188} INFO - [2024-03-04T16:12:51.317+0000] {dag.py:3834} INFO - Setting next_dagrun for example_sla_dag to 2024-03-04 16:10:00+00:00, run_after=2024-03-04 16:12:00+00:00
[2024-03-04T16:12:51.327+0000] {processor.py:183} INFO - Processing /home/airflow/.local/lib/python3.11/site-packages/airflow/example_dags/example_sla_dag.py took 0.039 seconds
[2024-03-04T16:13:21.880+0000] {processor.py:161} INFO - Started process (PID=2356) to work on /home/airflow/.local/lib/python3.11/site-packages/airflow/example_dags/example_sla_dag.py
[2024-03-04T16:13:21.881+0000] {processor.py:830} INFO - Processing file /home/airflow/.local/lib/python3.11/site-packages/airflow/example_dags/example_sla_dag.py for tasks to queue
[2024-03-04T16:13:21.882+0000] {logging_mixin.py:188} INFO - [2024-03-04T16:13:21.882+0000] {dagbag.py:540} INFO - Filling up the DagBag from /home/airflow/.local/lib/python3.11/site-packages/airflow/example_dags/example_sla_dag.py
[2024-03-04T16:13:21.887+0000] {processor.py:840} INFO - DAG(s) 'example_sla_dag' retrieved from /home/airflow/.local/lib/python3.11/site-packages/airflow/example_dags/example_sla_dag.py
[2024-03-04T16:13:21.895+0000] {logging_mixin.py:188} INFO - [2024-03-04T16:13:21.895+0000] {dag.py:3047} INFO - Sync 1 DAGs
[2024-03-04T16:13:21.905+0000] {logging_mixin.py:188} INFO - [2024-03-04T16:13:21.905+0000] {dag.py:3834} INFO - Setting next_dagrun for example_sla_dag to 2024-03-04 16:10:00+00:00, run_after=2024-03-04 16:12:00+00:00
[2024-03-04T16:13:21.912+0000] {processor.py:183} INFO - Processing /home/airflow/.local/lib/python3.11/site-packages/airflow/example_dags/example_sla_dag.py took 0.033 seconds
[2024-03-04T16:13:52.584+0000] {processor.py:161} INFO - Started process (PID=2411) to work on /home/airflow/.local/lib/python3.11/site-packages/airflow/example_dags/example_sla_dag.py
[2024-03-04T16:13:52.585+0000] {processor.py:830} INFO - Processing file /home/airflow/.local/lib/python3.11/site-packages/airflow/example_dags/example_sla_dag.py for tasks to queue
[2024-03-04T16:13:52.586+0000] {logging_mixin.py:188} INFO - [2024-03-04T16:13:52.586+0000] {dagbag.py:540} INFO - Filling up the DagBag from /home/airflow/.local/lib/python3.11/site-packages/airflow/example_dags/example_sla_dag.py
[2024-03-04T16:13:52.590+0000] {processor.py:840} INFO - DAG(s) 'example_sla_dag' retrieved from /home/airflow/.local/lib/python3.11/site-packages/airflow/example_dags/example_sla_dag.py
[2024-03-04T16:13:52.601+0000] {logging_mixin.py:188} INFO - [2024-03-04T16:13:52.601+0000] {dag.py:3047} INFO - Sync 1 DAGs
[2024-03-04T16:13:52.614+0000] {logging_mixin.py:188} INFO - [2024-03-04T16:13:52.614+0000] {dag.py:3834} INFO - Setting next_dagrun for example_sla_dag to 2024-03-04 16:10:00+00:00, run_after=2024-03-04 16:12:00+00:00
[2024-03-04T16:13:52.628+0000] {processor.py:183} INFO - Processing /home/airflow/.local/lib/python3.11/site-packages/airflow/example_dags/example_sla_dag.py took 0.046 seconds
[2024-03-04T16:14:23.341+0000] {processor.py:161} INFO - Started process (PID=2466) to work on /home/airflow/.local/lib/python3.11/site-packages/airflow/example_dags/example_sla_dag.py
[2024-03-04T16:14:23.342+0000] {processor.py:830} INFO - Processing file /home/airflow/.local/lib/python3.11/site-packages/airflow/example_dags/example_sla_dag.py for tasks to queue
[2024-03-04T16:14:23.343+0000] {logging_mixin.py:188} INFO - [2024-03-04T16:14:23.342+0000] {dagbag.py:540} INFO - Filling up the DagBag from /home/airflow/.local/lib/python3.11/site-packages/airflow/example_dags/example_sla_dag.py
[2024-03-04T16:14:23.347+0000] {processor.py:840} INFO - DAG(s) 'example_sla_dag' retrieved from /home/airflow/.local/lib/python3.11/site-packages/airflow/example_dags/example_sla_dag.py
[2024-03-04T16:14:23.356+0000] {logging_mixin.py:188} INFO - [2024-03-04T16:14:23.356+0000] {dag.py:3047} INFO - Sync 1 DAGs
[2024-03-04T16:14:23.368+0000] {logging_mixin.py:188} INFO - [2024-03-04T16:14:23.368+0000] {dag.py:3834} INFO - Setting next_dagrun for example_sla_dag to 2024-03-04 16:12:00+00:00, run_after=2024-03-04 16:14:00+00:00
[2024-03-04T16:14:23.376+0000] {processor.py:183} INFO - Processing /home/airflow/.local/lib/python3.11/site-packages/airflow/example_dags/example_sla_dag.py took 0.037 seconds
[2024-03-04T16:14:54.160+0000] {processor.py:161} INFO - Started process (PID=2521) to work on /home/airflow/.local/lib/python3.11/site-packages/airflow/example_dags/example_sla_dag.py
[2024-03-04T16:14:54.160+0000] {processor.py:830} INFO - Processing file /home/airflow/.local/lib/python3.11/site-packages/airflow/example_dags/example_sla_dag.py for tasks to queue
[2024-03-04T16:14:54.161+0000] {logging_mixin.py:188} INFO - [2024-03-04T16:14:54.161+0000] {dagbag.py:540} INFO - Filling up the DagBag from /home/airflow/.local/lib/python3.11/site-packages/airflow/example_dags/example_sla_dag.py
[2024-03-04T16:14:54.167+0000] {processor.py:840} INFO - DAG(s) 'example_sla_dag' retrieved from /home/airflow/.local/lib/python3.11/site-packages/airflow/example_dags/example_sla_dag.py
[2024-03-04T16:14:54.177+0000] {logging_mixin.py:188} INFO - [2024-03-04T16:14:54.177+0000] {dag.py:3047} INFO - Sync 1 DAGs
[2024-03-04T16:14:54.188+0000] {logging_mixin.py:188} INFO - [2024-03-04T16:14:54.188+0000] {dag.py:3834} INFO - Setting next_dagrun for example_sla_dag to 2024-03-04 16:12:00+00:00, run_after=2024-03-04 16:14:00+00:00
[2024-03-04T16:14:54.195+0000] {processor.py:183} INFO - Processing /home/airflow/.local/lib/python3.11/site-packages/airflow/example_dags/example_sla_dag.py took 0.037 seconds
[2024-03-04T16:15:24.568+0000] {processor.py:161} INFO - Started process (PID=2576) to work on /home/airflow/.local/lib/python3.11/site-packages/airflow/example_dags/example_sla_dag.py
[2024-03-04T16:15:24.569+0000] {processor.py:830} INFO - Processing file /home/airflow/.local/lib/python3.11/site-packages/airflow/example_dags/example_sla_dag.py for tasks to queue
[2024-03-04T16:15:24.570+0000] {logging_mixin.py:188} INFO - [2024-03-04T16:15:24.570+0000] {dagbag.py:540} INFO - Filling up the DagBag from /home/airflow/.local/lib/python3.11/site-packages/airflow/example_dags/example_sla_dag.py
[2024-03-04T16:15:24.576+0000] {processor.py:840} INFO - DAG(s) 'example_sla_dag' retrieved from /home/airflow/.local/lib/python3.11/site-packages/airflow/example_dags/example_sla_dag.py
[2024-03-04T16:15:24.586+0000] {logging_mixin.py:188} INFO - [2024-03-04T16:15:24.586+0000] {dag.py:3047} INFO - Sync 1 DAGs
[2024-03-04T16:15:24.595+0000] {logging_mixin.py:188} INFO - [2024-03-04T16:15:24.595+0000] {dag.py:3834} INFO - Setting next_dagrun for example_sla_dag to 2024-03-04 16:12:00+00:00, run_after=2024-03-04 16:14:00+00:00
[2024-03-04T16:15:24.602+0000] {processor.py:183} INFO - Processing /home/airflow/.local/lib/python3.11/site-packages/airflow/example_dags/example_sla_dag.py took 0.036 seconds
[2024-03-04T16:15:55.455+0000] {processor.py:161} INFO - Started process (PID=2631) to work on /home/airflow/.local/lib/python3.11/site-packages/airflow/example_dags/example_sla_dag.py
[2024-03-04T16:15:55.456+0000] {processor.py:830} INFO - Processing file /home/airflow/.local/lib/python3.11/site-packages/airflow/example_dags/example_sla_dag.py for tasks to queue
[2024-03-04T16:15:55.457+0000] {logging_mixin.py:188} INFO - [2024-03-04T16:15:55.457+0000] {dagbag.py:540} INFO - Filling up the DagBag from /home/airflow/.local/lib/python3.11/site-packages/airflow/example_dags/example_sla_dag.py
[2024-03-04T16:15:55.468+0000] {processor.py:840} INFO - DAG(s) 'example_sla_dag' retrieved from /home/airflow/.local/lib/python3.11/site-packages/airflow/example_dags/example_sla_dag.py
[2024-03-04T16:15:55.485+0000] {logging_mixin.py:188} INFO - [2024-03-04T16:15:55.485+0000] {dag.py:3047} INFO - Sync 1 DAGs
[2024-03-04T16:15:55.496+0000] {logging_mixin.py:188} INFO - [2024-03-04T16:15:55.496+0000] {dag.py:3834} INFO - Setting next_dagrun for example_sla_dag to 2024-03-04 16:12:00+00:00, run_after=2024-03-04 16:14:00+00:00
[2024-03-04T16:15:55.503+0000] {processor.py:183} INFO - Processing /home/airflow/.local/lib/python3.11/site-packages/airflow/example_dags/example_sla_dag.py took 0.050 seconds
[2024-03-04T16:16:26.228+0000] {processor.py:161} INFO - Started process (PID=2686) to work on /home/airflow/.local/lib/python3.11/site-packages/airflow/example_dags/example_sla_dag.py
[2024-03-04T16:16:26.228+0000] {processor.py:830} INFO - Processing file /home/airflow/.local/lib/python3.11/site-packages/airflow/example_dags/example_sla_dag.py for tasks to queue
[2024-03-04T16:16:26.229+0000] {logging_mixin.py:188} INFO - [2024-03-04T16:16:26.229+0000] {dagbag.py:540} INFO - Filling up the DagBag from /home/airflow/.local/lib/python3.11/site-packages/airflow/example_dags/example_sla_dag.py
[2024-03-04T16:16:26.235+0000] {processor.py:840} INFO - DAG(s) 'example_sla_dag' retrieved from /home/airflow/.local/lib/python3.11/site-packages/airflow/example_dags/example_sla_dag.py
[2024-03-04T16:16:26.249+0000] {logging_mixin.py:188} INFO - [2024-03-04T16:16:26.249+0000] {dag.py:3047} INFO - Sync 1 DAGs
[2024-03-04T16:16:26.265+0000] {logging_mixin.py:188} INFO - [2024-03-04T16:16:26.265+0000] {dag.py:3834} INFO - Setting next_dagrun for example_sla_dag to 2024-03-04 16:14:00+00:00, run_after=2024-03-04 16:16:00+00:00
[2024-03-04T16:16:26.283+0000] {processor.py:183} INFO - Processing /home/airflow/.local/lib/python3.11/site-packages/airflow/example_dags/example_sla_dag.py took 0.057 seconds
[2024-03-04T16:16:56.757+0000] {processor.py:161} INFO - Started process (PID=2741) to work on /home/airflow/.local/lib/python3.11/site-packages/airflow/example_dags/example_sla_dag.py
[2024-03-04T16:16:56.758+0000] {processor.py:830} INFO - Processing file /home/airflow/.local/lib/python3.11/site-packages/airflow/example_dags/example_sla_dag.py for tasks to queue
[2024-03-04T16:16:56.759+0000] {logging_mixin.py:188} INFO - [2024-03-04T16:16:56.759+0000] {dagbag.py:540} INFO - Filling up the DagBag from /home/airflow/.local/lib/python3.11/site-packages/airflow/example_dags/example_sla_dag.py
[2024-03-04T16:16:56.764+0000] {processor.py:840} INFO - DAG(s) 'example_sla_dag' retrieved from /home/airflow/.local/lib/python3.11/site-packages/airflow/example_dags/example_sla_dag.py
[2024-03-04T16:16:56.772+0000] {logging_mixin.py:188} INFO - [2024-03-04T16:16:56.772+0000] {dag.py:3047} INFO - Sync 1 DAGs
[2024-03-04T16:16:56.782+0000] {logging_mixin.py:188} INFO - [2024-03-04T16:16:56.782+0000] {dag.py:3834} INFO - Setting next_dagrun for example_sla_dag to 2024-03-04 16:14:00+00:00, run_after=2024-03-04 16:16:00+00:00
[2024-03-04T16:16:56.789+0000] {processor.py:183} INFO - Processing /home/airflow/.local/lib/python3.11/site-packages/airflow/example_dags/example_sla_dag.py took 0.033 seconds
[2024-03-04T16:17:27.561+0000] {processor.py:161} INFO - Started process (PID=2796) to work on /home/airflow/.local/lib/python3.11/site-packages/airflow/example_dags/example_sla_dag.py
[2024-03-04T16:17:27.562+0000] {processor.py:830} INFO - Processing file /home/airflow/.local/lib/python3.11/site-packages/airflow/example_dags/example_sla_dag.py for tasks to queue
[2024-03-04T16:17:27.563+0000] {logging_mixin.py:188} INFO - [2024-03-04T16:17:27.563+0000] {dagbag.py:540} INFO - Filling up the DagBag from /home/airflow/.local/lib/python3.11/site-packages/airflow/example_dags/example_sla_dag.py
[2024-03-04T16:17:27.567+0000] {processor.py:840} INFO - DAG(s) 'example_sla_dag' retrieved from /home/airflow/.local/lib/python3.11/site-packages/airflow/example_dags/example_sla_dag.py
[2024-03-04T16:17:27.576+0000] {logging_mixin.py:188} INFO - [2024-03-04T16:17:27.576+0000] {dag.py:3047} INFO - Sync 1 DAGs
[2024-03-04T16:17:27.586+0000] {logging_mixin.py:188} INFO - [2024-03-04T16:17:27.586+0000] {dag.py:3834} INFO - Setting next_dagrun for example_sla_dag to 2024-03-04 16:14:00+00:00, run_after=2024-03-04 16:16:00+00:00
[2024-03-04T16:17:27.593+0000] {processor.py:183} INFO - Processing /home/airflow/.local/lib/python3.11/site-packages/airflow/example_dags/example_sla_dag.py took 0.033 seconds
[2024-03-04T16:17:57.872+0000] {processor.py:161} INFO - Started process (PID=2851) to work on /home/airflow/.local/lib/python3.11/site-packages/airflow/example_dags/example_sla_dag.py
[2024-03-04T16:17:57.873+0000] {processor.py:830} INFO - Processing file /home/airflow/.local/lib/python3.11/site-packages/airflow/example_dags/example_sla_dag.py for tasks to queue
[2024-03-04T16:17:57.874+0000] {logging_mixin.py:188} INFO - [2024-03-04T16:17:57.874+0000] {dagbag.py:540} INFO - Filling up the DagBag from /home/airflow/.local/lib/python3.11/site-packages/airflow/example_dags/example_sla_dag.py
[2024-03-04T16:17:57.879+0000] {processor.py:840} INFO - DAG(s) 'example_sla_dag' retrieved from /home/airflow/.local/lib/python3.11/site-packages/airflow/example_dags/example_sla_dag.py
[2024-03-04T16:17:57.887+0000] {logging_mixin.py:188} INFO - [2024-03-04T16:17:57.887+0000] {dag.py:3047} INFO - Sync 1 DAGs
[2024-03-04T16:17:57.897+0000] {logging_mixin.py:188} INFO - [2024-03-04T16:17:57.897+0000] {dag.py:3834} INFO - Setting next_dagrun for example_sla_dag to 2024-03-04 16:14:00+00:00, run_after=2024-03-04 16:16:00+00:00
[2024-03-04T16:17:57.904+0000] {processor.py:183} INFO - Processing /home/airflow/.local/lib/python3.11/site-packages/airflow/example_dags/example_sla_dag.py took 0.033 seconds
[2024-03-04T16:18:28.332+0000] {processor.py:161} INFO - Started process (PID=2906) to work on /home/airflow/.local/lib/python3.11/site-packages/airflow/example_dags/example_sla_dag.py
[2024-03-04T16:18:28.335+0000] {processor.py:830} INFO - Processing file /home/airflow/.local/lib/python3.11/site-packages/airflow/example_dags/example_sla_dag.py for tasks to queue
[2024-03-04T16:18:28.337+0000] {logging_mixin.py:188} INFO - [2024-03-04T16:18:28.337+0000] {dagbag.py:540} INFO - Filling up the DagBag from /home/airflow/.local/lib/python3.11/site-packages/airflow/example_dags/example_sla_dag.py
[2024-03-04T16:18:28.350+0000] {processor.py:840} INFO - DAG(s) 'example_sla_dag' retrieved from /home/airflow/.local/lib/python3.11/site-packages/airflow/example_dags/example_sla_dag.py
[2024-03-04T16:18:28.362+0000] {logging_mixin.py:188} INFO - [2024-03-04T16:18:28.361+0000] {dag.py:3047} INFO - Sync 1 DAGs
[2024-03-04T16:18:28.381+0000] {logging_mixin.py:188} INFO - [2024-03-04T16:18:28.381+0000] {dag.py:3834} INFO - Setting next_dagrun for example_sla_dag to 2024-03-04 16:16:00+00:00, run_after=2024-03-04 16:18:00+00:00
[2024-03-04T16:18:28.389+0000] {processor.py:183} INFO - Processing /home/airflow/.local/lib/python3.11/site-packages/airflow/example_dags/example_sla_dag.py took 0.061 seconds
[2024-03-04T16:18:58.448+0000] {processor.py:161} INFO - Started process (PID=2961) to work on /home/airflow/.local/lib/python3.11/site-packages/airflow/example_dags/example_sla_dag.py
[2024-03-04T16:18:58.449+0000] {processor.py:830} INFO - Processing file /home/airflow/.local/lib/python3.11/site-packages/airflow/example_dags/example_sla_dag.py for tasks to queue
[2024-03-04T16:18:58.450+0000] {logging_mixin.py:188} INFO - [2024-03-04T16:18:58.449+0000] {dagbag.py:540} INFO - Filling up the DagBag from /home/airflow/.local/lib/python3.11/site-packages/airflow/example_dags/example_sla_dag.py
[2024-03-04T16:18:58.454+0000] {processor.py:840} INFO - DAG(s) 'example_sla_dag' retrieved from /home/airflow/.local/lib/python3.11/site-packages/airflow/example_dags/example_sla_dag.py
[2024-03-04T16:18:58.463+0000] {logging_mixin.py:188} INFO - [2024-03-04T16:18:58.463+0000] {dag.py:3047} INFO - Sync 1 DAGs
[2024-03-04T16:18:58.474+0000] {logging_mixin.py:188} INFO - [2024-03-04T16:18:58.474+0000] {dag.py:3834} INFO - Setting next_dagrun for example_sla_dag to 2024-03-04 16:16:00+00:00, run_after=2024-03-04 16:18:00+00:00
[2024-03-04T16:18:58.480+0000] {processor.py:183} INFO - Processing /home/airflow/.local/lib/python3.11/site-packages/airflow/example_dags/example_sla_dag.py took 0.034 seconds
[2024-03-04T16:19:28.662+0000] {processor.py:161} INFO - Started process (PID=3016) to work on /home/airflow/.local/lib/python3.11/site-packages/airflow/example_dags/example_sla_dag.py
[2024-03-04T16:19:28.662+0000] {processor.py:830} INFO - Processing file /home/airflow/.local/lib/python3.11/site-packages/airflow/example_dags/example_sla_dag.py for tasks to queue
[2024-03-04T16:19:28.663+0000] {logging_mixin.py:188} INFO - [2024-03-04T16:19:28.663+0000] {dagbag.py:540} INFO - Filling up the DagBag from /home/airflow/.local/lib/python3.11/site-packages/airflow/example_dags/example_sla_dag.py
[2024-03-04T16:19:28.668+0000] {processor.py:840} INFO - DAG(s) 'example_sla_dag' retrieved from /home/airflow/.local/lib/python3.11/site-packages/airflow/example_dags/example_sla_dag.py
[2024-03-04T16:19:28.677+0000] {logging_mixin.py:188} INFO - [2024-03-04T16:19:28.677+0000] {dag.py:3047} INFO - Sync 1 DAGs
[2024-03-04T16:19:28.688+0000] {logging_mixin.py:188} INFO - [2024-03-04T16:19:28.688+0000] {dag.py:3834} INFO - Setting next_dagrun for example_sla_dag to 2024-03-04 16:16:00+00:00, run_after=2024-03-04 16:18:00+00:00
[2024-03-04T16:19:28.694+0000] {processor.py:183} INFO - Processing /home/airflow/.local/lib/python3.11/site-packages/airflow/example_dags/example_sla_dag.py took 0.034 seconds
[2024-03-04T16:19:59.539+0000] {processor.py:161} INFO - Started process (PID=3071) to work on /home/airflow/.local/lib/python3.11/site-packages/airflow/example_dags/example_sla_dag.py
[2024-03-04T16:19:59.542+0000] {processor.py:830} INFO - Processing file /home/airflow/.local/lib/python3.11/site-packages/airflow/example_dags/example_sla_dag.py for tasks to queue
[2024-03-04T16:19:59.543+0000] {logging_mixin.py:188} INFO - [2024-03-04T16:19:59.543+0000] {dagbag.py:540} INFO - Filling up the DagBag from /home/airflow/.local/lib/python3.11/site-packages/airflow/example_dags/example_sla_dag.py
[2024-03-04T16:19:59.549+0000] {processor.py:840} INFO - DAG(s) 'example_sla_dag' retrieved from /home/airflow/.local/lib/python3.11/site-packages/airflow/example_dags/example_sla_dag.py
[2024-03-04T16:19:59.577+0000] {logging_mixin.py:188} INFO - [2024-03-04T16:19:59.576+0000] {dag.py:3047} INFO - Sync 1 DAGs
[2024-03-04T16:19:59.592+0000] {logging_mixin.py:188} INFO - [2024-03-04T16:19:59.592+0000] {dag.py:3834} INFO - Setting next_dagrun for example_sla_dag to 2024-03-04 16:16:00+00:00, run_after=2024-03-04 16:18:00+00:00
[2024-03-04T16:19:59.600+0000] {processor.py:183} INFO - Processing /home/airflow/.local/lib/python3.11/site-packages/airflow/example_dags/example_sla_dag.py took 0.065 seconds
[2024-03-04T16:20:30.551+0000] {processor.py:161} INFO - Started process (PID=3126) to work on /home/airflow/.local/lib/python3.11/site-packages/airflow/example_dags/example_sla_dag.py
[2024-03-04T16:20:30.552+0000] {processor.py:830} INFO - Processing file /home/airflow/.local/lib/python3.11/site-packages/airflow/example_dags/example_sla_dag.py for tasks to queue
[2024-03-04T16:20:30.553+0000] {logging_mixin.py:188} INFO - [2024-03-04T16:20:30.553+0000] {dagbag.py:540} INFO - Filling up the DagBag from /home/airflow/.local/lib/python3.11/site-packages/airflow/example_dags/example_sla_dag.py
[2024-03-04T16:20:30.559+0000] {processor.py:840} INFO - DAG(s) 'example_sla_dag' retrieved from /home/airflow/.local/lib/python3.11/site-packages/airflow/example_dags/example_sla_dag.py
[2024-03-04T16:20:30.568+0000] {logging_mixin.py:188} INFO - [2024-03-04T16:20:30.568+0000] {dag.py:3047} INFO - Sync 1 DAGs
[2024-03-04T16:20:30.587+0000] {logging_mixin.py:188} INFO - [2024-03-04T16:20:30.587+0000] {dag.py:3834} INFO - Setting next_dagrun for example_sla_dag to 2024-03-04 16:18:00+00:00, run_after=2024-03-04 16:20:00+00:00
[2024-03-04T16:20:30.594+0000] {processor.py:183} INFO - Processing /home/airflow/.local/lib/python3.11/site-packages/airflow/example_dags/example_sla_dag.py took 0.045 seconds
[2024-03-04T16:21:00.735+0000] {processor.py:161} INFO - Started process (PID=3181) to work on /home/airflow/.local/lib/python3.11/site-packages/airflow/example_dags/example_sla_dag.py
[2024-03-04T16:21:00.735+0000] {processor.py:830} INFO - Processing file /home/airflow/.local/lib/python3.11/site-packages/airflow/example_dags/example_sla_dag.py for tasks to queue
[2024-03-04T16:21:00.737+0000] {logging_mixin.py:188} INFO - [2024-03-04T16:21:00.736+0000] {dagbag.py:540} INFO - Filling up the DagBag from /home/airflow/.local/lib/python3.11/site-packages/airflow/example_dags/example_sla_dag.py
[2024-03-04T16:21:00.743+0000] {processor.py:840} INFO - DAG(s) 'example_sla_dag' retrieved from /home/airflow/.local/lib/python3.11/site-packages/airflow/example_dags/example_sla_dag.py
[2024-03-04T16:21:00.752+0000] {logging_mixin.py:188} INFO - [2024-03-04T16:21:00.752+0000] {dag.py:3047} INFO - Sync 1 DAGs
[2024-03-04T16:21:00.762+0000] {logging_mixin.py:188} INFO - [2024-03-04T16:21:00.762+0000] {dag.py:3834} INFO - Setting next_dagrun for example_sla_dag to 2024-03-04 16:18:00+00:00, run_after=2024-03-04 16:20:00+00:00
[2024-03-04T16:21:00.768+0000] {processor.py:183} INFO - Processing /home/airflow/.local/lib/python3.11/site-packages/airflow/example_dags/example_sla_dag.py took 0.036 seconds
[2024-03-04T16:21:30.955+0000] {processor.py:161} INFO - Started process (PID=3236) to work on /home/airflow/.local/lib/python3.11/site-packages/airflow/example_dags/example_sla_dag.py
[2024-03-04T16:21:30.956+0000] {processor.py:830} INFO - Processing file /home/airflow/.local/lib/python3.11/site-packages/airflow/example_dags/example_sla_dag.py for tasks to queue
[2024-03-04T16:21:30.957+0000] {logging_mixin.py:188} INFO - [2024-03-04T16:21:30.957+0000] {dagbag.py:540} INFO - Filling up the DagBag from /home/airflow/.local/lib/python3.11/site-packages/airflow/example_dags/example_sla_dag.py
[2024-03-04T16:21:30.962+0000] {processor.py:840} INFO - DAG(s) 'example_sla_dag' retrieved from /home/airflow/.local/lib/python3.11/site-packages/airflow/example_dags/example_sla_dag.py
[2024-03-04T16:21:30.985+0000] {logging_mixin.py:188} INFO - [2024-03-04T16:21:30.985+0000] {dag.py:3047} INFO - Sync 1 DAGs
[2024-03-04T16:21:30.998+0000] {logging_mixin.py:188} INFO - [2024-03-04T16:21:30.998+0000] {dag.py:3834} INFO - Setting next_dagrun for example_sla_dag to 2024-03-04 16:18:00+00:00, run_after=2024-03-04 16:20:00+00:00
[2024-03-04T16:21:31.006+0000] {processor.py:183} INFO - Processing /home/airflow/.local/lib/python3.11/site-packages/airflow/example_dags/example_sla_dag.py took 0.052 seconds
[2024-03-04T16:22:01.394+0000] {processor.py:161} INFO - Started process (PID=3291) to work on /home/airflow/.local/lib/python3.11/site-packages/airflow/example_dags/example_sla_dag.py
[2024-03-04T16:22:01.395+0000] {processor.py:830} INFO - Processing file /home/airflow/.local/lib/python3.11/site-packages/airflow/example_dags/example_sla_dag.py for tasks to queue
[2024-03-04T16:22:01.396+0000] {logging_mixin.py:188} INFO - [2024-03-04T16:22:01.396+0000] {dagbag.py:540} INFO - Filling up the DagBag from /home/airflow/.local/lib/python3.11/site-packages/airflow/example_dags/example_sla_dag.py
[2024-03-04T16:22:01.401+0000] {processor.py:840} INFO - DAG(s) 'example_sla_dag' retrieved from /home/airflow/.local/lib/python3.11/site-packages/airflow/example_dags/example_sla_dag.py
[2024-03-04T16:22:01.410+0000] {logging_mixin.py:188} INFO - [2024-03-04T16:22:01.410+0000] {dag.py:3047} INFO - Sync 1 DAGs
[2024-03-04T16:22:01.420+0000] {logging_mixin.py:188} INFO - [2024-03-04T16:22:01.420+0000] {dag.py:3834} INFO - Setting next_dagrun for example_sla_dag to 2024-03-04 16:20:00+00:00, run_after=2024-03-04 16:22:00+00:00
[2024-03-04T16:22:01.427+0000] {processor.py:183} INFO - Processing /home/airflow/.local/lib/python3.11/site-packages/airflow/example_dags/example_sla_dag.py took 0.034 seconds
[2024-03-04T16:22:31.639+0000] {processor.py:161} INFO - Started process (PID=3346) to work on /home/airflow/.local/lib/python3.11/site-packages/airflow/example_dags/example_sla_dag.py
[2024-03-04T16:22:31.640+0000] {processor.py:830} INFO - Processing file /home/airflow/.local/lib/python3.11/site-packages/airflow/example_dags/example_sla_dag.py for tasks to queue
[2024-03-04T16:22:31.642+0000] {logging_mixin.py:188} INFO - [2024-03-04T16:22:31.642+0000] {dagbag.py:540} INFO - Filling up the DagBag from /home/airflow/.local/lib/python3.11/site-packages/airflow/example_dags/example_sla_dag.py
[2024-03-04T16:22:31.649+0000] {processor.py:840} INFO - DAG(s) 'example_sla_dag' retrieved from /home/airflow/.local/lib/python3.11/site-packages/airflow/example_dags/example_sla_dag.py
[2024-03-04T16:22:31.662+0000] {logging_mixin.py:188} INFO - [2024-03-04T16:22:31.662+0000] {dag.py:3047} INFO - Sync 1 DAGs
[2024-03-04T16:22:31.676+0000] {logging_mixin.py:188} INFO - [2024-03-04T16:22:31.676+0000] {dag.py:3834} INFO - Setting next_dagrun for example_sla_dag to 2024-03-04 16:20:00+00:00, run_after=2024-03-04 16:22:00+00:00
[2024-03-04T16:22:31.685+0000] {processor.py:183} INFO - Processing /home/airflow/.local/lib/python3.11/site-packages/airflow/example_dags/example_sla_dag.py took 0.048 seconds
[2024-03-04T16:23:01.836+0000] {processor.py:161} INFO - Started process (PID=3401) to work on /home/airflow/.local/lib/python3.11/site-packages/airflow/example_dags/example_sla_dag.py
[2024-03-04T16:23:01.837+0000] {processor.py:830} INFO - Processing file /home/airflow/.local/lib/python3.11/site-packages/airflow/example_dags/example_sla_dag.py for tasks to queue
[2024-03-04T16:23:01.838+0000] {logging_mixin.py:188} INFO - [2024-03-04T16:23:01.838+0000] {dagbag.py:540} INFO - Filling up the DagBag from /home/airflow/.local/lib/python3.11/site-packages/airflow/example_dags/example_sla_dag.py
[2024-03-04T16:23:01.843+0000] {processor.py:840} INFO - DAG(s) 'example_sla_dag' retrieved from /home/airflow/.local/lib/python3.11/site-packages/airflow/example_dags/example_sla_dag.py
[2024-03-04T16:23:01.852+0000] {logging_mixin.py:188} INFO - [2024-03-04T16:23:01.852+0000] {dag.py:3047} INFO - Sync 1 DAGs
[2024-03-04T16:23:01.863+0000] {logging_mixin.py:188} INFO - [2024-03-04T16:23:01.863+0000] {dag.py:3834} INFO - Setting next_dagrun for example_sla_dag to 2024-03-04 16:20:00+00:00, run_after=2024-03-04 16:22:00+00:00
[2024-03-04T16:23:01.870+0000] {processor.py:183} INFO - Processing /home/airflow/.local/lib/python3.11/site-packages/airflow/example_dags/example_sla_dag.py took 0.035 seconds
[2024-03-04T16:23:32.023+0000] {processor.py:161} INFO - Started process (PID=3455) to work on /home/airflow/.local/lib/python3.11/site-packages/airflow/example_dags/example_sla_dag.py
[2024-03-04T16:23:32.024+0000] {processor.py:830} INFO - Processing file /home/airflow/.local/lib/python3.11/site-packages/airflow/example_dags/example_sla_dag.py for tasks to queue
[2024-03-04T16:23:32.025+0000] {logging_mixin.py:188} INFO - [2024-03-04T16:23:32.024+0000] {dagbag.py:540} INFO - Filling up the DagBag from /home/airflow/.local/lib/python3.11/site-packages/airflow/example_dags/example_sla_dag.py
[2024-03-04T16:23:32.029+0000] {processor.py:840} INFO - DAG(s) 'example_sla_dag' retrieved from /home/airflow/.local/lib/python3.11/site-packages/airflow/example_dags/example_sla_dag.py
[2024-03-04T16:23:32.038+0000] {logging_mixin.py:188} INFO - [2024-03-04T16:23:32.038+0000] {dag.py:3047} INFO - Sync 1 DAGs
[2024-03-04T16:23:32.048+0000] {logging_mixin.py:188} INFO - [2024-03-04T16:23:32.048+0000] {dag.py:3834} INFO - Setting next_dagrun for example_sla_dag to 2024-03-04 16:20:00+00:00, run_after=2024-03-04 16:22:00+00:00
[2024-03-04T16:23:32.054+0000] {processor.py:183} INFO - Processing /home/airflow/.local/lib/python3.11/site-packages/airflow/example_dags/example_sla_dag.py took 0.033 seconds
[2024-03-04T16:24:02.552+0000] {processor.py:161} INFO - Started process (PID=3510) to work on /home/airflow/.local/lib/python3.11/site-packages/airflow/example_dags/example_sla_dag.py
[2024-03-04T16:24:02.553+0000] {processor.py:830} INFO - Processing file /home/airflow/.local/lib/python3.11/site-packages/airflow/example_dags/example_sla_dag.py for tasks to queue
[2024-03-04T16:24:02.554+0000] {logging_mixin.py:188} INFO - [2024-03-04T16:24:02.554+0000] {dagbag.py:540} INFO - Filling up the DagBag from /home/airflow/.local/lib/python3.11/site-packages/airflow/example_dags/example_sla_dag.py
[2024-03-04T16:24:02.558+0000] {processor.py:840} INFO - DAG(s) 'example_sla_dag' retrieved from /home/airflow/.local/lib/python3.11/site-packages/airflow/example_dags/example_sla_dag.py
[2024-03-04T16:24:02.591+0000] {logging_mixin.py:188} INFO - [2024-03-04T16:24:02.591+0000] {dag.py:3047} INFO - Sync 1 DAGs
[2024-03-04T16:24:02.604+0000] {logging_mixin.py:188} INFO - [2024-03-04T16:24:02.604+0000] {dag.py:3834} INFO - Setting next_dagrun for example_sla_dag to 2024-03-04 16:22:00+00:00, run_after=2024-03-04 16:24:00+00:00
[2024-03-04T16:24:02.611+0000] {processor.py:183} INFO - Processing /home/airflow/.local/lib/python3.11/site-packages/airflow/example_dags/example_sla_dag.py took 0.061 seconds
[2024-03-04T16:24:32.783+0000] {processor.py:161} INFO - Started process (PID=3565) to work on /home/airflow/.local/lib/python3.11/site-packages/airflow/example_dags/example_sla_dag.py
[2024-03-04T16:24:32.783+0000] {processor.py:830} INFO - Processing file /home/airflow/.local/lib/python3.11/site-packages/airflow/example_dags/example_sla_dag.py for tasks to queue
[2024-03-04T16:24:32.784+0000] {logging_mixin.py:188} INFO - [2024-03-04T16:24:32.784+0000] {dagbag.py:540} INFO - Filling up the DagBag from /home/airflow/.local/lib/python3.11/site-packages/airflow/example_dags/example_sla_dag.py
[2024-03-04T16:24:32.797+0000] {processor.py:840} INFO - DAG(s) 'example_sla_dag' retrieved from /home/airflow/.local/lib/python3.11/site-packages/airflow/example_dags/example_sla_dag.py
[2024-03-04T16:24:32.822+0000] {logging_mixin.py:188} INFO - [2024-03-04T16:24:32.821+0000] {dag.py:3047} INFO - Sync 1 DAGs
[2024-03-04T16:24:32.833+0000] {logging_mixin.py:188} INFO - [2024-03-04T16:24:32.833+0000] {dag.py:3834} INFO - Setting next_dagrun for example_sla_dag to 2024-03-04 16:22:00+00:00, run_after=2024-03-04 16:24:00+00:00
[2024-03-04T16:24:32.840+0000] {processor.py:183} INFO - Processing /home/airflow/.local/lib/python3.11/site-packages/airflow/example_dags/example_sla_dag.py took 0.059 seconds
[2024-03-04T16:25:03.092+0000] {processor.py:161} INFO - Started process (PID=3620) to work on /home/airflow/.local/lib/python3.11/site-packages/airflow/example_dags/example_sla_dag.py
[2024-03-04T16:25:03.093+0000] {processor.py:830} INFO - Processing file /home/airflow/.local/lib/python3.11/site-packages/airflow/example_dags/example_sla_dag.py for tasks to queue
[2024-03-04T16:25:03.094+0000] {logging_mixin.py:188} INFO - [2024-03-04T16:25:03.094+0000] {dagbag.py:540} INFO - Filling up the DagBag from /home/airflow/.local/lib/python3.11/site-packages/airflow/example_dags/example_sla_dag.py
[2024-03-04T16:25:03.099+0000] {processor.py:840} INFO - DAG(s) 'example_sla_dag' retrieved from /home/airflow/.local/lib/python3.11/site-packages/airflow/example_dags/example_sla_dag.py
[2024-03-04T16:25:03.108+0000] {logging_mixin.py:188} INFO - [2024-03-04T16:25:03.108+0000] {dag.py:3047} INFO - Sync 1 DAGs
[2024-03-04T16:25:03.118+0000] {logging_mixin.py:188} INFO - [2024-03-04T16:25:03.118+0000] {dag.py:3834} INFO - Setting next_dagrun for example_sla_dag to 2024-03-04 16:22:00+00:00, run_after=2024-03-04 16:24:00+00:00
[2024-03-04T16:25:03.125+0000] {processor.py:183} INFO - Processing /home/airflow/.local/lib/python3.11/site-packages/airflow/example_dags/example_sla_dag.py took 0.035 seconds
[2024-03-04T16:25:33.491+0000] {processor.py:161} INFO - Started process (PID=3675) to work on /home/airflow/.local/lib/python3.11/site-packages/airflow/example_dags/example_sla_dag.py
[2024-03-04T16:25:33.494+0000] {processor.py:830} INFO - Processing file /home/airflow/.local/lib/python3.11/site-packages/airflow/example_dags/example_sla_dag.py for tasks to queue
[2024-03-04T16:25:33.496+0000] {logging_mixin.py:188} INFO - [2024-03-04T16:25:33.496+0000] {dagbag.py:540} INFO - Filling up the DagBag from /home/airflow/.local/lib/python3.11/site-packages/airflow/example_dags/example_sla_dag.py
[2024-03-04T16:25:33.503+0000] {processor.py:840} INFO - DAG(s) 'example_sla_dag' retrieved from /home/airflow/.local/lib/python3.11/site-packages/airflow/example_dags/example_sla_dag.py
[2024-03-04T16:25:33.522+0000] {logging_mixin.py:188} INFO - [2024-03-04T16:25:33.522+0000] {dag.py:3047} INFO - Sync 1 DAGs
[2024-03-04T16:25:33.535+0000] {logging_mixin.py:188} INFO - [2024-03-04T16:25:33.535+0000] {dag.py:3834} INFO - Setting next_dagrun for example_sla_dag to 2024-03-04 16:22:00+00:00, run_after=2024-03-04 16:24:00+00:00
[2024-03-04T16:25:33.542+0000] {processor.py:183} INFO - Processing /home/airflow/.local/lib/python3.11/site-packages/airflow/example_dags/example_sla_dag.py took 0.055 seconds
[2024-03-04T16:26:04.122+0000] {processor.py:161} INFO - Started process (PID=3730) to work on /home/airflow/.local/lib/python3.11/site-packages/airflow/example_dags/example_sla_dag.py
[2024-03-04T16:26:04.124+0000] {processor.py:830} INFO - Processing file /home/airflow/.local/lib/python3.11/site-packages/airflow/example_dags/example_sla_dag.py for tasks to queue
[2024-03-04T16:26:04.126+0000] {logging_mixin.py:188} INFO - [2024-03-04T16:26:04.126+0000] {dagbag.py:540} INFO - Filling up the DagBag from /home/airflow/.local/lib/python3.11/site-packages/airflow/example_dags/example_sla_dag.py
[2024-03-04T16:26:04.134+0000] {processor.py:840} INFO - DAG(s) 'example_sla_dag' retrieved from /home/airflow/.local/lib/python3.11/site-packages/airflow/example_dags/example_sla_dag.py
[2024-03-04T16:26:04.157+0000] {logging_mixin.py:188} INFO - [2024-03-04T16:26:04.157+0000] {dag.py:3047} INFO - Sync 1 DAGs
[2024-03-04T16:26:04.177+0000] {logging_mixin.py:188} INFO - [2024-03-04T16:26:04.177+0000] {dag.py:3834} INFO - Setting next_dagrun for example_sla_dag to 2024-03-04 16:24:00+00:00, run_after=2024-03-04 16:26:00+00:00
[2024-03-04T16:26:04.194+0000] {processor.py:183} INFO - Processing /home/airflow/.local/lib/python3.11/site-packages/airflow/example_dags/example_sla_dag.py took 0.074 seconds
[2024-03-04T16:26:34.354+0000] {processor.py:161} INFO - Started process (PID=3785) to work on /home/airflow/.local/lib/python3.11/site-packages/airflow/example_dags/example_sla_dag.py
[2024-03-04T16:26:34.355+0000] {processor.py:830} INFO - Processing file /home/airflow/.local/lib/python3.11/site-packages/airflow/example_dags/example_sla_dag.py for tasks to queue
[2024-03-04T16:26:34.359+0000] {logging_mixin.py:188} INFO - [2024-03-04T16:26:34.359+0000] {dagbag.py:540} INFO - Filling up the DagBag from /home/airflow/.local/lib/python3.11/site-packages/airflow/example_dags/example_sla_dag.py
[2024-03-04T16:26:34.366+0000] {processor.py:840} INFO - DAG(s) 'example_sla_dag' retrieved from /home/airflow/.local/lib/python3.11/site-packages/airflow/example_dags/example_sla_dag.py
[2024-03-04T16:26:34.377+0000] {logging_mixin.py:188} INFO - [2024-03-04T16:26:34.377+0000] {dag.py:3047} INFO - Sync 1 DAGs
[2024-03-04T16:26:34.388+0000] {logging_mixin.py:188} INFO - [2024-03-04T16:26:34.388+0000] {dag.py:3834} INFO - Setting next_dagrun for example_sla_dag to 2024-03-04 16:24:00+00:00, run_after=2024-03-04 16:26:00+00:00
[2024-03-04T16:26:34.395+0000] {processor.py:183} INFO - Processing /home/airflow/.local/lib/python3.11/site-packages/airflow/example_dags/example_sla_dag.py took 0.043 seconds
[2024-03-04T16:27:05.303+0000] {processor.py:161} INFO - Started process (PID=3840) to work on /home/airflow/.local/lib/python3.11/site-packages/airflow/example_dags/example_sla_dag.py
[2024-03-04T16:27:05.303+0000] {processor.py:830} INFO - Processing file /home/airflow/.local/lib/python3.11/site-packages/airflow/example_dags/example_sla_dag.py for tasks to queue
[2024-03-04T16:27:05.304+0000] {logging_mixin.py:188} INFO - [2024-03-04T16:27:05.304+0000] {dagbag.py:540} INFO - Filling up the DagBag from /home/airflow/.local/lib/python3.11/site-packages/airflow/example_dags/example_sla_dag.py
[2024-03-04T16:27:05.309+0000] {processor.py:840} INFO - DAG(s) 'example_sla_dag' retrieved from /home/airflow/.local/lib/python3.11/site-packages/airflow/example_dags/example_sla_dag.py
[2024-03-04T16:27:05.317+0000] {logging_mixin.py:188} INFO - [2024-03-04T16:27:05.317+0000] {dag.py:3047} INFO - Sync 1 DAGs
[2024-03-04T16:27:05.327+0000] {logging_mixin.py:188} INFO - [2024-03-04T16:27:05.327+0000] {dag.py:3834} INFO - Setting next_dagrun for example_sla_dag to 2024-03-04 16:24:00+00:00, run_after=2024-03-04 16:26:00+00:00
[2024-03-04T16:27:05.334+0000] {processor.py:183} INFO - Processing /home/airflow/.local/lib/python3.11/site-packages/airflow/example_dags/example_sla_dag.py took 0.033 seconds
[2024-03-04T16:27:35.437+0000] {processor.py:161} INFO - Started process (PID=3895) to work on /home/airflow/.local/lib/python3.11/site-packages/airflow/example_dags/example_sla_dag.py
[2024-03-04T16:27:35.438+0000] {processor.py:830} INFO - Processing file /home/airflow/.local/lib/python3.11/site-packages/airflow/example_dags/example_sla_dag.py for tasks to queue
[2024-03-04T16:27:35.439+0000] {logging_mixin.py:188} INFO - [2024-03-04T16:27:35.439+0000] {dagbag.py:540} INFO - Filling up the DagBag from /home/airflow/.local/lib/python3.11/site-packages/airflow/example_dags/example_sla_dag.py
[2024-03-04T16:27:35.444+0000] {processor.py:840} INFO - DAG(s) 'example_sla_dag' retrieved from /home/airflow/.local/lib/python3.11/site-packages/airflow/example_dags/example_sla_dag.py
[2024-03-04T16:27:35.452+0000] {logging_mixin.py:188} INFO - [2024-03-04T16:27:35.452+0000] {dag.py:3047} INFO - Sync 1 DAGs
[2024-03-04T16:27:35.462+0000] {logging_mixin.py:188} INFO - [2024-03-04T16:27:35.462+0000] {dag.py:3834} INFO - Setting next_dagrun for example_sla_dag to 2024-03-04 16:24:00+00:00, run_after=2024-03-04 16:26:00+00:00
[2024-03-04T16:27:35.468+0000] {processor.py:183} INFO - Processing /home/airflow/.local/lib/python3.11/site-packages/airflow/example_dags/example_sla_dag.py took 0.033 seconds
[2024-03-04T16:28:05.715+0000] {processor.py:161} INFO - Started process (PID=3950) to work on /home/airflow/.local/lib/python3.11/site-packages/airflow/example_dags/example_sla_dag.py
[2024-03-04T16:28:05.716+0000] {processor.py:830} INFO - Processing file /home/airflow/.local/lib/python3.11/site-packages/airflow/example_dags/example_sla_dag.py for tasks to queue
[2024-03-04T16:28:05.717+0000] {logging_mixin.py:188} INFO - [2024-03-04T16:28:05.716+0000] {dagbag.py:540} INFO - Filling up the DagBag from /home/airflow/.local/lib/python3.11/site-packages/airflow/example_dags/example_sla_dag.py
[2024-03-04T16:28:05.722+0000] {processor.py:840} INFO - DAG(s) 'example_sla_dag' retrieved from /home/airflow/.local/lib/python3.11/site-packages/airflow/example_dags/example_sla_dag.py
[2024-03-04T16:28:05.730+0000] {logging_mixin.py:188} INFO - [2024-03-04T16:28:05.730+0000] {dag.py:3047} INFO - Sync 1 DAGs
[2024-03-04T16:28:05.741+0000] {logging_mixin.py:188} INFO - [2024-03-04T16:28:05.741+0000] {dag.py:3834} INFO - Setting next_dagrun for example_sla_dag to 2024-03-04 16:26:00+00:00, run_after=2024-03-04 16:28:00+00:00
[2024-03-04T16:28:05.748+0000] {processor.py:183} INFO - Processing /home/airflow/.local/lib/python3.11/site-packages/airflow/example_dags/example_sla_dag.py took 0.035 seconds
