[2024-03-04T15:51:59.679+0000] {processor.py:161} INFO - Started process (PID=72) to work on /home/airflow/.local/lib/python3.11/site-packages/airflow/example_dags/example_time_delta_sensor_async.py
[2024-03-04T15:51:59.680+0000] {processor.py:830} INFO - Processing file /home/airflow/.local/lib/python3.11/site-packages/airflow/example_dags/example_time_delta_sensor_async.py for tasks to queue
[2024-03-04T15:51:59.681+0000] {logging_mixin.py:188} INFO - [2024-03-04T15:51:59.681+0000] {dagbag.py:540} INFO - Filling up the DagBag from /home/airflow/.local/lib/python3.11/site-packages/airflow/example_dags/example_time_delta_sensor_async.py
[2024-03-04T15:51:59.684+0000] {processor.py:840} INFO - DAG(s) 'example_time_delta_sensor_async' retrieved from /home/airflow/.local/lib/python3.11/site-packages/airflow/example_dags/example_time_delta_sensor_async.py
[2024-03-04T15:51:59.744+0000] {logging_mixin.py:188} INFO - [2024-03-04T15:51:59.743+0000] {override.py:1769} INFO - Created Permission View: can read on DAG:example_time_delta_sensor_async
[2024-03-04T15:51:59.747+0000] {logging_mixin.py:188} INFO - [2024-03-04T15:51:59.747+0000] {override.py:1769} INFO - Created Permission View: can delete on DAG:example_time_delta_sensor_async
[2024-03-04T15:51:59.749+0000] {logging_mixin.py:188} INFO - [2024-03-04T15:51:59.749+0000] {override.py:1769} INFO - Created Permission View: can edit on DAG:example_time_delta_sensor_async
[2024-03-04T15:51:59.749+0000] {logging_mixin.py:188} INFO - [2024-03-04T15:51:59.749+0000] {dag.py:3047} INFO - Sync 1 DAGs
[2024-03-04T15:51:59.754+0000] {logging_mixin.py:188} INFO - [2024-03-04T15:51:59.754+0000] {dag.py:3069} INFO - Creating ORM DAG for example_time_delta_sensor_async
[2024-03-04T15:51:59.754+0000] {logging_mixin.py:188} INFO - [2024-03-04T15:51:59.754+0000] {dag.py:3834} INFO - Setting next_dagrun for example_time_delta_sensor_async to None, run_after=None
[2024-03-04T15:51:59.760+0000] {processor.py:183} INFO - Processing /home/airflow/.local/lib/python3.11/site-packages/airflow/example_dags/example_time_delta_sensor_async.py took 0.084 seconds
[2024-03-04T15:52:30.587+0000] {processor.py:161} INFO - Started process (PID=127) to work on /home/airflow/.local/lib/python3.11/site-packages/airflow/example_dags/example_time_delta_sensor_async.py
[2024-03-04T15:52:30.588+0000] {processor.py:830} INFO - Processing file /home/airflow/.local/lib/python3.11/site-packages/airflow/example_dags/example_time_delta_sensor_async.py for tasks to queue
[2024-03-04T15:52:30.589+0000] {logging_mixin.py:188} INFO - [2024-03-04T15:52:30.589+0000] {dagbag.py:540} INFO - Filling up the DagBag from /home/airflow/.local/lib/python3.11/site-packages/airflow/example_dags/example_time_delta_sensor_async.py
[2024-03-04T15:52:30.591+0000] {processor.py:840} INFO - DAG(s) 'example_time_delta_sensor_async' retrieved from /home/airflow/.local/lib/python3.11/site-packages/airflow/example_dags/example_time_delta_sensor_async.py
[2024-03-04T15:52:30.602+0000] {logging_mixin.py:188} INFO - [2024-03-04T15:52:30.601+0000] {dag.py:3047} INFO - Sync 1 DAGs
[2024-03-04T15:52:30.607+0000] {logging_mixin.py:188} INFO - [2024-03-04T15:52:30.607+0000] {dag.py:3834} INFO - Setting next_dagrun for example_time_delta_sensor_async to None, run_after=None
[2024-03-04T15:52:30.616+0000] {processor.py:183} INFO - Processing /home/airflow/.local/lib/python3.11/site-packages/airflow/example_dags/example_time_delta_sensor_async.py took 0.030 seconds
[2024-03-04T15:53:01.467+0000] {processor.py:161} INFO - Started process (PID=182) to work on /home/airflow/.local/lib/python3.11/site-packages/airflow/example_dags/example_time_delta_sensor_async.py
[2024-03-04T15:53:01.467+0000] {processor.py:830} INFO - Processing file /home/airflow/.local/lib/python3.11/site-packages/airflow/example_dags/example_time_delta_sensor_async.py for tasks to queue
[2024-03-04T15:53:01.470+0000] {logging_mixin.py:188} INFO - [2024-03-04T15:53:01.470+0000] {dagbag.py:540} INFO - Filling up the DagBag from /home/airflow/.local/lib/python3.11/site-packages/airflow/example_dags/example_time_delta_sensor_async.py
[2024-03-04T15:53:01.474+0000] {processor.py:840} INFO - DAG(s) 'example_time_delta_sensor_async' retrieved from /home/airflow/.local/lib/python3.11/site-packages/airflow/example_dags/example_time_delta_sensor_async.py
[2024-03-04T15:53:01.485+0000] {logging_mixin.py:188} INFO - [2024-03-04T15:53:01.485+0000] {dag.py:3047} INFO - Sync 1 DAGs
[2024-03-04T15:53:01.490+0000] {logging_mixin.py:188} INFO - [2024-03-04T15:53:01.490+0000] {dag.py:3834} INFO - Setting next_dagrun for example_time_delta_sensor_async to None, run_after=None
[2024-03-04T15:53:01.498+0000] {processor.py:183} INFO - Processing /home/airflow/.local/lib/python3.11/site-packages/airflow/example_dags/example_time_delta_sensor_async.py took 0.033 seconds
[2024-03-04T15:53:31.874+0000] {processor.py:161} INFO - Started process (PID=237) to work on /home/airflow/.local/lib/python3.11/site-packages/airflow/example_dags/example_time_delta_sensor_async.py
[2024-03-04T15:53:31.874+0000] {processor.py:830} INFO - Processing file /home/airflow/.local/lib/python3.11/site-packages/airflow/example_dags/example_time_delta_sensor_async.py for tasks to queue
[2024-03-04T15:53:31.875+0000] {logging_mixin.py:188} INFO - [2024-03-04T15:53:31.875+0000] {dagbag.py:540} INFO - Filling up the DagBag from /home/airflow/.local/lib/python3.11/site-packages/airflow/example_dags/example_time_delta_sensor_async.py
[2024-03-04T15:53:31.878+0000] {processor.py:840} INFO - DAG(s) 'example_time_delta_sensor_async' retrieved from /home/airflow/.local/lib/python3.11/site-packages/airflow/example_dags/example_time_delta_sensor_async.py
[2024-03-04T15:53:31.893+0000] {logging_mixin.py:188} INFO - [2024-03-04T15:53:31.893+0000] {dag.py:3047} INFO - Sync 1 DAGs
[2024-03-04T15:53:31.900+0000] {logging_mixin.py:188} INFO - [2024-03-04T15:53:31.900+0000] {dag.py:3834} INFO - Setting next_dagrun for example_time_delta_sensor_async to None, run_after=None
[2024-03-04T15:53:31.908+0000] {processor.py:183} INFO - Processing /home/airflow/.local/lib/python3.11/site-packages/airflow/example_dags/example_time_delta_sensor_async.py took 0.036 seconds
[2024-03-04T15:54:02.783+0000] {processor.py:161} INFO - Started process (PID=292) to work on /home/airflow/.local/lib/python3.11/site-packages/airflow/example_dags/example_time_delta_sensor_async.py
[2024-03-04T15:54:02.783+0000] {processor.py:830} INFO - Processing file /home/airflow/.local/lib/python3.11/site-packages/airflow/example_dags/example_time_delta_sensor_async.py for tasks to queue
[2024-03-04T15:54:02.784+0000] {logging_mixin.py:188} INFO - [2024-03-04T15:54:02.784+0000] {dagbag.py:540} INFO - Filling up the DagBag from /home/airflow/.local/lib/python3.11/site-packages/airflow/example_dags/example_time_delta_sensor_async.py
[2024-03-04T15:54:02.787+0000] {processor.py:840} INFO - DAG(s) 'example_time_delta_sensor_async' retrieved from /home/airflow/.local/lib/python3.11/site-packages/airflow/example_dags/example_time_delta_sensor_async.py
[2024-03-04T15:54:02.798+0000] {logging_mixin.py:188} INFO - [2024-03-04T15:54:02.797+0000] {dag.py:3047} INFO - Sync 1 DAGs
[2024-03-04T15:54:02.803+0000] {logging_mixin.py:188} INFO - [2024-03-04T15:54:02.803+0000] {dag.py:3834} INFO - Setting next_dagrun for example_time_delta_sensor_async to None, run_after=None
[2024-03-04T15:54:02.810+0000] {processor.py:183} INFO - Processing /home/airflow/.local/lib/python3.11/site-packages/airflow/example_dags/example_time_delta_sensor_async.py took 0.029 seconds
[2024-03-04T15:54:33.443+0000] {processor.py:161} INFO - Started process (PID=347) to work on /home/airflow/.local/lib/python3.11/site-packages/airflow/example_dags/example_time_delta_sensor_async.py
[2024-03-04T15:54:33.444+0000] {processor.py:830} INFO - Processing file /home/airflow/.local/lib/python3.11/site-packages/airflow/example_dags/example_time_delta_sensor_async.py for tasks to queue
[2024-03-04T15:54:33.445+0000] {logging_mixin.py:188} INFO - [2024-03-04T15:54:33.444+0000] {dagbag.py:540} INFO - Filling up the DagBag from /home/airflow/.local/lib/python3.11/site-packages/airflow/example_dags/example_time_delta_sensor_async.py
[2024-03-04T15:54:33.447+0000] {processor.py:840} INFO - DAG(s) 'example_time_delta_sensor_async' retrieved from /home/airflow/.local/lib/python3.11/site-packages/airflow/example_dags/example_time_delta_sensor_async.py
[2024-03-04T15:54:33.456+0000] {logging_mixin.py:188} INFO - [2024-03-04T15:54:33.456+0000] {dag.py:3047} INFO - Sync 1 DAGs
[2024-03-04T15:54:33.462+0000] {logging_mixin.py:188} INFO - [2024-03-04T15:54:33.462+0000] {dag.py:3834} INFO - Setting next_dagrun for example_time_delta_sensor_async to None, run_after=None
[2024-03-04T15:54:33.469+0000] {processor.py:183} INFO - Processing /home/airflow/.local/lib/python3.11/site-packages/airflow/example_dags/example_time_delta_sensor_async.py took 0.028 seconds
[2024-03-04T15:55:04.213+0000] {processor.py:161} INFO - Started process (PID=402) to work on /home/airflow/.local/lib/python3.11/site-packages/airflow/example_dags/example_time_delta_sensor_async.py
[2024-03-04T15:55:04.214+0000] {processor.py:830} INFO - Processing file /home/airflow/.local/lib/python3.11/site-packages/airflow/example_dags/example_time_delta_sensor_async.py for tasks to queue
[2024-03-04T15:55:04.215+0000] {logging_mixin.py:188} INFO - [2024-03-04T15:55:04.214+0000] {dagbag.py:540} INFO - Filling up the DagBag from /home/airflow/.local/lib/python3.11/site-packages/airflow/example_dags/example_time_delta_sensor_async.py
[2024-03-04T15:55:04.217+0000] {processor.py:840} INFO - DAG(s) 'example_time_delta_sensor_async' retrieved from /home/airflow/.local/lib/python3.11/site-packages/airflow/example_dags/example_time_delta_sensor_async.py
[2024-03-04T15:55:04.228+0000] {logging_mixin.py:188} INFO - [2024-03-04T15:55:04.228+0000] {dag.py:3047} INFO - Sync 1 DAGs
[2024-03-04T15:55:04.233+0000] {logging_mixin.py:188} INFO - [2024-03-04T15:55:04.233+0000] {dag.py:3834} INFO - Setting next_dagrun for example_time_delta_sensor_async to None, run_after=None
[2024-03-04T15:55:04.246+0000] {processor.py:183} INFO - Processing /home/airflow/.local/lib/python3.11/site-packages/airflow/example_dags/example_time_delta_sensor_async.py took 0.035 seconds
[2024-03-04T15:55:35.050+0000] {processor.py:161} INFO - Started process (PID=457) to work on /home/airflow/.local/lib/python3.11/site-packages/airflow/example_dags/example_time_delta_sensor_async.py
[2024-03-04T15:55:35.050+0000] {processor.py:830} INFO - Processing file /home/airflow/.local/lib/python3.11/site-packages/airflow/example_dags/example_time_delta_sensor_async.py for tasks to queue
[2024-03-04T15:55:35.051+0000] {logging_mixin.py:188} INFO - [2024-03-04T15:55:35.051+0000] {dagbag.py:540} INFO - Filling up the DagBag from /home/airflow/.local/lib/python3.11/site-packages/airflow/example_dags/example_time_delta_sensor_async.py
[2024-03-04T15:55:35.053+0000] {processor.py:840} INFO - DAG(s) 'example_time_delta_sensor_async' retrieved from /home/airflow/.local/lib/python3.11/site-packages/airflow/example_dags/example_time_delta_sensor_async.py
[2024-03-04T15:55:35.062+0000] {logging_mixin.py:188} INFO - [2024-03-04T15:55:35.062+0000] {dag.py:3047} INFO - Sync 1 DAGs
[2024-03-04T15:55:35.067+0000] {logging_mixin.py:188} INFO - [2024-03-04T15:55:35.067+0000] {dag.py:3834} INFO - Setting next_dagrun for example_time_delta_sensor_async to None, run_after=None
[2024-03-04T15:55:35.074+0000] {processor.py:183} INFO - Processing /home/airflow/.local/lib/python3.11/site-packages/airflow/example_dags/example_time_delta_sensor_async.py took 0.026 seconds
[2024-03-04T15:56:05.738+0000] {processor.py:161} INFO - Started process (PID=512) to work on /home/airflow/.local/lib/python3.11/site-packages/airflow/example_dags/example_time_delta_sensor_async.py
[2024-03-04T15:56:05.739+0000] {processor.py:830} INFO - Processing file /home/airflow/.local/lib/python3.11/site-packages/airflow/example_dags/example_time_delta_sensor_async.py for tasks to queue
[2024-03-04T15:56:05.739+0000] {logging_mixin.py:188} INFO - [2024-03-04T15:56:05.739+0000] {dagbag.py:540} INFO - Filling up the DagBag from /home/airflow/.local/lib/python3.11/site-packages/airflow/example_dags/example_time_delta_sensor_async.py
[2024-03-04T15:56:05.742+0000] {processor.py:840} INFO - DAG(s) 'example_time_delta_sensor_async' retrieved from /home/airflow/.local/lib/python3.11/site-packages/airflow/example_dags/example_time_delta_sensor_async.py
[2024-03-04T15:56:05.751+0000] {logging_mixin.py:188} INFO - [2024-03-04T15:56:05.751+0000] {dag.py:3047} INFO - Sync 1 DAGs
[2024-03-04T15:56:05.756+0000] {logging_mixin.py:188} INFO - [2024-03-04T15:56:05.755+0000] {dag.py:3834} INFO - Setting next_dagrun for example_time_delta_sensor_async to None, run_after=None
[2024-03-04T15:56:05.764+0000] {processor.py:183} INFO - Processing /home/airflow/.local/lib/python3.11/site-packages/airflow/example_dags/example_time_delta_sensor_async.py took 0.027 seconds
[2024-03-04T15:56:36.402+0000] {processor.py:161} INFO - Started process (PID=567) to work on /home/airflow/.local/lib/python3.11/site-packages/airflow/example_dags/example_time_delta_sensor_async.py
[2024-03-04T15:56:36.403+0000] {processor.py:830} INFO - Processing file /home/airflow/.local/lib/python3.11/site-packages/airflow/example_dags/example_time_delta_sensor_async.py for tasks to queue
[2024-03-04T15:56:36.404+0000] {logging_mixin.py:188} INFO - [2024-03-04T15:56:36.404+0000] {dagbag.py:540} INFO - Filling up the DagBag from /home/airflow/.local/lib/python3.11/site-packages/airflow/example_dags/example_time_delta_sensor_async.py
[2024-03-04T15:56:36.406+0000] {processor.py:840} INFO - DAG(s) 'example_time_delta_sensor_async' retrieved from /home/airflow/.local/lib/python3.11/site-packages/airflow/example_dags/example_time_delta_sensor_async.py
[2024-03-04T15:56:36.416+0000] {logging_mixin.py:188} INFO - [2024-03-04T15:56:36.416+0000] {dag.py:3047} INFO - Sync 1 DAGs
[2024-03-04T15:56:36.422+0000] {logging_mixin.py:188} INFO - [2024-03-04T15:56:36.422+0000] {dag.py:3834} INFO - Setting next_dagrun for example_time_delta_sensor_async to None, run_after=None
[2024-03-04T15:56:36.429+0000] {processor.py:183} INFO - Processing /home/airflow/.local/lib/python3.11/site-packages/airflow/example_dags/example_time_delta_sensor_async.py took 0.028 seconds
[2024-03-04T15:57:07.169+0000] {processor.py:161} INFO - Started process (PID=622) to work on /home/airflow/.local/lib/python3.11/site-packages/airflow/example_dags/example_time_delta_sensor_async.py
[2024-03-04T15:57:07.170+0000] {processor.py:830} INFO - Processing file /home/airflow/.local/lib/python3.11/site-packages/airflow/example_dags/example_time_delta_sensor_async.py for tasks to queue
[2024-03-04T15:57:07.171+0000] {logging_mixin.py:188} INFO - [2024-03-04T15:57:07.170+0000] {dagbag.py:540} INFO - Filling up the DagBag from /home/airflow/.local/lib/python3.11/site-packages/airflow/example_dags/example_time_delta_sensor_async.py
[2024-03-04T15:57:07.173+0000] {processor.py:840} INFO - DAG(s) 'example_time_delta_sensor_async' retrieved from /home/airflow/.local/lib/python3.11/site-packages/airflow/example_dags/example_time_delta_sensor_async.py
[2024-03-04T15:57:07.184+0000] {logging_mixin.py:188} INFO - [2024-03-04T15:57:07.184+0000] {dag.py:3047} INFO - Sync 1 DAGs
[2024-03-04T15:57:07.195+0000] {logging_mixin.py:188} INFO - [2024-03-04T15:57:07.194+0000] {dag.py:3834} INFO - Setting next_dagrun for example_time_delta_sensor_async to None, run_after=None
[2024-03-04T15:57:07.202+0000] {processor.py:183} INFO - Processing /home/airflow/.local/lib/python3.11/site-packages/airflow/example_dags/example_time_delta_sensor_async.py took 0.035 seconds
[2024-03-04T15:57:37.862+0000] {processor.py:161} INFO - Started process (PID=677) to work on /home/airflow/.local/lib/python3.11/site-packages/airflow/example_dags/example_time_delta_sensor_async.py
[2024-03-04T15:57:37.862+0000] {processor.py:830} INFO - Processing file /home/airflow/.local/lib/python3.11/site-packages/airflow/example_dags/example_time_delta_sensor_async.py for tasks to queue
[2024-03-04T15:57:37.863+0000] {logging_mixin.py:188} INFO - [2024-03-04T15:57:37.863+0000] {dagbag.py:540} INFO - Filling up the DagBag from /home/airflow/.local/lib/python3.11/site-packages/airflow/example_dags/example_time_delta_sensor_async.py
[2024-03-04T15:57:37.866+0000] {processor.py:840} INFO - DAG(s) 'example_time_delta_sensor_async' retrieved from /home/airflow/.local/lib/python3.11/site-packages/airflow/example_dags/example_time_delta_sensor_async.py
[2024-03-04T15:57:37.876+0000] {logging_mixin.py:188} INFO - [2024-03-04T15:57:37.876+0000] {dag.py:3047} INFO - Sync 1 DAGs
[2024-03-04T15:57:37.883+0000] {logging_mixin.py:188} INFO - [2024-03-04T15:57:37.883+0000] {dag.py:3834} INFO - Setting next_dagrun for example_time_delta_sensor_async to None, run_after=None
[2024-03-04T15:57:37.891+0000] {processor.py:183} INFO - Processing /home/airflow/.local/lib/python3.11/site-packages/airflow/example_dags/example_time_delta_sensor_async.py took 0.031 seconds
[2024-03-04T15:58:08.628+0000] {processor.py:161} INFO - Started process (PID=732) to work on /home/airflow/.local/lib/python3.11/site-packages/airflow/example_dags/example_time_delta_sensor_async.py
[2024-03-04T15:58:08.628+0000] {processor.py:830} INFO - Processing file /home/airflow/.local/lib/python3.11/site-packages/airflow/example_dags/example_time_delta_sensor_async.py for tasks to queue
[2024-03-04T15:58:08.630+0000] {logging_mixin.py:188} INFO - [2024-03-04T15:58:08.630+0000] {dagbag.py:540} INFO - Filling up the DagBag from /home/airflow/.local/lib/python3.11/site-packages/airflow/example_dags/example_time_delta_sensor_async.py
[2024-03-04T15:58:08.634+0000] {processor.py:840} INFO - DAG(s) 'example_time_delta_sensor_async' retrieved from /home/airflow/.local/lib/python3.11/site-packages/airflow/example_dags/example_time_delta_sensor_async.py
[2024-03-04T15:58:08.649+0000] {logging_mixin.py:188} INFO - [2024-03-04T15:58:08.649+0000] {dag.py:3047} INFO - Sync 1 DAGs
[2024-03-04T15:58:08.655+0000] {logging_mixin.py:188} INFO - [2024-03-04T15:58:08.655+0000] {dag.py:3834} INFO - Setting next_dagrun for example_time_delta_sensor_async to None, run_after=None
[2024-03-04T15:58:08.662+0000] {processor.py:183} INFO - Processing /home/airflow/.local/lib/python3.11/site-packages/airflow/example_dags/example_time_delta_sensor_async.py took 0.036 seconds
[2024-03-04T15:58:39.367+0000] {processor.py:161} INFO - Started process (PID=787) to work on /home/airflow/.local/lib/python3.11/site-packages/airflow/example_dags/example_time_delta_sensor_async.py
[2024-03-04T15:58:39.367+0000] {processor.py:830} INFO - Processing file /home/airflow/.local/lib/python3.11/site-packages/airflow/example_dags/example_time_delta_sensor_async.py for tasks to queue
[2024-03-04T15:58:39.368+0000] {logging_mixin.py:188} INFO - [2024-03-04T15:58:39.368+0000] {dagbag.py:540} INFO - Filling up the DagBag from /home/airflow/.local/lib/python3.11/site-packages/airflow/example_dags/example_time_delta_sensor_async.py
[2024-03-04T15:58:39.371+0000] {processor.py:840} INFO - DAG(s) 'example_time_delta_sensor_async' retrieved from /home/airflow/.local/lib/python3.11/site-packages/airflow/example_dags/example_time_delta_sensor_async.py
[2024-03-04T15:58:39.381+0000] {logging_mixin.py:188} INFO - [2024-03-04T15:58:39.381+0000] {dag.py:3047} INFO - Sync 1 DAGs
[2024-03-04T15:58:39.386+0000] {logging_mixin.py:188} INFO - [2024-03-04T15:58:39.386+0000] {dag.py:3834} INFO - Setting next_dagrun for example_time_delta_sensor_async to None, run_after=None
[2024-03-04T15:58:39.393+0000] {processor.py:183} INFO - Processing /home/airflow/.local/lib/python3.11/site-packages/airflow/example_dags/example_time_delta_sensor_async.py took 0.028 seconds
[2024-03-04T15:59:09.966+0000] {processor.py:161} INFO - Started process (PID=842) to work on /home/airflow/.local/lib/python3.11/site-packages/airflow/example_dags/example_time_delta_sensor_async.py
[2024-03-04T15:59:09.967+0000] {processor.py:830} INFO - Processing file /home/airflow/.local/lib/python3.11/site-packages/airflow/example_dags/example_time_delta_sensor_async.py for tasks to queue
[2024-03-04T15:59:09.968+0000] {logging_mixin.py:188} INFO - [2024-03-04T15:59:09.968+0000] {dagbag.py:540} INFO - Filling up the DagBag from /home/airflow/.local/lib/python3.11/site-packages/airflow/example_dags/example_time_delta_sensor_async.py
[2024-03-04T15:59:09.970+0000] {processor.py:840} INFO - DAG(s) 'example_time_delta_sensor_async' retrieved from /home/airflow/.local/lib/python3.11/site-packages/airflow/example_dags/example_time_delta_sensor_async.py
[2024-03-04T15:59:09.980+0000] {logging_mixin.py:188} INFO - [2024-03-04T15:59:09.979+0000] {dag.py:3047} INFO - Sync 1 DAGs
[2024-03-04T15:59:09.985+0000] {logging_mixin.py:188} INFO - [2024-03-04T15:59:09.985+0000] {dag.py:3834} INFO - Setting next_dagrun for example_time_delta_sensor_async to None, run_after=None
[2024-03-04T15:59:09.992+0000] {processor.py:183} INFO - Processing /home/airflow/.local/lib/python3.11/site-packages/airflow/example_dags/example_time_delta_sensor_async.py took 0.027 seconds
[2024-03-04T15:59:40.513+0000] {processor.py:161} INFO - Started process (PID=897) to work on /home/airflow/.local/lib/python3.11/site-packages/airflow/example_dags/example_time_delta_sensor_async.py
[2024-03-04T15:59:40.514+0000] {processor.py:830} INFO - Processing file /home/airflow/.local/lib/python3.11/site-packages/airflow/example_dags/example_time_delta_sensor_async.py for tasks to queue
[2024-03-04T15:59:40.515+0000] {logging_mixin.py:188} INFO - [2024-03-04T15:59:40.515+0000] {dagbag.py:540} INFO - Filling up the DagBag from /home/airflow/.local/lib/python3.11/site-packages/airflow/example_dags/example_time_delta_sensor_async.py
[2024-03-04T15:59:40.518+0000] {processor.py:840} INFO - DAG(s) 'example_time_delta_sensor_async' retrieved from /home/airflow/.local/lib/python3.11/site-packages/airflow/example_dags/example_time_delta_sensor_async.py
[2024-03-04T15:59:40.528+0000] {logging_mixin.py:188} INFO - [2024-03-04T15:59:40.528+0000] {dag.py:3047} INFO - Sync 1 DAGs
[2024-03-04T15:59:40.533+0000] {logging_mixin.py:188} INFO - [2024-03-04T15:59:40.533+0000] {dag.py:3834} INFO - Setting next_dagrun for example_time_delta_sensor_async to None, run_after=None
[2024-03-04T15:59:40.540+0000] {processor.py:183} INFO - Processing /home/airflow/.local/lib/python3.11/site-packages/airflow/example_dags/example_time_delta_sensor_async.py took 0.028 seconds
[2024-03-04T16:00:11.291+0000] {processor.py:161} INFO - Started process (PID=952) to work on /home/airflow/.local/lib/python3.11/site-packages/airflow/example_dags/example_time_delta_sensor_async.py
[2024-03-04T16:00:11.291+0000] {processor.py:830} INFO - Processing file /home/airflow/.local/lib/python3.11/site-packages/airflow/example_dags/example_time_delta_sensor_async.py for tasks to queue
[2024-03-04T16:00:11.292+0000] {logging_mixin.py:188} INFO - [2024-03-04T16:00:11.292+0000] {dagbag.py:540} INFO - Filling up the DagBag from /home/airflow/.local/lib/python3.11/site-packages/airflow/example_dags/example_time_delta_sensor_async.py
[2024-03-04T16:00:11.294+0000] {processor.py:840} INFO - DAG(s) 'example_time_delta_sensor_async' retrieved from /home/airflow/.local/lib/python3.11/site-packages/airflow/example_dags/example_time_delta_sensor_async.py
[2024-03-04T16:00:11.305+0000] {logging_mixin.py:188} INFO - [2024-03-04T16:00:11.304+0000] {dag.py:3047} INFO - Sync 1 DAGs
[2024-03-04T16:00:11.313+0000] {logging_mixin.py:188} INFO - [2024-03-04T16:00:11.313+0000] {dag.py:3834} INFO - Setting next_dagrun for example_time_delta_sensor_async to None, run_after=None
[2024-03-04T16:00:11.321+0000] {processor.py:183} INFO - Processing /home/airflow/.local/lib/python3.11/site-packages/airflow/example_dags/example_time_delta_sensor_async.py took 0.032 seconds
[2024-03-04T16:00:42.057+0000] {processor.py:161} INFO - Started process (PID=1006) to work on /home/airflow/.local/lib/python3.11/site-packages/airflow/example_dags/example_time_delta_sensor_async.py
[2024-03-04T16:00:42.058+0000] {processor.py:830} INFO - Processing file /home/airflow/.local/lib/python3.11/site-packages/airflow/example_dags/example_time_delta_sensor_async.py for tasks to queue
[2024-03-04T16:00:42.059+0000] {logging_mixin.py:188} INFO - [2024-03-04T16:00:42.058+0000] {dagbag.py:540} INFO - Filling up the DagBag from /home/airflow/.local/lib/python3.11/site-packages/airflow/example_dags/example_time_delta_sensor_async.py
[2024-03-04T16:00:42.061+0000] {processor.py:840} INFO - DAG(s) 'example_time_delta_sensor_async' retrieved from /home/airflow/.local/lib/python3.11/site-packages/airflow/example_dags/example_time_delta_sensor_async.py
[2024-03-04T16:00:42.070+0000] {logging_mixin.py:188} INFO - [2024-03-04T16:00:42.070+0000] {dag.py:3047} INFO - Sync 1 DAGs
[2024-03-04T16:00:42.075+0000] {logging_mixin.py:188} INFO - [2024-03-04T16:00:42.075+0000] {dag.py:3834} INFO - Setting next_dagrun for example_time_delta_sensor_async to None, run_after=None
[2024-03-04T16:00:42.085+0000] {processor.py:183} INFO - Processing /home/airflow/.local/lib/python3.11/site-packages/airflow/example_dags/example_time_delta_sensor_async.py took 0.029 seconds
[2024-03-04T16:01:12.851+0000] {processor.py:161} INFO - Started process (PID=1067) to work on /home/airflow/.local/lib/python3.11/site-packages/airflow/example_dags/example_time_delta_sensor_async.py
[2024-03-04T16:01:12.852+0000] {processor.py:830} INFO - Processing file /home/airflow/.local/lib/python3.11/site-packages/airflow/example_dags/example_time_delta_sensor_async.py for tasks to queue
[2024-03-04T16:01:12.853+0000] {logging_mixin.py:188} INFO - [2024-03-04T16:01:12.852+0000] {dagbag.py:540} INFO - Filling up the DagBag from /home/airflow/.local/lib/python3.11/site-packages/airflow/example_dags/example_time_delta_sensor_async.py
[2024-03-04T16:01:12.855+0000] {processor.py:840} INFO - DAG(s) 'example_time_delta_sensor_async' retrieved from /home/airflow/.local/lib/python3.11/site-packages/airflow/example_dags/example_time_delta_sensor_async.py
[2024-03-04T16:01:12.865+0000] {logging_mixin.py:188} INFO - [2024-03-04T16:01:12.865+0000] {dag.py:3047} INFO - Sync 1 DAGs
[2024-03-04T16:01:12.870+0000] {logging_mixin.py:188} INFO - [2024-03-04T16:01:12.870+0000] {dag.py:3834} INFO - Setting next_dagrun for example_time_delta_sensor_async to None, run_after=None
[2024-03-04T16:01:12.877+0000] {processor.py:183} INFO - Processing /home/airflow/.local/lib/python3.11/site-packages/airflow/example_dags/example_time_delta_sensor_async.py took 0.028 seconds
[2024-03-04T16:01:43.625+0000] {processor.py:161} INFO - Started process (PID=1122) to work on /home/airflow/.local/lib/python3.11/site-packages/airflow/example_dags/example_time_delta_sensor_async.py
[2024-03-04T16:01:43.625+0000] {processor.py:830} INFO - Processing file /home/airflow/.local/lib/python3.11/site-packages/airflow/example_dags/example_time_delta_sensor_async.py for tasks to queue
[2024-03-04T16:01:43.626+0000] {logging_mixin.py:188} INFO - [2024-03-04T16:01:43.626+0000] {dagbag.py:540} INFO - Filling up the DagBag from /home/airflow/.local/lib/python3.11/site-packages/airflow/example_dags/example_time_delta_sensor_async.py
[2024-03-04T16:01:43.629+0000] {processor.py:840} INFO - DAG(s) 'example_time_delta_sensor_async' retrieved from /home/airflow/.local/lib/python3.11/site-packages/airflow/example_dags/example_time_delta_sensor_async.py
[2024-03-04T16:01:43.639+0000] {logging_mixin.py:188} INFO - [2024-03-04T16:01:43.638+0000] {dag.py:3047} INFO - Sync 1 DAGs
[2024-03-04T16:01:43.643+0000] {logging_mixin.py:188} INFO - [2024-03-04T16:01:43.643+0000] {dag.py:3834} INFO - Setting next_dagrun for example_time_delta_sensor_async to None, run_after=None
[2024-03-04T16:01:43.651+0000] {processor.py:183} INFO - Processing /home/airflow/.local/lib/python3.11/site-packages/airflow/example_dags/example_time_delta_sensor_async.py took 0.028 seconds
[2024-03-04T16:02:14.435+0000] {processor.py:161} INFO - Started process (PID=1177) to work on /home/airflow/.local/lib/python3.11/site-packages/airflow/example_dags/example_time_delta_sensor_async.py
[2024-03-04T16:02:14.436+0000] {processor.py:830} INFO - Processing file /home/airflow/.local/lib/python3.11/site-packages/airflow/example_dags/example_time_delta_sensor_async.py for tasks to queue
[2024-03-04T16:02:14.437+0000] {logging_mixin.py:188} INFO - [2024-03-04T16:02:14.436+0000] {dagbag.py:540} INFO - Filling up the DagBag from /home/airflow/.local/lib/python3.11/site-packages/airflow/example_dags/example_time_delta_sensor_async.py
[2024-03-04T16:02:14.439+0000] {processor.py:840} INFO - DAG(s) 'example_time_delta_sensor_async' retrieved from /home/airflow/.local/lib/python3.11/site-packages/airflow/example_dags/example_time_delta_sensor_async.py
[2024-03-04T16:02:14.450+0000] {logging_mixin.py:188} INFO - [2024-03-04T16:02:14.450+0000] {dag.py:3047} INFO - Sync 1 DAGs
[2024-03-04T16:02:14.456+0000] {logging_mixin.py:188} INFO - [2024-03-04T16:02:14.456+0000] {dag.py:3834} INFO - Setting next_dagrun for example_time_delta_sensor_async to None, run_after=None
[2024-03-04T16:02:14.463+0000] {processor.py:183} INFO - Processing /home/airflow/.local/lib/python3.11/site-packages/airflow/example_dags/example_time_delta_sensor_async.py took 0.030 seconds
[2024-03-04T16:02:45.186+0000] {processor.py:161} INFO - Started process (PID=1232) to work on /home/airflow/.local/lib/python3.11/site-packages/airflow/example_dags/example_time_delta_sensor_async.py
[2024-03-04T16:02:45.186+0000] {processor.py:830} INFO - Processing file /home/airflow/.local/lib/python3.11/site-packages/airflow/example_dags/example_time_delta_sensor_async.py for tasks to queue
[2024-03-04T16:02:45.187+0000] {logging_mixin.py:188} INFO - [2024-03-04T16:02:45.187+0000] {dagbag.py:540} INFO - Filling up the DagBag from /home/airflow/.local/lib/python3.11/site-packages/airflow/example_dags/example_time_delta_sensor_async.py
[2024-03-04T16:02:45.189+0000] {processor.py:840} INFO - DAG(s) 'example_time_delta_sensor_async' retrieved from /home/airflow/.local/lib/python3.11/site-packages/airflow/example_dags/example_time_delta_sensor_async.py
[2024-03-04T16:02:45.201+0000] {logging_mixin.py:188} INFO - [2024-03-04T16:02:45.201+0000] {dag.py:3047} INFO - Sync 1 DAGs
[2024-03-04T16:02:45.209+0000] {logging_mixin.py:188} INFO - [2024-03-04T16:02:45.209+0000] {dag.py:3834} INFO - Setting next_dagrun for example_time_delta_sensor_async to None, run_after=None
[2024-03-04T16:02:45.217+0000] {processor.py:183} INFO - Processing /home/airflow/.local/lib/python3.11/site-packages/airflow/example_dags/example_time_delta_sensor_async.py took 0.033 seconds
[2024-03-04T16:03:16.005+0000] {processor.py:161} INFO - Started process (PID=1287) to work on /home/airflow/.local/lib/python3.11/site-packages/airflow/example_dags/example_time_delta_sensor_async.py
[2024-03-04T16:03:16.006+0000] {processor.py:830} INFO - Processing file /home/airflow/.local/lib/python3.11/site-packages/airflow/example_dags/example_time_delta_sensor_async.py for tasks to queue
[2024-03-04T16:03:16.007+0000] {logging_mixin.py:188} INFO - [2024-03-04T16:03:16.007+0000] {dagbag.py:540} INFO - Filling up the DagBag from /home/airflow/.local/lib/python3.11/site-packages/airflow/example_dags/example_time_delta_sensor_async.py
[2024-03-04T16:03:16.009+0000] {processor.py:840} INFO - DAG(s) 'example_time_delta_sensor_async' retrieved from /home/airflow/.local/lib/python3.11/site-packages/airflow/example_dags/example_time_delta_sensor_async.py
[2024-03-04T16:03:16.019+0000] {logging_mixin.py:188} INFO - [2024-03-04T16:03:16.018+0000] {dag.py:3047} INFO - Sync 1 DAGs
[2024-03-04T16:03:16.025+0000] {logging_mixin.py:188} INFO - [2024-03-04T16:03:16.025+0000] {dag.py:3834} INFO - Setting next_dagrun for example_time_delta_sensor_async to None, run_after=None
[2024-03-04T16:03:16.032+0000] {processor.py:183} INFO - Processing /home/airflow/.local/lib/python3.11/site-packages/airflow/example_dags/example_time_delta_sensor_async.py took 0.029 seconds
[2024-03-04T16:03:46.980+0000] {processor.py:161} INFO - Started process (PID=1342) to work on /home/airflow/.local/lib/python3.11/site-packages/airflow/example_dags/example_time_delta_sensor_async.py
[2024-03-04T16:03:46.981+0000] {processor.py:830} INFO - Processing file /home/airflow/.local/lib/python3.11/site-packages/airflow/example_dags/example_time_delta_sensor_async.py for tasks to queue
[2024-03-04T16:03:46.982+0000] {logging_mixin.py:188} INFO - [2024-03-04T16:03:46.982+0000] {dagbag.py:540} INFO - Filling up the DagBag from /home/airflow/.local/lib/python3.11/site-packages/airflow/example_dags/example_time_delta_sensor_async.py
[2024-03-04T16:03:46.985+0000] {processor.py:840} INFO - DAG(s) 'example_time_delta_sensor_async' retrieved from /home/airflow/.local/lib/python3.11/site-packages/airflow/example_dags/example_time_delta_sensor_async.py
[2024-03-04T16:03:46.996+0000] {logging_mixin.py:188} INFO - [2024-03-04T16:03:46.996+0000] {dag.py:3047} INFO - Sync 1 DAGs
[2024-03-04T16:03:47.002+0000] {logging_mixin.py:188} INFO - [2024-03-04T16:03:47.002+0000] {dag.py:3834} INFO - Setting next_dagrun for example_time_delta_sensor_async to None, run_after=None
[2024-03-04T16:03:47.012+0000] {processor.py:183} INFO - Processing /home/airflow/.local/lib/python3.11/site-packages/airflow/example_dags/example_time_delta_sensor_async.py took 0.033 seconds
[2024-03-04T16:04:17.297+0000] {processor.py:161} INFO - Started process (PID=1397) to work on /home/airflow/.local/lib/python3.11/site-packages/airflow/example_dags/example_time_delta_sensor_async.py
[2024-03-04T16:04:17.298+0000] {processor.py:830} INFO - Processing file /home/airflow/.local/lib/python3.11/site-packages/airflow/example_dags/example_time_delta_sensor_async.py for tasks to queue
[2024-03-04T16:04:17.300+0000] {logging_mixin.py:188} INFO - [2024-03-04T16:04:17.300+0000] {dagbag.py:540} INFO - Filling up the DagBag from /home/airflow/.local/lib/python3.11/site-packages/airflow/example_dags/example_time_delta_sensor_async.py
[2024-03-04T16:04:17.303+0000] {processor.py:840} INFO - DAG(s) 'example_time_delta_sensor_async' retrieved from /home/airflow/.local/lib/python3.11/site-packages/airflow/example_dags/example_time_delta_sensor_async.py
[2024-03-04T16:04:17.313+0000] {logging_mixin.py:188} INFO - [2024-03-04T16:04:17.313+0000] {dag.py:3047} INFO - Sync 1 DAGs
[2024-03-04T16:04:17.318+0000] {logging_mixin.py:188} INFO - [2024-03-04T16:04:17.318+0000] {dag.py:3834} INFO - Setting next_dagrun for example_time_delta_sensor_async to None, run_after=None
[2024-03-04T16:04:17.325+0000] {processor.py:183} INFO - Processing /home/airflow/.local/lib/python3.11/site-packages/airflow/example_dags/example_time_delta_sensor_async.py took 0.030 seconds
[2024-03-04T16:04:48.144+0000] {processor.py:161} INFO - Started process (PID=1452) to work on /home/airflow/.local/lib/python3.11/site-packages/airflow/example_dags/example_time_delta_sensor_async.py
[2024-03-04T16:04:48.145+0000] {processor.py:830} INFO - Processing file /home/airflow/.local/lib/python3.11/site-packages/airflow/example_dags/example_time_delta_sensor_async.py for tasks to queue
[2024-03-04T16:04:48.146+0000] {logging_mixin.py:188} INFO - [2024-03-04T16:04:48.146+0000] {dagbag.py:540} INFO - Filling up the DagBag from /home/airflow/.local/lib/python3.11/site-packages/airflow/example_dags/example_time_delta_sensor_async.py
[2024-03-04T16:04:48.148+0000] {processor.py:840} INFO - DAG(s) 'example_time_delta_sensor_async' retrieved from /home/airflow/.local/lib/python3.11/site-packages/airflow/example_dags/example_time_delta_sensor_async.py
[2024-03-04T16:04:48.158+0000] {logging_mixin.py:188} INFO - [2024-03-04T16:04:48.158+0000] {dag.py:3047} INFO - Sync 1 DAGs
[2024-03-04T16:04:48.163+0000] {logging_mixin.py:188} INFO - [2024-03-04T16:04:48.162+0000] {dag.py:3834} INFO - Setting next_dagrun for example_time_delta_sensor_async to None, run_after=None
[2024-03-04T16:04:48.170+0000] {processor.py:183} INFO - Processing /home/airflow/.local/lib/python3.11/site-packages/airflow/example_dags/example_time_delta_sensor_async.py took 0.027 seconds
[2024-03-04T16:05:18.868+0000] {processor.py:161} INFO - Started process (PID=1507) to work on /home/airflow/.local/lib/python3.11/site-packages/airflow/example_dags/example_time_delta_sensor_async.py
[2024-03-04T16:05:18.869+0000] {processor.py:830} INFO - Processing file /home/airflow/.local/lib/python3.11/site-packages/airflow/example_dags/example_time_delta_sensor_async.py for tasks to queue
[2024-03-04T16:05:18.870+0000] {logging_mixin.py:188} INFO - [2024-03-04T16:05:18.870+0000] {dagbag.py:540} INFO - Filling up the DagBag from /home/airflow/.local/lib/python3.11/site-packages/airflow/example_dags/example_time_delta_sensor_async.py
[2024-03-04T16:05:18.873+0000] {processor.py:840} INFO - DAG(s) 'example_time_delta_sensor_async' retrieved from /home/airflow/.local/lib/python3.11/site-packages/airflow/example_dags/example_time_delta_sensor_async.py
[2024-03-04T16:05:18.883+0000] {logging_mixin.py:188} INFO - [2024-03-04T16:05:18.883+0000] {dag.py:3047} INFO - Sync 1 DAGs
[2024-03-04T16:05:18.888+0000] {logging_mixin.py:188} INFO - [2024-03-04T16:05:18.888+0000] {dag.py:3834} INFO - Setting next_dagrun for example_time_delta_sensor_async to None, run_after=None
[2024-03-04T16:05:18.898+0000] {processor.py:183} INFO - Processing /home/airflow/.local/lib/python3.11/site-packages/airflow/example_dags/example_time_delta_sensor_async.py took 0.031 seconds
[2024-03-04T16:05:49.805+0000] {processor.py:161} INFO - Started process (PID=1562) to work on /home/airflow/.local/lib/python3.11/site-packages/airflow/example_dags/example_time_delta_sensor_async.py
[2024-03-04T16:05:49.806+0000] {processor.py:830} INFO - Processing file /home/airflow/.local/lib/python3.11/site-packages/airflow/example_dags/example_time_delta_sensor_async.py for tasks to queue
[2024-03-04T16:05:49.807+0000] {logging_mixin.py:188} INFO - [2024-03-04T16:05:49.807+0000] {dagbag.py:540} INFO - Filling up the DagBag from /home/airflow/.local/lib/python3.11/site-packages/airflow/example_dags/example_time_delta_sensor_async.py
[2024-03-04T16:05:49.810+0000] {processor.py:840} INFO - DAG(s) 'example_time_delta_sensor_async' retrieved from /home/airflow/.local/lib/python3.11/site-packages/airflow/example_dags/example_time_delta_sensor_async.py
[2024-03-04T16:05:49.825+0000] {logging_mixin.py:188} INFO - [2024-03-04T16:05:49.824+0000] {dag.py:3047} INFO - Sync 1 DAGs
[2024-03-04T16:05:49.830+0000] {logging_mixin.py:188} INFO - [2024-03-04T16:05:49.830+0000] {dag.py:3834} INFO - Setting next_dagrun for example_time_delta_sensor_async to None, run_after=None
[2024-03-04T16:05:49.837+0000] {processor.py:183} INFO - Processing /home/airflow/.local/lib/python3.11/site-packages/airflow/example_dags/example_time_delta_sensor_async.py took 0.033 seconds
[2024-03-04T16:06:20.225+0000] {processor.py:161} INFO - Started process (PID=1617) to work on /home/airflow/.local/lib/python3.11/site-packages/airflow/example_dags/example_time_delta_sensor_async.py
[2024-03-04T16:06:20.225+0000] {processor.py:830} INFO - Processing file /home/airflow/.local/lib/python3.11/site-packages/airflow/example_dags/example_time_delta_sensor_async.py for tasks to queue
[2024-03-04T16:06:20.226+0000] {logging_mixin.py:188} INFO - [2024-03-04T16:06:20.226+0000] {dagbag.py:540} INFO - Filling up the DagBag from /home/airflow/.local/lib/python3.11/site-packages/airflow/example_dags/example_time_delta_sensor_async.py
[2024-03-04T16:06:20.229+0000] {processor.py:840} INFO - DAG(s) 'example_time_delta_sensor_async' retrieved from /home/airflow/.local/lib/python3.11/site-packages/airflow/example_dags/example_time_delta_sensor_async.py
[2024-03-04T16:06:20.239+0000] {logging_mixin.py:188} INFO - [2024-03-04T16:06:20.239+0000] {dag.py:3047} INFO - Sync 1 DAGs
[2024-03-04T16:06:20.246+0000] {logging_mixin.py:188} INFO - [2024-03-04T16:06:20.246+0000] {dag.py:3834} INFO - Setting next_dagrun for example_time_delta_sensor_async to None, run_after=None
[2024-03-04T16:06:20.253+0000] {processor.py:183} INFO - Processing /home/airflow/.local/lib/python3.11/site-packages/airflow/example_dags/example_time_delta_sensor_async.py took 0.030 seconds
[2024-03-04T16:06:51.222+0000] {processor.py:161} INFO - Started process (PID=1672) to work on /home/airflow/.local/lib/python3.11/site-packages/airflow/example_dags/example_time_delta_sensor_async.py
[2024-03-04T16:06:51.223+0000] {processor.py:830} INFO - Processing file /home/airflow/.local/lib/python3.11/site-packages/airflow/example_dags/example_time_delta_sensor_async.py for tasks to queue
[2024-03-04T16:06:51.224+0000] {logging_mixin.py:188} INFO - [2024-03-04T16:06:51.224+0000] {dagbag.py:540} INFO - Filling up the DagBag from /home/airflow/.local/lib/python3.11/site-packages/airflow/example_dags/example_time_delta_sensor_async.py
[2024-03-04T16:06:51.226+0000] {processor.py:840} INFO - DAG(s) 'example_time_delta_sensor_async' retrieved from /home/airflow/.local/lib/python3.11/site-packages/airflow/example_dags/example_time_delta_sensor_async.py
[2024-03-04T16:06:51.235+0000] {logging_mixin.py:188} INFO - [2024-03-04T16:06:51.235+0000] {dag.py:3047} INFO - Sync 1 DAGs
[2024-03-04T16:06:51.240+0000] {logging_mixin.py:188} INFO - [2024-03-04T16:06:51.240+0000] {dag.py:3834} INFO - Setting next_dagrun for example_time_delta_sensor_async to None, run_after=None
[2024-03-04T16:06:51.247+0000] {processor.py:183} INFO - Processing /home/airflow/.local/lib/python3.11/site-packages/airflow/example_dags/example_time_delta_sensor_async.py took 0.027 seconds
[2024-03-04T16:07:21.895+0000] {processor.py:161} INFO - Started process (PID=1727) to work on /home/airflow/.local/lib/python3.11/site-packages/airflow/example_dags/example_time_delta_sensor_async.py
[2024-03-04T16:07:21.896+0000] {processor.py:830} INFO - Processing file /home/airflow/.local/lib/python3.11/site-packages/airflow/example_dags/example_time_delta_sensor_async.py for tasks to queue
[2024-03-04T16:07:21.897+0000] {logging_mixin.py:188} INFO - [2024-03-04T16:07:21.897+0000] {dagbag.py:540} INFO - Filling up the DagBag from /home/airflow/.local/lib/python3.11/site-packages/airflow/example_dags/example_time_delta_sensor_async.py
[2024-03-04T16:07:21.899+0000] {processor.py:840} INFO - DAG(s) 'example_time_delta_sensor_async' retrieved from /home/airflow/.local/lib/python3.11/site-packages/airflow/example_dags/example_time_delta_sensor_async.py
[2024-03-04T16:07:21.909+0000] {logging_mixin.py:188} INFO - [2024-03-04T16:07:21.908+0000] {dag.py:3047} INFO - Sync 1 DAGs
[2024-03-04T16:07:21.914+0000] {logging_mixin.py:188} INFO - [2024-03-04T16:07:21.914+0000] {dag.py:3834} INFO - Setting next_dagrun for example_time_delta_sensor_async to None, run_after=None
[2024-03-04T16:07:21.921+0000] {processor.py:183} INFO - Processing /home/airflow/.local/lib/python3.11/site-packages/airflow/example_dags/example_time_delta_sensor_async.py took 0.028 seconds
[2024-03-04T16:07:52.553+0000] {processor.py:161} INFO - Started process (PID=1782) to work on /home/airflow/.local/lib/python3.11/site-packages/airflow/example_dags/example_time_delta_sensor_async.py
[2024-03-04T16:07:52.554+0000] {processor.py:830} INFO - Processing file /home/airflow/.local/lib/python3.11/site-packages/airflow/example_dags/example_time_delta_sensor_async.py for tasks to queue
[2024-03-04T16:07:52.555+0000] {logging_mixin.py:188} INFO - [2024-03-04T16:07:52.555+0000] {dagbag.py:540} INFO - Filling up the DagBag from /home/airflow/.local/lib/python3.11/site-packages/airflow/example_dags/example_time_delta_sensor_async.py
[2024-03-04T16:07:52.559+0000] {processor.py:840} INFO - DAG(s) 'example_time_delta_sensor_async' retrieved from /home/airflow/.local/lib/python3.11/site-packages/airflow/example_dags/example_time_delta_sensor_async.py
[2024-03-04T16:07:52.572+0000] {logging_mixin.py:188} INFO - [2024-03-04T16:07:52.572+0000] {dag.py:3047} INFO - Sync 1 DAGs
[2024-03-04T16:07:52.580+0000] {logging_mixin.py:188} INFO - [2024-03-04T16:07:52.580+0000] {dag.py:3834} INFO - Setting next_dagrun for example_time_delta_sensor_async to None, run_after=None
[2024-03-04T16:07:52.593+0000] {processor.py:183} INFO - Processing /home/airflow/.local/lib/python3.11/site-packages/airflow/example_dags/example_time_delta_sensor_async.py took 0.042 seconds
[2024-03-04T16:08:23.246+0000] {processor.py:161} INFO - Started process (PID=1837) to work on /home/airflow/.local/lib/python3.11/site-packages/airflow/example_dags/example_time_delta_sensor_async.py
[2024-03-04T16:08:23.248+0000] {processor.py:830} INFO - Processing file /home/airflow/.local/lib/python3.11/site-packages/airflow/example_dags/example_time_delta_sensor_async.py for tasks to queue
[2024-03-04T16:08:23.251+0000] {logging_mixin.py:188} INFO - [2024-03-04T16:08:23.251+0000] {dagbag.py:540} INFO - Filling up the DagBag from /home/airflow/.local/lib/python3.11/site-packages/airflow/example_dags/example_time_delta_sensor_async.py
[2024-03-04T16:08:23.258+0000] {processor.py:840} INFO - DAG(s) 'example_time_delta_sensor_async' retrieved from /home/airflow/.local/lib/python3.11/site-packages/airflow/example_dags/example_time_delta_sensor_async.py
[2024-03-04T16:08:23.270+0000] {logging_mixin.py:188} INFO - [2024-03-04T16:08:23.269+0000] {dag.py:3047} INFO - Sync 1 DAGs
[2024-03-04T16:08:23.278+0000] {logging_mixin.py:188} INFO - [2024-03-04T16:08:23.278+0000] {dag.py:3834} INFO - Setting next_dagrun for example_time_delta_sensor_async to None, run_after=None
[2024-03-04T16:08:23.287+0000] {processor.py:183} INFO - Processing /home/airflow/.local/lib/python3.11/site-packages/airflow/example_dags/example_time_delta_sensor_async.py took 0.044 seconds
[2024-03-04T16:08:53.921+0000] {processor.py:161} INFO - Started process (PID=1892) to work on /home/airflow/.local/lib/python3.11/site-packages/airflow/example_dags/example_time_delta_sensor_async.py
[2024-03-04T16:08:53.922+0000] {processor.py:830} INFO - Processing file /home/airflow/.local/lib/python3.11/site-packages/airflow/example_dags/example_time_delta_sensor_async.py for tasks to queue
[2024-03-04T16:08:53.923+0000] {logging_mixin.py:188} INFO - [2024-03-04T16:08:53.923+0000] {dagbag.py:540} INFO - Filling up the DagBag from /home/airflow/.local/lib/python3.11/site-packages/airflow/example_dags/example_time_delta_sensor_async.py
[2024-03-04T16:08:53.925+0000] {processor.py:840} INFO - DAG(s) 'example_time_delta_sensor_async' retrieved from /home/airflow/.local/lib/python3.11/site-packages/airflow/example_dags/example_time_delta_sensor_async.py
[2024-03-04T16:08:53.934+0000] {logging_mixin.py:188} INFO - [2024-03-04T16:08:53.934+0000] {dag.py:3047} INFO - Sync 1 DAGs
[2024-03-04T16:08:53.940+0000] {logging_mixin.py:188} INFO - [2024-03-04T16:08:53.939+0000] {dag.py:3834} INFO - Setting next_dagrun for example_time_delta_sensor_async to None, run_after=None
[2024-03-04T16:08:53.946+0000] {processor.py:183} INFO - Processing /home/airflow/.local/lib/python3.11/site-packages/airflow/example_dags/example_time_delta_sensor_async.py took 0.027 seconds
[2024-03-04T16:09:24.483+0000] {processor.py:161} INFO - Started process (PID=1947) to work on /home/airflow/.local/lib/python3.11/site-packages/airflow/example_dags/example_time_delta_sensor_async.py
[2024-03-04T16:09:24.484+0000] {processor.py:830} INFO - Processing file /home/airflow/.local/lib/python3.11/site-packages/airflow/example_dags/example_time_delta_sensor_async.py for tasks to queue
[2024-03-04T16:09:24.485+0000] {logging_mixin.py:188} INFO - [2024-03-04T16:09:24.485+0000] {dagbag.py:540} INFO - Filling up the DagBag from /home/airflow/.local/lib/python3.11/site-packages/airflow/example_dags/example_time_delta_sensor_async.py
[2024-03-04T16:09:24.487+0000] {processor.py:840} INFO - DAG(s) 'example_time_delta_sensor_async' retrieved from /home/airflow/.local/lib/python3.11/site-packages/airflow/example_dags/example_time_delta_sensor_async.py
[2024-03-04T16:09:24.496+0000] {logging_mixin.py:188} INFO - [2024-03-04T16:09:24.496+0000] {dag.py:3047} INFO - Sync 1 DAGs
[2024-03-04T16:09:24.502+0000] {logging_mixin.py:188} INFO - [2024-03-04T16:09:24.502+0000] {dag.py:3834} INFO - Setting next_dagrun for example_time_delta_sensor_async to None, run_after=None
[2024-03-04T16:09:24.508+0000] {processor.py:183} INFO - Processing /home/airflow/.local/lib/python3.11/site-packages/airflow/example_dags/example_time_delta_sensor_async.py took 0.027 seconds
[2024-03-04T16:09:55.261+0000] {processor.py:161} INFO - Started process (PID=2002) to work on /home/airflow/.local/lib/python3.11/site-packages/airflow/example_dags/example_time_delta_sensor_async.py
[2024-03-04T16:09:55.262+0000] {processor.py:830} INFO - Processing file /home/airflow/.local/lib/python3.11/site-packages/airflow/example_dags/example_time_delta_sensor_async.py for tasks to queue
[2024-03-04T16:09:55.263+0000] {logging_mixin.py:188} INFO - [2024-03-04T16:09:55.263+0000] {dagbag.py:540} INFO - Filling up the DagBag from /home/airflow/.local/lib/python3.11/site-packages/airflow/example_dags/example_time_delta_sensor_async.py
[2024-03-04T16:09:55.266+0000] {processor.py:840} INFO - DAG(s) 'example_time_delta_sensor_async' retrieved from /home/airflow/.local/lib/python3.11/site-packages/airflow/example_dags/example_time_delta_sensor_async.py
[2024-03-04T16:09:55.277+0000] {logging_mixin.py:188} INFO - [2024-03-04T16:09:55.277+0000] {dag.py:3047} INFO - Sync 1 DAGs
[2024-03-04T16:09:55.282+0000] {logging_mixin.py:188} INFO - [2024-03-04T16:09:55.282+0000] {dag.py:3834} INFO - Setting next_dagrun for example_time_delta_sensor_async to None, run_after=None
[2024-03-04T16:09:55.289+0000] {processor.py:183} INFO - Processing /home/airflow/.local/lib/python3.11/site-packages/airflow/example_dags/example_time_delta_sensor_async.py took 0.031 seconds
[2024-03-04T16:10:25.789+0000] {processor.py:161} INFO - Started process (PID=2057) to work on /home/airflow/.local/lib/python3.11/site-packages/airflow/example_dags/example_time_delta_sensor_async.py
[2024-03-04T16:10:25.789+0000] {processor.py:830} INFO - Processing file /home/airflow/.local/lib/python3.11/site-packages/airflow/example_dags/example_time_delta_sensor_async.py for tasks to queue
[2024-03-04T16:10:25.790+0000] {logging_mixin.py:188} INFO - [2024-03-04T16:10:25.790+0000] {dagbag.py:540} INFO - Filling up the DagBag from /home/airflow/.local/lib/python3.11/site-packages/airflow/example_dags/example_time_delta_sensor_async.py
[2024-03-04T16:10:25.793+0000] {processor.py:840} INFO - DAG(s) 'example_time_delta_sensor_async' retrieved from /home/airflow/.local/lib/python3.11/site-packages/airflow/example_dags/example_time_delta_sensor_async.py
[2024-03-04T16:10:25.802+0000] {logging_mixin.py:188} INFO - [2024-03-04T16:10:25.802+0000] {dag.py:3047} INFO - Sync 1 DAGs
[2024-03-04T16:10:25.807+0000] {logging_mixin.py:188} INFO - [2024-03-04T16:10:25.807+0000] {dag.py:3834} INFO - Setting next_dagrun for example_time_delta_sensor_async to None, run_after=None
[2024-03-04T16:10:25.814+0000] {processor.py:183} INFO - Processing /home/airflow/.local/lib/python3.11/site-packages/airflow/example_dags/example_time_delta_sensor_async.py took 0.027 seconds
[2024-03-04T16:10:56.485+0000] {processor.py:161} INFO - Started process (PID=2112) to work on /home/airflow/.local/lib/python3.11/site-packages/airflow/example_dags/example_time_delta_sensor_async.py
[2024-03-04T16:10:56.485+0000] {processor.py:830} INFO - Processing file /home/airflow/.local/lib/python3.11/site-packages/airflow/example_dags/example_time_delta_sensor_async.py for tasks to queue
[2024-03-04T16:10:56.486+0000] {logging_mixin.py:188} INFO - [2024-03-04T16:10:56.486+0000] {dagbag.py:540} INFO - Filling up the DagBag from /home/airflow/.local/lib/python3.11/site-packages/airflow/example_dags/example_time_delta_sensor_async.py
[2024-03-04T16:10:56.489+0000] {processor.py:840} INFO - DAG(s) 'example_time_delta_sensor_async' retrieved from /home/airflow/.local/lib/python3.11/site-packages/airflow/example_dags/example_time_delta_sensor_async.py
[2024-03-04T16:10:56.499+0000] {logging_mixin.py:188} INFO - [2024-03-04T16:10:56.498+0000] {dag.py:3047} INFO - Sync 1 DAGs
[2024-03-04T16:10:56.504+0000] {logging_mixin.py:188} INFO - [2024-03-04T16:10:56.503+0000] {dag.py:3834} INFO - Setting next_dagrun for example_time_delta_sensor_async to None, run_after=None
[2024-03-04T16:10:56.510+0000] {processor.py:183} INFO - Processing /home/airflow/.local/lib/python3.11/site-packages/airflow/example_dags/example_time_delta_sensor_async.py took 0.027 seconds
[2024-03-04T16:11:27.180+0000] {processor.py:161} INFO - Started process (PID=2167) to work on /home/airflow/.local/lib/python3.11/site-packages/airflow/example_dags/example_time_delta_sensor_async.py
[2024-03-04T16:11:27.181+0000] {processor.py:830} INFO - Processing file /home/airflow/.local/lib/python3.11/site-packages/airflow/example_dags/example_time_delta_sensor_async.py for tasks to queue
[2024-03-04T16:11:27.182+0000] {logging_mixin.py:188} INFO - [2024-03-04T16:11:27.181+0000] {dagbag.py:540} INFO - Filling up the DagBag from /home/airflow/.local/lib/python3.11/site-packages/airflow/example_dags/example_time_delta_sensor_async.py
[2024-03-04T16:11:27.184+0000] {processor.py:840} INFO - DAG(s) 'example_time_delta_sensor_async' retrieved from /home/airflow/.local/lib/python3.11/site-packages/airflow/example_dags/example_time_delta_sensor_async.py
[2024-03-04T16:11:27.193+0000] {logging_mixin.py:188} INFO - [2024-03-04T16:11:27.193+0000] {dag.py:3047} INFO - Sync 1 DAGs
[2024-03-04T16:11:27.199+0000] {logging_mixin.py:188} INFO - [2024-03-04T16:11:27.199+0000] {dag.py:3834} INFO - Setting next_dagrun for example_time_delta_sensor_async to None, run_after=None
[2024-03-04T16:11:27.206+0000] {processor.py:183} INFO - Processing /home/airflow/.local/lib/python3.11/site-packages/airflow/example_dags/example_time_delta_sensor_async.py took 0.028 seconds
[2024-03-04T16:11:57.864+0000] {processor.py:161} INFO - Started process (PID=2222) to work on /home/airflow/.local/lib/python3.11/site-packages/airflow/example_dags/example_time_delta_sensor_async.py
[2024-03-04T16:11:57.865+0000] {processor.py:830} INFO - Processing file /home/airflow/.local/lib/python3.11/site-packages/airflow/example_dags/example_time_delta_sensor_async.py for tasks to queue
[2024-03-04T16:11:57.865+0000] {logging_mixin.py:188} INFO - [2024-03-04T16:11:57.865+0000] {dagbag.py:540} INFO - Filling up the DagBag from /home/airflow/.local/lib/python3.11/site-packages/airflow/example_dags/example_time_delta_sensor_async.py
[2024-03-04T16:11:57.868+0000] {processor.py:840} INFO - DAG(s) 'example_time_delta_sensor_async' retrieved from /home/airflow/.local/lib/python3.11/site-packages/airflow/example_dags/example_time_delta_sensor_async.py
[2024-03-04T16:11:57.878+0000] {logging_mixin.py:188} INFO - [2024-03-04T16:11:57.878+0000] {dag.py:3047} INFO - Sync 1 DAGs
[2024-03-04T16:11:57.883+0000] {logging_mixin.py:188} INFO - [2024-03-04T16:11:57.883+0000] {dag.py:3834} INFO - Setting next_dagrun for example_time_delta_sensor_async to None, run_after=None
[2024-03-04T16:11:57.890+0000] {processor.py:183} INFO - Processing /home/airflow/.local/lib/python3.11/site-packages/airflow/example_dags/example_time_delta_sensor_async.py took 0.027 seconds
[2024-03-04T16:12:28.586+0000] {processor.py:161} INFO - Started process (PID=2277) to work on /home/airflow/.local/lib/python3.11/site-packages/airflow/example_dags/example_time_delta_sensor_async.py
[2024-03-04T16:12:28.588+0000] {processor.py:830} INFO - Processing file /home/airflow/.local/lib/python3.11/site-packages/airflow/example_dags/example_time_delta_sensor_async.py for tasks to queue
[2024-03-04T16:12:28.589+0000] {logging_mixin.py:188} INFO - [2024-03-04T16:12:28.589+0000] {dagbag.py:540} INFO - Filling up the DagBag from /home/airflow/.local/lib/python3.11/site-packages/airflow/example_dags/example_time_delta_sensor_async.py
[2024-03-04T16:12:28.592+0000] {processor.py:840} INFO - DAG(s) 'example_time_delta_sensor_async' retrieved from /home/airflow/.local/lib/python3.11/site-packages/airflow/example_dags/example_time_delta_sensor_async.py
[2024-03-04T16:12:28.601+0000] {logging_mixin.py:188} INFO - [2024-03-04T16:12:28.601+0000] {dag.py:3047} INFO - Sync 1 DAGs
[2024-03-04T16:12:28.608+0000] {logging_mixin.py:188} INFO - [2024-03-04T16:12:28.608+0000] {dag.py:3834} INFO - Setting next_dagrun for example_time_delta_sensor_async to None, run_after=None
[2024-03-04T16:12:28.618+0000] {processor.py:183} INFO - Processing /home/airflow/.local/lib/python3.11/site-packages/airflow/example_dags/example_time_delta_sensor_async.py took 0.034 seconds
[2024-03-04T16:12:59.184+0000] {processor.py:161} INFO - Started process (PID=2332) to work on /home/airflow/.local/lib/python3.11/site-packages/airflow/example_dags/example_time_delta_sensor_async.py
[2024-03-04T16:12:59.184+0000] {processor.py:830} INFO - Processing file /home/airflow/.local/lib/python3.11/site-packages/airflow/example_dags/example_time_delta_sensor_async.py for tasks to queue
[2024-03-04T16:12:59.185+0000] {logging_mixin.py:188} INFO - [2024-03-04T16:12:59.185+0000] {dagbag.py:540} INFO - Filling up the DagBag from /home/airflow/.local/lib/python3.11/site-packages/airflow/example_dags/example_time_delta_sensor_async.py
[2024-03-04T16:12:59.188+0000] {processor.py:840} INFO - DAG(s) 'example_time_delta_sensor_async' retrieved from /home/airflow/.local/lib/python3.11/site-packages/airflow/example_dags/example_time_delta_sensor_async.py
[2024-03-04T16:12:59.198+0000] {logging_mixin.py:188} INFO - [2024-03-04T16:12:59.198+0000] {dag.py:3047} INFO - Sync 1 DAGs
[2024-03-04T16:12:59.204+0000] {logging_mixin.py:188} INFO - [2024-03-04T16:12:59.204+0000] {dag.py:3834} INFO - Setting next_dagrun for example_time_delta_sensor_async to None, run_after=None
[2024-03-04T16:12:59.211+0000] {processor.py:183} INFO - Processing /home/airflow/.local/lib/python3.11/site-packages/airflow/example_dags/example_time_delta_sensor_async.py took 0.029 seconds
[2024-03-04T16:13:29.777+0000] {processor.py:161} INFO - Started process (PID=2387) to work on /home/airflow/.local/lib/python3.11/site-packages/airflow/example_dags/example_time_delta_sensor_async.py
[2024-03-04T16:13:29.778+0000] {processor.py:830} INFO - Processing file /home/airflow/.local/lib/python3.11/site-packages/airflow/example_dags/example_time_delta_sensor_async.py for tasks to queue
[2024-03-04T16:13:29.779+0000] {logging_mixin.py:188} INFO - [2024-03-04T16:13:29.779+0000] {dagbag.py:540} INFO - Filling up the DagBag from /home/airflow/.local/lib/python3.11/site-packages/airflow/example_dags/example_time_delta_sensor_async.py
[2024-03-04T16:13:29.781+0000] {processor.py:840} INFO - DAG(s) 'example_time_delta_sensor_async' retrieved from /home/airflow/.local/lib/python3.11/site-packages/airflow/example_dags/example_time_delta_sensor_async.py
[2024-03-04T16:13:29.791+0000] {logging_mixin.py:188} INFO - [2024-03-04T16:13:29.791+0000] {dag.py:3047} INFO - Sync 1 DAGs
[2024-03-04T16:13:29.796+0000] {logging_mixin.py:188} INFO - [2024-03-04T16:13:29.796+0000] {dag.py:3834} INFO - Setting next_dagrun for example_time_delta_sensor_async to None, run_after=None
[2024-03-04T16:13:29.803+0000] {processor.py:183} INFO - Processing /home/airflow/.local/lib/python3.11/site-packages/airflow/example_dags/example_time_delta_sensor_async.py took 0.027 seconds
[2024-03-04T16:14:00.582+0000] {processor.py:161} INFO - Started process (PID=2442) to work on /home/airflow/.local/lib/python3.11/site-packages/airflow/example_dags/example_time_delta_sensor_async.py
[2024-03-04T16:14:00.582+0000] {processor.py:830} INFO - Processing file /home/airflow/.local/lib/python3.11/site-packages/airflow/example_dags/example_time_delta_sensor_async.py for tasks to queue
[2024-03-04T16:14:00.583+0000] {logging_mixin.py:188} INFO - [2024-03-04T16:14:00.583+0000] {dagbag.py:540} INFO - Filling up the DagBag from /home/airflow/.local/lib/python3.11/site-packages/airflow/example_dags/example_time_delta_sensor_async.py
[2024-03-04T16:14:00.586+0000] {processor.py:840} INFO - DAG(s) 'example_time_delta_sensor_async' retrieved from /home/airflow/.local/lib/python3.11/site-packages/airflow/example_dags/example_time_delta_sensor_async.py
[2024-03-04T16:14:00.595+0000] {logging_mixin.py:188} INFO - [2024-03-04T16:14:00.595+0000] {dag.py:3047} INFO - Sync 1 DAGs
[2024-03-04T16:14:00.600+0000] {logging_mixin.py:188} INFO - [2024-03-04T16:14:00.600+0000] {dag.py:3834} INFO - Setting next_dagrun for example_time_delta_sensor_async to None, run_after=None
[2024-03-04T16:14:00.607+0000] {processor.py:183} INFO - Processing /home/airflow/.local/lib/python3.11/site-packages/airflow/example_dags/example_time_delta_sensor_async.py took 0.027 seconds
[2024-03-04T16:14:31.397+0000] {processor.py:161} INFO - Started process (PID=2497) to work on /home/airflow/.local/lib/python3.11/site-packages/airflow/example_dags/example_time_delta_sensor_async.py
[2024-03-04T16:14:31.397+0000] {processor.py:830} INFO - Processing file /home/airflow/.local/lib/python3.11/site-packages/airflow/example_dags/example_time_delta_sensor_async.py for tasks to queue
[2024-03-04T16:14:31.398+0000] {logging_mixin.py:188} INFO - [2024-03-04T16:14:31.398+0000] {dagbag.py:540} INFO - Filling up the DagBag from /home/airflow/.local/lib/python3.11/site-packages/airflow/example_dags/example_time_delta_sensor_async.py
[2024-03-04T16:14:31.401+0000] {processor.py:840} INFO - DAG(s) 'example_time_delta_sensor_async' retrieved from /home/airflow/.local/lib/python3.11/site-packages/airflow/example_dags/example_time_delta_sensor_async.py
[2024-03-04T16:14:31.411+0000] {logging_mixin.py:188} INFO - [2024-03-04T16:14:31.411+0000] {dag.py:3047} INFO - Sync 1 DAGs
[2024-03-04T16:14:31.416+0000] {logging_mixin.py:188} INFO - [2024-03-04T16:14:31.416+0000] {dag.py:3834} INFO - Setting next_dagrun for example_time_delta_sensor_async to None, run_after=None
[2024-03-04T16:14:31.424+0000] {processor.py:183} INFO - Processing /home/airflow/.local/lib/python3.11/site-packages/airflow/example_dags/example_time_delta_sensor_async.py took 0.029 seconds
[2024-03-04T16:15:02.086+0000] {processor.py:161} INFO - Started process (PID=2552) to work on /home/airflow/.local/lib/python3.11/site-packages/airflow/example_dags/example_time_delta_sensor_async.py
[2024-03-04T16:15:02.087+0000] {processor.py:830} INFO - Processing file /home/airflow/.local/lib/python3.11/site-packages/airflow/example_dags/example_time_delta_sensor_async.py for tasks to queue
[2024-03-04T16:15:02.088+0000] {logging_mixin.py:188} INFO - [2024-03-04T16:15:02.088+0000] {dagbag.py:540} INFO - Filling up the DagBag from /home/airflow/.local/lib/python3.11/site-packages/airflow/example_dags/example_time_delta_sensor_async.py
[2024-03-04T16:15:02.090+0000] {processor.py:840} INFO - DAG(s) 'example_time_delta_sensor_async' retrieved from /home/airflow/.local/lib/python3.11/site-packages/airflow/example_dags/example_time_delta_sensor_async.py
[2024-03-04T16:15:02.100+0000] {logging_mixin.py:188} INFO - [2024-03-04T16:15:02.100+0000] {dag.py:3047} INFO - Sync 1 DAGs
[2024-03-04T16:15:02.105+0000] {logging_mixin.py:188} INFO - [2024-03-04T16:15:02.105+0000] {dag.py:3834} INFO - Setting next_dagrun for example_time_delta_sensor_async to None, run_after=None
[2024-03-04T16:15:02.114+0000] {processor.py:183} INFO - Processing /home/airflow/.local/lib/python3.11/site-packages/airflow/example_dags/example_time_delta_sensor_async.py took 0.029 seconds
[2024-03-04T16:15:32.582+0000] {processor.py:161} INFO - Started process (PID=2607) to work on /home/airflow/.local/lib/python3.11/site-packages/airflow/example_dags/example_time_delta_sensor_async.py
[2024-03-04T16:15:32.583+0000] {processor.py:830} INFO - Processing file /home/airflow/.local/lib/python3.11/site-packages/airflow/example_dags/example_time_delta_sensor_async.py for tasks to queue
[2024-03-04T16:15:32.584+0000] {logging_mixin.py:188} INFO - [2024-03-04T16:15:32.583+0000] {dagbag.py:540} INFO - Filling up the DagBag from /home/airflow/.local/lib/python3.11/site-packages/airflow/example_dags/example_time_delta_sensor_async.py
[2024-03-04T16:15:32.586+0000] {processor.py:840} INFO - DAG(s) 'example_time_delta_sensor_async' retrieved from /home/airflow/.local/lib/python3.11/site-packages/airflow/example_dags/example_time_delta_sensor_async.py
[2024-03-04T16:15:32.595+0000] {logging_mixin.py:188} INFO - [2024-03-04T16:15:32.595+0000] {dag.py:3047} INFO - Sync 1 DAGs
[2024-03-04T16:15:32.601+0000] {logging_mixin.py:188} INFO - [2024-03-04T16:15:32.601+0000] {dag.py:3834} INFO - Setting next_dagrun for example_time_delta_sensor_async to None, run_after=None
[2024-03-04T16:15:32.607+0000] {processor.py:183} INFO - Processing /home/airflow/.local/lib/python3.11/site-packages/airflow/example_dags/example_time_delta_sensor_async.py took 0.027 seconds
[2024-03-04T16:16:03.470+0000] {processor.py:161} INFO - Started process (PID=2662) to work on /home/airflow/.local/lib/python3.11/site-packages/airflow/example_dags/example_time_delta_sensor_async.py
[2024-03-04T16:16:03.471+0000] {processor.py:830} INFO - Processing file /home/airflow/.local/lib/python3.11/site-packages/airflow/example_dags/example_time_delta_sensor_async.py for tasks to queue
[2024-03-04T16:16:03.472+0000] {logging_mixin.py:188} INFO - [2024-03-04T16:16:03.471+0000] {dagbag.py:540} INFO - Filling up the DagBag from /home/airflow/.local/lib/python3.11/site-packages/airflow/example_dags/example_time_delta_sensor_async.py
[2024-03-04T16:16:03.474+0000] {processor.py:840} INFO - DAG(s) 'example_time_delta_sensor_async' retrieved from /home/airflow/.local/lib/python3.11/site-packages/airflow/example_dags/example_time_delta_sensor_async.py
[2024-03-04T16:16:03.484+0000] {logging_mixin.py:188} INFO - [2024-03-04T16:16:03.484+0000] {dag.py:3047} INFO - Sync 1 DAGs
[2024-03-04T16:16:03.489+0000] {logging_mixin.py:188} INFO - [2024-03-04T16:16:03.489+0000] {dag.py:3834} INFO - Setting next_dagrun for example_time_delta_sensor_async to None, run_after=None
[2024-03-04T16:16:03.497+0000] {processor.py:183} INFO - Processing /home/airflow/.local/lib/python3.11/site-packages/airflow/example_dags/example_time_delta_sensor_async.py took 0.029 seconds
[2024-03-04T16:16:33.910+0000] {processor.py:161} INFO - Started process (PID=2717) to work on /home/airflow/.local/lib/python3.11/site-packages/airflow/example_dags/example_time_delta_sensor_async.py
[2024-03-04T16:16:33.910+0000] {processor.py:830} INFO - Processing file /home/airflow/.local/lib/python3.11/site-packages/airflow/example_dags/example_time_delta_sensor_async.py for tasks to queue
[2024-03-04T16:16:33.911+0000] {logging_mixin.py:188} INFO - [2024-03-04T16:16:33.911+0000] {dagbag.py:540} INFO - Filling up the DagBag from /home/airflow/.local/lib/python3.11/site-packages/airflow/example_dags/example_time_delta_sensor_async.py
[2024-03-04T16:16:33.914+0000] {processor.py:840} INFO - DAG(s) 'example_time_delta_sensor_async' retrieved from /home/airflow/.local/lib/python3.11/site-packages/airflow/example_dags/example_time_delta_sensor_async.py
[2024-03-04T16:16:33.925+0000] {logging_mixin.py:188} INFO - [2024-03-04T16:16:33.925+0000] {dag.py:3047} INFO - Sync 1 DAGs
[2024-03-04T16:16:33.934+0000] {logging_mixin.py:188} INFO - [2024-03-04T16:16:33.934+0000] {dag.py:3834} INFO - Setting next_dagrun for example_time_delta_sensor_async to None, run_after=None
[2024-03-04T16:16:33.952+0000] {processor.py:183} INFO - Processing /home/airflow/.local/lib/python3.11/site-packages/airflow/example_dags/example_time_delta_sensor_async.py took 0.044 seconds
[2024-03-04T16:17:04.726+0000] {processor.py:161} INFO - Started process (PID=2772) to work on /home/airflow/.local/lib/python3.11/site-packages/airflow/example_dags/example_time_delta_sensor_async.py
[2024-03-04T16:17:04.727+0000] {processor.py:830} INFO - Processing file /home/airflow/.local/lib/python3.11/site-packages/airflow/example_dags/example_time_delta_sensor_async.py for tasks to queue
[2024-03-04T16:17:04.728+0000] {logging_mixin.py:188} INFO - [2024-03-04T16:17:04.727+0000] {dagbag.py:540} INFO - Filling up the DagBag from /home/airflow/.local/lib/python3.11/site-packages/airflow/example_dags/example_time_delta_sensor_async.py
[2024-03-04T16:17:04.730+0000] {processor.py:840} INFO - DAG(s) 'example_time_delta_sensor_async' retrieved from /home/airflow/.local/lib/python3.11/site-packages/airflow/example_dags/example_time_delta_sensor_async.py
[2024-03-04T16:17:04.742+0000] {logging_mixin.py:188} INFO - [2024-03-04T16:17:04.742+0000] {dag.py:3047} INFO - Sync 1 DAGs
[2024-03-04T16:17:04.749+0000] {logging_mixin.py:188} INFO - [2024-03-04T16:17:04.749+0000] {dag.py:3834} INFO - Setting next_dagrun for example_time_delta_sensor_async to None, run_after=None
[2024-03-04T16:17:04.757+0000] {processor.py:183} INFO - Processing /home/airflow/.local/lib/python3.11/site-packages/airflow/example_dags/example_time_delta_sensor_async.py took 0.033 seconds
[2024-03-04T16:17:35.675+0000] {processor.py:161} INFO - Started process (PID=2827) to work on /home/airflow/.local/lib/python3.11/site-packages/airflow/example_dags/example_time_delta_sensor_async.py
[2024-03-04T16:17:35.677+0000] {processor.py:830} INFO - Processing file /home/airflow/.local/lib/python3.11/site-packages/airflow/example_dags/example_time_delta_sensor_async.py for tasks to queue
[2024-03-04T16:17:35.678+0000] {logging_mixin.py:188} INFO - [2024-03-04T16:17:35.678+0000] {dagbag.py:540} INFO - Filling up the DagBag from /home/airflow/.local/lib/python3.11/site-packages/airflow/example_dags/example_time_delta_sensor_async.py
[2024-03-04T16:17:35.682+0000] {processor.py:840} INFO - DAG(s) 'example_time_delta_sensor_async' retrieved from /home/airflow/.local/lib/python3.11/site-packages/airflow/example_dags/example_time_delta_sensor_async.py
[2024-03-04T16:17:35.692+0000] {logging_mixin.py:188} INFO - [2024-03-04T16:17:35.691+0000] {dag.py:3047} INFO - Sync 1 DAGs
[2024-03-04T16:17:35.698+0000] {logging_mixin.py:188} INFO - [2024-03-04T16:17:35.698+0000] {dag.py:3834} INFO - Setting next_dagrun for example_time_delta_sensor_async to None, run_after=None
[2024-03-04T16:17:35.707+0000] {processor.py:183} INFO - Processing /home/airflow/.local/lib/python3.11/site-packages/airflow/example_dags/example_time_delta_sensor_async.py took 0.034 seconds
[2024-03-04T16:18:06.006+0000] {processor.py:161} INFO - Started process (PID=2882) to work on /home/airflow/.local/lib/python3.11/site-packages/airflow/example_dags/example_time_delta_sensor_async.py
[2024-03-04T16:18:06.006+0000] {processor.py:830} INFO - Processing file /home/airflow/.local/lib/python3.11/site-packages/airflow/example_dags/example_time_delta_sensor_async.py for tasks to queue
[2024-03-04T16:18:06.007+0000] {logging_mixin.py:188} INFO - [2024-03-04T16:18:06.007+0000] {dagbag.py:540} INFO - Filling up the DagBag from /home/airflow/.local/lib/python3.11/site-packages/airflow/example_dags/example_time_delta_sensor_async.py
[2024-03-04T16:18:06.009+0000] {processor.py:840} INFO - DAG(s) 'example_time_delta_sensor_async' retrieved from /home/airflow/.local/lib/python3.11/site-packages/airflow/example_dags/example_time_delta_sensor_async.py
[2024-03-04T16:18:06.019+0000] {logging_mixin.py:188} INFO - [2024-03-04T16:18:06.019+0000] {dag.py:3047} INFO - Sync 1 DAGs
[2024-03-04T16:18:06.024+0000] {logging_mixin.py:188} INFO - [2024-03-04T16:18:06.024+0000] {dag.py:3834} INFO - Setting next_dagrun for example_time_delta_sensor_async to None, run_after=None
[2024-03-04T16:18:06.031+0000] {processor.py:183} INFO - Processing /home/airflow/.local/lib/python3.11/site-packages/airflow/example_dags/example_time_delta_sensor_async.py took 0.027 seconds
[2024-03-04T16:18:36.670+0000] {processor.py:161} INFO - Started process (PID=2937) to work on /home/airflow/.local/lib/python3.11/site-packages/airflow/example_dags/example_time_delta_sensor_async.py
[2024-03-04T16:18:36.671+0000] {processor.py:830} INFO - Processing file /home/airflow/.local/lib/python3.11/site-packages/airflow/example_dags/example_time_delta_sensor_async.py for tasks to queue
[2024-03-04T16:18:36.672+0000] {logging_mixin.py:188} INFO - [2024-03-04T16:18:36.672+0000] {dagbag.py:540} INFO - Filling up the DagBag from /home/airflow/.local/lib/python3.11/site-packages/airflow/example_dags/example_time_delta_sensor_async.py
[2024-03-04T16:18:36.674+0000] {processor.py:840} INFO - DAG(s) 'example_time_delta_sensor_async' retrieved from /home/airflow/.local/lib/python3.11/site-packages/airflow/example_dags/example_time_delta_sensor_async.py
[2024-03-04T16:18:36.703+0000] {logging_mixin.py:188} INFO - [2024-03-04T16:18:36.703+0000] {dag.py:3047} INFO - Sync 1 DAGs
[2024-03-04T16:18:36.710+0000] {logging_mixin.py:188} INFO - [2024-03-04T16:18:36.710+0000] {dag.py:3834} INFO - Setting next_dagrun for example_time_delta_sensor_async to None, run_after=None
[2024-03-04T16:18:36.719+0000] {processor.py:183} INFO - Processing /home/airflow/.local/lib/python3.11/site-packages/airflow/example_dags/example_time_delta_sensor_async.py took 0.050 seconds
[2024-03-04T16:19:07.495+0000] {processor.py:161} INFO - Started process (PID=2992) to work on /home/airflow/.local/lib/python3.11/site-packages/airflow/example_dags/example_time_delta_sensor_async.py
[2024-03-04T16:19:07.496+0000] {processor.py:830} INFO - Processing file /home/airflow/.local/lib/python3.11/site-packages/airflow/example_dags/example_time_delta_sensor_async.py for tasks to queue
[2024-03-04T16:19:07.497+0000] {logging_mixin.py:188} INFO - [2024-03-04T16:19:07.497+0000] {dagbag.py:540} INFO - Filling up the DagBag from /home/airflow/.local/lib/python3.11/site-packages/airflow/example_dags/example_time_delta_sensor_async.py
[2024-03-04T16:19:07.500+0000] {processor.py:840} INFO - DAG(s) 'example_time_delta_sensor_async' retrieved from /home/airflow/.local/lib/python3.11/site-packages/airflow/example_dags/example_time_delta_sensor_async.py
[2024-03-04T16:19:07.509+0000] {logging_mixin.py:188} INFO - [2024-03-04T16:19:07.509+0000] {dag.py:3047} INFO - Sync 1 DAGs
[2024-03-04T16:19:07.514+0000] {logging_mixin.py:188} INFO - [2024-03-04T16:19:07.514+0000] {dag.py:3834} INFO - Setting next_dagrun for example_time_delta_sensor_async to None, run_after=None
[2024-03-04T16:19:07.521+0000] {processor.py:183} INFO - Processing /home/airflow/.local/lib/python3.11/site-packages/airflow/example_dags/example_time_delta_sensor_async.py took 0.027 seconds
[2024-03-04T16:19:37.794+0000] {processor.py:161} INFO - Started process (PID=3047) to work on /home/airflow/.local/lib/python3.11/site-packages/airflow/example_dags/example_time_delta_sensor_async.py
[2024-03-04T16:19:37.794+0000] {processor.py:830} INFO - Processing file /home/airflow/.local/lib/python3.11/site-packages/airflow/example_dags/example_time_delta_sensor_async.py for tasks to queue
[2024-03-04T16:19:37.795+0000] {logging_mixin.py:188} INFO - [2024-03-04T16:19:37.795+0000] {dagbag.py:540} INFO - Filling up the DagBag from /home/airflow/.local/lib/python3.11/site-packages/airflow/example_dags/example_time_delta_sensor_async.py
[2024-03-04T16:19:37.797+0000] {processor.py:840} INFO - DAG(s) 'example_time_delta_sensor_async' retrieved from /home/airflow/.local/lib/python3.11/site-packages/airflow/example_dags/example_time_delta_sensor_async.py
[2024-03-04T16:19:37.807+0000] {logging_mixin.py:188} INFO - [2024-03-04T16:19:37.807+0000] {dag.py:3047} INFO - Sync 1 DAGs
[2024-03-04T16:19:37.812+0000] {logging_mixin.py:188} INFO - [2024-03-04T16:19:37.812+0000] {dag.py:3834} INFO - Setting next_dagrun for example_time_delta_sensor_async to None, run_after=None
[2024-03-04T16:19:37.819+0000] {processor.py:183} INFO - Processing /home/airflow/.local/lib/python3.11/site-packages/airflow/example_dags/example_time_delta_sensor_async.py took 0.027 seconds
[2024-03-04T16:20:08.099+0000] {processor.py:161} INFO - Started process (PID=3102) to work on /home/airflow/.local/lib/python3.11/site-packages/airflow/example_dags/example_time_delta_sensor_async.py
[2024-03-04T16:20:08.100+0000] {processor.py:830} INFO - Processing file /home/airflow/.local/lib/python3.11/site-packages/airflow/example_dags/example_time_delta_sensor_async.py for tasks to queue
[2024-03-04T16:20:08.101+0000] {logging_mixin.py:188} INFO - [2024-03-04T16:20:08.100+0000] {dagbag.py:540} INFO - Filling up the DagBag from /home/airflow/.local/lib/python3.11/site-packages/airflow/example_dags/example_time_delta_sensor_async.py
[2024-03-04T16:20:08.103+0000] {processor.py:840} INFO - DAG(s) 'example_time_delta_sensor_async' retrieved from /home/airflow/.local/lib/python3.11/site-packages/airflow/example_dags/example_time_delta_sensor_async.py
[2024-03-04T16:20:08.114+0000] {logging_mixin.py:188} INFO - [2024-03-04T16:20:08.113+0000] {dag.py:3047} INFO - Sync 1 DAGs
[2024-03-04T16:20:08.119+0000] {logging_mixin.py:188} INFO - [2024-03-04T16:20:08.119+0000] {dag.py:3834} INFO - Setting next_dagrun for example_time_delta_sensor_async to None, run_after=None
[2024-03-04T16:20:08.127+0000] {processor.py:183} INFO - Processing /home/airflow/.local/lib/python3.11/site-packages/airflow/example_dags/example_time_delta_sensor_async.py took 0.029 seconds
[2024-03-04T16:20:38.527+0000] {processor.py:161} INFO - Started process (PID=3157) to work on /home/airflow/.local/lib/python3.11/site-packages/airflow/example_dags/example_time_delta_sensor_async.py
[2024-03-04T16:20:38.528+0000] {processor.py:830} INFO - Processing file /home/airflow/.local/lib/python3.11/site-packages/airflow/example_dags/example_time_delta_sensor_async.py for tasks to queue
[2024-03-04T16:20:38.529+0000] {logging_mixin.py:188} INFO - [2024-03-04T16:20:38.529+0000] {dagbag.py:540} INFO - Filling up the DagBag from /home/airflow/.local/lib/python3.11/site-packages/airflow/example_dags/example_time_delta_sensor_async.py
[2024-03-04T16:20:38.531+0000] {processor.py:840} INFO - DAG(s) 'example_time_delta_sensor_async' retrieved from /home/airflow/.local/lib/python3.11/site-packages/airflow/example_dags/example_time_delta_sensor_async.py
[2024-03-04T16:20:38.541+0000] {logging_mixin.py:188} INFO - [2024-03-04T16:20:38.541+0000] {dag.py:3047} INFO - Sync 1 DAGs
[2024-03-04T16:20:38.546+0000] {logging_mixin.py:188} INFO - [2024-03-04T16:20:38.546+0000] {dag.py:3834} INFO - Setting next_dagrun for example_time_delta_sensor_async to None, run_after=None
[2024-03-04T16:20:38.553+0000] {processor.py:183} INFO - Processing /home/airflow/.local/lib/python3.11/site-packages/airflow/example_dags/example_time_delta_sensor_async.py took 0.027 seconds
[2024-03-04T16:21:08.758+0000] {processor.py:161} INFO - Started process (PID=3212) to work on /home/airflow/.local/lib/python3.11/site-packages/airflow/example_dags/example_time_delta_sensor_async.py
[2024-03-04T16:21:08.759+0000] {processor.py:830} INFO - Processing file /home/airflow/.local/lib/python3.11/site-packages/airflow/example_dags/example_time_delta_sensor_async.py for tasks to queue
[2024-03-04T16:21:08.760+0000] {logging_mixin.py:188} INFO - [2024-03-04T16:21:08.759+0000] {dagbag.py:540} INFO - Filling up the DagBag from /home/airflow/.local/lib/python3.11/site-packages/airflow/example_dags/example_time_delta_sensor_async.py
[2024-03-04T16:21:08.762+0000] {processor.py:840} INFO - DAG(s) 'example_time_delta_sensor_async' retrieved from /home/airflow/.local/lib/python3.11/site-packages/airflow/example_dags/example_time_delta_sensor_async.py
[2024-03-04T16:21:08.771+0000] {logging_mixin.py:188} INFO - [2024-03-04T16:21:08.771+0000] {dag.py:3047} INFO - Sync 1 DAGs
[2024-03-04T16:21:08.776+0000] {logging_mixin.py:188} INFO - [2024-03-04T16:21:08.776+0000] {dag.py:3834} INFO - Setting next_dagrun for example_time_delta_sensor_async to None, run_after=None
[2024-03-04T16:21:08.782+0000] {processor.py:183} INFO - Processing /home/airflow/.local/lib/python3.11/site-packages/airflow/example_dags/example_time_delta_sensor_async.py took 0.026 seconds
[2024-03-04T16:21:39.043+0000] {processor.py:161} INFO - Started process (PID=3267) to work on /home/airflow/.local/lib/python3.11/site-packages/airflow/example_dags/example_time_delta_sensor_async.py
[2024-03-04T16:21:39.044+0000] {processor.py:830} INFO - Processing file /home/airflow/.local/lib/python3.11/site-packages/airflow/example_dags/example_time_delta_sensor_async.py for tasks to queue
[2024-03-04T16:21:39.046+0000] {logging_mixin.py:188} INFO - [2024-03-04T16:21:39.046+0000] {dagbag.py:540} INFO - Filling up the DagBag from /home/airflow/.local/lib/python3.11/site-packages/airflow/example_dags/example_time_delta_sensor_async.py
[2024-03-04T16:21:39.050+0000] {processor.py:840} INFO - DAG(s) 'example_time_delta_sensor_async' retrieved from /home/airflow/.local/lib/python3.11/site-packages/airflow/example_dags/example_time_delta_sensor_async.py
[2024-03-04T16:21:39.061+0000] {logging_mixin.py:188} INFO - [2024-03-04T16:21:39.061+0000] {dag.py:3047} INFO - Sync 1 DAGs
[2024-03-04T16:21:39.066+0000] {logging_mixin.py:188} INFO - [2024-03-04T16:21:39.066+0000] {dag.py:3834} INFO - Setting next_dagrun for example_time_delta_sensor_async to None, run_after=None
[2024-03-04T16:21:39.073+0000] {processor.py:183} INFO - Processing /home/airflow/.local/lib/python3.11/site-packages/airflow/example_dags/example_time_delta_sensor_async.py took 0.034 seconds
[2024-03-04T16:22:09.349+0000] {processor.py:161} INFO - Started process (PID=3322) to work on /home/airflow/.local/lib/python3.11/site-packages/airflow/example_dags/example_time_delta_sensor_async.py
[2024-03-04T16:22:09.349+0000] {processor.py:830} INFO - Processing file /home/airflow/.local/lib/python3.11/site-packages/airflow/example_dags/example_time_delta_sensor_async.py for tasks to queue
[2024-03-04T16:22:09.350+0000] {logging_mixin.py:188} INFO - [2024-03-04T16:22:09.350+0000] {dagbag.py:540} INFO - Filling up the DagBag from /home/airflow/.local/lib/python3.11/site-packages/airflow/example_dags/example_time_delta_sensor_async.py
[2024-03-04T16:22:09.353+0000] {processor.py:840} INFO - DAG(s) 'example_time_delta_sensor_async' retrieved from /home/airflow/.local/lib/python3.11/site-packages/airflow/example_dags/example_time_delta_sensor_async.py
[2024-03-04T16:22:09.363+0000] {logging_mixin.py:188} INFO - [2024-03-04T16:22:09.362+0000] {dag.py:3047} INFO - Sync 1 DAGs
[2024-03-04T16:22:09.368+0000] {logging_mixin.py:188} INFO - [2024-03-04T16:22:09.368+0000] {dag.py:3834} INFO - Setting next_dagrun for example_time_delta_sensor_async to None, run_after=None
[2024-03-04T16:22:09.375+0000] {processor.py:183} INFO - Processing /home/airflow/.local/lib/python3.11/site-packages/airflow/example_dags/example_time_delta_sensor_async.py took 0.029 seconds
[2024-03-04T16:22:39.638+0000] {processor.py:161} INFO - Started process (PID=3377) to work on /home/airflow/.local/lib/python3.11/site-packages/airflow/example_dags/example_time_delta_sensor_async.py
[2024-03-04T16:22:39.639+0000] {processor.py:830} INFO - Processing file /home/airflow/.local/lib/python3.11/site-packages/airflow/example_dags/example_time_delta_sensor_async.py for tasks to queue
[2024-03-04T16:22:39.640+0000] {logging_mixin.py:188} INFO - [2024-03-04T16:22:39.640+0000] {dagbag.py:540} INFO - Filling up the DagBag from /home/airflow/.local/lib/python3.11/site-packages/airflow/example_dags/example_time_delta_sensor_async.py
[2024-03-04T16:22:39.643+0000] {processor.py:840} INFO - DAG(s) 'example_time_delta_sensor_async' retrieved from /home/airflow/.local/lib/python3.11/site-packages/airflow/example_dags/example_time_delta_sensor_async.py
[2024-03-04T16:22:39.654+0000] {logging_mixin.py:188} INFO - [2024-03-04T16:22:39.654+0000] {dag.py:3047} INFO - Sync 1 DAGs
[2024-03-04T16:22:39.659+0000] {logging_mixin.py:188} INFO - [2024-03-04T16:22:39.659+0000] {dag.py:3834} INFO - Setting next_dagrun for example_time_delta_sensor_async to None, run_after=None
[2024-03-04T16:22:39.666+0000] {processor.py:183} INFO - Processing /home/airflow/.local/lib/python3.11/site-packages/airflow/example_dags/example_time_delta_sensor_async.py took 0.030 seconds
[2024-03-04T16:23:09.869+0000] {processor.py:161} INFO - Started process (PID=3432) to work on /home/airflow/.local/lib/python3.11/site-packages/airflow/example_dags/example_time_delta_sensor_async.py
[2024-03-04T16:23:09.870+0000] {processor.py:830} INFO - Processing file /home/airflow/.local/lib/python3.11/site-packages/airflow/example_dags/example_time_delta_sensor_async.py for tasks to queue
[2024-03-04T16:23:09.871+0000] {logging_mixin.py:188} INFO - [2024-03-04T16:23:09.871+0000] {dagbag.py:540} INFO - Filling up the DagBag from /home/airflow/.local/lib/python3.11/site-packages/airflow/example_dags/example_time_delta_sensor_async.py
[2024-03-04T16:23:09.873+0000] {processor.py:840} INFO - DAG(s) 'example_time_delta_sensor_async' retrieved from /home/airflow/.local/lib/python3.11/site-packages/airflow/example_dags/example_time_delta_sensor_async.py
[2024-03-04T16:23:09.882+0000] {logging_mixin.py:188} INFO - [2024-03-04T16:23:09.882+0000] {dag.py:3047} INFO - Sync 1 DAGs
[2024-03-04T16:23:09.887+0000] {logging_mixin.py:188} INFO - [2024-03-04T16:23:09.887+0000] {dag.py:3834} INFO - Setting next_dagrun for example_time_delta_sensor_async to None, run_after=None
[2024-03-04T16:23:09.894+0000] {processor.py:183} INFO - Processing /home/airflow/.local/lib/python3.11/site-packages/airflow/example_dags/example_time_delta_sensor_async.py took 0.026 seconds
[2024-03-04T16:23:40.643+0000] {processor.py:161} INFO - Started process (PID=3486) to work on /home/airflow/.local/lib/python3.11/site-packages/airflow/example_dags/example_time_delta_sensor_async.py
[2024-03-04T16:23:40.646+0000] {processor.py:830} INFO - Processing file /home/airflow/.local/lib/python3.11/site-packages/airflow/example_dags/example_time_delta_sensor_async.py for tasks to queue
[2024-03-04T16:23:40.650+0000] {logging_mixin.py:188} INFO - [2024-03-04T16:23:40.649+0000] {dagbag.py:540} INFO - Filling up the DagBag from /home/airflow/.local/lib/python3.11/site-packages/airflow/example_dags/example_time_delta_sensor_async.py
[2024-03-04T16:23:40.653+0000] {processor.py:840} INFO - DAG(s) 'example_time_delta_sensor_async' retrieved from /home/airflow/.local/lib/python3.11/site-packages/airflow/example_dags/example_time_delta_sensor_async.py
[2024-03-04T16:23:40.668+0000] {logging_mixin.py:188} INFO - [2024-03-04T16:23:40.668+0000] {dag.py:3047} INFO - Sync 1 DAGs
[2024-03-04T16:23:40.681+0000] {logging_mixin.py:188} INFO - [2024-03-04T16:23:40.681+0000] {dag.py:3834} INFO - Setting next_dagrun for example_time_delta_sensor_async to None, run_after=None
[2024-03-04T16:23:40.689+0000] {processor.py:183} INFO - Processing /home/airflow/.local/lib/python3.11/site-packages/airflow/example_dags/example_time_delta_sensor_async.py took 0.052 seconds
[2024-03-04T16:24:11.426+0000] {processor.py:161} INFO - Started process (PID=3541) to work on /home/airflow/.local/lib/python3.11/site-packages/airflow/example_dags/example_time_delta_sensor_async.py
[2024-03-04T16:24:11.426+0000] {processor.py:830} INFO - Processing file /home/airflow/.local/lib/python3.11/site-packages/airflow/example_dags/example_time_delta_sensor_async.py for tasks to queue
[2024-03-04T16:24:11.428+0000] {logging_mixin.py:188} INFO - [2024-03-04T16:24:11.427+0000] {dagbag.py:540} INFO - Filling up the DagBag from /home/airflow/.local/lib/python3.11/site-packages/airflow/example_dags/example_time_delta_sensor_async.py
[2024-03-04T16:24:11.431+0000] {processor.py:840} INFO - DAG(s) 'example_time_delta_sensor_async' retrieved from /home/airflow/.local/lib/python3.11/site-packages/airflow/example_dags/example_time_delta_sensor_async.py
[2024-03-04T16:24:11.440+0000] {logging_mixin.py:188} INFO - [2024-03-04T16:24:11.440+0000] {dag.py:3047} INFO - Sync 1 DAGs
[2024-03-04T16:24:11.446+0000] {logging_mixin.py:188} INFO - [2024-03-04T16:24:11.446+0000] {dag.py:3834} INFO - Setting next_dagrun for example_time_delta_sensor_async to None, run_after=None
[2024-03-04T16:24:11.453+0000] {processor.py:183} INFO - Processing /home/airflow/.local/lib/python3.11/site-packages/airflow/example_dags/example_time_delta_sensor_async.py took 0.029 seconds
[2024-03-04T16:24:42.219+0000] {processor.py:161} INFO - Started process (PID=3596) to work on /home/airflow/.local/lib/python3.11/site-packages/airflow/example_dags/example_time_delta_sensor_async.py
[2024-03-04T16:24:42.220+0000] {processor.py:830} INFO - Processing file /home/airflow/.local/lib/python3.11/site-packages/airflow/example_dags/example_time_delta_sensor_async.py for tasks to queue
[2024-03-04T16:24:42.221+0000] {logging_mixin.py:188} INFO - [2024-03-04T16:24:42.221+0000] {dagbag.py:540} INFO - Filling up the DagBag from /home/airflow/.local/lib/python3.11/site-packages/airflow/example_dags/example_time_delta_sensor_async.py
[2024-03-04T16:24:42.224+0000] {processor.py:840} INFO - DAG(s) 'example_time_delta_sensor_async' retrieved from /home/airflow/.local/lib/python3.11/site-packages/airflow/example_dags/example_time_delta_sensor_async.py
[2024-03-04T16:24:42.234+0000] {logging_mixin.py:188} INFO - [2024-03-04T16:24:42.234+0000] {dag.py:3047} INFO - Sync 1 DAGs
[2024-03-04T16:24:42.240+0000] {logging_mixin.py:188} INFO - [2024-03-04T16:24:42.239+0000] {dag.py:3834} INFO - Setting next_dagrun for example_time_delta_sensor_async to None, run_after=None
[2024-03-04T16:24:42.248+0000] {processor.py:183} INFO - Processing /home/airflow/.local/lib/python3.11/site-packages/airflow/example_dags/example_time_delta_sensor_async.py took 0.030 seconds
[2024-03-04T16:25:12.452+0000] {processor.py:161} INFO - Started process (PID=3651) to work on /home/airflow/.local/lib/python3.11/site-packages/airflow/example_dags/example_time_delta_sensor_async.py
[2024-03-04T16:25:12.453+0000] {processor.py:830} INFO - Processing file /home/airflow/.local/lib/python3.11/site-packages/airflow/example_dags/example_time_delta_sensor_async.py for tasks to queue
[2024-03-04T16:25:12.454+0000] {logging_mixin.py:188} INFO - [2024-03-04T16:25:12.454+0000] {dagbag.py:540} INFO - Filling up the DagBag from /home/airflow/.local/lib/python3.11/site-packages/airflow/example_dags/example_time_delta_sensor_async.py
[2024-03-04T16:25:12.458+0000] {processor.py:840} INFO - DAG(s) 'example_time_delta_sensor_async' retrieved from /home/airflow/.local/lib/python3.11/site-packages/airflow/example_dags/example_time_delta_sensor_async.py
[2024-03-04T16:25:12.471+0000] {logging_mixin.py:188} INFO - [2024-03-04T16:25:12.471+0000] {dag.py:3047} INFO - Sync 1 DAGs
[2024-03-04T16:25:12.478+0000] {logging_mixin.py:188} INFO - [2024-03-04T16:25:12.477+0000] {dag.py:3834} INFO - Setting next_dagrun for example_time_delta_sensor_async to None, run_after=None
[2024-03-04T16:25:12.485+0000] {processor.py:183} INFO - Processing /home/airflow/.local/lib/python3.11/site-packages/airflow/example_dags/example_time_delta_sensor_async.py took 0.035 seconds
[2024-03-04T16:25:42.949+0000] {processor.py:161} INFO - Started process (PID=3706) to work on /home/airflow/.local/lib/python3.11/site-packages/airflow/example_dags/example_time_delta_sensor_async.py
[2024-03-04T16:25:42.951+0000] {processor.py:830} INFO - Processing file /home/airflow/.local/lib/python3.11/site-packages/airflow/example_dags/example_time_delta_sensor_async.py for tasks to queue
[2024-03-04T16:25:42.954+0000] {logging_mixin.py:188} INFO - [2024-03-04T16:25:42.953+0000] {dagbag.py:540} INFO - Filling up the DagBag from /home/airflow/.local/lib/python3.11/site-packages/airflow/example_dags/example_time_delta_sensor_async.py
[2024-03-04T16:25:42.959+0000] {processor.py:840} INFO - DAG(s) 'example_time_delta_sensor_async' retrieved from /home/airflow/.local/lib/python3.11/site-packages/airflow/example_dags/example_time_delta_sensor_async.py
[2024-03-04T16:25:43.009+0000] {logging_mixin.py:188} INFO - [2024-03-04T16:25:43.008+0000] {dag.py:3047} INFO - Sync 1 DAGs
[2024-03-04T16:25:43.037+0000] {logging_mixin.py:188} INFO - [2024-03-04T16:25:43.036+0000] {dag.py:3834} INFO - Setting next_dagrun for example_time_delta_sensor_async to None, run_after=None
[2024-03-04T16:25:43.080+0000] {processor.py:183} INFO - Processing /home/airflow/.local/lib/python3.11/site-packages/airflow/example_dags/example_time_delta_sensor_async.py took 0.133 seconds
[2024-03-04T16:26:14.333+0000] {processor.py:161} INFO - Started process (PID=3761) to work on /home/airflow/.local/lib/python3.11/site-packages/airflow/example_dags/example_time_delta_sensor_async.py
[2024-03-04T16:26:14.343+0000] {processor.py:830} INFO - Processing file /home/airflow/.local/lib/python3.11/site-packages/airflow/example_dags/example_time_delta_sensor_async.py for tasks to queue
[2024-03-04T16:26:14.357+0000] {logging_mixin.py:188} INFO - [2024-03-04T16:26:14.356+0000] {dagbag.py:540} INFO - Filling up the DagBag from /home/airflow/.local/lib/python3.11/site-packages/airflow/example_dags/example_time_delta_sensor_async.py
[2024-03-04T16:26:14.372+0000] {processor.py:840} INFO - DAG(s) 'example_time_delta_sensor_async' retrieved from /home/airflow/.local/lib/python3.11/site-packages/airflow/example_dags/example_time_delta_sensor_async.py
[2024-03-04T16:26:14.436+0000] {logging_mixin.py:188} INFO - [2024-03-04T16:26:14.435+0000] {dag.py:3047} INFO - Sync 1 DAGs
[2024-03-04T16:26:14.457+0000] {logging_mixin.py:188} INFO - [2024-03-04T16:26:14.457+0000] {dag.py:3834} INFO - Setting next_dagrun for example_time_delta_sensor_async to None, run_after=None
[2024-03-04T16:26:14.487+0000] {processor.py:183} INFO - Processing /home/airflow/.local/lib/python3.11/site-packages/airflow/example_dags/example_time_delta_sensor_async.py took 0.165 seconds
[2024-03-04T16:26:45.344+0000] {processor.py:161} INFO - Started process (PID=3816) to work on /home/airflow/.local/lib/python3.11/site-packages/airflow/example_dags/example_time_delta_sensor_async.py
[2024-03-04T16:26:45.345+0000] {processor.py:830} INFO - Processing file /home/airflow/.local/lib/python3.11/site-packages/airflow/example_dags/example_time_delta_sensor_async.py for tasks to queue
[2024-03-04T16:26:45.348+0000] {logging_mixin.py:188} INFO - [2024-03-04T16:26:45.348+0000] {dagbag.py:540} INFO - Filling up the DagBag from /home/airflow/.local/lib/python3.11/site-packages/airflow/example_dags/example_time_delta_sensor_async.py
[2024-03-04T16:26:45.355+0000] {processor.py:840} INFO - DAG(s) 'example_time_delta_sensor_async' retrieved from /home/airflow/.local/lib/python3.11/site-packages/airflow/example_dags/example_time_delta_sensor_async.py
[2024-03-04T16:26:45.377+0000] {logging_mixin.py:188} INFO - [2024-03-04T16:26:45.376+0000] {dag.py:3047} INFO - Sync 1 DAGs
[2024-03-04T16:26:45.386+0000] {logging_mixin.py:188} INFO - [2024-03-04T16:26:45.386+0000] {dag.py:3834} INFO - Setting next_dagrun for example_time_delta_sensor_async to None, run_after=None
[2024-03-04T16:26:45.395+0000] {processor.py:183} INFO - Processing /home/airflow/.local/lib/python3.11/site-packages/airflow/example_dags/example_time_delta_sensor_async.py took 0.055 seconds
[2024-03-04T16:27:16.236+0000] {processor.py:161} INFO - Started process (PID=3871) to work on /home/airflow/.local/lib/python3.11/site-packages/airflow/example_dags/example_time_delta_sensor_async.py
[2024-03-04T16:27:16.236+0000] {processor.py:830} INFO - Processing file /home/airflow/.local/lib/python3.11/site-packages/airflow/example_dags/example_time_delta_sensor_async.py for tasks to queue
[2024-03-04T16:27:16.237+0000] {logging_mixin.py:188} INFO - [2024-03-04T16:27:16.237+0000] {dagbag.py:540} INFO - Filling up the DagBag from /home/airflow/.local/lib/python3.11/site-packages/airflow/example_dags/example_time_delta_sensor_async.py
[2024-03-04T16:27:16.242+0000] {processor.py:840} INFO - DAG(s) 'example_time_delta_sensor_async' retrieved from /home/airflow/.local/lib/python3.11/site-packages/airflow/example_dags/example_time_delta_sensor_async.py
[2024-03-04T16:27:16.259+0000] {logging_mixin.py:188} INFO - [2024-03-04T16:27:16.259+0000] {dag.py:3047} INFO - Sync 1 DAGs
[2024-03-04T16:27:16.266+0000] {logging_mixin.py:188} INFO - [2024-03-04T16:27:16.266+0000] {dag.py:3834} INFO - Setting next_dagrun for example_time_delta_sensor_async to None, run_after=None
[2024-03-04T16:27:16.276+0000] {processor.py:183} INFO - Processing /home/airflow/.local/lib/python3.11/site-packages/airflow/example_dags/example_time_delta_sensor_async.py took 0.042 seconds
[2024-03-04T16:27:46.551+0000] {processor.py:161} INFO - Started process (PID=3926) to work on /home/airflow/.local/lib/python3.11/site-packages/airflow/example_dags/example_time_delta_sensor_async.py
[2024-03-04T16:27:46.552+0000] {processor.py:830} INFO - Processing file /home/airflow/.local/lib/python3.11/site-packages/airflow/example_dags/example_time_delta_sensor_async.py for tasks to queue
[2024-03-04T16:27:46.554+0000] {logging_mixin.py:188} INFO - [2024-03-04T16:27:46.554+0000] {dagbag.py:540} INFO - Filling up the DagBag from /home/airflow/.local/lib/python3.11/site-packages/airflow/example_dags/example_time_delta_sensor_async.py
[2024-03-04T16:27:46.557+0000] {processor.py:840} INFO - DAG(s) 'example_time_delta_sensor_async' retrieved from /home/airflow/.local/lib/python3.11/site-packages/airflow/example_dags/example_time_delta_sensor_async.py
[2024-03-04T16:27:46.574+0000] {logging_mixin.py:188} INFO - [2024-03-04T16:27:46.574+0000] {dag.py:3047} INFO - Sync 1 DAGs
[2024-03-04T16:27:46.588+0000] {logging_mixin.py:188} INFO - [2024-03-04T16:27:46.588+0000] {dag.py:3834} INFO - Setting next_dagrun for example_time_delta_sensor_async to None, run_after=None
[2024-03-04T16:27:46.599+0000] {processor.py:183} INFO - Processing /home/airflow/.local/lib/python3.11/site-packages/airflow/example_dags/example_time_delta_sensor_async.py took 0.050 seconds
[2024-03-04T16:28:16.939+0000] {processor.py:161} INFO - Started process (PID=3981) to work on /home/airflow/.local/lib/python3.11/site-packages/airflow/example_dags/example_time_delta_sensor_async.py
[2024-03-04T16:28:16.940+0000] {processor.py:830} INFO - Processing file /home/airflow/.local/lib/python3.11/site-packages/airflow/example_dags/example_time_delta_sensor_async.py for tasks to queue
[2024-03-04T16:28:16.944+0000] {logging_mixin.py:188} INFO - [2024-03-04T16:28:16.943+0000] {dagbag.py:540} INFO - Filling up the DagBag from /home/airflow/.local/lib/python3.11/site-packages/airflow/example_dags/example_time_delta_sensor_async.py
[2024-03-04T16:28:16.963+0000] {processor.py:840} INFO - DAG(s) 'example_time_delta_sensor_async' retrieved from /home/airflow/.local/lib/python3.11/site-packages/airflow/example_dags/example_time_delta_sensor_async.py
[2024-03-04T16:28:16.986+0000] {logging_mixin.py:188} INFO - [2024-03-04T16:28:16.986+0000] {dag.py:3047} INFO - Sync 1 DAGs
[2024-03-04T16:28:16.995+0000] {logging_mixin.py:188} INFO - [2024-03-04T16:28:16.995+0000] {dag.py:3834} INFO - Setting next_dagrun for example_time_delta_sensor_async to None, run_after=None
[2024-03-04T16:28:17.006+0000] {processor.py:183} INFO - Processing /home/airflow/.local/lib/python3.11/site-packages/airflow/example_dags/example_time_delta_sensor_async.py took 0.070 seconds
