[2024-03-04T15:51:56.748+0000] {processor.py:161} INFO - Started process (PID=52) to work on /home/airflow/.local/lib/python3.11/site-packages/airflow/example_dags/example_nested_branch_dag.py
[2024-03-04T15:51:56.754+0000] {processor.py:830} INFO - Processing file /home/airflow/.local/lib/python3.11/site-packages/airflow/example_dags/example_nested_branch_dag.py for tasks to queue
[2024-03-04T15:51:56.760+0000] {logging_mixin.py:188} INFO - [2024-03-04T15:51:56.760+0000] {dagbag.py:540} INFO - Filling up the DagBag from /home/airflow/.local/lib/python3.11/site-packages/airflow/example_dags/example_nested_branch_dag.py
[2024-03-04T15:51:56.799+0000] {processor.py:840} INFO - DAG(s) 'example_nested_branch_dag' retrieved from /home/airflow/.local/lib/python3.11/site-packages/airflow/example_dags/example_nested_branch_dag.py
[2024-03-04T15:51:56.946+0000] {logging_mixin.py:188} INFO - [2024-03-04T15:51:56.946+0000] {override.py:1769} INFO - Created Permission View: can read on DAG:example_nested_branch_dag
[2024-03-04T15:51:56.953+0000] {logging_mixin.py:188} INFO - [2024-03-04T15:51:56.952+0000] {override.py:1769} INFO - Created Permission View: can delete on DAG:example_nested_branch_dag
[2024-03-04T15:51:56.958+0000] {logging_mixin.py:188} INFO - [2024-03-04T15:51:56.958+0000] {override.py:1769} INFO - Created Permission View: can edit on DAG:example_nested_branch_dag
[2024-03-04T15:51:56.960+0000] {logging_mixin.py:188} INFO - [2024-03-04T15:51:56.960+0000] {dag.py:3047} INFO - Sync 1 DAGs
[2024-03-04T15:51:56.971+0000] {logging_mixin.py:188} INFO - [2024-03-04T15:51:56.971+0000] {dag.py:3069} INFO - Creating ORM DAG for example_nested_branch_dag
[2024-03-04T15:51:56.993+0000] {logging_mixin.py:188} INFO - [2024-03-04T15:51:56.993+0000] {dag.py:3834} INFO - Setting next_dagrun for example_nested_branch_dag to 2024-03-03 00:00:00+00:00, run_after=2024-03-04 00:00:00+00:00
[2024-03-04T15:51:57.033+0000] {processor.py:183} INFO - Processing /home/airflow/.local/lib/python3.11/site-packages/airflow/example_dags/example_nested_branch_dag.py took 0.304 seconds
[2024-03-04T15:52:28.041+0000] {processor.py:161} INFO - Started process (PID=107) to work on /home/airflow/.local/lib/python3.11/site-packages/airflow/example_dags/example_nested_branch_dag.py
[2024-03-04T15:52:28.043+0000] {processor.py:830} INFO - Processing file /home/airflow/.local/lib/python3.11/site-packages/airflow/example_dags/example_nested_branch_dag.py for tasks to queue
[2024-03-04T15:52:28.046+0000] {logging_mixin.py:188} INFO - [2024-03-04T15:52:28.046+0000] {dagbag.py:540} INFO - Filling up the DagBag from /home/airflow/.local/lib/python3.11/site-packages/airflow/example_dags/example_nested_branch_dag.py
[2024-03-04T15:52:28.057+0000] {processor.py:840} INFO - DAG(s) 'example_nested_branch_dag' retrieved from /home/airflow/.local/lib/python3.11/site-packages/airflow/example_dags/example_nested_branch_dag.py
[2024-03-04T15:52:28.078+0000] {logging_mixin.py:188} INFO - [2024-03-04T15:52:28.078+0000] {dag.py:3047} INFO - Sync 1 DAGs
[2024-03-04T15:52:28.092+0000] {logging_mixin.py:188} INFO - [2024-03-04T15:52:28.092+0000] {dag.py:3834} INFO - Setting next_dagrun for example_nested_branch_dag to 2024-03-03 00:00:00+00:00, run_after=2024-03-04 00:00:00+00:00
[2024-03-04T15:52:28.099+0000] {processor.py:183} INFO - Processing /home/airflow/.local/lib/python3.11/site-packages/airflow/example_dags/example_nested_branch_dag.py took 0.066 seconds
[2024-03-04T15:52:58.852+0000] {processor.py:161} INFO - Started process (PID=162) to work on /home/airflow/.local/lib/python3.11/site-packages/airflow/example_dags/example_nested_branch_dag.py
[2024-03-04T15:52:58.853+0000] {processor.py:830} INFO - Processing file /home/airflow/.local/lib/python3.11/site-packages/airflow/example_dags/example_nested_branch_dag.py for tasks to queue
[2024-03-04T15:52:58.855+0000] {logging_mixin.py:188} INFO - [2024-03-04T15:52:58.855+0000] {dagbag.py:540} INFO - Filling up the DagBag from /home/airflow/.local/lib/python3.11/site-packages/airflow/example_dags/example_nested_branch_dag.py
[2024-03-04T15:52:58.864+0000] {processor.py:840} INFO - DAG(s) 'example_nested_branch_dag' retrieved from /home/airflow/.local/lib/python3.11/site-packages/airflow/example_dags/example_nested_branch_dag.py
[2024-03-04T15:52:58.878+0000] {logging_mixin.py:188} INFO - [2024-03-04T15:52:58.878+0000] {dag.py:3047} INFO - Sync 1 DAGs
[2024-03-04T15:52:58.889+0000] {logging_mixin.py:188} INFO - [2024-03-04T15:52:58.889+0000] {dag.py:3834} INFO - Setting next_dagrun for example_nested_branch_dag to 2024-03-03 00:00:00+00:00, run_after=2024-03-04 00:00:00+00:00
[2024-03-04T15:52:58.897+0000] {processor.py:183} INFO - Processing /home/airflow/.local/lib/python3.11/site-packages/airflow/example_dags/example_nested_branch_dag.py took 0.049 seconds
[2024-03-04T15:53:29.247+0000] {processor.py:161} INFO - Started process (PID=217) to work on /home/airflow/.local/lib/python3.11/site-packages/airflow/example_dags/example_nested_branch_dag.py
[2024-03-04T15:53:29.248+0000] {processor.py:830} INFO - Processing file /home/airflow/.local/lib/python3.11/site-packages/airflow/example_dags/example_nested_branch_dag.py for tasks to queue
[2024-03-04T15:53:29.250+0000] {logging_mixin.py:188} INFO - [2024-03-04T15:53:29.250+0000] {dagbag.py:540} INFO - Filling up the DagBag from /home/airflow/.local/lib/python3.11/site-packages/airflow/example_dags/example_nested_branch_dag.py
[2024-03-04T15:53:29.259+0000] {processor.py:840} INFO - DAG(s) 'example_nested_branch_dag' retrieved from /home/airflow/.local/lib/python3.11/site-packages/airflow/example_dags/example_nested_branch_dag.py
[2024-03-04T15:53:29.274+0000] {logging_mixin.py:188} INFO - [2024-03-04T15:53:29.274+0000] {dag.py:3047} INFO - Sync 1 DAGs
[2024-03-04T15:53:29.286+0000] {logging_mixin.py:188} INFO - [2024-03-04T15:53:29.286+0000] {dag.py:3834} INFO - Setting next_dagrun for example_nested_branch_dag to 2024-03-03 00:00:00+00:00, run_after=2024-03-04 00:00:00+00:00
[2024-03-04T15:53:29.294+0000] {processor.py:183} INFO - Processing /home/airflow/.local/lib/python3.11/site-packages/airflow/example_dags/example_nested_branch_dag.py took 0.052 seconds
[2024-03-04T15:54:00.193+0000] {processor.py:161} INFO - Started process (PID=272) to work on /home/airflow/.local/lib/python3.11/site-packages/airflow/example_dags/example_nested_branch_dag.py
[2024-03-04T15:54:00.195+0000] {processor.py:830} INFO - Processing file /home/airflow/.local/lib/python3.11/site-packages/airflow/example_dags/example_nested_branch_dag.py for tasks to queue
[2024-03-04T15:54:00.198+0000] {logging_mixin.py:188} INFO - [2024-03-04T15:54:00.197+0000] {dagbag.py:540} INFO - Filling up the DagBag from /home/airflow/.local/lib/python3.11/site-packages/airflow/example_dags/example_nested_branch_dag.py
[2024-03-04T15:54:00.213+0000] {processor.py:840} INFO - DAG(s) 'example_nested_branch_dag' retrieved from /home/airflow/.local/lib/python3.11/site-packages/airflow/example_dags/example_nested_branch_dag.py
[2024-03-04T15:54:00.232+0000] {logging_mixin.py:188} INFO - [2024-03-04T15:54:00.232+0000] {dag.py:3047} INFO - Sync 1 DAGs
[2024-03-04T15:54:00.245+0000] {logging_mixin.py:188} INFO - [2024-03-04T15:54:00.244+0000] {dag.py:3834} INFO - Setting next_dagrun for example_nested_branch_dag to 2024-03-03 00:00:00+00:00, run_after=2024-03-04 00:00:00+00:00
[2024-03-04T15:54:00.251+0000] {processor.py:183} INFO - Processing /home/airflow/.local/lib/python3.11/site-packages/airflow/example_dags/example_nested_branch_dag.py took 0.065 seconds
[2024-03-04T15:54:30.923+0000] {processor.py:161} INFO - Started process (PID=327) to work on /home/airflow/.local/lib/python3.11/site-packages/airflow/example_dags/example_nested_branch_dag.py
[2024-03-04T15:54:30.927+0000] {processor.py:830} INFO - Processing file /home/airflow/.local/lib/python3.11/site-packages/airflow/example_dags/example_nested_branch_dag.py for tasks to queue
[2024-03-04T15:54:30.932+0000] {logging_mixin.py:188} INFO - [2024-03-04T15:54:30.932+0000] {dagbag.py:540} INFO - Filling up the DagBag from /home/airflow/.local/lib/python3.11/site-packages/airflow/example_dags/example_nested_branch_dag.py
[2024-03-04T15:54:30.942+0000] {processor.py:840} INFO - DAG(s) 'example_nested_branch_dag' retrieved from /home/airflow/.local/lib/python3.11/site-packages/airflow/example_dags/example_nested_branch_dag.py
[2024-03-04T15:54:30.956+0000] {logging_mixin.py:188} INFO - [2024-03-04T15:54:30.956+0000] {dag.py:3047} INFO - Sync 1 DAGs
[2024-03-04T15:54:30.968+0000] {logging_mixin.py:188} INFO - [2024-03-04T15:54:30.968+0000] {dag.py:3834} INFO - Setting next_dagrun for example_nested_branch_dag to 2024-03-03 00:00:00+00:00, run_after=2024-03-04 00:00:00+00:00
[2024-03-04T15:54:30.975+0000] {processor.py:183} INFO - Processing /home/airflow/.local/lib/python3.11/site-packages/airflow/example_dags/example_nested_branch_dag.py took 0.056 seconds
[2024-03-04T15:55:01.642+0000] {processor.py:161} INFO - Started process (PID=382) to work on /home/airflow/.local/lib/python3.11/site-packages/airflow/example_dags/example_nested_branch_dag.py
[2024-03-04T15:55:01.644+0000] {processor.py:830} INFO - Processing file /home/airflow/.local/lib/python3.11/site-packages/airflow/example_dags/example_nested_branch_dag.py for tasks to queue
[2024-03-04T15:55:01.650+0000] {logging_mixin.py:188} INFO - [2024-03-04T15:55:01.649+0000] {dagbag.py:540} INFO - Filling up the DagBag from /home/airflow/.local/lib/python3.11/site-packages/airflow/example_dags/example_nested_branch_dag.py
[2024-03-04T15:55:01.670+0000] {processor.py:840} INFO - DAG(s) 'example_nested_branch_dag' retrieved from /home/airflow/.local/lib/python3.11/site-packages/airflow/example_dags/example_nested_branch_dag.py
[2024-03-04T15:55:01.693+0000] {logging_mixin.py:188} INFO - [2024-03-04T15:55:01.693+0000] {dag.py:3047} INFO - Sync 1 DAGs
[2024-03-04T15:55:01.707+0000] {logging_mixin.py:188} INFO - [2024-03-04T15:55:01.707+0000] {dag.py:3834} INFO - Setting next_dagrun for example_nested_branch_dag to 2024-03-03 00:00:00+00:00, run_after=2024-03-04 00:00:00+00:00
[2024-03-04T15:55:01.715+0000] {processor.py:183} INFO - Processing /home/airflow/.local/lib/python3.11/site-packages/airflow/example_dags/example_nested_branch_dag.py took 0.078 seconds
[2024-03-04T15:55:32.394+0000] {processor.py:161} INFO - Started process (PID=437) to work on /home/airflow/.local/lib/python3.11/site-packages/airflow/example_dags/example_nested_branch_dag.py
[2024-03-04T15:55:32.395+0000] {processor.py:830} INFO - Processing file /home/airflow/.local/lib/python3.11/site-packages/airflow/example_dags/example_nested_branch_dag.py for tasks to queue
[2024-03-04T15:55:32.398+0000] {logging_mixin.py:188} INFO - [2024-03-04T15:55:32.397+0000] {dagbag.py:540} INFO - Filling up the DagBag from /home/airflow/.local/lib/python3.11/site-packages/airflow/example_dags/example_nested_branch_dag.py
[2024-03-04T15:55:32.407+0000] {processor.py:840} INFO - DAG(s) 'example_nested_branch_dag' retrieved from /home/airflow/.local/lib/python3.11/site-packages/airflow/example_dags/example_nested_branch_dag.py
[2024-03-04T15:55:32.423+0000] {logging_mixin.py:188} INFO - [2024-03-04T15:55:32.423+0000] {dag.py:3047} INFO - Sync 1 DAGs
[2024-03-04T15:55:32.436+0000] {logging_mixin.py:188} INFO - [2024-03-04T15:55:32.436+0000] {dag.py:3834} INFO - Setting next_dagrun for example_nested_branch_dag to 2024-03-03 00:00:00+00:00, run_after=2024-03-04 00:00:00+00:00
[2024-03-04T15:55:32.443+0000] {processor.py:183} INFO - Processing /home/airflow/.local/lib/python3.11/site-packages/airflow/example_dags/example_nested_branch_dag.py took 0.054 seconds
[2024-03-04T15:56:03.173+0000] {processor.py:161} INFO - Started process (PID=492) to work on /home/airflow/.local/lib/python3.11/site-packages/airflow/example_dags/example_nested_branch_dag.py
[2024-03-04T15:56:03.175+0000] {processor.py:830} INFO - Processing file /home/airflow/.local/lib/python3.11/site-packages/airflow/example_dags/example_nested_branch_dag.py for tasks to queue
[2024-03-04T15:56:03.178+0000] {logging_mixin.py:188} INFO - [2024-03-04T15:56:03.177+0000] {dagbag.py:540} INFO - Filling up the DagBag from /home/airflow/.local/lib/python3.11/site-packages/airflow/example_dags/example_nested_branch_dag.py
[2024-03-04T15:56:03.187+0000] {processor.py:840} INFO - DAG(s) 'example_nested_branch_dag' retrieved from /home/airflow/.local/lib/python3.11/site-packages/airflow/example_dags/example_nested_branch_dag.py
[2024-03-04T15:56:03.202+0000] {logging_mixin.py:188} INFO - [2024-03-04T15:56:03.202+0000] {dag.py:3047} INFO - Sync 1 DAGs
[2024-03-04T15:56:03.214+0000] {logging_mixin.py:188} INFO - [2024-03-04T15:56:03.214+0000] {dag.py:3834} INFO - Setting next_dagrun for example_nested_branch_dag to 2024-03-03 00:00:00+00:00, run_after=2024-03-04 00:00:00+00:00
[2024-03-04T15:56:03.224+0000] {processor.py:183} INFO - Processing /home/airflow/.local/lib/python3.11/site-packages/airflow/example_dags/example_nested_branch_dag.py took 0.057 seconds
[2024-03-04T15:56:33.857+0000] {processor.py:161} INFO - Started process (PID=547) to work on /home/airflow/.local/lib/python3.11/site-packages/airflow/example_dags/example_nested_branch_dag.py
[2024-03-04T15:56:33.858+0000] {processor.py:830} INFO - Processing file /home/airflow/.local/lib/python3.11/site-packages/airflow/example_dags/example_nested_branch_dag.py for tasks to queue
[2024-03-04T15:56:33.862+0000] {logging_mixin.py:188} INFO - [2024-03-04T15:56:33.861+0000] {dagbag.py:540} INFO - Filling up the DagBag from /home/airflow/.local/lib/python3.11/site-packages/airflow/example_dags/example_nested_branch_dag.py
[2024-03-04T15:56:33.874+0000] {processor.py:840} INFO - DAG(s) 'example_nested_branch_dag' retrieved from /home/airflow/.local/lib/python3.11/site-packages/airflow/example_dags/example_nested_branch_dag.py
[2024-03-04T15:56:33.890+0000] {logging_mixin.py:188} INFO - [2024-03-04T15:56:33.890+0000] {dag.py:3047} INFO - Sync 1 DAGs
[2024-03-04T15:56:33.902+0000] {logging_mixin.py:188} INFO - [2024-03-04T15:56:33.902+0000] {dag.py:3834} INFO - Setting next_dagrun for example_nested_branch_dag to 2024-03-03 00:00:00+00:00, run_after=2024-03-04 00:00:00+00:00
[2024-03-04T15:56:33.908+0000] {processor.py:183} INFO - Processing /home/airflow/.local/lib/python3.11/site-packages/airflow/example_dags/example_nested_branch_dag.py took 0.057 seconds
[2024-03-04T15:57:04.607+0000] {processor.py:161} INFO - Started process (PID=602) to work on /home/airflow/.local/lib/python3.11/site-packages/airflow/example_dags/example_nested_branch_dag.py
[2024-03-04T15:57:04.609+0000] {processor.py:830} INFO - Processing file /home/airflow/.local/lib/python3.11/site-packages/airflow/example_dags/example_nested_branch_dag.py for tasks to queue
[2024-03-04T15:57:04.611+0000] {logging_mixin.py:188} INFO - [2024-03-04T15:57:04.611+0000] {dagbag.py:540} INFO - Filling up the DagBag from /home/airflow/.local/lib/python3.11/site-packages/airflow/example_dags/example_nested_branch_dag.py
[2024-03-04T15:57:04.620+0000] {processor.py:840} INFO - DAG(s) 'example_nested_branch_dag' retrieved from /home/airflow/.local/lib/python3.11/site-packages/airflow/example_dags/example_nested_branch_dag.py
[2024-03-04T15:57:04.634+0000] {logging_mixin.py:188} INFO - [2024-03-04T15:57:04.634+0000] {dag.py:3047} INFO - Sync 1 DAGs
[2024-03-04T15:57:04.646+0000] {logging_mixin.py:188} INFO - [2024-03-04T15:57:04.646+0000] {dag.py:3834} INFO - Setting next_dagrun for example_nested_branch_dag to 2024-03-03 00:00:00+00:00, run_after=2024-03-04 00:00:00+00:00
[2024-03-04T15:57:04.653+0000] {processor.py:183} INFO - Processing /home/airflow/.local/lib/python3.11/site-packages/airflow/example_dags/example_nested_branch_dag.py took 0.049 seconds
[2024-03-04T15:57:35.293+0000] {processor.py:161} INFO - Started process (PID=657) to work on /home/airflow/.local/lib/python3.11/site-packages/airflow/example_dags/example_nested_branch_dag.py
[2024-03-04T15:57:35.296+0000] {processor.py:830} INFO - Processing file /home/airflow/.local/lib/python3.11/site-packages/airflow/example_dags/example_nested_branch_dag.py for tasks to queue
[2024-03-04T15:57:35.302+0000] {logging_mixin.py:188} INFO - [2024-03-04T15:57:35.301+0000] {dagbag.py:540} INFO - Filling up the DagBag from /home/airflow/.local/lib/python3.11/site-packages/airflow/example_dags/example_nested_branch_dag.py
[2024-03-04T15:57:35.320+0000] {processor.py:840} INFO - DAG(s) 'example_nested_branch_dag' retrieved from /home/airflow/.local/lib/python3.11/site-packages/airflow/example_dags/example_nested_branch_dag.py
[2024-03-04T15:57:35.361+0000] {logging_mixin.py:188} INFO - [2024-03-04T15:57:35.360+0000] {dag.py:3047} INFO - Sync 1 DAGs
[2024-03-04T15:57:35.388+0000] {logging_mixin.py:188} INFO - [2024-03-04T15:57:35.388+0000] {dag.py:3834} INFO - Setting next_dagrun for example_nested_branch_dag to 2024-03-03 00:00:00+00:00, run_after=2024-03-04 00:00:00+00:00
[2024-03-04T15:57:35.401+0000] {processor.py:183} INFO - Processing /home/airflow/.local/lib/python3.11/site-packages/airflow/example_dags/example_nested_branch_dag.py took 0.118 seconds
[2024-03-04T15:58:06.046+0000] {processor.py:161} INFO - Started process (PID=712) to work on /home/airflow/.local/lib/python3.11/site-packages/airflow/example_dags/example_nested_branch_dag.py
[2024-03-04T15:58:06.048+0000] {processor.py:830} INFO - Processing file /home/airflow/.local/lib/python3.11/site-packages/airflow/example_dags/example_nested_branch_dag.py for tasks to queue
[2024-03-04T15:58:06.052+0000] {logging_mixin.py:188} INFO - [2024-03-04T15:58:06.052+0000] {dagbag.py:540} INFO - Filling up the DagBag from /home/airflow/.local/lib/python3.11/site-packages/airflow/example_dags/example_nested_branch_dag.py
[2024-03-04T15:58:06.067+0000] {processor.py:840} INFO - DAG(s) 'example_nested_branch_dag' retrieved from /home/airflow/.local/lib/python3.11/site-packages/airflow/example_dags/example_nested_branch_dag.py
[2024-03-04T15:58:06.084+0000] {logging_mixin.py:188} INFO - [2024-03-04T15:58:06.084+0000] {dag.py:3047} INFO - Sync 1 DAGs
[2024-03-04T15:58:06.096+0000] {logging_mixin.py:188} INFO - [2024-03-04T15:58:06.096+0000] {dag.py:3834} INFO - Setting next_dagrun for example_nested_branch_dag to 2024-03-03 00:00:00+00:00, run_after=2024-03-04 00:00:00+00:00
[2024-03-04T15:58:06.103+0000] {processor.py:183} INFO - Processing /home/airflow/.local/lib/python3.11/site-packages/airflow/example_dags/example_nested_branch_dag.py took 0.066 seconds
[2024-03-04T15:58:36.856+0000] {processor.py:161} INFO - Started process (PID=767) to work on /home/airflow/.local/lib/python3.11/site-packages/airflow/example_dags/example_nested_branch_dag.py
[2024-03-04T15:58:36.858+0000] {processor.py:830} INFO - Processing file /home/airflow/.local/lib/python3.11/site-packages/airflow/example_dags/example_nested_branch_dag.py for tasks to queue
[2024-03-04T15:58:36.861+0000] {logging_mixin.py:188} INFO - [2024-03-04T15:58:36.861+0000] {dagbag.py:540} INFO - Filling up the DagBag from /home/airflow/.local/lib/python3.11/site-packages/airflow/example_dags/example_nested_branch_dag.py
[2024-03-04T15:58:36.872+0000] {processor.py:840} INFO - DAG(s) 'example_nested_branch_dag' retrieved from /home/airflow/.local/lib/python3.11/site-packages/airflow/example_dags/example_nested_branch_dag.py
[2024-03-04T15:58:36.886+0000] {logging_mixin.py:188} INFO - [2024-03-04T15:58:36.885+0000] {dag.py:3047} INFO - Sync 1 DAGs
[2024-03-04T15:58:36.897+0000] {logging_mixin.py:188} INFO - [2024-03-04T15:58:36.897+0000] {dag.py:3834} INFO - Setting next_dagrun for example_nested_branch_dag to 2024-03-03 00:00:00+00:00, run_after=2024-03-04 00:00:00+00:00
[2024-03-04T15:58:36.904+0000] {processor.py:183} INFO - Processing /home/airflow/.local/lib/python3.11/site-packages/airflow/example_dags/example_nested_branch_dag.py took 0.055 seconds
[2024-03-04T15:59:07.448+0000] {processor.py:161} INFO - Started process (PID=822) to work on /home/airflow/.local/lib/python3.11/site-packages/airflow/example_dags/example_nested_branch_dag.py
[2024-03-04T15:59:07.450+0000] {processor.py:830} INFO - Processing file /home/airflow/.local/lib/python3.11/site-packages/airflow/example_dags/example_nested_branch_dag.py for tasks to queue
[2024-03-04T15:59:07.453+0000] {logging_mixin.py:188} INFO - [2024-03-04T15:59:07.453+0000] {dagbag.py:540} INFO - Filling up the DagBag from /home/airflow/.local/lib/python3.11/site-packages/airflow/example_dags/example_nested_branch_dag.py
[2024-03-04T15:59:07.465+0000] {processor.py:840} INFO - DAG(s) 'example_nested_branch_dag' retrieved from /home/airflow/.local/lib/python3.11/site-packages/airflow/example_dags/example_nested_branch_dag.py
[2024-03-04T15:59:07.479+0000] {logging_mixin.py:188} INFO - [2024-03-04T15:59:07.479+0000] {dag.py:3047} INFO - Sync 1 DAGs
[2024-03-04T15:59:07.490+0000] {logging_mixin.py:188} INFO - [2024-03-04T15:59:07.490+0000] {dag.py:3834} INFO - Setting next_dagrun for example_nested_branch_dag to 2024-03-03 00:00:00+00:00, run_after=2024-03-04 00:00:00+00:00
[2024-03-04T15:59:07.497+0000] {processor.py:183} INFO - Processing /home/airflow/.local/lib/python3.11/site-packages/airflow/example_dags/example_nested_branch_dag.py took 0.056 seconds
[2024-03-04T15:59:37.998+0000] {processor.py:161} INFO - Started process (PID=877) to work on /home/airflow/.local/lib/python3.11/site-packages/airflow/example_dags/example_nested_branch_dag.py
[2024-03-04T15:59:38.000+0000] {processor.py:830} INFO - Processing file /home/airflow/.local/lib/python3.11/site-packages/airflow/example_dags/example_nested_branch_dag.py for tasks to queue
[2024-03-04T15:59:38.002+0000] {logging_mixin.py:188} INFO - [2024-03-04T15:59:38.002+0000] {dagbag.py:540} INFO - Filling up the DagBag from /home/airflow/.local/lib/python3.11/site-packages/airflow/example_dags/example_nested_branch_dag.py
[2024-03-04T15:59:38.012+0000] {processor.py:840} INFO - DAG(s) 'example_nested_branch_dag' retrieved from /home/airflow/.local/lib/python3.11/site-packages/airflow/example_dags/example_nested_branch_dag.py
[2024-03-04T15:59:38.028+0000] {logging_mixin.py:188} INFO - [2024-03-04T15:59:38.028+0000] {dag.py:3047} INFO - Sync 1 DAGs
[2024-03-04T15:59:38.047+0000] {logging_mixin.py:188} INFO - [2024-03-04T15:59:38.047+0000] {dag.py:3834} INFO - Setting next_dagrun for example_nested_branch_dag to 2024-03-03 00:00:00+00:00, run_after=2024-03-04 00:00:00+00:00
[2024-03-04T15:59:38.058+0000] {processor.py:183} INFO - Processing /home/airflow/.local/lib/python3.11/site-packages/airflow/example_dags/example_nested_branch_dag.py took 0.064 seconds
[2024-03-04T16:00:08.716+0000] {processor.py:161} INFO - Started process (PID=932) to work on /home/airflow/.local/lib/python3.11/site-packages/airflow/example_dags/example_nested_branch_dag.py
[2024-03-04T16:00:08.718+0000] {processor.py:830} INFO - Processing file /home/airflow/.local/lib/python3.11/site-packages/airflow/example_dags/example_nested_branch_dag.py for tasks to queue
[2024-03-04T16:00:08.722+0000] {logging_mixin.py:188} INFO - [2024-03-04T16:00:08.721+0000] {dagbag.py:540} INFO - Filling up the DagBag from /home/airflow/.local/lib/python3.11/site-packages/airflow/example_dags/example_nested_branch_dag.py
[2024-03-04T16:00:08.741+0000] {processor.py:840} INFO - DAG(s) 'example_nested_branch_dag' retrieved from /home/airflow/.local/lib/python3.11/site-packages/airflow/example_dags/example_nested_branch_dag.py
[2024-03-04T16:00:08.764+0000] {logging_mixin.py:188} INFO - [2024-03-04T16:00:08.764+0000] {dag.py:3047} INFO - Sync 1 DAGs
[2024-03-04T16:00:08.778+0000] {logging_mixin.py:188} INFO - [2024-03-04T16:00:08.778+0000] {dag.py:3834} INFO - Setting next_dagrun for example_nested_branch_dag to 2024-03-03 00:00:00+00:00, run_after=2024-03-04 00:00:00+00:00
[2024-03-04T16:00:08.787+0000] {processor.py:183} INFO - Processing /home/airflow/.local/lib/python3.11/site-packages/airflow/example_dags/example_nested_branch_dag.py took 0.075 seconds
[2024-03-04T16:00:39.521+0000] {processor.py:161} INFO - Started process (PID=986) to work on /home/airflow/.local/lib/python3.11/site-packages/airflow/example_dags/example_nested_branch_dag.py
[2024-03-04T16:00:39.523+0000] {processor.py:830} INFO - Processing file /home/airflow/.local/lib/python3.11/site-packages/airflow/example_dags/example_nested_branch_dag.py for tasks to queue
[2024-03-04T16:00:39.527+0000] {logging_mixin.py:188} INFO - [2024-03-04T16:00:39.526+0000] {dagbag.py:540} INFO - Filling up the DagBag from /home/airflow/.local/lib/python3.11/site-packages/airflow/example_dags/example_nested_branch_dag.py
[2024-03-04T16:00:39.538+0000] {processor.py:840} INFO - DAG(s) 'example_nested_branch_dag' retrieved from /home/airflow/.local/lib/python3.11/site-packages/airflow/example_dags/example_nested_branch_dag.py
[2024-03-04T16:00:39.559+0000] {logging_mixin.py:188} INFO - [2024-03-04T16:00:39.559+0000] {dag.py:3047} INFO - Sync 1 DAGs
[2024-03-04T16:00:39.573+0000] {logging_mixin.py:188} INFO - [2024-03-04T16:00:39.573+0000] {dag.py:3834} INFO - Setting next_dagrun for example_nested_branch_dag to 2024-03-03 00:00:00+00:00, run_after=2024-03-04 00:00:00+00:00
[2024-03-04T16:00:39.581+0000] {processor.py:183} INFO - Processing /home/airflow/.local/lib/python3.11/site-packages/airflow/example_dags/example_nested_branch_dag.py took 0.067 seconds
[2024-03-04T16:01:10.292+0000] {processor.py:161} INFO - Started process (PID=1041) to work on /home/airflow/.local/lib/python3.11/site-packages/airflow/example_dags/example_nested_branch_dag.py
[2024-03-04T16:01:10.294+0000] {processor.py:830} INFO - Processing file /home/airflow/.local/lib/python3.11/site-packages/airflow/example_dags/example_nested_branch_dag.py for tasks to queue
[2024-03-04T16:01:10.297+0000] {logging_mixin.py:188} INFO - [2024-03-04T16:01:10.297+0000] {dagbag.py:540} INFO - Filling up the DagBag from /home/airflow/.local/lib/python3.11/site-packages/airflow/example_dags/example_nested_branch_dag.py
[2024-03-04T16:01:10.308+0000] {processor.py:840} INFO - DAG(s) 'example_nested_branch_dag' retrieved from /home/airflow/.local/lib/python3.11/site-packages/airflow/example_dags/example_nested_branch_dag.py
[2024-03-04T16:01:10.328+0000] {logging_mixin.py:188} INFO - [2024-03-04T16:01:10.328+0000] {dag.py:3047} INFO - Sync 1 DAGs
[2024-03-04T16:01:10.343+0000] {logging_mixin.py:188} INFO - [2024-03-04T16:01:10.343+0000] {dag.py:3834} INFO - Setting next_dagrun for example_nested_branch_dag to 2024-03-03 00:00:00+00:00, run_after=2024-03-04 00:00:00+00:00
[2024-03-04T16:01:10.351+0000] {processor.py:183} INFO - Processing /home/airflow/.local/lib/python3.11/site-packages/airflow/example_dags/example_nested_branch_dag.py took 0.066 seconds
[2024-03-04T16:01:41.103+0000] {processor.py:161} INFO - Started process (PID=1096) to work on /home/airflow/.local/lib/python3.11/site-packages/airflow/example_dags/example_nested_branch_dag.py
[2024-03-04T16:01:41.105+0000] {processor.py:830} INFO - Processing file /home/airflow/.local/lib/python3.11/site-packages/airflow/example_dags/example_nested_branch_dag.py for tasks to queue
[2024-03-04T16:01:41.108+0000] {logging_mixin.py:188} INFO - [2024-03-04T16:01:41.108+0000] {dagbag.py:540} INFO - Filling up the DagBag from /home/airflow/.local/lib/python3.11/site-packages/airflow/example_dags/example_nested_branch_dag.py
[2024-03-04T16:01:41.118+0000] {processor.py:840} INFO - DAG(s) 'example_nested_branch_dag' retrieved from /home/airflow/.local/lib/python3.11/site-packages/airflow/example_dags/example_nested_branch_dag.py
[2024-03-04T16:01:41.132+0000] {logging_mixin.py:188} INFO - [2024-03-04T16:01:41.132+0000] {dag.py:3047} INFO - Sync 1 DAGs
[2024-03-04T16:01:41.143+0000] {logging_mixin.py:188} INFO - [2024-03-04T16:01:41.143+0000] {dag.py:3834} INFO - Setting next_dagrun for example_nested_branch_dag to 2024-03-03 00:00:00+00:00, run_after=2024-03-04 00:00:00+00:00
[2024-03-04T16:01:41.151+0000] {processor.py:183} INFO - Processing /home/airflow/.local/lib/python3.11/site-packages/airflow/example_dags/example_nested_branch_dag.py took 0.053 seconds
[2024-03-04T16:02:11.908+0000] {processor.py:161} INFO - Started process (PID=1151) to work on /home/airflow/.local/lib/python3.11/site-packages/airflow/example_dags/example_nested_branch_dag.py
[2024-03-04T16:02:11.909+0000] {processor.py:830} INFO - Processing file /home/airflow/.local/lib/python3.11/site-packages/airflow/example_dags/example_nested_branch_dag.py for tasks to queue
[2024-03-04T16:02:11.910+0000] {logging_mixin.py:188} INFO - [2024-03-04T16:02:11.910+0000] {dagbag.py:540} INFO - Filling up the DagBag from /home/airflow/.local/lib/python3.11/site-packages/airflow/example_dags/example_nested_branch_dag.py
[2024-03-04T16:02:11.916+0000] {processor.py:840} INFO - DAG(s) 'example_nested_branch_dag' retrieved from /home/airflow/.local/lib/python3.11/site-packages/airflow/example_dags/example_nested_branch_dag.py
[2024-03-04T16:02:11.931+0000] {logging_mixin.py:188} INFO - [2024-03-04T16:02:11.931+0000] {dag.py:3047} INFO - Sync 1 DAGs
[2024-03-04T16:02:11.942+0000] {logging_mixin.py:188} INFO - [2024-03-04T16:02:11.942+0000] {dag.py:3834} INFO - Setting next_dagrun for example_nested_branch_dag to 2024-03-03 00:00:00+00:00, run_after=2024-03-04 00:00:00+00:00
[2024-03-04T16:02:11.948+0000] {processor.py:183} INFO - Processing /home/airflow/.local/lib/python3.11/site-packages/airflow/example_dags/example_nested_branch_dag.py took 0.043 seconds
[2024-03-04T16:02:42.631+0000] {processor.py:161} INFO - Started process (PID=1206) to work on /home/airflow/.local/lib/python3.11/site-packages/airflow/example_dags/example_nested_branch_dag.py
[2024-03-04T16:02:42.634+0000] {processor.py:830} INFO - Processing file /home/airflow/.local/lib/python3.11/site-packages/airflow/example_dags/example_nested_branch_dag.py for tasks to queue
[2024-03-04T16:02:42.636+0000] {logging_mixin.py:188} INFO - [2024-03-04T16:02:42.636+0000] {dagbag.py:540} INFO - Filling up the DagBag from /home/airflow/.local/lib/python3.11/site-packages/airflow/example_dags/example_nested_branch_dag.py
[2024-03-04T16:02:42.646+0000] {processor.py:840} INFO - DAG(s) 'example_nested_branch_dag' retrieved from /home/airflow/.local/lib/python3.11/site-packages/airflow/example_dags/example_nested_branch_dag.py
[2024-03-04T16:02:42.665+0000] {logging_mixin.py:188} INFO - [2024-03-04T16:02:42.665+0000] {dag.py:3047} INFO - Sync 1 DAGs
[2024-03-04T16:02:42.679+0000] {logging_mixin.py:188} INFO - [2024-03-04T16:02:42.679+0000] {dag.py:3834} INFO - Setting next_dagrun for example_nested_branch_dag to 2024-03-03 00:00:00+00:00, run_after=2024-03-04 00:00:00+00:00
[2024-03-04T16:02:42.687+0000] {processor.py:183} INFO - Processing /home/airflow/.local/lib/python3.11/site-packages/airflow/example_dags/example_nested_branch_dag.py took 0.061 seconds
[2024-03-04T16:03:13.437+0000] {processor.py:161} INFO - Started process (PID=1267) to work on /home/airflow/.local/lib/python3.11/site-packages/airflow/example_dags/example_nested_branch_dag.py
[2024-03-04T16:03:13.443+0000] {processor.py:830} INFO - Processing file /home/airflow/.local/lib/python3.11/site-packages/airflow/example_dags/example_nested_branch_dag.py for tasks to queue
[2024-03-04T16:03:13.447+0000] {logging_mixin.py:188} INFO - [2024-03-04T16:03:13.446+0000] {dagbag.py:540} INFO - Filling up the DagBag from /home/airflow/.local/lib/python3.11/site-packages/airflow/example_dags/example_nested_branch_dag.py
[2024-03-04T16:03:13.465+0000] {processor.py:840} INFO - DAG(s) 'example_nested_branch_dag' retrieved from /home/airflow/.local/lib/python3.11/site-packages/airflow/example_dags/example_nested_branch_dag.py
[2024-03-04T16:03:13.487+0000] {logging_mixin.py:188} INFO - [2024-03-04T16:03:13.487+0000] {dag.py:3047} INFO - Sync 1 DAGs
[2024-03-04T16:03:13.501+0000] {logging_mixin.py:188} INFO - [2024-03-04T16:03:13.501+0000] {dag.py:3834} INFO - Setting next_dagrun for example_nested_branch_dag to 2024-03-03 00:00:00+00:00, run_after=2024-03-04 00:00:00+00:00
[2024-03-04T16:03:13.509+0000] {processor.py:183} INFO - Processing /home/airflow/.local/lib/python3.11/site-packages/airflow/example_dags/example_nested_branch_dag.py took 0.078 seconds
[2024-03-04T16:03:44.292+0000] {processor.py:161} INFO - Started process (PID=1322) to work on /home/airflow/.local/lib/python3.11/site-packages/airflow/example_dags/example_nested_branch_dag.py
[2024-03-04T16:03:44.294+0000] {processor.py:830} INFO - Processing file /home/airflow/.local/lib/python3.11/site-packages/airflow/example_dags/example_nested_branch_dag.py for tasks to queue
[2024-03-04T16:03:44.298+0000] {logging_mixin.py:188} INFO - [2024-03-04T16:03:44.297+0000] {dagbag.py:540} INFO - Filling up the DagBag from /home/airflow/.local/lib/python3.11/site-packages/airflow/example_dags/example_nested_branch_dag.py
[2024-03-04T16:03:44.311+0000] {processor.py:840} INFO - DAG(s) 'example_nested_branch_dag' retrieved from /home/airflow/.local/lib/python3.11/site-packages/airflow/example_dags/example_nested_branch_dag.py
[2024-03-04T16:03:44.329+0000] {logging_mixin.py:188} INFO - [2024-03-04T16:03:44.329+0000] {dag.py:3047} INFO - Sync 1 DAGs
[2024-03-04T16:03:44.341+0000] {logging_mixin.py:188} INFO - [2024-03-04T16:03:44.341+0000] {dag.py:3834} INFO - Setting next_dagrun for example_nested_branch_dag to 2024-03-03 00:00:00+00:00, run_after=2024-03-04 00:00:00+00:00
[2024-03-04T16:03:44.349+0000] {processor.py:183} INFO - Processing /home/airflow/.local/lib/python3.11/site-packages/airflow/example_dags/example_nested_branch_dag.py took 0.063 seconds
[2024-03-04T16:04:14.725+0000] {processor.py:161} INFO - Started process (PID=1377) to work on /home/airflow/.local/lib/python3.11/site-packages/airflow/example_dags/example_nested_branch_dag.py
[2024-03-04T16:04:14.730+0000] {processor.py:830} INFO - Processing file /home/airflow/.local/lib/python3.11/site-packages/airflow/example_dags/example_nested_branch_dag.py for tasks to queue
[2024-03-04T16:04:14.736+0000] {logging_mixin.py:188} INFO - [2024-03-04T16:04:14.735+0000] {dagbag.py:540} INFO - Filling up the DagBag from /home/airflow/.local/lib/python3.11/site-packages/airflow/example_dags/example_nested_branch_dag.py
[2024-03-04T16:04:14.748+0000] {processor.py:840} INFO - DAG(s) 'example_nested_branch_dag' retrieved from /home/airflow/.local/lib/python3.11/site-packages/airflow/example_dags/example_nested_branch_dag.py
[2024-03-04T16:04:14.764+0000] {logging_mixin.py:188} INFO - [2024-03-04T16:04:14.764+0000] {dag.py:3047} INFO - Sync 1 DAGs
[2024-03-04T16:04:14.776+0000] {logging_mixin.py:188} INFO - [2024-03-04T16:04:14.776+0000] {dag.py:3834} INFO - Setting next_dagrun for example_nested_branch_dag to 2024-03-03 00:00:00+00:00, run_after=2024-03-04 00:00:00+00:00
[2024-03-04T16:04:14.783+0000] {processor.py:183} INFO - Processing /home/airflow/.local/lib/python3.11/site-packages/airflow/example_dags/example_nested_branch_dag.py took 0.067 seconds
[2024-03-04T16:04:45.615+0000] {processor.py:161} INFO - Started process (PID=1432) to work on /home/airflow/.local/lib/python3.11/site-packages/airflow/example_dags/example_nested_branch_dag.py
[2024-03-04T16:04:45.617+0000] {processor.py:830} INFO - Processing file /home/airflow/.local/lib/python3.11/site-packages/airflow/example_dags/example_nested_branch_dag.py for tasks to queue
[2024-03-04T16:04:45.620+0000] {logging_mixin.py:188} INFO - [2024-03-04T16:04:45.620+0000] {dagbag.py:540} INFO - Filling up the DagBag from /home/airflow/.local/lib/python3.11/site-packages/airflow/example_dags/example_nested_branch_dag.py
[2024-03-04T16:04:45.632+0000] {processor.py:840} INFO - DAG(s) 'example_nested_branch_dag' retrieved from /home/airflow/.local/lib/python3.11/site-packages/airflow/example_dags/example_nested_branch_dag.py
[2024-03-04T16:04:45.649+0000] {logging_mixin.py:188} INFO - [2024-03-04T16:04:45.649+0000] {dag.py:3047} INFO - Sync 1 DAGs
[2024-03-04T16:04:45.664+0000] {logging_mixin.py:188} INFO - [2024-03-04T16:04:45.664+0000] {dag.py:3834} INFO - Setting next_dagrun for example_nested_branch_dag to 2024-03-03 00:00:00+00:00, run_after=2024-03-04 00:00:00+00:00
[2024-03-04T16:04:45.672+0000] {processor.py:183} INFO - Processing /home/airflow/.local/lib/python3.11/site-packages/airflow/example_dags/example_nested_branch_dag.py took 0.062 seconds
[2024-03-04T16:05:16.366+0000] {processor.py:161} INFO - Started process (PID=1487) to work on /home/airflow/.local/lib/python3.11/site-packages/airflow/example_dags/example_nested_branch_dag.py
[2024-03-04T16:05:16.368+0000] {processor.py:830} INFO - Processing file /home/airflow/.local/lib/python3.11/site-packages/airflow/example_dags/example_nested_branch_dag.py for tasks to queue
[2024-03-04T16:05:16.370+0000] {logging_mixin.py:188} INFO - [2024-03-04T16:05:16.370+0000] {dagbag.py:540} INFO - Filling up the DagBag from /home/airflow/.local/lib/python3.11/site-packages/airflow/example_dags/example_nested_branch_dag.py
[2024-03-04T16:05:16.381+0000] {processor.py:840} INFO - DAG(s) 'example_nested_branch_dag' retrieved from /home/airflow/.local/lib/python3.11/site-packages/airflow/example_dags/example_nested_branch_dag.py
[2024-03-04T16:05:16.394+0000] {logging_mixin.py:188} INFO - [2024-03-04T16:05:16.394+0000] {dag.py:3047} INFO - Sync 1 DAGs
[2024-03-04T16:05:16.406+0000] {logging_mixin.py:188} INFO - [2024-03-04T16:05:16.406+0000] {dag.py:3834} INFO - Setting next_dagrun for example_nested_branch_dag to 2024-03-03 00:00:00+00:00, run_after=2024-03-04 00:00:00+00:00
[2024-03-04T16:05:16.415+0000] {processor.py:183} INFO - Processing /home/airflow/.local/lib/python3.11/site-packages/airflow/example_dags/example_nested_branch_dag.py took 0.052 seconds
[2024-03-04T16:05:47.200+0000] {processor.py:161} INFO - Started process (PID=1542) to work on /home/airflow/.local/lib/python3.11/site-packages/airflow/example_dags/example_nested_branch_dag.py
[2024-03-04T16:05:47.207+0000] {processor.py:830} INFO - Processing file /home/airflow/.local/lib/python3.11/site-packages/airflow/example_dags/example_nested_branch_dag.py for tasks to queue
[2024-03-04T16:05:47.213+0000] {logging_mixin.py:188} INFO - [2024-03-04T16:05:47.212+0000] {dagbag.py:540} INFO - Filling up the DagBag from /home/airflow/.local/lib/python3.11/site-packages/airflow/example_dags/example_nested_branch_dag.py
[2024-03-04T16:05:47.224+0000] {processor.py:840} INFO - DAG(s) 'example_nested_branch_dag' retrieved from /home/airflow/.local/lib/python3.11/site-packages/airflow/example_dags/example_nested_branch_dag.py
[2024-03-04T16:05:47.248+0000] {logging_mixin.py:188} INFO - [2024-03-04T16:05:47.248+0000] {dag.py:3047} INFO - Sync 1 DAGs
[2024-03-04T16:05:47.262+0000] {logging_mixin.py:188} INFO - [2024-03-04T16:05:47.262+0000] {dag.py:3834} INFO - Setting next_dagrun for example_nested_branch_dag to 2024-03-03 00:00:00+00:00, run_after=2024-03-04 00:00:00+00:00
[2024-03-04T16:05:47.276+0000] {processor.py:183} INFO - Processing /home/airflow/.local/lib/python3.11/site-packages/airflow/example_dags/example_nested_branch_dag.py took 0.083 seconds
[2024-03-04T16:06:17.343+0000] {processor.py:161} INFO - Started process (PID=1597) to work on /home/airflow/.local/lib/python3.11/site-packages/airflow/example_dags/example_nested_branch_dag.py
[2024-03-04T16:06:17.346+0000] {processor.py:830} INFO - Processing file /home/airflow/.local/lib/python3.11/site-packages/airflow/example_dags/example_nested_branch_dag.py for tasks to queue
[2024-03-04T16:06:17.348+0000] {logging_mixin.py:188} INFO - [2024-03-04T16:06:17.347+0000] {dagbag.py:540} INFO - Filling up the DagBag from /home/airflow/.local/lib/python3.11/site-packages/airflow/example_dags/example_nested_branch_dag.py
[2024-03-04T16:06:17.358+0000] {processor.py:840} INFO - DAG(s) 'example_nested_branch_dag' retrieved from /home/airflow/.local/lib/python3.11/site-packages/airflow/example_dags/example_nested_branch_dag.py
[2024-03-04T16:06:17.373+0000] {logging_mixin.py:188} INFO - [2024-03-04T16:06:17.372+0000] {dag.py:3047} INFO - Sync 1 DAGs
[2024-03-04T16:06:17.386+0000] {logging_mixin.py:188} INFO - [2024-03-04T16:06:17.386+0000] {dag.py:3834} INFO - Setting next_dagrun for example_nested_branch_dag to 2024-03-03 00:00:00+00:00, run_after=2024-03-04 00:00:00+00:00
[2024-03-04T16:06:17.396+0000] {processor.py:183} INFO - Processing /home/airflow/.local/lib/python3.11/site-packages/airflow/example_dags/example_nested_branch_dag.py took 0.057 seconds
[2024-03-04T16:06:47.571+0000] {processor.py:161} INFO - Started process (PID=1652) to work on /home/airflow/.local/lib/python3.11/site-packages/airflow/example_dags/example_nested_branch_dag.py
[2024-03-04T16:06:47.573+0000] {processor.py:830} INFO - Processing file /home/airflow/.local/lib/python3.11/site-packages/airflow/example_dags/example_nested_branch_dag.py for tasks to queue
[2024-03-04T16:06:47.576+0000] {logging_mixin.py:188} INFO - [2024-03-04T16:06:47.575+0000] {dagbag.py:540} INFO - Filling up the DagBag from /home/airflow/.local/lib/python3.11/site-packages/airflow/example_dags/example_nested_branch_dag.py
[2024-03-04T16:06:47.586+0000] {processor.py:840} INFO - DAG(s) 'example_nested_branch_dag' retrieved from /home/airflow/.local/lib/python3.11/site-packages/airflow/example_dags/example_nested_branch_dag.py
[2024-03-04T16:06:47.600+0000] {logging_mixin.py:188} INFO - [2024-03-04T16:06:47.600+0000] {dag.py:3047} INFO - Sync 1 DAGs
[2024-03-04T16:06:47.612+0000] {logging_mixin.py:188} INFO - [2024-03-04T16:06:47.612+0000] {dag.py:3834} INFO - Setting next_dagrun for example_nested_branch_dag to 2024-03-03 00:00:00+00:00, run_after=2024-03-04 00:00:00+00:00
[2024-03-04T16:06:47.621+0000] {processor.py:183} INFO - Processing /home/airflow/.local/lib/python3.11/site-packages/airflow/example_dags/example_nested_branch_dag.py took 0.054 seconds
[2024-03-04T16:07:18.341+0000] {processor.py:161} INFO - Started process (PID=1707) to work on /home/airflow/.local/lib/python3.11/site-packages/airflow/example_dags/example_nested_branch_dag.py
[2024-03-04T16:07:18.343+0000] {processor.py:830} INFO - Processing file /home/airflow/.local/lib/python3.11/site-packages/airflow/example_dags/example_nested_branch_dag.py for tasks to queue
[2024-03-04T16:07:18.345+0000] {logging_mixin.py:188} INFO - [2024-03-04T16:07:18.344+0000] {dagbag.py:540} INFO - Filling up the DagBag from /home/airflow/.local/lib/python3.11/site-packages/airflow/example_dags/example_nested_branch_dag.py
[2024-03-04T16:07:18.354+0000] {processor.py:840} INFO - DAG(s) 'example_nested_branch_dag' retrieved from /home/airflow/.local/lib/python3.11/site-packages/airflow/example_dags/example_nested_branch_dag.py
[2024-03-04T16:07:18.368+0000] {logging_mixin.py:188} INFO - [2024-03-04T16:07:18.368+0000] {dag.py:3047} INFO - Sync 1 DAGs
[2024-03-04T16:07:18.379+0000] {logging_mixin.py:188} INFO - [2024-03-04T16:07:18.379+0000] {dag.py:3834} INFO - Setting next_dagrun for example_nested_branch_dag to 2024-03-03 00:00:00+00:00, run_after=2024-03-04 00:00:00+00:00
[2024-03-04T16:07:18.387+0000] {processor.py:183} INFO - Processing /home/airflow/.local/lib/python3.11/site-packages/airflow/example_dags/example_nested_branch_dag.py took 0.051 seconds
[2024-03-04T16:07:49.004+0000] {processor.py:161} INFO - Started process (PID=1762) to work on /home/airflow/.local/lib/python3.11/site-packages/airflow/example_dags/example_nested_branch_dag.py
[2024-03-04T16:07:49.007+0000] {processor.py:830} INFO - Processing file /home/airflow/.local/lib/python3.11/site-packages/airflow/example_dags/example_nested_branch_dag.py for tasks to queue
[2024-03-04T16:07:49.009+0000] {logging_mixin.py:188} INFO - [2024-03-04T16:07:49.008+0000] {dagbag.py:540} INFO - Filling up the DagBag from /home/airflow/.local/lib/python3.11/site-packages/airflow/example_dags/example_nested_branch_dag.py
[2024-03-04T16:07:49.017+0000] {processor.py:840} INFO - DAG(s) 'example_nested_branch_dag' retrieved from /home/airflow/.local/lib/python3.11/site-packages/airflow/example_dags/example_nested_branch_dag.py
[2024-03-04T16:07:49.031+0000] {logging_mixin.py:188} INFO - [2024-03-04T16:07:49.031+0000] {dag.py:3047} INFO - Sync 1 DAGs
[2024-03-04T16:07:49.043+0000] {logging_mixin.py:188} INFO - [2024-03-04T16:07:49.043+0000] {dag.py:3834} INFO - Setting next_dagrun for example_nested_branch_dag to 2024-03-03 00:00:00+00:00, run_after=2024-03-04 00:00:00+00:00
[2024-03-04T16:07:49.050+0000] {processor.py:183} INFO - Processing /home/airflow/.local/lib/python3.11/site-packages/airflow/example_dags/example_nested_branch_dag.py took 0.050 seconds
[2024-03-04T16:08:19.696+0000] {processor.py:161} INFO - Started process (PID=1817) to work on /home/airflow/.local/lib/python3.11/site-packages/airflow/example_dags/example_nested_branch_dag.py
[2024-03-04T16:08:19.698+0000] {processor.py:830} INFO - Processing file /home/airflow/.local/lib/python3.11/site-packages/airflow/example_dags/example_nested_branch_dag.py for tasks to queue
[2024-03-04T16:08:19.700+0000] {logging_mixin.py:188} INFO - [2024-03-04T16:08:19.700+0000] {dagbag.py:540} INFO - Filling up the DagBag from /home/airflow/.local/lib/python3.11/site-packages/airflow/example_dags/example_nested_branch_dag.py
[2024-03-04T16:08:19.711+0000] {processor.py:840} INFO - DAG(s) 'example_nested_branch_dag' retrieved from /home/airflow/.local/lib/python3.11/site-packages/airflow/example_dags/example_nested_branch_dag.py
[2024-03-04T16:08:19.725+0000] {logging_mixin.py:188} INFO - [2024-03-04T16:08:19.725+0000] {dag.py:3047} INFO - Sync 1 DAGs
[2024-03-04T16:08:19.737+0000] {logging_mixin.py:188} INFO - [2024-03-04T16:08:19.737+0000] {dag.py:3834} INFO - Setting next_dagrun for example_nested_branch_dag to 2024-03-03 00:00:00+00:00, run_after=2024-03-04 00:00:00+00:00
[2024-03-04T16:08:19.745+0000] {processor.py:183} INFO - Processing /home/airflow/.local/lib/python3.11/site-packages/airflow/example_dags/example_nested_branch_dag.py took 0.054 seconds
[2024-03-04T16:08:50.412+0000] {processor.py:161} INFO - Started process (PID=1872) to work on /home/airflow/.local/lib/python3.11/site-packages/airflow/example_dags/example_nested_branch_dag.py
[2024-03-04T16:08:50.414+0000] {processor.py:830} INFO - Processing file /home/airflow/.local/lib/python3.11/site-packages/airflow/example_dags/example_nested_branch_dag.py for tasks to queue
[2024-03-04T16:08:50.416+0000] {logging_mixin.py:188} INFO - [2024-03-04T16:08:50.416+0000] {dagbag.py:540} INFO - Filling up the DagBag from /home/airflow/.local/lib/python3.11/site-packages/airflow/example_dags/example_nested_branch_dag.py
[2024-03-04T16:08:50.427+0000] {processor.py:840} INFO - DAG(s) 'example_nested_branch_dag' retrieved from /home/airflow/.local/lib/python3.11/site-packages/airflow/example_dags/example_nested_branch_dag.py
[2024-03-04T16:08:50.441+0000] {logging_mixin.py:188} INFO - [2024-03-04T16:08:50.441+0000] {dag.py:3047} INFO - Sync 1 DAGs
[2024-03-04T16:08:50.453+0000] {logging_mixin.py:188} INFO - [2024-03-04T16:08:50.453+0000] {dag.py:3834} INFO - Setting next_dagrun for example_nested_branch_dag to 2024-03-03 00:00:00+00:00, run_after=2024-03-04 00:00:00+00:00
[2024-03-04T16:08:50.461+0000] {processor.py:183} INFO - Processing /home/airflow/.local/lib/python3.11/site-packages/airflow/example_dags/example_nested_branch_dag.py took 0.053 seconds
[2024-03-04T16:09:20.960+0000] {processor.py:161} INFO - Started process (PID=1927) to work on /home/airflow/.local/lib/python3.11/site-packages/airflow/example_dags/example_nested_branch_dag.py
[2024-03-04T16:09:20.962+0000] {processor.py:830} INFO - Processing file /home/airflow/.local/lib/python3.11/site-packages/airflow/example_dags/example_nested_branch_dag.py for tasks to queue
[2024-03-04T16:09:20.964+0000] {logging_mixin.py:188} INFO - [2024-03-04T16:09:20.964+0000] {dagbag.py:540} INFO - Filling up the DagBag from /home/airflow/.local/lib/python3.11/site-packages/airflow/example_dags/example_nested_branch_dag.py
[2024-03-04T16:09:20.976+0000] {processor.py:840} INFO - DAG(s) 'example_nested_branch_dag' retrieved from /home/airflow/.local/lib/python3.11/site-packages/airflow/example_dags/example_nested_branch_dag.py
[2024-03-04T16:09:20.996+0000] {logging_mixin.py:188} INFO - [2024-03-04T16:09:20.996+0000] {dag.py:3047} INFO - Sync 1 DAGs
[2024-03-04T16:09:21.009+0000] {logging_mixin.py:188} INFO - [2024-03-04T16:09:21.009+0000] {dag.py:3834} INFO - Setting next_dagrun for example_nested_branch_dag to 2024-03-03 00:00:00+00:00, run_after=2024-03-04 00:00:00+00:00
[2024-03-04T16:09:21.017+0000] {processor.py:183} INFO - Processing /home/airflow/.local/lib/python3.11/site-packages/airflow/example_dags/example_nested_branch_dag.py took 0.062 seconds
[2024-03-04T16:09:51.741+0000] {processor.py:161} INFO - Started process (PID=1982) to work on /home/airflow/.local/lib/python3.11/site-packages/airflow/example_dags/example_nested_branch_dag.py
[2024-03-04T16:09:51.744+0000] {processor.py:830} INFO - Processing file /home/airflow/.local/lib/python3.11/site-packages/airflow/example_dags/example_nested_branch_dag.py for tasks to queue
[2024-03-04T16:09:51.746+0000] {logging_mixin.py:188} INFO - [2024-03-04T16:09:51.746+0000] {dagbag.py:540} INFO - Filling up the DagBag from /home/airflow/.local/lib/python3.11/site-packages/airflow/example_dags/example_nested_branch_dag.py
[2024-03-04T16:09:51.755+0000] {processor.py:840} INFO - DAG(s) 'example_nested_branch_dag' retrieved from /home/airflow/.local/lib/python3.11/site-packages/airflow/example_dags/example_nested_branch_dag.py
[2024-03-04T16:09:51.768+0000] {logging_mixin.py:188} INFO - [2024-03-04T16:09:51.768+0000] {dag.py:3047} INFO - Sync 1 DAGs
[2024-03-04T16:09:51.781+0000] {logging_mixin.py:188} INFO - [2024-03-04T16:09:51.780+0000] {dag.py:3834} INFO - Setting next_dagrun for example_nested_branch_dag to 2024-03-03 00:00:00+00:00, run_after=2024-03-04 00:00:00+00:00
[2024-03-04T16:09:51.788+0000] {processor.py:183} INFO - Processing /home/airflow/.local/lib/python3.11/site-packages/airflow/example_dags/example_nested_branch_dag.py took 0.051 seconds
[2024-03-04T16:10:22.291+0000] {processor.py:161} INFO - Started process (PID=2037) to work on /home/airflow/.local/lib/python3.11/site-packages/airflow/example_dags/example_nested_branch_dag.py
[2024-03-04T16:10:22.292+0000] {processor.py:830} INFO - Processing file /home/airflow/.local/lib/python3.11/site-packages/airflow/example_dags/example_nested_branch_dag.py for tasks to queue
[2024-03-04T16:10:22.294+0000] {logging_mixin.py:188} INFO - [2024-03-04T16:10:22.294+0000] {dagbag.py:540} INFO - Filling up the DagBag from /home/airflow/.local/lib/python3.11/site-packages/airflow/example_dags/example_nested_branch_dag.py
[2024-03-04T16:10:22.303+0000] {processor.py:840} INFO - DAG(s) 'example_nested_branch_dag' retrieved from /home/airflow/.local/lib/python3.11/site-packages/airflow/example_dags/example_nested_branch_dag.py
[2024-03-04T16:10:22.322+0000] {logging_mixin.py:188} INFO - [2024-03-04T16:10:22.322+0000] {dag.py:3047} INFO - Sync 1 DAGs
[2024-03-04T16:10:22.337+0000] {logging_mixin.py:188} INFO - [2024-03-04T16:10:22.337+0000] {dag.py:3834} INFO - Setting next_dagrun for example_nested_branch_dag to 2024-03-03 00:00:00+00:00, run_after=2024-03-04 00:00:00+00:00
[2024-03-04T16:10:22.345+0000] {processor.py:183} INFO - Processing /home/airflow/.local/lib/python3.11/site-packages/airflow/example_dags/example_nested_branch_dag.py took 0.059 seconds
[2024-03-04T16:10:52.882+0000] {processor.py:161} INFO - Started process (PID=2092) to work on /home/airflow/.local/lib/python3.11/site-packages/airflow/example_dags/example_nested_branch_dag.py
[2024-03-04T16:10:52.884+0000] {processor.py:830} INFO - Processing file /home/airflow/.local/lib/python3.11/site-packages/airflow/example_dags/example_nested_branch_dag.py for tasks to queue
[2024-03-04T16:10:52.889+0000] {logging_mixin.py:188} INFO - [2024-03-04T16:10:52.888+0000] {dagbag.py:540} INFO - Filling up the DagBag from /home/airflow/.local/lib/python3.11/site-packages/airflow/example_dags/example_nested_branch_dag.py
[2024-03-04T16:10:52.906+0000] {processor.py:840} INFO - DAG(s) 'example_nested_branch_dag' retrieved from /home/airflow/.local/lib/python3.11/site-packages/airflow/example_dags/example_nested_branch_dag.py
[2024-03-04T16:10:52.925+0000] {logging_mixin.py:188} INFO - [2024-03-04T16:10:52.925+0000] {dag.py:3047} INFO - Sync 1 DAGs
[2024-03-04T16:10:52.937+0000] {logging_mixin.py:188} INFO - [2024-03-04T16:10:52.937+0000] {dag.py:3834} INFO - Setting next_dagrun for example_nested_branch_dag to 2024-03-03 00:00:00+00:00, run_after=2024-03-04 00:00:00+00:00
[2024-03-04T16:10:52.947+0000] {processor.py:183} INFO - Processing /home/airflow/.local/lib/python3.11/site-packages/airflow/example_dags/example_nested_branch_dag.py took 0.072 seconds
[2024-03-04T16:11:23.673+0000] {processor.py:161} INFO - Started process (PID=2147) to work on /home/airflow/.local/lib/python3.11/site-packages/airflow/example_dags/example_nested_branch_dag.py
[2024-03-04T16:11:23.674+0000] {processor.py:830} INFO - Processing file /home/airflow/.local/lib/python3.11/site-packages/airflow/example_dags/example_nested_branch_dag.py for tasks to queue
[2024-03-04T16:11:23.677+0000] {logging_mixin.py:188} INFO - [2024-03-04T16:11:23.677+0000] {dagbag.py:540} INFO - Filling up the DagBag from /home/airflow/.local/lib/python3.11/site-packages/airflow/example_dags/example_nested_branch_dag.py
[2024-03-04T16:11:23.686+0000] {processor.py:840} INFO - DAG(s) 'example_nested_branch_dag' retrieved from /home/airflow/.local/lib/python3.11/site-packages/airflow/example_dags/example_nested_branch_dag.py
[2024-03-04T16:11:23.701+0000] {logging_mixin.py:188} INFO - [2024-03-04T16:11:23.701+0000] {dag.py:3047} INFO - Sync 1 DAGs
[2024-03-04T16:11:23.713+0000] {logging_mixin.py:188} INFO - [2024-03-04T16:11:23.713+0000] {dag.py:3834} INFO - Setting next_dagrun for example_nested_branch_dag to 2024-03-03 00:00:00+00:00, run_after=2024-03-04 00:00:00+00:00
[2024-03-04T16:11:23.722+0000] {processor.py:183} INFO - Processing /home/airflow/.local/lib/python3.11/site-packages/airflow/example_dags/example_nested_branch_dag.py took 0.054 seconds
[2024-03-04T16:11:54.327+0000] {processor.py:161} INFO - Started process (PID=2202) to work on /home/airflow/.local/lib/python3.11/site-packages/airflow/example_dags/example_nested_branch_dag.py
[2024-03-04T16:11:54.328+0000] {processor.py:830} INFO - Processing file /home/airflow/.local/lib/python3.11/site-packages/airflow/example_dags/example_nested_branch_dag.py for tasks to queue
[2024-03-04T16:11:54.330+0000] {logging_mixin.py:188} INFO - [2024-03-04T16:11:54.330+0000] {dagbag.py:540} INFO - Filling up the DagBag from /home/airflow/.local/lib/python3.11/site-packages/airflow/example_dags/example_nested_branch_dag.py
[2024-03-04T16:11:54.340+0000] {processor.py:840} INFO - DAG(s) 'example_nested_branch_dag' retrieved from /home/airflow/.local/lib/python3.11/site-packages/airflow/example_dags/example_nested_branch_dag.py
[2024-03-04T16:11:54.354+0000] {logging_mixin.py:188} INFO - [2024-03-04T16:11:54.354+0000] {dag.py:3047} INFO - Sync 1 DAGs
[2024-03-04T16:11:54.368+0000] {logging_mixin.py:188} INFO - [2024-03-04T16:11:54.368+0000] {dag.py:3834} INFO - Setting next_dagrun for example_nested_branch_dag to 2024-03-03 00:00:00+00:00, run_after=2024-03-04 00:00:00+00:00
[2024-03-04T16:11:54.376+0000] {processor.py:183} INFO - Processing /home/airflow/.local/lib/python3.11/site-packages/airflow/example_dags/example_nested_branch_dag.py took 0.053 seconds
[2024-03-04T16:12:24.985+0000] {processor.py:161} INFO - Started process (PID=2257) to work on /home/airflow/.local/lib/python3.11/site-packages/airflow/example_dags/example_nested_branch_dag.py
[2024-03-04T16:12:24.987+0000] {processor.py:830} INFO - Processing file /home/airflow/.local/lib/python3.11/site-packages/airflow/example_dags/example_nested_branch_dag.py for tasks to queue
[2024-03-04T16:12:24.989+0000] {logging_mixin.py:188} INFO - [2024-03-04T16:12:24.989+0000] {dagbag.py:540} INFO - Filling up the DagBag from /home/airflow/.local/lib/python3.11/site-packages/airflow/example_dags/example_nested_branch_dag.py
[2024-03-04T16:12:24.999+0000] {processor.py:840} INFO - DAG(s) 'example_nested_branch_dag' retrieved from /home/airflow/.local/lib/python3.11/site-packages/airflow/example_dags/example_nested_branch_dag.py
[2024-03-04T16:12:25.019+0000] {logging_mixin.py:188} INFO - [2024-03-04T16:12:25.019+0000] {dag.py:3047} INFO - Sync 1 DAGs
[2024-03-04T16:12:25.034+0000] {logging_mixin.py:188} INFO - [2024-03-04T16:12:25.034+0000] {dag.py:3834} INFO - Setting next_dagrun for example_nested_branch_dag to 2024-03-03 00:00:00+00:00, run_after=2024-03-04 00:00:00+00:00
[2024-03-04T16:12:25.041+0000] {processor.py:183} INFO - Processing /home/airflow/.local/lib/python3.11/site-packages/airflow/example_dags/example_nested_branch_dag.py took 0.061 seconds
[2024-03-04T16:12:55.636+0000] {processor.py:161} INFO - Started process (PID=2312) to work on /home/airflow/.local/lib/python3.11/site-packages/airflow/example_dags/example_nested_branch_dag.py
[2024-03-04T16:12:55.638+0000] {processor.py:830} INFO - Processing file /home/airflow/.local/lib/python3.11/site-packages/airflow/example_dags/example_nested_branch_dag.py for tasks to queue
[2024-03-04T16:12:55.640+0000] {logging_mixin.py:188} INFO - [2024-03-04T16:12:55.639+0000] {dagbag.py:540} INFO - Filling up the DagBag from /home/airflow/.local/lib/python3.11/site-packages/airflow/example_dags/example_nested_branch_dag.py
[2024-03-04T16:12:55.648+0000] {processor.py:840} INFO - DAG(s) 'example_nested_branch_dag' retrieved from /home/airflow/.local/lib/python3.11/site-packages/airflow/example_dags/example_nested_branch_dag.py
[2024-03-04T16:12:55.662+0000] {logging_mixin.py:188} INFO - [2024-03-04T16:12:55.662+0000] {dag.py:3047} INFO - Sync 1 DAGs
[2024-03-04T16:12:55.674+0000] {logging_mixin.py:188} INFO - [2024-03-04T16:12:55.674+0000] {dag.py:3834} INFO - Setting next_dagrun for example_nested_branch_dag to 2024-03-03 00:00:00+00:00, run_after=2024-03-04 00:00:00+00:00
[2024-03-04T16:12:55.682+0000] {processor.py:183} INFO - Processing /home/airflow/.local/lib/python3.11/site-packages/airflow/example_dags/example_nested_branch_dag.py took 0.051 seconds
[2024-03-04T16:13:26.271+0000] {processor.py:161} INFO - Started process (PID=2367) to work on /home/airflow/.local/lib/python3.11/site-packages/airflow/example_dags/example_nested_branch_dag.py
[2024-03-04T16:13:26.273+0000] {processor.py:830} INFO - Processing file /home/airflow/.local/lib/python3.11/site-packages/airflow/example_dags/example_nested_branch_dag.py for tasks to queue
[2024-03-04T16:13:26.276+0000] {logging_mixin.py:188} INFO - [2024-03-04T16:13:26.275+0000] {dagbag.py:540} INFO - Filling up the DagBag from /home/airflow/.local/lib/python3.11/site-packages/airflow/example_dags/example_nested_branch_dag.py
[2024-03-04T16:13:26.285+0000] {processor.py:840} INFO - DAG(s) 'example_nested_branch_dag' retrieved from /home/airflow/.local/lib/python3.11/site-packages/airflow/example_dags/example_nested_branch_dag.py
[2024-03-04T16:13:26.300+0000] {logging_mixin.py:188} INFO - [2024-03-04T16:13:26.300+0000] {dag.py:3047} INFO - Sync 1 DAGs
[2024-03-04T16:13:26.315+0000] {logging_mixin.py:188} INFO - [2024-03-04T16:13:26.315+0000] {dag.py:3834} INFO - Setting next_dagrun for example_nested_branch_dag to 2024-03-03 00:00:00+00:00, run_after=2024-03-04 00:00:00+00:00
[2024-03-04T16:13:26.324+0000] {processor.py:183} INFO - Processing /home/airflow/.local/lib/python3.11/site-packages/airflow/example_dags/example_nested_branch_dag.py took 0.057 seconds
[2024-03-04T16:13:57.024+0000] {processor.py:161} INFO - Started process (PID=2422) to work on /home/airflow/.local/lib/python3.11/site-packages/airflow/example_dags/example_nested_branch_dag.py
[2024-03-04T16:13:57.027+0000] {processor.py:830} INFO - Processing file /home/airflow/.local/lib/python3.11/site-packages/airflow/example_dags/example_nested_branch_dag.py for tasks to queue
[2024-03-04T16:13:57.029+0000] {logging_mixin.py:188} INFO - [2024-03-04T16:13:57.029+0000] {dagbag.py:540} INFO - Filling up the DagBag from /home/airflow/.local/lib/python3.11/site-packages/airflow/example_dags/example_nested_branch_dag.py
[2024-03-04T16:13:57.040+0000] {processor.py:840} INFO - DAG(s) 'example_nested_branch_dag' retrieved from /home/airflow/.local/lib/python3.11/site-packages/airflow/example_dags/example_nested_branch_dag.py
[2024-03-04T16:13:57.055+0000] {logging_mixin.py:188} INFO - [2024-03-04T16:13:57.055+0000] {dag.py:3047} INFO - Sync 1 DAGs
[2024-03-04T16:13:57.067+0000] {logging_mixin.py:188} INFO - [2024-03-04T16:13:57.067+0000] {dag.py:3834} INFO - Setting next_dagrun for example_nested_branch_dag to 2024-03-03 00:00:00+00:00, run_after=2024-03-04 00:00:00+00:00
[2024-03-04T16:13:57.075+0000] {processor.py:183} INFO - Processing /home/airflow/.local/lib/python3.11/site-packages/airflow/example_dags/example_nested_branch_dag.py took 0.055 seconds
[2024-03-04T16:14:27.805+0000] {processor.py:161} INFO - Started process (PID=2477) to work on /home/airflow/.local/lib/python3.11/site-packages/airflow/example_dags/example_nested_branch_dag.py
[2024-03-04T16:14:27.807+0000] {processor.py:830} INFO - Processing file /home/airflow/.local/lib/python3.11/site-packages/airflow/example_dags/example_nested_branch_dag.py for tasks to queue
[2024-03-04T16:14:27.809+0000] {logging_mixin.py:188} INFO - [2024-03-04T16:14:27.809+0000] {dagbag.py:540} INFO - Filling up the DagBag from /home/airflow/.local/lib/python3.11/site-packages/airflow/example_dags/example_nested_branch_dag.py
[2024-03-04T16:14:27.817+0000] {processor.py:840} INFO - DAG(s) 'example_nested_branch_dag' retrieved from /home/airflow/.local/lib/python3.11/site-packages/airflow/example_dags/example_nested_branch_dag.py
[2024-03-04T16:14:27.830+0000] {logging_mixin.py:188} INFO - [2024-03-04T16:14:27.830+0000] {dag.py:3047} INFO - Sync 1 DAGs
[2024-03-04T16:14:27.842+0000] {logging_mixin.py:188} INFO - [2024-03-04T16:14:27.842+0000] {dag.py:3834} INFO - Setting next_dagrun for example_nested_branch_dag to 2024-03-03 00:00:00+00:00, run_after=2024-03-04 00:00:00+00:00
[2024-03-04T16:14:27.849+0000] {processor.py:183} INFO - Processing /home/airflow/.local/lib/python3.11/site-packages/airflow/example_dags/example_nested_branch_dag.py took 0.050 seconds
[2024-03-04T16:14:58.510+0000] {processor.py:161} INFO - Started process (PID=2532) to work on /home/airflow/.local/lib/python3.11/site-packages/airflow/example_dags/example_nested_branch_dag.py
[2024-03-04T16:14:58.512+0000] {processor.py:830} INFO - Processing file /home/airflow/.local/lib/python3.11/site-packages/airflow/example_dags/example_nested_branch_dag.py for tasks to queue
[2024-03-04T16:14:58.514+0000] {logging_mixin.py:188} INFO - [2024-03-04T16:14:58.514+0000] {dagbag.py:540} INFO - Filling up the DagBag from /home/airflow/.local/lib/python3.11/site-packages/airflow/example_dags/example_nested_branch_dag.py
[2024-03-04T16:14:58.524+0000] {processor.py:840} INFO - DAG(s) 'example_nested_branch_dag' retrieved from /home/airflow/.local/lib/python3.11/site-packages/airflow/example_dags/example_nested_branch_dag.py
[2024-03-04T16:14:58.538+0000] {logging_mixin.py:188} INFO - [2024-03-04T16:14:58.538+0000] {dag.py:3047} INFO - Sync 1 DAGs
[2024-03-04T16:14:58.550+0000] {logging_mixin.py:188} INFO - [2024-03-04T16:14:58.550+0000] {dag.py:3834} INFO - Setting next_dagrun for example_nested_branch_dag to 2024-03-03 00:00:00+00:00, run_after=2024-03-04 00:00:00+00:00
[2024-03-04T16:14:58.558+0000] {processor.py:183} INFO - Processing /home/airflow/.local/lib/python3.11/site-packages/airflow/example_dags/example_nested_branch_dag.py took 0.051 seconds
[2024-03-04T16:15:29.022+0000] {processor.py:161} INFO - Started process (PID=2587) to work on /home/airflow/.local/lib/python3.11/site-packages/airflow/example_dags/example_nested_branch_dag.py
[2024-03-04T16:15:29.025+0000] {processor.py:830} INFO - Processing file /home/airflow/.local/lib/python3.11/site-packages/airflow/example_dags/example_nested_branch_dag.py for tasks to queue
[2024-03-04T16:15:29.027+0000] {logging_mixin.py:188} INFO - [2024-03-04T16:15:29.027+0000] {dagbag.py:540} INFO - Filling up the DagBag from /home/airflow/.local/lib/python3.11/site-packages/airflow/example_dags/example_nested_branch_dag.py
[2024-03-04T16:15:29.037+0000] {processor.py:840} INFO - DAG(s) 'example_nested_branch_dag' retrieved from /home/airflow/.local/lib/python3.11/site-packages/airflow/example_dags/example_nested_branch_dag.py
[2024-03-04T16:15:29.051+0000] {logging_mixin.py:188} INFO - [2024-03-04T16:15:29.051+0000] {dag.py:3047} INFO - Sync 1 DAGs
[2024-03-04T16:15:29.065+0000] {logging_mixin.py:188} INFO - [2024-03-04T16:15:29.065+0000] {dag.py:3834} INFO - Setting next_dagrun for example_nested_branch_dag to 2024-03-03 00:00:00+00:00, run_after=2024-03-04 00:00:00+00:00
[2024-03-04T16:15:29.073+0000] {processor.py:183} INFO - Processing /home/airflow/.local/lib/python3.11/site-packages/airflow/example_dags/example_nested_branch_dag.py took 0.056 seconds
[2024-03-04T16:15:59.871+0000] {processor.py:161} INFO - Started process (PID=2642) to work on /home/airflow/.local/lib/python3.11/site-packages/airflow/example_dags/example_nested_branch_dag.py
[2024-03-04T16:15:59.874+0000] {processor.py:830} INFO - Processing file /home/airflow/.local/lib/python3.11/site-packages/airflow/example_dags/example_nested_branch_dag.py for tasks to queue
[2024-03-04T16:15:59.877+0000] {logging_mixin.py:188} INFO - [2024-03-04T16:15:59.876+0000] {dagbag.py:540} INFO - Filling up the DagBag from /home/airflow/.local/lib/python3.11/site-packages/airflow/example_dags/example_nested_branch_dag.py
[2024-03-04T16:15:59.887+0000] {processor.py:840} INFO - DAG(s) 'example_nested_branch_dag' retrieved from /home/airflow/.local/lib/python3.11/site-packages/airflow/example_dags/example_nested_branch_dag.py
[2024-03-04T16:15:59.908+0000] {logging_mixin.py:188} INFO - [2024-03-04T16:15:59.908+0000] {dag.py:3047} INFO - Sync 1 DAGs
[2024-03-04T16:15:59.922+0000] {logging_mixin.py:188} INFO - [2024-03-04T16:15:59.922+0000] {dag.py:3834} INFO - Setting next_dagrun for example_nested_branch_dag to 2024-03-03 00:00:00+00:00, run_after=2024-03-04 00:00:00+00:00
[2024-03-04T16:15:59.934+0000] {processor.py:183} INFO - Processing /home/airflow/.local/lib/python3.11/site-packages/airflow/example_dags/example_nested_branch_dag.py took 0.070 seconds
[2024-03-04T16:16:31.075+0000] {processor.py:161} INFO - Started process (PID=2697) to work on /home/airflow/.local/lib/python3.11/site-packages/airflow/example_dags/example_nested_branch_dag.py
[2024-03-04T16:16:31.076+0000] {processor.py:830} INFO - Processing file /home/airflow/.local/lib/python3.11/site-packages/airflow/example_dags/example_nested_branch_dag.py for tasks to queue
[2024-03-04T16:16:31.078+0000] {logging_mixin.py:188} INFO - [2024-03-04T16:16:31.077+0000] {dagbag.py:540} INFO - Filling up the DagBag from /home/airflow/.local/lib/python3.11/site-packages/airflow/example_dags/example_nested_branch_dag.py
[2024-03-04T16:16:31.087+0000] {processor.py:840} INFO - DAG(s) 'example_nested_branch_dag' retrieved from /home/airflow/.local/lib/python3.11/site-packages/airflow/example_dags/example_nested_branch_dag.py
[2024-03-04T16:16:31.104+0000] {logging_mixin.py:188} INFO - [2024-03-04T16:16:31.104+0000] {dag.py:3047} INFO - Sync 1 DAGs
[2024-03-04T16:16:31.116+0000] {logging_mixin.py:188} INFO - [2024-03-04T16:16:31.116+0000] {dag.py:3834} INFO - Setting next_dagrun for example_nested_branch_dag to 2024-03-03 00:00:00+00:00, run_after=2024-03-04 00:00:00+00:00
[2024-03-04T16:16:31.123+0000] {processor.py:183} INFO - Processing /home/airflow/.local/lib/python3.11/site-packages/airflow/example_dags/example_nested_branch_dag.py took 0.051 seconds
[2024-03-04T16:17:01.137+0000] {processor.py:161} INFO - Started process (PID=2752) to work on /home/airflow/.local/lib/python3.11/site-packages/airflow/example_dags/example_nested_branch_dag.py
[2024-03-04T16:17:01.138+0000] {processor.py:830} INFO - Processing file /home/airflow/.local/lib/python3.11/site-packages/airflow/example_dags/example_nested_branch_dag.py for tasks to queue
[2024-03-04T16:17:01.139+0000] {logging_mixin.py:188} INFO - [2024-03-04T16:17:01.139+0000] {dagbag.py:540} INFO - Filling up the DagBag from /home/airflow/.local/lib/python3.11/site-packages/airflow/example_dags/example_nested_branch_dag.py
[2024-03-04T16:17:01.144+0000] {processor.py:840} INFO - DAG(s) 'example_nested_branch_dag' retrieved from /home/airflow/.local/lib/python3.11/site-packages/airflow/example_dags/example_nested_branch_dag.py
[2024-03-04T16:17:01.153+0000] {logging_mixin.py:188} INFO - [2024-03-04T16:17:01.153+0000] {dag.py:3047} INFO - Sync 1 DAGs
[2024-03-04T16:17:01.162+0000] {logging_mixin.py:188} INFO - [2024-03-04T16:17:01.162+0000] {dag.py:3834} INFO - Setting next_dagrun for example_nested_branch_dag to 2024-03-03 00:00:00+00:00, run_after=2024-03-04 00:00:00+00:00
[2024-03-04T16:17:01.169+0000] {processor.py:183} INFO - Processing /home/airflow/.local/lib/python3.11/site-packages/airflow/example_dags/example_nested_branch_dag.py took 0.034 seconds
[2024-03-04T16:17:32.050+0000] {processor.py:161} INFO - Started process (PID=2807) to work on /home/airflow/.local/lib/python3.11/site-packages/airflow/example_dags/example_nested_branch_dag.py
[2024-03-04T16:17:32.051+0000] {processor.py:830} INFO - Processing file /home/airflow/.local/lib/python3.11/site-packages/airflow/example_dags/example_nested_branch_dag.py for tasks to queue
[2024-03-04T16:17:32.052+0000] {logging_mixin.py:188} INFO - [2024-03-04T16:17:32.052+0000] {dagbag.py:540} INFO - Filling up the DagBag from /home/airflow/.local/lib/python3.11/site-packages/airflow/example_dags/example_nested_branch_dag.py
[2024-03-04T16:17:32.058+0000] {processor.py:840} INFO - DAG(s) 'example_nested_branch_dag' retrieved from /home/airflow/.local/lib/python3.11/site-packages/airflow/example_dags/example_nested_branch_dag.py
[2024-03-04T16:17:32.067+0000] {logging_mixin.py:188} INFO - [2024-03-04T16:17:32.067+0000] {dag.py:3047} INFO - Sync 1 DAGs
[2024-03-04T16:17:32.076+0000] {logging_mixin.py:188} INFO - [2024-03-04T16:17:32.076+0000] {dag.py:3834} INFO - Setting next_dagrun for example_nested_branch_dag to 2024-03-03 00:00:00+00:00, run_after=2024-03-04 00:00:00+00:00
[2024-03-04T16:17:32.083+0000] {processor.py:183} INFO - Processing /home/airflow/.local/lib/python3.11/site-packages/airflow/example_dags/example_nested_branch_dag.py took 0.034 seconds
[2024-03-04T16:18:02.385+0000] {processor.py:161} INFO - Started process (PID=2862) to work on /home/airflow/.local/lib/python3.11/site-packages/airflow/example_dags/example_nested_branch_dag.py
[2024-03-04T16:18:02.386+0000] {processor.py:830} INFO - Processing file /home/airflow/.local/lib/python3.11/site-packages/airflow/example_dags/example_nested_branch_dag.py for tasks to queue
[2024-03-04T16:18:02.387+0000] {logging_mixin.py:188} INFO - [2024-03-04T16:18:02.387+0000] {dagbag.py:540} INFO - Filling up the DagBag from /home/airflow/.local/lib/python3.11/site-packages/airflow/example_dags/example_nested_branch_dag.py
[2024-03-04T16:18:02.391+0000] {processor.py:840} INFO - DAG(s) 'example_nested_branch_dag' retrieved from /home/airflow/.local/lib/python3.11/site-packages/airflow/example_dags/example_nested_branch_dag.py
[2024-03-04T16:18:02.400+0000] {logging_mixin.py:188} INFO - [2024-03-04T16:18:02.400+0000] {dag.py:3047} INFO - Sync 1 DAGs
[2024-03-04T16:18:02.408+0000] {logging_mixin.py:188} INFO - [2024-03-04T16:18:02.408+0000] {dag.py:3834} INFO - Setting next_dagrun for example_nested_branch_dag to 2024-03-03 00:00:00+00:00, run_after=2024-03-04 00:00:00+00:00
[2024-03-04T16:18:02.414+0000] {processor.py:183} INFO - Processing /home/airflow/.local/lib/python3.11/site-packages/airflow/example_dags/example_nested_branch_dag.py took 0.031 seconds
[2024-03-04T16:18:32.792+0000] {processor.py:161} INFO - Started process (PID=2917) to work on /home/airflow/.local/lib/python3.11/site-packages/airflow/example_dags/example_nested_branch_dag.py
[2024-03-04T16:18:32.793+0000] {processor.py:830} INFO - Processing file /home/airflow/.local/lib/python3.11/site-packages/airflow/example_dags/example_nested_branch_dag.py for tasks to queue
[2024-03-04T16:18:32.794+0000] {logging_mixin.py:188} INFO - [2024-03-04T16:18:32.794+0000] {dagbag.py:540} INFO - Filling up the DagBag from /home/airflow/.local/lib/python3.11/site-packages/airflow/example_dags/example_nested_branch_dag.py
[2024-03-04T16:18:32.799+0000] {processor.py:840} INFO - DAG(s) 'example_nested_branch_dag' retrieved from /home/airflow/.local/lib/python3.11/site-packages/airflow/example_dags/example_nested_branch_dag.py
[2024-03-04T16:18:32.808+0000] {logging_mixin.py:188} INFO - [2024-03-04T16:18:32.808+0000] {dag.py:3047} INFO - Sync 1 DAGs
[2024-03-04T16:18:32.817+0000] {logging_mixin.py:188} INFO - [2024-03-04T16:18:32.817+0000] {dag.py:3834} INFO - Setting next_dagrun for example_nested_branch_dag to 2024-03-03 00:00:00+00:00, run_after=2024-03-04 00:00:00+00:00
[2024-03-04T16:18:32.824+0000] {processor.py:183} INFO - Processing /home/airflow/.local/lib/python3.11/site-packages/airflow/example_dags/example_nested_branch_dag.py took 0.034 seconds
[2024-03-04T16:19:02.849+0000] {processor.py:161} INFO - Started process (PID=2972) to work on /home/airflow/.local/lib/python3.11/site-packages/airflow/example_dags/example_nested_branch_dag.py
[2024-03-04T16:19:02.849+0000] {processor.py:830} INFO - Processing file /home/airflow/.local/lib/python3.11/site-packages/airflow/example_dags/example_nested_branch_dag.py for tasks to queue
[2024-03-04T16:19:02.850+0000] {logging_mixin.py:188} INFO - [2024-03-04T16:19:02.850+0000] {dagbag.py:540} INFO - Filling up the DagBag from /home/airflow/.local/lib/python3.11/site-packages/airflow/example_dags/example_nested_branch_dag.py
[2024-03-04T16:19:02.856+0000] {processor.py:840} INFO - DAG(s) 'example_nested_branch_dag' retrieved from /home/airflow/.local/lib/python3.11/site-packages/airflow/example_dags/example_nested_branch_dag.py
[2024-03-04T16:19:02.872+0000] {logging_mixin.py:188} INFO - [2024-03-04T16:19:02.872+0000] {dag.py:3047} INFO - Sync 1 DAGs
[2024-03-04T16:19:02.884+0000] {logging_mixin.py:188} INFO - [2024-03-04T16:19:02.884+0000] {dag.py:3834} INFO - Setting next_dagrun for example_nested_branch_dag to 2024-03-03 00:00:00+00:00, run_after=2024-03-04 00:00:00+00:00
[2024-03-04T16:19:02.895+0000] {processor.py:183} INFO - Processing /home/airflow/.local/lib/python3.11/site-packages/airflow/example_dags/example_nested_branch_dag.py took 0.048 seconds
[2024-03-04T16:19:33.141+0000] {processor.py:161} INFO - Started process (PID=3027) to work on /home/airflow/.local/lib/python3.11/site-packages/airflow/example_dags/example_nested_branch_dag.py
[2024-03-04T16:19:33.142+0000] {processor.py:830} INFO - Processing file /home/airflow/.local/lib/python3.11/site-packages/airflow/example_dags/example_nested_branch_dag.py for tasks to queue
[2024-03-04T16:19:33.146+0000] {logging_mixin.py:188} INFO - [2024-03-04T16:19:33.145+0000] {dagbag.py:540} INFO - Filling up the DagBag from /home/airflow/.local/lib/python3.11/site-packages/airflow/example_dags/example_nested_branch_dag.py
[2024-03-04T16:19:33.151+0000] {processor.py:840} INFO - DAG(s) 'example_nested_branch_dag' retrieved from /home/airflow/.local/lib/python3.11/site-packages/airflow/example_dags/example_nested_branch_dag.py
[2024-03-04T16:19:33.160+0000] {logging_mixin.py:188} INFO - [2024-03-04T16:19:33.160+0000] {dag.py:3047} INFO - Sync 1 DAGs
[2024-03-04T16:19:33.169+0000] {logging_mixin.py:188} INFO - [2024-03-04T16:19:33.169+0000] {dag.py:3834} INFO - Setting next_dagrun for example_nested_branch_dag to 2024-03-03 00:00:00+00:00, run_after=2024-03-04 00:00:00+00:00
[2024-03-04T16:19:33.175+0000] {processor.py:183} INFO - Processing /home/airflow/.local/lib/python3.11/site-packages/airflow/example_dags/example_nested_branch_dag.py took 0.036 seconds
[2024-03-04T16:20:03.276+0000] {processor.py:161} INFO - Started process (PID=3082) to work on /home/airflow/.local/lib/python3.11/site-packages/airflow/example_dags/example_nested_branch_dag.py
[2024-03-04T16:20:03.278+0000] {processor.py:830} INFO - Processing file /home/airflow/.local/lib/python3.11/site-packages/airflow/example_dags/example_nested_branch_dag.py for tasks to queue
[2024-03-04T16:20:03.279+0000] {logging_mixin.py:188} INFO - [2024-03-04T16:20:03.278+0000] {dagbag.py:540} INFO - Filling up the DagBag from /home/airflow/.local/lib/python3.11/site-packages/airflow/example_dags/example_nested_branch_dag.py
[2024-03-04T16:20:03.284+0000] {processor.py:840} INFO - DAG(s) 'example_nested_branch_dag' retrieved from /home/airflow/.local/lib/python3.11/site-packages/airflow/example_dags/example_nested_branch_dag.py
[2024-03-04T16:20:03.297+0000] {logging_mixin.py:188} INFO - [2024-03-04T16:20:03.297+0000] {dag.py:3047} INFO - Sync 1 DAGs
[2024-03-04T16:20:03.312+0000] {logging_mixin.py:188} INFO - [2024-03-04T16:20:03.312+0000] {dag.py:3834} INFO - Setting next_dagrun for example_nested_branch_dag to 2024-03-03 00:00:00+00:00, run_after=2024-03-04 00:00:00+00:00
[2024-03-04T16:20:03.327+0000] {processor.py:183} INFO - Processing /home/airflow/.local/lib/python3.11/site-packages/airflow/example_dags/example_nested_branch_dag.py took 0.052 seconds
[2024-03-04T16:20:33.970+0000] {processor.py:161} INFO - Started process (PID=3137) to work on /home/airflow/.local/lib/python3.11/site-packages/airflow/example_dags/example_nested_branch_dag.py
[2024-03-04T16:20:33.971+0000] {processor.py:830} INFO - Processing file /home/airflow/.local/lib/python3.11/site-packages/airflow/example_dags/example_nested_branch_dag.py for tasks to queue
[2024-03-04T16:20:33.972+0000] {logging_mixin.py:188} INFO - [2024-03-04T16:20:33.972+0000] {dagbag.py:540} INFO - Filling up the DagBag from /home/airflow/.local/lib/python3.11/site-packages/airflow/example_dags/example_nested_branch_dag.py
[2024-03-04T16:20:33.978+0000] {processor.py:840} INFO - DAG(s) 'example_nested_branch_dag' retrieved from /home/airflow/.local/lib/python3.11/site-packages/airflow/example_dags/example_nested_branch_dag.py
[2024-03-04T16:20:33.987+0000] {logging_mixin.py:188} INFO - [2024-03-04T16:20:33.987+0000] {dag.py:3047} INFO - Sync 1 DAGs
[2024-03-04T16:20:33.996+0000] {logging_mixin.py:188} INFO - [2024-03-04T16:20:33.996+0000] {dag.py:3834} INFO - Setting next_dagrun for example_nested_branch_dag to 2024-03-03 00:00:00+00:00, run_after=2024-03-04 00:00:00+00:00
[2024-03-04T16:20:34.003+0000] {processor.py:183} INFO - Processing /home/airflow/.local/lib/python3.11/site-packages/airflow/example_dags/example_nested_branch_dag.py took 0.034 seconds
[2024-03-04T16:21:04.193+0000] {processor.py:161} INFO - Started process (PID=3192) to work on /home/airflow/.local/lib/python3.11/site-packages/airflow/example_dags/example_nested_branch_dag.py
[2024-03-04T16:21:04.194+0000] {processor.py:830} INFO - Processing file /home/airflow/.local/lib/python3.11/site-packages/airflow/example_dags/example_nested_branch_dag.py for tasks to queue
[2024-03-04T16:21:04.195+0000] {logging_mixin.py:188} INFO - [2024-03-04T16:21:04.195+0000] {dagbag.py:540} INFO - Filling up the DagBag from /home/airflow/.local/lib/python3.11/site-packages/airflow/example_dags/example_nested_branch_dag.py
[2024-03-04T16:21:04.201+0000] {processor.py:840} INFO - DAG(s) 'example_nested_branch_dag' retrieved from /home/airflow/.local/lib/python3.11/site-packages/airflow/example_dags/example_nested_branch_dag.py
[2024-03-04T16:21:04.210+0000] {logging_mixin.py:188} INFO - [2024-03-04T16:21:04.210+0000] {dag.py:3047} INFO - Sync 1 DAGs
[2024-03-04T16:21:04.219+0000] {logging_mixin.py:188} INFO - [2024-03-04T16:21:04.219+0000] {dag.py:3834} INFO - Setting next_dagrun for example_nested_branch_dag to 2024-03-03 00:00:00+00:00, run_after=2024-03-04 00:00:00+00:00
[2024-03-04T16:21:04.226+0000] {processor.py:183} INFO - Processing /home/airflow/.local/lib/python3.11/site-packages/airflow/example_dags/example_nested_branch_dag.py took 0.034 seconds
[2024-03-04T16:21:34.436+0000] {processor.py:161} INFO - Started process (PID=3247) to work on /home/airflow/.local/lib/python3.11/site-packages/airflow/example_dags/example_nested_branch_dag.py
[2024-03-04T16:21:34.436+0000] {processor.py:830} INFO - Processing file /home/airflow/.local/lib/python3.11/site-packages/airflow/example_dags/example_nested_branch_dag.py for tasks to queue
[2024-03-04T16:21:34.437+0000] {logging_mixin.py:188} INFO - [2024-03-04T16:21:34.437+0000] {dagbag.py:540} INFO - Filling up the DagBag from /home/airflow/.local/lib/python3.11/site-packages/airflow/example_dags/example_nested_branch_dag.py
[2024-03-04T16:21:34.442+0000] {processor.py:840} INFO - DAG(s) 'example_nested_branch_dag' retrieved from /home/airflow/.local/lib/python3.11/site-packages/airflow/example_dags/example_nested_branch_dag.py
[2024-03-04T16:21:34.451+0000] {logging_mixin.py:188} INFO - [2024-03-04T16:21:34.451+0000] {dag.py:3047} INFO - Sync 1 DAGs
[2024-03-04T16:21:34.460+0000] {logging_mixin.py:188} INFO - [2024-03-04T16:21:34.460+0000] {dag.py:3834} INFO - Setting next_dagrun for example_nested_branch_dag to 2024-03-03 00:00:00+00:00, run_after=2024-03-04 00:00:00+00:00
[2024-03-04T16:21:34.467+0000] {processor.py:183} INFO - Processing /home/airflow/.local/lib/python3.11/site-packages/airflow/example_dags/example_nested_branch_dag.py took 0.033 seconds
[2024-03-04T16:22:04.754+0000] {processor.py:161} INFO - Started process (PID=3302) to work on /home/airflow/.local/lib/python3.11/site-packages/airflow/example_dags/example_nested_branch_dag.py
[2024-03-04T16:22:04.755+0000] {processor.py:830} INFO - Processing file /home/airflow/.local/lib/python3.11/site-packages/airflow/example_dags/example_nested_branch_dag.py for tasks to queue
[2024-03-04T16:22:04.756+0000] {logging_mixin.py:188} INFO - [2024-03-04T16:22:04.755+0000] {dagbag.py:540} INFO - Filling up the DagBag from /home/airflow/.local/lib/python3.11/site-packages/airflow/example_dags/example_nested_branch_dag.py
[2024-03-04T16:22:04.761+0000] {processor.py:840} INFO - DAG(s) 'example_nested_branch_dag' retrieved from /home/airflow/.local/lib/python3.11/site-packages/airflow/example_dags/example_nested_branch_dag.py
[2024-03-04T16:22:04.770+0000] {logging_mixin.py:188} INFO - [2024-03-04T16:22:04.770+0000] {dag.py:3047} INFO - Sync 1 DAGs
[2024-03-04T16:22:04.781+0000] {logging_mixin.py:188} INFO - [2024-03-04T16:22:04.781+0000] {dag.py:3834} INFO - Setting next_dagrun for example_nested_branch_dag to 2024-03-03 00:00:00+00:00, run_after=2024-03-04 00:00:00+00:00
[2024-03-04T16:22:04.788+0000] {processor.py:183} INFO - Processing /home/airflow/.local/lib/python3.11/site-packages/airflow/example_dags/example_nested_branch_dag.py took 0.035 seconds
[2024-03-04T16:22:34.995+0000] {processor.py:161} INFO - Started process (PID=3357) to work on /home/airflow/.local/lib/python3.11/site-packages/airflow/example_dags/example_nested_branch_dag.py
[2024-03-04T16:22:34.995+0000] {processor.py:830} INFO - Processing file /home/airflow/.local/lib/python3.11/site-packages/airflow/example_dags/example_nested_branch_dag.py for tasks to queue
[2024-03-04T16:22:34.996+0000] {logging_mixin.py:188} INFO - [2024-03-04T16:22:34.996+0000] {dagbag.py:540} INFO - Filling up the DagBag from /home/airflow/.local/lib/python3.11/site-packages/airflow/example_dags/example_nested_branch_dag.py
[2024-03-04T16:22:35.001+0000] {processor.py:840} INFO - DAG(s) 'example_nested_branch_dag' retrieved from /home/airflow/.local/lib/python3.11/site-packages/airflow/example_dags/example_nested_branch_dag.py
[2024-03-04T16:22:35.010+0000] {logging_mixin.py:188} INFO - [2024-03-04T16:22:35.010+0000] {dag.py:3047} INFO - Sync 1 DAGs
[2024-03-04T16:22:35.021+0000] {logging_mixin.py:188} INFO - [2024-03-04T16:22:35.021+0000] {dag.py:3834} INFO - Setting next_dagrun for example_nested_branch_dag to 2024-03-03 00:00:00+00:00, run_after=2024-03-04 00:00:00+00:00
[2024-03-04T16:22:35.029+0000] {processor.py:183} INFO - Processing /home/airflow/.local/lib/python3.11/site-packages/airflow/example_dags/example_nested_branch_dag.py took 0.036 seconds
[2024-03-04T16:23:05.246+0000] {processor.py:161} INFO - Started process (PID=3412) to work on /home/airflow/.local/lib/python3.11/site-packages/airflow/example_dags/example_nested_branch_dag.py
[2024-03-04T16:23:05.247+0000] {processor.py:830} INFO - Processing file /home/airflow/.local/lib/python3.11/site-packages/airflow/example_dags/example_nested_branch_dag.py for tasks to queue
[2024-03-04T16:23:05.248+0000] {logging_mixin.py:188} INFO - [2024-03-04T16:23:05.248+0000] {dagbag.py:540} INFO - Filling up the DagBag from /home/airflow/.local/lib/python3.11/site-packages/airflow/example_dags/example_nested_branch_dag.py
[2024-03-04T16:23:05.253+0000] {processor.py:840} INFO - DAG(s) 'example_nested_branch_dag' retrieved from /home/airflow/.local/lib/python3.11/site-packages/airflow/example_dags/example_nested_branch_dag.py
[2024-03-04T16:23:05.262+0000] {logging_mixin.py:188} INFO - [2024-03-04T16:23:05.262+0000] {dag.py:3047} INFO - Sync 1 DAGs
[2024-03-04T16:23:05.272+0000] {logging_mixin.py:188} INFO - [2024-03-04T16:23:05.272+0000] {dag.py:3834} INFO - Setting next_dagrun for example_nested_branch_dag to 2024-03-03 00:00:00+00:00, run_after=2024-03-04 00:00:00+00:00
[2024-03-04T16:23:05.280+0000] {processor.py:183} INFO - Processing /home/airflow/.local/lib/python3.11/site-packages/airflow/example_dags/example_nested_branch_dag.py took 0.035 seconds
[2024-03-04T16:23:35.768+0000] {processor.py:161} INFO - Started process (PID=3466) to work on /home/airflow/.local/lib/python3.11/site-packages/airflow/example_dags/example_nested_branch_dag.py
[2024-03-04T16:23:35.769+0000] {processor.py:830} INFO - Processing file /home/airflow/.local/lib/python3.11/site-packages/airflow/example_dags/example_nested_branch_dag.py for tasks to queue
[2024-03-04T16:23:35.771+0000] {logging_mixin.py:188} INFO - [2024-03-04T16:23:35.771+0000] {dagbag.py:540} INFO - Filling up the DagBag from /home/airflow/.local/lib/python3.11/site-packages/airflow/example_dags/example_nested_branch_dag.py
[2024-03-04T16:23:35.789+0000] {processor.py:840} INFO - DAG(s) 'example_nested_branch_dag' retrieved from /home/airflow/.local/lib/python3.11/site-packages/airflow/example_dags/example_nested_branch_dag.py
[2024-03-04T16:23:35.811+0000] {logging_mixin.py:188} INFO - [2024-03-04T16:23:35.811+0000] {dag.py:3047} INFO - Sync 1 DAGs
[2024-03-04T16:23:35.837+0000] {logging_mixin.py:188} INFO - [2024-03-04T16:23:35.837+0000] {dag.py:3834} INFO - Setting next_dagrun for example_nested_branch_dag to 2024-03-03 00:00:00+00:00, run_after=2024-03-04 00:00:00+00:00
[2024-03-04T16:23:35.860+0000] {processor.py:183} INFO - Processing /home/airflow/.local/lib/python3.11/site-packages/airflow/example_dags/example_nested_branch_dag.py took 0.094 seconds
[2024-03-04T16:24:06.367+0000] {processor.py:161} INFO - Started process (PID=3521) to work on /home/airflow/.local/lib/python3.11/site-packages/airflow/example_dags/example_nested_branch_dag.py
[2024-03-04T16:24:06.370+0000] {processor.py:830} INFO - Processing file /home/airflow/.local/lib/python3.11/site-packages/airflow/example_dags/example_nested_branch_dag.py for tasks to queue
[2024-03-04T16:24:06.374+0000] {logging_mixin.py:188} INFO - [2024-03-04T16:24:06.373+0000] {dagbag.py:540} INFO - Filling up the DagBag from /home/airflow/.local/lib/python3.11/site-packages/airflow/example_dags/example_nested_branch_dag.py
[2024-03-04T16:24:06.403+0000] {processor.py:840} INFO - DAG(s) 'example_nested_branch_dag' retrieved from /home/airflow/.local/lib/python3.11/site-packages/airflow/example_dags/example_nested_branch_dag.py
[2024-03-04T16:24:06.443+0000] {logging_mixin.py:188} INFO - [2024-03-04T16:24:06.443+0000] {dag.py:3047} INFO - Sync 1 DAGs
[2024-03-04T16:24:06.479+0000] {logging_mixin.py:188} INFO - [2024-03-04T16:24:06.479+0000] {dag.py:3834} INFO - Setting next_dagrun for example_nested_branch_dag to 2024-03-03 00:00:00+00:00, run_after=2024-03-04 00:00:00+00:00
[2024-03-04T16:24:06.492+0000] {processor.py:183} INFO - Processing /home/airflow/.local/lib/python3.11/site-packages/airflow/example_dags/example_nested_branch_dag.py took 0.130 seconds
[2024-03-04T16:24:37.355+0000] {processor.py:161} INFO - Started process (PID=3576) to work on /home/airflow/.local/lib/python3.11/site-packages/airflow/example_dags/example_nested_branch_dag.py
[2024-03-04T16:24:37.356+0000] {processor.py:830} INFO - Processing file /home/airflow/.local/lib/python3.11/site-packages/airflow/example_dags/example_nested_branch_dag.py for tasks to queue
[2024-03-04T16:24:37.357+0000] {logging_mixin.py:188} INFO - [2024-03-04T16:24:37.357+0000] {dagbag.py:540} INFO - Filling up the DagBag from /home/airflow/.local/lib/python3.11/site-packages/airflow/example_dags/example_nested_branch_dag.py
[2024-03-04T16:24:37.364+0000] {processor.py:840} INFO - DAG(s) 'example_nested_branch_dag' retrieved from /home/airflow/.local/lib/python3.11/site-packages/airflow/example_dags/example_nested_branch_dag.py
[2024-03-04T16:24:37.384+0000] {logging_mixin.py:188} INFO - [2024-03-04T16:24:37.384+0000] {dag.py:3047} INFO - Sync 1 DAGs
[2024-03-04T16:24:37.402+0000] {logging_mixin.py:188} INFO - [2024-03-04T16:24:37.402+0000] {dag.py:3834} INFO - Setting next_dagrun for example_nested_branch_dag to 2024-03-03 00:00:00+00:00, run_after=2024-03-04 00:00:00+00:00
[2024-03-04T16:24:37.430+0000] {processor.py:183} INFO - Processing /home/airflow/.local/lib/python3.11/site-packages/airflow/example_dags/example_nested_branch_dag.py took 0.076 seconds
[2024-03-04T16:25:07.531+0000] {processor.py:161} INFO - Started process (PID=3631) to work on /home/airflow/.local/lib/python3.11/site-packages/airflow/example_dags/example_nested_branch_dag.py
[2024-03-04T16:25:07.532+0000] {processor.py:830} INFO - Processing file /home/airflow/.local/lib/python3.11/site-packages/airflow/example_dags/example_nested_branch_dag.py for tasks to queue
[2024-03-04T16:25:07.533+0000] {logging_mixin.py:188} INFO - [2024-03-04T16:25:07.533+0000] {dagbag.py:540} INFO - Filling up the DagBag from /home/airflow/.local/lib/python3.11/site-packages/airflow/example_dags/example_nested_branch_dag.py
[2024-03-04T16:25:07.538+0000] {processor.py:840} INFO - DAG(s) 'example_nested_branch_dag' retrieved from /home/airflow/.local/lib/python3.11/site-packages/airflow/example_dags/example_nested_branch_dag.py
[2024-03-04T16:25:07.548+0000] {logging_mixin.py:188} INFO - [2024-03-04T16:25:07.547+0000] {dag.py:3047} INFO - Sync 1 DAGs
[2024-03-04T16:25:07.561+0000] {logging_mixin.py:188} INFO - [2024-03-04T16:25:07.561+0000] {dag.py:3834} INFO - Setting next_dagrun for example_nested_branch_dag to 2024-03-03 00:00:00+00:00, run_after=2024-03-04 00:00:00+00:00
[2024-03-04T16:25:07.568+0000] {processor.py:183} INFO - Processing /home/airflow/.local/lib/python3.11/site-packages/airflow/example_dags/example_nested_branch_dag.py took 0.038 seconds
[2024-03-04T16:25:38.343+0000] {processor.py:161} INFO - Started process (PID=3686) to work on /home/airflow/.local/lib/python3.11/site-packages/airflow/example_dags/example_nested_branch_dag.py
[2024-03-04T16:25:38.344+0000] {processor.py:830} INFO - Processing file /home/airflow/.local/lib/python3.11/site-packages/airflow/example_dags/example_nested_branch_dag.py for tasks to queue
[2024-03-04T16:25:38.345+0000] {logging_mixin.py:188} INFO - [2024-03-04T16:25:38.345+0000] {dagbag.py:540} INFO - Filling up the DagBag from /home/airflow/.local/lib/python3.11/site-packages/airflow/example_dags/example_nested_branch_dag.py
[2024-03-04T16:25:38.353+0000] {processor.py:840} INFO - DAG(s) 'example_nested_branch_dag' retrieved from /home/airflow/.local/lib/python3.11/site-packages/airflow/example_dags/example_nested_branch_dag.py
[2024-03-04T16:25:38.368+0000] {logging_mixin.py:188} INFO - [2024-03-04T16:25:38.368+0000] {dag.py:3047} INFO - Sync 1 DAGs
[2024-03-04T16:25:38.380+0000] {logging_mixin.py:188} INFO - [2024-03-04T16:25:38.380+0000] {dag.py:3834} INFO - Setting next_dagrun for example_nested_branch_dag to 2024-03-03 00:00:00+00:00, run_after=2024-03-04 00:00:00+00:00
[2024-03-04T16:25:38.389+0000] {processor.py:183} INFO - Processing /home/airflow/.local/lib/python3.11/site-packages/airflow/example_dags/example_nested_branch_dag.py took 0.049 seconds
[2024-03-04T16:26:09.315+0000] {processor.py:161} INFO - Started process (PID=3741) to work on /home/airflow/.local/lib/python3.11/site-packages/airflow/example_dags/example_nested_branch_dag.py
[2024-03-04T16:26:09.316+0000] {processor.py:830} INFO - Processing file /home/airflow/.local/lib/python3.11/site-packages/airflow/example_dags/example_nested_branch_dag.py for tasks to queue
[2024-03-04T16:26:09.318+0000] {logging_mixin.py:188} INFO - [2024-03-04T16:26:09.317+0000] {dagbag.py:540} INFO - Filling up the DagBag from /home/airflow/.local/lib/python3.11/site-packages/airflow/example_dags/example_nested_branch_dag.py
[2024-03-04T16:26:09.324+0000] {processor.py:840} INFO - DAG(s) 'example_nested_branch_dag' retrieved from /home/airflow/.local/lib/python3.11/site-packages/airflow/example_dags/example_nested_branch_dag.py
[2024-03-04T16:26:09.349+0000] {logging_mixin.py:188} INFO - [2024-03-04T16:26:09.348+0000] {dag.py:3047} INFO - Sync 1 DAGs
[2024-03-04T16:26:09.371+0000] {logging_mixin.py:188} INFO - [2024-03-04T16:26:09.371+0000] {dag.py:3834} INFO - Setting next_dagrun for example_nested_branch_dag to 2024-03-03 00:00:00+00:00, run_after=2024-03-04 00:00:00+00:00
[2024-03-04T16:26:09.386+0000] {processor.py:183} INFO - Processing /home/airflow/.local/lib/python3.11/site-packages/airflow/example_dags/example_nested_branch_dag.py took 0.074 seconds
[2024-03-04T16:26:39.775+0000] {processor.py:161} INFO - Started process (PID=3796) to work on /home/airflow/.local/lib/python3.11/site-packages/airflow/example_dags/example_nested_branch_dag.py
[2024-03-04T16:26:39.776+0000] {processor.py:830} INFO - Processing file /home/airflow/.local/lib/python3.11/site-packages/airflow/example_dags/example_nested_branch_dag.py for tasks to queue
[2024-03-04T16:26:39.777+0000] {logging_mixin.py:188} INFO - [2024-03-04T16:26:39.777+0000] {dagbag.py:540} INFO - Filling up the DagBag from /home/airflow/.local/lib/python3.11/site-packages/airflow/example_dags/example_nested_branch_dag.py
[2024-03-04T16:26:39.782+0000] {processor.py:840} INFO - DAG(s) 'example_nested_branch_dag' retrieved from /home/airflow/.local/lib/python3.11/site-packages/airflow/example_dags/example_nested_branch_dag.py
[2024-03-04T16:26:39.796+0000] {logging_mixin.py:188} INFO - [2024-03-04T16:26:39.796+0000] {dag.py:3047} INFO - Sync 1 DAGs
[2024-03-04T16:26:39.806+0000] {logging_mixin.py:188} INFO - [2024-03-04T16:26:39.806+0000] {dag.py:3834} INFO - Setting next_dagrun for example_nested_branch_dag to 2024-03-03 00:00:00+00:00, run_after=2024-03-04 00:00:00+00:00
[2024-03-04T16:26:39.813+0000] {processor.py:183} INFO - Processing /home/airflow/.local/lib/python3.11/site-packages/airflow/example_dags/example_nested_branch_dag.py took 0.039 seconds
[2024-03-04T16:27:10.661+0000] {processor.py:161} INFO - Started process (PID=3851) to work on /home/airflow/.local/lib/python3.11/site-packages/airflow/example_dags/example_nested_branch_dag.py
[2024-03-04T16:27:10.662+0000] {processor.py:830} INFO - Processing file /home/airflow/.local/lib/python3.11/site-packages/airflow/example_dags/example_nested_branch_dag.py for tasks to queue
[2024-03-04T16:27:10.663+0000] {logging_mixin.py:188} INFO - [2024-03-04T16:27:10.663+0000] {dagbag.py:540} INFO - Filling up the DagBag from /home/airflow/.local/lib/python3.11/site-packages/airflow/example_dags/example_nested_branch_dag.py
[2024-03-04T16:27:10.668+0000] {processor.py:840} INFO - DAG(s) 'example_nested_branch_dag' retrieved from /home/airflow/.local/lib/python3.11/site-packages/airflow/example_dags/example_nested_branch_dag.py
[2024-03-04T16:27:10.679+0000] {logging_mixin.py:188} INFO - [2024-03-04T16:27:10.679+0000] {dag.py:3047} INFO - Sync 1 DAGs
[2024-03-04T16:27:10.689+0000] {logging_mixin.py:188} INFO - [2024-03-04T16:27:10.689+0000] {dag.py:3834} INFO - Setting next_dagrun for example_nested_branch_dag to 2024-03-03 00:00:00+00:00, run_after=2024-03-04 00:00:00+00:00
[2024-03-04T16:27:10.696+0000] {processor.py:183} INFO - Processing /home/airflow/.local/lib/python3.11/site-packages/airflow/example_dags/example_nested_branch_dag.py took 0.037 seconds
[2024-03-04T16:27:40.938+0000] {processor.py:161} INFO - Started process (PID=3906) to work on /home/airflow/.local/lib/python3.11/site-packages/airflow/example_dags/example_nested_branch_dag.py
[2024-03-04T16:27:40.939+0000] {processor.py:830} INFO - Processing file /home/airflow/.local/lib/python3.11/site-packages/airflow/example_dags/example_nested_branch_dag.py for tasks to queue
[2024-03-04T16:27:40.940+0000] {logging_mixin.py:188} INFO - [2024-03-04T16:27:40.940+0000] {dagbag.py:540} INFO - Filling up the DagBag from /home/airflow/.local/lib/python3.11/site-packages/airflow/example_dags/example_nested_branch_dag.py
[2024-03-04T16:27:40.945+0000] {processor.py:840} INFO - DAG(s) 'example_nested_branch_dag' retrieved from /home/airflow/.local/lib/python3.11/site-packages/airflow/example_dags/example_nested_branch_dag.py
[2024-03-04T16:27:40.954+0000] {logging_mixin.py:188} INFO - [2024-03-04T16:27:40.954+0000] {dag.py:3047} INFO - Sync 1 DAGs
[2024-03-04T16:27:40.963+0000] {logging_mixin.py:188} INFO - [2024-03-04T16:27:40.963+0000] {dag.py:3834} INFO - Setting next_dagrun for example_nested_branch_dag to 2024-03-03 00:00:00+00:00, run_after=2024-03-04 00:00:00+00:00
[2024-03-04T16:27:40.970+0000] {processor.py:183} INFO - Processing /home/airflow/.local/lib/python3.11/site-packages/airflow/example_dags/example_nested_branch_dag.py took 0.033 seconds
[2024-03-04T16:28:11.182+0000] {processor.py:161} INFO - Started process (PID=3961) to work on /home/airflow/.local/lib/python3.11/site-packages/airflow/example_dags/example_nested_branch_dag.py
[2024-03-04T16:28:11.182+0000] {processor.py:830} INFO - Processing file /home/airflow/.local/lib/python3.11/site-packages/airflow/example_dags/example_nested_branch_dag.py for tasks to queue
[2024-03-04T16:28:11.183+0000] {logging_mixin.py:188} INFO - [2024-03-04T16:28:11.183+0000] {dagbag.py:540} INFO - Filling up the DagBag from /home/airflow/.local/lib/python3.11/site-packages/airflow/example_dags/example_nested_branch_dag.py
[2024-03-04T16:28:11.188+0000] {processor.py:840} INFO - DAG(s) 'example_nested_branch_dag' retrieved from /home/airflow/.local/lib/python3.11/site-packages/airflow/example_dags/example_nested_branch_dag.py
[2024-03-04T16:28:11.200+0000] {logging_mixin.py:188} INFO - [2024-03-04T16:28:11.200+0000] {dag.py:3047} INFO - Sync 1 DAGs
[2024-03-04T16:28:11.213+0000] {logging_mixin.py:188} INFO - [2024-03-04T16:28:11.213+0000] {dag.py:3834} INFO - Setting next_dagrun for example_nested_branch_dag to 2024-03-03 00:00:00+00:00, run_after=2024-03-04 00:00:00+00:00
[2024-03-04T16:28:11.220+0000] {processor.py:183} INFO - Processing /home/airflow/.local/lib/python3.11/site-packages/airflow/example_dags/example_nested_branch_dag.py took 0.040 seconds
