[2024-03-04T15:51:52.941+0000] {processor.py:161} INFO - Started process (PID=38) to work on /home/airflow/.local/lib/python3.11/site-packages/airflow/example_dags/example_bash_operator.py
[2024-03-04T15:51:52.942+0000] {processor.py:830} INFO - Processing file /home/airflow/.local/lib/python3.11/site-packages/airflow/example_dags/example_bash_operator.py for tasks to queue
[2024-03-04T15:51:52.946+0000] {logging_mixin.py:188} INFO - [2024-03-04T15:51:52.945+0000] {dagbag.py:540} INFO - Filling up the DagBag from /home/airflow/.local/lib/python3.11/site-packages/airflow/example_dags/example_bash_operator.py
[2024-03-04T15:51:52.969+0000] {processor.py:840} INFO - DAG(s) 'example_bash_operator' retrieved from /home/airflow/.local/lib/python3.11/site-packages/airflow/example_dags/example_bash_operator.py
[2024-03-04T15:51:53.270+0000] {logging_mixin.py:188} INFO - [2024-03-04T15:51:53.268+0000] {override.py:1769} INFO - Created Permission View: can read on DAG:example_bash_operator
[2024-03-04T15:51:53.293+0000] {logging_mixin.py:188} INFO - [2024-03-04T15:51:53.293+0000] {override.py:1769} INFO - Created Permission View: can delete on DAG:example_bash_operator
[2024-03-04T15:51:53.297+0000] {logging_mixin.py:188} INFO - [2024-03-04T15:51:53.297+0000] {override.py:1769} INFO - Created Permission View: can edit on DAG:example_bash_operator
[2024-03-04T15:51:53.297+0000] {logging_mixin.py:188} INFO - [2024-03-04T15:51:53.297+0000] {dag.py:3047} INFO - Sync 1 DAGs
[2024-03-04T15:51:53.324+0000] {logging_mixin.py:188} INFO - [2024-03-04T15:51:53.324+0000] {dag.py:3069} INFO - Creating ORM DAG for example_bash_operator
[2024-03-04T15:51:53.344+0000] {logging_mixin.py:188} INFO - [2024-03-04T15:51:53.344+0000] {dag.py:3834} INFO - Setting next_dagrun for example_bash_operator to 2024-03-03 00:00:00+00:00, run_after=2024-03-04 00:00:00+00:00
[2024-03-04T15:51:53.361+0000] {processor.py:183} INFO - Processing /home/airflow/.local/lib/python3.11/site-packages/airflow/example_dags/example_bash_operator.py took 0.423 seconds
[2024-03-04T15:52:23.414+0000] {processor.py:161} INFO - Started process (PID=93) to work on /home/airflow/.local/lib/python3.11/site-packages/airflow/example_dags/example_bash_operator.py
[2024-03-04T15:52:23.414+0000] {processor.py:830} INFO - Processing file /home/airflow/.local/lib/python3.11/site-packages/airflow/example_dags/example_bash_operator.py for tasks to queue
[2024-03-04T15:52:23.415+0000] {logging_mixin.py:188} INFO - [2024-03-04T15:52:23.415+0000] {dagbag.py:540} INFO - Filling up the DagBag from /home/airflow/.local/lib/python3.11/site-packages/airflow/example_dags/example_bash_operator.py
[2024-03-04T15:52:23.421+0000] {processor.py:840} INFO - DAG(s) 'example_bash_operator' retrieved from /home/airflow/.local/lib/python3.11/site-packages/airflow/example_dags/example_bash_operator.py
[2024-03-04T15:52:23.432+0000] {logging_mixin.py:188} INFO - [2024-03-04T15:52:23.431+0000] {dag.py:3047} INFO - Sync 1 DAGs
[2024-03-04T15:52:23.442+0000] {logging_mixin.py:188} INFO - [2024-03-04T15:52:23.442+0000] {dag.py:3834} INFO - Setting next_dagrun for example_bash_operator to 2024-03-03 00:00:00+00:00, run_after=2024-03-04 00:00:00+00:00
[2024-03-04T15:52:23.452+0000] {processor.py:183} INFO - Processing /home/airflow/.local/lib/python3.11/site-packages/airflow/example_dags/example_bash_operator.py took 0.040 seconds
[2024-03-04T15:52:54.314+0000] {processor.py:161} INFO - Started process (PID=148) to work on /home/airflow/.local/lib/python3.11/site-packages/airflow/example_dags/example_bash_operator.py
[2024-03-04T15:52:54.314+0000] {processor.py:830} INFO - Processing file /home/airflow/.local/lib/python3.11/site-packages/airflow/example_dags/example_bash_operator.py for tasks to queue
[2024-03-04T15:52:54.315+0000] {logging_mixin.py:188} INFO - [2024-03-04T15:52:54.315+0000] {dagbag.py:540} INFO - Filling up the DagBag from /home/airflow/.local/lib/python3.11/site-packages/airflow/example_dags/example_bash_operator.py
[2024-03-04T15:52:54.320+0000] {processor.py:840} INFO - DAG(s) 'example_bash_operator' retrieved from /home/airflow/.local/lib/python3.11/site-packages/airflow/example_dags/example_bash_operator.py
[2024-03-04T15:52:54.329+0000] {logging_mixin.py:188} INFO - [2024-03-04T15:52:54.329+0000] {dag.py:3047} INFO - Sync 1 DAGs
[2024-03-04T15:52:54.337+0000] {logging_mixin.py:188} INFO - [2024-03-04T15:52:54.337+0000] {dag.py:3834} INFO - Setting next_dagrun for example_bash_operator to 2024-03-03 00:00:00+00:00, run_after=2024-03-04 00:00:00+00:00
[2024-03-04T15:52:54.344+0000] {processor.py:183} INFO - Processing /home/airflow/.local/lib/python3.11/site-packages/airflow/example_dags/example_bash_operator.py took 0.032 seconds
[2024-03-04T15:53:24.694+0000] {processor.py:161} INFO - Started process (PID=203) to work on /home/airflow/.local/lib/python3.11/site-packages/airflow/example_dags/example_bash_operator.py
[2024-03-04T15:53:24.694+0000] {processor.py:830} INFO - Processing file /home/airflow/.local/lib/python3.11/site-packages/airflow/example_dags/example_bash_operator.py for tasks to queue
[2024-03-04T15:53:24.695+0000] {logging_mixin.py:188} INFO - [2024-03-04T15:53:24.695+0000] {dagbag.py:540} INFO - Filling up the DagBag from /home/airflow/.local/lib/python3.11/site-packages/airflow/example_dags/example_bash_operator.py
[2024-03-04T15:53:24.703+0000] {processor.py:840} INFO - DAG(s) 'example_bash_operator' retrieved from /home/airflow/.local/lib/python3.11/site-packages/airflow/example_dags/example_bash_operator.py
[2024-03-04T15:53:24.715+0000] {logging_mixin.py:188} INFO - [2024-03-04T15:53:24.715+0000] {dag.py:3047} INFO - Sync 1 DAGs
[2024-03-04T15:53:24.730+0000] {logging_mixin.py:188} INFO - [2024-03-04T15:53:24.730+0000] {dag.py:3834} INFO - Setting next_dagrun for example_bash_operator to 2024-03-03 00:00:00+00:00, run_after=2024-03-04 00:00:00+00:00
[2024-03-04T15:53:24.738+0000] {processor.py:183} INFO - Processing /home/airflow/.local/lib/python3.11/site-packages/airflow/example_dags/example_bash_operator.py took 0.046 seconds
[2024-03-04T15:53:55.670+0000] {processor.py:161} INFO - Started process (PID=258) to work on /home/airflow/.local/lib/python3.11/site-packages/airflow/example_dags/example_bash_operator.py
[2024-03-04T15:53:55.671+0000] {processor.py:830} INFO - Processing file /home/airflow/.local/lib/python3.11/site-packages/airflow/example_dags/example_bash_operator.py for tasks to queue
[2024-03-04T15:53:55.672+0000] {logging_mixin.py:188} INFO - [2024-03-04T15:53:55.672+0000] {dagbag.py:540} INFO - Filling up the DagBag from /home/airflow/.local/lib/python3.11/site-packages/airflow/example_dags/example_bash_operator.py
[2024-03-04T15:53:55.677+0000] {processor.py:840} INFO - DAG(s) 'example_bash_operator' retrieved from /home/airflow/.local/lib/python3.11/site-packages/airflow/example_dags/example_bash_operator.py
[2024-03-04T15:53:55.688+0000] {logging_mixin.py:188} INFO - [2024-03-04T15:53:55.688+0000] {dag.py:3047} INFO - Sync 1 DAGs
[2024-03-04T15:53:55.697+0000] {logging_mixin.py:188} INFO - [2024-03-04T15:53:55.697+0000] {dag.py:3834} INFO - Setting next_dagrun for example_bash_operator to 2024-03-03 00:00:00+00:00, run_after=2024-03-04 00:00:00+00:00
[2024-03-04T15:53:55.703+0000] {processor.py:183} INFO - Processing /home/airflow/.local/lib/python3.11/site-packages/airflow/example_dags/example_bash_operator.py took 0.034 seconds
[2024-03-04T15:54:26.543+0000] {processor.py:161} INFO - Started process (PID=313) to work on /home/airflow/.local/lib/python3.11/site-packages/airflow/example_dags/example_bash_operator.py
[2024-03-04T15:54:26.544+0000] {processor.py:830} INFO - Processing file /home/airflow/.local/lib/python3.11/site-packages/airflow/example_dags/example_bash_operator.py for tasks to queue
[2024-03-04T15:54:26.545+0000] {logging_mixin.py:188} INFO - [2024-03-04T15:54:26.545+0000] {dagbag.py:540} INFO - Filling up the DagBag from /home/airflow/.local/lib/python3.11/site-packages/airflow/example_dags/example_bash_operator.py
[2024-03-04T15:54:26.550+0000] {processor.py:840} INFO - DAG(s) 'example_bash_operator' retrieved from /home/airflow/.local/lib/python3.11/site-packages/airflow/example_dags/example_bash_operator.py
[2024-03-04T15:54:26.560+0000] {logging_mixin.py:188} INFO - [2024-03-04T15:54:26.560+0000] {dag.py:3047} INFO - Sync 1 DAGs
[2024-03-04T15:54:26.568+0000] {logging_mixin.py:188} INFO - [2024-03-04T15:54:26.568+0000] {dag.py:3834} INFO - Setting next_dagrun for example_bash_operator to 2024-03-03 00:00:00+00:00, run_after=2024-03-04 00:00:00+00:00
[2024-03-04T15:54:26.573+0000] {processor.py:183} INFO - Processing /home/airflow/.local/lib/python3.11/site-packages/airflow/example_dags/example_bash_operator.py took 0.032 seconds
[2024-03-04T15:54:57.143+0000] {processor.py:161} INFO - Started process (PID=368) to work on /home/airflow/.local/lib/python3.11/site-packages/airflow/example_dags/example_bash_operator.py
[2024-03-04T15:54:57.144+0000] {processor.py:830} INFO - Processing file /home/airflow/.local/lib/python3.11/site-packages/airflow/example_dags/example_bash_operator.py for tasks to queue
[2024-03-04T15:54:57.144+0000] {logging_mixin.py:188} INFO - [2024-03-04T15:54:57.144+0000] {dagbag.py:540} INFO - Filling up the DagBag from /home/airflow/.local/lib/python3.11/site-packages/airflow/example_dags/example_bash_operator.py
[2024-03-04T15:54:57.150+0000] {processor.py:840} INFO - DAG(s) 'example_bash_operator' retrieved from /home/airflow/.local/lib/python3.11/site-packages/airflow/example_dags/example_bash_operator.py
[2024-03-04T15:54:57.160+0000] {logging_mixin.py:188} INFO - [2024-03-04T15:54:57.159+0000] {dag.py:3047} INFO - Sync 1 DAGs
[2024-03-04T15:54:57.168+0000] {logging_mixin.py:188} INFO - [2024-03-04T15:54:57.168+0000] {dag.py:3834} INFO - Setting next_dagrun for example_bash_operator to 2024-03-03 00:00:00+00:00, run_after=2024-03-04 00:00:00+00:00
[2024-03-04T15:54:57.174+0000] {processor.py:183} INFO - Processing /home/airflow/.local/lib/python3.11/site-packages/airflow/example_dags/example_bash_operator.py took 0.032 seconds
[2024-03-04T15:55:27.899+0000] {processor.py:161} INFO - Started process (PID=423) to work on /home/airflow/.local/lib/python3.11/site-packages/airflow/example_dags/example_bash_operator.py
[2024-03-04T15:55:27.900+0000] {processor.py:830} INFO - Processing file /home/airflow/.local/lib/python3.11/site-packages/airflow/example_dags/example_bash_operator.py for tasks to queue
[2024-03-04T15:55:27.900+0000] {logging_mixin.py:188} INFO - [2024-03-04T15:55:27.900+0000] {dagbag.py:540} INFO - Filling up the DagBag from /home/airflow/.local/lib/python3.11/site-packages/airflow/example_dags/example_bash_operator.py
[2024-03-04T15:55:27.905+0000] {processor.py:840} INFO - DAG(s) 'example_bash_operator' retrieved from /home/airflow/.local/lib/python3.11/site-packages/airflow/example_dags/example_bash_operator.py
[2024-03-04T15:55:27.916+0000] {logging_mixin.py:188} INFO - [2024-03-04T15:55:27.916+0000] {dag.py:3047} INFO - Sync 1 DAGs
[2024-03-04T15:55:27.924+0000] {logging_mixin.py:188} INFO - [2024-03-04T15:55:27.924+0000] {dag.py:3834} INFO - Setting next_dagrun for example_bash_operator to 2024-03-03 00:00:00+00:00, run_after=2024-03-04 00:00:00+00:00
[2024-03-04T15:55:27.930+0000] {processor.py:183} INFO - Processing /home/airflow/.local/lib/python3.11/site-packages/airflow/example_dags/example_bash_operator.py took 0.032 seconds
[2024-03-04T15:55:58.725+0000] {processor.py:161} INFO - Started process (PID=478) to work on /home/airflow/.local/lib/python3.11/site-packages/airflow/example_dags/example_bash_operator.py
[2024-03-04T15:55:58.725+0000] {processor.py:830} INFO - Processing file /home/airflow/.local/lib/python3.11/site-packages/airflow/example_dags/example_bash_operator.py for tasks to queue
[2024-03-04T15:55:58.726+0000] {logging_mixin.py:188} INFO - [2024-03-04T15:55:58.726+0000] {dagbag.py:540} INFO - Filling up the DagBag from /home/airflow/.local/lib/python3.11/site-packages/airflow/example_dags/example_bash_operator.py
[2024-03-04T15:55:58.731+0000] {processor.py:840} INFO - DAG(s) 'example_bash_operator' retrieved from /home/airflow/.local/lib/python3.11/site-packages/airflow/example_dags/example_bash_operator.py
[2024-03-04T15:55:58.740+0000] {logging_mixin.py:188} INFO - [2024-03-04T15:55:58.740+0000] {dag.py:3047} INFO - Sync 1 DAGs
[2024-03-04T15:55:58.748+0000] {logging_mixin.py:188} INFO - [2024-03-04T15:55:58.748+0000] {dag.py:3834} INFO - Setting next_dagrun for example_bash_operator to 2024-03-03 00:00:00+00:00, run_after=2024-03-04 00:00:00+00:00
[2024-03-04T15:55:58.754+0000] {processor.py:183} INFO - Processing /home/airflow/.local/lib/python3.11/site-packages/airflow/example_dags/example_bash_operator.py took 0.031 seconds
[2024-03-04T15:56:29.401+0000] {processor.py:161} INFO - Started process (PID=533) to work on /home/airflow/.local/lib/python3.11/site-packages/airflow/example_dags/example_bash_operator.py
[2024-03-04T15:56:29.401+0000] {processor.py:830} INFO - Processing file /home/airflow/.local/lib/python3.11/site-packages/airflow/example_dags/example_bash_operator.py for tasks to queue
[2024-03-04T15:56:29.402+0000] {logging_mixin.py:188} INFO - [2024-03-04T15:56:29.402+0000] {dagbag.py:540} INFO - Filling up the DagBag from /home/airflow/.local/lib/python3.11/site-packages/airflow/example_dags/example_bash_operator.py
[2024-03-04T15:56:29.407+0000] {processor.py:840} INFO - DAG(s) 'example_bash_operator' retrieved from /home/airflow/.local/lib/python3.11/site-packages/airflow/example_dags/example_bash_operator.py
[2024-03-04T15:56:29.417+0000] {logging_mixin.py:188} INFO - [2024-03-04T15:56:29.417+0000] {dag.py:3047} INFO - Sync 1 DAGs
[2024-03-04T15:56:29.425+0000] {logging_mixin.py:188} INFO - [2024-03-04T15:56:29.425+0000] {dag.py:3834} INFO - Setting next_dagrun for example_bash_operator to 2024-03-03 00:00:00+00:00, run_after=2024-03-04 00:00:00+00:00
[2024-03-04T15:56:29.431+0000] {processor.py:183} INFO - Processing /home/airflow/.local/lib/python3.11/site-packages/airflow/example_dags/example_bash_operator.py took 0.032 seconds
[2024-03-04T15:57:00.131+0000] {processor.py:161} INFO - Started process (PID=588) to work on /home/airflow/.local/lib/python3.11/site-packages/airflow/example_dags/example_bash_operator.py
[2024-03-04T15:57:00.131+0000] {processor.py:830} INFO - Processing file /home/airflow/.local/lib/python3.11/site-packages/airflow/example_dags/example_bash_operator.py for tasks to queue
[2024-03-04T15:57:00.132+0000] {logging_mixin.py:188} INFO - [2024-03-04T15:57:00.132+0000] {dagbag.py:540} INFO - Filling up the DagBag from /home/airflow/.local/lib/python3.11/site-packages/airflow/example_dags/example_bash_operator.py
[2024-03-04T15:57:00.137+0000] {processor.py:840} INFO - DAG(s) 'example_bash_operator' retrieved from /home/airflow/.local/lib/python3.11/site-packages/airflow/example_dags/example_bash_operator.py
[2024-03-04T15:57:00.147+0000] {logging_mixin.py:188} INFO - [2024-03-04T15:57:00.147+0000] {dag.py:3047} INFO - Sync 1 DAGs
[2024-03-04T15:57:00.155+0000] {logging_mixin.py:188} INFO - [2024-03-04T15:57:00.155+0000] {dag.py:3834} INFO - Setting next_dagrun for example_bash_operator to 2024-03-03 00:00:00+00:00, run_after=2024-03-04 00:00:00+00:00
[2024-03-04T15:57:00.162+0000] {processor.py:183} INFO - Processing /home/airflow/.local/lib/python3.11/site-packages/airflow/example_dags/example_bash_operator.py took 0.032 seconds
[2024-03-04T15:57:30.813+0000] {processor.py:161} INFO - Started process (PID=643) to work on /home/airflow/.local/lib/python3.11/site-packages/airflow/example_dags/example_bash_operator.py
[2024-03-04T15:57:30.813+0000] {processor.py:830} INFO - Processing file /home/airflow/.local/lib/python3.11/site-packages/airflow/example_dags/example_bash_operator.py for tasks to queue
[2024-03-04T15:57:30.814+0000] {logging_mixin.py:188} INFO - [2024-03-04T15:57:30.814+0000] {dagbag.py:540} INFO - Filling up the DagBag from /home/airflow/.local/lib/python3.11/site-packages/airflow/example_dags/example_bash_operator.py
[2024-03-04T15:57:30.819+0000] {processor.py:840} INFO - DAG(s) 'example_bash_operator' retrieved from /home/airflow/.local/lib/python3.11/site-packages/airflow/example_dags/example_bash_operator.py
[2024-03-04T15:57:30.829+0000] {logging_mixin.py:188} INFO - [2024-03-04T15:57:30.829+0000] {dag.py:3047} INFO - Sync 1 DAGs
[2024-03-04T15:57:30.838+0000] {logging_mixin.py:188} INFO - [2024-03-04T15:57:30.838+0000] {dag.py:3834} INFO - Setting next_dagrun for example_bash_operator to 2024-03-03 00:00:00+00:00, run_after=2024-03-04 00:00:00+00:00
[2024-03-04T15:57:30.844+0000] {processor.py:183} INFO - Processing /home/airflow/.local/lib/python3.11/site-packages/airflow/example_dags/example_bash_operator.py took 0.033 seconds
[2024-03-04T15:58:01.567+0000] {processor.py:161} INFO - Started process (PID=698) to work on /home/airflow/.local/lib/python3.11/site-packages/airflow/example_dags/example_bash_operator.py
[2024-03-04T15:58:01.567+0000] {processor.py:830} INFO - Processing file /home/airflow/.local/lib/python3.11/site-packages/airflow/example_dags/example_bash_operator.py for tasks to queue
[2024-03-04T15:58:01.568+0000] {logging_mixin.py:188} INFO - [2024-03-04T15:58:01.568+0000] {dagbag.py:540} INFO - Filling up the DagBag from /home/airflow/.local/lib/python3.11/site-packages/airflow/example_dags/example_bash_operator.py
[2024-03-04T15:58:01.573+0000] {processor.py:840} INFO - DAG(s) 'example_bash_operator' retrieved from /home/airflow/.local/lib/python3.11/site-packages/airflow/example_dags/example_bash_operator.py
[2024-03-04T15:58:01.583+0000] {logging_mixin.py:188} INFO - [2024-03-04T15:58:01.583+0000] {dag.py:3047} INFO - Sync 1 DAGs
[2024-03-04T15:58:01.591+0000] {logging_mixin.py:188} INFO - [2024-03-04T15:58:01.591+0000] {dag.py:3834} INFO - Setting next_dagrun for example_bash_operator to 2024-03-03 00:00:00+00:00, run_after=2024-03-04 00:00:00+00:00
[2024-03-04T15:58:01.598+0000] {processor.py:183} INFO - Processing /home/airflow/.local/lib/python3.11/site-packages/airflow/example_dags/example_bash_operator.py took 0.032 seconds
[2024-03-04T15:58:32.194+0000] {processor.py:161} INFO - Started process (PID=753) to work on /home/airflow/.local/lib/python3.11/site-packages/airflow/example_dags/example_bash_operator.py
[2024-03-04T15:58:32.195+0000] {processor.py:830} INFO - Processing file /home/airflow/.local/lib/python3.11/site-packages/airflow/example_dags/example_bash_operator.py for tasks to queue
[2024-03-04T15:58:32.195+0000] {logging_mixin.py:188} INFO - [2024-03-04T15:58:32.195+0000] {dagbag.py:540} INFO - Filling up the DagBag from /home/airflow/.local/lib/python3.11/site-packages/airflow/example_dags/example_bash_operator.py
[2024-03-04T15:58:32.200+0000] {processor.py:840} INFO - DAG(s) 'example_bash_operator' retrieved from /home/airflow/.local/lib/python3.11/site-packages/airflow/example_dags/example_bash_operator.py
[2024-03-04T15:58:32.210+0000] {logging_mixin.py:188} INFO - [2024-03-04T15:58:32.210+0000] {dag.py:3047} INFO - Sync 1 DAGs
[2024-03-04T15:58:32.219+0000] {logging_mixin.py:188} INFO - [2024-03-04T15:58:32.218+0000] {dag.py:3834} INFO - Setting next_dagrun for example_bash_operator to 2024-03-03 00:00:00+00:00, run_after=2024-03-04 00:00:00+00:00
[2024-03-04T15:58:32.226+0000] {processor.py:183} INFO - Processing /home/airflow/.local/lib/python3.11/site-packages/airflow/example_dags/example_bash_operator.py took 0.033 seconds
[2024-03-04T15:59:03.012+0000] {processor.py:161} INFO - Started process (PID=808) to work on /home/airflow/.local/lib/python3.11/site-packages/airflow/example_dags/example_bash_operator.py
[2024-03-04T15:59:03.013+0000] {processor.py:830} INFO - Processing file /home/airflow/.local/lib/python3.11/site-packages/airflow/example_dags/example_bash_operator.py for tasks to queue
[2024-03-04T15:59:03.014+0000] {logging_mixin.py:188} INFO - [2024-03-04T15:59:03.013+0000] {dagbag.py:540} INFO - Filling up the DagBag from /home/airflow/.local/lib/python3.11/site-packages/airflow/example_dags/example_bash_operator.py
[2024-03-04T15:59:03.019+0000] {processor.py:840} INFO - DAG(s) 'example_bash_operator' retrieved from /home/airflow/.local/lib/python3.11/site-packages/airflow/example_dags/example_bash_operator.py
[2024-03-04T15:59:03.028+0000] {logging_mixin.py:188} INFO - [2024-03-04T15:59:03.028+0000] {dag.py:3047} INFO - Sync 1 DAGs
[2024-03-04T15:59:03.036+0000] {logging_mixin.py:188} INFO - [2024-03-04T15:59:03.036+0000] {dag.py:3834} INFO - Setting next_dagrun for example_bash_operator to 2024-03-03 00:00:00+00:00, run_after=2024-03-04 00:00:00+00:00
[2024-03-04T15:59:03.042+0000] {processor.py:183} INFO - Processing /home/airflow/.local/lib/python3.11/site-packages/airflow/example_dags/example_bash_operator.py took 0.032 seconds
[2024-03-04T15:59:33.539+0000] {processor.py:161} INFO - Started process (PID=863) to work on /home/airflow/.local/lib/python3.11/site-packages/airflow/example_dags/example_bash_operator.py
[2024-03-04T15:59:33.540+0000] {processor.py:830} INFO - Processing file /home/airflow/.local/lib/python3.11/site-packages/airflow/example_dags/example_bash_operator.py for tasks to queue
[2024-03-04T15:59:33.541+0000] {logging_mixin.py:188} INFO - [2024-03-04T15:59:33.541+0000] {dagbag.py:540} INFO - Filling up the DagBag from /home/airflow/.local/lib/python3.11/site-packages/airflow/example_dags/example_bash_operator.py
[2024-03-04T15:59:33.546+0000] {processor.py:840} INFO - DAG(s) 'example_bash_operator' retrieved from /home/airflow/.local/lib/python3.11/site-packages/airflow/example_dags/example_bash_operator.py
[2024-03-04T15:59:33.556+0000] {logging_mixin.py:188} INFO - [2024-03-04T15:59:33.556+0000] {dag.py:3047} INFO - Sync 1 DAGs
[2024-03-04T15:59:33.564+0000] {logging_mixin.py:188} INFO - [2024-03-04T15:59:33.564+0000] {dag.py:3834} INFO - Setting next_dagrun for example_bash_operator to 2024-03-03 00:00:00+00:00, run_after=2024-03-04 00:00:00+00:00
[2024-03-04T15:59:33.570+0000] {processor.py:183} INFO - Processing /home/airflow/.local/lib/python3.11/site-packages/airflow/example_dags/example_bash_operator.py took 0.032 seconds
[2024-03-04T16:00:04.206+0000] {processor.py:161} INFO - Started process (PID=918) to work on /home/airflow/.local/lib/python3.11/site-packages/airflow/example_dags/example_bash_operator.py
[2024-03-04T16:00:04.206+0000] {processor.py:830} INFO - Processing file /home/airflow/.local/lib/python3.11/site-packages/airflow/example_dags/example_bash_operator.py for tasks to queue
[2024-03-04T16:00:04.207+0000] {logging_mixin.py:188} INFO - [2024-03-04T16:00:04.207+0000] {dagbag.py:540} INFO - Filling up the DagBag from /home/airflow/.local/lib/python3.11/site-packages/airflow/example_dags/example_bash_operator.py
[2024-03-04T16:00:04.212+0000] {processor.py:840} INFO - DAG(s) 'example_bash_operator' retrieved from /home/airflow/.local/lib/python3.11/site-packages/airflow/example_dags/example_bash_operator.py
[2024-03-04T16:00:04.221+0000] {logging_mixin.py:188} INFO - [2024-03-04T16:00:04.221+0000] {dag.py:3047} INFO - Sync 1 DAGs
[2024-03-04T16:00:04.229+0000] {logging_mixin.py:188} INFO - [2024-03-04T16:00:04.229+0000] {dag.py:3834} INFO - Setting next_dagrun for example_bash_operator to 2024-03-03 00:00:00+00:00, run_after=2024-03-04 00:00:00+00:00
[2024-03-04T16:00:04.235+0000] {processor.py:183} INFO - Processing /home/airflow/.local/lib/python3.11/site-packages/airflow/example_dags/example_bash_operator.py took 0.031 seconds
[2024-03-04T16:00:35.024+0000] {processor.py:161} INFO - Started process (PID=972) to work on /home/airflow/.local/lib/python3.11/site-packages/airflow/example_dags/example_bash_operator.py
[2024-03-04T16:00:35.025+0000] {processor.py:830} INFO - Processing file /home/airflow/.local/lib/python3.11/site-packages/airflow/example_dags/example_bash_operator.py for tasks to queue
[2024-03-04T16:00:35.025+0000] {logging_mixin.py:188} INFO - [2024-03-04T16:00:35.025+0000] {dagbag.py:540} INFO - Filling up the DagBag from /home/airflow/.local/lib/python3.11/site-packages/airflow/example_dags/example_bash_operator.py
[2024-03-04T16:00:35.031+0000] {processor.py:840} INFO - DAG(s) 'example_bash_operator' retrieved from /home/airflow/.local/lib/python3.11/site-packages/airflow/example_dags/example_bash_operator.py
[2024-03-04T16:00:35.041+0000] {logging_mixin.py:188} INFO - [2024-03-04T16:00:35.041+0000] {dag.py:3047} INFO - Sync 1 DAGs
[2024-03-04T16:00:35.064+0000] {logging_mixin.py:188} INFO - [2024-03-04T16:00:35.064+0000] {dag.py:3834} INFO - Setting next_dagrun for example_bash_operator to 2024-03-03 00:00:00+00:00, run_after=2024-03-04 00:00:00+00:00
[2024-03-04T16:00:35.105+0000] {processor.py:183} INFO - Processing /home/airflow/.local/lib/python3.11/site-packages/airflow/example_dags/example_bash_operator.py took 0.082 seconds
[2024-03-04T16:01:05.716+0000] {processor.py:161} INFO - Started process (PID=1027) to work on /home/airflow/.local/lib/python3.11/site-packages/airflow/example_dags/example_bash_operator.py
[2024-03-04T16:01:05.717+0000] {processor.py:830} INFO - Processing file /home/airflow/.local/lib/python3.11/site-packages/airflow/example_dags/example_bash_operator.py for tasks to queue
[2024-03-04T16:01:05.718+0000] {logging_mixin.py:188} INFO - [2024-03-04T16:01:05.718+0000] {dagbag.py:540} INFO - Filling up the DagBag from /home/airflow/.local/lib/python3.11/site-packages/airflow/example_dags/example_bash_operator.py
[2024-03-04T16:01:05.723+0000] {processor.py:840} INFO - DAG(s) 'example_bash_operator' retrieved from /home/airflow/.local/lib/python3.11/site-packages/airflow/example_dags/example_bash_operator.py
[2024-03-04T16:01:05.733+0000] {logging_mixin.py:188} INFO - [2024-03-04T16:01:05.733+0000] {dag.py:3047} INFO - Sync 1 DAGs
[2024-03-04T16:01:05.741+0000] {logging_mixin.py:188} INFO - [2024-03-04T16:01:05.741+0000] {dag.py:3834} INFO - Setting next_dagrun for example_bash_operator to 2024-03-03 00:00:00+00:00, run_after=2024-03-04 00:00:00+00:00
[2024-03-04T16:01:05.747+0000] {processor.py:183} INFO - Processing /home/airflow/.local/lib/python3.11/site-packages/airflow/example_dags/example_bash_operator.py took 0.032 seconds
[2024-03-04T16:01:36.594+0000] {processor.py:161} INFO - Started process (PID=1082) to work on /home/airflow/.local/lib/python3.11/site-packages/airflow/example_dags/example_bash_operator.py
[2024-03-04T16:01:36.595+0000] {processor.py:830} INFO - Processing file /home/airflow/.local/lib/python3.11/site-packages/airflow/example_dags/example_bash_operator.py for tasks to queue
[2024-03-04T16:01:36.596+0000] {logging_mixin.py:188} INFO - [2024-03-04T16:01:36.596+0000] {dagbag.py:540} INFO - Filling up the DagBag from /home/airflow/.local/lib/python3.11/site-packages/airflow/example_dags/example_bash_operator.py
[2024-03-04T16:01:36.604+0000] {processor.py:840} INFO - DAG(s) 'example_bash_operator' retrieved from /home/airflow/.local/lib/python3.11/site-packages/airflow/example_dags/example_bash_operator.py
[2024-03-04T16:01:36.618+0000] {logging_mixin.py:188} INFO - [2024-03-04T16:01:36.618+0000] {dag.py:3047} INFO - Sync 1 DAGs
[2024-03-04T16:01:36.629+0000] {logging_mixin.py:188} INFO - [2024-03-04T16:01:36.629+0000] {dag.py:3834} INFO - Setting next_dagrun for example_bash_operator to 2024-03-03 00:00:00+00:00, run_after=2024-03-04 00:00:00+00:00
[2024-03-04T16:01:36.637+0000] {processor.py:183} INFO - Processing /home/airflow/.local/lib/python3.11/site-packages/airflow/example_dags/example_bash_operator.py took 0.045 seconds
[2024-03-04T16:02:07.408+0000] {processor.py:161} INFO - Started process (PID=1137) to work on /home/airflow/.local/lib/python3.11/site-packages/airflow/example_dags/example_bash_operator.py
[2024-03-04T16:02:07.409+0000] {processor.py:830} INFO - Processing file /home/airflow/.local/lib/python3.11/site-packages/airflow/example_dags/example_bash_operator.py for tasks to queue
[2024-03-04T16:02:07.410+0000] {logging_mixin.py:188} INFO - [2024-03-04T16:02:07.410+0000] {dagbag.py:540} INFO - Filling up the DagBag from /home/airflow/.local/lib/python3.11/site-packages/airflow/example_dags/example_bash_operator.py
[2024-03-04T16:02:07.416+0000] {processor.py:840} INFO - DAG(s) 'example_bash_operator' retrieved from /home/airflow/.local/lib/python3.11/site-packages/airflow/example_dags/example_bash_operator.py
[2024-03-04T16:02:07.429+0000] {logging_mixin.py:188} INFO - [2024-03-04T16:02:07.429+0000] {dag.py:3047} INFO - Sync 1 DAGs
[2024-03-04T16:02:07.438+0000] {logging_mixin.py:188} INFO - [2024-03-04T16:02:07.438+0000] {dag.py:3834} INFO - Setting next_dagrun for example_bash_operator to 2024-03-03 00:00:00+00:00, run_after=2024-03-04 00:00:00+00:00
[2024-03-04T16:02:07.446+0000] {processor.py:183} INFO - Processing /home/airflow/.local/lib/python3.11/site-packages/airflow/example_dags/example_bash_operator.py took 0.039 seconds
[2024-03-04T16:02:38.169+0000] {processor.py:161} INFO - Started process (PID=1192) to work on /home/airflow/.local/lib/python3.11/site-packages/airflow/example_dags/example_bash_operator.py
[2024-03-04T16:02:38.170+0000] {processor.py:830} INFO - Processing file /home/airflow/.local/lib/python3.11/site-packages/airflow/example_dags/example_bash_operator.py for tasks to queue
[2024-03-04T16:02:38.171+0000] {logging_mixin.py:188} INFO - [2024-03-04T16:02:38.170+0000] {dagbag.py:540} INFO - Filling up the DagBag from /home/airflow/.local/lib/python3.11/site-packages/airflow/example_dags/example_bash_operator.py
[2024-03-04T16:02:38.177+0000] {processor.py:840} INFO - DAG(s) 'example_bash_operator' retrieved from /home/airflow/.local/lib/python3.11/site-packages/airflow/example_dags/example_bash_operator.py
[2024-03-04T16:02:38.188+0000] {logging_mixin.py:188} INFO - [2024-03-04T16:02:38.188+0000] {dag.py:3047} INFO - Sync 1 DAGs
[2024-03-04T16:02:38.197+0000] {logging_mixin.py:188} INFO - [2024-03-04T16:02:38.197+0000] {dag.py:3834} INFO - Setting next_dagrun for example_bash_operator to 2024-03-03 00:00:00+00:00, run_after=2024-03-04 00:00:00+00:00
[2024-03-04T16:02:38.205+0000] {processor.py:183} INFO - Processing /home/airflow/.local/lib/python3.11/site-packages/airflow/example_dags/example_bash_operator.py took 0.038 seconds
[2024-03-04T16:03:08.857+0000] {processor.py:161} INFO - Started process (PID=1247) to work on /home/airflow/.local/lib/python3.11/site-packages/airflow/example_dags/example_bash_operator.py
[2024-03-04T16:03:08.857+0000] {processor.py:830} INFO - Processing file /home/airflow/.local/lib/python3.11/site-packages/airflow/example_dags/example_bash_operator.py for tasks to queue
[2024-03-04T16:03:08.858+0000] {logging_mixin.py:188} INFO - [2024-03-04T16:03:08.858+0000] {dagbag.py:540} INFO - Filling up the DagBag from /home/airflow/.local/lib/python3.11/site-packages/airflow/example_dags/example_bash_operator.py
[2024-03-04T16:03:08.863+0000] {processor.py:840} INFO - DAG(s) 'example_bash_operator' retrieved from /home/airflow/.local/lib/python3.11/site-packages/airflow/example_dags/example_bash_operator.py
[2024-03-04T16:03:08.873+0000] {logging_mixin.py:188} INFO - [2024-03-04T16:03:08.873+0000] {dag.py:3047} INFO - Sync 1 DAGs
[2024-03-04T16:03:08.881+0000] {logging_mixin.py:188} INFO - [2024-03-04T16:03:08.881+0000] {dag.py:3834} INFO - Setting next_dagrun for example_bash_operator to 2024-03-03 00:00:00+00:00, run_after=2024-03-04 00:00:00+00:00
[2024-03-04T16:03:08.887+0000] {processor.py:183} INFO - Processing /home/airflow/.local/lib/python3.11/site-packages/airflow/example_dags/example_bash_operator.py took 0.032 seconds
[2024-03-04T16:03:39.668+0000] {processor.py:161} INFO - Started process (PID=1302) to work on /home/airflow/.local/lib/python3.11/site-packages/airflow/example_dags/example_bash_operator.py
[2024-03-04T16:03:39.669+0000] {processor.py:830} INFO - Processing file /home/airflow/.local/lib/python3.11/site-packages/airflow/example_dags/example_bash_operator.py for tasks to queue
[2024-03-04T16:03:39.670+0000] {logging_mixin.py:188} INFO - [2024-03-04T16:03:39.670+0000] {dagbag.py:540} INFO - Filling up the DagBag from /home/airflow/.local/lib/python3.11/site-packages/airflow/example_dags/example_bash_operator.py
[2024-03-04T16:03:39.676+0000] {processor.py:840} INFO - DAG(s) 'example_bash_operator' retrieved from /home/airflow/.local/lib/python3.11/site-packages/airflow/example_dags/example_bash_operator.py
[2024-03-04T16:03:39.687+0000] {logging_mixin.py:188} INFO - [2024-03-04T16:03:39.687+0000] {dag.py:3047} INFO - Sync 1 DAGs
[2024-03-04T16:03:39.696+0000] {logging_mixin.py:188} INFO - [2024-03-04T16:03:39.696+0000] {dag.py:3834} INFO - Setting next_dagrun for example_bash_operator to 2024-03-03 00:00:00+00:00, run_after=2024-03-04 00:00:00+00:00
[2024-03-04T16:03:39.702+0000] {processor.py:183} INFO - Processing /home/airflow/.local/lib/python3.11/site-packages/airflow/example_dags/example_bash_operator.py took 0.035 seconds
[2024-03-04T16:04:09.820+0000] {processor.py:161} INFO - Started process (PID=1357) to work on /home/airflow/.local/lib/python3.11/site-packages/airflow/example_dags/example_bash_operator.py
[2024-03-04T16:04:09.820+0000] {processor.py:830} INFO - Processing file /home/airflow/.local/lib/python3.11/site-packages/airflow/example_dags/example_bash_operator.py for tasks to queue
[2024-03-04T16:04:09.821+0000] {logging_mixin.py:188} INFO - [2024-03-04T16:04:09.821+0000] {dagbag.py:540} INFO - Filling up the DagBag from /home/airflow/.local/lib/python3.11/site-packages/airflow/example_dags/example_bash_operator.py
[2024-03-04T16:04:09.826+0000] {processor.py:840} INFO - DAG(s) 'example_bash_operator' retrieved from /home/airflow/.local/lib/python3.11/site-packages/airflow/example_dags/example_bash_operator.py
[2024-03-04T16:04:09.837+0000] {logging_mixin.py:188} INFO - [2024-03-04T16:04:09.837+0000] {dag.py:3047} INFO - Sync 1 DAGs
[2024-03-04T16:04:09.848+0000] {logging_mixin.py:188} INFO - [2024-03-04T16:04:09.848+0000] {dag.py:3834} INFO - Setting next_dagrun for example_bash_operator to 2024-03-03 00:00:00+00:00, run_after=2024-03-04 00:00:00+00:00
[2024-03-04T16:04:09.854+0000] {processor.py:183} INFO - Processing /home/airflow/.local/lib/python3.11/site-packages/airflow/example_dags/example_bash_operator.py took 0.036 seconds
[2024-03-04T16:04:40.021+0000] {processor.py:161} INFO - Started process (PID=1412) to work on /home/airflow/.local/lib/python3.11/site-packages/airflow/example_dags/example_bash_operator.py
[2024-03-04T16:04:40.022+0000] {processor.py:830} INFO - Processing file /home/airflow/.local/lib/python3.11/site-packages/airflow/example_dags/example_bash_operator.py for tasks to queue
[2024-03-04T16:04:40.022+0000] {logging_mixin.py:188} INFO - [2024-03-04T16:04:40.022+0000] {dagbag.py:540} INFO - Filling up the DagBag from /home/airflow/.local/lib/python3.11/site-packages/airflow/example_dags/example_bash_operator.py
[2024-03-04T16:04:40.028+0000] {processor.py:840} INFO - DAG(s) 'example_bash_operator' retrieved from /home/airflow/.local/lib/python3.11/site-packages/airflow/example_dags/example_bash_operator.py
[2024-03-04T16:04:40.038+0000] {logging_mixin.py:188} INFO - [2024-03-04T16:04:40.037+0000] {dag.py:3047} INFO - Sync 1 DAGs
[2024-03-04T16:04:40.046+0000] {logging_mixin.py:188} INFO - [2024-03-04T16:04:40.046+0000] {dag.py:3834} INFO - Setting next_dagrun for example_bash_operator to 2024-03-03 00:00:00+00:00, run_after=2024-03-04 00:00:00+00:00
[2024-03-04T16:04:40.052+0000] {processor.py:183} INFO - Processing /home/airflow/.local/lib/python3.11/site-packages/airflow/example_dags/example_bash_operator.py took 0.033 seconds
[2024-03-04T16:05:10.712+0000] {processor.py:161} INFO - Started process (PID=1467) to work on /home/airflow/.local/lib/python3.11/site-packages/airflow/example_dags/example_bash_operator.py
[2024-03-04T16:05:10.712+0000] {processor.py:830} INFO - Processing file /home/airflow/.local/lib/python3.11/site-packages/airflow/example_dags/example_bash_operator.py for tasks to queue
[2024-03-04T16:05:10.713+0000] {logging_mixin.py:188} INFO - [2024-03-04T16:05:10.713+0000] {dagbag.py:540} INFO - Filling up the DagBag from /home/airflow/.local/lib/python3.11/site-packages/airflow/example_dags/example_bash_operator.py
[2024-03-04T16:05:10.718+0000] {processor.py:840} INFO - DAG(s) 'example_bash_operator' retrieved from /home/airflow/.local/lib/python3.11/site-packages/airflow/example_dags/example_bash_operator.py
[2024-03-04T16:05:10.728+0000] {logging_mixin.py:188} INFO - [2024-03-04T16:05:10.727+0000] {dag.py:3047} INFO - Sync 1 DAGs
[2024-03-04T16:05:10.736+0000] {logging_mixin.py:188} INFO - [2024-03-04T16:05:10.736+0000] {dag.py:3834} INFO - Setting next_dagrun for example_bash_operator to 2024-03-03 00:00:00+00:00, run_after=2024-03-04 00:00:00+00:00
[2024-03-04T16:05:10.742+0000] {processor.py:183} INFO - Processing /home/airflow/.local/lib/python3.11/site-packages/airflow/example_dags/example_bash_operator.py took 0.032 seconds
[2024-03-04T16:05:41.635+0000] {processor.py:161} INFO - Started process (PID=1522) to work on /home/airflow/.local/lib/python3.11/site-packages/airflow/example_dags/example_bash_operator.py
[2024-03-04T16:05:41.635+0000] {processor.py:830} INFO - Processing file /home/airflow/.local/lib/python3.11/site-packages/airflow/example_dags/example_bash_operator.py for tasks to queue
[2024-03-04T16:05:41.636+0000] {logging_mixin.py:188} INFO - [2024-03-04T16:05:41.636+0000] {dagbag.py:540} INFO - Filling up the DagBag from /home/airflow/.local/lib/python3.11/site-packages/airflow/example_dags/example_bash_operator.py
[2024-03-04T16:05:41.643+0000] {processor.py:840} INFO - DAG(s) 'example_bash_operator' retrieved from /home/airflow/.local/lib/python3.11/site-packages/airflow/example_dags/example_bash_operator.py
[2024-03-04T16:05:41.653+0000] {logging_mixin.py:188} INFO - [2024-03-04T16:05:41.653+0000] {dag.py:3047} INFO - Sync 1 DAGs
[2024-03-04T16:05:41.661+0000] {logging_mixin.py:188} INFO - [2024-03-04T16:05:41.661+0000] {dag.py:3834} INFO - Setting next_dagrun for example_bash_operator to 2024-03-03 00:00:00+00:00, run_after=2024-03-04 00:00:00+00:00
[2024-03-04T16:05:41.667+0000] {processor.py:183} INFO - Processing /home/airflow/.local/lib/python3.11/site-packages/airflow/example_dags/example_bash_operator.py took 0.034 seconds
[2024-03-04T16:06:11.837+0000] {processor.py:161} INFO - Started process (PID=1577) to work on /home/airflow/.local/lib/python3.11/site-packages/airflow/example_dags/example_bash_operator.py
[2024-03-04T16:06:11.837+0000] {processor.py:830} INFO - Processing file /home/airflow/.local/lib/python3.11/site-packages/airflow/example_dags/example_bash_operator.py for tasks to queue
[2024-03-04T16:06:11.839+0000] {logging_mixin.py:188} INFO - [2024-03-04T16:06:11.839+0000] {dagbag.py:540} INFO - Filling up the DagBag from /home/airflow/.local/lib/python3.11/site-packages/airflow/example_dags/example_bash_operator.py
[2024-03-04T16:06:11.846+0000] {processor.py:840} INFO - DAG(s) 'example_bash_operator' retrieved from /home/airflow/.local/lib/python3.11/site-packages/airflow/example_dags/example_bash_operator.py
[2024-03-04T16:06:11.858+0000] {logging_mixin.py:188} INFO - [2024-03-04T16:06:11.858+0000] {dag.py:3047} INFO - Sync 1 DAGs
[2024-03-04T16:06:11.868+0000] {logging_mixin.py:188} INFO - [2024-03-04T16:06:11.868+0000] {dag.py:3834} INFO - Setting next_dagrun for example_bash_operator to 2024-03-03 00:00:00+00:00, run_after=2024-03-04 00:00:00+00:00
[2024-03-04T16:06:11.875+0000] {processor.py:183} INFO - Processing /home/airflow/.local/lib/python3.11/site-packages/airflow/example_dags/example_bash_operator.py took 0.040 seconds
[2024-03-04T16:06:41.989+0000] {processor.py:161} INFO - Started process (PID=1632) to work on /home/airflow/.local/lib/python3.11/site-packages/airflow/example_dags/example_bash_operator.py
[2024-03-04T16:06:41.990+0000] {processor.py:830} INFO - Processing file /home/airflow/.local/lib/python3.11/site-packages/airflow/example_dags/example_bash_operator.py for tasks to queue
[2024-03-04T16:06:41.991+0000] {logging_mixin.py:188} INFO - [2024-03-04T16:06:41.990+0000] {dagbag.py:540} INFO - Filling up the DagBag from /home/airflow/.local/lib/python3.11/site-packages/airflow/example_dags/example_bash_operator.py
[2024-03-04T16:06:41.996+0000] {processor.py:840} INFO - DAG(s) 'example_bash_operator' retrieved from /home/airflow/.local/lib/python3.11/site-packages/airflow/example_dags/example_bash_operator.py
[2024-03-04T16:06:42.005+0000] {logging_mixin.py:188} INFO - [2024-03-04T16:06:42.005+0000] {dag.py:3047} INFO - Sync 1 DAGs
[2024-03-04T16:06:42.015+0000] {logging_mixin.py:188} INFO - [2024-03-04T16:06:42.015+0000] {dag.py:3834} INFO - Setting next_dagrun for example_bash_operator to 2024-03-03 00:00:00+00:00, run_after=2024-03-04 00:00:00+00:00
[2024-03-04T16:06:42.021+0000] {processor.py:183} INFO - Processing /home/airflow/.local/lib/python3.11/site-packages/airflow/example_dags/example_bash_operator.py took 0.034 seconds
[2024-03-04T16:07:12.810+0000] {processor.py:161} INFO - Started process (PID=1687) to work on /home/airflow/.local/lib/python3.11/site-packages/airflow/example_dags/example_bash_operator.py
[2024-03-04T16:07:12.811+0000] {processor.py:830} INFO - Processing file /home/airflow/.local/lib/python3.11/site-packages/airflow/example_dags/example_bash_operator.py for tasks to queue
[2024-03-04T16:07:12.812+0000] {logging_mixin.py:188} INFO - [2024-03-04T16:07:12.811+0000] {dagbag.py:540} INFO - Filling up the DagBag from /home/airflow/.local/lib/python3.11/site-packages/airflow/example_dags/example_bash_operator.py
[2024-03-04T16:07:12.816+0000] {processor.py:840} INFO - DAG(s) 'example_bash_operator' retrieved from /home/airflow/.local/lib/python3.11/site-packages/airflow/example_dags/example_bash_operator.py
[2024-03-04T16:07:12.826+0000] {logging_mixin.py:188} INFO - [2024-03-04T16:07:12.826+0000] {dag.py:3047} INFO - Sync 1 DAGs
[2024-03-04T16:07:12.834+0000] {logging_mixin.py:188} INFO - [2024-03-04T16:07:12.834+0000] {dag.py:3834} INFO - Setting next_dagrun for example_bash_operator to 2024-03-03 00:00:00+00:00, run_after=2024-03-04 00:00:00+00:00
[2024-03-04T16:07:12.840+0000] {processor.py:183} INFO - Processing /home/airflow/.local/lib/python3.11/site-packages/airflow/example_dags/example_bash_operator.py took 0.032 seconds
[2024-03-04T16:07:43.491+0000] {processor.py:161} INFO - Started process (PID=1742) to work on /home/airflow/.local/lib/python3.11/site-packages/airflow/example_dags/example_bash_operator.py
[2024-03-04T16:07:43.491+0000] {processor.py:830} INFO - Processing file /home/airflow/.local/lib/python3.11/site-packages/airflow/example_dags/example_bash_operator.py for tasks to queue
[2024-03-04T16:07:43.492+0000] {logging_mixin.py:188} INFO - [2024-03-04T16:07:43.492+0000] {dagbag.py:540} INFO - Filling up the DagBag from /home/airflow/.local/lib/python3.11/site-packages/airflow/example_dags/example_bash_operator.py
[2024-03-04T16:07:43.497+0000] {processor.py:840} INFO - DAG(s) 'example_bash_operator' retrieved from /home/airflow/.local/lib/python3.11/site-packages/airflow/example_dags/example_bash_operator.py
[2024-03-04T16:07:43.507+0000] {logging_mixin.py:188} INFO - [2024-03-04T16:07:43.507+0000] {dag.py:3047} INFO - Sync 1 DAGs
[2024-03-04T16:07:43.514+0000] {logging_mixin.py:188} INFO - [2024-03-04T16:07:43.514+0000] {dag.py:3834} INFO - Setting next_dagrun for example_bash_operator to 2024-03-03 00:00:00+00:00, run_after=2024-03-04 00:00:00+00:00
[2024-03-04T16:07:43.521+0000] {processor.py:183} INFO - Processing /home/airflow/.local/lib/python3.11/site-packages/airflow/example_dags/example_bash_operator.py took 0.031 seconds
[2024-03-04T16:08:14.223+0000] {processor.py:161} INFO - Started process (PID=1803) to work on /home/airflow/.local/lib/python3.11/site-packages/airflow/example_dags/example_bash_operator.py
[2024-03-04T16:08:14.224+0000] {processor.py:830} INFO - Processing file /home/airflow/.local/lib/python3.11/site-packages/airflow/example_dags/example_bash_operator.py for tasks to queue
[2024-03-04T16:08:14.225+0000] {logging_mixin.py:188} INFO - [2024-03-04T16:08:14.224+0000] {dagbag.py:540} INFO - Filling up the DagBag from /home/airflow/.local/lib/python3.11/site-packages/airflow/example_dags/example_bash_operator.py
[2024-03-04T16:08:14.230+0000] {processor.py:840} INFO - DAG(s) 'example_bash_operator' retrieved from /home/airflow/.local/lib/python3.11/site-packages/airflow/example_dags/example_bash_operator.py
[2024-03-04T16:08:14.269+0000] {logging_mixin.py:188} INFO - [2024-03-04T16:08:14.268+0000] {dag.py:3047} INFO - Sync 1 DAGs
[2024-03-04T16:08:14.290+0000] {logging_mixin.py:188} INFO - [2024-03-04T16:08:14.290+0000] {dag.py:3834} INFO - Setting next_dagrun for example_bash_operator to 2024-03-03 00:00:00+00:00, run_after=2024-03-04 00:00:00+00:00
[2024-03-04T16:08:14.297+0000] {processor.py:183} INFO - Processing /home/airflow/.local/lib/python3.11/site-packages/airflow/example_dags/example_bash_operator.py took 0.076 seconds
[2024-03-04T16:08:44.873+0000] {processor.py:161} INFO - Started process (PID=1858) to work on /home/airflow/.local/lib/python3.11/site-packages/airflow/example_dags/example_bash_operator.py
[2024-03-04T16:08:44.874+0000] {processor.py:830} INFO - Processing file /home/airflow/.local/lib/python3.11/site-packages/airflow/example_dags/example_bash_operator.py for tasks to queue
[2024-03-04T16:08:44.875+0000] {logging_mixin.py:188} INFO - [2024-03-04T16:08:44.875+0000] {dagbag.py:540} INFO - Filling up the DagBag from /home/airflow/.local/lib/python3.11/site-packages/airflow/example_dags/example_bash_operator.py
[2024-03-04T16:08:44.879+0000] {processor.py:840} INFO - DAG(s) 'example_bash_operator' retrieved from /home/airflow/.local/lib/python3.11/site-packages/airflow/example_dags/example_bash_operator.py
[2024-03-04T16:08:44.889+0000] {logging_mixin.py:188} INFO - [2024-03-04T16:08:44.889+0000] {dag.py:3047} INFO - Sync 1 DAGs
[2024-03-04T16:08:44.897+0000] {logging_mixin.py:188} INFO - [2024-03-04T16:08:44.897+0000] {dag.py:3834} INFO - Setting next_dagrun for example_bash_operator to 2024-03-03 00:00:00+00:00, run_after=2024-03-04 00:00:00+00:00
[2024-03-04T16:08:44.904+0000] {processor.py:183} INFO - Processing /home/airflow/.local/lib/python3.11/site-packages/airflow/example_dags/example_bash_operator.py took 0.032 seconds
[2024-03-04T16:09:15.535+0000] {processor.py:161} INFO - Started process (PID=1913) to work on /home/airflow/.local/lib/python3.11/site-packages/airflow/example_dags/example_bash_operator.py
[2024-03-04T16:09:15.536+0000] {processor.py:830} INFO - Processing file /home/airflow/.local/lib/python3.11/site-packages/airflow/example_dags/example_bash_operator.py for tasks to queue
[2024-03-04T16:09:15.536+0000] {logging_mixin.py:188} INFO - [2024-03-04T16:09:15.536+0000] {dagbag.py:540} INFO - Filling up the DagBag from /home/airflow/.local/lib/python3.11/site-packages/airflow/example_dags/example_bash_operator.py
[2024-03-04T16:09:15.541+0000] {processor.py:840} INFO - DAG(s) 'example_bash_operator' retrieved from /home/airflow/.local/lib/python3.11/site-packages/airflow/example_dags/example_bash_operator.py
[2024-03-04T16:09:15.551+0000] {logging_mixin.py:188} INFO - [2024-03-04T16:09:15.551+0000] {dag.py:3047} INFO - Sync 1 DAGs
[2024-03-04T16:09:15.559+0000] {logging_mixin.py:188} INFO - [2024-03-04T16:09:15.559+0000] {dag.py:3834} INFO - Setting next_dagrun for example_bash_operator to 2024-03-03 00:00:00+00:00, run_after=2024-03-04 00:00:00+00:00
[2024-03-04T16:09:15.565+0000] {processor.py:183} INFO - Processing /home/airflow/.local/lib/python3.11/site-packages/airflow/example_dags/example_bash_operator.py took 0.031 seconds
[2024-03-04T16:09:46.070+0000] {processor.py:161} INFO - Started process (PID=1968) to work on /home/airflow/.local/lib/python3.11/site-packages/airflow/example_dags/example_bash_operator.py
[2024-03-04T16:09:46.071+0000] {processor.py:830} INFO - Processing file /home/airflow/.local/lib/python3.11/site-packages/airflow/example_dags/example_bash_operator.py for tasks to queue
[2024-03-04T16:09:46.072+0000] {logging_mixin.py:188} INFO - [2024-03-04T16:09:46.072+0000] {dagbag.py:540} INFO - Filling up the DagBag from /home/airflow/.local/lib/python3.11/site-packages/airflow/example_dags/example_bash_operator.py
[2024-03-04T16:09:46.077+0000] {processor.py:840} INFO - DAG(s) 'example_bash_operator' retrieved from /home/airflow/.local/lib/python3.11/site-packages/airflow/example_dags/example_bash_operator.py
[2024-03-04T16:09:46.086+0000] {logging_mixin.py:188} INFO - [2024-03-04T16:09:46.086+0000] {dag.py:3047} INFO - Sync 1 DAGs
[2024-03-04T16:09:46.094+0000] {logging_mixin.py:188} INFO - [2024-03-04T16:09:46.094+0000] {dag.py:3834} INFO - Setting next_dagrun for example_bash_operator to 2024-03-03 00:00:00+00:00, run_after=2024-03-04 00:00:00+00:00
[2024-03-04T16:09:46.101+0000] {processor.py:183} INFO - Processing /home/airflow/.local/lib/python3.11/site-packages/airflow/example_dags/example_bash_operator.py took 0.032 seconds
[2024-03-04T16:10:16.812+0000] {processor.py:161} INFO - Started process (PID=2023) to work on /home/airflow/.local/lib/python3.11/site-packages/airflow/example_dags/example_bash_operator.py
[2024-03-04T16:10:16.813+0000] {processor.py:830} INFO - Processing file /home/airflow/.local/lib/python3.11/site-packages/airflow/example_dags/example_bash_operator.py for tasks to queue
[2024-03-04T16:10:16.814+0000] {logging_mixin.py:188} INFO - [2024-03-04T16:10:16.814+0000] {dagbag.py:540} INFO - Filling up the DagBag from /home/airflow/.local/lib/python3.11/site-packages/airflow/example_dags/example_bash_operator.py
[2024-03-04T16:10:16.819+0000] {processor.py:840} INFO - DAG(s) 'example_bash_operator' retrieved from /home/airflow/.local/lib/python3.11/site-packages/airflow/example_dags/example_bash_operator.py
[2024-03-04T16:10:16.830+0000] {logging_mixin.py:188} INFO - [2024-03-04T16:10:16.830+0000] {dag.py:3047} INFO - Sync 1 DAGs
[2024-03-04T16:10:16.838+0000] {logging_mixin.py:188} INFO - [2024-03-04T16:10:16.838+0000] {dag.py:3834} INFO - Setting next_dagrun for example_bash_operator to 2024-03-03 00:00:00+00:00, run_after=2024-03-04 00:00:00+00:00
[2024-03-04T16:10:16.844+0000] {processor.py:183} INFO - Processing /home/airflow/.local/lib/python3.11/site-packages/airflow/example_dags/example_bash_operator.py took 0.034 seconds
[2024-03-04T16:10:47.365+0000] {processor.py:161} INFO - Started process (PID=2078) to work on /home/airflow/.local/lib/python3.11/site-packages/airflow/example_dags/example_bash_operator.py
[2024-03-04T16:10:47.365+0000] {processor.py:830} INFO - Processing file /home/airflow/.local/lib/python3.11/site-packages/airflow/example_dags/example_bash_operator.py for tasks to queue
[2024-03-04T16:10:47.366+0000] {logging_mixin.py:188} INFO - [2024-03-04T16:10:47.366+0000] {dagbag.py:540} INFO - Filling up the DagBag from /home/airflow/.local/lib/python3.11/site-packages/airflow/example_dags/example_bash_operator.py
[2024-03-04T16:10:47.371+0000] {processor.py:840} INFO - DAG(s) 'example_bash_operator' retrieved from /home/airflow/.local/lib/python3.11/site-packages/airflow/example_dags/example_bash_operator.py
[2024-03-04T16:10:47.381+0000] {logging_mixin.py:188} INFO - [2024-03-04T16:10:47.381+0000] {dag.py:3047} INFO - Sync 1 DAGs
[2024-03-04T16:10:47.389+0000] {logging_mixin.py:188} INFO - [2024-03-04T16:10:47.389+0000] {dag.py:3834} INFO - Setting next_dagrun for example_bash_operator to 2024-03-03 00:00:00+00:00, run_after=2024-03-04 00:00:00+00:00
[2024-03-04T16:10:47.396+0000] {processor.py:183} INFO - Processing /home/airflow/.local/lib/python3.11/site-packages/airflow/example_dags/example_bash_operator.py took 0.032 seconds
[2024-03-04T16:11:18.190+0000] {processor.py:161} INFO - Started process (PID=2133) to work on /home/airflow/.local/lib/python3.11/site-packages/airflow/example_dags/example_bash_operator.py
[2024-03-04T16:11:18.190+0000] {processor.py:830} INFO - Processing file /home/airflow/.local/lib/python3.11/site-packages/airflow/example_dags/example_bash_operator.py for tasks to queue
[2024-03-04T16:11:18.191+0000] {logging_mixin.py:188} INFO - [2024-03-04T16:11:18.191+0000] {dagbag.py:540} INFO - Filling up the DagBag from /home/airflow/.local/lib/python3.11/site-packages/airflow/example_dags/example_bash_operator.py
[2024-03-04T16:11:18.196+0000] {processor.py:840} INFO - DAG(s) 'example_bash_operator' retrieved from /home/airflow/.local/lib/python3.11/site-packages/airflow/example_dags/example_bash_operator.py
[2024-03-04T16:11:18.206+0000] {logging_mixin.py:188} INFO - [2024-03-04T16:11:18.206+0000] {dag.py:3047} INFO - Sync 1 DAGs
[2024-03-04T16:11:18.214+0000] {logging_mixin.py:188} INFO - [2024-03-04T16:11:18.214+0000] {dag.py:3834} INFO - Setting next_dagrun for example_bash_operator to 2024-03-03 00:00:00+00:00, run_after=2024-03-04 00:00:00+00:00
[2024-03-04T16:11:18.222+0000] {processor.py:183} INFO - Processing /home/airflow/.local/lib/python3.11/site-packages/airflow/example_dags/example_bash_operator.py took 0.033 seconds
[2024-03-04T16:11:48.804+0000] {processor.py:161} INFO - Started process (PID=2188) to work on /home/airflow/.local/lib/python3.11/site-packages/airflow/example_dags/example_bash_operator.py
[2024-03-04T16:11:48.805+0000] {processor.py:830} INFO - Processing file /home/airflow/.local/lib/python3.11/site-packages/airflow/example_dags/example_bash_operator.py for tasks to queue
[2024-03-04T16:11:48.806+0000] {logging_mixin.py:188} INFO - [2024-03-04T16:11:48.805+0000] {dagbag.py:540} INFO - Filling up the DagBag from /home/airflow/.local/lib/python3.11/site-packages/airflow/example_dags/example_bash_operator.py
[2024-03-04T16:11:48.810+0000] {processor.py:840} INFO - DAG(s) 'example_bash_operator' retrieved from /home/airflow/.local/lib/python3.11/site-packages/airflow/example_dags/example_bash_operator.py
[2024-03-04T16:11:48.820+0000] {logging_mixin.py:188} INFO - [2024-03-04T16:11:48.820+0000] {dag.py:3047} INFO - Sync 1 DAGs
[2024-03-04T16:11:48.828+0000] {logging_mixin.py:188} INFO - [2024-03-04T16:11:48.828+0000] {dag.py:3834} INFO - Setting next_dagrun for example_bash_operator to 2024-03-03 00:00:00+00:00, run_after=2024-03-04 00:00:00+00:00
[2024-03-04T16:11:48.835+0000] {processor.py:183} INFO - Processing /home/airflow/.local/lib/python3.11/site-packages/airflow/example_dags/example_bash_operator.py took 0.032 seconds
[2024-03-04T16:12:19.525+0000] {processor.py:161} INFO - Started process (PID=2243) to work on /home/airflow/.local/lib/python3.11/site-packages/airflow/example_dags/example_bash_operator.py
[2024-03-04T16:12:19.525+0000] {processor.py:830} INFO - Processing file /home/airflow/.local/lib/python3.11/site-packages/airflow/example_dags/example_bash_operator.py for tasks to queue
[2024-03-04T16:12:19.526+0000] {logging_mixin.py:188} INFO - [2024-03-04T16:12:19.526+0000] {dagbag.py:540} INFO - Filling up the DagBag from /home/airflow/.local/lib/python3.11/site-packages/airflow/example_dags/example_bash_operator.py
[2024-03-04T16:12:19.531+0000] {processor.py:840} INFO - DAG(s) 'example_bash_operator' retrieved from /home/airflow/.local/lib/python3.11/site-packages/airflow/example_dags/example_bash_operator.py
[2024-03-04T16:12:19.544+0000] {logging_mixin.py:188} INFO - [2024-03-04T16:12:19.544+0000] {dag.py:3047} INFO - Sync 1 DAGs
[2024-03-04T16:12:19.554+0000] {logging_mixin.py:188} INFO - [2024-03-04T16:12:19.554+0000] {dag.py:3834} INFO - Setting next_dagrun for example_bash_operator to 2024-03-03 00:00:00+00:00, run_after=2024-03-04 00:00:00+00:00
[2024-03-04T16:12:19.560+0000] {processor.py:183} INFO - Processing /home/airflow/.local/lib/python3.11/site-packages/airflow/example_dags/example_bash_operator.py took 0.037 seconds
[2024-03-04T16:12:50.173+0000] {processor.py:161} INFO - Started process (PID=2298) to work on /home/airflow/.local/lib/python3.11/site-packages/airflow/example_dags/example_bash_operator.py
[2024-03-04T16:12:50.174+0000] {processor.py:830} INFO - Processing file /home/airflow/.local/lib/python3.11/site-packages/airflow/example_dags/example_bash_operator.py for tasks to queue
[2024-03-04T16:12:50.175+0000] {logging_mixin.py:188} INFO - [2024-03-04T16:12:50.175+0000] {dagbag.py:540} INFO - Filling up the DagBag from /home/airflow/.local/lib/python3.11/site-packages/airflow/example_dags/example_bash_operator.py
[2024-03-04T16:12:50.180+0000] {processor.py:840} INFO - DAG(s) 'example_bash_operator' retrieved from /home/airflow/.local/lib/python3.11/site-packages/airflow/example_dags/example_bash_operator.py
[2024-03-04T16:12:50.190+0000] {logging_mixin.py:188} INFO - [2024-03-04T16:12:50.190+0000] {dag.py:3047} INFO - Sync 1 DAGs
[2024-03-04T16:12:50.198+0000] {logging_mixin.py:188} INFO - [2024-03-04T16:12:50.198+0000] {dag.py:3834} INFO - Setting next_dagrun for example_bash_operator to 2024-03-03 00:00:00+00:00, run_after=2024-03-04 00:00:00+00:00
[2024-03-04T16:12:50.205+0000] {processor.py:183} INFO - Processing /home/airflow/.local/lib/python3.11/site-packages/airflow/example_dags/example_bash_operator.py took 0.033 seconds
[2024-03-04T16:13:20.791+0000] {processor.py:161} INFO - Started process (PID=2353) to work on /home/airflow/.local/lib/python3.11/site-packages/airflow/example_dags/example_bash_operator.py
[2024-03-04T16:13:20.791+0000] {processor.py:830} INFO - Processing file /home/airflow/.local/lib/python3.11/site-packages/airflow/example_dags/example_bash_operator.py for tasks to queue
[2024-03-04T16:13:20.792+0000] {logging_mixin.py:188} INFO - [2024-03-04T16:13:20.792+0000] {dagbag.py:540} INFO - Filling up the DagBag from /home/airflow/.local/lib/python3.11/site-packages/airflow/example_dags/example_bash_operator.py
[2024-03-04T16:13:20.797+0000] {processor.py:840} INFO - DAG(s) 'example_bash_operator' retrieved from /home/airflow/.local/lib/python3.11/site-packages/airflow/example_dags/example_bash_operator.py
[2024-03-04T16:13:20.807+0000] {logging_mixin.py:188} INFO - [2024-03-04T16:13:20.807+0000] {dag.py:3047} INFO - Sync 1 DAGs
[2024-03-04T16:13:20.814+0000] {logging_mixin.py:188} INFO - [2024-03-04T16:13:20.814+0000] {dag.py:3834} INFO - Setting next_dagrun for example_bash_operator to 2024-03-03 00:00:00+00:00, run_after=2024-03-04 00:00:00+00:00
[2024-03-04T16:13:20.821+0000] {processor.py:183} INFO - Processing /home/airflow/.local/lib/python3.11/site-packages/airflow/example_dags/example_bash_operator.py took 0.031 seconds
[2024-03-04T16:13:51.501+0000] {processor.py:161} INFO - Started process (PID=2408) to work on /home/airflow/.local/lib/python3.11/site-packages/airflow/example_dags/example_bash_operator.py
[2024-03-04T16:13:51.502+0000] {processor.py:830} INFO - Processing file /home/airflow/.local/lib/python3.11/site-packages/airflow/example_dags/example_bash_operator.py for tasks to queue
[2024-03-04T16:13:51.503+0000] {logging_mixin.py:188} INFO - [2024-03-04T16:13:51.503+0000] {dagbag.py:540} INFO - Filling up the DagBag from /home/airflow/.local/lib/python3.11/site-packages/airflow/example_dags/example_bash_operator.py
[2024-03-04T16:13:51.507+0000] {processor.py:840} INFO - DAG(s) 'example_bash_operator' retrieved from /home/airflow/.local/lib/python3.11/site-packages/airflow/example_dags/example_bash_operator.py
[2024-03-04T16:13:51.518+0000] {logging_mixin.py:188} INFO - [2024-03-04T16:13:51.518+0000] {dag.py:3047} INFO - Sync 1 DAGs
[2024-03-04T16:13:51.528+0000] {logging_mixin.py:188} INFO - [2024-03-04T16:13:51.528+0000] {dag.py:3834} INFO - Setting next_dagrun for example_bash_operator to 2024-03-03 00:00:00+00:00, run_after=2024-03-04 00:00:00+00:00
[2024-03-04T16:13:51.535+0000] {processor.py:183} INFO - Processing /home/airflow/.local/lib/python3.11/site-packages/airflow/example_dags/example_bash_operator.py took 0.035 seconds
[2024-03-04T16:14:22.246+0000] {processor.py:161} INFO - Started process (PID=2463) to work on /home/airflow/.local/lib/python3.11/site-packages/airflow/example_dags/example_bash_operator.py
[2024-03-04T16:14:22.246+0000] {processor.py:830} INFO - Processing file /home/airflow/.local/lib/python3.11/site-packages/airflow/example_dags/example_bash_operator.py for tasks to queue
[2024-03-04T16:14:22.247+0000] {logging_mixin.py:188} INFO - [2024-03-04T16:14:22.247+0000] {dagbag.py:540} INFO - Filling up the DagBag from /home/airflow/.local/lib/python3.11/site-packages/airflow/example_dags/example_bash_operator.py
[2024-03-04T16:14:22.253+0000] {processor.py:840} INFO - DAG(s) 'example_bash_operator' retrieved from /home/airflow/.local/lib/python3.11/site-packages/airflow/example_dags/example_bash_operator.py
[2024-03-04T16:14:22.263+0000] {logging_mixin.py:188} INFO - [2024-03-04T16:14:22.263+0000] {dag.py:3047} INFO - Sync 1 DAGs
[2024-03-04T16:14:22.271+0000] {logging_mixin.py:188} INFO - [2024-03-04T16:14:22.271+0000] {dag.py:3834} INFO - Setting next_dagrun for example_bash_operator to 2024-03-03 00:00:00+00:00, run_after=2024-03-04 00:00:00+00:00
[2024-03-04T16:14:22.279+0000] {processor.py:183} INFO - Processing /home/airflow/.local/lib/python3.11/site-packages/airflow/example_dags/example_bash_operator.py took 0.035 seconds
[2024-03-04T16:14:53.078+0000] {processor.py:161} INFO - Started process (PID=2518) to work on /home/airflow/.local/lib/python3.11/site-packages/airflow/example_dags/example_bash_operator.py
[2024-03-04T16:14:53.079+0000] {processor.py:830} INFO - Processing file /home/airflow/.local/lib/python3.11/site-packages/airflow/example_dags/example_bash_operator.py for tasks to queue
[2024-03-04T16:14:53.080+0000] {logging_mixin.py:188} INFO - [2024-03-04T16:14:53.080+0000] {dagbag.py:540} INFO - Filling up the DagBag from /home/airflow/.local/lib/python3.11/site-packages/airflow/example_dags/example_bash_operator.py
[2024-03-04T16:14:53.085+0000] {processor.py:840} INFO - DAG(s) 'example_bash_operator' retrieved from /home/airflow/.local/lib/python3.11/site-packages/airflow/example_dags/example_bash_operator.py
[2024-03-04T16:14:53.100+0000] {logging_mixin.py:188} INFO - [2024-03-04T16:14:53.100+0000] {dag.py:3047} INFO - Sync 1 DAGs
[2024-03-04T16:14:53.117+0000] {logging_mixin.py:188} INFO - [2024-03-04T16:14:53.117+0000] {dag.py:3834} INFO - Setting next_dagrun for example_bash_operator to 2024-03-03 00:00:00+00:00, run_after=2024-03-04 00:00:00+00:00
[2024-03-04T16:14:53.135+0000] {processor.py:183} INFO - Processing /home/airflow/.local/lib/python3.11/site-packages/airflow/example_dags/example_bash_operator.py took 0.058 seconds
[2024-03-04T16:15:23.436+0000] {processor.py:161} INFO - Started process (PID=2573) to work on /home/airflow/.local/lib/python3.11/site-packages/airflow/example_dags/example_bash_operator.py
[2024-03-04T16:15:23.437+0000] {processor.py:830} INFO - Processing file /home/airflow/.local/lib/python3.11/site-packages/airflow/example_dags/example_bash_operator.py for tasks to queue
[2024-03-04T16:15:23.438+0000] {logging_mixin.py:188} INFO - [2024-03-04T16:15:23.438+0000] {dagbag.py:540} INFO - Filling up the DagBag from /home/airflow/.local/lib/python3.11/site-packages/airflow/example_dags/example_bash_operator.py
[2024-03-04T16:15:23.446+0000] {processor.py:840} INFO - DAG(s) 'example_bash_operator' retrieved from /home/airflow/.local/lib/python3.11/site-packages/airflow/example_dags/example_bash_operator.py
[2024-03-04T16:15:23.466+0000] {logging_mixin.py:188} INFO - [2024-03-04T16:15:23.466+0000] {dag.py:3047} INFO - Sync 1 DAGs
[2024-03-04T16:15:23.475+0000] {logging_mixin.py:188} INFO - [2024-03-04T16:15:23.475+0000] {dag.py:3834} INFO - Setting next_dagrun for example_bash_operator to 2024-03-03 00:00:00+00:00, run_after=2024-03-04 00:00:00+00:00
[2024-03-04T16:15:23.484+0000] {processor.py:183} INFO - Processing /home/airflow/.local/lib/python3.11/site-packages/airflow/example_dags/example_bash_operator.py took 0.050 seconds
[2024-03-04T16:15:54.291+0000] {processor.py:161} INFO - Started process (PID=2628) to work on /home/airflow/.local/lib/python3.11/site-packages/airflow/example_dags/example_bash_operator.py
[2024-03-04T16:15:54.292+0000] {processor.py:830} INFO - Processing file /home/airflow/.local/lib/python3.11/site-packages/airflow/example_dags/example_bash_operator.py for tasks to queue
[2024-03-04T16:15:54.293+0000] {logging_mixin.py:188} INFO - [2024-03-04T16:15:54.293+0000] {dagbag.py:540} INFO - Filling up the DagBag from /home/airflow/.local/lib/python3.11/site-packages/airflow/example_dags/example_bash_operator.py
[2024-03-04T16:15:54.298+0000] {processor.py:840} INFO - DAG(s) 'example_bash_operator' retrieved from /home/airflow/.local/lib/python3.11/site-packages/airflow/example_dags/example_bash_operator.py
[2024-03-04T16:15:54.308+0000] {logging_mixin.py:188} INFO - [2024-03-04T16:15:54.308+0000] {dag.py:3047} INFO - Sync 1 DAGs
[2024-03-04T16:15:54.316+0000] {logging_mixin.py:188} INFO - [2024-03-04T16:15:54.316+0000] {dag.py:3834} INFO - Setting next_dagrun for example_bash_operator to 2024-03-03 00:00:00+00:00, run_after=2024-03-04 00:00:00+00:00
[2024-03-04T16:15:54.323+0000] {processor.py:183} INFO - Processing /home/airflow/.local/lib/python3.11/site-packages/airflow/example_dags/example_bash_operator.py took 0.034 seconds
[2024-03-04T16:16:25.139+0000] {processor.py:161} INFO - Started process (PID=2683) to work on /home/airflow/.local/lib/python3.11/site-packages/airflow/example_dags/example_bash_operator.py
[2024-03-04T16:16:25.139+0000] {processor.py:830} INFO - Processing file /home/airflow/.local/lib/python3.11/site-packages/airflow/example_dags/example_bash_operator.py for tasks to queue
[2024-03-04T16:16:25.140+0000] {logging_mixin.py:188} INFO - [2024-03-04T16:16:25.140+0000] {dagbag.py:540} INFO - Filling up the DagBag from /home/airflow/.local/lib/python3.11/site-packages/airflow/example_dags/example_bash_operator.py
[2024-03-04T16:16:25.145+0000] {processor.py:840} INFO - DAG(s) 'example_bash_operator' retrieved from /home/airflow/.local/lib/python3.11/site-packages/airflow/example_dags/example_bash_operator.py
[2024-03-04T16:16:25.157+0000] {logging_mixin.py:188} INFO - [2024-03-04T16:16:25.157+0000] {dag.py:3047} INFO - Sync 1 DAGs
[2024-03-04T16:16:25.166+0000] {logging_mixin.py:188} INFO - [2024-03-04T16:16:25.165+0000] {dag.py:3834} INFO - Setting next_dagrun for example_bash_operator to 2024-03-03 00:00:00+00:00, run_after=2024-03-04 00:00:00+00:00
[2024-03-04T16:16:25.171+0000] {processor.py:183} INFO - Processing /home/airflow/.local/lib/python3.11/site-packages/airflow/example_dags/example_bash_operator.py took 0.034 seconds
[2024-03-04T16:16:55.678+0000] {processor.py:161} INFO - Started process (PID=2738) to work on /home/airflow/.local/lib/python3.11/site-packages/airflow/example_dags/example_bash_operator.py
[2024-03-04T16:16:55.678+0000] {processor.py:830} INFO - Processing file /home/airflow/.local/lib/python3.11/site-packages/airflow/example_dags/example_bash_operator.py for tasks to queue
[2024-03-04T16:16:55.679+0000] {logging_mixin.py:188} INFO - [2024-03-04T16:16:55.679+0000] {dagbag.py:540} INFO - Filling up the DagBag from /home/airflow/.local/lib/python3.11/site-packages/airflow/example_dags/example_bash_operator.py
[2024-03-04T16:16:55.684+0000] {processor.py:840} INFO - DAG(s) 'example_bash_operator' retrieved from /home/airflow/.local/lib/python3.11/site-packages/airflow/example_dags/example_bash_operator.py
[2024-03-04T16:16:55.694+0000] {logging_mixin.py:188} INFO - [2024-03-04T16:16:55.694+0000] {dag.py:3047} INFO - Sync 1 DAGs
[2024-03-04T16:16:55.702+0000] {logging_mixin.py:188} INFO - [2024-03-04T16:16:55.702+0000] {dag.py:3834} INFO - Setting next_dagrun for example_bash_operator to 2024-03-03 00:00:00+00:00, run_after=2024-03-04 00:00:00+00:00
[2024-03-04T16:16:55.708+0000] {processor.py:183} INFO - Processing /home/airflow/.local/lib/python3.11/site-packages/airflow/example_dags/example_bash_operator.py took 0.032 seconds
[2024-03-04T16:17:26.483+0000] {processor.py:161} INFO - Started process (PID=2793) to work on /home/airflow/.local/lib/python3.11/site-packages/airflow/example_dags/example_bash_operator.py
[2024-03-04T16:17:26.484+0000] {processor.py:830} INFO - Processing file /home/airflow/.local/lib/python3.11/site-packages/airflow/example_dags/example_bash_operator.py for tasks to queue
[2024-03-04T16:17:26.485+0000] {logging_mixin.py:188} INFO - [2024-03-04T16:17:26.485+0000] {dagbag.py:540} INFO - Filling up the DagBag from /home/airflow/.local/lib/python3.11/site-packages/airflow/example_dags/example_bash_operator.py
[2024-03-04T16:17:26.490+0000] {processor.py:840} INFO - DAG(s) 'example_bash_operator' retrieved from /home/airflow/.local/lib/python3.11/site-packages/airflow/example_dags/example_bash_operator.py
[2024-03-04T16:17:26.500+0000] {logging_mixin.py:188} INFO - [2024-03-04T16:17:26.500+0000] {dag.py:3047} INFO - Sync 1 DAGs
[2024-03-04T16:17:26.509+0000] {logging_mixin.py:188} INFO - [2024-03-04T16:17:26.509+0000] {dag.py:3834} INFO - Setting next_dagrun for example_bash_operator to 2024-03-03 00:00:00+00:00, run_after=2024-03-04 00:00:00+00:00
[2024-03-04T16:17:26.515+0000] {processor.py:183} INFO - Processing /home/airflow/.local/lib/python3.11/site-packages/airflow/example_dags/example_bash_operator.py took 0.033 seconds
[2024-03-04T16:17:56.784+0000] {processor.py:161} INFO - Started process (PID=2848) to work on /home/airflow/.local/lib/python3.11/site-packages/airflow/example_dags/example_bash_operator.py
[2024-03-04T16:17:56.784+0000] {processor.py:830} INFO - Processing file /home/airflow/.local/lib/python3.11/site-packages/airflow/example_dags/example_bash_operator.py for tasks to queue
[2024-03-04T16:17:56.785+0000] {logging_mixin.py:188} INFO - [2024-03-04T16:17:56.785+0000] {dagbag.py:540} INFO - Filling up the DagBag from /home/airflow/.local/lib/python3.11/site-packages/airflow/example_dags/example_bash_operator.py
[2024-03-04T16:17:56.790+0000] {processor.py:840} INFO - DAG(s) 'example_bash_operator' retrieved from /home/airflow/.local/lib/python3.11/site-packages/airflow/example_dags/example_bash_operator.py
[2024-03-04T16:17:56.800+0000] {logging_mixin.py:188} INFO - [2024-03-04T16:17:56.800+0000] {dag.py:3047} INFO - Sync 1 DAGs
[2024-03-04T16:17:56.808+0000] {logging_mixin.py:188} INFO - [2024-03-04T16:17:56.808+0000] {dag.py:3834} INFO - Setting next_dagrun for example_bash_operator to 2024-03-03 00:00:00+00:00, run_after=2024-03-04 00:00:00+00:00
[2024-03-04T16:17:56.814+0000] {processor.py:183} INFO - Processing /home/airflow/.local/lib/python3.11/site-packages/airflow/example_dags/example_bash_operator.py took 0.032 seconds
[2024-03-04T16:18:27.146+0000] {processor.py:161} INFO - Started process (PID=2903) to work on /home/airflow/.local/lib/python3.11/site-packages/airflow/example_dags/example_bash_operator.py
[2024-03-04T16:18:27.146+0000] {processor.py:830} INFO - Processing file /home/airflow/.local/lib/python3.11/site-packages/airflow/example_dags/example_bash_operator.py for tasks to queue
[2024-03-04T16:18:27.147+0000] {logging_mixin.py:188} INFO - [2024-03-04T16:18:27.147+0000] {dagbag.py:540} INFO - Filling up the DagBag from /home/airflow/.local/lib/python3.11/site-packages/airflow/example_dags/example_bash_operator.py
[2024-03-04T16:18:27.152+0000] {processor.py:840} INFO - DAG(s) 'example_bash_operator' retrieved from /home/airflow/.local/lib/python3.11/site-packages/airflow/example_dags/example_bash_operator.py
[2024-03-04T16:18:27.162+0000] {logging_mixin.py:188} INFO - [2024-03-04T16:18:27.162+0000] {dag.py:3047} INFO - Sync 1 DAGs
[2024-03-04T16:18:27.170+0000] {logging_mixin.py:188} INFO - [2024-03-04T16:18:27.170+0000] {dag.py:3834} INFO - Setting next_dagrun for example_bash_operator to 2024-03-03 00:00:00+00:00, run_after=2024-03-04 00:00:00+00:00
[2024-03-04T16:18:27.176+0000] {processor.py:183} INFO - Processing /home/airflow/.local/lib/python3.11/site-packages/airflow/example_dags/example_bash_operator.py took 0.032 seconds
[2024-03-04T16:18:57.351+0000] {processor.py:161} INFO - Started process (PID=2958) to work on /home/airflow/.local/lib/python3.11/site-packages/airflow/example_dags/example_bash_operator.py
[2024-03-04T16:18:57.352+0000] {processor.py:830} INFO - Processing file /home/airflow/.local/lib/python3.11/site-packages/airflow/example_dags/example_bash_operator.py for tasks to queue
[2024-03-04T16:18:57.353+0000] {logging_mixin.py:188} INFO - [2024-03-04T16:18:57.352+0000] {dagbag.py:540} INFO - Filling up the DagBag from /home/airflow/.local/lib/python3.11/site-packages/airflow/example_dags/example_bash_operator.py
[2024-03-04T16:18:57.357+0000] {processor.py:840} INFO - DAG(s) 'example_bash_operator' retrieved from /home/airflow/.local/lib/python3.11/site-packages/airflow/example_dags/example_bash_operator.py
[2024-03-04T16:18:57.367+0000] {logging_mixin.py:188} INFO - [2024-03-04T16:18:57.367+0000] {dag.py:3047} INFO - Sync 1 DAGs
[2024-03-04T16:18:57.375+0000] {logging_mixin.py:188} INFO - [2024-03-04T16:18:57.375+0000] {dag.py:3834} INFO - Setting next_dagrun for example_bash_operator to 2024-03-03 00:00:00+00:00, run_after=2024-03-04 00:00:00+00:00
[2024-03-04T16:18:57.382+0000] {processor.py:183} INFO - Processing /home/airflow/.local/lib/python3.11/site-packages/airflow/example_dags/example_bash_operator.py took 0.032 seconds
[2024-03-04T16:19:27.555+0000] {processor.py:161} INFO - Started process (PID=3013) to work on /home/airflow/.local/lib/python3.11/site-packages/airflow/example_dags/example_bash_operator.py
[2024-03-04T16:19:27.556+0000] {processor.py:830} INFO - Processing file /home/airflow/.local/lib/python3.11/site-packages/airflow/example_dags/example_bash_operator.py for tasks to queue
[2024-03-04T16:19:27.557+0000] {logging_mixin.py:188} INFO - [2024-03-04T16:19:27.557+0000] {dagbag.py:540} INFO - Filling up the DagBag from /home/airflow/.local/lib/python3.11/site-packages/airflow/example_dags/example_bash_operator.py
[2024-03-04T16:19:27.562+0000] {processor.py:840} INFO - DAG(s) 'example_bash_operator' retrieved from /home/airflow/.local/lib/python3.11/site-packages/airflow/example_dags/example_bash_operator.py
[2024-03-04T16:19:27.571+0000] {logging_mixin.py:188} INFO - [2024-03-04T16:19:27.571+0000] {dag.py:3047} INFO - Sync 1 DAGs
[2024-03-04T16:19:27.580+0000] {logging_mixin.py:188} INFO - [2024-03-04T16:19:27.580+0000] {dag.py:3834} INFO - Setting next_dagrun for example_bash_operator to 2024-03-03 00:00:00+00:00, run_after=2024-03-04 00:00:00+00:00
[2024-03-04T16:19:27.586+0000] {processor.py:183} INFO - Processing /home/airflow/.local/lib/python3.11/site-packages/airflow/example_dags/example_bash_operator.py took 0.032 seconds
[2024-03-04T16:19:58.287+0000] {processor.py:161} INFO - Started process (PID=3068) to work on /home/airflow/.local/lib/python3.11/site-packages/airflow/example_dags/example_bash_operator.py
[2024-03-04T16:19:58.289+0000] {processor.py:830} INFO - Processing file /home/airflow/.local/lib/python3.11/site-packages/airflow/example_dags/example_bash_operator.py for tasks to queue
[2024-03-04T16:19:58.292+0000] {logging_mixin.py:188} INFO - [2024-03-04T16:19:58.291+0000] {dagbag.py:540} INFO - Filling up the DagBag from /home/airflow/.local/lib/python3.11/site-packages/airflow/example_dags/example_bash_operator.py
[2024-03-04T16:19:58.300+0000] {processor.py:840} INFO - DAG(s) 'example_bash_operator' retrieved from /home/airflow/.local/lib/python3.11/site-packages/airflow/example_dags/example_bash_operator.py
[2024-03-04T16:19:58.343+0000] {logging_mixin.py:188} INFO - [2024-03-04T16:19:58.343+0000] {dag.py:3047} INFO - Sync 1 DAGs
[2024-03-04T16:19:58.368+0000] {logging_mixin.py:188} INFO - [2024-03-04T16:19:58.368+0000] {dag.py:3834} INFO - Setting next_dagrun for example_bash_operator to 2024-03-03 00:00:00+00:00, run_after=2024-03-04 00:00:00+00:00
[2024-03-04T16:19:58.383+0000] {processor.py:183} INFO - Processing /home/airflow/.local/lib/python3.11/site-packages/airflow/example_dags/example_bash_operator.py took 0.097 seconds
[2024-03-04T16:20:28.428+0000] {processor.py:161} INFO - Started process (PID=3123) to work on /home/airflow/.local/lib/python3.11/site-packages/airflow/example_dags/example_bash_operator.py
[2024-03-04T16:20:28.429+0000] {processor.py:830} INFO - Processing file /home/airflow/.local/lib/python3.11/site-packages/airflow/example_dags/example_bash_operator.py for tasks to queue
[2024-03-04T16:20:28.430+0000] {logging_mixin.py:188} INFO - [2024-03-04T16:20:28.430+0000] {dagbag.py:540} INFO - Filling up the DagBag from /home/airflow/.local/lib/python3.11/site-packages/airflow/example_dags/example_bash_operator.py
[2024-03-04T16:20:28.435+0000] {processor.py:840} INFO - DAG(s) 'example_bash_operator' retrieved from /home/airflow/.local/lib/python3.11/site-packages/airflow/example_dags/example_bash_operator.py
[2024-03-04T16:20:28.445+0000] {logging_mixin.py:188} INFO - [2024-03-04T16:20:28.445+0000] {dag.py:3047} INFO - Sync 1 DAGs
[2024-03-04T16:20:28.453+0000] {logging_mixin.py:188} INFO - [2024-03-04T16:20:28.453+0000] {dag.py:3834} INFO - Setting next_dagrun for example_bash_operator to 2024-03-03 00:00:00+00:00, run_after=2024-03-04 00:00:00+00:00
[2024-03-04T16:20:28.460+0000] {processor.py:183} INFO - Processing /home/airflow/.local/lib/python3.11/site-packages/airflow/example_dags/example_bash_operator.py took 0.032 seconds
[2024-03-04T16:20:58.623+0000] {processor.py:161} INFO - Started process (PID=3178) to work on /home/airflow/.local/lib/python3.11/site-packages/airflow/example_dags/example_bash_operator.py
[2024-03-04T16:20:58.623+0000] {processor.py:830} INFO - Processing file /home/airflow/.local/lib/python3.11/site-packages/airflow/example_dags/example_bash_operator.py for tasks to queue
[2024-03-04T16:20:58.624+0000] {logging_mixin.py:188} INFO - [2024-03-04T16:20:58.624+0000] {dagbag.py:540} INFO - Filling up the DagBag from /home/airflow/.local/lib/python3.11/site-packages/airflow/example_dags/example_bash_operator.py
[2024-03-04T16:20:58.630+0000] {processor.py:840} INFO - DAG(s) 'example_bash_operator' retrieved from /home/airflow/.local/lib/python3.11/site-packages/airflow/example_dags/example_bash_operator.py
[2024-03-04T16:20:58.640+0000] {logging_mixin.py:188} INFO - [2024-03-04T16:20:58.640+0000] {dag.py:3047} INFO - Sync 1 DAGs
[2024-03-04T16:20:58.648+0000] {logging_mixin.py:188} INFO - [2024-03-04T16:20:58.648+0000] {dag.py:3834} INFO - Setting next_dagrun for example_bash_operator to 2024-03-03 00:00:00+00:00, run_after=2024-03-04 00:00:00+00:00
[2024-03-04T16:20:58.655+0000] {processor.py:183} INFO - Processing /home/airflow/.local/lib/python3.11/site-packages/airflow/example_dags/example_bash_operator.py took 0.033 seconds
[2024-03-04T16:21:28.840+0000] {processor.py:161} INFO - Started process (PID=3233) to work on /home/airflow/.local/lib/python3.11/site-packages/airflow/example_dags/example_bash_operator.py
[2024-03-04T16:21:28.841+0000] {processor.py:830} INFO - Processing file /home/airflow/.local/lib/python3.11/site-packages/airflow/example_dags/example_bash_operator.py for tasks to queue
[2024-03-04T16:21:28.843+0000] {logging_mixin.py:188} INFO - [2024-03-04T16:21:28.842+0000] {dagbag.py:540} INFO - Filling up the DagBag from /home/airflow/.local/lib/python3.11/site-packages/airflow/example_dags/example_bash_operator.py
[2024-03-04T16:21:28.851+0000] {processor.py:840} INFO - DAG(s) 'example_bash_operator' retrieved from /home/airflow/.local/lib/python3.11/site-packages/airflow/example_dags/example_bash_operator.py
[2024-03-04T16:21:28.864+0000] {logging_mixin.py:188} INFO - [2024-03-04T16:21:28.864+0000] {dag.py:3047} INFO - Sync 1 DAGs
[2024-03-04T16:21:28.878+0000] {logging_mixin.py:188} INFO - [2024-03-04T16:21:28.877+0000] {dag.py:3834} INFO - Setting next_dagrun for example_bash_operator to 2024-03-03 00:00:00+00:00, run_after=2024-03-04 00:00:00+00:00
[2024-03-04T16:21:28.888+0000] {processor.py:183} INFO - Processing /home/airflow/.local/lib/python3.11/site-packages/airflow/example_dags/example_bash_operator.py took 0.051 seconds
[2024-03-04T16:21:59.280+0000] {processor.py:161} INFO - Started process (PID=3288) to work on /home/airflow/.local/lib/python3.11/site-packages/airflow/example_dags/example_bash_operator.py
[2024-03-04T16:21:59.280+0000] {processor.py:830} INFO - Processing file /home/airflow/.local/lib/python3.11/site-packages/airflow/example_dags/example_bash_operator.py for tasks to queue
[2024-03-04T16:21:59.281+0000] {logging_mixin.py:188} INFO - [2024-03-04T16:21:59.281+0000] {dagbag.py:540} INFO - Filling up the DagBag from /home/airflow/.local/lib/python3.11/site-packages/airflow/example_dags/example_bash_operator.py
[2024-03-04T16:21:59.286+0000] {processor.py:840} INFO - DAG(s) 'example_bash_operator' retrieved from /home/airflow/.local/lib/python3.11/site-packages/airflow/example_dags/example_bash_operator.py
[2024-03-04T16:21:59.296+0000] {logging_mixin.py:188} INFO - [2024-03-04T16:21:59.296+0000] {dag.py:3047} INFO - Sync 1 DAGs
[2024-03-04T16:21:59.304+0000] {logging_mixin.py:188} INFO - [2024-03-04T16:21:59.304+0000] {dag.py:3834} INFO - Setting next_dagrun for example_bash_operator to 2024-03-03 00:00:00+00:00, run_after=2024-03-04 00:00:00+00:00
[2024-03-04T16:21:59.310+0000] {processor.py:183} INFO - Processing /home/airflow/.local/lib/python3.11/site-packages/airflow/example_dags/example_bash_operator.py took 0.032 seconds
[2024-03-04T16:22:29.482+0000] {processor.py:161} INFO - Started process (PID=3343) to work on /home/airflow/.local/lib/python3.11/site-packages/airflow/example_dags/example_bash_operator.py
[2024-03-04T16:22:29.482+0000] {processor.py:830} INFO - Processing file /home/airflow/.local/lib/python3.11/site-packages/airflow/example_dags/example_bash_operator.py for tasks to queue
[2024-03-04T16:22:29.483+0000] {logging_mixin.py:188} INFO - [2024-03-04T16:22:29.483+0000] {dagbag.py:540} INFO - Filling up the DagBag from /home/airflow/.local/lib/python3.11/site-packages/airflow/example_dags/example_bash_operator.py
[2024-03-04T16:22:29.488+0000] {processor.py:840} INFO - DAG(s) 'example_bash_operator' retrieved from /home/airflow/.local/lib/python3.11/site-packages/airflow/example_dags/example_bash_operator.py
[2024-03-04T16:22:29.498+0000] {logging_mixin.py:188} INFO - [2024-03-04T16:22:29.498+0000] {dag.py:3047} INFO - Sync 1 DAGs
[2024-03-04T16:22:29.506+0000] {logging_mixin.py:188} INFO - [2024-03-04T16:22:29.506+0000] {dag.py:3834} INFO - Setting next_dagrun for example_bash_operator to 2024-03-03 00:00:00+00:00, run_after=2024-03-04 00:00:00+00:00
[2024-03-04T16:22:29.512+0000] {processor.py:183} INFO - Processing /home/airflow/.local/lib/python3.11/site-packages/airflow/example_dags/example_bash_operator.py took 0.032 seconds
[2024-03-04T16:22:59.725+0000] {processor.py:161} INFO - Started process (PID=3398) to work on /home/airflow/.local/lib/python3.11/site-packages/airflow/example_dags/example_bash_operator.py
[2024-03-04T16:22:59.725+0000] {processor.py:830} INFO - Processing file /home/airflow/.local/lib/python3.11/site-packages/airflow/example_dags/example_bash_operator.py for tasks to queue
[2024-03-04T16:22:59.726+0000] {logging_mixin.py:188} INFO - [2024-03-04T16:22:59.726+0000] {dagbag.py:540} INFO - Filling up the DagBag from /home/airflow/.local/lib/python3.11/site-packages/airflow/example_dags/example_bash_operator.py
[2024-03-04T16:22:59.731+0000] {processor.py:840} INFO - DAG(s) 'example_bash_operator' retrieved from /home/airflow/.local/lib/python3.11/site-packages/airflow/example_dags/example_bash_operator.py
[2024-03-04T16:22:59.741+0000] {logging_mixin.py:188} INFO - [2024-03-04T16:22:59.741+0000] {dag.py:3047} INFO - Sync 1 DAGs
[2024-03-04T16:22:59.749+0000] {logging_mixin.py:188} INFO - [2024-03-04T16:22:59.749+0000] {dag.py:3834} INFO - Setting next_dagrun for example_bash_operator to 2024-03-03 00:00:00+00:00, run_after=2024-03-04 00:00:00+00:00
[2024-03-04T16:22:59.756+0000] {processor.py:183} INFO - Processing /home/airflow/.local/lib/python3.11/site-packages/airflow/example_dags/example_bash_operator.py took 0.033 seconds
[2024-03-04T16:23:29.930+0000] {processor.py:161} INFO - Started process (PID=3452) to work on /home/airflow/.local/lib/python3.11/site-packages/airflow/example_dags/example_bash_operator.py
[2024-03-04T16:23:29.931+0000] {processor.py:830} INFO - Processing file /home/airflow/.local/lib/python3.11/site-packages/airflow/example_dags/example_bash_operator.py for tasks to queue
[2024-03-04T16:23:29.932+0000] {logging_mixin.py:188} INFO - [2024-03-04T16:23:29.932+0000] {dagbag.py:540} INFO - Filling up the DagBag from /home/airflow/.local/lib/python3.11/site-packages/airflow/example_dags/example_bash_operator.py
[2024-03-04T16:23:29.937+0000] {processor.py:840} INFO - DAG(s) 'example_bash_operator' retrieved from /home/airflow/.local/lib/python3.11/site-packages/airflow/example_dags/example_bash_operator.py
[2024-03-04T16:23:29.946+0000] {logging_mixin.py:188} INFO - [2024-03-04T16:23:29.946+0000] {dag.py:3047} INFO - Sync 1 DAGs
[2024-03-04T16:23:29.954+0000] {logging_mixin.py:188} INFO - [2024-03-04T16:23:29.954+0000] {dag.py:3834} INFO - Setting next_dagrun for example_bash_operator to 2024-03-03 00:00:00+00:00, run_after=2024-03-04 00:00:00+00:00
[2024-03-04T16:23:29.960+0000] {processor.py:183} INFO - Processing /home/airflow/.local/lib/python3.11/site-packages/airflow/example_dags/example_bash_operator.py took 0.031 seconds
[2024-03-04T16:24:00.451+0000] {processor.py:161} INFO - Started process (PID=3507) to work on /home/airflow/.local/lib/python3.11/site-packages/airflow/example_dags/example_bash_operator.py
[2024-03-04T16:24:00.451+0000] {processor.py:830} INFO - Processing file /home/airflow/.local/lib/python3.11/site-packages/airflow/example_dags/example_bash_operator.py for tasks to queue
[2024-03-04T16:24:00.452+0000] {logging_mixin.py:188} INFO - [2024-03-04T16:24:00.452+0000] {dagbag.py:540} INFO - Filling up the DagBag from /home/airflow/.local/lib/python3.11/site-packages/airflow/example_dags/example_bash_operator.py
[2024-03-04T16:24:00.457+0000] {processor.py:840} INFO - DAG(s) 'example_bash_operator' retrieved from /home/airflow/.local/lib/python3.11/site-packages/airflow/example_dags/example_bash_operator.py
[2024-03-04T16:24:00.467+0000] {logging_mixin.py:188} INFO - [2024-03-04T16:24:00.466+0000] {dag.py:3047} INFO - Sync 1 DAGs
[2024-03-04T16:24:00.474+0000] {logging_mixin.py:188} INFO - [2024-03-04T16:24:00.474+0000] {dag.py:3834} INFO - Setting next_dagrun for example_bash_operator to 2024-03-03 00:00:00+00:00, run_after=2024-03-04 00:00:00+00:00
[2024-03-04T16:24:00.481+0000] {processor.py:183} INFO - Processing /home/airflow/.local/lib/python3.11/site-packages/airflow/example_dags/example_bash_operator.py took 0.032 seconds
[2024-03-04T16:24:30.601+0000] {processor.py:161} INFO - Started process (PID=3562) to work on /home/airflow/.local/lib/python3.11/site-packages/airflow/example_dags/example_bash_operator.py
[2024-03-04T16:24:30.602+0000] {processor.py:830} INFO - Processing file /home/airflow/.local/lib/python3.11/site-packages/airflow/example_dags/example_bash_operator.py for tasks to queue
[2024-03-04T16:24:30.603+0000] {logging_mixin.py:188} INFO - [2024-03-04T16:24:30.603+0000] {dagbag.py:540} INFO - Filling up the DagBag from /home/airflow/.local/lib/python3.11/site-packages/airflow/example_dags/example_bash_operator.py
[2024-03-04T16:24:30.608+0000] {processor.py:840} INFO - DAG(s) 'example_bash_operator' retrieved from /home/airflow/.local/lib/python3.11/site-packages/airflow/example_dags/example_bash_operator.py
[2024-03-04T16:24:30.618+0000] {logging_mixin.py:188} INFO - [2024-03-04T16:24:30.618+0000] {dag.py:3047} INFO - Sync 1 DAGs
[2024-03-04T16:24:30.626+0000] {logging_mixin.py:188} INFO - [2024-03-04T16:24:30.626+0000] {dag.py:3834} INFO - Setting next_dagrun for example_bash_operator to 2024-03-03 00:00:00+00:00, run_after=2024-03-04 00:00:00+00:00
[2024-03-04T16:24:30.633+0000] {processor.py:183} INFO - Processing /home/airflow/.local/lib/python3.11/site-packages/airflow/example_dags/example_bash_operator.py took 0.033 seconds
[2024-03-04T16:25:00.925+0000] {processor.py:161} INFO - Started process (PID=3617) to work on /home/airflow/.local/lib/python3.11/site-packages/airflow/example_dags/example_bash_operator.py
[2024-03-04T16:25:00.926+0000] {processor.py:830} INFO - Processing file /home/airflow/.local/lib/python3.11/site-packages/airflow/example_dags/example_bash_operator.py for tasks to queue
[2024-03-04T16:25:00.928+0000] {logging_mixin.py:188} INFO - [2024-03-04T16:25:00.927+0000] {dagbag.py:540} INFO - Filling up the DagBag from /home/airflow/.local/lib/python3.11/site-packages/airflow/example_dags/example_bash_operator.py
[2024-03-04T16:25:00.935+0000] {processor.py:840} INFO - DAG(s) 'example_bash_operator' retrieved from /home/airflow/.local/lib/python3.11/site-packages/airflow/example_dags/example_bash_operator.py
[2024-03-04T16:25:00.946+0000] {logging_mixin.py:188} INFO - [2024-03-04T16:25:00.946+0000] {dag.py:3047} INFO - Sync 1 DAGs
[2024-03-04T16:25:00.955+0000] {logging_mixin.py:188} INFO - [2024-03-04T16:25:00.955+0000] {dag.py:3834} INFO - Setting next_dagrun for example_bash_operator to 2024-03-03 00:00:00+00:00, run_after=2024-03-04 00:00:00+00:00
[2024-03-04T16:25:00.962+0000] {processor.py:183} INFO - Processing /home/airflow/.local/lib/python3.11/site-packages/airflow/example_dags/example_bash_operator.py took 0.040 seconds
[2024-03-04T16:25:31.281+0000] {processor.py:161} INFO - Started process (PID=3672) to work on /home/airflow/.local/lib/python3.11/site-packages/airflow/example_dags/example_bash_operator.py
[2024-03-04T16:25:31.282+0000] {processor.py:830} INFO - Processing file /home/airflow/.local/lib/python3.11/site-packages/airflow/example_dags/example_bash_operator.py for tasks to queue
[2024-03-04T16:25:31.283+0000] {logging_mixin.py:188} INFO - [2024-03-04T16:25:31.283+0000] {dagbag.py:540} INFO - Filling up the DagBag from /home/airflow/.local/lib/python3.11/site-packages/airflow/example_dags/example_bash_operator.py
[2024-03-04T16:25:31.290+0000] {processor.py:840} INFO - DAG(s) 'example_bash_operator' retrieved from /home/airflow/.local/lib/python3.11/site-packages/airflow/example_dags/example_bash_operator.py
[2024-03-04T16:25:31.306+0000] {logging_mixin.py:188} INFO - [2024-03-04T16:25:31.306+0000] {dag.py:3047} INFO - Sync 1 DAGs
[2024-03-04T16:25:31.319+0000] {logging_mixin.py:188} INFO - [2024-03-04T16:25:31.319+0000] {dag.py:3834} INFO - Setting next_dagrun for example_bash_operator to 2024-03-03 00:00:00+00:00, run_after=2024-03-04 00:00:00+00:00
[2024-03-04T16:25:31.328+0000] {processor.py:183} INFO - Processing /home/airflow/.local/lib/python3.11/site-packages/airflow/example_dags/example_bash_operator.py took 0.049 seconds
[2024-03-04T16:26:01.842+0000] {processor.py:161} INFO - Started process (PID=3727) to work on /home/airflow/.local/lib/python3.11/site-packages/airflow/example_dags/example_bash_operator.py
[2024-03-04T16:26:01.843+0000] {processor.py:830} INFO - Processing file /home/airflow/.local/lib/python3.11/site-packages/airflow/example_dags/example_bash_operator.py for tasks to queue
[2024-03-04T16:26:01.844+0000] {logging_mixin.py:188} INFO - [2024-03-04T16:26:01.844+0000] {dagbag.py:540} INFO - Filling up the DagBag from /home/airflow/.local/lib/python3.11/site-packages/airflow/example_dags/example_bash_operator.py
[2024-03-04T16:26:01.851+0000] {processor.py:840} INFO - DAG(s) 'example_bash_operator' retrieved from /home/airflow/.local/lib/python3.11/site-packages/airflow/example_dags/example_bash_operator.py
[2024-03-04T16:26:01.867+0000] {logging_mixin.py:188} INFO - [2024-03-04T16:26:01.867+0000] {dag.py:3047} INFO - Sync 1 DAGs
[2024-03-04T16:26:01.877+0000] {logging_mixin.py:188} INFO - [2024-03-04T16:26:01.877+0000] {dag.py:3834} INFO - Setting next_dagrun for example_bash_operator to 2024-03-03 00:00:00+00:00, run_after=2024-03-04 00:00:00+00:00
[2024-03-04T16:26:01.888+0000] {processor.py:183} INFO - Processing /home/airflow/.local/lib/python3.11/site-packages/airflow/example_dags/example_bash_operator.py took 0.048 seconds
[2024-03-04T16:26:32.172+0000] {processor.py:161} INFO - Started process (PID=3782) to work on /home/airflow/.local/lib/python3.11/site-packages/airflow/example_dags/example_bash_operator.py
[2024-03-04T16:26:32.173+0000] {processor.py:830} INFO - Processing file /home/airflow/.local/lib/python3.11/site-packages/airflow/example_dags/example_bash_operator.py for tasks to queue
[2024-03-04T16:26:32.174+0000] {logging_mixin.py:188} INFO - [2024-03-04T16:26:32.173+0000] {dagbag.py:540} INFO - Filling up the DagBag from /home/airflow/.local/lib/python3.11/site-packages/airflow/example_dags/example_bash_operator.py
[2024-03-04T16:26:32.180+0000] {processor.py:840} INFO - DAG(s) 'example_bash_operator' retrieved from /home/airflow/.local/lib/python3.11/site-packages/airflow/example_dags/example_bash_operator.py
[2024-03-04T16:26:32.191+0000] {logging_mixin.py:188} INFO - [2024-03-04T16:26:32.191+0000] {dag.py:3047} INFO - Sync 1 DAGs
[2024-03-04T16:26:32.200+0000] {logging_mixin.py:188} INFO - [2024-03-04T16:26:32.200+0000] {dag.py:3834} INFO - Setting next_dagrun for example_bash_operator to 2024-03-03 00:00:00+00:00, run_after=2024-03-04 00:00:00+00:00
[2024-03-04T16:26:32.207+0000] {processor.py:183} INFO - Processing /home/airflow/.local/lib/python3.11/site-packages/airflow/example_dags/example_bash_operator.py took 0.036 seconds
[2024-03-04T16:27:03.211+0000] {processor.py:161} INFO - Started process (PID=3837) to work on /home/airflow/.local/lib/python3.11/site-packages/airflow/example_dags/example_bash_operator.py
[2024-03-04T16:27:03.212+0000] {processor.py:830} INFO - Processing file /home/airflow/.local/lib/python3.11/site-packages/airflow/example_dags/example_bash_operator.py for tasks to queue
[2024-03-04T16:27:03.213+0000] {logging_mixin.py:188} INFO - [2024-03-04T16:27:03.213+0000] {dagbag.py:540} INFO - Filling up the DagBag from /home/airflow/.local/lib/python3.11/site-packages/airflow/example_dags/example_bash_operator.py
[2024-03-04T16:27:03.218+0000] {processor.py:840} INFO - DAG(s) 'example_bash_operator' retrieved from /home/airflow/.local/lib/python3.11/site-packages/airflow/example_dags/example_bash_operator.py
[2024-03-04T16:27:03.228+0000] {logging_mixin.py:188} INFO - [2024-03-04T16:27:03.228+0000] {dag.py:3047} INFO - Sync 1 DAGs
[2024-03-04T16:27:03.236+0000] {logging_mixin.py:188} INFO - [2024-03-04T16:27:03.236+0000] {dag.py:3834} INFO - Setting next_dagrun for example_bash_operator to 2024-03-03 00:00:00+00:00, run_after=2024-03-04 00:00:00+00:00
[2024-03-04T16:27:03.242+0000] {processor.py:183} INFO - Processing /home/airflow/.local/lib/python3.11/site-packages/airflow/example_dags/example_bash_operator.py took 0.032 seconds
[2024-03-04T16:27:33.336+0000] {processor.py:161} INFO - Started process (PID=3892) to work on /home/airflow/.local/lib/python3.11/site-packages/airflow/example_dags/example_bash_operator.py
[2024-03-04T16:27:33.336+0000] {processor.py:830} INFO - Processing file /home/airflow/.local/lib/python3.11/site-packages/airflow/example_dags/example_bash_operator.py for tasks to queue
[2024-03-04T16:27:33.337+0000] {logging_mixin.py:188} INFO - [2024-03-04T16:27:33.337+0000] {dagbag.py:540} INFO - Filling up the DagBag from /home/airflow/.local/lib/python3.11/site-packages/airflow/example_dags/example_bash_operator.py
[2024-03-04T16:27:33.342+0000] {processor.py:840} INFO - DAG(s) 'example_bash_operator' retrieved from /home/airflow/.local/lib/python3.11/site-packages/airflow/example_dags/example_bash_operator.py
[2024-03-04T16:27:33.352+0000] {logging_mixin.py:188} INFO - [2024-03-04T16:27:33.352+0000] {dag.py:3047} INFO - Sync 1 DAGs
[2024-03-04T16:27:33.360+0000] {logging_mixin.py:188} INFO - [2024-03-04T16:27:33.360+0000] {dag.py:3834} INFO - Setting next_dagrun for example_bash_operator to 2024-03-03 00:00:00+00:00, run_after=2024-03-04 00:00:00+00:00
[2024-03-04T16:27:33.366+0000] {processor.py:183} INFO - Processing /home/airflow/.local/lib/python3.11/site-packages/airflow/example_dags/example_bash_operator.py took 0.031 seconds
[2024-03-04T16:28:03.611+0000] {processor.py:161} INFO - Started process (PID=3947) to work on /home/airflow/.local/lib/python3.11/site-packages/airflow/example_dags/example_bash_operator.py
[2024-03-04T16:28:03.612+0000] {processor.py:830} INFO - Processing file /home/airflow/.local/lib/python3.11/site-packages/airflow/example_dags/example_bash_operator.py for tasks to queue
[2024-03-04T16:28:03.613+0000] {logging_mixin.py:188} INFO - [2024-03-04T16:28:03.612+0000] {dagbag.py:540} INFO - Filling up the DagBag from /home/airflow/.local/lib/python3.11/site-packages/airflow/example_dags/example_bash_operator.py
[2024-03-04T16:28:03.617+0000] {processor.py:840} INFO - DAG(s) 'example_bash_operator' retrieved from /home/airflow/.local/lib/python3.11/site-packages/airflow/example_dags/example_bash_operator.py
[2024-03-04T16:28:03.627+0000] {logging_mixin.py:188} INFO - [2024-03-04T16:28:03.627+0000] {dag.py:3047} INFO - Sync 1 DAGs
[2024-03-04T16:28:03.635+0000] {logging_mixin.py:188} INFO - [2024-03-04T16:28:03.635+0000] {dag.py:3834} INFO - Setting next_dagrun for example_bash_operator to 2024-03-03 00:00:00+00:00, run_after=2024-03-04 00:00:00+00:00
[2024-03-04T16:28:03.641+0000] {processor.py:183} INFO - Processing /home/airflow/.local/lib/python3.11/site-packages/airflow/example_dags/example_bash_operator.py took 0.031 seconds
