[2024-03-04T15:51:59.163+0000] {processor.py:161} INFO - Started process (PID=68) to work on /home/airflow/.local/lib/python3.11/site-packages/airflow/example_dags/example_branch_labels.py
[2024-03-04T15:51:59.163+0000] {processor.py:830} INFO - Processing file /home/airflow/.local/lib/python3.11/site-packages/airflow/example_dags/example_branch_labels.py for tasks to queue
[2024-03-04T15:51:59.164+0000] {logging_mixin.py:188} INFO - [2024-03-04T15:51:59.164+0000] {dagbag.py:540} INFO - Filling up the DagBag from /home/airflow/.local/lib/python3.11/site-packages/airflow/example_dags/example_branch_labels.py
[2024-03-04T15:51:59.169+0000] {processor.py:840} INFO - DAG(s) 'example_branch_labels' retrieved from /home/airflow/.local/lib/python3.11/site-packages/airflow/example_dags/example_branch_labels.py
[2024-03-04T15:51:59.287+0000] {logging_mixin.py:188} INFO - [2024-03-04T15:51:59.286+0000] {override.py:1769} INFO - Created Permission View: can read on DAG:example_branch_labels
[2024-03-04T15:51:59.298+0000] {logging_mixin.py:188} INFO - [2024-03-04T15:51:59.298+0000] {override.py:1769} INFO - Created Permission View: can delete on DAG:example_branch_labels
[2024-03-04T15:51:59.304+0000] {logging_mixin.py:188} INFO - [2024-03-04T15:51:59.304+0000] {override.py:1769} INFO - Created Permission View: can edit on DAG:example_branch_labels
[2024-03-04T15:51:59.304+0000] {logging_mixin.py:188} INFO - [2024-03-04T15:51:59.304+0000] {dag.py:3047} INFO - Sync 1 DAGs
[2024-03-04T15:51:59.311+0000] {logging_mixin.py:188} INFO - [2024-03-04T15:51:59.311+0000] {dag.py:3069} INFO - Creating ORM DAG for example_branch_labels
[2024-03-04T15:51:59.316+0000] {logging_mixin.py:188} INFO - [2024-03-04T15:51:59.316+0000] {dag.py:3834} INFO - Setting next_dagrun for example_branch_labels to 2024-03-03 00:00:00+00:00, run_after=2024-03-04 00:00:00+00:00
[2024-03-04T15:51:59.324+0000] {processor.py:183} INFO - Processing /home/airflow/.local/lib/python3.11/site-packages/airflow/example_dags/example_branch_labels.py took 0.163 seconds
[2024-03-04T15:52:29.447+0000] {processor.py:161} INFO - Started process (PID=123) to work on /home/airflow/.local/lib/python3.11/site-packages/airflow/example_dags/example_branch_labels.py
[2024-03-04T15:52:29.448+0000] {processor.py:830} INFO - Processing file /home/airflow/.local/lib/python3.11/site-packages/airflow/example_dags/example_branch_labels.py for tasks to queue
[2024-03-04T15:52:29.450+0000] {logging_mixin.py:188} INFO - [2024-03-04T15:52:29.450+0000] {dagbag.py:540} INFO - Filling up the DagBag from /home/airflow/.local/lib/python3.11/site-packages/airflow/example_dags/example_branch_labels.py
[2024-03-04T15:52:29.455+0000] {processor.py:840} INFO - DAG(s) 'example_branch_labels' retrieved from /home/airflow/.local/lib/python3.11/site-packages/airflow/example_dags/example_branch_labels.py
[2024-03-04T15:52:29.465+0000] {logging_mixin.py:188} INFO - [2024-03-04T15:52:29.465+0000] {dag.py:3047} INFO - Sync 1 DAGs
[2024-03-04T15:52:29.474+0000] {logging_mixin.py:188} INFO - [2024-03-04T15:52:29.474+0000] {dag.py:3834} INFO - Setting next_dagrun for example_branch_labels to 2024-03-03 00:00:00+00:00, run_after=2024-03-04 00:00:00+00:00
[2024-03-04T15:52:29.481+0000] {processor.py:183} INFO - Processing /home/airflow/.local/lib/python3.11/site-packages/airflow/example_dags/example_branch_labels.py took 0.035 seconds
[2024-03-04T15:53:00.332+0000] {processor.py:161} INFO - Started process (PID=178) to work on /home/airflow/.local/lib/python3.11/site-packages/airflow/example_dags/example_branch_labels.py
[2024-03-04T15:53:00.333+0000] {processor.py:830} INFO - Processing file /home/airflow/.local/lib/python3.11/site-packages/airflow/example_dags/example_branch_labels.py for tasks to queue
[2024-03-04T15:53:00.334+0000] {logging_mixin.py:188} INFO - [2024-03-04T15:53:00.333+0000] {dagbag.py:540} INFO - Filling up the DagBag from /home/airflow/.local/lib/python3.11/site-packages/airflow/example_dags/example_branch_labels.py
[2024-03-04T15:53:00.337+0000] {processor.py:840} INFO - DAG(s) 'example_branch_labels' retrieved from /home/airflow/.local/lib/python3.11/site-packages/airflow/example_dags/example_branch_labels.py
[2024-03-04T15:53:00.346+0000] {logging_mixin.py:188} INFO - [2024-03-04T15:53:00.346+0000] {dag.py:3047} INFO - Sync 1 DAGs
[2024-03-04T15:53:00.354+0000] {logging_mixin.py:188} INFO - [2024-03-04T15:53:00.354+0000] {dag.py:3834} INFO - Setting next_dagrun for example_branch_labels to 2024-03-03 00:00:00+00:00, run_after=2024-03-04 00:00:00+00:00
[2024-03-04T15:53:00.362+0000] {processor.py:183} INFO - Processing /home/airflow/.local/lib/python3.11/site-packages/airflow/example_dags/example_branch_labels.py took 0.031 seconds
[2024-03-04T15:53:30.636+0000] {processor.py:161} INFO - Started process (PID=233) to work on /home/airflow/.local/lib/python3.11/site-packages/airflow/example_dags/example_branch_labels.py
[2024-03-04T15:53:30.637+0000] {processor.py:830} INFO - Processing file /home/airflow/.local/lib/python3.11/site-packages/airflow/example_dags/example_branch_labels.py for tasks to queue
[2024-03-04T15:53:30.638+0000] {logging_mixin.py:188} INFO - [2024-03-04T15:53:30.638+0000] {dagbag.py:540} INFO - Filling up the DagBag from /home/airflow/.local/lib/python3.11/site-packages/airflow/example_dags/example_branch_labels.py
[2024-03-04T15:53:30.641+0000] {processor.py:840} INFO - DAG(s) 'example_branch_labels' retrieved from /home/airflow/.local/lib/python3.11/site-packages/airflow/example_dags/example_branch_labels.py
[2024-03-04T15:53:30.650+0000] {logging_mixin.py:188} INFO - [2024-03-04T15:53:30.650+0000] {dag.py:3047} INFO - Sync 1 DAGs
[2024-03-04T15:53:30.658+0000] {logging_mixin.py:188} INFO - [2024-03-04T15:53:30.658+0000] {dag.py:3834} INFO - Setting next_dagrun for example_branch_labels to 2024-03-03 00:00:00+00:00, run_after=2024-03-04 00:00:00+00:00
[2024-03-04T15:53:30.665+0000] {processor.py:183} INFO - Processing /home/airflow/.local/lib/python3.11/site-packages/airflow/example_dags/example_branch_labels.py took 0.030 seconds
[2024-03-04T15:54:01.641+0000] {processor.py:161} INFO - Started process (PID=288) to work on /home/airflow/.local/lib/python3.11/site-packages/airflow/example_dags/example_branch_labels.py
[2024-03-04T15:54:01.642+0000] {processor.py:830} INFO - Processing file /home/airflow/.local/lib/python3.11/site-packages/airflow/example_dags/example_branch_labels.py for tasks to queue
[2024-03-04T15:54:01.643+0000] {logging_mixin.py:188} INFO - [2024-03-04T15:54:01.643+0000] {dagbag.py:540} INFO - Filling up the DagBag from /home/airflow/.local/lib/python3.11/site-packages/airflow/example_dags/example_branch_labels.py
[2024-03-04T15:54:01.647+0000] {processor.py:840} INFO - DAG(s) 'example_branch_labels' retrieved from /home/airflow/.local/lib/python3.11/site-packages/airflow/example_dags/example_branch_labels.py
[2024-03-04T15:54:01.655+0000] {logging_mixin.py:188} INFO - [2024-03-04T15:54:01.655+0000] {dag.py:3047} INFO - Sync 1 DAGs
[2024-03-04T15:54:01.664+0000] {logging_mixin.py:188} INFO - [2024-03-04T15:54:01.664+0000] {dag.py:3834} INFO - Setting next_dagrun for example_branch_labels to 2024-03-03 00:00:00+00:00, run_after=2024-03-04 00:00:00+00:00
[2024-03-04T15:54:01.670+0000] {processor.py:183} INFO - Processing /home/airflow/.local/lib/python3.11/site-packages/airflow/example_dags/example_branch_labels.py took 0.031 seconds
[2024-03-04T15:54:32.306+0000] {processor.py:161} INFO - Started process (PID=343) to work on /home/airflow/.local/lib/python3.11/site-packages/airflow/example_dags/example_branch_labels.py
[2024-03-04T15:54:32.307+0000] {processor.py:830} INFO - Processing file /home/airflow/.local/lib/python3.11/site-packages/airflow/example_dags/example_branch_labels.py for tasks to queue
[2024-03-04T15:54:32.308+0000] {logging_mixin.py:188} INFO - [2024-03-04T15:54:32.308+0000] {dagbag.py:540} INFO - Filling up the DagBag from /home/airflow/.local/lib/python3.11/site-packages/airflow/example_dags/example_branch_labels.py
[2024-03-04T15:54:32.312+0000] {processor.py:840} INFO - DAG(s) 'example_branch_labels' retrieved from /home/airflow/.local/lib/python3.11/site-packages/airflow/example_dags/example_branch_labels.py
[2024-03-04T15:54:32.321+0000] {logging_mixin.py:188} INFO - [2024-03-04T15:54:32.321+0000] {dag.py:3047} INFO - Sync 1 DAGs
[2024-03-04T15:54:32.330+0000] {logging_mixin.py:188} INFO - [2024-03-04T15:54:32.330+0000] {dag.py:3834} INFO - Setting next_dagrun for example_branch_labels to 2024-03-03 00:00:00+00:00, run_after=2024-03-04 00:00:00+00:00
[2024-03-04T15:54:32.336+0000] {processor.py:183} INFO - Processing /home/airflow/.local/lib/python3.11/site-packages/airflow/example_dags/example_branch_labels.py took 0.031 seconds
[2024-03-04T15:55:03.087+0000] {processor.py:161} INFO - Started process (PID=398) to work on /home/airflow/.local/lib/python3.11/site-packages/airflow/example_dags/example_branch_labels.py
[2024-03-04T15:55:03.088+0000] {processor.py:830} INFO - Processing file /home/airflow/.local/lib/python3.11/site-packages/airflow/example_dags/example_branch_labels.py for tasks to queue
[2024-03-04T15:55:03.089+0000] {logging_mixin.py:188} INFO - [2024-03-04T15:55:03.089+0000] {dagbag.py:540} INFO - Filling up the DagBag from /home/airflow/.local/lib/python3.11/site-packages/airflow/example_dags/example_branch_labels.py
[2024-03-04T15:55:03.093+0000] {processor.py:840} INFO - DAG(s) 'example_branch_labels' retrieved from /home/airflow/.local/lib/python3.11/site-packages/airflow/example_dags/example_branch_labels.py
[2024-03-04T15:55:03.102+0000] {logging_mixin.py:188} INFO - [2024-03-04T15:55:03.102+0000] {dag.py:3047} INFO - Sync 1 DAGs
[2024-03-04T15:55:03.111+0000] {logging_mixin.py:188} INFO - [2024-03-04T15:55:03.111+0000] {dag.py:3834} INFO - Setting next_dagrun for example_branch_labels to 2024-03-03 00:00:00+00:00, run_after=2024-03-04 00:00:00+00:00
[2024-03-04T15:55:03.117+0000] {processor.py:183} INFO - Processing /home/airflow/.local/lib/python3.11/site-packages/airflow/example_dags/example_branch_labels.py took 0.031 seconds
[2024-03-04T15:55:33.834+0000] {processor.py:161} INFO - Started process (PID=453) to work on /home/airflow/.local/lib/python3.11/site-packages/airflow/example_dags/example_branch_labels.py
[2024-03-04T15:55:33.835+0000] {processor.py:830} INFO - Processing file /home/airflow/.local/lib/python3.11/site-packages/airflow/example_dags/example_branch_labels.py for tasks to queue
[2024-03-04T15:55:33.836+0000] {logging_mixin.py:188} INFO - [2024-03-04T15:55:33.836+0000] {dagbag.py:540} INFO - Filling up the DagBag from /home/airflow/.local/lib/python3.11/site-packages/airflow/example_dags/example_branch_labels.py
[2024-03-04T15:55:33.839+0000] {processor.py:840} INFO - DAG(s) 'example_branch_labels' retrieved from /home/airflow/.local/lib/python3.11/site-packages/airflow/example_dags/example_branch_labels.py
[2024-03-04T15:55:33.851+0000] {logging_mixin.py:188} INFO - [2024-03-04T15:55:33.851+0000] {dag.py:3047} INFO - Sync 1 DAGs
[2024-03-04T15:55:33.860+0000] {logging_mixin.py:188} INFO - [2024-03-04T15:55:33.860+0000] {dag.py:3834} INFO - Setting next_dagrun for example_branch_labels to 2024-03-03 00:00:00+00:00, run_after=2024-03-04 00:00:00+00:00
[2024-03-04T15:55:33.867+0000] {processor.py:183} INFO - Processing /home/airflow/.local/lib/python3.11/site-packages/airflow/example_dags/example_branch_labels.py took 0.034 seconds
[2024-03-04T15:56:04.570+0000] {processor.py:161} INFO - Started process (PID=508) to work on /home/airflow/.local/lib/python3.11/site-packages/airflow/example_dags/example_branch_labels.py
[2024-03-04T15:56:04.571+0000] {processor.py:830} INFO - Processing file /home/airflow/.local/lib/python3.11/site-packages/airflow/example_dags/example_branch_labels.py for tasks to queue
[2024-03-04T15:56:04.572+0000] {logging_mixin.py:188} INFO - [2024-03-04T15:56:04.572+0000] {dagbag.py:540} INFO - Filling up the DagBag from /home/airflow/.local/lib/python3.11/site-packages/airflow/example_dags/example_branch_labels.py
[2024-03-04T15:56:04.575+0000] {processor.py:840} INFO - DAG(s) 'example_branch_labels' retrieved from /home/airflow/.local/lib/python3.11/site-packages/airflow/example_dags/example_branch_labels.py
[2024-03-04T15:56:04.584+0000] {logging_mixin.py:188} INFO - [2024-03-04T15:56:04.584+0000] {dag.py:3047} INFO - Sync 1 DAGs
[2024-03-04T15:56:04.593+0000] {logging_mixin.py:188} INFO - [2024-03-04T15:56:04.593+0000] {dag.py:3834} INFO - Setting next_dagrun for example_branch_labels to 2024-03-03 00:00:00+00:00, run_after=2024-03-04 00:00:00+00:00
[2024-03-04T15:56:04.599+0000] {processor.py:183} INFO - Processing /home/airflow/.local/lib/python3.11/site-packages/airflow/example_dags/example_branch_labels.py took 0.031 seconds
[2024-03-04T15:56:35.262+0000] {processor.py:161} INFO - Started process (PID=563) to work on /home/airflow/.local/lib/python3.11/site-packages/airflow/example_dags/example_branch_labels.py
[2024-03-04T15:56:35.262+0000] {processor.py:830} INFO - Processing file /home/airflow/.local/lib/python3.11/site-packages/airflow/example_dags/example_branch_labels.py for tasks to queue
[2024-03-04T15:56:35.263+0000] {logging_mixin.py:188} INFO - [2024-03-04T15:56:35.263+0000] {dagbag.py:540} INFO - Filling up the DagBag from /home/airflow/.local/lib/python3.11/site-packages/airflow/example_dags/example_branch_labels.py
[2024-03-04T15:56:35.267+0000] {processor.py:840} INFO - DAG(s) 'example_branch_labels' retrieved from /home/airflow/.local/lib/python3.11/site-packages/airflow/example_dags/example_branch_labels.py
[2024-03-04T15:56:35.276+0000] {logging_mixin.py:188} INFO - [2024-03-04T15:56:35.276+0000] {dag.py:3047} INFO - Sync 1 DAGs
[2024-03-04T15:56:35.284+0000] {logging_mixin.py:188} INFO - [2024-03-04T15:56:35.284+0000] {dag.py:3834} INFO - Setting next_dagrun for example_branch_labels to 2024-03-03 00:00:00+00:00, run_after=2024-03-04 00:00:00+00:00
[2024-03-04T15:56:35.291+0000] {processor.py:183} INFO - Processing /home/airflow/.local/lib/python3.11/site-packages/airflow/example_dags/example_branch_labels.py took 0.030 seconds
[2024-03-04T15:57:06.032+0000] {processor.py:161} INFO - Started process (PID=618) to work on /home/airflow/.local/lib/python3.11/site-packages/airflow/example_dags/example_branch_labels.py
[2024-03-04T15:57:06.033+0000] {processor.py:830} INFO - Processing file /home/airflow/.local/lib/python3.11/site-packages/airflow/example_dags/example_branch_labels.py for tasks to queue
[2024-03-04T15:57:06.033+0000] {logging_mixin.py:188} INFO - [2024-03-04T15:57:06.033+0000] {dagbag.py:540} INFO - Filling up the DagBag from /home/airflow/.local/lib/python3.11/site-packages/airflow/example_dags/example_branch_labels.py
[2024-03-04T15:57:06.037+0000] {processor.py:840} INFO - DAG(s) 'example_branch_labels' retrieved from /home/airflow/.local/lib/python3.11/site-packages/airflow/example_dags/example_branch_labels.py
[2024-03-04T15:57:06.046+0000] {logging_mixin.py:188} INFO - [2024-03-04T15:57:06.045+0000] {dag.py:3047} INFO - Sync 1 DAGs
[2024-03-04T15:57:06.054+0000] {logging_mixin.py:188} INFO - [2024-03-04T15:57:06.054+0000] {dag.py:3834} INFO - Setting next_dagrun for example_branch_labels to 2024-03-03 00:00:00+00:00, run_after=2024-03-04 00:00:00+00:00
[2024-03-04T15:57:06.060+0000] {processor.py:183} INFO - Processing /home/airflow/.local/lib/python3.11/site-packages/airflow/example_dags/example_branch_labels.py took 0.030 seconds
[2024-03-04T15:57:36.743+0000] {processor.py:161} INFO - Started process (PID=673) to work on /home/airflow/.local/lib/python3.11/site-packages/airflow/example_dags/example_branch_labels.py
[2024-03-04T15:57:36.744+0000] {processor.py:830} INFO - Processing file /home/airflow/.local/lib/python3.11/site-packages/airflow/example_dags/example_branch_labels.py for tasks to queue
[2024-03-04T15:57:36.745+0000] {logging_mixin.py:188} INFO - [2024-03-04T15:57:36.744+0000] {dagbag.py:540} INFO - Filling up the DagBag from /home/airflow/.local/lib/python3.11/site-packages/airflow/example_dags/example_branch_labels.py
[2024-03-04T15:57:36.748+0000] {processor.py:840} INFO - DAG(s) 'example_branch_labels' retrieved from /home/airflow/.local/lib/python3.11/site-packages/airflow/example_dags/example_branch_labels.py
[2024-03-04T15:57:36.759+0000] {logging_mixin.py:188} INFO - [2024-03-04T15:57:36.758+0000] {dag.py:3047} INFO - Sync 1 DAGs
[2024-03-04T15:57:36.767+0000] {logging_mixin.py:188} INFO - [2024-03-04T15:57:36.767+0000] {dag.py:3834} INFO - Setting next_dagrun for example_branch_labels to 2024-03-03 00:00:00+00:00, run_after=2024-03-04 00:00:00+00:00
[2024-03-04T15:57:36.774+0000] {processor.py:183} INFO - Processing /home/airflow/.local/lib/python3.11/site-packages/airflow/example_dags/example_branch_labels.py took 0.033 seconds
[2024-03-04T15:58:07.499+0000] {processor.py:161} INFO - Started process (PID=728) to work on /home/airflow/.local/lib/python3.11/site-packages/airflow/example_dags/example_branch_labels.py
[2024-03-04T15:58:07.499+0000] {processor.py:830} INFO - Processing file /home/airflow/.local/lib/python3.11/site-packages/airflow/example_dags/example_branch_labels.py for tasks to queue
[2024-03-04T15:58:07.500+0000] {logging_mixin.py:188} INFO - [2024-03-04T15:58:07.500+0000] {dagbag.py:540} INFO - Filling up the DagBag from /home/airflow/.local/lib/python3.11/site-packages/airflow/example_dags/example_branch_labels.py
[2024-03-04T15:58:07.504+0000] {processor.py:840} INFO - DAG(s) 'example_branch_labels' retrieved from /home/airflow/.local/lib/python3.11/site-packages/airflow/example_dags/example_branch_labels.py
[2024-03-04T15:58:07.518+0000] {logging_mixin.py:188} INFO - [2024-03-04T15:58:07.518+0000] {dag.py:3047} INFO - Sync 1 DAGs
[2024-03-04T15:58:07.529+0000] {logging_mixin.py:188} INFO - [2024-03-04T15:58:07.529+0000] {dag.py:3834} INFO - Setting next_dagrun for example_branch_labels to 2024-03-03 00:00:00+00:00, run_after=2024-03-04 00:00:00+00:00
[2024-03-04T15:58:07.536+0000] {processor.py:183} INFO - Processing /home/airflow/.local/lib/python3.11/site-packages/airflow/example_dags/example_branch_labels.py took 0.038 seconds
[2024-03-04T15:58:38.239+0000] {processor.py:161} INFO - Started process (PID=783) to work on /home/airflow/.local/lib/python3.11/site-packages/airflow/example_dags/example_branch_labels.py
[2024-03-04T15:58:38.239+0000] {processor.py:830} INFO - Processing file /home/airflow/.local/lib/python3.11/site-packages/airflow/example_dags/example_branch_labels.py for tasks to queue
[2024-03-04T15:58:38.240+0000] {logging_mixin.py:188} INFO - [2024-03-04T15:58:38.240+0000] {dagbag.py:540} INFO - Filling up the DagBag from /home/airflow/.local/lib/python3.11/site-packages/airflow/example_dags/example_branch_labels.py
[2024-03-04T15:58:38.244+0000] {processor.py:840} INFO - DAG(s) 'example_branch_labels' retrieved from /home/airflow/.local/lib/python3.11/site-packages/airflow/example_dags/example_branch_labels.py
[2024-03-04T15:58:38.253+0000] {logging_mixin.py:188} INFO - [2024-03-04T15:58:38.253+0000] {dag.py:3047} INFO - Sync 1 DAGs
[2024-03-04T15:58:38.261+0000] {logging_mixin.py:188} INFO - [2024-03-04T15:58:38.261+0000] {dag.py:3834} INFO - Setting next_dagrun for example_branch_labels to 2024-03-03 00:00:00+00:00, run_after=2024-03-04 00:00:00+00:00
[2024-03-04T15:58:38.268+0000] {processor.py:183} INFO - Processing /home/airflow/.local/lib/python3.11/site-packages/airflow/example_dags/example_branch_labels.py took 0.030 seconds
[2024-03-04T15:59:08.844+0000] {processor.py:161} INFO - Started process (PID=838) to work on /home/airflow/.local/lib/python3.11/site-packages/airflow/example_dags/example_branch_labels.py
[2024-03-04T15:59:08.845+0000] {processor.py:830} INFO - Processing file /home/airflow/.local/lib/python3.11/site-packages/airflow/example_dags/example_branch_labels.py for tasks to queue
[2024-03-04T15:59:08.846+0000] {logging_mixin.py:188} INFO - [2024-03-04T15:59:08.846+0000] {dagbag.py:540} INFO - Filling up the DagBag from /home/airflow/.local/lib/python3.11/site-packages/airflow/example_dags/example_branch_labels.py
[2024-03-04T15:59:08.849+0000] {processor.py:840} INFO - DAG(s) 'example_branch_labels' retrieved from /home/airflow/.local/lib/python3.11/site-packages/airflow/example_dags/example_branch_labels.py
[2024-03-04T15:59:08.858+0000] {logging_mixin.py:188} INFO - [2024-03-04T15:59:08.858+0000] {dag.py:3047} INFO - Sync 1 DAGs
[2024-03-04T15:59:08.866+0000] {logging_mixin.py:188} INFO - [2024-03-04T15:59:08.866+0000] {dag.py:3834} INFO - Setting next_dagrun for example_branch_labels to 2024-03-03 00:00:00+00:00, run_after=2024-03-04 00:00:00+00:00
[2024-03-04T15:59:08.873+0000] {processor.py:183} INFO - Processing /home/airflow/.local/lib/python3.11/site-packages/airflow/example_dags/example_branch_labels.py took 0.031 seconds
[2024-03-04T15:59:39.399+0000] {processor.py:161} INFO - Started process (PID=893) to work on /home/airflow/.local/lib/python3.11/site-packages/airflow/example_dags/example_branch_labels.py
[2024-03-04T15:59:39.400+0000] {processor.py:830} INFO - Processing file /home/airflow/.local/lib/python3.11/site-packages/airflow/example_dags/example_branch_labels.py for tasks to queue
[2024-03-04T15:59:39.401+0000] {logging_mixin.py:188} INFO - [2024-03-04T15:59:39.401+0000] {dagbag.py:540} INFO - Filling up the DagBag from /home/airflow/.local/lib/python3.11/site-packages/airflow/example_dags/example_branch_labels.py
[2024-03-04T15:59:39.404+0000] {processor.py:840} INFO - DAG(s) 'example_branch_labels' retrieved from /home/airflow/.local/lib/python3.11/site-packages/airflow/example_dags/example_branch_labels.py
[2024-03-04T15:59:39.413+0000] {logging_mixin.py:188} INFO - [2024-03-04T15:59:39.413+0000] {dag.py:3047} INFO - Sync 1 DAGs
[2024-03-04T15:59:39.421+0000] {logging_mixin.py:188} INFO - [2024-03-04T15:59:39.421+0000] {dag.py:3834} INFO - Setting next_dagrun for example_branch_labels to 2024-03-03 00:00:00+00:00, run_after=2024-03-04 00:00:00+00:00
[2024-03-04T15:59:39.428+0000] {processor.py:183} INFO - Processing /home/airflow/.local/lib/python3.11/site-packages/airflow/example_dags/example_branch_labels.py took 0.030 seconds
[2024-03-04T16:00:10.145+0000] {processor.py:161} INFO - Started process (PID=948) to work on /home/airflow/.local/lib/python3.11/site-packages/airflow/example_dags/example_branch_labels.py
[2024-03-04T16:00:10.146+0000] {processor.py:830} INFO - Processing file /home/airflow/.local/lib/python3.11/site-packages/airflow/example_dags/example_branch_labels.py for tasks to queue
[2024-03-04T16:00:10.147+0000] {logging_mixin.py:188} INFO - [2024-03-04T16:00:10.147+0000] {dagbag.py:540} INFO - Filling up the DagBag from /home/airflow/.local/lib/python3.11/site-packages/airflow/example_dags/example_branch_labels.py
[2024-03-04T16:00:10.150+0000] {processor.py:840} INFO - DAG(s) 'example_branch_labels' retrieved from /home/airflow/.local/lib/python3.11/site-packages/airflow/example_dags/example_branch_labels.py
[2024-03-04T16:00:10.171+0000] {logging_mixin.py:188} INFO - [2024-03-04T16:00:10.171+0000] {dag.py:3047} INFO - Sync 1 DAGs
[2024-03-04T16:00:10.184+0000] {logging_mixin.py:188} INFO - [2024-03-04T16:00:10.184+0000] {dag.py:3834} INFO - Setting next_dagrun for example_branch_labels to 2024-03-03 00:00:00+00:00, run_after=2024-03-04 00:00:00+00:00
[2024-03-04T16:00:10.191+0000] {processor.py:183} INFO - Processing /home/airflow/.local/lib/python3.11/site-packages/airflow/example_dags/example_branch_labels.py took 0.047 seconds
[2024-03-04T16:00:40.929+0000] {processor.py:161} INFO - Started process (PID=1002) to work on /home/airflow/.local/lib/python3.11/site-packages/airflow/example_dags/example_branch_labels.py
[2024-03-04T16:00:40.930+0000] {processor.py:830} INFO - Processing file /home/airflow/.local/lib/python3.11/site-packages/airflow/example_dags/example_branch_labels.py for tasks to queue
[2024-03-04T16:00:40.931+0000] {logging_mixin.py:188} INFO - [2024-03-04T16:00:40.931+0000] {dagbag.py:540} INFO - Filling up the DagBag from /home/airflow/.local/lib/python3.11/site-packages/airflow/example_dags/example_branch_labels.py
[2024-03-04T16:00:40.934+0000] {processor.py:840} INFO - DAG(s) 'example_branch_labels' retrieved from /home/airflow/.local/lib/python3.11/site-packages/airflow/example_dags/example_branch_labels.py
[2024-03-04T16:00:40.943+0000] {logging_mixin.py:188} INFO - [2024-03-04T16:00:40.943+0000] {dag.py:3047} INFO - Sync 1 DAGs
[2024-03-04T16:00:40.952+0000] {logging_mixin.py:188} INFO - [2024-03-04T16:00:40.952+0000] {dag.py:3834} INFO - Setting next_dagrun for example_branch_labels to 2024-03-03 00:00:00+00:00, run_after=2024-03-04 00:00:00+00:00
[2024-03-04T16:00:40.958+0000] {processor.py:183} INFO - Processing /home/airflow/.local/lib/python3.11/site-packages/airflow/example_dags/example_branch_labels.py took 0.030 seconds
[2024-03-04T16:01:11.719+0000] {processor.py:161} INFO - Started process (PID=1057) to work on /home/airflow/.local/lib/python3.11/site-packages/airflow/example_dags/example_branch_labels.py
[2024-03-04T16:01:11.720+0000] {processor.py:830} INFO - Processing file /home/airflow/.local/lib/python3.11/site-packages/airflow/example_dags/example_branch_labels.py for tasks to queue
[2024-03-04T16:01:11.721+0000] {logging_mixin.py:188} INFO - [2024-03-04T16:01:11.721+0000] {dagbag.py:540} INFO - Filling up the DagBag from /home/airflow/.local/lib/python3.11/site-packages/airflow/example_dags/example_branch_labels.py
[2024-03-04T16:01:11.725+0000] {processor.py:840} INFO - DAG(s) 'example_branch_labels' retrieved from /home/airflow/.local/lib/python3.11/site-packages/airflow/example_dags/example_branch_labels.py
[2024-03-04T16:01:11.735+0000] {logging_mixin.py:188} INFO - [2024-03-04T16:01:11.735+0000] {dag.py:3047} INFO - Sync 1 DAGs
[2024-03-04T16:01:11.745+0000] {logging_mixin.py:188} INFO - [2024-03-04T16:01:11.745+0000] {dag.py:3834} INFO - Setting next_dagrun for example_branch_labels to 2024-03-03 00:00:00+00:00, run_after=2024-03-04 00:00:00+00:00
[2024-03-04T16:01:11.751+0000] {processor.py:183} INFO - Processing /home/airflow/.local/lib/python3.11/site-packages/airflow/example_dags/example_branch_labels.py took 0.033 seconds
[2024-03-04T16:01:42.491+0000] {processor.py:161} INFO - Started process (PID=1112) to work on /home/airflow/.local/lib/python3.11/site-packages/airflow/example_dags/example_branch_labels.py
[2024-03-04T16:01:42.491+0000] {processor.py:830} INFO - Processing file /home/airflow/.local/lib/python3.11/site-packages/airflow/example_dags/example_branch_labels.py for tasks to queue
[2024-03-04T16:01:42.492+0000] {logging_mixin.py:188} INFO - [2024-03-04T16:01:42.492+0000] {dagbag.py:540} INFO - Filling up the DagBag from /home/airflow/.local/lib/python3.11/site-packages/airflow/example_dags/example_branch_labels.py
[2024-03-04T16:01:42.496+0000] {processor.py:840} INFO - DAG(s) 'example_branch_labels' retrieved from /home/airflow/.local/lib/python3.11/site-packages/airflow/example_dags/example_branch_labels.py
[2024-03-04T16:01:42.504+0000] {logging_mixin.py:188} INFO - [2024-03-04T16:01:42.504+0000] {dag.py:3047} INFO - Sync 1 DAGs
[2024-03-04T16:01:42.512+0000] {logging_mixin.py:188} INFO - [2024-03-04T16:01:42.512+0000] {dag.py:3834} INFO - Setting next_dagrun for example_branch_labels to 2024-03-03 00:00:00+00:00, run_after=2024-03-04 00:00:00+00:00
[2024-03-04T16:01:42.518+0000] {processor.py:183} INFO - Processing /home/airflow/.local/lib/python3.11/site-packages/airflow/example_dags/example_branch_labels.py took 0.029 seconds
[2024-03-04T16:02:13.317+0000] {processor.py:161} INFO - Started process (PID=1173) to work on /home/airflow/.local/lib/python3.11/site-packages/airflow/example_dags/example_branch_labels.py
[2024-03-04T16:02:13.318+0000] {processor.py:830} INFO - Processing file /home/airflow/.local/lib/python3.11/site-packages/airflow/example_dags/example_branch_labels.py for tasks to queue
[2024-03-04T16:02:13.318+0000] {logging_mixin.py:188} INFO - [2024-03-04T16:02:13.318+0000] {dagbag.py:540} INFO - Filling up the DagBag from /home/airflow/.local/lib/python3.11/site-packages/airflow/example_dags/example_branch_labels.py
[2024-03-04T16:02:13.322+0000] {processor.py:840} INFO - DAG(s) 'example_branch_labels' retrieved from /home/airflow/.local/lib/python3.11/site-packages/airflow/example_dags/example_branch_labels.py
[2024-03-04T16:02:13.330+0000] {logging_mixin.py:188} INFO - [2024-03-04T16:02:13.330+0000] {dag.py:3047} INFO - Sync 1 DAGs
[2024-03-04T16:02:13.339+0000] {logging_mixin.py:188} INFO - [2024-03-04T16:02:13.339+0000] {dag.py:3834} INFO - Setting next_dagrun for example_branch_labels to 2024-03-03 00:00:00+00:00, run_after=2024-03-04 00:00:00+00:00
[2024-03-04T16:02:13.345+0000] {processor.py:183} INFO - Processing /home/airflow/.local/lib/python3.11/site-packages/airflow/example_dags/example_branch_labels.py took 0.030 seconds
[2024-03-04T16:02:44.060+0000] {processor.py:161} INFO - Started process (PID=1228) to work on /home/airflow/.local/lib/python3.11/site-packages/airflow/example_dags/example_branch_labels.py
[2024-03-04T16:02:44.060+0000] {processor.py:830} INFO - Processing file /home/airflow/.local/lib/python3.11/site-packages/airflow/example_dags/example_branch_labels.py for tasks to queue
[2024-03-04T16:02:44.061+0000] {logging_mixin.py:188} INFO - [2024-03-04T16:02:44.061+0000] {dagbag.py:540} INFO - Filling up the DagBag from /home/airflow/.local/lib/python3.11/site-packages/airflow/example_dags/example_branch_labels.py
[2024-03-04T16:02:44.064+0000] {processor.py:840} INFO - DAG(s) 'example_branch_labels' retrieved from /home/airflow/.local/lib/python3.11/site-packages/airflow/example_dags/example_branch_labels.py
[2024-03-04T16:02:44.073+0000] {logging_mixin.py:188} INFO - [2024-03-04T16:02:44.073+0000] {dag.py:3047} INFO - Sync 1 DAGs
[2024-03-04T16:02:44.082+0000] {logging_mixin.py:188} INFO - [2024-03-04T16:02:44.082+0000] {dag.py:3834} INFO - Setting next_dagrun for example_branch_labels to 2024-03-03 00:00:00+00:00, run_after=2024-03-04 00:00:00+00:00
[2024-03-04T16:02:44.088+0000] {processor.py:183} INFO - Processing /home/airflow/.local/lib/python3.11/site-packages/airflow/example_dags/example_branch_labels.py took 0.030 seconds
[2024-03-04T16:03:14.879+0000] {processor.py:161} INFO - Started process (PID=1283) to work on /home/airflow/.local/lib/python3.11/site-packages/airflow/example_dags/example_branch_labels.py
[2024-03-04T16:03:14.879+0000] {processor.py:830} INFO - Processing file /home/airflow/.local/lib/python3.11/site-packages/airflow/example_dags/example_branch_labels.py for tasks to queue
[2024-03-04T16:03:14.880+0000] {logging_mixin.py:188} INFO - [2024-03-04T16:03:14.880+0000] {dagbag.py:540} INFO - Filling up the DagBag from /home/airflow/.local/lib/python3.11/site-packages/airflow/example_dags/example_branch_labels.py
[2024-03-04T16:03:14.884+0000] {processor.py:840} INFO - DAG(s) 'example_branch_labels' retrieved from /home/airflow/.local/lib/python3.11/site-packages/airflow/example_dags/example_branch_labels.py
[2024-03-04T16:03:14.893+0000] {logging_mixin.py:188} INFO - [2024-03-04T16:03:14.893+0000] {dag.py:3047} INFO - Sync 1 DAGs
[2024-03-04T16:03:14.902+0000] {logging_mixin.py:188} INFO - [2024-03-04T16:03:14.902+0000] {dag.py:3834} INFO - Setting next_dagrun for example_branch_labels to 2024-03-03 00:00:00+00:00, run_after=2024-03-04 00:00:00+00:00
[2024-03-04T16:03:14.908+0000] {processor.py:183} INFO - Processing /home/airflow/.local/lib/python3.11/site-packages/airflow/example_dags/example_branch_labels.py took 0.030 seconds
[2024-03-04T16:03:45.753+0000] {processor.py:161} INFO - Started process (PID=1338) to work on /home/airflow/.local/lib/python3.11/site-packages/airflow/example_dags/example_branch_labels.py
[2024-03-04T16:03:45.754+0000] {processor.py:830} INFO - Processing file /home/airflow/.local/lib/python3.11/site-packages/airflow/example_dags/example_branch_labels.py for tasks to queue
[2024-03-04T16:03:45.755+0000] {logging_mixin.py:188} INFO - [2024-03-04T16:03:45.755+0000] {dagbag.py:540} INFO - Filling up the DagBag from /home/airflow/.local/lib/python3.11/site-packages/airflow/example_dags/example_branch_labels.py
[2024-03-04T16:03:45.758+0000] {processor.py:840} INFO - DAG(s) 'example_branch_labels' retrieved from /home/airflow/.local/lib/python3.11/site-packages/airflow/example_dags/example_branch_labels.py
[2024-03-04T16:03:45.767+0000] {logging_mixin.py:188} INFO - [2024-03-04T16:03:45.767+0000] {dag.py:3047} INFO - Sync 1 DAGs
[2024-03-04T16:03:45.776+0000] {logging_mixin.py:188} INFO - [2024-03-04T16:03:45.776+0000] {dag.py:3834} INFO - Setting next_dagrun for example_branch_labels to 2024-03-03 00:00:00+00:00, run_after=2024-03-04 00:00:00+00:00
[2024-03-04T16:03:45.783+0000] {processor.py:183} INFO - Processing /home/airflow/.local/lib/python3.11/site-packages/airflow/example_dags/example_branch_labels.py took 0.031 seconds
[2024-03-04T16:04:16.164+0000] {processor.py:161} INFO - Started process (PID=1393) to work on /home/airflow/.local/lib/python3.11/site-packages/airflow/example_dags/example_branch_labels.py
[2024-03-04T16:04:16.165+0000] {processor.py:830} INFO - Processing file /home/airflow/.local/lib/python3.11/site-packages/airflow/example_dags/example_branch_labels.py for tasks to queue
[2024-03-04T16:04:16.165+0000] {logging_mixin.py:188} INFO - [2024-03-04T16:04:16.165+0000] {dagbag.py:540} INFO - Filling up the DagBag from /home/airflow/.local/lib/python3.11/site-packages/airflow/example_dags/example_branch_labels.py
[2024-03-04T16:04:16.169+0000] {processor.py:840} INFO - DAG(s) 'example_branch_labels' retrieved from /home/airflow/.local/lib/python3.11/site-packages/airflow/example_dags/example_branch_labels.py
[2024-03-04T16:04:16.178+0000] {logging_mixin.py:188} INFO - [2024-03-04T16:04:16.178+0000] {dag.py:3047} INFO - Sync 1 DAGs
[2024-03-04T16:04:16.186+0000] {logging_mixin.py:188} INFO - [2024-03-04T16:04:16.186+0000] {dag.py:3834} INFO - Setting next_dagrun for example_branch_labels to 2024-03-03 00:00:00+00:00, run_after=2024-03-04 00:00:00+00:00
[2024-03-04T16:04:16.192+0000] {processor.py:183} INFO - Processing /home/airflow/.local/lib/python3.11/site-packages/airflow/example_dags/example_branch_labels.py took 0.030 seconds
[2024-03-04T16:04:47.016+0000] {processor.py:161} INFO - Started process (PID=1448) to work on /home/airflow/.local/lib/python3.11/site-packages/airflow/example_dags/example_branch_labels.py
[2024-03-04T16:04:47.017+0000] {processor.py:830} INFO - Processing file /home/airflow/.local/lib/python3.11/site-packages/airflow/example_dags/example_branch_labels.py for tasks to queue
[2024-03-04T16:04:47.018+0000] {logging_mixin.py:188} INFO - [2024-03-04T16:04:47.017+0000] {dagbag.py:540} INFO - Filling up the DagBag from /home/airflow/.local/lib/python3.11/site-packages/airflow/example_dags/example_branch_labels.py
[2024-03-04T16:04:47.021+0000] {processor.py:840} INFO - DAG(s) 'example_branch_labels' retrieved from /home/airflow/.local/lib/python3.11/site-packages/airflow/example_dags/example_branch_labels.py
[2024-03-04T16:04:47.029+0000] {logging_mixin.py:188} INFO - [2024-03-04T16:04:47.029+0000] {dag.py:3047} INFO - Sync 1 DAGs
[2024-03-04T16:04:47.037+0000] {logging_mixin.py:188} INFO - [2024-03-04T16:04:47.037+0000] {dag.py:3834} INFO - Setting next_dagrun for example_branch_labels to 2024-03-03 00:00:00+00:00, run_after=2024-03-04 00:00:00+00:00
[2024-03-04T16:04:47.044+0000] {processor.py:183} INFO - Processing /home/airflow/.local/lib/python3.11/site-packages/airflow/example_dags/example_branch_labels.py took 0.030 seconds
[2024-03-04T16:05:17.778+0000] {processor.py:161} INFO - Started process (PID=1503) to work on /home/airflow/.local/lib/python3.11/site-packages/airflow/example_dags/example_branch_labels.py
[2024-03-04T16:05:17.779+0000] {processor.py:830} INFO - Processing file /home/airflow/.local/lib/python3.11/site-packages/airflow/example_dags/example_branch_labels.py for tasks to queue
[2024-03-04T16:05:17.780+0000] {logging_mixin.py:188} INFO - [2024-03-04T16:05:17.779+0000] {dagbag.py:540} INFO - Filling up the DagBag from /home/airflow/.local/lib/python3.11/site-packages/airflow/example_dags/example_branch_labels.py
[2024-03-04T16:05:17.783+0000] {processor.py:840} INFO - DAG(s) 'example_branch_labels' retrieved from /home/airflow/.local/lib/python3.11/site-packages/airflow/example_dags/example_branch_labels.py
[2024-03-04T16:05:17.792+0000] {logging_mixin.py:188} INFO - [2024-03-04T16:05:17.792+0000] {dag.py:3047} INFO - Sync 1 DAGs
[2024-03-04T16:05:17.801+0000] {logging_mixin.py:188} INFO - [2024-03-04T16:05:17.801+0000] {dag.py:3834} INFO - Setting next_dagrun for example_branch_labels to 2024-03-03 00:00:00+00:00, run_after=2024-03-04 00:00:00+00:00
[2024-03-04T16:05:17.808+0000] {processor.py:183} INFO - Processing /home/airflow/.local/lib/python3.11/site-packages/airflow/example_dags/example_branch_labels.py took 0.031 seconds
[2024-03-04T16:05:48.684+0000] {processor.py:161} INFO - Started process (PID=1558) to work on /home/airflow/.local/lib/python3.11/site-packages/airflow/example_dags/example_branch_labels.py
[2024-03-04T16:05:48.685+0000] {processor.py:830} INFO - Processing file /home/airflow/.local/lib/python3.11/site-packages/airflow/example_dags/example_branch_labels.py for tasks to queue
[2024-03-04T16:05:48.686+0000] {logging_mixin.py:188} INFO - [2024-03-04T16:05:48.686+0000] {dagbag.py:540} INFO - Filling up the DagBag from /home/airflow/.local/lib/python3.11/site-packages/airflow/example_dags/example_branch_labels.py
[2024-03-04T16:05:48.690+0000] {processor.py:840} INFO - DAG(s) 'example_branch_labels' retrieved from /home/airflow/.local/lib/python3.11/site-packages/airflow/example_dags/example_branch_labels.py
[2024-03-04T16:05:48.700+0000] {logging_mixin.py:188} INFO - [2024-03-04T16:05:48.699+0000] {dag.py:3047} INFO - Sync 1 DAGs
[2024-03-04T16:05:48.709+0000] {logging_mixin.py:188} INFO - [2024-03-04T16:05:48.709+0000] {dag.py:3834} INFO - Setting next_dagrun for example_branch_labels to 2024-03-03 00:00:00+00:00, run_after=2024-03-04 00:00:00+00:00
[2024-03-04T16:05:48.715+0000] {processor.py:183} INFO - Processing /home/airflow/.local/lib/python3.11/site-packages/airflow/example_dags/example_branch_labels.py took 0.033 seconds
[2024-03-04T16:06:19.113+0000] {processor.py:161} INFO - Started process (PID=1613) to work on /home/airflow/.local/lib/python3.11/site-packages/airflow/example_dags/example_branch_labels.py
[2024-03-04T16:06:19.114+0000] {processor.py:830} INFO - Processing file /home/airflow/.local/lib/python3.11/site-packages/airflow/example_dags/example_branch_labels.py for tasks to queue
[2024-03-04T16:06:19.115+0000] {logging_mixin.py:188} INFO - [2024-03-04T16:06:19.115+0000] {dagbag.py:540} INFO - Filling up the DagBag from /home/airflow/.local/lib/python3.11/site-packages/airflow/example_dags/example_branch_labels.py
[2024-03-04T16:06:19.124+0000] {processor.py:840} INFO - DAG(s) 'example_branch_labels' retrieved from /home/airflow/.local/lib/python3.11/site-packages/airflow/example_dags/example_branch_labels.py
[2024-03-04T16:06:19.141+0000] {logging_mixin.py:188} INFO - [2024-03-04T16:06:19.140+0000] {dag.py:3047} INFO - Sync 1 DAGs
[2024-03-04T16:06:19.150+0000] {logging_mixin.py:188} INFO - [2024-03-04T16:06:19.149+0000] {dag.py:3834} INFO - Setting next_dagrun for example_branch_labels to 2024-03-03 00:00:00+00:00, run_after=2024-03-04 00:00:00+00:00
[2024-03-04T16:06:19.156+0000] {processor.py:183} INFO - Processing /home/airflow/.local/lib/python3.11/site-packages/airflow/example_dags/example_branch_labels.py took 0.045 seconds
[2024-03-04T16:06:50.064+0000] {processor.py:161} INFO - Started process (PID=1668) to work on /home/airflow/.local/lib/python3.11/site-packages/airflow/example_dags/example_branch_labels.py
[2024-03-04T16:06:50.065+0000] {processor.py:830} INFO - Processing file /home/airflow/.local/lib/python3.11/site-packages/airflow/example_dags/example_branch_labels.py for tasks to queue
[2024-03-04T16:06:50.066+0000] {logging_mixin.py:188} INFO - [2024-03-04T16:06:50.066+0000] {dagbag.py:540} INFO - Filling up the DagBag from /home/airflow/.local/lib/python3.11/site-packages/airflow/example_dags/example_branch_labels.py
[2024-03-04T16:06:50.071+0000] {processor.py:840} INFO - DAG(s) 'example_branch_labels' retrieved from /home/airflow/.local/lib/python3.11/site-packages/airflow/example_dags/example_branch_labels.py
[2024-03-04T16:06:50.083+0000] {logging_mixin.py:188} INFO - [2024-03-04T16:06:50.083+0000] {dag.py:3047} INFO - Sync 1 DAGs
[2024-03-04T16:06:50.098+0000] {logging_mixin.py:188} INFO - [2024-03-04T16:06:50.098+0000] {dag.py:3834} INFO - Setting next_dagrun for example_branch_labels to 2024-03-03 00:00:00+00:00, run_after=2024-03-04 00:00:00+00:00
[2024-03-04T16:06:50.108+0000] {processor.py:183} INFO - Processing /home/airflow/.local/lib/python3.11/site-packages/airflow/example_dags/example_branch_labels.py took 0.045 seconds
[2024-03-04T16:07:20.786+0000] {processor.py:161} INFO - Started process (PID=1723) to work on /home/airflow/.local/lib/python3.11/site-packages/airflow/example_dags/example_branch_labels.py
[2024-03-04T16:07:20.787+0000] {processor.py:830} INFO - Processing file /home/airflow/.local/lib/python3.11/site-packages/airflow/example_dags/example_branch_labels.py for tasks to queue
[2024-03-04T16:07:20.788+0000] {logging_mixin.py:188} INFO - [2024-03-04T16:07:20.788+0000] {dagbag.py:540} INFO - Filling up the DagBag from /home/airflow/.local/lib/python3.11/site-packages/airflow/example_dags/example_branch_labels.py
[2024-03-04T16:07:20.793+0000] {processor.py:840} INFO - DAG(s) 'example_branch_labels' retrieved from /home/airflow/.local/lib/python3.11/site-packages/airflow/example_dags/example_branch_labels.py
[2024-03-04T16:07:20.806+0000] {logging_mixin.py:188} INFO - [2024-03-04T16:07:20.806+0000] {dag.py:3047} INFO - Sync 1 DAGs
[2024-03-04T16:07:20.818+0000] {logging_mixin.py:188} INFO - [2024-03-04T16:07:20.818+0000] {dag.py:3834} INFO - Setting next_dagrun for example_branch_labels to 2024-03-03 00:00:00+00:00, run_after=2024-03-04 00:00:00+00:00
[2024-03-04T16:07:20.827+0000] {processor.py:183} INFO - Processing /home/airflow/.local/lib/python3.11/site-packages/airflow/example_dags/example_branch_labels.py took 0.043 seconds
[2024-03-04T16:07:51.406+0000] {processor.py:161} INFO - Started process (PID=1778) to work on /home/airflow/.local/lib/python3.11/site-packages/airflow/example_dags/example_branch_labels.py
[2024-03-04T16:07:51.407+0000] {processor.py:830} INFO - Processing file /home/airflow/.local/lib/python3.11/site-packages/airflow/example_dags/example_branch_labels.py for tasks to queue
[2024-03-04T16:07:51.408+0000] {logging_mixin.py:188} INFO - [2024-03-04T16:07:51.408+0000] {dagbag.py:540} INFO - Filling up the DagBag from /home/airflow/.local/lib/python3.11/site-packages/airflow/example_dags/example_branch_labels.py
[2024-03-04T16:07:51.411+0000] {processor.py:840} INFO - DAG(s) 'example_branch_labels' retrieved from /home/airflow/.local/lib/python3.11/site-packages/airflow/example_dags/example_branch_labels.py
[2024-03-04T16:07:51.420+0000] {logging_mixin.py:188} INFO - [2024-03-04T16:07:51.420+0000] {dag.py:3047} INFO - Sync 1 DAGs
[2024-03-04T16:07:51.429+0000] {logging_mixin.py:188} INFO - [2024-03-04T16:07:51.429+0000] {dag.py:3834} INFO - Setting next_dagrun for example_branch_labels to 2024-03-03 00:00:00+00:00, run_after=2024-03-04 00:00:00+00:00
[2024-03-04T16:07:51.436+0000] {processor.py:183} INFO - Processing /home/airflow/.local/lib/python3.11/site-packages/airflow/example_dags/example_branch_labels.py took 0.031 seconds
[2024-03-04T16:08:22.091+0000] {processor.py:161} INFO - Started process (PID=1833) to work on /home/airflow/.local/lib/python3.11/site-packages/airflow/example_dags/example_branch_labels.py
[2024-03-04T16:08:22.091+0000] {processor.py:830} INFO - Processing file /home/airflow/.local/lib/python3.11/site-packages/airflow/example_dags/example_branch_labels.py for tasks to queue
[2024-03-04T16:08:22.092+0000] {logging_mixin.py:188} INFO - [2024-03-04T16:08:22.092+0000] {dagbag.py:540} INFO - Filling up the DagBag from /home/airflow/.local/lib/python3.11/site-packages/airflow/example_dags/example_branch_labels.py
[2024-03-04T16:08:22.096+0000] {processor.py:840} INFO - DAG(s) 'example_branch_labels' retrieved from /home/airflow/.local/lib/python3.11/site-packages/airflow/example_dags/example_branch_labels.py
[2024-03-04T16:08:22.105+0000] {logging_mixin.py:188} INFO - [2024-03-04T16:08:22.105+0000] {dag.py:3047} INFO - Sync 1 DAGs
[2024-03-04T16:08:22.114+0000] {logging_mixin.py:188} INFO - [2024-03-04T16:08:22.114+0000] {dag.py:3834} INFO - Setting next_dagrun for example_branch_labels to 2024-03-03 00:00:00+00:00, run_after=2024-03-04 00:00:00+00:00
[2024-03-04T16:08:22.121+0000] {processor.py:183} INFO - Processing /home/airflow/.local/lib/python3.11/site-packages/airflow/example_dags/example_branch_labels.py took 0.032 seconds
[2024-03-04T16:08:52.793+0000] {processor.py:161} INFO - Started process (PID=1888) to work on /home/airflow/.local/lib/python3.11/site-packages/airflow/example_dags/example_branch_labels.py
[2024-03-04T16:08:52.794+0000] {processor.py:830} INFO - Processing file /home/airflow/.local/lib/python3.11/site-packages/airflow/example_dags/example_branch_labels.py for tasks to queue
[2024-03-04T16:08:52.795+0000] {logging_mixin.py:188} INFO - [2024-03-04T16:08:52.795+0000] {dagbag.py:540} INFO - Filling up the DagBag from /home/airflow/.local/lib/python3.11/site-packages/airflow/example_dags/example_branch_labels.py
[2024-03-04T16:08:52.802+0000] {processor.py:840} INFO - DAG(s) 'example_branch_labels' retrieved from /home/airflow/.local/lib/python3.11/site-packages/airflow/example_dags/example_branch_labels.py
[2024-03-04T16:08:52.812+0000] {logging_mixin.py:188} INFO - [2024-03-04T16:08:52.812+0000] {dag.py:3047} INFO - Sync 1 DAGs
[2024-03-04T16:08:52.822+0000] {logging_mixin.py:188} INFO - [2024-03-04T16:08:52.822+0000] {dag.py:3834} INFO - Setting next_dagrun for example_branch_labels to 2024-03-03 00:00:00+00:00, run_after=2024-03-04 00:00:00+00:00
[2024-03-04T16:08:52.830+0000] {processor.py:183} INFO - Processing /home/airflow/.local/lib/python3.11/site-packages/airflow/example_dags/example_branch_labels.py took 0.039 seconds
[2024-03-04T16:09:23.354+0000] {processor.py:161} INFO - Started process (PID=1943) to work on /home/airflow/.local/lib/python3.11/site-packages/airflow/example_dags/example_branch_labels.py
[2024-03-04T16:09:23.354+0000] {processor.py:830} INFO - Processing file /home/airflow/.local/lib/python3.11/site-packages/airflow/example_dags/example_branch_labels.py for tasks to queue
[2024-03-04T16:09:23.355+0000] {logging_mixin.py:188} INFO - [2024-03-04T16:09:23.355+0000] {dagbag.py:540} INFO - Filling up the DagBag from /home/airflow/.local/lib/python3.11/site-packages/airflow/example_dags/example_branch_labels.py
[2024-03-04T16:09:23.359+0000] {processor.py:840} INFO - DAG(s) 'example_branch_labels' retrieved from /home/airflow/.local/lib/python3.11/site-packages/airflow/example_dags/example_branch_labels.py
[2024-03-04T16:09:23.368+0000] {logging_mixin.py:188} INFO - [2024-03-04T16:09:23.368+0000] {dag.py:3047} INFO - Sync 1 DAGs
[2024-03-04T16:09:23.380+0000] {logging_mixin.py:188} INFO - [2024-03-04T16:09:23.380+0000] {dag.py:3834} INFO - Setting next_dagrun for example_branch_labels to 2024-03-03 00:00:00+00:00, run_after=2024-03-04 00:00:00+00:00
[2024-03-04T16:09:23.389+0000] {processor.py:183} INFO - Processing /home/airflow/.local/lib/python3.11/site-packages/airflow/example_dags/example_branch_labels.py took 0.036 seconds
[2024-03-04T16:09:54.152+0000] {processor.py:161} INFO - Started process (PID=1998) to work on /home/airflow/.local/lib/python3.11/site-packages/airflow/example_dags/example_branch_labels.py
[2024-03-04T16:09:54.153+0000] {processor.py:830} INFO - Processing file /home/airflow/.local/lib/python3.11/site-packages/airflow/example_dags/example_branch_labels.py for tasks to queue
[2024-03-04T16:09:54.154+0000] {logging_mixin.py:188} INFO - [2024-03-04T16:09:54.154+0000] {dagbag.py:540} INFO - Filling up the DagBag from /home/airflow/.local/lib/python3.11/site-packages/airflow/example_dags/example_branch_labels.py
[2024-03-04T16:09:54.158+0000] {processor.py:840} INFO - DAG(s) 'example_branch_labels' retrieved from /home/airflow/.local/lib/python3.11/site-packages/airflow/example_dags/example_branch_labels.py
[2024-03-04T16:09:54.167+0000] {logging_mixin.py:188} INFO - [2024-03-04T16:09:54.167+0000] {dag.py:3047} INFO - Sync 1 DAGs
[2024-03-04T16:09:54.176+0000] {logging_mixin.py:188} INFO - [2024-03-04T16:09:54.176+0000] {dag.py:3834} INFO - Setting next_dagrun for example_branch_labels to 2024-03-03 00:00:00+00:00, run_after=2024-03-04 00:00:00+00:00
[2024-03-04T16:09:54.182+0000] {processor.py:183} INFO - Processing /home/airflow/.local/lib/python3.11/site-packages/airflow/example_dags/example_branch_labels.py took 0.031 seconds
[2024-03-04T16:10:24.685+0000] {processor.py:161} INFO - Started process (PID=2053) to work on /home/airflow/.local/lib/python3.11/site-packages/airflow/example_dags/example_branch_labels.py
[2024-03-04T16:10:24.686+0000] {processor.py:830} INFO - Processing file /home/airflow/.local/lib/python3.11/site-packages/airflow/example_dags/example_branch_labels.py for tasks to queue
[2024-03-04T16:10:24.686+0000] {logging_mixin.py:188} INFO - [2024-03-04T16:10:24.686+0000] {dagbag.py:540} INFO - Filling up the DagBag from /home/airflow/.local/lib/python3.11/site-packages/airflow/example_dags/example_branch_labels.py
[2024-03-04T16:10:24.690+0000] {processor.py:840} INFO - DAG(s) 'example_branch_labels' retrieved from /home/airflow/.local/lib/python3.11/site-packages/airflow/example_dags/example_branch_labels.py
[2024-03-04T16:10:24.699+0000] {logging_mixin.py:188} INFO - [2024-03-04T16:10:24.699+0000] {dag.py:3047} INFO - Sync 1 DAGs
[2024-03-04T16:10:24.708+0000] {logging_mixin.py:188} INFO - [2024-03-04T16:10:24.708+0000] {dag.py:3834} INFO - Setting next_dagrun for example_branch_labels to 2024-03-03 00:00:00+00:00, run_after=2024-03-04 00:00:00+00:00
[2024-03-04T16:10:24.714+0000] {processor.py:183} INFO - Processing /home/airflow/.local/lib/python3.11/site-packages/airflow/example_dags/example_branch_labels.py took 0.031 seconds
[2024-03-04T16:10:55.353+0000] {processor.py:161} INFO - Started process (PID=2108) to work on /home/airflow/.local/lib/python3.11/site-packages/airflow/example_dags/example_branch_labels.py
[2024-03-04T16:10:55.354+0000] {processor.py:830} INFO - Processing file /home/airflow/.local/lib/python3.11/site-packages/airflow/example_dags/example_branch_labels.py for tasks to queue
[2024-03-04T16:10:55.355+0000] {logging_mixin.py:188} INFO - [2024-03-04T16:10:55.355+0000] {dagbag.py:540} INFO - Filling up the DagBag from /home/airflow/.local/lib/python3.11/site-packages/airflow/example_dags/example_branch_labels.py
[2024-03-04T16:10:55.360+0000] {processor.py:840} INFO - DAG(s) 'example_branch_labels' retrieved from /home/airflow/.local/lib/python3.11/site-packages/airflow/example_dags/example_branch_labels.py
[2024-03-04T16:10:55.372+0000] {logging_mixin.py:188} INFO - [2024-03-04T16:10:55.372+0000] {dag.py:3047} INFO - Sync 1 DAGs
[2024-03-04T16:10:55.382+0000] {logging_mixin.py:188} INFO - [2024-03-04T16:10:55.381+0000] {dag.py:3834} INFO - Setting next_dagrun for example_branch_labels to 2024-03-03 00:00:00+00:00, run_after=2024-03-04 00:00:00+00:00
[2024-03-04T16:10:55.389+0000] {processor.py:183} INFO - Processing /home/airflow/.local/lib/python3.11/site-packages/airflow/example_dags/example_branch_labels.py took 0.038 seconds
[2024-03-04T16:11:26.050+0000] {processor.py:161} INFO - Started process (PID=2163) to work on /home/airflow/.local/lib/python3.11/site-packages/airflow/example_dags/example_branch_labels.py
[2024-03-04T16:11:26.051+0000] {processor.py:830} INFO - Processing file /home/airflow/.local/lib/python3.11/site-packages/airflow/example_dags/example_branch_labels.py for tasks to queue
[2024-03-04T16:11:26.051+0000] {logging_mixin.py:188} INFO - [2024-03-04T16:11:26.051+0000] {dagbag.py:540} INFO - Filling up the DagBag from /home/airflow/.local/lib/python3.11/site-packages/airflow/example_dags/example_branch_labels.py
[2024-03-04T16:11:26.055+0000] {processor.py:840} INFO - DAG(s) 'example_branch_labels' retrieved from /home/airflow/.local/lib/python3.11/site-packages/airflow/example_dags/example_branch_labels.py
[2024-03-04T16:11:26.064+0000] {logging_mixin.py:188} INFO - [2024-03-04T16:11:26.064+0000] {dag.py:3047} INFO - Sync 1 DAGs
[2024-03-04T16:11:26.073+0000] {logging_mixin.py:188} INFO - [2024-03-04T16:11:26.072+0000] {dag.py:3834} INFO - Setting next_dagrun for example_branch_labels to 2024-03-03 00:00:00+00:00, run_after=2024-03-04 00:00:00+00:00
[2024-03-04T16:11:26.080+0000] {processor.py:183} INFO - Processing /home/airflow/.local/lib/python3.11/site-packages/airflow/example_dags/example_branch_labels.py took 0.031 seconds
[2024-03-04T16:11:56.736+0000] {processor.py:161} INFO - Started process (PID=2218) to work on /home/airflow/.local/lib/python3.11/site-packages/airflow/example_dags/example_branch_labels.py
[2024-03-04T16:11:56.737+0000] {processor.py:830} INFO - Processing file /home/airflow/.local/lib/python3.11/site-packages/airflow/example_dags/example_branch_labels.py for tasks to queue
[2024-03-04T16:11:56.737+0000] {logging_mixin.py:188} INFO - [2024-03-04T16:11:56.737+0000] {dagbag.py:540} INFO - Filling up the DagBag from /home/airflow/.local/lib/python3.11/site-packages/airflow/example_dags/example_branch_labels.py
[2024-03-04T16:11:56.741+0000] {processor.py:840} INFO - DAG(s) 'example_branch_labels' retrieved from /home/airflow/.local/lib/python3.11/site-packages/airflow/example_dags/example_branch_labels.py
[2024-03-04T16:11:56.750+0000] {logging_mixin.py:188} INFO - [2024-03-04T16:11:56.750+0000] {dag.py:3047} INFO - Sync 1 DAGs
[2024-03-04T16:11:56.759+0000] {logging_mixin.py:188} INFO - [2024-03-04T16:11:56.759+0000] {dag.py:3834} INFO - Setting next_dagrun for example_branch_labels to 2024-03-03 00:00:00+00:00, run_after=2024-03-04 00:00:00+00:00
[2024-03-04T16:11:56.765+0000] {processor.py:183} INFO - Processing /home/airflow/.local/lib/python3.11/site-packages/airflow/example_dags/example_branch_labels.py took 0.031 seconds
[2024-03-04T16:12:27.448+0000] {processor.py:161} INFO - Started process (PID=2273) to work on /home/airflow/.local/lib/python3.11/site-packages/airflow/example_dags/example_branch_labels.py
[2024-03-04T16:12:27.449+0000] {processor.py:830} INFO - Processing file /home/airflow/.local/lib/python3.11/site-packages/airflow/example_dags/example_branch_labels.py for tasks to queue
[2024-03-04T16:12:27.450+0000] {logging_mixin.py:188} INFO - [2024-03-04T16:12:27.449+0000] {dagbag.py:540} INFO - Filling up the DagBag from /home/airflow/.local/lib/python3.11/site-packages/airflow/example_dags/example_branch_labels.py
[2024-03-04T16:12:27.453+0000] {processor.py:840} INFO - DAG(s) 'example_branch_labels' retrieved from /home/airflow/.local/lib/python3.11/site-packages/airflow/example_dags/example_branch_labels.py
[2024-03-04T16:12:27.463+0000] {logging_mixin.py:188} INFO - [2024-03-04T16:12:27.463+0000] {dag.py:3047} INFO - Sync 1 DAGs
[2024-03-04T16:12:27.471+0000] {logging_mixin.py:188} INFO - [2024-03-04T16:12:27.471+0000] {dag.py:3834} INFO - Setting next_dagrun for example_branch_labels to 2024-03-03 00:00:00+00:00, run_after=2024-03-04 00:00:00+00:00
[2024-03-04T16:12:27.478+0000] {processor.py:183} INFO - Processing /home/airflow/.local/lib/python3.11/site-packages/airflow/example_dags/example_branch_labels.py took 0.031 seconds
[2024-03-04T16:12:58.044+0000] {processor.py:161} INFO - Started process (PID=2328) to work on /home/airflow/.local/lib/python3.11/site-packages/airflow/example_dags/example_branch_labels.py
[2024-03-04T16:12:58.045+0000] {processor.py:830} INFO - Processing file /home/airflow/.local/lib/python3.11/site-packages/airflow/example_dags/example_branch_labels.py for tasks to queue
[2024-03-04T16:12:58.046+0000] {logging_mixin.py:188} INFO - [2024-03-04T16:12:58.046+0000] {dagbag.py:540} INFO - Filling up the DagBag from /home/airflow/.local/lib/python3.11/site-packages/airflow/example_dags/example_branch_labels.py
[2024-03-04T16:12:58.050+0000] {processor.py:840} INFO - DAG(s) 'example_branch_labels' retrieved from /home/airflow/.local/lib/python3.11/site-packages/airflow/example_dags/example_branch_labels.py
[2024-03-04T16:12:58.059+0000] {logging_mixin.py:188} INFO - [2024-03-04T16:12:58.059+0000] {dag.py:3047} INFO - Sync 1 DAGs
[2024-03-04T16:12:58.068+0000] {logging_mixin.py:188} INFO - [2024-03-04T16:12:58.067+0000] {dag.py:3834} INFO - Setting next_dagrun for example_branch_labels to 2024-03-03 00:00:00+00:00, run_after=2024-03-04 00:00:00+00:00
[2024-03-04T16:12:58.074+0000] {processor.py:183} INFO - Processing /home/airflow/.local/lib/python3.11/site-packages/airflow/example_dags/example_branch_labels.py took 0.031 seconds
[2024-03-04T16:13:28.660+0000] {processor.py:161} INFO - Started process (PID=2383) to work on /home/airflow/.local/lib/python3.11/site-packages/airflow/example_dags/example_branch_labels.py
[2024-03-04T16:13:28.661+0000] {processor.py:830} INFO - Processing file /home/airflow/.local/lib/python3.11/site-packages/airflow/example_dags/example_branch_labels.py for tasks to queue
[2024-03-04T16:13:28.661+0000] {logging_mixin.py:188} INFO - [2024-03-04T16:13:28.661+0000] {dagbag.py:540} INFO - Filling up the DagBag from /home/airflow/.local/lib/python3.11/site-packages/airflow/example_dags/example_branch_labels.py
[2024-03-04T16:13:28.665+0000] {processor.py:840} INFO - DAG(s) 'example_branch_labels' retrieved from /home/airflow/.local/lib/python3.11/site-packages/airflow/example_dags/example_branch_labels.py
[2024-03-04T16:13:28.674+0000] {logging_mixin.py:188} INFO - [2024-03-04T16:13:28.674+0000] {dag.py:3047} INFO - Sync 1 DAGs
[2024-03-04T16:13:28.683+0000] {logging_mixin.py:188} INFO - [2024-03-04T16:13:28.683+0000] {dag.py:3834} INFO - Setting next_dagrun for example_branch_labels to 2024-03-03 00:00:00+00:00, run_after=2024-03-04 00:00:00+00:00
[2024-03-04T16:13:28.690+0000] {processor.py:183} INFO - Processing /home/airflow/.local/lib/python3.11/site-packages/airflow/example_dags/example_branch_labels.py took 0.031 seconds
[2024-03-04T16:13:59.465+0000] {processor.py:161} INFO - Started process (PID=2438) to work on /home/airflow/.local/lib/python3.11/site-packages/airflow/example_dags/example_branch_labels.py
[2024-03-04T16:13:59.465+0000] {processor.py:830} INFO - Processing file /home/airflow/.local/lib/python3.11/site-packages/airflow/example_dags/example_branch_labels.py for tasks to queue
[2024-03-04T16:13:59.466+0000] {logging_mixin.py:188} INFO - [2024-03-04T16:13:59.466+0000] {dagbag.py:540} INFO - Filling up the DagBag from /home/airflow/.local/lib/python3.11/site-packages/airflow/example_dags/example_branch_labels.py
[2024-03-04T16:13:59.470+0000] {processor.py:840} INFO - DAG(s) 'example_branch_labels' retrieved from /home/airflow/.local/lib/python3.11/site-packages/airflow/example_dags/example_branch_labels.py
[2024-03-04T16:13:59.479+0000] {logging_mixin.py:188} INFO - [2024-03-04T16:13:59.479+0000] {dag.py:3047} INFO - Sync 1 DAGs
[2024-03-04T16:13:59.487+0000] {logging_mixin.py:188} INFO - [2024-03-04T16:13:59.487+0000] {dag.py:3834} INFO - Setting next_dagrun for example_branch_labels to 2024-03-03 00:00:00+00:00, run_after=2024-03-04 00:00:00+00:00
[2024-03-04T16:13:59.493+0000] {processor.py:183} INFO - Processing /home/airflow/.local/lib/python3.11/site-packages/airflow/example_dags/example_branch_labels.py took 0.030 seconds
[2024-03-04T16:14:30.254+0000] {processor.py:161} INFO - Started process (PID=2493) to work on /home/airflow/.local/lib/python3.11/site-packages/airflow/example_dags/example_branch_labels.py
[2024-03-04T16:14:30.255+0000] {processor.py:830} INFO - Processing file /home/airflow/.local/lib/python3.11/site-packages/airflow/example_dags/example_branch_labels.py for tasks to queue
[2024-03-04T16:14:30.257+0000] {logging_mixin.py:188} INFO - [2024-03-04T16:14:30.257+0000] {dagbag.py:540} INFO - Filling up the DagBag from /home/airflow/.local/lib/python3.11/site-packages/airflow/example_dags/example_branch_labels.py
[2024-03-04T16:14:30.263+0000] {processor.py:840} INFO - DAG(s) 'example_branch_labels' retrieved from /home/airflow/.local/lib/python3.11/site-packages/airflow/example_dags/example_branch_labels.py
[2024-03-04T16:14:30.274+0000] {logging_mixin.py:188} INFO - [2024-03-04T16:14:30.273+0000] {dag.py:3047} INFO - Sync 1 DAGs
[2024-03-04T16:14:30.283+0000] {logging_mixin.py:188} INFO - [2024-03-04T16:14:30.283+0000] {dag.py:3834} INFO - Setting next_dagrun for example_branch_labels to 2024-03-03 00:00:00+00:00, run_after=2024-03-04 00:00:00+00:00
[2024-03-04T16:14:30.293+0000] {processor.py:183} INFO - Processing /home/airflow/.local/lib/python3.11/site-packages/airflow/example_dags/example_branch_labels.py took 0.041 seconds
[2024-03-04T16:15:00.934+0000] {processor.py:161} INFO - Started process (PID=2548) to work on /home/airflow/.local/lib/python3.11/site-packages/airflow/example_dags/example_branch_labels.py
[2024-03-04T16:15:00.935+0000] {processor.py:830} INFO - Processing file /home/airflow/.local/lib/python3.11/site-packages/airflow/example_dags/example_branch_labels.py for tasks to queue
[2024-03-04T16:15:00.936+0000] {logging_mixin.py:188} INFO - [2024-03-04T16:15:00.936+0000] {dagbag.py:540} INFO - Filling up the DagBag from /home/airflow/.local/lib/python3.11/site-packages/airflow/example_dags/example_branch_labels.py
[2024-03-04T16:15:00.940+0000] {processor.py:840} INFO - DAG(s) 'example_branch_labels' retrieved from /home/airflow/.local/lib/python3.11/site-packages/airflow/example_dags/example_branch_labels.py
[2024-03-04T16:15:00.949+0000] {logging_mixin.py:188} INFO - [2024-03-04T16:15:00.949+0000] {dag.py:3047} INFO - Sync 1 DAGs
[2024-03-04T16:15:00.957+0000] {logging_mixin.py:188} INFO - [2024-03-04T16:15:00.957+0000] {dag.py:3834} INFO - Setting next_dagrun for example_branch_labels to 2024-03-03 00:00:00+00:00, run_after=2024-03-04 00:00:00+00:00
[2024-03-04T16:15:00.964+0000] {processor.py:183} INFO - Processing /home/airflow/.local/lib/python3.11/site-packages/airflow/example_dags/example_branch_labels.py took 0.031 seconds
[2024-03-04T16:15:31.450+0000] {processor.py:161} INFO - Started process (PID=2603) to work on /home/airflow/.local/lib/python3.11/site-packages/airflow/example_dags/example_branch_labels.py
[2024-03-04T16:15:31.450+0000] {processor.py:830} INFO - Processing file /home/airflow/.local/lib/python3.11/site-packages/airflow/example_dags/example_branch_labels.py for tasks to queue
[2024-03-04T16:15:31.451+0000] {logging_mixin.py:188} INFO - [2024-03-04T16:15:31.451+0000] {dagbag.py:540} INFO - Filling up the DagBag from /home/airflow/.local/lib/python3.11/site-packages/airflow/example_dags/example_branch_labels.py
[2024-03-04T16:15:31.455+0000] {processor.py:840} INFO - DAG(s) 'example_branch_labels' retrieved from /home/airflow/.local/lib/python3.11/site-packages/airflow/example_dags/example_branch_labels.py
[2024-03-04T16:15:31.464+0000] {logging_mixin.py:188} INFO - [2024-03-04T16:15:31.464+0000] {dag.py:3047} INFO - Sync 1 DAGs
[2024-03-04T16:15:31.474+0000] {logging_mixin.py:188} INFO - [2024-03-04T16:15:31.474+0000] {dag.py:3834} INFO - Setting next_dagrun for example_branch_labels to 2024-03-03 00:00:00+00:00, run_after=2024-03-04 00:00:00+00:00
[2024-03-04T16:15:31.481+0000] {processor.py:183} INFO - Processing /home/airflow/.local/lib/python3.11/site-packages/airflow/example_dags/example_branch_labels.py took 0.032 seconds
[2024-03-04T16:16:02.323+0000] {processor.py:161} INFO - Started process (PID=2658) to work on /home/airflow/.local/lib/python3.11/site-packages/airflow/example_dags/example_branch_labels.py
[2024-03-04T16:16:02.323+0000] {processor.py:830} INFO - Processing file /home/airflow/.local/lib/python3.11/site-packages/airflow/example_dags/example_branch_labels.py for tasks to queue
[2024-03-04T16:16:02.325+0000] {logging_mixin.py:188} INFO - [2024-03-04T16:16:02.325+0000] {dagbag.py:540} INFO - Filling up the DagBag from /home/airflow/.local/lib/python3.11/site-packages/airflow/example_dags/example_branch_labels.py
[2024-03-04T16:16:02.330+0000] {processor.py:840} INFO - DAG(s) 'example_branch_labels' retrieved from /home/airflow/.local/lib/python3.11/site-packages/airflow/example_dags/example_branch_labels.py
[2024-03-04T16:16:02.348+0000] {logging_mixin.py:188} INFO - [2024-03-04T16:16:02.347+0000] {dag.py:3047} INFO - Sync 1 DAGs
[2024-03-04T16:16:02.367+0000] {logging_mixin.py:188} INFO - [2024-03-04T16:16:02.367+0000] {dag.py:3834} INFO - Setting next_dagrun for example_branch_labels to 2024-03-03 00:00:00+00:00, run_after=2024-03-04 00:00:00+00:00
[2024-03-04T16:16:02.376+0000] {processor.py:183} INFO - Processing /home/airflow/.local/lib/python3.11/site-packages/airflow/example_dags/example_branch_labels.py took 0.056 seconds
[2024-03-04T16:16:32.684+0000] {processor.py:161} INFO - Started process (PID=2713) to work on /home/airflow/.local/lib/python3.11/site-packages/airflow/example_dags/example_branch_labels.py
[2024-03-04T16:16:32.685+0000] {processor.py:830} INFO - Processing file /home/airflow/.local/lib/python3.11/site-packages/airflow/example_dags/example_branch_labels.py for tasks to queue
[2024-03-04T16:16:32.687+0000] {logging_mixin.py:188} INFO - [2024-03-04T16:16:32.687+0000] {dagbag.py:540} INFO - Filling up the DagBag from /home/airflow/.local/lib/python3.11/site-packages/airflow/example_dags/example_branch_labels.py
[2024-03-04T16:16:32.694+0000] {processor.py:840} INFO - DAG(s) 'example_branch_labels' retrieved from /home/airflow/.local/lib/python3.11/site-packages/airflow/example_dags/example_branch_labels.py
[2024-03-04T16:16:32.708+0000] {logging_mixin.py:188} INFO - [2024-03-04T16:16:32.707+0000] {dag.py:3047} INFO - Sync 1 DAGs
[2024-03-04T16:16:32.718+0000] {logging_mixin.py:188} INFO - [2024-03-04T16:16:32.718+0000] {dag.py:3834} INFO - Setting next_dagrun for example_branch_labels to 2024-03-03 00:00:00+00:00, run_after=2024-03-04 00:00:00+00:00
[2024-03-04T16:16:32.726+0000] {processor.py:183} INFO - Processing /home/airflow/.local/lib/python3.11/site-packages/airflow/example_dags/example_branch_labels.py took 0.045 seconds
[2024-03-04T16:17:03.586+0000] {processor.py:161} INFO - Started process (PID=2768) to work on /home/airflow/.local/lib/python3.11/site-packages/airflow/example_dags/example_branch_labels.py
[2024-03-04T16:17:03.587+0000] {processor.py:830} INFO - Processing file /home/airflow/.local/lib/python3.11/site-packages/airflow/example_dags/example_branch_labels.py for tasks to queue
[2024-03-04T16:17:03.588+0000] {logging_mixin.py:188} INFO - [2024-03-04T16:17:03.588+0000] {dagbag.py:540} INFO - Filling up the DagBag from /home/airflow/.local/lib/python3.11/site-packages/airflow/example_dags/example_branch_labels.py
[2024-03-04T16:17:03.592+0000] {processor.py:840} INFO - DAG(s) 'example_branch_labels' retrieved from /home/airflow/.local/lib/python3.11/site-packages/airflow/example_dags/example_branch_labels.py
[2024-03-04T16:17:03.602+0000] {logging_mixin.py:188} INFO - [2024-03-04T16:17:03.602+0000] {dag.py:3047} INFO - Sync 1 DAGs
[2024-03-04T16:17:03.615+0000] {logging_mixin.py:188} INFO - [2024-03-04T16:17:03.615+0000] {dag.py:3834} INFO - Setting next_dagrun for example_branch_labels to 2024-03-03 00:00:00+00:00, run_after=2024-03-04 00:00:00+00:00
[2024-03-04T16:17:03.622+0000] {processor.py:183} INFO - Processing /home/airflow/.local/lib/python3.11/site-packages/airflow/example_dags/example_branch_labels.py took 0.037 seconds
[2024-03-04T16:17:34.454+0000] {processor.py:161} INFO - Started process (PID=2823) to work on /home/airflow/.local/lib/python3.11/site-packages/airflow/example_dags/example_branch_labels.py
[2024-03-04T16:17:34.455+0000] {processor.py:830} INFO - Processing file /home/airflow/.local/lib/python3.11/site-packages/airflow/example_dags/example_branch_labels.py for tasks to queue
[2024-03-04T16:17:34.456+0000] {logging_mixin.py:188} INFO - [2024-03-04T16:17:34.456+0000] {dagbag.py:540} INFO - Filling up the DagBag from /home/airflow/.local/lib/python3.11/site-packages/airflow/example_dags/example_branch_labels.py
[2024-03-04T16:17:34.460+0000] {processor.py:840} INFO - DAG(s) 'example_branch_labels' retrieved from /home/airflow/.local/lib/python3.11/site-packages/airflow/example_dags/example_branch_labels.py
[2024-03-04T16:17:34.469+0000] {logging_mixin.py:188} INFO - [2024-03-04T16:17:34.469+0000] {dag.py:3047} INFO - Sync 1 DAGs
[2024-03-04T16:17:34.479+0000] {logging_mixin.py:188} INFO - [2024-03-04T16:17:34.479+0000] {dag.py:3834} INFO - Setting next_dagrun for example_branch_labels to 2024-03-03 00:00:00+00:00, run_after=2024-03-04 00:00:00+00:00
[2024-03-04T16:17:34.485+0000] {processor.py:183} INFO - Processing /home/airflow/.local/lib/python3.11/site-packages/airflow/example_dags/example_branch_labels.py took 0.033 seconds
[2024-03-04T16:18:04.866+0000] {processor.py:161} INFO - Started process (PID=2878) to work on /home/airflow/.local/lib/python3.11/site-packages/airflow/example_dags/example_branch_labels.py
[2024-03-04T16:18:04.867+0000] {processor.py:830} INFO - Processing file /home/airflow/.local/lib/python3.11/site-packages/airflow/example_dags/example_branch_labels.py for tasks to queue
[2024-03-04T16:18:04.868+0000] {logging_mixin.py:188} INFO - [2024-03-04T16:18:04.868+0000] {dagbag.py:540} INFO - Filling up the DagBag from /home/airflow/.local/lib/python3.11/site-packages/airflow/example_dags/example_branch_labels.py
[2024-03-04T16:18:04.871+0000] {processor.py:840} INFO - DAG(s) 'example_branch_labels' retrieved from /home/airflow/.local/lib/python3.11/site-packages/airflow/example_dags/example_branch_labels.py
[2024-03-04T16:18:04.881+0000] {logging_mixin.py:188} INFO - [2024-03-04T16:18:04.880+0000] {dag.py:3047} INFO - Sync 1 DAGs
[2024-03-04T16:18:04.890+0000] {logging_mixin.py:188} INFO - [2024-03-04T16:18:04.890+0000] {dag.py:3834} INFO - Setting next_dagrun for example_branch_labels to 2024-03-03 00:00:00+00:00, run_after=2024-03-04 00:00:00+00:00
[2024-03-04T16:18:04.896+0000] {processor.py:183} INFO - Processing /home/airflow/.local/lib/python3.11/site-packages/airflow/example_dags/example_branch_labels.py took 0.032 seconds
[2024-03-04T16:18:35.527+0000] {processor.py:161} INFO - Started process (PID=2933) to work on /home/airflow/.local/lib/python3.11/site-packages/airflow/example_dags/example_branch_labels.py
[2024-03-04T16:18:35.528+0000] {processor.py:830} INFO - Processing file /home/airflow/.local/lib/python3.11/site-packages/airflow/example_dags/example_branch_labels.py for tasks to queue
[2024-03-04T16:18:35.530+0000] {logging_mixin.py:188} INFO - [2024-03-04T16:18:35.529+0000] {dagbag.py:540} INFO - Filling up the DagBag from /home/airflow/.local/lib/python3.11/site-packages/airflow/example_dags/example_branch_labels.py
[2024-03-04T16:18:35.535+0000] {processor.py:840} INFO - DAG(s) 'example_branch_labels' retrieved from /home/airflow/.local/lib/python3.11/site-packages/airflow/example_dags/example_branch_labels.py
[2024-03-04T16:18:35.548+0000] {logging_mixin.py:188} INFO - [2024-03-04T16:18:35.548+0000] {dag.py:3047} INFO - Sync 1 DAGs
[2024-03-04T16:18:35.559+0000] {logging_mixin.py:188} INFO - [2024-03-04T16:18:35.558+0000] {dag.py:3834} INFO - Setting next_dagrun for example_branch_labels to 2024-03-03 00:00:00+00:00, run_after=2024-03-04 00:00:00+00:00
[2024-03-04T16:18:35.566+0000] {processor.py:183} INFO - Processing /home/airflow/.local/lib/python3.11/site-packages/airflow/example_dags/example_branch_labels.py took 0.041 seconds
[2024-03-04T16:19:06.363+0000] {processor.py:161} INFO - Started process (PID=2988) to work on /home/airflow/.local/lib/python3.11/site-packages/airflow/example_dags/example_branch_labels.py
[2024-03-04T16:19:06.363+0000] {processor.py:830} INFO - Processing file /home/airflow/.local/lib/python3.11/site-packages/airflow/example_dags/example_branch_labels.py for tasks to queue
[2024-03-04T16:19:06.364+0000] {logging_mixin.py:188} INFO - [2024-03-04T16:19:06.364+0000] {dagbag.py:540} INFO - Filling up the DagBag from /home/airflow/.local/lib/python3.11/site-packages/airflow/example_dags/example_branch_labels.py
[2024-03-04T16:19:06.368+0000] {processor.py:840} INFO - DAG(s) 'example_branch_labels' retrieved from /home/airflow/.local/lib/python3.11/site-packages/airflow/example_dags/example_branch_labels.py
[2024-03-04T16:19:06.377+0000] {logging_mixin.py:188} INFO - [2024-03-04T16:19:06.376+0000] {dag.py:3047} INFO - Sync 1 DAGs
[2024-03-04T16:19:06.389+0000] {logging_mixin.py:188} INFO - [2024-03-04T16:19:06.388+0000] {dag.py:3834} INFO - Setting next_dagrun for example_branch_labels to 2024-03-03 00:00:00+00:00, run_after=2024-03-04 00:00:00+00:00
[2024-03-04T16:19:06.396+0000] {processor.py:183} INFO - Processing /home/airflow/.local/lib/python3.11/site-packages/airflow/example_dags/example_branch_labels.py took 0.035 seconds
[2024-03-04T16:19:36.656+0000] {processor.py:161} INFO - Started process (PID=3043) to work on /home/airflow/.local/lib/python3.11/site-packages/airflow/example_dags/example_branch_labels.py
[2024-03-04T16:19:36.657+0000] {processor.py:830} INFO - Processing file /home/airflow/.local/lib/python3.11/site-packages/airflow/example_dags/example_branch_labels.py for tasks to queue
[2024-03-04T16:19:36.659+0000] {logging_mixin.py:188} INFO - [2024-03-04T16:19:36.658+0000] {dagbag.py:540} INFO - Filling up the DagBag from /home/airflow/.local/lib/python3.11/site-packages/airflow/example_dags/example_branch_labels.py
[2024-03-04T16:19:36.665+0000] {processor.py:840} INFO - DAG(s) 'example_branch_labels' retrieved from /home/airflow/.local/lib/python3.11/site-packages/airflow/example_dags/example_branch_labels.py
[2024-03-04T16:19:36.676+0000] {logging_mixin.py:188} INFO - [2024-03-04T16:19:36.675+0000] {dag.py:3047} INFO - Sync 1 DAGs
[2024-03-04T16:19:36.686+0000] {logging_mixin.py:188} INFO - [2024-03-04T16:19:36.686+0000] {dag.py:3834} INFO - Setting next_dagrun for example_branch_labels to 2024-03-03 00:00:00+00:00, run_after=2024-03-04 00:00:00+00:00
[2024-03-04T16:19:36.693+0000] {processor.py:183} INFO - Processing /home/airflow/.local/lib/python3.11/site-packages/airflow/example_dags/example_branch_labels.py took 0.040 seconds
[2024-03-04T16:20:06.952+0000] {processor.py:161} INFO - Started process (PID=3098) to work on /home/airflow/.local/lib/python3.11/site-packages/airflow/example_dags/example_branch_labels.py
[2024-03-04T16:20:06.952+0000] {processor.py:830} INFO - Processing file /home/airflow/.local/lib/python3.11/site-packages/airflow/example_dags/example_branch_labels.py for tasks to queue
[2024-03-04T16:20:06.953+0000] {logging_mixin.py:188} INFO - [2024-03-04T16:20:06.953+0000] {dagbag.py:540} INFO - Filling up the DagBag from /home/airflow/.local/lib/python3.11/site-packages/airflow/example_dags/example_branch_labels.py
[2024-03-04T16:20:06.958+0000] {processor.py:840} INFO - DAG(s) 'example_branch_labels' retrieved from /home/airflow/.local/lib/python3.11/site-packages/airflow/example_dags/example_branch_labels.py
[2024-03-04T16:20:06.969+0000] {logging_mixin.py:188} INFO - [2024-03-04T16:20:06.969+0000] {dag.py:3047} INFO - Sync 1 DAGs
[2024-03-04T16:20:06.980+0000] {logging_mixin.py:188} INFO - [2024-03-04T16:20:06.980+0000] {dag.py:3834} INFO - Setting next_dagrun for example_branch_labels to 2024-03-03 00:00:00+00:00, run_after=2024-03-04 00:00:00+00:00
[2024-03-04T16:20:06.991+0000] {processor.py:183} INFO - Processing /home/airflow/.local/lib/python3.11/site-packages/airflow/example_dags/example_branch_labels.py took 0.042 seconds
[2024-03-04T16:20:37.399+0000] {processor.py:161} INFO - Started process (PID=3153) to work on /home/airflow/.local/lib/python3.11/site-packages/airflow/example_dags/example_branch_labels.py
[2024-03-04T16:20:37.399+0000] {processor.py:830} INFO - Processing file /home/airflow/.local/lib/python3.11/site-packages/airflow/example_dags/example_branch_labels.py for tasks to queue
[2024-03-04T16:20:37.400+0000] {logging_mixin.py:188} INFO - [2024-03-04T16:20:37.400+0000] {dagbag.py:540} INFO - Filling up the DagBag from /home/airflow/.local/lib/python3.11/site-packages/airflow/example_dags/example_branch_labels.py
[2024-03-04T16:20:37.404+0000] {processor.py:840} INFO - DAG(s) 'example_branch_labels' retrieved from /home/airflow/.local/lib/python3.11/site-packages/airflow/example_dags/example_branch_labels.py
[2024-03-04T16:20:37.414+0000] {logging_mixin.py:188} INFO - [2024-03-04T16:20:37.414+0000] {dag.py:3047} INFO - Sync 1 DAGs
[2024-03-04T16:20:37.423+0000] {logging_mixin.py:188} INFO - [2024-03-04T16:20:37.423+0000] {dag.py:3834} INFO - Setting next_dagrun for example_branch_labels to 2024-03-03 00:00:00+00:00, run_after=2024-03-04 00:00:00+00:00
[2024-03-04T16:20:37.430+0000] {processor.py:183} INFO - Processing /home/airflow/.local/lib/python3.11/site-packages/airflow/example_dags/example_branch_labels.py took 0.032 seconds
[2024-03-04T16:21:07.635+0000] {processor.py:161} INFO - Started process (PID=3208) to work on /home/airflow/.local/lib/python3.11/site-packages/airflow/example_dags/example_branch_labels.py
[2024-03-04T16:21:07.636+0000] {processor.py:830} INFO - Processing file /home/airflow/.local/lib/python3.11/site-packages/airflow/example_dags/example_branch_labels.py for tasks to queue
[2024-03-04T16:21:07.637+0000] {logging_mixin.py:188} INFO - [2024-03-04T16:21:07.636+0000] {dagbag.py:540} INFO - Filling up the DagBag from /home/airflow/.local/lib/python3.11/site-packages/airflow/example_dags/example_branch_labels.py
[2024-03-04T16:21:07.641+0000] {processor.py:840} INFO - DAG(s) 'example_branch_labels' retrieved from /home/airflow/.local/lib/python3.11/site-packages/airflow/example_dags/example_branch_labels.py
[2024-03-04T16:21:07.650+0000] {logging_mixin.py:188} INFO - [2024-03-04T16:21:07.650+0000] {dag.py:3047} INFO - Sync 1 DAGs
[2024-03-04T16:21:07.660+0000] {logging_mixin.py:188} INFO - [2024-03-04T16:21:07.659+0000] {dag.py:3834} INFO - Setting next_dagrun for example_branch_labels to 2024-03-03 00:00:00+00:00, run_after=2024-03-04 00:00:00+00:00
[2024-03-04T16:21:07.667+0000] {processor.py:183} INFO - Processing /home/airflow/.local/lib/python3.11/site-packages/airflow/example_dags/example_branch_labels.py took 0.033 seconds
[2024-03-04T16:21:37.911+0000] {processor.py:161} INFO - Started process (PID=3263) to work on /home/airflow/.local/lib/python3.11/site-packages/airflow/example_dags/example_branch_labels.py
[2024-03-04T16:21:37.912+0000] {processor.py:830} INFO - Processing file /home/airflow/.local/lib/python3.11/site-packages/airflow/example_dags/example_branch_labels.py for tasks to queue
[2024-03-04T16:21:37.913+0000] {logging_mixin.py:188} INFO - [2024-03-04T16:21:37.913+0000] {dagbag.py:540} INFO - Filling up the DagBag from /home/airflow/.local/lib/python3.11/site-packages/airflow/example_dags/example_branch_labels.py
[2024-03-04T16:21:37.917+0000] {processor.py:840} INFO - DAG(s) 'example_branch_labels' retrieved from /home/airflow/.local/lib/python3.11/site-packages/airflow/example_dags/example_branch_labels.py
[2024-03-04T16:21:37.927+0000] {logging_mixin.py:188} INFO - [2024-03-04T16:21:37.927+0000] {dag.py:3047} INFO - Sync 1 DAGs
[2024-03-04T16:21:37.937+0000] {logging_mixin.py:188} INFO - [2024-03-04T16:21:37.937+0000] {dag.py:3834} INFO - Setting next_dagrun for example_branch_labels to 2024-03-03 00:00:00+00:00, run_after=2024-03-04 00:00:00+00:00
[2024-03-04T16:21:37.944+0000] {processor.py:183} INFO - Processing /home/airflow/.local/lib/python3.11/site-packages/airflow/example_dags/example_branch_labels.py took 0.034 seconds
[2024-03-04T16:22:08.222+0000] {processor.py:161} INFO - Started process (PID=3318) to work on /home/airflow/.local/lib/python3.11/site-packages/airflow/example_dags/example_branch_labels.py
[2024-03-04T16:22:08.222+0000] {processor.py:830} INFO - Processing file /home/airflow/.local/lib/python3.11/site-packages/airflow/example_dags/example_branch_labels.py for tasks to queue
[2024-03-04T16:22:08.223+0000] {logging_mixin.py:188} INFO - [2024-03-04T16:22:08.223+0000] {dagbag.py:540} INFO - Filling up the DagBag from /home/airflow/.local/lib/python3.11/site-packages/airflow/example_dags/example_branch_labels.py
[2024-03-04T16:22:08.227+0000] {processor.py:840} INFO - DAG(s) 'example_branch_labels' retrieved from /home/airflow/.local/lib/python3.11/site-packages/airflow/example_dags/example_branch_labels.py
[2024-03-04T16:22:08.236+0000] {logging_mixin.py:188} INFO - [2024-03-04T16:22:08.236+0000] {dag.py:3047} INFO - Sync 1 DAGs
[2024-03-04T16:22:08.245+0000] {logging_mixin.py:188} INFO - [2024-03-04T16:22:08.245+0000] {dag.py:3834} INFO - Setting next_dagrun for example_branch_labels to 2024-03-03 00:00:00+00:00, run_after=2024-03-04 00:00:00+00:00
[2024-03-04T16:22:08.252+0000] {processor.py:183} INFO - Processing /home/airflow/.local/lib/python3.11/site-packages/airflow/example_dags/example_branch_labels.py took 0.031 seconds
[2024-03-04T16:22:38.495+0000] {processor.py:161} INFO - Started process (PID=3373) to work on /home/airflow/.local/lib/python3.11/site-packages/airflow/example_dags/example_branch_labels.py
[2024-03-04T16:22:38.496+0000] {processor.py:830} INFO - Processing file /home/airflow/.local/lib/python3.11/site-packages/airflow/example_dags/example_branch_labels.py for tasks to queue
[2024-03-04T16:22:38.497+0000] {logging_mixin.py:188} INFO - [2024-03-04T16:22:38.496+0000] {dagbag.py:540} INFO - Filling up the DagBag from /home/airflow/.local/lib/python3.11/site-packages/airflow/example_dags/example_branch_labels.py
[2024-03-04T16:22:38.501+0000] {processor.py:840} INFO - DAG(s) 'example_branch_labels' retrieved from /home/airflow/.local/lib/python3.11/site-packages/airflow/example_dags/example_branch_labels.py
[2024-03-04T16:22:38.511+0000] {logging_mixin.py:188} INFO - [2024-03-04T16:22:38.511+0000] {dag.py:3047} INFO - Sync 1 DAGs
[2024-03-04T16:22:38.520+0000] {logging_mixin.py:188} INFO - [2024-03-04T16:22:38.520+0000] {dag.py:3834} INFO - Setting next_dagrun for example_branch_labels to 2024-03-03 00:00:00+00:00, run_after=2024-03-04 00:00:00+00:00
[2024-03-04T16:22:38.528+0000] {processor.py:183} INFO - Processing /home/airflow/.local/lib/python3.11/site-packages/airflow/example_dags/example_branch_labels.py took 0.034 seconds
[2024-03-04T16:23:08.742+0000] {processor.py:161} INFO - Started process (PID=3428) to work on /home/airflow/.local/lib/python3.11/site-packages/airflow/example_dags/example_branch_labels.py
[2024-03-04T16:23:08.743+0000] {processor.py:830} INFO - Processing file /home/airflow/.local/lib/python3.11/site-packages/airflow/example_dags/example_branch_labels.py for tasks to queue
[2024-03-04T16:23:08.744+0000] {logging_mixin.py:188} INFO - [2024-03-04T16:23:08.744+0000] {dagbag.py:540} INFO - Filling up the DagBag from /home/airflow/.local/lib/python3.11/site-packages/airflow/example_dags/example_branch_labels.py
[2024-03-04T16:23:08.748+0000] {processor.py:840} INFO - DAG(s) 'example_branch_labels' retrieved from /home/airflow/.local/lib/python3.11/site-packages/airflow/example_dags/example_branch_labels.py
[2024-03-04T16:23:08.758+0000] {logging_mixin.py:188} INFO - [2024-03-04T16:23:08.758+0000] {dag.py:3047} INFO - Sync 1 DAGs
[2024-03-04T16:23:08.767+0000] {logging_mixin.py:188} INFO - [2024-03-04T16:23:08.767+0000] {dag.py:3834} INFO - Setting next_dagrun for example_branch_labels to 2024-03-03 00:00:00+00:00, run_after=2024-03-04 00:00:00+00:00
[2024-03-04T16:23:08.775+0000] {processor.py:183} INFO - Processing /home/airflow/.local/lib/python3.11/site-packages/airflow/example_dags/example_branch_labels.py took 0.034 seconds
[2024-03-04T16:23:39.425+0000] {processor.py:161} INFO - Started process (PID=3482) to work on /home/airflow/.local/lib/python3.11/site-packages/airflow/example_dags/example_branch_labels.py
[2024-03-04T16:23:39.426+0000] {processor.py:830} INFO - Processing file /home/airflow/.local/lib/python3.11/site-packages/airflow/example_dags/example_branch_labels.py for tasks to queue
[2024-03-04T16:23:39.427+0000] {logging_mixin.py:188} INFO - [2024-03-04T16:23:39.427+0000] {dagbag.py:540} INFO - Filling up the DagBag from /home/airflow/.local/lib/python3.11/site-packages/airflow/example_dags/example_branch_labels.py
[2024-03-04T16:23:39.432+0000] {processor.py:840} INFO - DAG(s) 'example_branch_labels' retrieved from /home/airflow/.local/lib/python3.11/site-packages/airflow/example_dags/example_branch_labels.py
[2024-03-04T16:23:39.445+0000] {logging_mixin.py:188} INFO - [2024-03-04T16:23:39.445+0000] {dag.py:3047} INFO - Sync 1 DAGs
[2024-03-04T16:23:39.462+0000] {logging_mixin.py:188} INFO - [2024-03-04T16:23:39.462+0000] {dag.py:3834} INFO - Setting next_dagrun for example_branch_labels to 2024-03-03 00:00:00+00:00, run_after=2024-03-04 00:00:00+00:00
[2024-03-04T16:23:39.482+0000] {processor.py:183} INFO - Processing /home/airflow/.local/lib/python3.11/site-packages/airflow/example_dags/example_branch_labels.py took 0.059 seconds
[2024-03-04T16:24:10.301+0000] {processor.py:161} INFO - Started process (PID=3537) to work on /home/airflow/.local/lib/python3.11/site-packages/airflow/example_dags/example_branch_labels.py
[2024-03-04T16:24:10.302+0000] {processor.py:830} INFO - Processing file /home/airflow/.local/lib/python3.11/site-packages/airflow/example_dags/example_branch_labels.py for tasks to queue
[2024-03-04T16:24:10.303+0000] {logging_mixin.py:188} INFO - [2024-03-04T16:24:10.303+0000] {dagbag.py:540} INFO - Filling up the DagBag from /home/airflow/.local/lib/python3.11/site-packages/airflow/example_dags/example_branch_labels.py
[2024-03-04T16:24:10.307+0000] {processor.py:840} INFO - DAG(s) 'example_branch_labels' retrieved from /home/airflow/.local/lib/python3.11/site-packages/airflow/example_dags/example_branch_labels.py
[2024-03-04T16:24:10.317+0000] {logging_mixin.py:188} INFO - [2024-03-04T16:24:10.316+0000] {dag.py:3047} INFO - Sync 1 DAGs
[2024-03-04T16:24:10.326+0000] {logging_mixin.py:188} INFO - [2024-03-04T16:24:10.325+0000] {dag.py:3834} INFO - Setting next_dagrun for example_branch_labels to 2024-03-03 00:00:00+00:00, run_after=2024-03-04 00:00:00+00:00
[2024-03-04T16:24:10.332+0000] {processor.py:183} INFO - Processing /home/airflow/.local/lib/python3.11/site-packages/airflow/example_dags/example_branch_labels.py took 0.033 seconds
[2024-03-04T16:24:41.092+0000] {processor.py:161} INFO - Started process (PID=3592) to work on /home/airflow/.local/lib/python3.11/site-packages/airflow/example_dags/example_branch_labels.py
[2024-03-04T16:24:41.093+0000] {processor.py:830} INFO - Processing file /home/airflow/.local/lib/python3.11/site-packages/airflow/example_dags/example_branch_labels.py for tasks to queue
[2024-03-04T16:24:41.094+0000] {logging_mixin.py:188} INFO - [2024-03-04T16:24:41.094+0000] {dagbag.py:540} INFO - Filling up the DagBag from /home/airflow/.local/lib/python3.11/site-packages/airflow/example_dags/example_branch_labels.py
[2024-03-04T16:24:41.098+0000] {processor.py:840} INFO - DAG(s) 'example_branch_labels' retrieved from /home/airflow/.local/lib/python3.11/site-packages/airflow/example_dags/example_branch_labels.py
[2024-03-04T16:24:41.111+0000] {logging_mixin.py:188} INFO - [2024-03-04T16:24:41.111+0000] {dag.py:3047} INFO - Sync 1 DAGs
[2024-03-04T16:24:41.120+0000] {logging_mixin.py:188} INFO - [2024-03-04T16:24:41.120+0000] {dag.py:3834} INFO - Setting next_dagrun for example_branch_labels to 2024-03-03 00:00:00+00:00, run_after=2024-03-04 00:00:00+00:00
[2024-03-04T16:24:41.127+0000] {processor.py:183} INFO - Processing /home/airflow/.local/lib/python3.11/site-packages/airflow/example_dags/example_branch_labels.py took 0.037 seconds
[2024-03-04T16:25:11.294+0000] {processor.py:161} INFO - Started process (PID=3647) to work on /home/airflow/.local/lib/python3.11/site-packages/airflow/example_dags/example_branch_labels.py
[2024-03-04T16:25:11.295+0000] {processor.py:830} INFO - Processing file /home/airflow/.local/lib/python3.11/site-packages/airflow/example_dags/example_branch_labels.py for tasks to queue
[2024-03-04T16:25:11.296+0000] {logging_mixin.py:188} INFO - [2024-03-04T16:25:11.296+0000] {dagbag.py:540} INFO - Filling up the DagBag from /home/airflow/.local/lib/python3.11/site-packages/airflow/example_dags/example_branch_labels.py
[2024-03-04T16:25:11.300+0000] {processor.py:840} INFO - DAG(s) 'example_branch_labels' retrieved from /home/airflow/.local/lib/python3.11/site-packages/airflow/example_dags/example_branch_labels.py
[2024-03-04T16:25:11.309+0000] {logging_mixin.py:188} INFO - [2024-03-04T16:25:11.309+0000] {dag.py:3047} INFO - Sync 1 DAGs
[2024-03-04T16:25:11.319+0000] {logging_mixin.py:188} INFO - [2024-03-04T16:25:11.319+0000] {dag.py:3834} INFO - Setting next_dagrun for example_branch_labels to 2024-03-03 00:00:00+00:00, run_after=2024-03-04 00:00:00+00:00
[2024-03-04T16:25:11.326+0000] {processor.py:183} INFO - Processing /home/airflow/.local/lib/python3.11/site-packages/airflow/example_dags/example_branch_labels.py took 0.034 seconds
[2024-03-04T16:25:42.471+0000] {processor.py:161} INFO - Started process (PID=3702) to work on /home/airflow/.local/lib/python3.11/site-packages/airflow/example_dags/example_branch_labels.py
[2024-03-04T16:25:42.472+0000] {processor.py:830} INFO - Processing file /home/airflow/.local/lib/python3.11/site-packages/airflow/example_dags/example_branch_labels.py for tasks to queue
[2024-03-04T16:25:42.475+0000] {logging_mixin.py:188} INFO - [2024-03-04T16:25:42.474+0000] {dagbag.py:540} INFO - Filling up the DagBag from /home/airflow/.local/lib/python3.11/site-packages/airflow/example_dags/example_branch_labels.py
[2024-03-04T16:25:42.488+0000] {processor.py:840} INFO - DAG(s) 'example_branch_labels' retrieved from /home/airflow/.local/lib/python3.11/site-packages/airflow/example_dags/example_branch_labels.py
[2024-03-04T16:25:42.519+0000] {logging_mixin.py:188} INFO - [2024-03-04T16:25:42.519+0000] {dag.py:3047} INFO - Sync 1 DAGs
[2024-03-04T16:25:42.541+0000] {logging_mixin.py:188} INFO - [2024-03-04T16:25:42.541+0000] {dag.py:3834} INFO - Setting next_dagrun for example_branch_labels to 2024-03-03 00:00:00+00:00, run_after=2024-03-04 00:00:00+00:00
[2024-03-04T16:25:42.575+0000] {processor.py:183} INFO - Processing /home/airflow/.local/lib/python3.11/site-packages/airflow/example_dags/example_branch_labels.py took 0.107 seconds
[2024-03-04T16:26:13.713+0000] {processor.py:161} INFO - Started process (PID=3757) to work on /home/airflow/.local/lib/python3.11/site-packages/airflow/example_dags/example_branch_labels.py
[2024-03-04T16:26:13.718+0000] {processor.py:830} INFO - Processing file /home/airflow/.local/lib/python3.11/site-packages/airflow/example_dags/example_branch_labels.py for tasks to queue
[2024-03-04T16:26:13.724+0000] {logging_mixin.py:188} INFO - [2024-03-04T16:26:13.724+0000] {dagbag.py:540} INFO - Filling up the DagBag from /home/airflow/.local/lib/python3.11/site-packages/airflow/example_dags/example_branch_labels.py
[2024-03-04T16:26:13.734+0000] {processor.py:840} INFO - DAG(s) 'example_branch_labels' retrieved from /home/airflow/.local/lib/python3.11/site-packages/airflow/example_dags/example_branch_labels.py
[2024-03-04T16:26:13.768+0000] {logging_mixin.py:188} INFO - [2024-03-04T16:26:13.767+0000] {dag.py:3047} INFO - Sync 1 DAGs
[2024-03-04T16:26:13.805+0000] {logging_mixin.py:188} INFO - [2024-03-04T16:26:13.804+0000] {dag.py:3834} INFO - Setting next_dagrun for example_branch_labels to 2024-03-03 00:00:00+00:00, run_after=2024-03-04 00:00:00+00:00
[2024-03-04T16:26:13.881+0000] {processor.py:183} INFO - Processing /home/airflow/.local/lib/python3.11/site-packages/airflow/example_dags/example_branch_labels.py took 0.173 seconds
[2024-03-04T16:26:44.223+0000] {processor.py:161} INFO - Started process (PID=3812) to work on /home/airflow/.local/lib/python3.11/site-packages/airflow/example_dags/example_branch_labels.py
[2024-03-04T16:26:44.223+0000] {processor.py:830} INFO - Processing file /home/airflow/.local/lib/python3.11/site-packages/airflow/example_dags/example_branch_labels.py for tasks to queue
[2024-03-04T16:26:44.224+0000] {logging_mixin.py:188} INFO - [2024-03-04T16:26:44.224+0000] {dagbag.py:540} INFO - Filling up the DagBag from /home/airflow/.local/lib/python3.11/site-packages/airflow/example_dags/example_branch_labels.py
[2024-03-04T16:26:44.228+0000] {processor.py:840} INFO - DAG(s) 'example_branch_labels' retrieved from /home/airflow/.local/lib/python3.11/site-packages/airflow/example_dags/example_branch_labels.py
[2024-03-04T16:26:44.238+0000] {logging_mixin.py:188} INFO - [2024-03-04T16:26:44.238+0000] {dag.py:3047} INFO - Sync 1 DAGs
[2024-03-04T16:26:44.247+0000] {logging_mixin.py:188} INFO - [2024-03-04T16:26:44.247+0000] {dag.py:3834} INFO - Setting next_dagrun for example_branch_labels to 2024-03-03 00:00:00+00:00, run_after=2024-03-04 00:00:00+00:00
[2024-03-04T16:26:44.255+0000] {processor.py:183} INFO - Processing /home/airflow/.local/lib/python3.11/site-packages/airflow/example_dags/example_branch_labels.py took 0.034 seconds
[2024-03-04T16:27:15.139+0000] {processor.py:161} INFO - Started process (PID=3867) to work on /home/airflow/.local/lib/python3.11/site-packages/airflow/example_dags/example_branch_labels.py
[2024-03-04T16:27:15.140+0000] {processor.py:830} INFO - Processing file /home/airflow/.local/lib/python3.11/site-packages/airflow/example_dags/example_branch_labels.py for tasks to queue
[2024-03-04T16:27:15.141+0000] {logging_mixin.py:188} INFO - [2024-03-04T16:27:15.141+0000] {dagbag.py:540} INFO - Filling up the DagBag from /home/airflow/.local/lib/python3.11/site-packages/airflow/example_dags/example_branch_labels.py
[2024-03-04T16:27:15.144+0000] {processor.py:840} INFO - DAG(s) 'example_branch_labels' retrieved from /home/airflow/.local/lib/python3.11/site-packages/airflow/example_dags/example_branch_labels.py
[2024-03-04T16:27:15.154+0000] {logging_mixin.py:188} INFO - [2024-03-04T16:27:15.153+0000] {dag.py:3047} INFO - Sync 1 DAGs
[2024-03-04T16:27:15.163+0000] {logging_mixin.py:188} INFO - [2024-03-04T16:27:15.163+0000] {dag.py:3834} INFO - Setting next_dagrun for example_branch_labels to 2024-03-03 00:00:00+00:00, run_after=2024-03-04 00:00:00+00:00
[2024-03-04T16:27:15.170+0000] {processor.py:183} INFO - Processing /home/airflow/.local/lib/python3.11/site-packages/airflow/example_dags/example_branch_labels.py took 0.032 seconds
[2024-03-04T16:27:45.429+0000] {processor.py:161} INFO - Started process (PID=3922) to work on /home/airflow/.local/lib/python3.11/site-packages/airflow/example_dags/example_branch_labels.py
[2024-03-04T16:27:45.430+0000] {processor.py:830} INFO - Processing file /home/airflow/.local/lib/python3.11/site-packages/airflow/example_dags/example_branch_labels.py for tasks to queue
[2024-03-04T16:27:45.430+0000] {logging_mixin.py:188} INFO - [2024-03-04T16:27:45.430+0000] {dagbag.py:540} INFO - Filling up the DagBag from /home/airflow/.local/lib/python3.11/site-packages/airflow/example_dags/example_branch_labels.py
[2024-03-04T16:27:45.434+0000] {processor.py:840} INFO - DAG(s) 'example_branch_labels' retrieved from /home/airflow/.local/lib/python3.11/site-packages/airflow/example_dags/example_branch_labels.py
[2024-03-04T16:27:45.444+0000] {logging_mixin.py:188} INFO - [2024-03-04T16:27:45.444+0000] {dag.py:3047} INFO - Sync 1 DAGs
[2024-03-04T16:27:45.453+0000] {logging_mixin.py:188} INFO - [2024-03-04T16:27:45.453+0000] {dag.py:3834} INFO - Setting next_dagrun for example_branch_labels to 2024-03-03 00:00:00+00:00, run_after=2024-03-04 00:00:00+00:00
[2024-03-04T16:27:45.459+0000] {processor.py:183} INFO - Processing /home/airflow/.local/lib/python3.11/site-packages/airflow/example_dags/example_branch_labels.py took 0.032 seconds
[2024-03-04T16:28:15.773+0000] {processor.py:161} INFO - Started process (PID=3977) to work on /home/airflow/.local/lib/python3.11/site-packages/airflow/example_dags/example_branch_labels.py
[2024-03-04T16:28:15.774+0000] {processor.py:830} INFO - Processing file /home/airflow/.local/lib/python3.11/site-packages/airflow/example_dags/example_branch_labels.py for tasks to queue
[2024-03-04T16:28:15.775+0000] {logging_mixin.py:188} INFO - [2024-03-04T16:28:15.775+0000] {dagbag.py:540} INFO - Filling up the DagBag from /home/airflow/.local/lib/python3.11/site-packages/airflow/example_dags/example_branch_labels.py
[2024-03-04T16:28:15.779+0000] {processor.py:840} INFO - DAG(s) 'example_branch_labels' retrieved from /home/airflow/.local/lib/python3.11/site-packages/airflow/example_dags/example_branch_labels.py
[2024-03-04T16:28:15.788+0000] {logging_mixin.py:188} INFO - [2024-03-04T16:28:15.788+0000] {dag.py:3047} INFO - Sync 1 DAGs
[2024-03-04T16:28:15.797+0000] {logging_mixin.py:188} INFO - [2024-03-04T16:28:15.797+0000] {dag.py:3834} INFO - Setting next_dagrun for example_branch_labels to 2024-03-03 00:00:00+00:00, run_after=2024-03-04 00:00:00+00:00
[2024-03-04T16:28:15.805+0000] {processor.py:183} INFO - Processing /home/airflow/.local/lib/python3.11/site-packages/airflow/example_dags/example_branch_labels.py took 0.034 seconds
