[2024-03-04T15:51:52.044+0000] {processor.py:161} INFO - Started process (PID=32) to work on /home/airflow/.local/lib/python3.11/site-packages/airflow/example_dags/example_task_group.py
[2024-03-04T15:51:52.045+0000] {processor.py:830} INFO - Processing file /home/airflow/.local/lib/python3.11/site-packages/airflow/example_dags/example_task_group.py for tasks to queue
[2024-03-04T15:51:52.047+0000] {logging_mixin.py:188} INFO - [2024-03-04T15:51:52.047+0000] {dagbag.py:540} INFO - Filling up the DagBag from /home/airflow/.local/lib/python3.11/site-packages/airflow/example_dags/example_task_group.py
[2024-03-04T15:51:52.064+0000] {processor.py:840} INFO - DAG(s) 'example_task_group' retrieved from /home/airflow/.local/lib/python3.11/site-packages/airflow/example_dags/example_task_group.py
[2024-03-04T15:51:52.144+0000] {logging_mixin.py:188} INFO - [2024-03-04T15:51:52.143+0000] {override.py:1769} INFO - Created Permission View: can read on DAG:example_task_group
[2024-03-04T15:51:52.150+0000] {logging_mixin.py:188} INFO - [2024-03-04T15:51:52.150+0000] {override.py:1769} INFO - Created Permission View: can delete on DAG:example_task_group
[2024-03-04T15:51:52.156+0000] {logging_mixin.py:188} INFO - [2024-03-04T15:51:52.156+0000] {override.py:1769} INFO - Created Permission View: can edit on DAG:example_task_group
[2024-03-04T15:51:52.156+0000] {logging_mixin.py:188} INFO - [2024-03-04T15:51:52.156+0000] {dag.py:3047} INFO - Sync 1 DAGs
[2024-03-04T15:51:52.166+0000] {logging_mixin.py:188} INFO - [2024-03-04T15:51:52.165+0000] {dag.py:3069} INFO - Creating ORM DAG for example_task_group
[2024-03-04T15:51:52.175+0000] {logging_mixin.py:188} INFO - [2024-03-04T15:51:52.174+0000] {dag.py:3834} INFO - Setting next_dagrun for example_task_group to 2024-03-03 00:00:00+00:00, run_after=2024-03-04 00:00:00+00:00
[2024-03-04T15:51:52.185+0000] {processor.py:183} INFO - Processing /home/airflow/.local/lib/python3.11/site-packages/airflow/example_dags/example_task_group.py took 0.145 seconds
[2024-03-04T15:52:22.241+0000] {processor.py:161} INFO - Started process (PID=87) to work on /home/airflow/.local/lib/python3.11/site-packages/airflow/example_dags/example_task_group.py
[2024-03-04T15:52:22.241+0000] {processor.py:830} INFO - Processing file /home/airflow/.local/lib/python3.11/site-packages/airflow/example_dags/example_task_group.py for tasks to queue
[2024-03-04T15:52:22.243+0000] {logging_mixin.py:188} INFO - [2024-03-04T15:52:22.242+0000] {dagbag.py:540} INFO - Filling up the DagBag from /home/airflow/.local/lib/python3.11/site-packages/airflow/example_dags/example_task_group.py
[2024-03-04T15:52:22.247+0000] {processor.py:840} INFO - DAG(s) 'example_task_group' retrieved from /home/airflow/.local/lib/python3.11/site-packages/airflow/example_dags/example_task_group.py
[2024-03-04T15:52:22.259+0000] {logging_mixin.py:188} INFO - [2024-03-04T15:52:22.258+0000] {dag.py:3047} INFO - Sync 1 DAGs
[2024-03-04T15:52:22.267+0000] {logging_mixin.py:188} INFO - [2024-03-04T15:52:22.267+0000] {dag.py:3834} INFO - Setting next_dagrun for example_task_group to 2024-03-03 00:00:00+00:00, run_after=2024-03-04 00:00:00+00:00
[2024-03-04T15:52:22.274+0000] {processor.py:183} INFO - Processing /home/airflow/.local/lib/python3.11/site-packages/airflow/example_dags/example_task_group.py took 0.035 seconds
[2024-03-04T15:52:53.141+0000] {processor.py:161} INFO - Started process (PID=142) to work on /home/airflow/.local/lib/python3.11/site-packages/airflow/example_dags/example_task_group.py
[2024-03-04T15:52:53.144+0000] {processor.py:830} INFO - Processing file /home/airflow/.local/lib/python3.11/site-packages/airflow/example_dags/example_task_group.py for tasks to queue
[2024-03-04T15:52:53.146+0000] {logging_mixin.py:188} INFO - [2024-03-04T15:52:53.145+0000] {dagbag.py:540} INFO - Filling up the DagBag from /home/airflow/.local/lib/python3.11/site-packages/airflow/example_dags/example_task_group.py
[2024-03-04T15:52:53.153+0000] {processor.py:840} INFO - DAG(s) 'example_task_group' retrieved from /home/airflow/.local/lib/python3.11/site-packages/airflow/example_dags/example_task_group.py
[2024-03-04T15:52:53.164+0000] {logging_mixin.py:188} INFO - [2024-03-04T15:52:53.164+0000] {dag.py:3047} INFO - Sync 1 DAGs
[2024-03-04T15:52:53.178+0000] {logging_mixin.py:188} INFO - [2024-03-04T15:52:53.178+0000] {dag.py:3834} INFO - Setting next_dagrun for example_task_group to 2024-03-03 00:00:00+00:00, run_after=2024-03-04 00:00:00+00:00
[2024-03-04T15:52:53.192+0000] {processor.py:183} INFO - Processing /home/airflow/.local/lib/python3.11/site-packages/airflow/example_dags/example_task_group.py took 0.053 seconds
[2024-03-04T15:53:24.241+0000] {processor.py:161} INFO - Started process (PID=197) to work on /home/airflow/.local/lib/python3.11/site-packages/airflow/example_dags/example_task_group.py
[2024-03-04T15:53:24.242+0000] {processor.py:830} INFO - Processing file /home/airflow/.local/lib/python3.11/site-packages/airflow/example_dags/example_task_group.py for tasks to queue
[2024-03-04T15:53:24.243+0000] {logging_mixin.py:188} INFO - [2024-03-04T15:53:24.243+0000] {dagbag.py:540} INFO - Filling up the DagBag from /home/airflow/.local/lib/python3.11/site-packages/airflow/example_dags/example_task_group.py
[2024-03-04T15:53:24.250+0000] {processor.py:840} INFO - DAG(s) 'example_task_group' retrieved from /home/airflow/.local/lib/python3.11/site-packages/airflow/example_dags/example_task_group.py
[2024-03-04T15:53:24.277+0000] {logging_mixin.py:188} INFO - [2024-03-04T15:53:24.277+0000] {dag.py:3047} INFO - Sync 1 DAGs
[2024-03-04T15:53:24.305+0000] {logging_mixin.py:188} INFO - [2024-03-04T15:53:24.305+0000] {dag.py:3834} INFO - Setting next_dagrun for example_task_group to 2024-03-03 00:00:00+00:00, run_after=2024-03-04 00:00:00+00:00
[2024-03-04T15:53:24.320+0000] {processor.py:183} INFO - Processing /home/airflow/.local/lib/python3.11/site-packages/airflow/example_dags/example_task_group.py took 0.081 seconds
[2024-03-04T15:53:54.464+0000] {processor.py:161} INFO - Started process (PID=252) to work on /home/airflow/.local/lib/python3.11/site-packages/airflow/example_dags/example_task_group.py
[2024-03-04T15:53:54.465+0000] {processor.py:830} INFO - Processing file /home/airflow/.local/lib/python3.11/site-packages/airflow/example_dags/example_task_group.py for tasks to queue
[2024-03-04T15:53:54.466+0000] {logging_mixin.py:188} INFO - [2024-03-04T15:53:54.466+0000] {dagbag.py:540} INFO - Filling up the DagBag from /home/airflow/.local/lib/python3.11/site-packages/airflow/example_dags/example_task_group.py
[2024-03-04T15:53:54.469+0000] {processor.py:840} INFO - DAG(s) 'example_task_group' retrieved from /home/airflow/.local/lib/python3.11/site-packages/airflow/example_dags/example_task_group.py
[2024-03-04T15:53:54.478+0000] {logging_mixin.py:188} INFO - [2024-03-04T15:53:54.478+0000] {dag.py:3047} INFO - Sync 1 DAGs
[2024-03-04T15:53:54.487+0000] {logging_mixin.py:188} INFO - [2024-03-04T15:53:54.487+0000] {dag.py:3834} INFO - Setting next_dagrun for example_task_group to 2024-03-03 00:00:00+00:00, run_after=2024-03-04 00:00:00+00:00
[2024-03-04T15:53:54.494+0000] {processor.py:183} INFO - Processing /home/airflow/.local/lib/python3.11/site-packages/airflow/example_dags/example_task_group.py took 0.031 seconds
[2024-03-04T15:54:25.384+0000] {processor.py:161} INFO - Started process (PID=307) to work on /home/airflow/.local/lib/python3.11/site-packages/airflow/example_dags/example_task_group.py
[2024-03-04T15:54:25.386+0000] {processor.py:830} INFO - Processing file /home/airflow/.local/lib/python3.11/site-packages/airflow/example_dags/example_task_group.py for tasks to queue
[2024-03-04T15:54:25.387+0000] {logging_mixin.py:188} INFO - [2024-03-04T15:54:25.387+0000] {dagbag.py:540} INFO - Filling up the DagBag from /home/airflow/.local/lib/python3.11/site-packages/airflow/example_dags/example_task_group.py
[2024-03-04T15:54:25.391+0000] {processor.py:840} INFO - DAG(s) 'example_task_group' retrieved from /home/airflow/.local/lib/python3.11/site-packages/airflow/example_dags/example_task_group.py
[2024-03-04T15:54:25.401+0000] {logging_mixin.py:188} INFO - [2024-03-04T15:54:25.401+0000] {dag.py:3047} INFO - Sync 1 DAGs
[2024-03-04T15:54:25.409+0000] {logging_mixin.py:188} INFO - [2024-03-04T15:54:25.409+0000] {dag.py:3834} INFO - Setting next_dagrun for example_task_group to 2024-03-03 00:00:00+00:00, run_after=2024-03-04 00:00:00+00:00
[2024-03-04T15:54:25.416+0000] {processor.py:183} INFO - Processing /home/airflow/.local/lib/python3.11/site-packages/airflow/example_dags/example_task_group.py took 0.035 seconds
[2024-03-04T15:54:55.967+0000] {processor.py:161} INFO - Started process (PID=362) to work on /home/airflow/.local/lib/python3.11/site-packages/airflow/example_dags/example_task_group.py
[2024-03-04T15:54:55.968+0000] {processor.py:830} INFO - Processing file /home/airflow/.local/lib/python3.11/site-packages/airflow/example_dags/example_task_group.py for tasks to queue
[2024-03-04T15:54:55.969+0000] {logging_mixin.py:188} INFO - [2024-03-04T15:54:55.968+0000] {dagbag.py:540} INFO - Filling up the DagBag from /home/airflow/.local/lib/python3.11/site-packages/airflow/example_dags/example_task_group.py
[2024-03-04T15:54:55.974+0000] {processor.py:840} INFO - DAG(s) 'example_task_group' retrieved from /home/airflow/.local/lib/python3.11/site-packages/airflow/example_dags/example_task_group.py
[2024-03-04T15:54:55.989+0000] {logging_mixin.py:188} INFO - [2024-03-04T15:54:55.989+0000] {dag.py:3047} INFO - Sync 1 DAGs
[2024-03-04T15:54:55.999+0000] {logging_mixin.py:188} INFO - [2024-03-04T15:54:55.999+0000] {dag.py:3834} INFO - Setting next_dagrun for example_task_group to 2024-03-03 00:00:00+00:00, run_after=2024-03-04 00:00:00+00:00
[2024-03-04T15:54:56.006+0000] {processor.py:183} INFO - Processing /home/airflow/.local/lib/python3.11/site-packages/airflow/example_dags/example_task_group.py took 0.041 seconds
[2024-03-04T15:55:26.732+0000] {processor.py:161} INFO - Started process (PID=417) to work on /home/airflow/.local/lib/python3.11/site-packages/airflow/example_dags/example_task_group.py
[2024-03-04T15:55:26.732+0000] {processor.py:830} INFO - Processing file /home/airflow/.local/lib/python3.11/site-packages/airflow/example_dags/example_task_group.py for tasks to queue
[2024-03-04T15:55:26.733+0000] {logging_mixin.py:188} INFO - [2024-03-04T15:55:26.733+0000] {dagbag.py:540} INFO - Filling up the DagBag from /home/airflow/.local/lib/python3.11/site-packages/airflow/example_dags/example_task_group.py
[2024-03-04T15:55:26.737+0000] {processor.py:840} INFO - DAG(s) 'example_task_group' retrieved from /home/airflow/.local/lib/python3.11/site-packages/airflow/example_dags/example_task_group.py
[2024-03-04T15:55:26.746+0000] {logging_mixin.py:188} INFO - [2024-03-04T15:55:26.746+0000] {dag.py:3047} INFO - Sync 1 DAGs
[2024-03-04T15:55:26.755+0000] {logging_mixin.py:188} INFO - [2024-03-04T15:55:26.755+0000] {dag.py:3834} INFO - Setting next_dagrun for example_task_group to 2024-03-03 00:00:00+00:00, run_after=2024-03-04 00:00:00+00:00
[2024-03-04T15:55:26.762+0000] {processor.py:183} INFO - Processing /home/airflow/.local/lib/python3.11/site-packages/airflow/example_dags/example_task_group.py took 0.032 seconds
[2024-03-04T15:55:57.557+0000] {processor.py:161} INFO - Started process (PID=472) to work on /home/airflow/.local/lib/python3.11/site-packages/airflow/example_dags/example_task_group.py
[2024-03-04T15:55:57.558+0000] {processor.py:830} INFO - Processing file /home/airflow/.local/lib/python3.11/site-packages/airflow/example_dags/example_task_group.py for tasks to queue
[2024-03-04T15:55:57.559+0000] {logging_mixin.py:188} INFO - [2024-03-04T15:55:57.559+0000] {dagbag.py:540} INFO - Filling up the DagBag from /home/airflow/.local/lib/python3.11/site-packages/airflow/example_dags/example_task_group.py
[2024-03-04T15:55:57.563+0000] {processor.py:840} INFO - DAG(s) 'example_task_group' retrieved from /home/airflow/.local/lib/python3.11/site-packages/airflow/example_dags/example_task_group.py
[2024-03-04T15:55:57.577+0000] {logging_mixin.py:188} INFO - [2024-03-04T15:55:57.577+0000] {dag.py:3047} INFO - Sync 1 DAGs
[2024-03-04T15:55:57.586+0000] {logging_mixin.py:188} INFO - [2024-03-04T15:55:57.586+0000] {dag.py:3834} INFO - Setting next_dagrun for example_task_group to 2024-03-03 00:00:00+00:00, run_after=2024-03-04 00:00:00+00:00
[2024-03-04T15:55:57.593+0000] {processor.py:183} INFO - Processing /home/airflow/.local/lib/python3.11/site-packages/airflow/example_dags/example_task_group.py took 0.037 seconds
[2024-03-04T15:56:28.232+0000] {processor.py:161} INFO - Started process (PID=527) to work on /home/airflow/.local/lib/python3.11/site-packages/airflow/example_dags/example_task_group.py
[2024-03-04T15:56:28.232+0000] {processor.py:830} INFO - Processing file /home/airflow/.local/lib/python3.11/site-packages/airflow/example_dags/example_task_group.py for tasks to queue
[2024-03-04T15:56:28.233+0000] {logging_mixin.py:188} INFO - [2024-03-04T15:56:28.233+0000] {dagbag.py:540} INFO - Filling up the DagBag from /home/airflow/.local/lib/python3.11/site-packages/airflow/example_dags/example_task_group.py
[2024-03-04T15:56:28.236+0000] {processor.py:840} INFO - DAG(s) 'example_task_group' retrieved from /home/airflow/.local/lib/python3.11/site-packages/airflow/example_dags/example_task_group.py
[2024-03-04T15:56:28.245+0000] {logging_mixin.py:188} INFO - [2024-03-04T15:56:28.245+0000] {dag.py:3047} INFO - Sync 1 DAGs
[2024-03-04T15:56:28.254+0000] {logging_mixin.py:188} INFO - [2024-03-04T15:56:28.254+0000] {dag.py:3834} INFO - Setting next_dagrun for example_task_group to 2024-03-03 00:00:00+00:00, run_after=2024-03-04 00:00:00+00:00
[2024-03-04T15:56:28.261+0000] {processor.py:183} INFO - Processing /home/airflow/.local/lib/python3.11/site-packages/airflow/example_dags/example_task_group.py took 0.031 seconds
[2024-03-04T15:56:58.990+0000] {processor.py:161} INFO - Started process (PID=582) to work on /home/airflow/.local/lib/python3.11/site-packages/airflow/example_dags/example_task_group.py
[2024-03-04T15:56:58.990+0000] {processor.py:830} INFO - Processing file /home/airflow/.local/lib/python3.11/site-packages/airflow/example_dags/example_task_group.py for tasks to queue
[2024-03-04T15:56:58.992+0000] {logging_mixin.py:188} INFO - [2024-03-04T15:56:58.992+0000] {dagbag.py:540} INFO - Filling up the DagBag from /home/airflow/.local/lib/python3.11/site-packages/airflow/example_dags/example_task_group.py
[2024-03-04T15:56:58.995+0000] {processor.py:840} INFO - DAG(s) 'example_task_group' retrieved from /home/airflow/.local/lib/python3.11/site-packages/airflow/example_dags/example_task_group.py
[2024-03-04T15:56:59.005+0000] {logging_mixin.py:188} INFO - [2024-03-04T15:56:59.005+0000] {dag.py:3047} INFO - Sync 1 DAGs
[2024-03-04T15:56:59.015+0000] {logging_mixin.py:188} INFO - [2024-03-04T15:56:59.015+0000] {dag.py:3834} INFO - Setting next_dagrun for example_task_group to 2024-03-03 00:00:00+00:00, run_after=2024-03-04 00:00:00+00:00
[2024-03-04T15:56:59.021+0000] {processor.py:183} INFO - Processing /home/airflow/.local/lib/python3.11/site-packages/airflow/example_dags/example_task_group.py took 0.034 seconds
[2024-03-04T15:57:29.643+0000] {processor.py:161} INFO - Started process (PID=637) to work on /home/airflow/.local/lib/python3.11/site-packages/airflow/example_dags/example_task_group.py
[2024-03-04T15:57:29.643+0000] {processor.py:830} INFO - Processing file /home/airflow/.local/lib/python3.11/site-packages/airflow/example_dags/example_task_group.py for tasks to queue
[2024-03-04T15:57:29.644+0000] {logging_mixin.py:188} INFO - [2024-03-04T15:57:29.644+0000] {dagbag.py:540} INFO - Filling up the DagBag from /home/airflow/.local/lib/python3.11/site-packages/airflow/example_dags/example_task_group.py
[2024-03-04T15:57:29.648+0000] {processor.py:840} INFO - DAG(s) 'example_task_group' retrieved from /home/airflow/.local/lib/python3.11/site-packages/airflow/example_dags/example_task_group.py
[2024-03-04T15:57:29.658+0000] {logging_mixin.py:188} INFO - [2024-03-04T15:57:29.658+0000] {dag.py:3047} INFO - Sync 1 DAGs
[2024-03-04T15:57:29.666+0000] {logging_mixin.py:188} INFO - [2024-03-04T15:57:29.666+0000] {dag.py:3834} INFO - Setting next_dagrun for example_task_group to 2024-03-03 00:00:00+00:00, run_after=2024-03-04 00:00:00+00:00
[2024-03-04T15:57:29.673+0000] {processor.py:183} INFO - Processing /home/airflow/.local/lib/python3.11/site-packages/airflow/example_dags/example_task_group.py took 0.032 seconds
[2024-03-04T15:58:00.401+0000] {processor.py:161} INFO - Started process (PID=692) to work on /home/airflow/.local/lib/python3.11/site-packages/airflow/example_dags/example_task_group.py
[2024-03-04T15:58:00.401+0000] {processor.py:830} INFO - Processing file /home/airflow/.local/lib/python3.11/site-packages/airflow/example_dags/example_task_group.py for tasks to queue
[2024-03-04T15:58:00.402+0000] {logging_mixin.py:188} INFO - [2024-03-04T15:58:00.402+0000] {dagbag.py:540} INFO - Filling up the DagBag from /home/airflow/.local/lib/python3.11/site-packages/airflow/example_dags/example_task_group.py
[2024-03-04T15:58:00.407+0000] {processor.py:840} INFO - DAG(s) 'example_task_group' retrieved from /home/airflow/.local/lib/python3.11/site-packages/airflow/example_dags/example_task_group.py
[2024-03-04T15:58:00.417+0000] {logging_mixin.py:188} INFO - [2024-03-04T15:58:00.417+0000] {dag.py:3047} INFO - Sync 1 DAGs
[2024-03-04T15:58:00.425+0000] {logging_mixin.py:188} INFO - [2024-03-04T15:58:00.425+0000] {dag.py:3834} INFO - Setting next_dagrun for example_task_group to 2024-03-03 00:00:00+00:00, run_after=2024-03-04 00:00:00+00:00
[2024-03-04T15:58:00.431+0000] {processor.py:183} INFO - Processing /home/airflow/.local/lib/python3.11/site-packages/airflow/example_dags/example_task_group.py took 0.034 seconds
[2024-03-04T15:58:31.023+0000] {processor.py:161} INFO - Started process (PID=747) to work on /home/airflow/.local/lib/python3.11/site-packages/airflow/example_dags/example_task_group.py
[2024-03-04T15:58:31.023+0000] {processor.py:830} INFO - Processing file /home/airflow/.local/lib/python3.11/site-packages/airflow/example_dags/example_task_group.py for tasks to queue
[2024-03-04T15:58:31.024+0000] {logging_mixin.py:188} INFO - [2024-03-04T15:58:31.024+0000] {dagbag.py:540} INFO - Filling up the DagBag from /home/airflow/.local/lib/python3.11/site-packages/airflow/example_dags/example_task_group.py
[2024-03-04T15:58:31.027+0000] {processor.py:840} INFO - DAG(s) 'example_task_group' retrieved from /home/airflow/.local/lib/python3.11/site-packages/airflow/example_dags/example_task_group.py
[2024-03-04T15:58:31.037+0000] {logging_mixin.py:188} INFO - [2024-03-04T15:58:31.036+0000] {dag.py:3047} INFO - Sync 1 DAGs
[2024-03-04T15:58:31.046+0000] {logging_mixin.py:188} INFO - [2024-03-04T15:58:31.046+0000] {dag.py:3834} INFO - Setting next_dagrun for example_task_group to 2024-03-03 00:00:00+00:00, run_after=2024-03-04 00:00:00+00:00
[2024-03-04T15:58:31.053+0000] {processor.py:183} INFO - Processing /home/airflow/.local/lib/python3.11/site-packages/airflow/example_dags/example_task_group.py took 0.032 seconds
[2024-03-04T15:59:01.835+0000] {processor.py:161} INFO - Started process (PID=802) to work on /home/airflow/.local/lib/python3.11/site-packages/airflow/example_dags/example_task_group.py
[2024-03-04T15:59:01.835+0000] {processor.py:830} INFO - Processing file /home/airflow/.local/lib/python3.11/site-packages/airflow/example_dags/example_task_group.py for tasks to queue
[2024-03-04T15:59:01.836+0000] {logging_mixin.py:188} INFO - [2024-03-04T15:59:01.836+0000] {dagbag.py:540} INFO - Filling up the DagBag from /home/airflow/.local/lib/python3.11/site-packages/airflow/example_dags/example_task_group.py
[2024-03-04T15:59:01.839+0000] {processor.py:840} INFO - DAG(s) 'example_task_group' retrieved from /home/airflow/.local/lib/python3.11/site-packages/airflow/example_dags/example_task_group.py
[2024-03-04T15:59:01.848+0000] {logging_mixin.py:188} INFO - [2024-03-04T15:59:01.848+0000] {dag.py:3047} INFO - Sync 1 DAGs
[2024-03-04T15:59:01.857+0000] {logging_mixin.py:188} INFO - [2024-03-04T15:59:01.857+0000] {dag.py:3834} INFO - Setting next_dagrun for example_task_group to 2024-03-03 00:00:00+00:00, run_after=2024-03-04 00:00:00+00:00
[2024-03-04T15:59:01.863+0000] {processor.py:183} INFO - Processing /home/airflow/.local/lib/python3.11/site-packages/airflow/example_dags/example_task_group.py took 0.029 seconds
[2024-03-04T15:59:32.383+0000] {processor.py:161} INFO - Started process (PID=857) to work on /home/airflow/.local/lib/python3.11/site-packages/airflow/example_dags/example_task_group.py
[2024-03-04T15:59:32.384+0000] {processor.py:830} INFO - Processing file /home/airflow/.local/lib/python3.11/site-packages/airflow/example_dags/example_task_group.py for tasks to queue
[2024-03-04T15:59:32.384+0000] {logging_mixin.py:188} INFO - [2024-03-04T15:59:32.384+0000] {dagbag.py:540} INFO - Filling up the DagBag from /home/airflow/.local/lib/python3.11/site-packages/airflow/example_dags/example_task_group.py
[2024-03-04T15:59:32.391+0000] {processor.py:840} INFO - DAG(s) 'example_task_group' retrieved from /home/airflow/.local/lib/python3.11/site-packages/airflow/example_dags/example_task_group.py
[2024-03-04T15:59:32.410+0000] {logging_mixin.py:188} INFO - [2024-03-04T15:59:32.410+0000] {dag.py:3047} INFO - Sync 1 DAGs
[2024-03-04T15:59:32.422+0000] {logging_mixin.py:188} INFO - [2024-03-04T15:59:32.422+0000] {dag.py:3834} INFO - Setting next_dagrun for example_task_group to 2024-03-03 00:00:00+00:00, run_after=2024-03-04 00:00:00+00:00
[2024-03-04T15:59:32.430+0000] {processor.py:183} INFO - Processing /home/airflow/.local/lib/python3.11/site-packages/airflow/example_dags/example_task_group.py took 0.049 seconds
[2024-03-04T16:00:03.026+0000] {processor.py:161} INFO - Started process (PID=912) to work on /home/airflow/.local/lib/python3.11/site-packages/airflow/example_dags/example_task_group.py
[2024-03-04T16:00:03.027+0000] {processor.py:830} INFO - Processing file /home/airflow/.local/lib/python3.11/site-packages/airflow/example_dags/example_task_group.py for tasks to queue
[2024-03-04T16:00:03.028+0000] {logging_mixin.py:188} INFO - [2024-03-04T16:00:03.028+0000] {dagbag.py:540} INFO - Filling up the DagBag from /home/airflow/.local/lib/python3.11/site-packages/airflow/example_dags/example_task_group.py
[2024-03-04T16:00:03.031+0000] {processor.py:840} INFO - DAG(s) 'example_task_group' retrieved from /home/airflow/.local/lib/python3.11/site-packages/airflow/example_dags/example_task_group.py
[2024-03-04T16:00:03.040+0000] {logging_mixin.py:188} INFO - [2024-03-04T16:00:03.039+0000] {dag.py:3047} INFO - Sync 1 DAGs
[2024-03-04T16:00:03.049+0000] {logging_mixin.py:188} INFO - [2024-03-04T16:00:03.049+0000] {dag.py:3834} INFO - Setting next_dagrun for example_task_group to 2024-03-03 00:00:00+00:00, run_after=2024-03-04 00:00:00+00:00
[2024-03-04T16:00:03.055+0000] {processor.py:183} INFO - Processing /home/airflow/.local/lib/python3.11/site-packages/airflow/example_dags/example_task_group.py took 0.030 seconds
[2024-03-04T16:00:33.843+0000] {processor.py:161} INFO - Started process (PID=966) to work on /home/airflow/.local/lib/python3.11/site-packages/airflow/example_dags/example_task_group.py
[2024-03-04T16:00:33.844+0000] {processor.py:830} INFO - Processing file /home/airflow/.local/lib/python3.11/site-packages/airflow/example_dags/example_task_group.py for tasks to queue
[2024-03-04T16:00:33.846+0000] {logging_mixin.py:188} INFO - [2024-03-04T16:00:33.846+0000] {dagbag.py:540} INFO - Filling up the DagBag from /home/airflow/.local/lib/python3.11/site-packages/airflow/example_dags/example_task_group.py
[2024-03-04T16:00:33.853+0000] {processor.py:840} INFO - DAG(s) 'example_task_group' retrieved from /home/airflow/.local/lib/python3.11/site-packages/airflow/example_dags/example_task_group.py
[2024-03-04T16:00:33.868+0000] {logging_mixin.py:188} INFO - [2024-03-04T16:00:33.867+0000] {dag.py:3047} INFO - Sync 1 DAGs
[2024-03-04T16:00:33.879+0000] {logging_mixin.py:188} INFO - [2024-03-04T16:00:33.879+0000] {dag.py:3834} INFO - Setting next_dagrun for example_task_group to 2024-03-03 00:00:00+00:00, run_after=2024-03-04 00:00:00+00:00
[2024-03-04T16:00:33.889+0000] {processor.py:183} INFO - Processing /home/airflow/.local/lib/python3.11/site-packages/airflow/example_dags/example_task_group.py took 0.048 seconds
[2024-03-04T16:01:04.540+0000] {processor.py:161} INFO - Started process (PID=1021) to work on /home/airflow/.local/lib/python3.11/site-packages/airflow/example_dags/example_task_group.py
[2024-03-04T16:01:04.540+0000] {processor.py:830} INFO - Processing file /home/airflow/.local/lib/python3.11/site-packages/airflow/example_dags/example_task_group.py for tasks to queue
[2024-03-04T16:01:04.542+0000] {logging_mixin.py:188} INFO - [2024-03-04T16:01:04.541+0000] {dagbag.py:540} INFO - Filling up the DagBag from /home/airflow/.local/lib/python3.11/site-packages/airflow/example_dags/example_task_group.py
[2024-03-04T16:01:04.547+0000] {processor.py:840} INFO - DAG(s) 'example_task_group' retrieved from /home/airflow/.local/lib/python3.11/site-packages/airflow/example_dags/example_task_group.py
[2024-03-04T16:01:04.561+0000] {logging_mixin.py:188} INFO - [2024-03-04T16:01:04.561+0000] {dag.py:3047} INFO - Sync 1 DAGs
[2024-03-04T16:01:04.570+0000] {logging_mixin.py:188} INFO - [2024-03-04T16:01:04.570+0000] {dag.py:3834} INFO - Setting next_dagrun for example_task_group to 2024-03-03 00:00:00+00:00, run_after=2024-03-04 00:00:00+00:00
[2024-03-04T16:01:04.577+0000] {processor.py:183} INFO - Processing /home/airflow/.local/lib/python3.11/site-packages/airflow/example_dags/example_task_group.py took 0.040 seconds
[2024-03-04T16:01:35.329+0000] {processor.py:161} INFO - Started process (PID=1076) to work on /home/airflow/.local/lib/python3.11/site-packages/airflow/example_dags/example_task_group.py
[2024-03-04T16:01:35.330+0000] {processor.py:830} INFO - Processing file /home/airflow/.local/lib/python3.11/site-packages/airflow/example_dags/example_task_group.py for tasks to queue
[2024-03-04T16:01:35.331+0000] {logging_mixin.py:188} INFO - [2024-03-04T16:01:35.331+0000] {dagbag.py:540} INFO - Filling up the DagBag from /home/airflow/.local/lib/python3.11/site-packages/airflow/example_dags/example_task_group.py
[2024-03-04T16:01:35.337+0000] {processor.py:840} INFO - DAG(s) 'example_task_group' retrieved from /home/airflow/.local/lib/python3.11/site-packages/airflow/example_dags/example_task_group.py
[2024-03-04T16:01:35.354+0000] {logging_mixin.py:188} INFO - [2024-03-04T16:01:35.354+0000] {dag.py:3047} INFO - Sync 1 DAGs
[2024-03-04T16:01:35.367+0000] {logging_mixin.py:188} INFO - [2024-03-04T16:01:35.367+0000] {dag.py:3834} INFO - Setting next_dagrun for example_task_group to 2024-03-03 00:00:00+00:00, run_after=2024-03-04 00:00:00+00:00
[2024-03-04T16:01:35.375+0000] {processor.py:183} INFO - Processing /home/airflow/.local/lib/python3.11/site-packages/airflow/example_dags/example_task_group.py took 0.047 seconds
[2024-03-04T16:02:06.158+0000] {processor.py:161} INFO - Started process (PID=1131) to work on /home/airflow/.local/lib/python3.11/site-packages/airflow/example_dags/example_task_group.py
[2024-03-04T16:02:06.159+0000] {processor.py:830} INFO - Processing file /home/airflow/.local/lib/python3.11/site-packages/airflow/example_dags/example_task_group.py for tasks to queue
[2024-03-04T16:02:06.160+0000] {logging_mixin.py:188} INFO - [2024-03-04T16:02:06.160+0000] {dagbag.py:540} INFO - Filling up the DagBag from /home/airflow/.local/lib/python3.11/site-packages/airflow/example_dags/example_task_group.py
[2024-03-04T16:02:06.163+0000] {processor.py:840} INFO - DAG(s) 'example_task_group' retrieved from /home/airflow/.local/lib/python3.11/site-packages/airflow/example_dags/example_task_group.py
[2024-03-04T16:02:06.172+0000] {logging_mixin.py:188} INFO - [2024-03-04T16:02:06.172+0000] {dag.py:3047} INFO - Sync 1 DAGs
[2024-03-04T16:02:06.181+0000] {logging_mixin.py:188} INFO - [2024-03-04T16:02:06.181+0000] {dag.py:3834} INFO - Setting next_dagrun for example_task_group to 2024-03-03 00:00:00+00:00, run_after=2024-03-04 00:00:00+00:00
[2024-03-04T16:02:06.188+0000] {processor.py:183} INFO - Processing /home/airflow/.local/lib/python3.11/site-packages/airflow/example_dags/example_task_group.py took 0.031 seconds
[2024-03-04T16:02:36.965+0000] {processor.py:161} INFO - Started process (PID=1186) to work on /home/airflow/.local/lib/python3.11/site-packages/airflow/example_dags/example_task_group.py
[2024-03-04T16:02:36.965+0000] {processor.py:830} INFO - Processing file /home/airflow/.local/lib/python3.11/site-packages/airflow/example_dags/example_task_group.py for tasks to queue
[2024-03-04T16:02:36.966+0000] {logging_mixin.py:188} INFO - [2024-03-04T16:02:36.966+0000] {dagbag.py:540} INFO - Filling up the DagBag from /home/airflow/.local/lib/python3.11/site-packages/airflow/example_dags/example_task_group.py
[2024-03-04T16:02:36.970+0000] {processor.py:840} INFO - DAG(s) 'example_task_group' retrieved from /home/airflow/.local/lib/python3.11/site-packages/airflow/example_dags/example_task_group.py
[2024-03-04T16:02:36.982+0000] {logging_mixin.py:188} INFO - [2024-03-04T16:02:36.982+0000] {dag.py:3047} INFO - Sync 1 DAGs
[2024-03-04T16:02:36.992+0000] {logging_mixin.py:188} INFO - [2024-03-04T16:02:36.992+0000] {dag.py:3834} INFO - Setting next_dagrun for example_task_group to 2024-03-03 00:00:00+00:00, run_after=2024-03-04 00:00:00+00:00
[2024-03-04T16:02:36.998+0000] {processor.py:183} INFO - Processing /home/airflow/.local/lib/python3.11/site-packages/airflow/example_dags/example_task_group.py took 0.035 seconds
[2024-03-04T16:03:07.684+0000] {processor.py:161} INFO - Started process (PID=1241) to work on /home/airflow/.local/lib/python3.11/site-packages/airflow/example_dags/example_task_group.py
[2024-03-04T16:03:07.684+0000] {processor.py:830} INFO - Processing file /home/airflow/.local/lib/python3.11/site-packages/airflow/example_dags/example_task_group.py for tasks to queue
[2024-03-04T16:03:07.685+0000] {logging_mixin.py:188} INFO - [2024-03-04T16:03:07.685+0000] {dagbag.py:540} INFO - Filling up the DagBag from /home/airflow/.local/lib/python3.11/site-packages/airflow/example_dags/example_task_group.py
[2024-03-04T16:03:07.689+0000] {processor.py:840} INFO - DAG(s) 'example_task_group' retrieved from /home/airflow/.local/lib/python3.11/site-packages/airflow/example_dags/example_task_group.py
[2024-03-04T16:03:07.697+0000] {logging_mixin.py:188} INFO - [2024-03-04T16:03:07.697+0000] {dag.py:3047} INFO - Sync 1 DAGs
[2024-03-04T16:03:07.706+0000] {logging_mixin.py:188} INFO - [2024-03-04T16:03:07.706+0000] {dag.py:3834} INFO - Setting next_dagrun for example_task_group to 2024-03-03 00:00:00+00:00, run_after=2024-03-04 00:00:00+00:00
[2024-03-04T16:03:07.712+0000] {processor.py:183} INFO - Processing /home/airflow/.local/lib/python3.11/site-packages/airflow/example_dags/example_task_group.py took 0.030 seconds
[2024-03-04T16:03:38.504+0000] {processor.py:161} INFO - Started process (PID=1296) to work on /home/airflow/.local/lib/python3.11/site-packages/airflow/example_dags/example_task_group.py
[2024-03-04T16:03:38.505+0000] {processor.py:830} INFO - Processing file /home/airflow/.local/lib/python3.11/site-packages/airflow/example_dags/example_task_group.py for tasks to queue
[2024-03-04T16:03:38.506+0000] {logging_mixin.py:188} INFO - [2024-03-04T16:03:38.506+0000] {dagbag.py:540} INFO - Filling up the DagBag from /home/airflow/.local/lib/python3.11/site-packages/airflow/example_dags/example_task_group.py
[2024-03-04T16:03:38.510+0000] {processor.py:840} INFO - DAG(s) 'example_task_group' retrieved from /home/airflow/.local/lib/python3.11/site-packages/airflow/example_dags/example_task_group.py
[2024-03-04T16:03:38.519+0000] {logging_mixin.py:188} INFO - [2024-03-04T16:03:38.519+0000] {dag.py:3047} INFO - Sync 1 DAGs
[2024-03-04T16:03:38.528+0000] {logging_mixin.py:188} INFO - [2024-03-04T16:03:38.528+0000] {dag.py:3834} INFO - Setting next_dagrun for example_task_group to 2024-03-03 00:00:00+00:00, run_after=2024-03-04 00:00:00+00:00
[2024-03-04T16:03:38.535+0000] {processor.py:183} INFO - Processing /home/airflow/.local/lib/python3.11/site-packages/airflow/example_dags/example_task_group.py took 0.033 seconds
[2024-03-04T16:04:08.660+0000] {processor.py:161} INFO - Started process (PID=1351) to work on /home/airflow/.local/lib/python3.11/site-packages/airflow/example_dags/example_task_group.py
[2024-03-04T16:04:08.661+0000] {processor.py:830} INFO - Processing file /home/airflow/.local/lib/python3.11/site-packages/airflow/example_dags/example_task_group.py for tasks to queue
[2024-03-04T16:04:08.662+0000] {logging_mixin.py:188} INFO - [2024-03-04T16:04:08.662+0000] {dagbag.py:540} INFO - Filling up the DagBag from /home/airflow/.local/lib/python3.11/site-packages/airflow/example_dags/example_task_group.py
[2024-03-04T16:04:08.665+0000] {processor.py:840} INFO - DAG(s) 'example_task_group' retrieved from /home/airflow/.local/lib/python3.11/site-packages/airflow/example_dags/example_task_group.py
[2024-03-04T16:04:08.675+0000] {logging_mixin.py:188} INFO - [2024-03-04T16:04:08.675+0000] {dag.py:3047} INFO - Sync 1 DAGs
[2024-03-04T16:04:08.684+0000] {logging_mixin.py:188} INFO - [2024-03-04T16:04:08.683+0000] {dag.py:3834} INFO - Setting next_dagrun for example_task_group to 2024-03-03 00:00:00+00:00, run_after=2024-03-04 00:00:00+00:00
[2024-03-04T16:04:08.690+0000] {processor.py:183} INFO - Processing /home/airflow/.local/lib/python3.11/site-packages/airflow/example_dags/example_task_group.py took 0.032 seconds
[2024-03-04T16:04:38.839+0000] {processor.py:161} INFO - Started process (PID=1406) to work on /home/airflow/.local/lib/python3.11/site-packages/airflow/example_dags/example_task_group.py
[2024-03-04T16:04:38.840+0000] {processor.py:830} INFO - Processing file /home/airflow/.local/lib/python3.11/site-packages/airflow/example_dags/example_task_group.py for tasks to queue
[2024-03-04T16:04:38.840+0000] {logging_mixin.py:188} INFO - [2024-03-04T16:04:38.840+0000] {dagbag.py:540} INFO - Filling up the DagBag from /home/airflow/.local/lib/python3.11/site-packages/airflow/example_dags/example_task_group.py
[2024-03-04T16:04:38.844+0000] {processor.py:840} INFO - DAG(s) 'example_task_group' retrieved from /home/airflow/.local/lib/python3.11/site-packages/airflow/example_dags/example_task_group.py
[2024-03-04T16:04:38.853+0000] {logging_mixin.py:188} INFO - [2024-03-04T16:04:38.852+0000] {dag.py:3047} INFO - Sync 1 DAGs
[2024-03-04T16:04:38.862+0000] {logging_mixin.py:188} INFO - [2024-03-04T16:04:38.862+0000] {dag.py:3834} INFO - Setting next_dagrun for example_task_group to 2024-03-03 00:00:00+00:00, run_after=2024-03-04 00:00:00+00:00
[2024-03-04T16:04:38.869+0000] {processor.py:183} INFO - Processing /home/airflow/.local/lib/python3.11/site-packages/airflow/example_dags/example_task_group.py took 0.031 seconds
[2024-03-04T16:05:09.562+0000] {processor.py:161} INFO - Started process (PID=1461) to work on /home/airflow/.local/lib/python3.11/site-packages/airflow/example_dags/example_task_group.py
[2024-03-04T16:05:09.563+0000] {processor.py:830} INFO - Processing file /home/airflow/.local/lib/python3.11/site-packages/airflow/example_dags/example_task_group.py for tasks to queue
[2024-03-04T16:05:09.563+0000] {logging_mixin.py:188} INFO - [2024-03-04T16:05:09.563+0000] {dagbag.py:540} INFO - Filling up the DagBag from /home/airflow/.local/lib/python3.11/site-packages/airflow/example_dags/example_task_group.py
[2024-03-04T16:05:09.567+0000] {processor.py:840} INFO - DAG(s) 'example_task_group' retrieved from /home/airflow/.local/lib/python3.11/site-packages/airflow/example_dags/example_task_group.py
[2024-03-04T16:05:09.576+0000] {logging_mixin.py:188} INFO - [2024-03-04T16:05:09.575+0000] {dag.py:3047} INFO - Sync 1 DAGs
[2024-03-04T16:05:09.584+0000] {logging_mixin.py:188} INFO - [2024-03-04T16:05:09.584+0000] {dag.py:3834} INFO - Setting next_dagrun for example_task_group to 2024-03-03 00:00:00+00:00, run_after=2024-03-04 00:00:00+00:00
[2024-03-04T16:05:09.590+0000] {processor.py:183} INFO - Processing /home/airflow/.local/lib/python3.11/site-packages/airflow/example_dags/example_task_group.py took 0.030 seconds
[2024-03-04T16:05:40.328+0000] {processor.py:161} INFO - Started process (PID=1516) to work on /home/airflow/.local/lib/python3.11/site-packages/airflow/example_dags/example_task_group.py
[2024-03-04T16:05:40.329+0000] {processor.py:830} INFO - Processing file /home/airflow/.local/lib/python3.11/site-packages/airflow/example_dags/example_task_group.py for tasks to queue
[2024-03-04T16:05:40.330+0000] {logging_mixin.py:188} INFO - [2024-03-04T16:05:40.330+0000] {dagbag.py:540} INFO - Filling up the DagBag from /home/airflow/.local/lib/python3.11/site-packages/airflow/example_dags/example_task_group.py
[2024-03-04T16:05:40.334+0000] {processor.py:840} INFO - DAG(s) 'example_task_group' retrieved from /home/airflow/.local/lib/python3.11/site-packages/airflow/example_dags/example_task_group.py
[2024-03-04T16:05:40.349+0000] {logging_mixin.py:188} INFO - [2024-03-04T16:05:40.349+0000] {dag.py:3047} INFO - Sync 1 DAGs
[2024-03-04T16:05:40.358+0000] {logging_mixin.py:188} INFO - [2024-03-04T16:05:40.358+0000] {dag.py:3834} INFO - Setting next_dagrun for example_task_group to 2024-03-03 00:00:00+00:00, run_after=2024-03-04 00:00:00+00:00
[2024-03-04T16:05:40.365+0000] {processor.py:183} INFO - Processing /home/airflow/.local/lib/python3.11/site-packages/airflow/example_dags/example_task_group.py took 0.038 seconds
[2024-03-04T16:06:10.669+0000] {processor.py:161} INFO - Started process (PID=1571) to work on /home/airflow/.local/lib/python3.11/site-packages/airflow/example_dags/example_task_group.py
[2024-03-04T16:06:10.670+0000] {processor.py:830} INFO - Processing file /home/airflow/.local/lib/python3.11/site-packages/airflow/example_dags/example_task_group.py for tasks to queue
[2024-03-04T16:06:10.671+0000] {logging_mixin.py:188} INFO - [2024-03-04T16:06:10.671+0000] {dagbag.py:540} INFO - Filling up the DagBag from /home/airflow/.local/lib/python3.11/site-packages/airflow/example_dags/example_task_group.py
[2024-03-04T16:06:10.674+0000] {processor.py:840} INFO - DAG(s) 'example_task_group' retrieved from /home/airflow/.local/lib/python3.11/site-packages/airflow/example_dags/example_task_group.py
[2024-03-04T16:06:10.683+0000] {logging_mixin.py:188} INFO - [2024-03-04T16:06:10.683+0000] {dag.py:3047} INFO - Sync 1 DAGs
[2024-03-04T16:06:10.692+0000] {logging_mixin.py:188} INFO - [2024-03-04T16:06:10.691+0000] {dag.py:3834} INFO - Setting next_dagrun for example_task_group to 2024-03-03 00:00:00+00:00, run_after=2024-03-04 00:00:00+00:00
[2024-03-04T16:06:10.698+0000] {processor.py:183} INFO - Processing /home/airflow/.local/lib/python3.11/site-packages/airflow/example_dags/example_task_group.py took 0.030 seconds
[2024-03-04T16:06:40.852+0000] {processor.py:161} INFO - Started process (PID=1626) to work on /home/airflow/.local/lib/python3.11/site-packages/airflow/example_dags/example_task_group.py
[2024-03-04T16:06:40.853+0000] {processor.py:830} INFO - Processing file /home/airflow/.local/lib/python3.11/site-packages/airflow/example_dags/example_task_group.py for tasks to queue
[2024-03-04T16:06:40.854+0000] {logging_mixin.py:188} INFO - [2024-03-04T16:06:40.854+0000] {dagbag.py:540} INFO - Filling up the DagBag from /home/airflow/.local/lib/python3.11/site-packages/airflow/example_dags/example_task_group.py
[2024-03-04T16:06:40.858+0000] {processor.py:840} INFO - DAG(s) 'example_task_group' retrieved from /home/airflow/.local/lib/python3.11/site-packages/airflow/example_dags/example_task_group.py
[2024-03-04T16:06:40.871+0000] {logging_mixin.py:188} INFO - [2024-03-04T16:06:40.871+0000] {dag.py:3047} INFO - Sync 1 DAGs
[2024-03-04T16:06:40.881+0000] {logging_mixin.py:188} INFO - [2024-03-04T16:06:40.881+0000] {dag.py:3834} INFO - Setting next_dagrun for example_task_group to 2024-03-03 00:00:00+00:00, run_after=2024-03-04 00:00:00+00:00
[2024-03-04T16:06:40.888+0000] {processor.py:183} INFO - Processing /home/airflow/.local/lib/python3.11/site-packages/airflow/example_dags/example_task_group.py took 0.037 seconds
[2024-03-04T16:07:11.658+0000] {processor.py:161} INFO - Started process (PID=1681) to work on /home/airflow/.local/lib/python3.11/site-packages/airflow/example_dags/example_task_group.py
[2024-03-04T16:07:11.658+0000] {processor.py:830} INFO - Processing file /home/airflow/.local/lib/python3.11/site-packages/airflow/example_dags/example_task_group.py for tasks to queue
[2024-03-04T16:07:11.659+0000] {logging_mixin.py:188} INFO - [2024-03-04T16:07:11.659+0000] {dagbag.py:540} INFO - Filling up the DagBag from /home/airflow/.local/lib/python3.11/site-packages/airflow/example_dags/example_task_group.py
[2024-03-04T16:07:11.663+0000] {processor.py:840} INFO - DAG(s) 'example_task_group' retrieved from /home/airflow/.local/lib/python3.11/site-packages/airflow/example_dags/example_task_group.py
[2024-03-04T16:07:11.674+0000] {logging_mixin.py:188} INFO - [2024-03-04T16:07:11.674+0000] {dag.py:3047} INFO - Sync 1 DAGs
[2024-03-04T16:07:11.684+0000] {logging_mixin.py:188} INFO - [2024-03-04T16:07:11.684+0000] {dag.py:3834} INFO - Setting next_dagrun for example_task_group to 2024-03-03 00:00:00+00:00, run_after=2024-03-04 00:00:00+00:00
[2024-03-04T16:07:11.691+0000] {processor.py:183} INFO - Processing /home/airflow/.local/lib/python3.11/site-packages/airflow/example_dags/example_task_group.py took 0.035 seconds
[2024-03-04T16:07:42.325+0000] {processor.py:161} INFO - Started process (PID=1736) to work on /home/airflow/.local/lib/python3.11/site-packages/airflow/example_dags/example_task_group.py
[2024-03-04T16:07:42.326+0000] {processor.py:830} INFO - Processing file /home/airflow/.local/lib/python3.11/site-packages/airflow/example_dags/example_task_group.py for tasks to queue
[2024-03-04T16:07:42.327+0000] {logging_mixin.py:188} INFO - [2024-03-04T16:07:42.327+0000] {dagbag.py:540} INFO - Filling up the DagBag from /home/airflow/.local/lib/python3.11/site-packages/airflow/example_dags/example_task_group.py
[2024-03-04T16:07:42.330+0000] {processor.py:840} INFO - DAG(s) 'example_task_group' retrieved from /home/airflow/.local/lib/python3.11/site-packages/airflow/example_dags/example_task_group.py
[2024-03-04T16:07:42.340+0000] {logging_mixin.py:188} INFO - [2024-03-04T16:07:42.340+0000] {dag.py:3047} INFO - Sync 1 DAGs
[2024-03-04T16:07:42.349+0000] {logging_mixin.py:188} INFO - [2024-03-04T16:07:42.349+0000] {dag.py:3834} INFO - Setting next_dagrun for example_task_group to 2024-03-03 00:00:00+00:00, run_after=2024-03-04 00:00:00+00:00
[2024-03-04T16:07:42.355+0000] {processor.py:183} INFO - Processing /home/airflow/.local/lib/python3.11/site-packages/airflow/example_dags/example_task_group.py took 0.032 seconds
[2024-03-04T16:08:13.026+0000] {processor.py:161} INFO - Started process (PID=1791) to work on /home/airflow/.local/lib/python3.11/site-packages/airflow/example_dags/example_task_group.py
[2024-03-04T16:08:13.026+0000] {processor.py:830} INFO - Processing file /home/airflow/.local/lib/python3.11/site-packages/airflow/example_dags/example_task_group.py for tasks to queue
[2024-03-04T16:08:13.027+0000] {logging_mixin.py:188} INFO - [2024-03-04T16:08:13.027+0000] {dagbag.py:540} INFO - Filling up the DagBag from /home/airflow/.local/lib/python3.11/site-packages/airflow/example_dags/example_task_group.py
[2024-03-04T16:08:13.031+0000] {processor.py:840} INFO - DAG(s) 'example_task_group' retrieved from /home/airflow/.local/lib/python3.11/site-packages/airflow/example_dags/example_task_group.py
[2024-03-04T16:08:13.040+0000] {logging_mixin.py:188} INFO - [2024-03-04T16:08:13.040+0000] {dag.py:3047} INFO - Sync 1 DAGs
[2024-03-04T16:08:13.049+0000] {logging_mixin.py:188} INFO - [2024-03-04T16:08:13.049+0000] {dag.py:3834} INFO - Setting next_dagrun for example_task_group to 2024-03-03 00:00:00+00:00, run_after=2024-03-04 00:00:00+00:00
[2024-03-04T16:08:13.055+0000] {processor.py:183} INFO - Processing /home/airflow/.local/lib/python3.11/site-packages/airflow/example_dags/example_task_group.py took 0.031 seconds
[2024-03-04T16:08:43.699+0000] {processor.py:161} INFO - Started process (PID=1846) to work on /home/airflow/.local/lib/python3.11/site-packages/airflow/example_dags/example_task_group.py
[2024-03-04T16:08:43.700+0000] {processor.py:830} INFO - Processing file /home/airflow/.local/lib/python3.11/site-packages/airflow/example_dags/example_task_group.py for tasks to queue
[2024-03-04T16:08:43.701+0000] {logging_mixin.py:188} INFO - [2024-03-04T16:08:43.701+0000] {dagbag.py:540} INFO - Filling up the DagBag from /home/airflow/.local/lib/python3.11/site-packages/airflow/example_dags/example_task_group.py
[2024-03-04T16:08:43.704+0000] {processor.py:840} INFO - DAG(s) 'example_task_group' retrieved from /home/airflow/.local/lib/python3.11/site-packages/airflow/example_dags/example_task_group.py
[2024-03-04T16:08:43.712+0000] {logging_mixin.py:188} INFO - [2024-03-04T16:08:43.712+0000] {dag.py:3047} INFO - Sync 1 DAGs
[2024-03-04T16:08:43.722+0000] {logging_mixin.py:188} INFO - [2024-03-04T16:08:43.722+0000] {dag.py:3834} INFO - Setting next_dagrun for example_task_group to 2024-03-03 00:00:00+00:00, run_after=2024-03-04 00:00:00+00:00
[2024-03-04T16:08:43.729+0000] {processor.py:183} INFO - Processing /home/airflow/.local/lib/python3.11/site-packages/airflow/example_dags/example_task_group.py took 0.031 seconds
[2024-03-04T16:09:14.377+0000] {processor.py:161} INFO - Started process (PID=1907) to work on /home/airflow/.local/lib/python3.11/site-packages/airflow/example_dags/example_task_group.py
[2024-03-04T16:09:14.378+0000] {processor.py:830} INFO - Processing file /home/airflow/.local/lib/python3.11/site-packages/airflow/example_dags/example_task_group.py for tasks to queue
[2024-03-04T16:09:14.379+0000] {logging_mixin.py:188} INFO - [2024-03-04T16:09:14.379+0000] {dagbag.py:540} INFO - Filling up the DagBag from /home/airflow/.local/lib/python3.11/site-packages/airflow/example_dags/example_task_group.py
[2024-03-04T16:09:14.386+0000] {processor.py:840} INFO - DAG(s) 'example_task_group' retrieved from /home/airflow/.local/lib/python3.11/site-packages/airflow/example_dags/example_task_group.py
[2024-03-04T16:09:14.398+0000] {logging_mixin.py:188} INFO - [2024-03-04T16:09:14.398+0000] {dag.py:3047} INFO - Sync 1 DAGs
[2024-03-04T16:09:14.406+0000] {logging_mixin.py:188} INFO - [2024-03-04T16:09:14.406+0000] {dag.py:3834} INFO - Setting next_dagrun for example_task_group to 2024-03-03 00:00:00+00:00, run_after=2024-03-04 00:00:00+00:00
[2024-03-04T16:09:14.413+0000] {processor.py:183} INFO - Processing /home/airflow/.local/lib/python3.11/site-packages/airflow/example_dags/example_task_group.py took 0.038 seconds
[2024-03-04T16:09:44.904+0000] {processor.py:161} INFO - Started process (PID=1962) to work on /home/airflow/.local/lib/python3.11/site-packages/airflow/example_dags/example_task_group.py
[2024-03-04T16:09:44.904+0000] {processor.py:830} INFO - Processing file /home/airflow/.local/lib/python3.11/site-packages/airflow/example_dags/example_task_group.py for tasks to queue
[2024-03-04T16:09:44.905+0000] {logging_mixin.py:188} INFO - [2024-03-04T16:09:44.905+0000] {dagbag.py:540} INFO - Filling up the DagBag from /home/airflow/.local/lib/python3.11/site-packages/airflow/example_dags/example_task_group.py
[2024-03-04T16:09:44.909+0000] {processor.py:840} INFO - DAG(s) 'example_task_group' retrieved from /home/airflow/.local/lib/python3.11/site-packages/airflow/example_dags/example_task_group.py
[2024-03-04T16:09:44.917+0000] {logging_mixin.py:188} INFO - [2024-03-04T16:09:44.917+0000] {dag.py:3047} INFO - Sync 1 DAGs
[2024-03-04T16:09:44.926+0000] {logging_mixin.py:188} INFO - [2024-03-04T16:09:44.926+0000] {dag.py:3834} INFO - Setting next_dagrun for example_task_group to 2024-03-03 00:00:00+00:00, run_after=2024-03-04 00:00:00+00:00
[2024-03-04T16:09:44.932+0000] {processor.py:183} INFO - Processing /home/airflow/.local/lib/python3.11/site-packages/airflow/example_dags/example_task_group.py took 0.030 seconds
[2024-03-04T16:10:15.644+0000] {processor.py:161} INFO - Started process (PID=2017) to work on /home/airflow/.local/lib/python3.11/site-packages/airflow/example_dags/example_task_group.py
[2024-03-04T16:10:15.645+0000] {processor.py:830} INFO - Processing file /home/airflow/.local/lib/python3.11/site-packages/airflow/example_dags/example_task_group.py for tasks to queue
[2024-03-04T16:10:15.646+0000] {logging_mixin.py:188} INFO - [2024-03-04T16:10:15.645+0000] {dagbag.py:540} INFO - Filling up the DagBag from /home/airflow/.local/lib/python3.11/site-packages/airflow/example_dags/example_task_group.py
[2024-03-04T16:10:15.651+0000] {processor.py:840} INFO - DAG(s) 'example_task_group' retrieved from /home/airflow/.local/lib/python3.11/site-packages/airflow/example_dags/example_task_group.py
[2024-03-04T16:10:15.665+0000] {logging_mixin.py:188} INFO - [2024-03-04T16:10:15.665+0000] {dag.py:3047} INFO - Sync 1 DAGs
[2024-03-04T16:10:15.675+0000] {logging_mixin.py:188} INFO - [2024-03-04T16:10:15.675+0000] {dag.py:3834} INFO - Setting next_dagrun for example_task_group to 2024-03-03 00:00:00+00:00, run_after=2024-03-04 00:00:00+00:00
[2024-03-04T16:10:15.684+0000] {processor.py:183} INFO - Processing /home/airflow/.local/lib/python3.11/site-packages/airflow/example_dags/example_task_group.py took 0.041 seconds
[2024-03-04T16:10:46.189+0000] {processor.py:161} INFO - Started process (PID=2072) to work on /home/airflow/.local/lib/python3.11/site-packages/airflow/example_dags/example_task_group.py
[2024-03-04T16:10:46.190+0000] {processor.py:830} INFO - Processing file /home/airflow/.local/lib/python3.11/site-packages/airflow/example_dags/example_task_group.py for tasks to queue
[2024-03-04T16:10:46.191+0000] {logging_mixin.py:188} INFO - [2024-03-04T16:10:46.190+0000] {dagbag.py:540} INFO - Filling up the DagBag from /home/airflow/.local/lib/python3.11/site-packages/airflow/example_dags/example_task_group.py
[2024-03-04T16:10:46.194+0000] {processor.py:840} INFO - DAG(s) 'example_task_group' retrieved from /home/airflow/.local/lib/python3.11/site-packages/airflow/example_dags/example_task_group.py
[2024-03-04T16:10:46.205+0000] {logging_mixin.py:188} INFO - [2024-03-04T16:10:46.205+0000] {dag.py:3047} INFO - Sync 1 DAGs
[2024-03-04T16:10:46.217+0000] {logging_mixin.py:188} INFO - [2024-03-04T16:10:46.216+0000] {dag.py:3834} INFO - Setting next_dagrun for example_task_group to 2024-03-03 00:00:00+00:00, run_after=2024-03-04 00:00:00+00:00
[2024-03-04T16:10:46.224+0000] {processor.py:183} INFO - Processing /home/airflow/.local/lib/python3.11/site-packages/airflow/example_dags/example_task_group.py took 0.036 seconds
[2024-03-04T16:11:17.019+0000] {processor.py:161} INFO - Started process (PID=2127) to work on /home/airflow/.local/lib/python3.11/site-packages/airflow/example_dags/example_task_group.py
[2024-03-04T16:11:17.019+0000] {processor.py:830} INFO - Processing file /home/airflow/.local/lib/python3.11/site-packages/airflow/example_dags/example_task_group.py for tasks to queue
[2024-03-04T16:11:17.021+0000] {logging_mixin.py:188} INFO - [2024-03-04T16:11:17.021+0000] {dagbag.py:540} INFO - Filling up the DagBag from /home/airflow/.local/lib/python3.11/site-packages/airflow/example_dags/example_task_group.py
[2024-03-04T16:11:17.025+0000] {processor.py:840} INFO - DAG(s) 'example_task_group' retrieved from /home/airflow/.local/lib/python3.11/site-packages/airflow/example_dags/example_task_group.py
[2024-03-04T16:11:17.034+0000] {logging_mixin.py:188} INFO - [2024-03-04T16:11:17.034+0000] {dag.py:3047} INFO - Sync 1 DAGs
[2024-03-04T16:11:17.049+0000] {logging_mixin.py:188} INFO - [2024-03-04T16:11:17.049+0000] {dag.py:3834} INFO - Setting next_dagrun for example_task_group to 2024-03-03 00:00:00+00:00, run_after=2024-03-04 00:00:00+00:00
[2024-03-04T16:11:17.061+0000] {processor.py:183} INFO - Processing /home/airflow/.local/lib/python3.11/site-packages/airflow/example_dags/example_task_group.py took 0.044 seconds
[2024-03-04T16:11:47.649+0000] {processor.py:161} INFO - Started process (PID=2182) to work on /home/airflow/.local/lib/python3.11/site-packages/airflow/example_dags/example_task_group.py
[2024-03-04T16:11:47.650+0000] {processor.py:830} INFO - Processing file /home/airflow/.local/lib/python3.11/site-packages/airflow/example_dags/example_task_group.py for tasks to queue
[2024-03-04T16:11:47.651+0000] {logging_mixin.py:188} INFO - [2024-03-04T16:11:47.651+0000] {dagbag.py:540} INFO - Filling up the DagBag from /home/airflow/.local/lib/python3.11/site-packages/airflow/example_dags/example_task_group.py
[2024-03-04T16:11:47.655+0000] {processor.py:840} INFO - DAG(s) 'example_task_group' retrieved from /home/airflow/.local/lib/python3.11/site-packages/airflow/example_dags/example_task_group.py
[2024-03-04T16:11:47.664+0000] {logging_mixin.py:188} INFO - [2024-03-04T16:11:47.663+0000] {dag.py:3047} INFO - Sync 1 DAGs
[2024-03-04T16:11:47.673+0000] {logging_mixin.py:188} INFO - [2024-03-04T16:11:47.673+0000] {dag.py:3834} INFO - Setting next_dagrun for example_task_group to 2024-03-03 00:00:00+00:00, run_after=2024-03-04 00:00:00+00:00
[2024-03-04T16:11:47.679+0000] {processor.py:183} INFO - Processing /home/airflow/.local/lib/python3.11/site-packages/airflow/example_dags/example_task_group.py took 0.032 seconds
[2024-03-04T16:12:18.376+0000] {processor.py:161} INFO - Started process (PID=2237) to work on /home/airflow/.local/lib/python3.11/site-packages/airflow/example_dags/example_task_group.py
[2024-03-04T16:12:18.377+0000] {processor.py:830} INFO - Processing file /home/airflow/.local/lib/python3.11/site-packages/airflow/example_dags/example_task_group.py for tasks to queue
[2024-03-04T16:12:18.378+0000] {logging_mixin.py:188} INFO - [2024-03-04T16:12:18.378+0000] {dagbag.py:540} INFO - Filling up the DagBag from /home/airflow/.local/lib/python3.11/site-packages/airflow/example_dags/example_task_group.py
[2024-03-04T16:12:18.382+0000] {processor.py:840} INFO - DAG(s) 'example_task_group' retrieved from /home/airflow/.local/lib/python3.11/site-packages/airflow/example_dags/example_task_group.py
[2024-03-04T16:12:18.391+0000] {logging_mixin.py:188} INFO - [2024-03-04T16:12:18.391+0000] {dag.py:3047} INFO - Sync 1 DAGs
[2024-03-04T16:12:18.401+0000] {logging_mixin.py:188} INFO - [2024-03-04T16:12:18.401+0000] {dag.py:3834} INFO - Setting next_dagrun for example_task_group to 2024-03-03 00:00:00+00:00, run_after=2024-03-04 00:00:00+00:00
[2024-03-04T16:12:18.407+0000] {processor.py:183} INFO - Processing /home/airflow/.local/lib/python3.11/site-packages/airflow/example_dags/example_task_group.py took 0.033 seconds
[2024-03-04T16:12:49.033+0000] {processor.py:161} INFO - Started process (PID=2292) to work on /home/airflow/.local/lib/python3.11/site-packages/airflow/example_dags/example_task_group.py
[2024-03-04T16:12:49.033+0000] {processor.py:830} INFO - Processing file /home/airflow/.local/lib/python3.11/site-packages/airflow/example_dags/example_task_group.py for tasks to queue
[2024-03-04T16:12:49.034+0000] {logging_mixin.py:188} INFO - [2024-03-04T16:12:49.034+0000] {dagbag.py:540} INFO - Filling up the DagBag from /home/airflow/.local/lib/python3.11/site-packages/airflow/example_dags/example_task_group.py
[2024-03-04T16:12:49.038+0000] {processor.py:840} INFO - DAG(s) 'example_task_group' retrieved from /home/airflow/.local/lib/python3.11/site-packages/airflow/example_dags/example_task_group.py
[2024-03-04T16:12:49.047+0000] {logging_mixin.py:188} INFO - [2024-03-04T16:12:49.047+0000] {dag.py:3047} INFO - Sync 1 DAGs
[2024-03-04T16:12:49.057+0000] {logging_mixin.py:188} INFO - [2024-03-04T16:12:49.057+0000] {dag.py:3834} INFO - Setting next_dagrun for example_task_group to 2024-03-03 00:00:00+00:00, run_after=2024-03-04 00:00:00+00:00
[2024-03-04T16:12:49.064+0000] {processor.py:183} INFO - Processing /home/airflow/.local/lib/python3.11/site-packages/airflow/example_dags/example_task_group.py took 0.032 seconds
[2024-03-04T16:13:19.631+0000] {processor.py:161} INFO - Started process (PID=2347) to work on /home/airflow/.local/lib/python3.11/site-packages/airflow/example_dags/example_task_group.py
[2024-03-04T16:13:19.632+0000] {processor.py:830} INFO - Processing file /home/airflow/.local/lib/python3.11/site-packages/airflow/example_dags/example_task_group.py for tasks to queue
[2024-03-04T16:13:19.633+0000] {logging_mixin.py:188} INFO - [2024-03-04T16:13:19.633+0000] {dagbag.py:540} INFO - Filling up the DagBag from /home/airflow/.local/lib/python3.11/site-packages/airflow/example_dags/example_task_group.py
[2024-03-04T16:13:19.636+0000] {processor.py:840} INFO - DAG(s) 'example_task_group' retrieved from /home/airflow/.local/lib/python3.11/site-packages/airflow/example_dags/example_task_group.py
[2024-03-04T16:13:19.645+0000] {logging_mixin.py:188} INFO - [2024-03-04T16:13:19.645+0000] {dag.py:3047} INFO - Sync 1 DAGs
[2024-03-04T16:13:19.657+0000] {logging_mixin.py:188} INFO - [2024-03-04T16:13:19.656+0000] {dag.py:3834} INFO - Setting next_dagrun for example_task_group to 2024-03-03 00:00:00+00:00, run_after=2024-03-04 00:00:00+00:00
[2024-03-04T16:13:19.663+0000] {processor.py:183} INFO - Processing /home/airflow/.local/lib/python3.11/site-packages/airflow/example_dags/example_task_group.py took 0.033 seconds
[2024-03-04T16:13:50.335+0000] {processor.py:161} INFO - Started process (PID=2402) to work on /home/airflow/.local/lib/python3.11/site-packages/airflow/example_dags/example_task_group.py
[2024-03-04T16:13:50.336+0000] {processor.py:830} INFO - Processing file /home/airflow/.local/lib/python3.11/site-packages/airflow/example_dags/example_task_group.py for tasks to queue
[2024-03-04T16:13:50.337+0000] {logging_mixin.py:188} INFO - [2024-03-04T16:13:50.337+0000] {dagbag.py:540} INFO - Filling up the DagBag from /home/airflow/.local/lib/python3.11/site-packages/airflow/example_dags/example_task_group.py
[2024-03-04T16:13:50.343+0000] {processor.py:840} INFO - DAG(s) 'example_task_group' retrieved from /home/airflow/.local/lib/python3.11/site-packages/airflow/example_dags/example_task_group.py
[2024-03-04T16:13:50.355+0000] {logging_mixin.py:188} INFO - [2024-03-04T16:13:50.354+0000] {dag.py:3047} INFO - Sync 1 DAGs
[2024-03-04T16:13:50.363+0000] {logging_mixin.py:188} INFO - [2024-03-04T16:13:50.363+0000] {dag.py:3834} INFO - Setting next_dagrun for example_task_group to 2024-03-03 00:00:00+00:00, run_after=2024-03-04 00:00:00+00:00
[2024-03-04T16:13:50.369+0000] {processor.py:183} INFO - Processing /home/airflow/.local/lib/python3.11/site-packages/airflow/example_dags/example_task_group.py took 0.037 seconds
[2024-03-04T16:14:21.073+0000] {processor.py:161} INFO - Started process (PID=2457) to work on /home/airflow/.local/lib/python3.11/site-packages/airflow/example_dags/example_task_group.py
[2024-03-04T16:14:21.074+0000] {processor.py:830} INFO - Processing file /home/airflow/.local/lib/python3.11/site-packages/airflow/example_dags/example_task_group.py for tasks to queue
[2024-03-04T16:14:21.075+0000] {logging_mixin.py:188} INFO - [2024-03-04T16:14:21.075+0000] {dagbag.py:540} INFO - Filling up the DagBag from /home/airflow/.local/lib/python3.11/site-packages/airflow/example_dags/example_task_group.py
[2024-03-04T16:14:21.078+0000] {processor.py:840} INFO - DAG(s) 'example_task_group' retrieved from /home/airflow/.local/lib/python3.11/site-packages/airflow/example_dags/example_task_group.py
[2024-03-04T16:14:21.087+0000] {logging_mixin.py:188} INFO - [2024-03-04T16:14:21.087+0000] {dag.py:3047} INFO - Sync 1 DAGs
[2024-03-04T16:14:21.097+0000] {logging_mixin.py:188} INFO - [2024-03-04T16:14:21.096+0000] {dag.py:3834} INFO - Setting next_dagrun for example_task_group to 2024-03-03 00:00:00+00:00, run_after=2024-03-04 00:00:00+00:00
[2024-03-04T16:14:21.103+0000] {processor.py:183} INFO - Processing /home/airflow/.local/lib/python3.11/site-packages/airflow/example_dags/example_task_group.py took 0.031 seconds
[2024-03-04T16:14:51.870+0000] {processor.py:161} INFO - Started process (PID=2512) to work on /home/airflow/.local/lib/python3.11/site-packages/airflow/example_dags/example_task_group.py
[2024-03-04T16:14:51.870+0000] {processor.py:830} INFO - Processing file /home/airflow/.local/lib/python3.11/site-packages/airflow/example_dags/example_task_group.py for tasks to queue
[2024-03-04T16:14:51.871+0000] {logging_mixin.py:188} INFO - [2024-03-04T16:14:51.871+0000] {dagbag.py:540} INFO - Filling up the DagBag from /home/airflow/.local/lib/python3.11/site-packages/airflow/example_dags/example_task_group.py
[2024-03-04T16:14:51.875+0000] {processor.py:840} INFO - DAG(s) 'example_task_group' retrieved from /home/airflow/.local/lib/python3.11/site-packages/airflow/example_dags/example_task_group.py
[2024-03-04T16:14:51.889+0000] {logging_mixin.py:188} INFO - [2024-03-04T16:14:51.889+0000] {dag.py:3047} INFO - Sync 1 DAGs
[2024-03-04T16:14:51.899+0000] {logging_mixin.py:188} INFO - [2024-03-04T16:14:51.899+0000] {dag.py:3834} INFO - Setting next_dagrun for example_task_group to 2024-03-03 00:00:00+00:00, run_after=2024-03-04 00:00:00+00:00
[2024-03-04T16:14:51.905+0000] {processor.py:183} INFO - Processing /home/airflow/.local/lib/python3.11/site-packages/airflow/example_dags/example_task_group.py took 0.037 seconds
[2024-03-04T16:15:22.244+0000] {processor.py:161} INFO - Started process (PID=2567) to work on /home/airflow/.local/lib/python3.11/site-packages/airflow/example_dags/example_task_group.py
[2024-03-04T16:15:22.245+0000] {processor.py:830} INFO - Processing file /home/airflow/.local/lib/python3.11/site-packages/airflow/example_dags/example_task_group.py for tasks to queue
[2024-03-04T16:15:22.246+0000] {logging_mixin.py:188} INFO - [2024-03-04T16:15:22.246+0000] {dagbag.py:540} INFO - Filling up the DagBag from /home/airflow/.local/lib/python3.11/site-packages/airflow/example_dags/example_task_group.py
[2024-03-04T16:15:22.250+0000] {processor.py:840} INFO - DAG(s) 'example_task_group' retrieved from /home/airflow/.local/lib/python3.11/site-packages/airflow/example_dags/example_task_group.py
[2024-03-04T16:15:22.259+0000] {logging_mixin.py:188} INFO - [2024-03-04T16:15:22.259+0000] {dag.py:3047} INFO - Sync 1 DAGs
[2024-03-04T16:15:22.269+0000] {logging_mixin.py:188} INFO - [2024-03-04T16:15:22.269+0000] {dag.py:3834} INFO - Setting next_dagrun for example_task_group to 2024-03-03 00:00:00+00:00, run_after=2024-03-04 00:00:00+00:00
[2024-03-04T16:15:22.276+0000] {processor.py:183} INFO - Processing /home/airflow/.local/lib/python3.11/site-packages/airflow/example_dags/example_task_group.py took 0.033 seconds
[2024-03-04T16:15:53.115+0000] {processor.py:161} INFO - Started process (PID=2622) to work on /home/airflow/.local/lib/python3.11/site-packages/airflow/example_dags/example_task_group.py
[2024-03-04T16:15:53.116+0000] {processor.py:830} INFO - Processing file /home/airflow/.local/lib/python3.11/site-packages/airflow/example_dags/example_task_group.py for tasks to queue
[2024-03-04T16:15:53.117+0000] {logging_mixin.py:188} INFO - [2024-03-04T16:15:53.117+0000] {dagbag.py:540} INFO - Filling up the DagBag from /home/airflow/.local/lib/python3.11/site-packages/airflow/example_dags/example_task_group.py
[2024-03-04T16:15:53.120+0000] {processor.py:840} INFO - DAG(s) 'example_task_group' retrieved from /home/airflow/.local/lib/python3.11/site-packages/airflow/example_dags/example_task_group.py
[2024-03-04T16:15:53.130+0000] {logging_mixin.py:188} INFO - [2024-03-04T16:15:53.130+0000] {dag.py:3047} INFO - Sync 1 DAGs
[2024-03-04T16:15:53.139+0000] {logging_mixin.py:188} INFO - [2024-03-04T16:15:53.139+0000] {dag.py:3834} INFO - Setting next_dagrun for example_task_group to 2024-03-03 00:00:00+00:00, run_after=2024-03-04 00:00:00+00:00
[2024-03-04T16:15:53.147+0000] {processor.py:183} INFO - Processing /home/airflow/.local/lib/python3.11/site-packages/airflow/example_dags/example_task_group.py took 0.033 seconds
[2024-03-04T16:16:23.983+0000] {processor.py:161} INFO - Started process (PID=2677) to work on /home/airflow/.local/lib/python3.11/site-packages/airflow/example_dags/example_task_group.py
[2024-03-04T16:16:23.984+0000] {processor.py:830} INFO - Processing file /home/airflow/.local/lib/python3.11/site-packages/airflow/example_dags/example_task_group.py for tasks to queue
[2024-03-04T16:16:23.985+0000] {logging_mixin.py:188} INFO - [2024-03-04T16:16:23.984+0000] {dagbag.py:540} INFO - Filling up the DagBag from /home/airflow/.local/lib/python3.11/site-packages/airflow/example_dags/example_task_group.py
[2024-03-04T16:16:23.988+0000] {processor.py:840} INFO - DAG(s) 'example_task_group' retrieved from /home/airflow/.local/lib/python3.11/site-packages/airflow/example_dags/example_task_group.py
[2024-03-04T16:16:24.003+0000] {logging_mixin.py:188} INFO - [2024-03-04T16:16:24.003+0000] {dag.py:3047} INFO - Sync 1 DAGs
[2024-03-04T16:16:24.013+0000] {logging_mixin.py:188} INFO - [2024-03-04T16:16:24.013+0000] {dag.py:3834} INFO - Setting next_dagrun for example_task_group to 2024-03-03 00:00:00+00:00, run_after=2024-03-04 00:00:00+00:00
[2024-03-04T16:16:24.020+0000] {processor.py:183} INFO - Processing /home/airflow/.local/lib/python3.11/site-packages/airflow/example_dags/example_task_group.py took 0.038 seconds
[2024-03-04T16:16:54.502+0000] {processor.py:161} INFO - Started process (PID=2732) to work on /home/airflow/.local/lib/python3.11/site-packages/airflow/example_dags/example_task_group.py
[2024-03-04T16:16:54.503+0000] {processor.py:830} INFO - Processing file /home/airflow/.local/lib/python3.11/site-packages/airflow/example_dags/example_task_group.py for tasks to queue
[2024-03-04T16:16:54.504+0000] {logging_mixin.py:188} INFO - [2024-03-04T16:16:54.504+0000] {dagbag.py:540} INFO - Filling up the DagBag from /home/airflow/.local/lib/python3.11/site-packages/airflow/example_dags/example_task_group.py
[2024-03-04T16:16:54.508+0000] {processor.py:840} INFO - DAG(s) 'example_task_group' retrieved from /home/airflow/.local/lib/python3.11/site-packages/airflow/example_dags/example_task_group.py
[2024-03-04T16:16:54.520+0000] {logging_mixin.py:188} INFO - [2024-03-04T16:16:54.520+0000] {dag.py:3047} INFO - Sync 1 DAGs
[2024-03-04T16:16:54.529+0000] {logging_mixin.py:188} INFO - [2024-03-04T16:16:54.529+0000] {dag.py:3834} INFO - Setting next_dagrun for example_task_group to 2024-03-03 00:00:00+00:00, run_after=2024-03-04 00:00:00+00:00
[2024-03-04T16:16:54.536+0000] {processor.py:183} INFO - Processing /home/airflow/.local/lib/python3.11/site-packages/airflow/example_dags/example_task_group.py took 0.035 seconds
[2024-03-04T16:17:25.206+0000] {processor.py:161} INFO - Started process (PID=2787) to work on /home/airflow/.local/lib/python3.11/site-packages/airflow/example_dags/example_task_group.py
[2024-03-04T16:17:25.206+0000] {processor.py:830} INFO - Processing file /home/airflow/.local/lib/python3.11/site-packages/airflow/example_dags/example_task_group.py for tasks to queue
[2024-03-04T16:17:25.208+0000] {logging_mixin.py:188} INFO - [2024-03-04T16:17:25.208+0000] {dagbag.py:540} INFO - Filling up the DagBag from /home/airflow/.local/lib/python3.11/site-packages/airflow/example_dags/example_task_group.py
[2024-03-04T16:17:25.213+0000] {processor.py:840} INFO - DAG(s) 'example_task_group' retrieved from /home/airflow/.local/lib/python3.11/site-packages/airflow/example_dags/example_task_group.py
[2024-03-04T16:17:25.225+0000] {logging_mixin.py:188} INFO - [2024-03-04T16:17:25.225+0000] {dag.py:3047} INFO - Sync 1 DAGs
[2024-03-04T16:17:25.238+0000] {logging_mixin.py:188} INFO - [2024-03-04T16:17:25.238+0000] {dag.py:3834} INFO - Setting next_dagrun for example_task_group to 2024-03-03 00:00:00+00:00, run_after=2024-03-04 00:00:00+00:00
[2024-03-04T16:17:25.249+0000] {processor.py:183} INFO - Processing /home/airflow/.local/lib/python3.11/site-packages/airflow/example_dags/example_task_group.py took 0.046 seconds
[2024-03-04T16:17:55.620+0000] {processor.py:161} INFO - Started process (PID=2842) to work on /home/airflow/.local/lib/python3.11/site-packages/airflow/example_dags/example_task_group.py
[2024-03-04T16:17:55.621+0000] {processor.py:830} INFO - Processing file /home/airflow/.local/lib/python3.11/site-packages/airflow/example_dags/example_task_group.py for tasks to queue
[2024-03-04T16:17:55.622+0000] {logging_mixin.py:188} INFO - [2024-03-04T16:17:55.622+0000] {dagbag.py:540} INFO - Filling up the DagBag from /home/airflow/.local/lib/python3.11/site-packages/airflow/example_dags/example_task_group.py
[2024-03-04T16:17:55.629+0000] {processor.py:840} INFO - DAG(s) 'example_task_group' retrieved from /home/airflow/.local/lib/python3.11/site-packages/airflow/example_dags/example_task_group.py
[2024-03-04T16:17:55.641+0000] {logging_mixin.py:188} INFO - [2024-03-04T16:17:55.641+0000] {dag.py:3047} INFO - Sync 1 DAGs
[2024-03-04T16:17:55.651+0000] {logging_mixin.py:188} INFO - [2024-03-04T16:17:55.650+0000] {dag.py:3834} INFO - Setting next_dagrun for example_task_group to 2024-03-03 00:00:00+00:00, run_after=2024-03-04 00:00:00+00:00
[2024-03-04T16:17:55.658+0000] {processor.py:183} INFO - Processing /home/airflow/.local/lib/python3.11/site-packages/airflow/example_dags/example_task_group.py took 0.041 seconds
[2024-03-04T16:18:25.956+0000] {processor.py:161} INFO - Started process (PID=2897) to work on /home/airflow/.local/lib/python3.11/site-packages/airflow/example_dags/example_task_group.py
[2024-03-04T16:18:25.957+0000] {processor.py:830} INFO - Processing file /home/airflow/.local/lib/python3.11/site-packages/airflow/example_dags/example_task_group.py for tasks to queue
[2024-03-04T16:18:25.958+0000] {logging_mixin.py:188} INFO - [2024-03-04T16:18:25.958+0000] {dagbag.py:540} INFO - Filling up the DagBag from /home/airflow/.local/lib/python3.11/site-packages/airflow/example_dags/example_task_group.py
[2024-03-04T16:18:25.962+0000] {processor.py:840} INFO - DAG(s) 'example_task_group' retrieved from /home/airflow/.local/lib/python3.11/site-packages/airflow/example_dags/example_task_group.py
[2024-03-04T16:18:25.978+0000] {logging_mixin.py:188} INFO - [2024-03-04T16:18:25.978+0000] {dag.py:3047} INFO - Sync 1 DAGs
[2024-03-04T16:18:25.987+0000] {logging_mixin.py:188} INFO - [2024-03-04T16:18:25.987+0000] {dag.py:3834} INFO - Setting next_dagrun for example_task_group to 2024-03-03 00:00:00+00:00, run_after=2024-03-04 00:00:00+00:00
[2024-03-04T16:18:25.994+0000] {processor.py:183} INFO - Processing /home/airflow/.local/lib/python3.11/site-packages/airflow/example_dags/example_task_group.py took 0.042 seconds
[2024-03-04T16:18:56.172+0000] {processor.py:161} INFO - Started process (PID=2952) to work on /home/airflow/.local/lib/python3.11/site-packages/airflow/example_dags/example_task_group.py
[2024-03-04T16:18:56.173+0000] {processor.py:830} INFO - Processing file /home/airflow/.local/lib/python3.11/site-packages/airflow/example_dags/example_task_group.py for tasks to queue
[2024-03-04T16:18:56.174+0000] {logging_mixin.py:188} INFO - [2024-03-04T16:18:56.174+0000] {dagbag.py:540} INFO - Filling up the DagBag from /home/airflow/.local/lib/python3.11/site-packages/airflow/example_dags/example_task_group.py
[2024-03-04T16:18:56.178+0000] {processor.py:840} INFO - DAG(s) 'example_task_group' retrieved from /home/airflow/.local/lib/python3.11/site-packages/airflow/example_dags/example_task_group.py
[2024-03-04T16:18:56.187+0000] {logging_mixin.py:188} INFO - [2024-03-04T16:18:56.187+0000] {dag.py:3047} INFO - Sync 1 DAGs
[2024-03-04T16:18:56.197+0000] {logging_mixin.py:188} INFO - [2024-03-04T16:18:56.197+0000] {dag.py:3834} INFO - Setting next_dagrun for example_task_group to 2024-03-03 00:00:00+00:00, run_after=2024-03-04 00:00:00+00:00
[2024-03-04T16:18:56.203+0000] {processor.py:183} INFO - Processing /home/airflow/.local/lib/python3.11/site-packages/airflow/example_dags/example_task_group.py took 0.032 seconds
[2024-03-04T16:19:26.383+0000] {processor.py:161} INFO - Started process (PID=3007) to work on /home/airflow/.local/lib/python3.11/site-packages/airflow/example_dags/example_task_group.py
[2024-03-04T16:19:26.383+0000] {processor.py:830} INFO - Processing file /home/airflow/.local/lib/python3.11/site-packages/airflow/example_dags/example_task_group.py for tasks to queue
[2024-03-04T16:19:26.384+0000] {logging_mixin.py:188} INFO - [2024-03-04T16:19:26.384+0000] {dagbag.py:540} INFO - Filling up the DagBag from /home/airflow/.local/lib/python3.11/site-packages/airflow/example_dags/example_task_group.py
[2024-03-04T16:19:26.388+0000] {processor.py:840} INFO - DAG(s) 'example_task_group' retrieved from /home/airflow/.local/lib/python3.11/site-packages/airflow/example_dags/example_task_group.py
[2024-03-04T16:19:26.399+0000] {logging_mixin.py:188} INFO - [2024-03-04T16:19:26.399+0000] {dag.py:3047} INFO - Sync 1 DAGs
[2024-03-04T16:19:26.407+0000] {logging_mixin.py:188} INFO - [2024-03-04T16:19:26.407+0000] {dag.py:3834} INFO - Setting next_dagrun for example_task_group to 2024-03-03 00:00:00+00:00, run_after=2024-03-04 00:00:00+00:00
[2024-03-04T16:19:26.413+0000] {processor.py:183} INFO - Processing /home/airflow/.local/lib/python3.11/site-packages/airflow/example_dags/example_task_group.py took 0.032 seconds
[2024-03-04T16:19:56.978+0000] {processor.py:161} INFO - Started process (PID=3062) to work on /home/airflow/.local/lib/python3.11/site-packages/airflow/example_dags/example_task_group.py
[2024-03-04T16:19:56.989+0000] {processor.py:830} INFO - Processing file /home/airflow/.local/lib/python3.11/site-packages/airflow/example_dags/example_task_group.py for tasks to queue
[2024-03-04T16:19:57.006+0000] {logging_mixin.py:188} INFO - [2024-03-04T16:19:57.004+0000] {dagbag.py:540} INFO - Filling up the DagBag from /home/airflow/.local/lib/python3.11/site-packages/airflow/example_dags/example_task_group.py
[2024-03-04T16:19:57.052+0000] {processor.py:840} INFO - DAG(s) 'example_task_group' retrieved from /home/airflow/.local/lib/python3.11/site-packages/airflow/example_dags/example_task_group.py
[2024-03-04T16:19:57.126+0000] {logging_mixin.py:188} INFO - [2024-03-04T16:19:57.125+0000] {dag.py:3047} INFO - Sync 1 DAGs
[2024-03-04T16:19:57.597+0000] {logging_mixin.py:188} INFO - [2024-03-04T16:19:57.581+0000] {dag.py:3834} INFO - Setting next_dagrun for example_task_group to 2024-03-03 00:00:00+00:00, run_after=2024-03-04 00:00:00+00:00
[2024-03-04T16:19:57.974+0000] {processor.py:183} INFO - Processing /home/airflow/.local/lib/python3.11/site-packages/airflow/example_dags/example_task_group.py took 1.005 seconds
[2024-03-04T16:20:28.249+0000] {processor.py:161} INFO - Started process (PID=3117) to work on /home/airflow/.local/lib/python3.11/site-packages/airflow/example_dags/example_task_group.py
[2024-03-04T16:20:28.250+0000] {processor.py:830} INFO - Processing file /home/airflow/.local/lib/python3.11/site-packages/airflow/example_dags/example_task_group.py for tasks to queue
[2024-03-04T16:20:28.253+0000] {logging_mixin.py:188} INFO - [2024-03-04T16:20:28.252+0000] {dagbag.py:540} INFO - Filling up the DagBag from /home/airflow/.local/lib/python3.11/site-packages/airflow/example_dags/example_task_group.py
[2024-03-04T16:20:28.260+0000] {processor.py:840} INFO - DAG(s) 'example_task_group' retrieved from /home/airflow/.local/lib/python3.11/site-packages/airflow/example_dags/example_task_group.py
[2024-03-04T16:20:28.278+0000] {logging_mixin.py:188} INFO - [2024-03-04T16:20:28.278+0000] {dag.py:3047} INFO - Sync 1 DAGs
[2024-03-04T16:20:28.289+0000] {logging_mixin.py:188} INFO - [2024-03-04T16:20:28.289+0000] {dag.py:3834} INFO - Setting next_dagrun for example_task_group to 2024-03-03 00:00:00+00:00, run_after=2024-03-04 00:00:00+00:00
[2024-03-04T16:20:28.297+0000] {processor.py:183} INFO - Processing /home/airflow/.local/lib/python3.11/site-packages/airflow/example_dags/example_task_group.py took 0.053 seconds
[2024-03-04T16:20:58.423+0000] {processor.py:161} INFO - Started process (PID=3172) to work on /home/airflow/.local/lib/python3.11/site-packages/airflow/example_dags/example_task_group.py
[2024-03-04T16:20:58.425+0000] {processor.py:830} INFO - Processing file /home/airflow/.local/lib/python3.11/site-packages/airflow/example_dags/example_task_group.py for tasks to queue
[2024-03-04T16:20:58.430+0000] {logging_mixin.py:188} INFO - [2024-03-04T16:20:58.429+0000] {dagbag.py:540} INFO - Filling up the DagBag from /home/airflow/.local/lib/python3.11/site-packages/airflow/example_dags/example_task_group.py
[2024-03-04T16:20:58.447+0000] {processor.py:840} INFO - DAG(s) 'example_task_group' retrieved from /home/airflow/.local/lib/python3.11/site-packages/airflow/example_dags/example_task_group.py
[2024-03-04T16:20:58.474+0000] {logging_mixin.py:188} INFO - [2024-03-04T16:20:58.474+0000] {dag.py:3047} INFO - Sync 1 DAGs
[2024-03-04T16:20:58.487+0000] {logging_mixin.py:188} INFO - [2024-03-04T16:20:58.487+0000] {dag.py:3834} INFO - Setting next_dagrun for example_task_group to 2024-03-03 00:00:00+00:00, run_after=2024-03-04 00:00:00+00:00
[2024-03-04T16:20:58.495+0000] {processor.py:183} INFO - Processing /home/airflow/.local/lib/python3.11/site-packages/airflow/example_dags/example_task_group.py took 0.078 seconds
[2024-03-04T16:21:28.595+0000] {processor.py:161} INFO - Started process (PID=3227) to work on /home/airflow/.local/lib/python3.11/site-packages/airflow/example_dags/example_task_group.py
[2024-03-04T16:21:28.597+0000] {processor.py:830} INFO - Processing file /home/airflow/.local/lib/python3.11/site-packages/airflow/example_dags/example_task_group.py for tasks to queue
[2024-03-04T16:21:28.599+0000] {logging_mixin.py:188} INFO - [2024-03-04T16:21:28.599+0000] {dagbag.py:540} INFO - Filling up the DagBag from /home/airflow/.local/lib/python3.11/site-packages/airflow/example_dags/example_task_group.py
[2024-03-04T16:21:28.605+0000] {processor.py:840} INFO - DAG(s) 'example_task_group' retrieved from /home/airflow/.local/lib/python3.11/site-packages/airflow/example_dags/example_task_group.py
[2024-03-04T16:21:28.623+0000] {logging_mixin.py:188} INFO - [2024-03-04T16:21:28.623+0000] {dag.py:3047} INFO - Sync 1 DAGs
[2024-03-04T16:21:28.645+0000] {logging_mixin.py:188} INFO - [2024-03-04T16:21:28.644+0000] {dag.py:3834} INFO - Setting next_dagrun for example_task_group to 2024-03-03 00:00:00+00:00, run_after=2024-03-04 00:00:00+00:00
[2024-03-04T16:21:28.661+0000] {processor.py:183} INFO - Processing /home/airflow/.local/lib/python3.11/site-packages/airflow/example_dags/example_task_group.py took 0.069 seconds
[2024-03-04T16:21:59.107+0000] {processor.py:161} INFO - Started process (PID=3282) to work on /home/airflow/.local/lib/python3.11/site-packages/airflow/example_dags/example_task_group.py
[2024-03-04T16:21:59.109+0000] {processor.py:830} INFO - Processing file /home/airflow/.local/lib/python3.11/site-packages/airflow/example_dags/example_task_group.py for tasks to queue
[2024-03-04T16:21:59.111+0000] {logging_mixin.py:188} INFO - [2024-03-04T16:21:59.111+0000] {dagbag.py:540} INFO - Filling up the DagBag from /home/airflow/.local/lib/python3.11/site-packages/airflow/example_dags/example_task_group.py
[2024-03-04T16:21:59.117+0000] {processor.py:840} INFO - DAG(s) 'example_task_group' retrieved from /home/airflow/.local/lib/python3.11/site-packages/airflow/example_dags/example_task_group.py
[2024-03-04T16:21:59.133+0000] {logging_mixin.py:188} INFO - [2024-03-04T16:21:59.132+0000] {dag.py:3047} INFO - Sync 1 DAGs
[2024-03-04T16:21:59.145+0000] {logging_mixin.py:188} INFO - [2024-03-04T16:21:59.144+0000] {dag.py:3834} INFO - Setting next_dagrun for example_task_group to 2024-03-03 00:00:00+00:00, run_after=2024-03-04 00:00:00+00:00
[2024-03-04T16:21:59.153+0000] {processor.py:183} INFO - Processing /home/airflow/.local/lib/python3.11/site-packages/airflow/example_dags/example_task_group.py took 0.050 seconds
[2024-03-04T16:22:29.305+0000] {processor.py:161} INFO - Started process (PID=3337) to work on /home/airflow/.local/lib/python3.11/site-packages/airflow/example_dags/example_task_group.py
[2024-03-04T16:22:29.306+0000] {processor.py:830} INFO - Processing file /home/airflow/.local/lib/python3.11/site-packages/airflow/example_dags/example_task_group.py for tasks to queue
[2024-03-04T16:22:29.308+0000] {logging_mixin.py:188} INFO - [2024-03-04T16:22:29.308+0000] {dagbag.py:540} INFO - Filling up the DagBag from /home/airflow/.local/lib/python3.11/site-packages/airflow/example_dags/example_task_group.py
[2024-03-04T16:22:29.314+0000] {processor.py:840} INFO - DAG(s) 'example_task_group' retrieved from /home/airflow/.local/lib/python3.11/site-packages/airflow/example_dags/example_task_group.py
[2024-03-04T16:22:29.333+0000] {logging_mixin.py:188} INFO - [2024-03-04T16:22:29.333+0000] {dag.py:3047} INFO - Sync 1 DAGs
[2024-03-04T16:22:29.346+0000] {logging_mixin.py:188} INFO - [2024-03-04T16:22:29.346+0000] {dag.py:3834} INFO - Setting next_dagrun for example_task_group to 2024-03-03 00:00:00+00:00, run_after=2024-03-04 00:00:00+00:00
[2024-03-04T16:22:29.356+0000] {processor.py:183} INFO - Processing /home/airflow/.local/lib/python3.11/site-packages/airflow/example_dags/example_task_group.py took 0.053 seconds
[2024-03-04T16:22:59.558+0000] {processor.py:161} INFO - Started process (PID=3392) to work on /home/airflow/.local/lib/python3.11/site-packages/airflow/example_dags/example_task_group.py
[2024-03-04T16:22:59.559+0000] {processor.py:830} INFO - Processing file /home/airflow/.local/lib/python3.11/site-packages/airflow/example_dags/example_task_group.py for tasks to queue
[2024-03-04T16:22:59.562+0000] {logging_mixin.py:188} INFO - [2024-03-04T16:22:59.561+0000] {dagbag.py:540} INFO - Filling up the DagBag from /home/airflow/.local/lib/python3.11/site-packages/airflow/example_dags/example_task_group.py
[2024-03-04T16:22:59.569+0000] {processor.py:840} INFO - DAG(s) 'example_task_group' retrieved from /home/airflow/.local/lib/python3.11/site-packages/airflow/example_dags/example_task_group.py
[2024-03-04T16:22:59.584+0000] {logging_mixin.py:188} INFO - [2024-03-04T16:22:59.583+0000] {dag.py:3047} INFO - Sync 1 DAGs
[2024-03-04T16:22:59.596+0000] {logging_mixin.py:188} INFO - [2024-03-04T16:22:59.596+0000] {dag.py:3834} INFO - Setting next_dagrun for example_task_group to 2024-03-03 00:00:00+00:00, run_after=2024-03-04 00:00:00+00:00
[2024-03-04T16:22:59.604+0000] {processor.py:183} INFO - Processing /home/airflow/.local/lib/python3.11/site-packages/airflow/example_dags/example_task_group.py took 0.050 seconds
[2024-03-04T16:23:29.764+0000] {processor.py:161} INFO - Started process (PID=3446) to work on /home/airflow/.local/lib/python3.11/site-packages/airflow/example_dags/example_task_group.py
[2024-03-04T16:23:29.766+0000] {processor.py:830} INFO - Processing file /home/airflow/.local/lib/python3.11/site-packages/airflow/example_dags/example_task_group.py for tasks to queue
[2024-03-04T16:23:29.769+0000] {logging_mixin.py:188} INFO - [2024-03-04T16:23:29.768+0000] {dagbag.py:540} INFO - Filling up the DagBag from /home/airflow/.local/lib/python3.11/site-packages/airflow/example_dags/example_task_group.py
[2024-03-04T16:23:29.776+0000] {processor.py:840} INFO - DAG(s) 'example_task_group' retrieved from /home/airflow/.local/lib/python3.11/site-packages/airflow/example_dags/example_task_group.py
[2024-03-04T16:23:29.791+0000] {logging_mixin.py:188} INFO - [2024-03-04T16:23:29.791+0000] {dag.py:3047} INFO - Sync 1 DAGs
[2024-03-04T16:23:29.803+0000] {logging_mixin.py:188} INFO - [2024-03-04T16:23:29.803+0000] {dag.py:3834} INFO - Setting next_dagrun for example_task_group to 2024-03-03 00:00:00+00:00, run_after=2024-03-04 00:00:00+00:00
[2024-03-04T16:23:29.812+0000] {processor.py:183} INFO - Processing /home/airflow/.local/lib/python3.11/site-packages/airflow/example_dags/example_task_group.py took 0.052 seconds
[2024-03-04T16:24:00.228+0000] {processor.py:161} INFO - Started process (PID=3501) to work on /home/airflow/.local/lib/python3.11/site-packages/airflow/example_dags/example_task_group.py
[2024-03-04T16:24:00.230+0000] {processor.py:830} INFO - Processing file /home/airflow/.local/lib/python3.11/site-packages/airflow/example_dags/example_task_group.py for tasks to queue
[2024-03-04T16:24:00.231+0000] {logging_mixin.py:188} INFO - [2024-03-04T16:24:00.231+0000] {dagbag.py:540} INFO - Filling up the DagBag from /home/airflow/.local/lib/python3.11/site-packages/airflow/example_dags/example_task_group.py
[2024-03-04T16:24:00.239+0000] {processor.py:840} INFO - DAG(s) 'example_task_group' retrieved from /home/airflow/.local/lib/python3.11/site-packages/airflow/example_dags/example_task_group.py
[2024-03-04T16:24:00.258+0000] {logging_mixin.py:188} INFO - [2024-03-04T16:24:00.258+0000] {dag.py:3047} INFO - Sync 1 DAGs
[2024-03-04T16:24:00.272+0000] {logging_mixin.py:188} INFO - [2024-03-04T16:24:00.272+0000] {dag.py:3834} INFO - Setting next_dagrun for example_task_group to 2024-03-03 00:00:00+00:00, run_after=2024-03-04 00:00:00+00:00
[2024-03-04T16:24:00.284+0000] {processor.py:183} INFO - Processing /home/airflow/.local/lib/python3.11/site-packages/airflow/example_dags/example_task_group.py took 0.062 seconds
[2024-03-04T16:24:30.453+0000] {processor.py:161} INFO - Started process (PID=3556) to work on /home/airflow/.local/lib/python3.11/site-packages/airflow/example_dags/example_task_group.py
[2024-03-04T16:24:30.455+0000] {processor.py:830} INFO - Processing file /home/airflow/.local/lib/python3.11/site-packages/airflow/example_dags/example_task_group.py for tasks to queue
[2024-03-04T16:24:30.458+0000] {logging_mixin.py:188} INFO - [2024-03-04T16:24:30.457+0000] {dagbag.py:540} INFO - Filling up the DagBag from /home/airflow/.local/lib/python3.11/site-packages/airflow/example_dags/example_task_group.py
[2024-03-04T16:24:30.466+0000] {processor.py:840} INFO - DAG(s) 'example_task_group' retrieved from /home/airflow/.local/lib/python3.11/site-packages/airflow/example_dags/example_task_group.py
[2024-03-04T16:24:30.484+0000] {logging_mixin.py:188} INFO - [2024-03-04T16:24:30.483+0000] {dag.py:3047} INFO - Sync 1 DAGs
[2024-03-04T16:24:30.496+0000] {logging_mixin.py:188} INFO - [2024-03-04T16:24:30.496+0000] {dag.py:3834} INFO - Setting next_dagrun for example_task_group to 2024-03-03 00:00:00+00:00, run_after=2024-03-04 00:00:00+00:00
[2024-03-04T16:24:30.505+0000] {processor.py:183} INFO - Processing /home/airflow/.local/lib/python3.11/site-packages/airflow/example_dags/example_task_group.py took 0.056 seconds
[2024-03-04T16:25:00.775+0000] {processor.py:161} INFO - Started process (PID=3611) to work on /home/airflow/.local/lib/python3.11/site-packages/airflow/example_dags/example_task_group.py
[2024-03-04T16:25:00.777+0000] {processor.py:830} INFO - Processing file /home/airflow/.local/lib/python3.11/site-packages/airflow/example_dags/example_task_group.py for tasks to queue
[2024-03-04T16:25:00.781+0000] {logging_mixin.py:188} INFO - [2024-03-04T16:25:00.781+0000] {dagbag.py:540} INFO - Filling up the DagBag from /home/airflow/.local/lib/python3.11/site-packages/airflow/example_dags/example_task_group.py
[2024-03-04T16:25:00.789+0000] {processor.py:840} INFO - DAG(s) 'example_task_group' retrieved from /home/airflow/.local/lib/python3.11/site-packages/airflow/example_dags/example_task_group.py
[2024-03-04T16:25:00.808+0000] {logging_mixin.py:188} INFO - [2024-03-04T16:25:00.808+0000] {dag.py:3047} INFO - Sync 1 DAGs
[2024-03-04T16:25:00.822+0000] {logging_mixin.py:188} INFO - [2024-03-04T16:25:00.822+0000] {dag.py:3834} INFO - Setting next_dagrun for example_task_group to 2024-03-03 00:00:00+00:00, run_after=2024-03-04 00:00:00+00:00
[2024-03-04T16:25:00.831+0000] {processor.py:183} INFO - Processing /home/airflow/.local/lib/python3.11/site-packages/airflow/example_dags/example_task_group.py took 0.063 seconds
[2024-03-04T16:25:31.111+0000] {processor.py:161} INFO - Started process (PID=3666) to work on /home/airflow/.local/lib/python3.11/site-packages/airflow/example_dags/example_task_group.py
[2024-03-04T16:25:31.113+0000] {processor.py:830} INFO - Processing file /home/airflow/.local/lib/python3.11/site-packages/airflow/example_dags/example_task_group.py for tasks to queue
[2024-03-04T16:25:31.115+0000] {logging_mixin.py:188} INFO - [2024-03-04T16:25:31.115+0000] {dagbag.py:540} INFO - Filling up the DagBag from /home/airflow/.local/lib/python3.11/site-packages/airflow/example_dags/example_task_group.py
[2024-03-04T16:25:31.124+0000] {processor.py:840} INFO - DAG(s) 'example_task_group' retrieved from /home/airflow/.local/lib/python3.11/site-packages/airflow/example_dags/example_task_group.py
[2024-03-04T16:25:31.157+0000] {logging_mixin.py:188} INFO - [2024-03-04T16:25:31.157+0000] {dag.py:3047} INFO - Sync 1 DAGs
[2024-03-04T16:25:31.173+0000] {logging_mixin.py:188} INFO - [2024-03-04T16:25:31.173+0000] {dag.py:3834} INFO - Setting next_dagrun for example_task_group to 2024-03-03 00:00:00+00:00, run_after=2024-03-04 00:00:00+00:00
[2024-03-04T16:25:31.183+0000] {processor.py:183} INFO - Processing /home/airflow/.local/lib/python3.11/site-packages/airflow/example_dags/example_task_group.py took 0.078 seconds
[2024-03-04T16:26:01.584+0000] {processor.py:161} INFO - Started process (PID=3721) to work on /home/airflow/.local/lib/python3.11/site-packages/airflow/example_dags/example_task_group.py
[2024-03-04T16:26:01.587+0000] {processor.py:830} INFO - Processing file /home/airflow/.local/lib/python3.11/site-packages/airflow/example_dags/example_task_group.py for tasks to queue
[2024-03-04T16:26:01.592+0000] {logging_mixin.py:188} INFO - [2024-03-04T16:26:01.592+0000] {dagbag.py:540} INFO - Filling up the DagBag from /home/airflow/.local/lib/python3.11/site-packages/airflow/example_dags/example_task_group.py
[2024-03-04T16:26:01.623+0000] {processor.py:840} INFO - DAG(s) 'example_task_group' retrieved from /home/airflow/.local/lib/python3.11/site-packages/airflow/example_dags/example_task_group.py
[2024-03-04T16:26:01.665+0000] {logging_mixin.py:188} INFO - [2024-03-04T16:26:01.665+0000] {dag.py:3047} INFO - Sync 1 DAGs
[2024-03-04T16:26:01.686+0000] {logging_mixin.py:188} INFO - [2024-03-04T16:26:01.686+0000] {dag.py:3834} INFO - Setting next_dagrun for example_task_group to 2024-03-03 00:00:00+00:00, run_after=2024-03-04 00:00:00+00:00
[2024-03-04T16:26:01.698+0000] {processor.py:183} INFO - Processing /home/airflow/.local/lib/python3.11/site-packages/airflow/example_dags/example_task_group.py took 0.123 seconds
[2024-03-04T16:26:31.971+0000] {processor.py:161} INFO - Started process (PID=3776) to work on /home/airflow/.local/lib/python3.11/site-packages/airflow/example_dags/example_task_group.py
[2024-03-04T16:26:31.973+0000] {processor.py:830} INFO - Processing file /home/airflow/.local/lib/python3.11/site-packages/airflow/example_dags/example_task_group.py for tasks to queue
[2024-03-04T16:26:31.977+0000] {logging_mixin.py:188} INFO - [2024-03-04T16:26:31.976+0000] {dagbag.py:540} INFO - Filling up the DagBag from /home/airflow/.local/lib/python3.11/site-packages/airflow/example_dags/example_task_group.py
[2024-03-04T16:26:31.985+0000] {processor.py:840} INFO - DAG(s) 'example_task_group' retrieved from /home/airflow/.local/lib/python3.11/site-packages/airflow/example_dags/example_task_group.py
[2024-03-04T16:26:32.019+0000] {logging_mixin.py:188} INFO - [2024-03-04T16:26:32.019+0000] {dag.py:3047} INFO - Sync 1 DAGs
[2024-03-04T16:26:32.032+0000] {logging_mixin.py:188} INFO - [2024-03-04T16:26:32.032+0000] {dag.py:3834} INFO - Setting next_dagrun for example_task_group to 2024-03-03 00:00:00+00:00, run_after=2024-03-04 00:00:00+00:00
[2024-03-04T16:26:32.041+0000] {processor.py:183} INFO - Processing /home/airflow/.local/lib/python3.11/site-packages/airflow/example_dags/example_task_group.py took 0.076 seconds
[2024-03-04T16:27:03.066+0000] {processor.py:161} INFO - Started process (PID=3831) to work on /home/airflow/.local/lib/python3.11/site-packages/airflow/example_dags/example_task_group.py
[2024-03-04T16:27:03.071+0000] {processor.py:830} INFO - Processing file /home/airflow/.local/lib/python3.11/site-packages/airflow/example_dags/example_task_group.py for tasks to queue
[2024-03-04T16:27:03.077+0000] {logging_mixin.py:188} INFO - [2024-03-04T16:27:03.076+0000] {dagbag.py:540} INFO - Filling up the DagBag from /home/airflow/.local/lib/python3.11/site-packages/airflow/example_dags/example_task_group.py
[2024-03-04T16:27:03.085+0000] {processor.py:840} INFO - DAG(s) 'example_task_group' retrieved from /home/airflow/.local/lib/python3.11/site-packages/airflow/example_dags/example_task_group.py
[2024-03-04T16:27:03.107+0000] {logging_mixin.py:188} INFO - [2024-03-04T16:27:03.107+0000] {dag.py:3047} INFO - Sync 1 DAGs
[2024-03-04T16:27:03.118+0000] {logging_mixin.py:188} INFO - [2024-03-04T16:27:03.118+0000] {dag.py:3834} INFO - Setting next_dagrun for example_task_group to 2024-03-03 00:00:00+00:00, run_after=2024-03-04 00:00:00+00:00
[2024-03-04T16:27:03.126+0000] {processor.py:183} INFO - Processing /home/airflow/.local/lib/python3.11/site-packages/airflow/example_dags/example_task_group.py took 0.065 seconds
[2024-03-04T16:27:33.166+0000] {processor.py:161} INFO - Started process (PID=3886) to work on /home/airflow/.local/lib/python3.11/site-packages/airflow/example_dags/example_task_group.py
[2024-03-04T16:27:33.169+0000] {processor.py:830} INFO - Processing file /home/airflow/.local/lib/python3.11/site-packages/airflow/example_dags/example_task_group.py for tasks to queue
[2024-03-04T16:27:33.173+0000] {logging_mixin.py:188} INFO - [2024-03-04T16:27:33.172+0000] {dagbag.py:540} INFO - Filling up the DagBag from /home/airflow/.local/lib/python3.11/site-packages/airflow/example_dags/example_task_group.py
[2024-03-04T16:27:33.183+0000] {processor.py:840} INFO - DAG(s) 'example_task_group' retrieved from /home/airflow/.local/lib/python3.11/site-packages/airflow/example_dags/example_task_group.py
[2024-03-04T16:27:33.201+0000] {logging_mixin.py:188} INFO - [2024-03-04T16:27:33.200+0000] {dag.py:3047} INFO - Sync 1 DAGs
[2024-03-04T16:27:33.212+0000] {logging_mixin.py:188} INFO - [2024-03-04T16:27:33.212+0000] {dag.py:3834} INFO - Setting next_dagrun for example_task_group to 2024-03-03 00:00:00+00:00, run_after=2024-03-04 00:00:00+00:00
[2024-03-04T16:27:33.219+0000] {processor.py:183} INFO - Processing /home/airflow/.local/lib/python3.11/site-packages/airflow/example_dags/example_task_group.py took 0.060 seconds
[2024-03-04T16:28:03.443+0000] {processor.py:161} INFO - Started process (PID=3941) to work on /home/airflow/.local/lib/python3.11/site-packages/airflow/example_dags/example_task_group.py
[2024-03-04T16:28:03.446+0000] {processor.py:830} INFO - Processing file /home/airflow/.local/lib/python3.11/site-packages/airflow/example_dags/example_task_group.py for tasks to queue
[2024-03-04T16:28:03.449+0000] {logging_mixin.py:188} INFO - [2024-03-04T16:28:03.448+0000] {dagbag.py:540} INFO - Filling up the DagBag from /home/airflow/.local/lib/python3.11/site-packages/airflow/example_dags/example_task_group.py
[2024-03-04T16:28:03.458+0000] {processor.py:840} INFO - DAG(s) 'example_task_group' retrieved from /home/airflow/.local/lib/python3.11/site-packages/airflow/example_dags/example_task_group.py
[2024-03-04T16:28:03.476+0000] {logging_mixin.py:188} INFO - [2024-03-04T16:28:03.476+0000] {dag.py:3047} INFO - Sync 1 DAGs
[2024-03-04T16:28:03.488+0000] {logging_mixin.py:188} INFO - [2024-03-04T16:28:03.488+0000] {dag.py:3834} INFO - Setting next_dagrun for example_task_group to 2024-03-03 00:00:00+00:00, run_after=2024-03-04 00:00:00+00:00
[2024-03-04T16:28:03.494+0000] {processor.py:183} INFO - Processing /home/airflow/.local/lib/python3.11/site-packages/airflow/example_dags/example_task_group.py took 0.057 seconds
