[2024-03-04T15:51:52.243+0000] {processor.py:161} INFO - Started process (PID=33) to work on /home/airflow/.local/lib/python3.11/site-packages/airflow/example_dags/example_python_decorator.py
[2024-03-04T15:51:52.246+0000] {processor.py:830} INFO - Processing file /home/airflow/.local/lib/python3.11/site-packages/airflow/example_dags/example_python_decorator.py for tasks to queue
[2024-03-04T15:51:52.250+0000] {logging_mixin.py:188} INFO - [2024-03-04T15:51:52.250+0000] {dagbag.py:540} INFO - Filling up the DagBag from /home/airflow/.local/lib/python3.11/site-packages/airflow/example_dags/example_python_decorator.py
[2024-03-04T15:51:52.279+0000] {processor.py:840} INFO - DAG(s) 'example_python_decorator' retrieved from /home/airflow/.local/lib/python3.11/site-packages/airflow/example_dags/example_python_decorator.py
[2024-03-04T15:51:52.397+0000] {logging_mixin.py:188} INFO - [2024-03-04T15:51:52.397+0000] {override.py:1769} INFO - Created Permission View: can read on DAG:example_python_decorator
[2024-03-04T15:51:52.404+0000] {logging_mixin.py:188} INFO - [2024-03-04T15:51:52.403+0000] {override.py:1769} INFO - Created Permission View: can delete on DAG:example_python_decorator
[2024-03-04T15:51:52.407+0000] {logging_mixin.py:188} INFO - [2024-03-04T15:51:52.406+0000] {override.py:1769} INFO - Created Permission View: can edit on DAG:example_python_decorator
[2024-03-04T15:51:52.407+0000] {logging_mixin.py:188} INFO - [2024-03-04T15:51:52.407+0000] {dag.py:3047} INFO - Sync 1 DAGs
[2024-03-04T15:51:52.414+0000] {logging_mixin.py:188} INFO - [2024-03-04T15:51:52.414+0000] {dag.py:3069} INFO - Creating ORM DAG for example_python_decorator
[2024-03-04T15:51:52.415+0000] {logging_mixin.py:188} INFO - [2024-03-04T15:51:52.415+0000] {dag.py:3834} INFO - Setting next_dagrun for example_python_decorator to None, run_after=None
[2024-03-04T15:51:52.448+0000] {processor.py:183} INFO - Processing /home/airflow/.local/lib/python3.11/site-packages/airflow/example_dags/example_python_decorator.py took 0.209 seconds
[2024-03-04T15:52:23.266+0000] {processor.py:161} INFO - Started process (PID=88) to work on /home/airflow/.local/lib/python3.11/site-packages/airflow/example_dags/example_python_decorator.py
[2024-03-04T15:52:23.268+0000] {processor.py:830} INFO - Processing file /home/airflow/.local/lib/python3.11/site-packages/airflow/example_dags/example_python_decorator.py for tasks to queue
[2024-03-04T15:52:23.270+0000] {logging_mixin.py:188} INFO - [2024-03-04T15:52:23.269+0000] {dagbag.py:540} INFO - Filling up the DagBag from /home/airflow/.local/lib/python3.11/site-packages/airflow/example_dags/example_python_decorator.py
[2024-03-04T15:52:23.282+0000] {processor.py:840} INFO - DAG(s) 'example_python_decorator' retrieved from /home/airflow/.local/lib/python3.11/site-packages/airflow/example_dags/example_python_decorator.py
[2024-03-04T15:52:23.295+0000] {logging_mixin.py:188} INFO - [2024-03-04T15:52:23.295+0000] {dag.py:3047} INFO - Sync 1 DAGs
[2024-03-04T15:52:23.306+0000] {logging_mixin.py:188} INFO - [2024-03-04T15:52:23.306+0000] {dag.py:3834} INFO - Setting next_dagrun for example_python_decorator to None, run_after=None
[2024-03-04T15:52:23.317+0000] {processor.py:183} INFO - Processing /home/airflow/.local/lib/python3.11/site-packages/airflow/example_dags/example_python_decorator.py took 0.055 seconds
[2024-03-04T15:52:54.175+0000] {processor.py:161} INFO - Started process (PID=143) to work on /home/airflow/.local/lib/python3.11/site-packages/airflow/example_dags/example_python_decorator.py
[2024-03-04T15:52:54.176+0000] {processor.py:830} INFO - Processing file /home/airflow/.local/lib/python3.11/site-packages/airflow/example_dags/example_python_decorator.py for tasks to queue
[2024-03-04T15:52:54.178+0000] {logging_mixin.py:188} INFO - [2024-03-04T15:52:54.178+0000] {dagbag.py:540} INFO - Filling up the DagBag from /home/airflow/.local/lib/python3.11/site-packages/airflow/example_dags/example_python_decorator.py
[2024-03-04T15:52:54.193+0000] {processor.py:840} INFO - DAG(s) 'example_python_decorator' retrieved from /home/airflow/.local/lib/python3.11/site-packages/airflow/example_dags/example_python_decorator.py
[2024-03-04T15:52:54.204+0000] {logging_mixin.py:188} INFO - [2024-03-04T15:52:54.204+0000] {dag.py:3047} INFO - Sync 1 DAGs
[2024-03-04T15:52:54.211+0000] {logging_mixin.py:188} INFO - [2024-03-04T15:52:54.211+0000] {dag.py:3834} INFO - Setting next_dagrun for example_python_decorator to None, run_after=None
[2024-03-04T15:52:54.220+0000] {processor.py:183} INFO - Processing /home/airflow/.local/lib/python3.11/site-packages/airflow/example_dags/example_python_decorator.py took 0.050 seconds
[2024-03-04T15:53:24.403+0000] {processor.py:161} INFO - Started process (PID=198) to work on /home/airflow/.local/lib/python3.11/site-packages/airflow/example_dags/example_python_decorator.py
[2024-03-04T15:53:24.405+0000] {processor.py:830} INFO - Processing file /home/airflow/.local/lib/python3.11/site-packages/airflow/example_dags/example_python_decorator.py for tasks to queue
[2024-03-04T15:53:24.407+0000] {logging_mixin.py:188} INFO - [2024-03-04T15:53:24.407+0000] {dagbag.py:540} INFO - Filling up the DagBag from /home/airflow/.local/lib/python3.11/site-packages/airflow/example_dags/example_python_decorator.py
[2024-03-04T15:53:24.447+0000] {processor.py:840} INFO - DAG(s) 'example_python_decorator' retrieved from /home/airflow/.local/lib/python3.11/site-packages/airflow/example_dags/example_python_decorator.py
[2024-03-04T15:53:24.500+0000] {logging_mixin.py:188} INFO - [2024-03-04T15:53:24.499+0000] {dag.py:3047} INFO - Sync 1 DAGs
[2024-03-04T15:53:24.527+0000] {logging_mixin.py:188} INFO - [2024-03-04T15:53:24.527+0000] {dag.py:3834} INFO - Setting next_dagrun for example_python_decorator to None, run_after=None
[2024-03-04T15:53:24.546+0000] {processor.py:183} INFO - Processing /home/airflow/.local/lib/python3.11/site-packages/airflow/example_dags/example_python_decorator.py took 0.148 seconds
[2024-03-04T15:53:55.496+0000] {processor.py:161} INFO - Started process (PID=253) to work on /home/airflow/.local/lib/python3.11/site-packages/airflow/example_dags/example_python_decorator.py
[2024-03-04T15:53:55.501+0000] {processor.py:830} INFO - Processing file /home/airflow/.local/lib/python3.11/site-packages/airflow/example_dags/example_python_decorator.py for tasks to queue
[2024-03-04T15:53:55.505+0000] {logging_mixin.py:188} INFO - [2024-03-04T15:53:55.505+0000] {dagbag.py:540} INFO - Filling up the DagBag from /home/airflow/.local/lib/python3.11/site-packages/airflow/example_dags/example_python_decorator.py
[2024-03-04T15:53:55.520+0000] {processor.py:840} INFO - DAG(s) 'example_python_decorator' retrieved from /home/airflow/.local/lib/python3.11/site-packages/airflow/example_dags/example_python_decorator.py
[2024-03-04T15:53:55.532+0000] {logging_mixin.py:188} INFO - [2024-03-04T15:53:55.532+0000] {dag.py:3047} INFO - Sync 1 DAGs
[2024-03-04T15:53:55.538+0000] {logging_mixin.py:188} INFO - [2024-03-04T15:53:55.538+0000] {dag.py:3834} INFO - Setting next_dagrun for example_python_decorator to None, run_after=None
[2024-03-04T15:53:55.546+0000] {processor.py:183} INFO - Processing /home/airflow/.local/lib/python3.11/site-packages/airflow/example_dags/example_python_decorator.py took 0.055 seconds
[2024-03-04T15:54:26.398+0000] {processor.py:161} INFO - Started process (PID=308) to work on /home/airflow/.local/lib/python3.11/site-packages/airflow/example_dags/example_python_decorator.py
[2024-03-04T15:54:26.403+0000] {processor.py:830} INFO - Processing file /home/airflow/.local/lib/python3.11/site-packages/airflow/example_dags/example_python_decorator.py for tasks to queue
[2024-03-04T15:54:26.405+0000] {logging_mixin.py:188} INFO - [2024-03-04T15:54:26.405+0000] {dagbag.py:540} INFO - Filling up the DagBag from /home/airflow/.local/lib/python3.11/site-packages/airflow/example_dags/example_python_decorator.py
[2024-03-04T15:54:26.418+0000] {processor.py:840} INFO - DAG(s) 'example_python_decorator' retrieved from /home/airflow/.local/lib/python3.11/site-packages/airflow/example_dags/example_python_decorator.py
[2024-03-04T15:54:26.430+0000] {logging_mixin.py:188} INFO - [2024-03-04T15:54:26.430+0000] {dag.py:3047} INFO - Sync 1 DAGs
[2024-03-04T15:54:26.438+0000] {logging_mixin.py:188} INFO - [2024-03-04T15:54:26.438+0000] {dag.py:3834} INFO - Setting next_dagrun for example_python_decorator to None, run_after=None
[2024-03-04T15:54:26.446+0000] {processor.py:183} INFO - Processing /home/airflow/.local/lib/python3.11/site-packages/airflow/example_dags/example_python_decorator.py took 0.052 seconds
[2024-03-04T15:54:57.001+0000] {processor.py:161} INFO - Started process (PID=363) to work on /home/airflow/.local/lib/python3.11/site-packages/airflow/example_dags/example_python_decorator.py
[2024-03-04T15:54:57.003+0000] {processor.py:830} INFO - Processing file /home/airflow/.local/lib/python3.11/site-packages/airflow/example_dags/example_python_decorator.py for tasks to queue
[2024-03-04T15:54:57.005+0000] {logging_mixin.py:188} INFO - [2024-03-04T15:54:57.004+0000] {dagbag.py:540} INFO - Filling up the DagBag from /home/airflow/.local/lib/python3.11/site-packages/airflow/example_dags/example_python_decorator.py
[2024-03-04T15:54:57.020+0000] {processor.py:840} INFO - DAG(s) 'example_python_decorator' retrieved from /home/airflow/.local/lib/python3.11/site-packages/airflow/example_dags/example_python_decorator.py
[2024-03-04T15:54:57.036+0000] {logging_mixin.py:188} INFO - [2024-03-04T15:54:57.036+0000] {dag.py:3047} INFO - Sync 1 DAGs
[2024-03-04T15:54:57.042+0000] {logging_mixin.py:188} INFO - [2024-03-04T15:54:57.042+0000] {dag.py:3834} INFO - Setting next_dagrun for example_python_decorator to None, run_after=None
[2024-03-04T15:54:57.052+0000] {processor.py:183} INFO - Processing /home/airflow/.local/lib/python3.11/site-packages/airflow/example_dags/example_python_decorator.py took 0.055 seconds
[2024-03-04T15:55:27.764+0000] {processor.py:161} INFO - Started process (PID=418) to work on /home/airflow/.local/lib/python3.11/site-packages/airflow/example_dags/example_python_decorator.py
[2024-03-04T15:55:27.766+0000] {processor.py:830} INFO - Processing file /home/airflow/.local/lib/python3.11/site-packages/airflow/example_dags/example_python_decorator.py for tasks to queue
[2024-03-04T15:55:27.769+0000] {logging_mixin.py:188} INFO - [2024-03-04T15:55:27.768+0000] {dagbag.py:540} INFO - Filling up the DagBag from /home/airflow/.local/lib/python3.11/site-packages/airflow/example_dags/example_python_decorator.py
[2024-03-04T15:55:27.782+0000] {processor.py:840} INFO - DAG(s) 'example_python_decorator' retrieved from /home/airflow/.local/lib/python3.11/site-packages/airflow/example_dags/example_python_decorator.py
[2024-03-04T15:55:27.794+0000] {logging_mixin.py:188} INFO - [2024-03-04T15:55:27.794+0000] {dag.py:3047} INFO - Sync 1 DAGs
[2024-03-04T15:55:27.800+0000] {logging_mixin.py:188} INFO - [2024-03-04T15:55:27.800+0000] {dag.py:3834} INFO - Setting next_dagrun for example_python_decorator to None, run_after=None
[2024-03-04T15:55:27.810+0000] {processor.py:183} INFO - Processing /home/airflow/.local/lib/python3.11/site-packages/airflow/example_dags/example_python_decorator.py took 0.051 seconds
[2024-03-04T15:55:58.588+0000] {processor.py:161} INFO - Started process (PID=473) to work on /home/airflow/.local/lib/python3.11/site-packages/airflow/example_dags/example_python_decorator.py
[2024-03-04T15:55:58.590+0000] {processor.py:830} INFO - Processing file /home/airflow/.local/lib/python3.11/site-packages/airflow/example_dags/example_python_decorator.py for tasks to queue
[2024-03-04T15:55:58.592+0000] {logging_mixin.py:188} INFO - [2024-03-04T15:55:58.592+0000] {dagbag.py:540} INFO - Filling up the DagBag from /home/airflow/.local/lib/python3.11/site-packages/airflow/example_dags/example_python_decorator.py
[2024-03-04T15:55:58.606+0000] {processor.py:840} INFO - DAG(s) 'example_python_decorator' retrieved from /home/airflow/.local/lib/python3.11/site-packages/airflow/example_dags/example_python_decorator.py
[2024-03-04T15:55:58.623+0000] {logging_mixin.py:188} INFO - [2024-03-04T15:55:58.622+0000] {dag.py:3047} INFO - Sync 1 DAGs
[2024-03-04T15:55:58.628+0000] {logging_mixin.py:188} INFO - [2024-03-04T15:55:58.628+0000] {dag.py:3834} INFO - Setting next_dagrun for example_python_decorator to None, run_after=None
[2024-03-04T15:55:58.636+0000] {processor.py:183} INFO - Processing /home/airflow/.local/lib/python3.11/site-packages/airflow/example_dags/example_python_decorator.py took 0.052 seconds
[2024-03-04T15:56:29.262+0000] {processor.py:161} INFO - Started process (PID=528) to work on /home/airflow/.local/lib/python3.11/site-packages/airflow/example_dags/example_python_decorator.py
[2024-03-04T15:56:29.264+0000] {processor.py:830} INFO - Processing file /home/airflow/.local/lib/python3.11/site-packages/airflow/example_dags/example_python_decorator.py for tasks to queue
[2024-03-04T15:56:29.269+0000] {logging_mixin.py:188} INFO - [2024-03-04T15:56:29.267+0000] {dagbag.py:540} INFO - Filling up the DagBag from /home/airflow/.local/lib/python3.11/site-packages/airflow/example_dags/example_python_decorator.py
[2024-03-04T15:56:29.283+0000] {processor.py:840} INFO - DAG(s) 'example_python_decorator' retrieved from /home/airflow/.local/lib/python3.11/site-packages/airflow/example_dags/example_python_decorator.py
[2024-03-04T15:56:29.298+0000] {logging_mixin.py:188} INFO - [2024-03-04T15:56:29.298+0000] {dag.py:3047} INFO - Sync 1 DAGs
[2024-03-04T15:56:29.305+0000] {logging_mixin.py:188} INFO - [2024-03-04T15:56:29.305+0000] {dag.py:3834} INFO - Setting next_dagrun for example_python_decorator to None, run_after=None
[2024-03-04T15:56:29.313+0000] {processor.py:183} INFO - Processing /home/airflow/.local/lib/python3.11/site-packages/airflow/example_dags/example_python_decorator.py took 0.057 seconds
[2024-03-04T15:57:00.029+0000] {processor.py:161} INFO - Started process (PID=583) to work on /home/airflow/.local/lib/python3.11/site-packages/airflow/example_dags/example_python_decorator.py
[2024-03-04T15:57:00.030+0000] {processor.py:830} INFO - Processing file /home/airflow/.local/lib/python3.11/site-packages/airflow/example_dags/example_python_decorator.py for tasks to queue
[2024-03-04T15:57:00.033+0000] {logging_mixin.py:188} INFO - [2024-03-04T15:57:00.033+0000] {dagbag.py:540} INFO - Filling up the DagBag from /home/airflow/.local/lib/python3.11/site-packages/airflow/example_dags/example_python_decorator.py
[2024-03-04T15:57:00.050+0000] {processor.py:840} INFO - DAG(s) 'example_python_decorator' retrieved from /home/airflow/.local/lib/python3.11/site-packages/airflow/example_dags/example_python_decorator.py
[2024-03-04T15:57:00.063+0000] {logging_mixin.py:188} INFO - [2024-03-04T15:57:00.063+0000] {dag.py:3047} INFO - Sync 1 DAGs
[2024-03-04T15:57:00.071+0000] {logging_mixin.py:188} INFO - [2024-03-04T15:57:00.071+0000] {dag.py:3834} INFO - Setting next_dagrun for example_python_decorator to None, run_after=None
[2024-03-04T15:57:00.079+0000] {processor.py:183} INFO - Processing /home/airflow/.local/lib/python3.11/site-packages/airflow/example_dags/example_python_decorator.py took 0.055 seconds
[2024-03-04T15:57:30.672+0000] {processor.py:161} INFO - Started process (PID=638) to work on /home/airflow/.local/lib/python3.11/site-packages/airflow/example_dags/example_python_decorator.py
[2024-03-04T15:57:30.674+0000] {processor.py:830} INFO - Processing file /home/airflow/.local/lib/python3.11/site-packages/airflow/example_dags/example_python_decorator.py for tasks to queue
[2024-03-04T15:57:30.676+0000] {logging_mixin.py:188} INFO - [2024-03-04T15:57:30.676+0000] {dagbag.py:540} INFO - Filling up the DagBag from /home/airflow/.local/lib/python3.11/site-packages/airflow/example_dags/example_python_decorator.py
[2024-03-04T15:57:30.691+0000] {processor.py:840} INFO - DAG(s) 'example_python_decorator' retrieved from /home/airflow/.local/lib/python3.11/site-packages/airflow/example_dags/example_python_decorator.py
[2024-03-04T15:57:30.703+0000] {logging_mixin.py:188} INFO - [2024-03-04T15:57:30.703+0000] {dag.py:3047} INFO - Sync 1 DAGs
[2024-03-04T15:57:30.709+0000] {logging_mixin.py:188} INFO - [2024-03-04T15:57:30.709+0000] {dag.py:3834} INFO - Setting next_dagrun for example_python_decorator to None, run_after=None
[2024-03-04T15:57:30.719+0000] {processor.py:183} INFO - Processing /home/airflow/.local/lib/python3.11/site-packages/airflow/example_dags/example_python_decorator.py took 0.051 seconds
[2024-03-04T15:58:01.430+0000] {processor.py:161} INFO - Started process (PID=693) to work on /home/airflow/.local/lib/python3.11/site-packages/airflow/example_dags/example_python_decorator.py
[2024-03-04T15:58:01.434+0000] {processor.py:830} INFO - Processing file /home/airflow/.local/lib/python3.11/site-packages/airflow/example_dags/example_python_decorator.py for tasks to queue
[2024-03-04T15:58:01.437+0000] {logging_mixin.py:188} INFO - [2024-03-04T15:58:01.437+0000] {dagbag.py:540} INFO - Filling up the DagBag from /home/airflow/.local/lib/python3.11/site-packages/airflow/example_dags/example_python_decorator.py
[2024-03-04T15:58:01.451+0000] {processor.py:840} INFO - DAG(s) 'example_python_decorator' retrieved from /home/airflow/.local/lib/python3.11/site-packages/airflow/example_dags/example_python_decorator.py
[2024-03-04T15:58:01.463+0000] {logging_mixin.py:188} INFO - [2024-03-04T15:58:01.462+0000] {dag.py:3047} INFO - Sync 1 DAGs
[2024-03-04T15:58:01.473+0000] {logging_mixin.py:188} INFO - [2024-03-04T15:58:01.473+0000] {dag.py:3834} INFO - Setting next_dagrun for example_python_decorator to None, run_after=None
[2024-03-04T15:58:01.482+0000] {processor.py:183} INFO - Processing /home/airflow/.local/lib/python3.11/site-packages/airflow/example_dags/example_python_decorator.py took 0.056 seconds
[2024-03-04T15:58:32.060+0000] {processor.py:161} INFO - Started process (PID=748) to work on /home/airflow/.local/lib/python3.11/site-packages/airflow/example_dags/example_python_decorator.py
[2024-03-04T15:58:32.061+0000] {processor.py:830} INFO - Processing file /home/airflow/.local/lib/python3.11/site-packages/airflow/example_dags/example_python_decorator.py for tasks to queue
[2024-03-04T15:58:32.064+0000] {logging_mixin.py:188} INFO - [2024-03-04T15:58:32.063+0000] {dagbag.py:540} INFO - Filling up the DagBag from /home/airflow/.local/lib/python3.11/site-packages/airflow/example_dags/example_python_decorator.py
[2024-03-04T15:58:32.077+0000] {processor.py:840} INFO - DAG(s) 'example_python_decorator' retrieved from /home/airflow/.local/lib/python3.11/site-packages/airflow/example_dags/example_python_decorator.py
[2024-03-04T15:58:32.091+0000] {logging_mixin.py:188} INFO - [2024-03-04T15:58:32.091+0000] {dag.py:3047} INFO - Sync 1 DAGs
[2024-03-04T15:58:32.098+0000] {logging_mixin.py:188} INFO - [2024-03-04T15:58:32.098+0000] {dag.py:3834} INFO - Setting next_dagrun for example_python_decorator to None, run_after=None
[2024-03-04T15:58:32.106+0000] {processor.py:183} INFO - Processing /home/airflow/.local/lib/python3.11/site-packages/airflow/example_dags/example_python_decorator.py took 0.051 seconds
[2024-03-04T15:59:02.869+0000] {processor.py:161} INFO - Started process (PID=803) to work on /home/airflow/.local/lib/python3.11/site-packages/airflow/example_dags/example_python_decorator.py
[2024-03-04T15:59:02.871+0000] {processor.py:830} INFO - Processing file /home/airflow/.local/lib/python3.11/site-packages/airflow/example_dags/example_python_decorator.py for tasks to queue
[2024-03-04T15:59:02.873+0000] {logging_mixin.py:188} INFO - [2024-03-04T15:59:02.873+0000] {dagbag.py:540} INFO - Filling up the DagBag from /home/airflow/.local/lib/python3.11/site-packages/airflow/example_dags/example_python_decorator.py
[2024-03-04T15:59:02.887+0000] {processor.py:840} INFO - DAG(s) 'example_python_decorator' retrieved from /home/airflow/.local/lib/python3.11/site-packages/airflow/example_dags/example_python_decorator.py
[2024-03-04T15:59:02.900+0000] {logging_mixin.py:188} INFO - [2024-03-04T15:59:02.900+0000] {dag.py:3047} INFO - Sync 1 DAGs
[2024-03-04T15:59:02.908+0000] {logging_mixin.py:188} INFO - [2024-03-04T15:59:02.908+0000] {dag.py:3834} INFO - Setting next_dagrun for example_python_decorator to None, run_after=None
[2024-03-04T15:59:02.917+0000] {processor.py:183} INFO - Processing /home/airflow/.local/lib/python3.11/site-packages/airflow/example_dags/example_python_decorator.py took 0.053 seconds
[2024-03-04T15:59:33.422+0000] {processor.py:161} INFO - Started process (PID=858) to work on /home/airflow/.local/lib/python3.11/site-packages/airflow/example_dags/example_python_decorator.py
[2024-03-04T15:59:33.424+0000] {processor.py:830} INFO - Processing file /home/airflow/.local/lib/python3.11/site-packages/airflow/example_dags/example_python_decorator.py for tasks to queue
[2024-03-04T15:59:33.427+0000] {logging_mixin.py:188} INFO - [2024-03-04T15:59:33.427+0000] {dagbag.py:540} INFO - Filling up the DagBag from /home/airflow/.local/lib/python3.11/site-packages/airflow/example_dags/example_python_decorator.py
[2024-03-04T15:59:33.442+0000] {processor.py:840} INFO - DAG(s) 'example_python_decorator' retrieved from /home/airflow/.local/lib/python3.11/site-packages/airflow/example_dags/example_python_decorator.py
[2024-03-04T15:59:33.455+0000] {logging_mixin.py:188} INFO - [2024-03-04T15:59:33.455+0000] {dag.py:3047} INFO - Sync 1 DAGs
[2024-03-04T15:59:33.462+0000] {logging_mixin.py:188} INFO - [2024-03-04T15:59:33.462+0000] {dag.py:3834} INFO - Setting next_dagrun for example_python_decorator to None, run_after=None
[2024-03-04T15:59:33.471+0000] {processor.py:183} INFO - Processing /home/airflow/.local/lib/python3.11/site-packages/airflow/example_dags/example_python_decorator.py took 0.054 seconds
[2024-03-04T16:00:04.060+0000] {processor.py:161} INFO - Started process (PID=913) to work on /home/airflow/.local/lib/python3.11/site-packages/airflow/example_dags/example_python_decorator.py
[2024-03-04T16:00:04.061+0000] {processor.py:830} INFO - Processing file /home/airflow/.local/lib/python3.11/site-packages/airflow/example_dags/example_python_decorator.py for tasks to queue
[2024-03-04T16:00:04.063+0000] {logging_mixin.py:188} INFO - [2024-03-04T16:00:04.063+0000] {dagbag.py:540} INFO - Filling up the DagBag from /home/airflow/.local/lib/python3.11/site-packages/airflow/example_dags/example_python_decorator.py
[2024-03-04T16:00:04.078+0000] {processor.py:840} INFO - DAG(s) 'example_python_decorator' retrieved from /home/airflow/.local/lib/python3.11/site-packages/airflow/example_dags/example_python_decorator.py
[2024-03-04T16:00:04.094+0000] {logging_mixin.py:188} INFO - [2024-03-04T16:00:04.093+0000] {dag.py:3047} INFO - Sync 1 DAGs
[2024-03-04T16:00:04.102+0000] {logging_mixin.py:188} INFO - [2024-03-04T16:00:04.102+0000] {dag.py:3834} INFO - Setting next_dagrun for example_python_decorator to None, run_after=None
[2024-03-04T16:00:04.111+0000] {processor.py:183} INFO - Processing /home/airflow/.local/lib/python3.11/site-packages/airflow/example_dags/example_python_decorator.py took 0.056 seconds
[2024-03-04T16:00:34.876+0000] {processor.py:161} INFO - Started process (PID=967) to work on /home/airflow/.local/lib/python3.11/site-packages/airflow/example_dags/example_python_decorator.py
[2024-03-04T16:00:34.878+0000] {processor.py:830} INFO - Processing file /home/airflow/.local/lib/python3.11/site-packages/airflow/example_dags/example_python_decorator.py for tasks to queue
[2024-03-04T16:00:34.881+0000] {logging_mixin.py:188} INFO - [2024-03-04T16:00:34.880+0000] {dagbag.py:540} INFO - Filling up the DagBag from /home/airflow/.local/lib/python3.11/site-packages/airflow/example_dags/example_python_decorator.py
[2024-03-04T16:00:34.895+0000] {processor.py:840} INFO - DAG(s) 'example_python_decorator' retrieved from /home/airflow/.local/lib/python3.11/site-packages/airflow/example_dags/example_python_decorator.py
[2024-03-04T16:00:34.910+0000] {logging_mixin.py:188} INFO - [2024-03-04T16:00:34.910+0000] {dag.py:3047} INFO - Sync 1 DAGs
[2024-03-04T16:00:34.919+0000] {logging_mixin.py:188} INFO - [2024-03-04T16:00:34.919+0000] {dag.py:3834} INFO - Setting next_dagrun for example_python_decorator to None, run_after=None
[2024-03-04T16:00:34.929+0000] {processor.py:183} INFO - Processing /home/airflow/.local/lib/python3.11/site-packages/airflow/example_dags/example_python_decorator.py took 0.057 seconds
[2024-03-04T16:01:05.579+0000] {processor.py:161} INFO - Started process (PID=1022) to work on /home/airflow/.local/lib/python3.11/site-packages/airflow/example_dags/example_python_decorator.py
[2024-03-04T16:01:05.582+0000] {processor.py:830} INFO - Processing file /home/airflow/.local/lib/python3.11/site-packages/airflow/example_dags/example_python_decorator.py for tasks to queue
[2024-03-04T16:01:05.584+0000] {logging_mixin.py:188} INFO - [2024-03-04T16:01:05.584+0000] {dagbag.py:540} INFO - Filling up the DagBag from /home/airflow/.local/lib/python3.11/site-packages/airflow/example_dags/example_python_decorator.py
[2024-03-04T16:01:05.598+0000] {processor.py:840} INFO - DAG(s) 'example_python_decorator' retrieved from /home/airflow/.local/lib/python3.11/site-packages/airflow/example_dags/example_python_decorator.py
[2024-03-04T16:01:05.611+0000] {logging_mixin.py:188} INFO - [2024-03-04T16:01:05.611+0000] {dag.py:3047} INFO - Sync 1 DAGs
[2024-03-04T16:01:05.617+0000] {logging_mixin.py:188} INFO - [2024-03-04T16:01:05.617+0000] {dag.py:3834} INFO - Setting next_dagrun for example_python_decorator to None, run_after=None
[2024-03-04T16:01:05.625+0000] {processor.py:183} INFO - Processing /home/airflow/.local/lib/python3.11/site-packages/airflow/example_dags/example_python_decorator.py took 0.050 seconds
[2024-03-04T16:01:36.360+0000] {processor.py:161} INFO - Started process (PID=1077) to work on /home/airflow/.local/lib/python3.11/site-packages/airflow/example_dags/example_python_decorator.py
[2024-03-04T16:01:36.362+0000] {processor.py:830} INFO - Processing file /home/airflow/.local/lib/python3.11/site-packages/airflow/example_dags/example_python_decorator.py for tasks to queue
[2024-03-04T16:01:36.365+0000] {logging_mixin.py:188} INFO - [2024-03-04T16:01:36.364+0000] {dagbag.py:540} INFO - Filling up the DagBag from /home/airflow/.local/lib/python3.11/site-packages/airflow/example_dags/example_python_decorator.py
[2024-03-04T16:01:36.379+0000] {processor.py:840} INFO - DAG(s) 'example_python_decorator' retrieved from /home/airflow/.local/lib/python3.11/site-packages/airflow/example_dags/example_python_decorator.py
[2024-03-04T16:01:36.408+0000] {logging_mixin.py:188} INFO - [2024-03-04T16:01:36.408+0000] {dag.py:3047} INFO - Sync 1 DAGs
[2024-03-04T16:01:36.419+0000] {logging_mixin.py:188} INFO - [2024-03-04T16:01:36.419+0000] {dag.py:3834} INFO - Setting next_dagrun for example_python_decorator to None, run_after=None
[2024-03-04T16:01:36.437+0000] {processor.py:183} INFO - Processing /home/airflow/.local/lib/python3.11/site-packages/airflow/example_dags/example_python_decorator.py took 0.084 seconds
[2024-03-04T16:02:07.177+0000] {processor.py:161} INFO - Started process (PID=1132) to work on /home/airflow/.local/lib/python3.11/site-packages/airflow/example_dags/example_python_decorator.py
[2024-03-04T16:02:07.178+0000] {processor.py:830} INFO - Processing file /home/airflow/.local/lib/python3.11/site-packages/airflow/example_dags/example_python_decorator.py for tasks to queue
[2024-03-04T16:02:07.180+0000] {logging_mixin.py:188} INFO - [2024-03-04T16:02:07.179+0000] {dagbag.py:540} INFO - Filling up the DagBag from /home/airflow/.local/lib/python3.11/site-packages/airflow/example_dags/example_python_decorator.py
[2024-03-04T16:02:07.193+0000] {processor.py:840} INFO - DAG(s) 'example_python_decorator' retrieved from /home/airflow/.local/lib/python3.11/site-packages/airflow/example_dags/example_python_decorator.py
[2024-03-04T16:02:07.217+0000] {logging_mixin.py:188} INFO - [2024-03-04T16:02:07.216+0000] {dag.py:3047} INFO - Sync 1 DAGs
[2024-03-04T16:02:07.229+0000] {logging_mixin.py:188} INFO - [2024-03-04T16:02:07.229+0000] {dag.py:3834} INFO - Setting next_dagrun for example_python_decorator to None, run_after=None
[2024-03-04T16:02:07.241+0000] {processor.py:183} INFO - Processing /home/airflow/.local/lib/python3.11/site-packages/airflow/example_dags/example_python_decorator.py took 0.067 seconds
[2024-03-04T16:02:37.976+0000] {processor.py:161} INFO - Started process (PID=1187) to work on /home/airflow/.local/lib/python3.11/site-packages/airflow/example_dags/example_python_decorator.py
[2024-03-04T16:02:37.979+0000] {processor.py:830} INFO - Processing file /home/airflow/.local/lib/python3.11/site-packages/airflow/example_dags/example_python_decorator.py for tasks to queue
[2024-03-04T16:02:37.980+0000] {logging_mixin.py:188} INFO - [2024-03-04T16:02:37.980+0000] {dagbag.py:540} INFO - Filling up the DagBag from /home/airflow/.local/lib/python3.11/site-packages/airflow/example_dags/example_python_decorator.py
[2024-03-04T16:02:37.994+0000] {processor.py:840} INFO - DAG(s) 'example_python_decorator' retrieved from /home/airflow/.local/lib/python3.11/site-packages/airflow/example_dags/example_python_decorator.py
[2024-03-04T16:02:38.026+0000] {logging_mixin.py:188} INFO - [2024-03-04T16:02:38.026+0000] {dag.py:3047} INFO - Sync 1 DAGs
[2024-03-04T16:02:38.033+0000] {logging_mixin.py:188} INFO - [2024-03-04T16:02:38.033+0000] {dag.py:3834} INFO - Setting next_dagrun for example_python_decorator to None, run_after=None
[2024-03-04T16:02:38.043+0000] {processor.py:183} INFO - Processing /home/airflow/.local/lib/python3.11/site-packages/airflow/example_dags/example_python_decorator.py took 0.070 seconds
[2024-03-04T16:03:08.723+0000] {processor.py:161} INFO - Started process (PID=1242) to work on /home/airflow/.local/lib/python3.11/site-packages/airflow/example_dags/example_python_decorator.py
[2024-03-04T16:03:08.726+0000] {processor.py:830} INFO - Processing file /home/airflow/.local/lib/python3.11/site-packages/airflow/example_dags/example_python_decorator.py for tasks to queue
[2024-03-04T16:03:08.728+0000] {logging_mixin.py:188} INFO - [2024-03-04T16:03:08.728+0000] {dagbag.py:540} INFO - Filling up the DagBag from /home/airflow/.local/lib/python3.11/site-packages/airflow/example_dags/example_python_decorator.py
[2024-03-04T16:03:08.741+0000] {processor.py:840} INFO - DAG(s) 'example_python_decorator' retrieved from /home/airflow/.local/lib/python3.11/site-packages/airflow/example_dags/example_python_decorator.py
[2024-03-04T16:03:08.753+0000] {logging_mixin.py:188} INFO - [2024-03-04T16:03:08.752+0000] {dag.py:3047} INFO - Sync 1 DAGs
[2024-03-04T16:03:08.759+0000] {logging_mixin.py:188} INFO - [2024-03-04T16:03:08.759+0000] {dag.py:3834} INFO - Setting next_dagrun for example_python_decorator to None, run_after=None
[2024-03-04T16:03:08.768+0000] {processor.py:183} INFO - Processing /home/airflow/.local/lib/python3.11/site-packages/airflow/example_dags/example_python_decorator.py took 0.050 seconds
[2024-03-04T16:03:39.540+0000] {processor.py:161} INFO - Started process (PID=1297) to work on /home/airflow/.local/lib/python3.11/site-packages/airflow/example_dags/example_python_decorator.py
[2024-03-04T16:03:39.543+0000] {processor.py:830} INFO - Processing file /home/airflow/.local/lib/python3.11/site-packages/airflow/example_dags/example_python_decorator.py for tasks to queue
[2024-03-04T16:03:39.545+0000] {logging_mixin.py:188} INFO - [2024-03-04T16:03:39.545+0000] {dagbag.py:540} INFO - Filling up the DagBag from /home/airflow/.local/lib/python3.11/site-packages/airflow/example_dags/example_python_decorator.py
[2024-03-04T16:03:39.559+0000] {processor.py:840} INFO - DAG(s) 'example_python_decorator' retrieved from /home/airflow/.local/lib/python3.11/site-packages/airflow/example_dags/example_python_decorator.py
[2024-03-04T16:03:39.574+0000] {logging_mixin.py:188} INFO - [2024-03-04T16:03:39.574+0000] {dag.py:3047} INFO - Sync 1 DAGs
[2024-03-04T16:03:39.580+0000] {logging_mixin.py:188} INFO - [2024-03-04T16:03:39.580+0000] {dag.py:3834} INFO - Setting next_dagrun for example_python_decorator to None, run_after=None
[2024-03-04T16:03:39.590+0000] {processor.py:183} INFO - Processing /home/airflow/.local/lib/python3.11/site-packages/airflow/example_dags/example_python_decorator.py took 0.055 seconds
[2024-03-04T16:04:09.684+0000] {processor.py:161} INFO - Started process (PID=1352) to work on /home/airflow/.local/lib/python3.11/site-packages/airflow/example_dags/example_python_decorator.py
[2024-03-04T16:04:09.685+0000] {processor.py:830} INFO - Processing file /home/airflow/.local/lib/python3.11/site-packages/airflow/example_dags/example_python_decorator.py for tasks to queue
[2024-03-04T16:04:09.687+0000] {logging_mixin.py:188} INFO - [2024-03-04T16:04:09.687+0000] {dagbag.py:540} INFO - Filling up the DagBag from /home/airflow/.local/lib/python3.11/site-packages/airflow/example_dags/example_python_decorator.py
[2024-03-04T16:04:09.700+0000] {processor.py:840} INFO - DAG(s) 'example_python_decorator' retrieved from /home/airflow/.local/lib/python3.11/site-packages/airflow/example_dags/example_python_decorator.py
[2024-03-04T16:04:09.713+0000] {logging_mixin.py:188} INFO - [2024-03-04T16:04:09.712+0000] {dag.py:3047} INFO - Sync 1 DAGs
[2024-03-04T16:04:09.722+0000] {logging_mixin.py:188} INFO - [2024-03-04T16:04:09.722+0000] {dag.py:3834} INFO - Setting next_dagrun for example_python_decorator to None, run_after=None
[2024-03-04T16:04:09.731+0000] {processor.py:183} INFO - Processing /home/airflow/.local/lib/python3.11/site-packages/airflow/example_dags/example_python_decorator.py took 0.051 seconds
[2024-03-04T16:04:39.869+0000] {processor.py:161} INFO - Started process (PID=1407) to work on /home/airflow/.local/lib/python3.11/site-packages/airflow/example_dags/example_python_decorator.py
[2024-03-04T16:04:39.871+0000] {processor.py:830} INFO - Processing file /home/airflow/.local/lib/python3.11/site-packages/airflow/example_dags/example_python_decorator.py for tasks to queue
[2024-03-04T16:04:39.873+0000] {logging_mixin.py:188} INFO - [2024-03-04T16:04:39.873+0000] {dagbag.py:540} INFO - Filling up the DagBag from /home/airflow/.local/lib/python3.11/site-packages/airflow/example_dags/example_python_decorator.py
[2024-03-04T16:04:39.893+0000] {processor.py:840} INFO - DAG(s) 'example_python_decorator' retrieved from /home/airflow/.local/lib/python3.11/site-packages/airflow/example_dags/example_python_decorator.py
[2024-03-04T16:04:39.907+0000] {logging_mixin.py:188} INFO - [2024-03-04T16:04:39.907+0000] {dag.py:3047} INFO - Sync 1 DAGs
[2024-03-04T16:04:39.913+0000] {logging_mixin.py:188} INFO - [2024-03-04T16:04:39.913+0000] {dag.py:3834} INFO - Setting next_dagrun for example_python_decorator to None, run_after=None
[2024-03-04T16:04:39.921+0000] {processor.py:183} INFO - Processing /home/airflow/.local/lib/python3.11/site-packages/airflow/example_dags/example_python_decorator.py took 0.056 seconds
[2024-03-04T16:05:10.585+0000] {processor.py:161} INFO - Started process (PID=1462) to work on /home/airflow/.local/lib/python3.11/site-packages/airflow/example_dags/example_python_decorator.py
[2024-03-04T16:05:10.586+0000] {processor.py:830} INFO - Processing file /home/airflow/.local/lib/python3.11/site-packages/airflow/example_dags/example_python_decorator.py for tasks to queue
[2024-03-04T16:05:10.588+0000] {logging_mixin.py:188} INFO - [2024-03-04T16:05:10.588+0000] {dagbag.py:540} INFO - Filling up the DagBag from /home/airflow/.local/lib/python3.11/site-packages/airflow/example_dags/example_python_decorator.py
[2024-03-04T16:05:10.600+0000] {processor.py:840} INFO - DAG(s) 'example_python_decorator' retrieved from /home/airflow/.local/lib/python3.11/site-packages/airflow/example_dags/example_python_decorator.py
[2024-03-04T16:05:10.612+0000] {logging_mixin.py:188} INFO - [2024-03-04T16:05:10.612+0000] {dag.py:3047} INFO - Sync 1 DAGs
[2024-03-04T16:05:10.618+0000] {logging_mixin.py:188} INFO - [2024-03-04T16:05:10.618+0000] {dag.py:3834} INFO - Setting next_dagrun for example_python_decorator to None, run_after=None
[2024-03-04T16:05:10.626+0000] {processor.py:183} INFO - Processing /home/airflow/.local/lib/python3.11/site-packages/airflow/example_dags/example_python_decorator.py took 0.045 seconds
[2024-03-04T16:05:41.388+0000] {processor.py:161} INFO - Started process (PID=1517) to work on /home/airflow/.local/lib/python3.11/site-packages/airflow/example_dags/example_python_decorator.py
[2024-03-04T16:05:41.389+0000] {processor.py:830} INFO - Processing file /home/airflow/.local/lib/python3.11/site-packages/airflow/example_dags/example_python_decorator.py for tasks to queue
[2024-03-04T16:05:41.392+0000] {logging_mixin.py:188} INFO - [2024-03-04T16:05:41.392+0000] {dagbag.py:540} INFO - Filling up the DagBag from /home/airflow/.local/lib/python3.11/site-packages/airflow/example_dags/example_python_decorator.py
[2024-03-04T16:05:41.448+0000] {processor.py:840} INFO - DAG(s) 'example_python_decorator' retrieved from /home/airflow/.local/lib/python3.11/site-packages/airflow/example_dags/example_python_decorator.py
[2024-03-04T16:05:41.488+0000] {logging_mixin.py:188} INFO - [2024-03-04T16:05:41.488+0000] {dag.py:3047} INFO - Sync 1 DAGs
[2024-03-04T16:05:41.499+0000] {logging_mixin.py:188} INFO - [2024-03-04T16:05:41.499+0000] {dag.py:3834} INFO - Setting next_dagrun for example_python_decorator to None, run_after=None
[2024-03-04T16:05:41.511+0000] {processor.py:183} INFO - Processing /home/airflow/.local/lib/python3.11/site-packages/airflow/example_dags/example_python_decorator.py took 0.131 seconds
[2024-03-04T16:06:11.698+0000] {processor.py:161} INFO - Started process (PID=1572) to work on /home/airflow/.local/lib/python3.11/site-packages/airflow/example_dags/example_python_decorator.py
[2024-03-04T16:06:11.699+0000] {processor.py:830} INFO - Processing file /home/airflow/.local/lib/python3.11/site-packages/airflow/example_dags/example_python_decorator.py for tasks to queue
[2024-03-04T16:06:11.701+0000] {logging_mixin.py:188} INFO - [2024-03-04T16:06:11.701+0000] {dagbag.py:540} INFO - Filling up the DagBag from /home/airflow/.local/lib/python3.11/site-packages/airflow/example_dags/example_python_decorator.py
[2024-03-04T16:06:11.716+0000] {processor.py:840} INFO - DAG(s) 'example_python_decorator' retrieved from /home/airflow/.local/lib/python3.11/site-packages/airflow/example_dags/example_python_decorator.py
[2024-03-04T16:06:11.728+0000] {logging_mixin.py:188} INFO - [2024-03-04T16:06:11.728+0000] {dag.py:3047} INFO - Sync 1 DAGs
[2024-03-04T16:06:11.735+0000] {logging_mixin.py:188} INFO - [2024-03-04T16:06:11.734+0000] {dag.py:3834} INFO - Setting next_dagrun for example_python_decorator to None, run_after=None
[2024-03-04T16:06:11.743+0000] {processor.py:183} INFO - Processing /home/airflow/.local/lib/python3.11/site-packages/airflow/example_dags/example_python_decorator.py took 0.050 seconds
[2024-03-04T16:06:41.883+0000] {processor.py:161} INFO - Started process (PID=1627) to work on /home/airflow/.local/lib/python3.11/site-packages/airflow/example_dags/example_python_decorator.py
[2024-03-04T16:06:41.885+0000] {processor.py:830} INFO - Processing file /home/airflow/.local/lib/python3.11/site-packages/airflow/example_dags/example_python_decorator.py for tasks to queue
[2024-03-04T16:06:41.888+0000] {logging_mixin.py:188} INFO - [2024-03-04T16:06:41.887+0000] {dagbag.py:540} INFO - Filling up the DagBag from /home/airflow/.local/lib/python3.11/site-packages/airflow/example_dags/example_python_decorator.py
[2024-03-04T16:06:41.901+0000] {processor.py:840} INFO - DAG(s) 'example_python_decorator' retrieved from /home/airflow/.local/lib/python3.11/site-packages/airflow/example_dags/example_python_decorator.py
[2024-03-04T16:06:41.914+0000] {logging_mixin.py:188} INFO - [2024-03-04T16:06:41.913+0000] {dag.py:3047} INFO - Sync 1 DAGs
[2024-03-04T16:06:41.920+0000] {logging_mixin.py:188} INFO - [2024-03-04T16:06:41.919+0000] {dag.py:3834} INFO - Setting next_dagrun for example_python_decorator to None, run_after=None
[2024-03-04T16:06:41.929+0000] {processor.py:183} INFO - Processing /home/airflow/.local/lib/python3.11/site-packages/airflow/example_dags/example_python_decorator.py took 0.050 seconds
[2024-03-04T16:07:12.681+0000] {processor.py:161} INFO - Started process (PID=1682) to work on /home/airflow/.local/lib/python3.11/site-packages/airflow/example_dags/example_python_decorator.py
[2024-03-04T16:07:12.683+0000] {processor.py:830} INFO - Processing file /home/airflow/.local/lib/python3.11/site-packages/airflow/example_dags/example_python_decorator.py for tasks to queue
[2024-03-04T16:07:12.685+0000] {logging_mixin.py:188} INFO - [2024-03-04T16:07:12.685+0000] {dagbag.py:540} INFO - Filling up the DagBag from /home/airflow/.local/lib/python3.11/site-packages/airflow/example_dags/example_python_decorator.py
[2024-03-04T16:07:12.699+0000] {processor.py:840} INFO - DAG(s) 'example_python_decorator' retrieved from /home/airflow/.local/lib/python3.11/site-packages/airflow/example_dags/example_python_decorator.py
[2024-03-04T16:07:12.711+0000] {logging_mixin.py:188} INFO - [2024-03-04T16:07:12.711+0000] {dag.py:3047} INFO - Sync 1 DAGs
[2024-03-04T16:07:12.716+0000] {logging_mixin.py:188} INFO - [2024-03-04T16:07:12.716+0000] {dag.py:3834} INFO - Setting next_dagrun for example_python_decorator to None, run_after=None
[2024-03-04T16:07:12.725+0000] {processor.py:183} INFO - Processing /home/airflow/.local/lib/python3.11/site-packages/airflow/example_dags/example_python_decorator.py took 0.048 seconds
[2024-03-04T16:07:43.356+0000] {processor.py:161} INFO - Started process (PID=1737) to work on /home/airflow/.local/lib/python3.11/site-packages/airflow/example_dags/example_python_decorator.py
[2024-03-04T16:07:43.358+0000] {processor.py:830} INFO - Processing file /home/airflow/.local/lib/python3.11/site-packages/airflow/example_dags/example_python_decorator.py for tasks to queue
[2024-03-04T16:07:43.360+0000] {logging_mixin.py:188} INFO - [2024-03-04T16:07:43.360+0000] {dagbag.py:540} INFO - Filling up the DagBag from /home/airflow/.local/lib/python3.11/site-packages/airflow/example_dags/example_python_decorator.py
[2024-03-04T16:07:43.375+0000] {processor.py:840} INFO - DAG(s) 'example_python_decorator' retrieved from /home/airflow/.local/lib/python3.11/site-packages/airflow/example_dags/example_python_decorator.py
[2024-03-04T16:07:43.388+0000] {logging_mixin.py:188} INFO - [2024-03-04T16:07:43.388+0000] {dag.py:3047} INFO - Sync 1 DAGs
[2024-03-04T16:07:43.395+0000] {logging_mixin.py:188} INFO - [2024-03-04T16:07:43.395+0000] {dag.py:3834} INFO - Setting next_dagrun for example_python_decorator to None, run_after=None
[2024-03-04T16:07:43.405+0000] {processor.py:183} INFO - Processing /home/airflow/.local/lib/python3.11/site-packages/airflow/example_dags/example_python_decorator.py took 0.053 seconds
[2024-03-04T16:08:14.046+0000] {processor.py:161} INFO - Started process (PID=1792) to work on /home/airflow/.local/lib/python3.11/site-packages/airflow/example_dags/example_python_decorator.py
[2024-03-04T16:08:14.048+0000] {processor.py:830} INFO - Processing file /home/airflow/.local/lib/python3.11/site-packages/airflow/example_dags/example_python_decorator.py for tasks to queue
[2024-03-04T16:08:14.050+0000] {logging_mixin.py:188} INFO - [2024-03-04T16:08:14.050+0000] {dagbag.py:540} INFO - Filling up the DagBag from /home/airflow/.local/lib/python3.11/site-packages/airflow/example_dags/example_python_decorator.py
[2024-03-04T16:08:14.082+0000] {processor.py:840} INFO - DAG(s) 'example_python_decorator' retrieved from /home/airflow/.local/lib/python3.11/site-packages/airflow/example_dags/example_python_decorator.py
[2024-03-04T16:08:14.107+0000] {logging_mixin.py:188} INFO - [2024-03-04T16:08:14.106+0000] {dag.py:3047} INFO - Sync 1 DAGs
[2024-03-04T16:08:14.116+0000] {logging_mixin.py:188} INFO - [2024-03-04T16:08:14.116+0000] {dag.py:3834} INFO - Setting next_dagrun for example_python_decorator to None, run_after=None
[2024-03-04T16:08:14.126+0000] {processor.py:183} INFO - Processing /home/airflow/.local/lib/python3.11/site-packages/airflow/example_dags/example_python_decorator.py took 0.083 seconds
[2024-03-04T16:08:44.744+0000] {processor.py:161} INFO - Started process (PID=1853) to work on /home/airflow/.local/lib/python3.11/site-packages/airflow/example_dags/example_python_decorator.py
[2024-03-04T16:08:44.746+0000] {processor.py:830} INFO - Processing file /home/airflow/.local/lib/python3.11/site-packages/airflow/example_dags/example_python_decorator.py for tasks to queue
[2024-03-04T16:08:44.748+0000] {logging_mixin.py:188} INFO - [2024-03-04T16:08:44.748+0000] {dagbag.py:540} INFO - Filling up the DagBag from /home/airflow/.local/lib/python3.11/site-packages/airflow/example_dags/example_python_decorator.py
[2024-03-04T16:08:44.762+0000] {processor.py:840} INFO - DAG(s) 'example_python_decorator' retrieved from /home/airflow/.local/lib/python3.11/site-packages/airflow/example_dags/example_python_decorator.py
[2024-03-04T16:08:44.773+0000] {logging_mixin.py:188} INFO - [2024-03-04T16:08:44.773+0000] {dag.py:3047} INFO - Sync 1 DAGs
[2024-03-04T16:08:44.779+0000] {logging_mixin.py:188} INFO - [2024-03-04T16:08:44.778+0000] {dag.py:3834} INFO - Setting next_dagrun for example_python_decorator to None, run_after=None
[2024-03-04T16:08:44.787+0000] {processor.py:183} INFO - Processing /home/airflow/.local/lib/python3.11/site-packages/airflow/example_dags/example_python_decorator.py took 0.050 seconds
[2024-03-04T16:09:15.401+0000] {processor.py:161} INFO - Started process (PID=1908) to work on /home/airflow/.local/lib/python3.11/site-packages/airflow/example_dags/example_python_decorator.py
[2024-03-04T16:09:15.403+0000] {processor.py:830} INFO - Processing file /home/airflow/.local/lib/python3.11/site-packages/airflow/example_dags/example_python_decorator.py for tasks to queue
[2024-03-04T16:09:15.406+0000] {logging_mixin.py:188} INFO - [2024-03-04T16:09:15.405+0000] {dagbag.py:540} INFO - Filling up the DagBag from /home/airflow/.local/lib/python3.11/site-packages/airflow/example_dags/example_python_decorator.py
[2024-03-04T16:09:15.417+0000] {processor.py:840} INFO - DAG(s) 'example_python_decorator' retrieved from /home/airflow/.local/lib/python3.11/site-packages/airflow/example_dags/example_python_decorator.py
[2024-03-04T16:09:15.429+0000] {logging_mixin.py:188} INFO - [2024-03-04T16:09:15.429+0000] {dag.py:3047} INFO - Sync 1 DAGs
[2024-03-04T16:09:15.435+0000] {logging_mixin.py:188} INFO - [2024-03-04T16:09:15.435+0000] {dag.py:3834} INFO - Setting next_dagrun for example_python_decorator to None, run_after=None
[2024-03-04T16:09:15.444+0000] {processor.py:183} INFO - Processing /home/airflow/.local/lib/python3.11/site-packages/airflow/example_dags/example_python_decorator.py took 0.048 seconds
[2024-03-04T16:09:45.934+0000] {processor.py:161} INFO - Started process (PID=1963) to work on /home/airflow/.local/lib/python3.11/site-packages/airflow/example_dags/example_python_decorator.py
[2024-03-04T16:09:45.936+0000] {processor.py:830} INFO - Processing file /home/airflow/.local/lib/python3.11/site-packages/airflow/example_dags/example_python_decorator.py for tasks to queue
[2024-03-04T16:09:45.939+0000] {logging_mixin.py:188} INFO - [2024-03-04T16:09:45.938+0000] {dagbag.py:540} INFO - Filling up the DagBag from /home/airflow/.local/lib/python3.11/site-packages/airflow/example_dags/example_python_decorator.py
[2024-03-04T16:09:45.952+0000] {processor.py:840} INFO - DAG(s) 'example_python_decorator' retrieved from /home/airflow/.local/lib/python3.11/site-packages/airflow/example_dags/example_python_decorator.py
[2024-03-04T16:09:45.964+0000] {logging_mixin.py:188} INFO - [2024-03-04T16:09:45.964+0000] {dag.py:3047} INFO - Sync 1 DAGs
[2024-03-04T16:09:45.970+0000] {logging_mixin.py:188} INFO - [2024-03-04T16:09:45.970+0000] {dag.py:3834} INFO - Setting next_dagrun for example_python_decorator to None, run_after=None
[2024-03-04T16:09:45.980+0000] {processor.py:183} INFO - Processing /home/airflow/.local/lib/python3.11/site-packages/airflow/example_dags/example_python_decorator.py took 0.050 seconds
[2024-03-04T16:10:16.678+0000] {processor.py:161} INFO - Started process (PID=2018) to work on /home/airflow/.local/lib/python3.11/site-packages/airflow/example_dags/example_python_decorator.py
[2024-03-04T16:10:16.680+0000] {processor.py:830} INFO - Processing file /home/airflow/.local/lib/python3.11/site-packages/airflow/example_dags/example_python_decorator.py for tasks to queue
[2024-03-04T16:10:16.682+0000] {logging_mixin.py:188} INFO - [2024-03-04T16:10:16.682+0000] {dagbag.py:540} INFO - Filling up the DagBag from /home/airflow/.local/lib/python3.11/site-packages/airflow/example_dags/example_python_decorator.py
[2024-03-04T16:10:16.697+0000] {processor.py:840} INFO - DAG(s) 'example_python_decorator' retrieved from /home/airflow/.local/lib/python3.11/site-packages/airflow/example_dags/example_python_decorator.py
[2024-03-04T16:10:16.710+0000] {logging_mixin.py:188} INFO - [2024-03-04T16:10:16.710+0000] {dag.py:3047} INFO - Sync 1 DAGs
[2024-03-04T16:10:16.716+0000] {logging_mixin.py:188} INFO - [2024-03-04T16:10:16.715+0000] {dag.py:3834} INFO - Setting next_dagrun for example_python_decorator to None, run_after=None
[2024-03-04T16:10:16.724+0000] {processor.py:183} INFO - Processing /home/airflow/.local/lib/python3.11/site-packages/airflow/example_dags/example_python_decorator.py took 0.050 seconds
[2024-03-04T16:10:47.233+0000] {processor.py:161} INFO - Started process (PID=2073) to work on /home/airflow/.local/lib/python3.11/site-packages/airflow/example_dags/example_python_decorator.py
[2024-03-04T16:10:47.235+0000] {processor.py:830} INFO - Processing file /home/airflow/.local/lib/python3.11/site-packages/airflow/example_dags/example_python_decorator.py for tasks to queue
[2024-03-04T16:10:47.237+0000] {logging_mixin.py:188} INFO - [2024-03-04T16:10:47.237+0000] {dagbag.py:540} INFO - Filling up the DagBag from /home/airflow/.local/lib/python3.11/site-packages/airflow/example_dags/example_python_decorator.py
[2024-03-04T16:10:47.251+0000] {processor.py:840} INFO - DAG(s) 'example_python_decorator' retrieved from /home/airflow/.local/lib/python3.11/site-packages/airflow/example_dags/example_python_decorator.py
[2024-03-04T16:10:47.263+0000] {logging_mixin.py:188} INFO - [2024-03-04T16:10:47.263+0000] {dag.py:3047} INFO - Sync 1 DAGs
[2024-03-04T16:10:47.269+0000] {logging_mixin.py:188} INFO - [2024-03-04T16:10:47.268+0000] {dag.py:3834} INFO - Setting next_dagrun for example_python_decorator to None, run_after=None
[2024-03-04T16:10:47.277+0000] {processor.py:183} INFO - Processing /home/airflow/.local/lib/python3.11/site-packages/airflow/example_dags/example_python_decorator.py took 0.050 seconds
[2024-03-04T16:11:18.057+0000] {processor.py:161} INFO - Started process (PID=2128) to work on /home/airflow/.local/lib/python3.11/site-packages/airflow/example_dags/example_python_decorator.py
[2024-03-04T16:11:18.059+0000] {processor.py:830} INFO - Processing file /home/airflow/.local/lib/python3.11/site-packages/airflow/example_dags/example_python_decorator.py for tasks to queue
[2024-03-04T16:11:18.061+0000] {logging_mixin.py:188} INFO - [2024-03-04T16:11:18.061+0000] {dagbag.py:540} INFO - Filling up the DagBag from /home/airflow/.local/lib/python3.11/site-packages/airflow/example_dags/example_python_decorator.py
[2024-03-04T16:11:18.076+0000] {processor.py:840} INFO - DAG(s) 'example_python_decorator' retrieved from /home/airflow/.local/lib/python3.11/site-packages/airflow/example_dags/example_python_decorator.py
[2024-03-04T16:11:18.088+0000] {logging_mixin.py:188} INFO - [2024-03-04T16:11:18.088+0000] {dag.py:3047} INFO - Sync 1 DAGs
[2024-03-04T16:11:18.094+0000] {logging_mixin.py:188} INFO - [2024-03-04T16:11:18.094+0000] {dag.py:3834} INFO - Setting next_dagrun for example_python_decorator to None, run_after=None
[2024-03-04T16:11:18.102+0000] {processor.py:183} INFO - Processing /home/airflow/.local/lib/python3.11/site-packages/airflow/example_dags/example_python_decorator.py took 0.049 seconds
[2024-03-04T16:11:48.676+0000] {processor.py:161} INFO - Started process (PID=2183) to work on /home/airflow/.local/lib/python3.11/site-packages/airflow/example_dags/example_python_decorator.py
[2024-03-04T16:11:48.677+0000] {processor.py:830} INFO - Processing file /home/airflow/.local/lib/python3.11/site-packages/airflow/example_dags/example_python_decorator.py for tasks to queue
[2024-03-04T16:11:48.679+0000] {logging_mixin.py:188} INFO - [2024-03-04T16:11:48.679+0000] {dagbag.py:540} INFO - Filling up the DagBag from /home/airflow/.local/lib/python3.11/site-packages/airflow/example_dags/example_python_decorator.py
[2024-03-04T16:11:48.691+0000] {processor.py:840} INFO - DAG(s) 'example_python_decorator' retrieved from /home/airflow/.local/lib/python3.11/site-packages/airflow/example_dags/example_python_decorator.py
[2024-03-04T16:11:48.703+0000] {logging_mixin.py:188} INFO - [2024-03-04T16:11:48.703+0000] {dag.py:3047} INFO - Sync 1 DAGs
[2024-03-04T16:11:48.709+0000] {logging_mixin.py:188} INFO - [2024-03-04T16:11:48.709+0000] {dag.py:3834} INFO - Setting next_dagrun for example_python_decorator to None, run_after=None
[2024-03-04T16:11:48.717+0000] {processor.py:183} INFO - Processing /home/airflow/.local/lib/python3.11/site-packages/airflow/example_dags/example_python_decorator.py took 0.044 seconds
[2024-03-04T16:12:19.396+0000] {processor.py:161} INFO - Started process (PID=2238) to work on /home/airflow/.local/lib/python3.11/site-packages/airflow/example_dags/example_python_decorator.py
[2024-03-04T16:12:19.398+0000] {processor.py:830} INFO - Processing file /home/airflow/.local/lib/python3.11/site-packages/airflow/example_dags/example_python_decorator.py for tasks to queue
[2024-03-04T16:12:19.399+0000] {logging_mixin.py:188} INFO - [2024-03-04T16:12:19.399+0000] {dagbag.py:540} INFO - Filling up the DagBag from /home/airflow/.local/lib/python3.11/site-packages/airflow/example_dags/example_python_decorator.py
[2024-03-04T16:12:19.412+0000] {processor.py:840} INFO - DAG(s) 'example_python_decorator' retrieved from /home/airflow/.local/lib/python3.11/site-packages/airflow/example_dags/example_python_decorator.py
[2024-03-04T16:12:19.425+0000] {logging_mixin.py:188} INFO - [2024-03-04T16:12:19.425+0000] {dag.py:3047} INFO - Sync 1 DAGs
[2024-03-04T16:12:19.430+0000] {logging_mixin.py:188} INFO - [2024-03-04T16:12:19.430+0000] {dag.py:3834} INFO - Setting next_dagrun for example_python_decorator to None, run_after=None
[2024-03-04T16:12:19.438+0000] {processor.py:183} INFO - Processing /home/airflow/.local/lib/python3.11/site-packages/airflow/example_dags/example_python_decorator.py took 0.047 seconds
[2024-03-04T16:12:50.072+0000] {processor.py:161} INFO - Started process (PID=2293) to work on /home/airflow/.local/lib/python3.11/site-packages/airflow/example_dags/example_python_decorator.py
[2024-03-04T16:12:50.074+0000] {processor.py:830} INFO - Processing file /home/airflow/.local/lib/python3.11/site-packages/airflow/example_dags/example_python_decorator.py for tasks to queue
[2024-03-04T16:12:50.076+0000] {logging_mixin.py:188} INFO - [2024-03-04T16:12:50.076+0000] {dagbag.py:540} INFO - Filling up the DagBag from /home/airflow/.local/lib/python3.11/site-packages/airflow/example_dags/example_python_decorator.py
[2024-03-04T16:12:50.089+0000] {processor.py:840} INFO - DAG(s) 'example_python_decorator' retrieved from /home/airflow/.local/lib/python3.11/site-packages/airflow/example_dags/example_python_decorator.py
[2024-03-04T16:12:50.101+0000] {logging_mixin.py:188} INFO - [2024-03-04T16:12:50.101+0000] {dag.py:3047} INFO - Sync 1 DAGs
[2024-03-04T16:12:50.110+0000] {logging_mixin.py:188} INFO - [2024-03-04T16:12:50.110+0000] {dag.py:3834} INFO - Setting next_dagrun for example_python_decorator to None, run_after=None
[2024-03-04T16:12:50.118+0000] {processor.py:183} INFO - Processing /home/airflow/.local/lib/python3.11/site-packages/airflow/example_dags/example_python_decorator.py took 0.051 seconds
[2024-03-04T16:13:20.660+0000] {processor.py:161} INFO - Started process (PID=2348) to work on /home/airflow/.local/lib/python3.11/site-packages/airflow/example_dags/example_python_decorator.py
[2024-03-04T16:13:20.663+0000] {processor.py:830} INFO - Processing file /home/airflow/.local/lib/python3.11/site-packages/airflow/example_dags/example_python_decorator.py for tasks to queue
[2024-03-04T16:13:20.664+0000] {logging_mixin.py:188} INFO - [2024-03-04T16:13:20.664+0000] {dagbag.py:540} INFO - Filling up the DagBag from /home/airflow/.local/lib/python3.11/site-packages/airflow/example_dags/example_python_decorator.py
[2024-03-04T16:13:20.678+0000] {processor.py:840} INFO - DAG(s) 'example_python_decorator' retrieved from /home/airflow/.local/lib/python3.11/site-packages/airflow/example_dags/example_python_decorator.py
[2024-03-04T16:13:20.690+0000] {logging_mixin.py:188} INFO - [2024-03-04T16:13:20.689+0000] {dag.py:3047} INFO - Sync 1 DAGs
[2024-03-04T16:13:20.696+0000] {logging_mixin.py:188} INFO - [2024-03-04T16:13:20.696+0000] {dag.py:3834} INFO - Setting next_dagrun for example_python_decorator to None, run_after=None
[2024-03-04T16:13:20.704+0000] {processor.py:183} INFO - Processing /home/airflow/.local/lib/python3.11/site-packages/airflow/example_dags/example_python_decorator.py took 0.049 seconds
[2024-03-04T16:13:51.366+0000] {processor.py:161} INFO - Started process (PID=2403) to work on /home/airflow/.local/lib/python3.11/site-packages/airflow/example_dags/example_python_decorator.py
[2024-03-04T16:13:51.369+0000] {processor.py:830} INFO - Processing file /home/airflow/.local/lib/python3.11/site-packages/airflow/example_dags/example_python_decorator.py for tasks to queue
[2024-03-04T16:13:51.371+0000] {logging_mixin.py:188} INFO - [2024-03-04T16:13:51.371+0000] {dagbag.py:540} INFO - Filling up the DagBag from /home/airflow/.local/lib/python3.11/site-packages/airflow/example_dags/example_python_decorator.py
[2024-03-04T16:13:51.386+0000] {processor.py:840} INFO - DAG(s) 'example_python_decorator' retrieved from /home/airflow/.local/lib/python3.11/site-packages/airflow/example_dags/example_python_decorator.py
[2024-03-04T16:13:51.399+0000] {logging_mixin.py:188} INFO - [2024-03-04T16:13:51.399+0000] {dag.py:3047} INFO - Sync 1 DAGs
[2024-03-04T16:13:51.406+0000] {logging_mixin.py:188} INFO - [2024-03-04T16:13:51.406+0000] {dag.py:3834} INFO - Setting next_dagrun for example_python_decorator to None, run_after=None
[2024-03-04T16:13:51.414+0000] {processor.py:183} INFO - Processing /home/airflow/.local/lib/python3.11/site-packages/airflow/example_dags/example_python_decorator.py took 0.053 seconds
[2024-03-04T16:14:22.109+0000] {processor.py:161} INFO - Started process (PID=2458) to work on /home/airflow/.local/lib/python3.11/site-packages/airflow/example_dags/example_python_decorator.py
[2024-03-04T16:14:22.111+0000] {processor.py:830} INFO - Processing file /home/airflow/.local/lib/python3.11/site-packages/airflow/example_dags/example_python_decorator.py for tasks to queue
[2024-03-04T16:14:22.113+0000] {logging_mixin.py:188} INFO - [2024-03-04T16:14:22.112+0000] {dagbag.py:540} INFO - Filling up the DagBag from /home/airflow/.local/lib/python3.11/site-packages/airflow/example_dags/example_python_decorator.py
[2024-03-04T16:14:22.126+0000] {processor.py:840} INFO - DAG(s) 'example_python_decorator' retrieved from /home/airflow/.local/lib/python3.11/site-packages/airflow/example_dags/example_python_decorator.py
[2024-03-04T16:14:22.139+0000] {logging_mixin.py:188} INFO - [2024-03-04T16:14:22.138+0000] {dag.py:3047} INFO - Sync 1 DAGs
[2024-03-04T16:14:22.144+0000] {logging_mixin.py:188} INFO - [2024-03-04T16:14:22.144+0000] {dag.py:3834} INFO - Setting next_dagrun for example_python_decorator to None, run_after=None
[2024-03-04T16:14:22.153+0000] {processor.py:183} INFO - Processing /home/airflow/.local/lib/python3.11/site-packages/airflow/example_dags/example_python_decorator.py took 0.048 seconds
[2024-03-04T16:14:52.933+0000] {processor.py:161} INFO - Started process (PID=2513) to work on /home/airflow/.local/lib/python3.11/site-packages/airflow/example_dags/example_python_decorator.py
[2024-03-04T16:14:52.934+0000] {processor.py:830} INFO - Processing file /home/airflow/.local/lib/python3.11/site-packages/airflow/example_dags/example_python_decorator.py for tasks to queue
[2024-03-04T16:14:52.937+0000] {logging_mixin.py:188} INFO - [2024-03-04T16:14:52.936+0000] {dagbag.py:540} INFO - Filling up the DagBag from /home/airflow/.local/lib/python3.11/site-packages/airflow/example_dags/example_python_decorator.py
[2024-03-04T16:14:52.957+0000] {processor.py:840} INFO - DAG(s) 'example_python_decorator' retrieved from /home/airflow/.local/lib/python3.11/site-packages/airflow/example_dags/example_python_decorator.py
[2024-03-04T16:14:52.971+0000] {logging_mixin.py:188} INFO - [2024-03-04T16:14:52.971+0000] {dag.py:3047} INFO - Sync 1 DAGs
[2024-03-04T16:14:52.978+0000] {logging_mixin.py:188} INFO - [2024-03-04T16:14:52.978+0000] {dag.py:3834} INFO - Setting next_dagrun for example_python_decorator to None, run_after=None
[2024-03-04T16:14:52.988+0000] {processor.py:183} INFO - Processing /home/airflow/.local/lib/python3.11/site-packages/airflow/example_dags/example_python_decorator.py took 0.060 seconds
[2024-03-04T16:15:23.283+0000] {processor.py:161} INFO - Started process (PID=2568) to work on /home/airflow/.local/lib/python3.11/site-packages/airflow/example_dags/example_python_decorator.py
[2024-03-04T16:15:23.285+0000] {processor.py:830} INFO - Processing file /home/airflow/.local/lib/python3.11/site-packages/airflow/example_dags/example_python_decorator.py for tasks to queue
[2024-03-04T16:15:23.287+0000] {logging_mixin.py:188} INFO - [2024-03-04T16:15:23.287+0000] {dagbag.py:540} INFO - Filling up the DagBag from /home/airflow/.local/lib/python3.11/site-packages/airflow/example_dags/example_python_decorator.py
[2024-03-04T16:15:23.309+0000] {processor.py:840} INFO - DAG(s) 'example_python_decorator' retrieved from /home/airflow/.local/lib/python3.11/site-packages/airflow/example_dags/example_python_decorator.py
[2024-03-04T16:15:23.321+0000] {logging_mixin.py:188} INFO - [2024-03-04T16:15:23.321+0000] {dag.py:3047} INFO - Sync 1 DAGs
[2024-03-04T16:15:23.327+0000] {logging_mixin.py:188} INFO - [2024-03-04T16:15:23.327+0000] {dag.py:3834} INFO - Setting next_dagrun for example_python_decorator to None, run_after=None
[2024-03-04T16:15:23.335+0000] {processor.py:183} INFO - Processing /home/airflow/.local/lib/python3.11/site-packages/airflow/example_dags/example_python_decorator.py took 0.056 seconds
[2024-03-04T16:15:54.153+0000] {processor.py:161} INFO - Started process (PID=2623) to work on /home/airflow/.local/lib/python3.11/site-packages/airflow/example_dags/example_python_decorator.py
[2024-03-04T16:15:54.155+0000] {processor.py:830} INFO - Processing file /home/airflow/.local/lib/python3.11/site-packages/airflow/example_dags/example_python_decorator.py for tasks to queue
[2024-03-04T16:15:54.157+0000] {logging_mixin.py:188} INFO - [2024-03-04T16:15:54.157+0000] {dagbag.py:540} INFO - Filling up the DagBag from /home/airflow/.local/lib/python3.11/site-packages/airflow/example_dags/example_python_decorator.py
[2024-03-04T16:15:54.171+0000] {processor.py:840} INFO - DAG(s) 'example_python_decorator' retrieved from /home/airflow/.local/lib/python3.11/site-packages/airflow/example_dags/example_python_decorator.py
[2024-03-04T16:15:54.183+0000] {logging_mixin.py:188} INFO - [2024-03-04T16:15:54.183+0000] {dag.py:3047} INFO - Sync 1 DAGs
[2024-03-04T16:15:54.189+0000] {logging_mixin.py:188} INFO - [2024-03-04T16:15:54.189+0000] {dag.py:3834} INFO - Setting next_dagrun for example_python_decorator to None, run_after=None
[2024-03-04T16:15:54.198+0000] {processor.py:183} INFO - Processing /home/airflow/.local/lib/python3.11/site-packages/airflow/example_dags/example_python_decorator.py took 0.049 seconds
[2024-03-04T16:16:25.008+0000] {processor.py:161} INFO - Started process (PID=2678) to work on /home/airflow/.local/lib/python3.11/site-packages/airflow/example_dags/example_python_decorator.py
[2024-03-04T16:16:25.010+0000] {processor.py:830} INFO - Processing file /home/airflow/.local/lib/python3.11/site-packages/airflow/example_dags/example_python_decorator.py for tasks to queue
[2024-03-04T16:16:25.011+0000] {logging_mixin.py:188} INFO - [2024-03-04T16:16:25.011+0000] {dagbag.py:540} INFO - Filling up the DagBag from /home/airflow/.local/lib/python3.11/site-packages/airflow/example_dags/example_python_decorator.py
[2024-03-04T16:16:25.026+0000] {processor.py:840} INFO - DAG(s) 'example_python_decorator' retrieved from /home/airflow/.local/lib/python3.11/site-packages/airflow/example_dags/example_python_decorator.py
[2024-03-04T16:16:25.038+0000] {logging_mixin.py:188} INFO - [2024-03-04T16:16:25.038+0000] {dag.py:3047} INFO - Sync 1 DAGs
[2024-03-04T16:16:25.043+0000] {logging_mixin.py:188} INFO - [2024-03-04T16:16:25.043+0000] {dag.py:3834} INFO - Setting next_dagrun for example_python_decorator to None, run_after=None
[2024-03-04T16:16:25.052+0000] {processor.py:183} INFO - Processing /home/airflow/.local/lib/python3.11/site-packages/airflow/example_dags/example_python_decorator.py took 0.048 seconds
[2024-03-04T16:16:55.546+0000] {processor.py:161} INFO - Started process (PID=2733) to work on /home/airflow/.local/lib/python3.11/site-packages/airflow/example_dags/example_python_decorator.py
[2024-03-04T16:16:55.548+0000] {processor.py:830} INFO - Processing file /home/airflow/.local/lib/python3.11/site-packages/airflow/example_dags/example_python_decorator.py for tasks to queue
[2024-03-04T16:16:55.550+0000] {logging_mixin.py:188} INFO - [2024-03-04T16:16:55.550+0000] {dagbag.py:540} INFO - Filling up the DagBag from /home/airflow/.local/lib/python3.11/site-packages/airflow/example_dags/example_python_decorator.py
[2024-03-04T16:16:55.564+0000] {processor.py:840} INFO - DAG(s) 'example_python_decorator' retrieved from /home/airflow/.local/lib/python3.11/site-packages/airflow/example_dags/example_python_decorator.py
[2024-03-04T16:16:55.577+0000] {logging_mixin.py:188} INFO - [2024-03-04T16:16:55.577+0000] {dag.py:3047} INFO - Sync 1 DAGs
[2024-03-04T16:16:55.585+0000] {logging_mixin.py:188} INFO - [2024-03-04T16:16:55.585+0000] {dag.py:3834} INFO - Setting next_dagrun for example_python_decorator to None, run_after=None
[2024-03-04T16:16:55.594+0000] {processor.py:183} INFO - Processing /home/airflow/.local/lib/python3.11/site-packages/airflow/example_dags/example_python_decorator.py took 0.055 seconds
[2024-03-04T16:17:26.313+0000] {processor.py:161} INFO - Started process (PID=2788) to work on /home/airflow/.local/lib/python3.11/site-packages/airflow/example_dags/example_python_decorator.py
[2024-03-04T16:17:26.315+0000] {processor.py:830} INFO - Processing file /home/airflow/.local/lib/python3.11/site-packages/airflow/example_dags/example_python_decorator.py for tasks to queue
[2024-03-04T16:17:26.317+0000] {logging_mixin.py:188} INFO - [2024-03-04T16:17:26.317+0000] {dagbag.py:540} INFO - Filling up the DagBag from /home/airflow/.local/lib/python3.11/site-packages/airflow/example_dags/example_python_decorator.py
[2024-03-04T16:17:26.332+0000] {processor.py:840} INFO - DAG(s) 'example_python_decorator' retrieved from /home/airflow/.local/lib/python3.11/site-packages/airflow/example_dags/example_python_decorator.py
[2024-03-04T16:17:26.345+0000] {logging_mixin.py:188} INFO - [2024-03-04T16:17:26.345+0000] {dag.py:3047} INFO - Sync 1 DAGs
[2024-03-04T16:17:26.367+0000] {logging_mixin.py:188} INFO - [2024-03-04T16:17:26.367+0000] {dag.py:3834} INFO - Setting next_dagrun for example_python_decorator to None, run_after=None
[2024-03-04T16:17:26.379+0000] {processor.py:183} INFO - Processing /home/airflow/.local/lib/python3.11/site-packages/airflow/example_dags/example_python_decorator.py took 0.073 seconds
[2024-03-04T16:17:56.648+0000] {processor.py:161} INFO - Started process (PID=2843) to work on /home/airflow/.local/lib/python3.11/site-packages/airflow/example_dags/example_python_decorator.py
[2024-03-04T16:17:56.650+0000] {processor.py:830} INFO - Processing file /home/airflow/.local/lib/python3.11/site-packages/airflow/example_dags/example_python_decorator.py for tasks to queue
[2024-03-04T16:17:56.652+0000] {logging_mixin.py:188} INFO - [2024-03-04T16:17:56.652+0000] {dagbag.py:540} INFO - Filling up the DagBag from /home/airflow/.local/lib/python3.11/site-packages/airflow/example_dags/example_python_decorator.py
[2024-03-04T16:17:56.668+0000] {processor.py:840} INFO - DAG(s) 'example_python_decorator' retrieved from /home/airflow/.local/lib/python3.11/site-packages/airflow/example_dags/example_python_decorator.py
[2024-03-04T16:17:56.681+0000] {logging_mixin.py:188} INFO - [2024-03-04T16:17:56.681+0000] {dag.py:3047} INFO - Sync 1 DAGs
[2024-03-04T16:17:56.687+0000] {logging_mixin.py:188} INFO - [2024-03-04T16:17:56.687+0000] {dag.py:3834} INFO - Setting next_dagrun for example_python_decorator to None, run_after=None
[2024-03-04T16:17:56.696+0000] {processor.py:183} INFO - Processing /home/airflow/.local/lib/python3.11/site-packages/airflow/example_dags/example_python_decorator.py took 0.051 seconds
[2024-03-04T16:18:26.983+0000] {processor.py:161} INFO - Started process (PID=2898) to work on /home/airflow/.local/lib/python3.11/site-packages/airflow/example_dags/example_python_decorator.py
[2024-03-04T16:18:26.984+0000] {processor.py:830} INFO - Processing file /home/airflow/.local/lib/python3.11/site-packages/airflow/example_dags/example_python_decorator.py for tasks to queue
[2024-03-04T16:18:26.985+0000] {logging_mixin.py:188} INFO - [2024-03-04T16:18:26.985+0000] {dagbag.py:540} INFO - Filling up the DagBag from /home/airflow/.local/lib/python3.11/site-packages/airflow/example_dags/example_python_decorator.py
[2024-03-04T16:18:26.999+0000] {processor.py:840} INFO - DAG(s) 'example_python_decorator' retrieved from /home/airflow/.local/lib/python3.11/site-packages/airflow/example_dags/example_python_decorator.py
[2024-03-04T16:18:27.023+0000] {logging_mixin.py:188} INFO - [2024-03-04T16:18:27.022+0000] {dag.py:3047} INFO - Sync 1 DAGs
[2024-03-04T16:18:27.029+0000] {logging_mixin.py:188} INFO - [2024-03-04T16:18:27.029+0000] {dag.py:3834} INFO - Setting next_dagrun for example_python_decorator to None, run_after=None
[2024-03-04T16:18:27.039+0000] {processor.py:183} INFO - Processing /home/airflow/.local/lib/python3.11/site-packages/airflow/example_dags/example_python_decorator.py took 0.060 seconds
[2024-03-04T16:18:57.210+0000] {processor.py:161} INFO - Started process (PID=2953) to work on /home/airflow/.local/lib/python3.11/site-packages/airflow/example_dags/example_python_decorator.py
[2024-03-04T16:18:57.212+0000] {processor.py:830} INFO - Processing file /home/airflow/.local/lib/python3.11/site-packages/airflow/example_dags/example_python_decorator.py for tasks to queue
[2024-03-04T16:18:57.214+0000] {logging_mixin.py:188} INFO - [2024-03-04T16:18:57.214+0000] {dagbag.py:540} INFO - Filling up the DagBag from /home/airflow/.local/lib/python3.11/site-packages/airflow/example_dags/example_python_decorator.py
[2024-03-04T16:18:57.227+0000] {processor.py:840} INFO - DAG(s) 'example_python_decorator' retrieved from /home/airflow/.local/lib/python3.11/site-packages/airflow/example_dags/example_python_decorator.py
[2024-03-04T16:18:57.239+0000] {logging_mixin.py:188} INFO - [2024-03-04T16:18:57.239+0000] {dag.py:3047} INFO - Sync 1 DAGs
[2024-03-04T16:18:57.245+0000] {logging_mixin.py:188} INFO - [2024-03-04T16:18:57.245+0000] {dag.py:3834} INFO - Setting next_dagrun for example_python_decorator to None, run_after=None
[2024-03-04T16:18:57.254+0000] {processor.py:183} INFO - Processing /home/airflow/.local/lib/python3.11/site-packages/airflow/example_dags/example_python_decorator.py took 0.048 seconds
[2024-03-04T16:19:27.412+0000] {processor.py:161} INFO - Started process (PID=3008) to work on /home/airflow/.local/lib/python3.11/site-packages/airflow/example_dags/example_python_decorator.py
[2024-03-04T16:19:27.415+0000] {processor.py:830} INFO - Processing file /home/airflow/.local/lib/python3.11/site-packages/airflow/example_dags/example_python_decorator.py for tasks to queue
[2024-03-04T16:19:27.417+0000] {logging_mixin.py:188} INFO - [2024-03-04T16:19:27.417+0000] {dagbag.py:540} INFO - Filling up the DagBag from /home/airflow/.local/lib/python3.11/site-packages/airflow/example_dags/example_python_decorator.py
[2024-03-04T16:19:27.432+0000] {processor.py:840} INFO - DAG(s) 'example_python_decorator' retrieved from /home/airflow/.local/lib/python3.11/site-packages/airflow/example_dags/example_python_decorator.py
[2024-03-04T16:19:27.444+0000] {logging_mixin.py:188} INFO - [2024-03-04T16:19:27.444+0000] {dag.py:3047} INFO - Sync 1 DAGs
[2024-03-04T16:19:27.450+0000] {logging_mixin.py:188} INFO - [2024-03-04T16:19:27.450+0000] {dag.py:3834} INFO - Setting next_dagrun for example_python_decorator to None, run_after=None
[2024-03-04T16:19:27.460+0000] {processor.py:183} INFO - Processing /home/airflow/.local/lib/python3.11/site-packages/airflow/example_dags/example_python_decorator.py took 0.051 seconds
[2024-03-04T16:19:58.044+0000] {processor.py:161} INFO - Started process (PID=3063) to work on /home/airflow/.local/lib/python3.11/site-packages/airflow/example_dags/example_python_decorator.py
[2024-03-04T16:19:58.046+0000] {processor.py:830} INFO - Processing file /home/airflow/.local/lib/python3.11/site-packages/airflow/example_dags/example_python_decorator.py for tasks to queue
[2024-03-04T16:19:58.050+0000] {logging_mixin.py:188} INFO - [2024-03-04T16:19:58.049+0000] {dagbag.py:540} INFO - Filling up the DagBag from /home/airflow/.local/lib/python3.11/site-packages/airflow/example_dags/example_python_decorator.py
[2024-03-04T16:19:58.078+0000] {processor.py:840} INFO - DAG(s) 'example_python_decorator' retrieved from /home/airflow/.local/lib/python3.11/site-packages/airflow/example_dags/example_python_decorator.py
[2024-03-04T16:19:58.113+0000] {logging_mixin.py:188} INFO - [2024-03-04T16:19:58.112+0000] {dag.py:3047} INFO - Sync 1 DAGs
[2024-03-04T16:19:58.122+0000] {logging_mixin.py:188} INFO - [2024-03-04T16:19:58.121+0000] {dag.py:3834} INFO - Setting next_dagrun for example_python_decorator to None, run_after=None
[2024-03-04T16:19:58.137+0000] {processor.py:183} INFO - Processing /home/airflow/.local/lib/python3.11/site-packages/airflow/example_dags/example_python_decorator.py took 0.106 seconds
[2024-03-04T16:20:28.255+0000] {processor.py:161} INFO - Started process (PID=3118) to work on /home/airflow/.local/lib/python3.11/site-packages/airflow/example_dags/example_python_decorator.py
[2024-03-04T16:20:28.256+0000] {processor.py:830} INFO - Processing file /home/airflow/.local/lib/python3.11/site-packages/airflow/example_dags/example_python_decorator.py for tasks to queue
[2024-03-04T16:20:28.258+0000] {logging_mixin.py:188} INFO - [2024-03-04T16:20:28.258+0000] {dagbag.py:540} INFO - Filling up the DagBag from /home/airflow/.local/lib/python3.11/site-packages/airflow/example_dags/example_python_decorator.py
[2024-03-04T16:20:28.272+0000] {processor.py:840} INFO - DAG(s) 'example_python_decorator' retrieved from /home/airflow/.local/lib/python3.11/site-packages/airflow/example_dags/example_python_decorator.py
[2024-03-04T16:20:28.284+0000] {logging_mixin.py:188} INFO - [2024-03-04T16:20:28.284+0000] {dag.py:3047} INFO - Sync 1 DAGs
[2024-03-04T16:20:28.289+0000] {logging_mixin.py:188} INFO - [2024-03-04T16:20:28.289+0000] {dag.py:3834} INFO - Setting next_dagrun for example_python_decorator to None, run_after=None
[2024-03-04T16:20:28.297+0000] {processor.py:183} INFO - Processing /home/airflow/.local/lib/python3.11/site-packages/airflow/example_dags/example_python_decorator.py took 0.044 seconds
[2024-03-04T16:20:58.427+0000] {processor.py:161} INFO - Started process (PID=3173) to work on /home/airflow/.local/lib/python3.11/site-packages/airflow/example_dags/example_python_decorator.py
[2024-03-04T16:20:58.428+0000] {processor.py:830} INFO - Processing file /home/airflow/.local/lib/python3.11/site-packages/airflow/example_dags/example_python_decorator.py for tasks to queue
[2024-03-04T16:20:58.430+0000] {logging_mixin.py:188} INFO - [2024-03-04T16:20:58.429+0000] {dagbag.py:540} INFO - Filling up the DagBag from /home/airflow/.local/lib/python3.11/site-packages/airflow/example_dags/example_python_decorator.py
[2024-03-04T16:20:58.460+0000] {processor.py:840} INFO - DAG(s) 'example_python_decorator' retrieved from /home/airflow/.local/lib/python3.11/site-packages/airflow/example_dags/example_python_decorator.py
[2024-03-04T16:20:58.474+0000] {logging_mixin.py:188} INFO - [2024-03-04T16:20:58.474+0000] {dag.py:3047} INFO - Sync 1 DAGs
[2024-03-04T16:20:58.481+0000] {logging_mixin.py:188} INFO - [2024-03-04T16:20:58.481+0000] {dag.py:3834} INFO - Setting next_dagrun for example_python_decorator to None, run_after=None
[2024-03-04T16:20:58.491+0000] {processor.py:183} INFO - Processing /home/airflow/.local/lib/python3.11/site-packages/airflow/example_dags/example_python_decorator.py took 0.067 seconds
[2024-03-04T16:21:28.601+0000] {processor.py:161} INFO - Started process (PID=3228) to work on /home/airflow/.local/lib/python3.11/site-packages/airflow/example_dags/example_python_decorator.py
[2024-03-04T16:21:28.602+0000] {processor.py:830} INFO - Processing file /home/airflow/.local/lib/python3.11/site-packages/airflow/example_dags/example_python_decorator.py for tasks to queue
[2024-03-04T16:21:28.604+0000] {logging_mixin.py:188} INFO - [2024-03-04T16:21:28.604+0000] {dagbag.py:540} INFO - Filling up the DagBag from /home/airflow/.local/lib/python3.11/site-packages/airflow/example_dags/example_python_decorator.py
[2024-03-04T16:21:28.615+0000] {processor.py:840} INFO - DAG(s) 'example_python_decorator' retrieved from /home/airflow/.local/lib/python3.11/site-packages/airflow/example_dags/example_python_decorator.py
[2024-03-04T16:21:28.640+0000] {logging_mixin.py:188} INFO - [2024-03-04T16:21:28.640+0000] {dag.py:3047} INFO - Sync 1 DAGs
[2024-03-04T16:21:28.653+0000] {logging_mixin.py:188} INFO - [2024-03-04T16:21:28.652+0000] {dag.py:3834} INFO - Setting next_dagrun for example_python_decorator to None, run_after=None
[2024-03-04T16:21:28.664+0000] {processor.py:183} INFO - Processing /home/airflow/.local/lib/python3.11/site-packages/airflow/example_dags/example_python_decorator.py took 0.065 seconds
[2024-03-04T16:21:59.114+0000] {processor.py:161} INFO - Started process (PID=3283) to work on /home/airflow/.local/lib/python3.11/site-packages/airflow/example_dags/example_python_decorator.py
[2024-03-04T16:21:59.114+0000] {processor.py:830} INFO - Processing file /home/airflow/.local/lib/python3.11/site-packages/airflow/example_dags/example_python_decorator.py for tasks to queue
[2024-03-04T16:21:59.116+0000] {logging_mixin.py:188} INFO - [2024-03-04T16:21:59.115+0000] {dagbag.py:540} INFO - Filling up the DagBag from /home/airflow/.local/lib/python3.11/site-packages/airflow/example_dags/example_python_decorator.py
[2024-03-04T16:21:59.128+0000] {processor.py:840} INFO - DAG(s) 'example_python_decorator' retrieved from /home/airflow/.local/lib/python3.11/site-packages/airflow/example_dags/example_python_decorator.py
[2024-03-04T16:21:59.140+0000] {logging_mixin.py:188} INFO - [2024-03-04T16:21:59.140+0000] {dag.py:3047} INFO - Sync 1 DAGs
[2024-03-04T16:21:59.146+0000] {logging_mixin.py:188} INFO - [2024-03-04T16:21:59.146+0000] {dag.py:3834} INFO - Setting next_dagrun for example_python_decorator to None, run_after=None
[2024-03-04T16:21:59.154+0000] {processor.py:183} INFO - Processing /home/airflow/.local/lib/python3.11/site-packages/airflow/example_dags/example_python_decorator.py took 0.043 seconds
[2024-03-04T16:22:29.309+0000] {processor.py:161} INFO - Started process (PID=3338) to work on /home/airflow/.local/lib/python3.11/site-packages/airflow/example_dags/example_python_decorator.py
[2024-03-04T16:22:29.310+0000] {processor.py:830} INFO - Processing file /home/airflow/.local/lib/python3.11/site-packages/airflow/example_dags/example_python_decorator.py for tasks to queue
[2024-03-04T16:22:29.312+0000] {logging_mixin.py:188} INFO - [2024-03-04T16:22:29.311+0000] {dagbag.py:540} INFO - Filling up the DagBag from /home/airflow/.local/lib/python3.11/site-packages/airflow/example_dags/example_python_decorator.py
[2024-03-04T16:22:29.326+0000] {processor.py:840} INFO - DAG(s) 'example_python_decorator' retrieved from /home/airflow/.local/lib/python3.11/site-packages/airflow/example_dags/example_python_decorator.py
[2024-03-04T16:22:29.340+0000] {logging_mixin.py:188} INFO - [2024-03-04T16:22:29.340+0000] {dag.py:3047} INFO - Sync 1 DAGs
[2024-03-04T16:22:29.347+0000] {logging_mixin.py:188} INFO - [2024-03-04T16:22:29.347+0000] {dag.py:3834} INFO - Setting next_dagrun for example_python_decorator to None, run_after=None
[2024-03-04T16:22:29.356+0000] {processor.py:183} INFO - Processing /home/airflow/.local/lib/python3.11/site-packages/airflow/example_dags/example_python_decorator.py took 0.048 seconds
[2024-03-04T16:22:59.565+0000] {processor.py:161} INFO - Started process (PID=3393) to work on /home/airflow/.local/lib/python3.11/site-packages/airflow/example_dags/example_python_decorator.py
[2024-03-04T16:22:59.566+0000] {processor.py:830} INFO - Processing file /home/airflow/.local/lib/python3.11/site-packages/airflow/example_dags/example_python_decorator.py for tasks to queue
[2024-03-04T16:22:59.567+0000] {logging_mixin.py:188} INFO - [2024-03-04T16:22:59.567+0000] {dagbag.py:540} INFO - Filling up the DagBag from /home/airflow/.local/lib/python3.11/site-packages/airflow/example_dags/example_python_decorator.py
[2024-03-04T16:22:59.579+0000] {processor.py:840} INFO - DAG(s) 'example_python_decorator' retrieved from /home/airflow/.local/lib/python3.11/site-packages/airflow/example_dags/example_python_decorator.py
[2024-03-04T16:22:59.591+0000] {logging_mixin.py:188} INFO - [2024-03-04T16:22:59.591+0000] {dag.py:3047} INFO - Sync 1 DAGs
[2024-03-04T16:22:59.597+0000] {logging_mixin.py:188} INFO - [2024-03-04T16:22:59.597+0000] {dag.py:3834} INFO - Setting next_dagrun for example_python_decorator to None, run_after=None
[2024-03-04T16:22:59.606+0000] {processor.py:183} INFO - Processing /home/airflow/.local/lib/python3.11/site-packages/airflow/example_dags/example_python_decorator.py took 0.044 seconds
[2024-03-04T16:23:29.773+0000] {processor.py:161} INFO - Started process (PID=3447) to work on /home/airflow/.local/lib/python3.11/site-packages/airflow/example_dags/example_python_decorator.py
[2024-03-04T16:23:29.774+0000] {processor.py:830} INFO - Processing file /home/airflow/.local/lib/python3.11/site-packages/airflow/example_dags/example_python_decorator.py for tasks to queue
[2024-03-04T16:23:29.775+0000] {logging_mixin.py:188} INFO - [2024-03-04T16:23:29.775+0000] {dagbag.py:540} INFO - Filling up the DagBag from /home/airflow/.local/lib/python3.11/site-packages/airflow/example_dags/example_python_decorator.py
[2024-03-04T16:23:29.787+0000] {processor.py:840} INFO - DAG(s) 'example_python_decorator' retrieved from /home/airflow/.local/lib/python3.11/site-packages/airflow/example_dags/example_python_decorator.py
[2024-03-04T16:23:29.799+0000] {logging_mixin.py:188} INFO - [2024-03-04T16:23:29.799+0000] {dag.py:3047} INFO - Sync 1 DAGs
[2024-03-04T16:23:29.805+0000] {logging_mixin.py:188} INFO - [2024-03-04T16:23:29.805+0000] {dag.py:3834} INFO - Setting next_dagrun for example_python_decorator to None, run_after=None
[2024-03-04T16:23:29.815+0000] {processor.py:183} INFO - Processing /home/airflow/.local/lib/python3.11/site-packages/airflow/example_dags/example_python_decorator.py took 0.045 seconds
[2024-03-04T16:24:00.234+0000] {processor.py:161} INFO - Started process (PID=3502) to work on /home/airflow/.local/lib/python3.11/site-packages/airflow/example_dags/example_python_decorator.py
[2024-03-04T16:24:00.235+0000] {processor.py:830} INFO - Processing file /home/airflow/.local/lib/python3.11/site-packages/airflow/example_dags/example_python_decorator.py for tasks to queue
[2024-03-04T16:24:00.236+0000] {logging_mixin.py:188} INFO - [2024-03-04T16:24:00.236+0000] {dagbag.py:540} INFO - Filling up the DagBag from /home/airflow/.local/lib/python3.11/site-packages/airflow/example_dags/example_python_decorator.py
[2024-03-04T16:24:00.251+0000] {processor.py:840} INFO - DAG(s) 'example_python_decorator' retrieved from /home/airflow/.local/lib/python3.11/site-packages/airflow/example_dags/example_python_decorator.py
[2024-03-04T16:24:00.263+0000] {logging_mixin.py:188} INFO - [2024-03-04T16:24:00.263+0000] {dag.py:3047} INFO - Sync 1 DAGs
[2024-03-04T16:24:00.269+0000] {logging_mixin.py:188} INFO - [2024-03-04T16:24:00.269+0000] {dag.py:3834} INFO - Setting next_dagrun for example_python_decorator to None, run_after=None
[2024-03-04T16:24:00.281+0000] {processor.py:183} INFO - Processing /home/airflow/.local/lib/python3.11/site-packages/airflow/example_dags/example_python_decorator.py took 0.050 seconds
[2024-03-04T16:24:30.462+0000] {processor.py:161} INFO - Started process (PID=3557) to work on /home/airflow/.local/lib/python3.11/site-packages/airflow/example_dags/example_python_decorator.py
[2024-03-04T16:24:30.463+0000] {processor.py:830} INFO - Processing file /home/airflow/.local/lib/python3.11/site-packages/airflow/example_dags/example_python_decorator.py for tasks to queue
[2024-03-04T16:24:30.465+0000] {logging_mixin.py:188} INFO - [2024-03-04T16:24:30.465+0000] {dagbag.py:540} INFO - Filling up the DagBag from /home/airflow/.local/lib/python3.11/site-packages/airflow/example_dags/example_python_decorator.py
[2024-03-04T16:24:30.479+0000] {processor.py:840} INFO - DAG(s) 'example_python_decorator' retrieved from /home/airflow/.local/lib/python3.11/site-packages/airflow/example_dags/example_python_decorator.py
[2024-03-04T16:24:30.492+0000] {logging_mixin.py:188} INFO - [2024-03-04T16:24:30.492+0000] {dag.py:3047} INFO - Sync 1 DAGs
[2024-03-04T16:24:30.498+0000] {logging_mixin.py:188} INFO - [2024-03-04T16:24:30.498+0000] {dag.py:3834} INFO - Setting next_dagrun for example_python_decorator to None, run_after=None
[2024-03-04T16:24:30.506+0000] {processor.py:183} INFO - Processing /home/airflow/.local/lib/python3.11/site-packages/airflow/example_dags/example_python_decorator.py took 0.048 seconds
[2024-03-04T16:25:00.780+0000] {processor.py:161} INFO - Started process (PID=3612) to work on /home/airflow/.local/lib/python3.11/site-packages/airflow/example_dags/example_python_decorator.py
[2024-03-04T16:25:00.781+0000] {processor.py:830} INFO - Processing file /home/airflow/.local/lib/python3.11/site-packages/airflow/example_dags/example_python_decorator.py for tasks to queue
[2024-03-04T16:25:00.783+0000] {logging_mixin.py:188} INFO - [2024-03-04T16:25:00.783+0000] {dagbag.py:540} INFO - Filling up the DagBag from /home/airflow/.local/lib/python3.11/site-packages/airflow/example_dags/example_python_decorator.py
[2024-03-04T16:25:00.796+0000] {processor.py:840} INFO - DAG(s) 'example_python_decorator' retrieved from /home/airflow/.local/lib/python3.11/site-packages/airflow/example_dags/example_python_decorator.py
[2024-03-04T16:25:00.810+0000] {logging_mixin.py:188} INFO - [2024-03-04T16:25:00.810+0000] {dag.py:3047} INFO - Sync 1 DAGs
[2024-03-04T16:25:00.817+0000] {logging_mixin.py:188} INFO - [2024-03-04T16:25:00.817+0000] {dag.py:3834} INFO - Setting next_dagrun for example_python_decorator to None, run_after=None
[2024-03-04T16:25:00.827+0000] {processor.py:183} INFO - Processing /home/airflow/.local/lib/python3.11/site-packages/airflow/example_dags/example_python_decorator.py took 0.050 seconds
[2024-03-04T16:25:31.116+0000] {processor.py:161} INFO - Started process (PID=3667) to work on /home/airflow/.local/lib/python3.11/site-packages/airflow/example_dags/example_python_decorator.py
[2024-03-04T16:25:31.117+0000] {processor.py:830} INFO - Processing file /home/airflow/.local/lib/python3.11/site-packages/airflow/example_dags/example_python_decorator.py for tasks to queue
[2024-03-04T16:25:31.119+0000] {logging_mixin.py:188} INFO - [2024-03-04T16:25:31.118+0000] {dagbag.py:540} INFO - Filling up the DagBag from /home/airflow/.local/lib/python3.11/site-packages/airflow/example_dags/example_python_decorator.py
[2024-03-04T16:25:31.136+0000] {processor.py:840} INFO - DAG(s) 'example_python_decorator' retrieved from /home/airflow/.local/lib/python3.11/site-packages/airflow/example_dags/example_python_decorator.py
[2024-03-04T16:25:31.157+0000] {logging_mixin.py:188} INFO - [2024-03-04T16:25:31.157+0000] {dag.py:3047} INFO - Sync 1 DAGs
[2024-03-04T16:25:31.166+0000] {logging_mixin.py:188} INFO - [2024-03-04T16:25:31.166+0000] {dag.py:3834} INFO - Setting next_dagrun for example_python_decorator to None, run_after=None
[2024-03-04T16:25:31.178+0000] {processor.py:183} INFO - Processing /home/airflow/.local/lib/python3.11/site-packages/airflow/example_dags/example_python_decorator.py took 0.064 seconds
[2024-03-04T16:26:01.593+0000] {processor.py:161} INFO - Started process (PID=3722) to work on /home/airflow/.local/lib/python3.11/site-packages/airflow/example_dags/example_python_decorator.py
[2024-03-04T16:26:01.594+0000] {processor.py:830} INFO - Processing file /home/airflow/.local/lib/python3.11/site-packages/airflow/example_dags/example_python_decorator.py for tasks to queue
[2024-03-04T16:26:01.597+0000] {logging_mixin.py:188} INFO - [2024-03-04T16:26:01.596+0000] {dagbag.py:540} INFO - Filling up the DagBag from /home/airflow/.local/lib/python3.11/site-packages/airflow/example_dags/example_python_decorator.py
[2024-03-04T16:26:01.634+0000] {processor.py:840} INFO - DAG(s) 'example_python_decorator' retrieved from /home/airflow/.local/lib/python3.11/site-packages/airflow/example_dags/example_python_decorator.py
[2024-03-04T16:26:01.665+0000] {logging_mixin.py:188} INFO - [2024-03-04T16:26:01.665+0000] {dag.py:3047} INFO - Sync 1 DAGs
[2024-03-04T16:26:01.676+0000] {logging_mixin.py:188} INFO - [2024-03-04T16:26:01.676+0000] {dag.py:3834} INFO - Setting next_dagrun for example_python_decorator to None, run_after=None
[2024-03-04T16:26:01.691+0000] {processor.py:183} INFO - Processing /home/airflow/.local/lib/python3.11/site-packages/airflow/example_dags/example_python_decorator.py took 0.103 seconds
[2024-03-04T16:26:31.976+0000] {processor.py:161} INFO - Started process (PID=3777) to work on /home/airflow/.local/lib/python3.11/site-packages/airflow/example_dags/example_python_decorator.py
[2024-03-04T16:26:31.977+0000] {processor.py:830} INFO - Processing file /home/airflow/.local/lib/python3.11/site-packages/airflow/example_dags/example_python_decorator.py for tasks to queue
[2024-03-04T16:26:31.979+0000] {logging_mixin.py:188} INFO - [2024-03-04T16:26:31.978+0000] {dagbag.py:540} INFO - Filling up the DagBag from /home/airflow/.local/lib/python3.11/site-packages/airflow/example_dags/example_python_decorator.py
[2024-03-04T16:26:32.000+0000] {processor.py:840} INFO - DAG(s) 'example_python_decorator' retrieved from /home/airflow/.local/lib/python3.11/site-packages/airflow/example_dags/example_python_decorator.py
[2024-03-04T16:26:32.019+0000] {logging_mixin.py:188} INFO - [2024-03-04T16:26:32.019+0000] {dag.py:3047} INFO - Sync 1 DAGs
[2024-03-04T16:26:32.027+0000] {logging_mixin.py:188} INFO - [2024-03-04T16:26:32.027+0000] {dag.py:3834} INFO - Setting next_dagrun for example_python_decorator to None, run_after=None
[2024-03-04T16:26:32.037+0000] {processor.py:183} INFO - Processing /home/airflow/.local/lib/python3.11/site-packages/airflow/example_dags/example_python_decorator.py took 0.064 seconds
[2024-03-04T16:27:03.076+0000] {processor.py:161} INFO - Started process (PID=3832) to work on /home/airflow/.local/lib/python3.11/site-packages/airflow/example_dags/example_python_decorator.py
[2024-03-04T16:27:03.077+0000] {processor.py:830} INFO - Processing file /home/airflow/.local/lib/python3.11/site-packages/airflow/example_dags/example_python_decorator.py for tasks to queue
[2024-03-04T16:27:03.078+0000] {logging_mixin.py:188} INFO - [2024-03-04T16:27:03.078+0000] {dagbag.py:540} INFO - Filling up the DagBag from /home/airflow/.local/lib/python3.11/site-packages/airflow/example_dags/example_python_decorator.py
[2024-03-04T16:27:03.091+0000] {processor.py:840} INFO - DAG(s) 'example_python_decorator' retrieved from /home/airflow/.local/lib/python3.11/site-packages/airflow/example_dags/example_python_decorator.py
[2024-03-04T16:27:03.107+0000] {logging_mixin.py:188} INFO - [2024-03-04T16:27:03.107+0000] {dag.py:3047} INFO - Sync 1 DAGs
[2024-03-04T16:27:03.113+0000] {logging_mixin.py:188} INFO - [2024-03-04T16:27:03.113+0000] {dag.py:3834} INFO - Setting next_dagrun for example_python_decorator to None, run_after=None
[2024-03-04T16:27:03.121+0000] {processor.py:183} INFO - Processing /home/airflow/.local/lib/python3.11/site-packages/airflow/example_dags/example_python_decorator.py took 0.049 seconds
[2024-03-04T16:27:33.173+0000] {processor.py:161} INFO - Started process (PID=3887) to work on /home/airflow/.local/lib/python3.11/site-packages/airflow/example_dags/example_python_decorator.py
[2024-03-04T16:27:33.175+0000] {processor.py:830} INFO - Processing file /home/airflow/.local/lib/python3.11/site-packages/airflow/example_dags/example_python_decorator.py for tasks to queue
[2024-03-04T16:27:33.177+0000] {logging_mixin.py:188} INFO - [2024-03-04T16:27:33.176+0000] {dagbag.py:540} INFO - Filling up the DagBag from /home/airflow/.local/lib/python3.11/site-packages/airflow/example_dags/example_python_decorator.py
[2024-03-04T16:27:33.190+0000] {processor.py:840} INFO - DAG(s) 'example_python_decorator' retrieved from /home/airflow/.local/lib/python3.11/site-packages/airflow/example_dags/example_python_decorator.py
[2024-03-04T16:27:33.204+0000] {logging_mixin.py:188} INFO - [2024-03-04T16:27:33.204+0000] {dag.py:3047} INFO - Sync 1 DAGs
[2024-03-04T16:27:33.210+0000] {logging_mixin.py:188} INFO - [2024-03-04T16:27:33.209+0000] {dag.py:3834} INFO - Setting next_dagrun for example_python_decorator to None, run_after=None
[2024-03-04T16:27:33.217+0000] {processor.py:183} INFO - Processing /home/airflow/.local/lib/python3.11/site-packages/airflow/example_dags/example_python_decorator.py took 0.048 seconds
[2024-03-04T16:28:03.450+0000] {processor.py:161} INFO - Started process (PID=3942) to work on /home/airflow/.local/lib/python3.11/site-packages/airflow/example_dags/example_python_decorator.py
[2024-03-04T16:28:03.451+0000] {processor.py:830} INFO - Processing file /home/airflow/.local/lib/python3.11/site-packages/airflow/example_dags/example_python_decorator.py for tasks to queue
[2024-03-04T16:28:03.453+0000] {logging_mixin.py:188} INFO - [2024-03-04T16:28:03.453+0000] {dagbag.py:540} INFO - Filling up the DagBag from /home/airflow/.local/lib/python3.11/site-packages/airflow/example_dags/example_python_decorator.py
[2024-03-04T16:28:03.467+0000] {processor.py:840} INFO - DAG(s) 'example_python_decorator' retrieved from /home/airflow/.local/lib/python3.11/site-packages/airflow/example_dags/example_python_decorator.py
[2024-03-04T16:28:03.480+0000] {logging_mixin.py:188} INFO - [2024-03-04T16:28:03.480+0000] {dag.py:3047} INFO - Sync 1 DAGs
[2024-03-04T16:28:03.486+0000] {logging_mixin.py:188} INFO - [2024-03-04T16:28:03.486+0000] {dag.py:3834} INFO - Setting next_dagrun for example_python_decorator to None, run_after=None
[2024-03-04T16:28:03.493+0000] {processor.py:183} INFO - Processing /home/airflow/.local/lib/python3.11/site-packages/airflow/example_dags/example_python_decorator.py took 0.047 seconds
