[2024-03-04T15:51:56.147+0000] {processor.py:161} INFO - Started process (PID=50) to work on /home/airflow/.local/lib/python3.11/site-packages/airflow/example_dags/example_complex.py
[2024-03-04T15:51:56.149+0000] {processor.py:830} INFO - Processing file /home/airflow/.local/lib/python3.11/site-packages/airflow/example_dags/example_complex.py for tasks to queue
[2024-03-04T15:51:56.153+0000] {logging_mixin.py:188} INFO - [2024-03-04T15:51:56.153+0000] {dagbag.py:540} INFO - Filling up the DagBag from /home/airflow/.local/lib/python3.11/site-packages/airflow/example_dags/example_complex.py
[2024-03-04T15:51:56.178+0000] {processor.py:840} INFO - DAG(s) 'example_complex' retrieved from /home/airflow/.local/lib/python3.11/site-packages/airflow/example_dags/example_complex.py
[2024-03-04T15:51:56.342+0000] {logging_mixin.py:188} INFO - [2024-03-04T15:51:56.341+0000] {override.py:1769} INFO - Created Permission View: can read on DAG:example_complex
[2024-03-04T15:51:56.352+0000] {logging_mixin.py:188} INFO - [2024-03-04T15:51:56.352+0000] {override.py:1769} INFO - Created Permission View: can delete on DAG:example_complex
[2024-03-04T15:51:56.357+0000] {logging_mixin.py:188} INFO - [2024-03-04T15:51:56.356+0000] {override.py:1769} INFO - Created Permission View: can edit on DAG:example_complex
[2024-03-04T15:51:56.358+0000] {logging_mixin.py:188} INFO - [2024-03-04T15:51:56.358+0000] {dag.py:3047} INFO - Sync 1 DAGs
[2024-03-04T15:51:56.368+0000] {logging_mixin.py:188} INFO - [2024-03-04T15:51:56.367+0000] {dag.py:3069} INFO - Creating ORM DAG for example_complex
[2024-03-04T15:51:56.383+0000] {logging_mixin.py:188} INFO - [2024-03-04T15:51:56.383+0000] {dag.py:3834} INFO - Setting next_dagrun for example_complex to None, run_after=None
[2024-03-04T15:51:56.403+0000] {processor.py:183} INFO - Processing /home/airflow/.local/lib/python3.11/site-packages/airflow/example_dags/example_complex.py took 0.261 seconds
[2024-03-04T15:52:26.865+0000] {processor.py:161} INFO - Started process (PID=105) to work on /home/airflow/.local/lib/python3.11/site-packages/airflow/example_dags/example_complex.py
[2024-03-04T15:52:26.866+0000] {processor.py:830} INFO - Processing file /home/airflow/.local/lib/python3.11/site-packages/airflow/example_dags/example_complex.py for tasks to queue
[2024-03-04T15:52:26.867+0000] {logging_mixin.py:188} INFO - [2024-03-04T15:52:26.867+0000] {dagbag.py:540} INFO - Filling up the DagBag from /home/airflow/.local/lib/python3.11/site-packages/airflow/example_dags/example_complex.py
[2024-03-04T15:52:26.873+0000] {processor.py:840} INFO - DAG(s) 'example_complex' retrieved from /home/airflow/.local/lib/python3.11/site-packages/airflow/example_dags/example_complex.py
[2024-03-04T15:52:26.904+0000] {logging_mixin.py:188} INFO - [2024-03-04T15:52:26.904+0000] {dag.py:3047} INFO - Sync 1 DAGs
[2024-03-04T15:52:26.919+0000] {logging_mixin.py:188} INFO - [2024-03-04T15:52:26.919+0000] {dag.py:3834} INFO - Setting next_dagrun for example_complex to None, run_after=None
[2024-03-04T15:52:26.931+0000] {processor.py:183} INFO - Processing /home/airflow/.local/lib/python3.11/site-packages/airflow/example_dags/example_complex.py took 0.068 seconds
[2024-03-04T15:52:57.747+0000] {processor.py:161} INFO - Started process (PID=160) to work on /home/airflow/.local/lib/python3.11/site-packages/airflow/example_dags/example_complex.py
[2024-03-04T15:52:57.748+0000] {processor.py:830} INFO - Processing file /home/airflow/.local/lib/python3.11/site-packages/airflow/example_dags/example_complex.py for tasks to queue
[2024-03-04T15:52:57.749+0000] {logging_mixin.py:188} INFO - [2024-03-04T15:52:57.749+0000] {dagbag.py:540} INFO - Filling up the DagBag from /home/airflow/.local/lib/python3.11/site-packages/airflow/example_dags/example_complex.py
[2024-03-04T15:52:57.755+0000] {processor.py:840} INFO - DAG(s) 'example_complex' retrieved from /home/airflow/.local/lib/python3.11/site-packages/airflow/example_dags/example_complex.py
[2024-03-04T15:52:57.770+0000] {logging_mixin.py:188} INFO - [2024-03-04T15:52:57.770+0000] {dag.py:3047} INFO - Sync 1 DAGs
[2024-03-04T15:52:57.776+0000] {logging_mixin.py:188} INFO - [2024-03-04T15:52:57.776+0000] {dag.py:3834} INFO - Setting next_dagrun for example_complex to None, run_after=None
[2024-03-04T15:52:57.783+0000] {processor.py:183} INFO - Processing /home/airflow/.local/lib/python3.11/site-packages/airflow/example_dags/example_complex.py took 0.038 seconds
[2024-03-04T15:53:28.144+0000] {processor.py:161} INFO - Started process (PID=215) to work on /home/airflow/.local/lib/python3.11/site-packages/airflow/example_dags/example_complex.py
[2024-03-04T15:53:28.144+0000] {processor.py:830} INFO - Processing file /home/airflow/.local/lib/python3.11/site-packages/airflow/example_dags/example_complex.py for tasks to queue
[2024-03-04T15:53:28.145+0000] {logging_mixin.py:188} INFO - [2024-03-04T15:53:28.145+0000] {dagbag.py:540} INFO - Filling up the DagBag from /home/airflow/.local/lib/python3.11/site-packages/airflow/example_dags/example_complex.py
[2024-03-04T15:53:28.151+0000] {processor.py:840} INFO - DAG(s) 'example_complex' retrieved from /home/airflow/.local/lib/python3.11/site-packages/airflow/example_dags/example_complex.py
[2024-03-04T15:53:28.164+0000] {logging_mixin.py:188} INFO - [2024-03-04T15:53:28.164+0000] {dag.py:3047} INFO - Sync 1 DAGs
[2024-03-04T15:53:28.171+0000] {logging_mixin.py:188} INFO - [2024-03-04T15:53:28.171+0000] {dag.py:3834} INFO - Setting next_dagrun for example_complex to None, run_after=None
[2024-03-04T15:53:28.179+0000] {processor.py:183} INFO - Processing /home/airflow/.local/lib/python3.11/site-packages/airflow/example_dags/example_complex.py took 0.037 seconds
[2024-03-04T15:53:59.110+0000] {processor.py:161} INFO - Started process (PID=270) to work on /home/airflow/.local/lib/python3.11/site-packages/airflow/example_dags/example_complex.py
[2024-03-04T15:53:59.111+0000] {processor.py:830} INFO - Processing file /home/airflow/.local/lib/python3.11/site-packages/airflow/example_dags/example_complex.py for tasks to queue
[2024-03-04T15:53:59.112+0000] {logging_mixin.py:188} INFO - [2024-03-04T15:53:59.112+0000] {dagbag.py:540} INFO - Filling up the DagBag from /home/airflow/.local/lib/python3.11/site-packages/airflow/example_dags/example_complex.py
[2024-03-04T15:53:59.120+0000] {processor.py:840} INFO - DAG(s) 'example_complex' retrieved from /home/airflow/.local/lib/python3.11/site-packages/airflow/example_dags/example_complex.py
[2024-03-04T15:53:59.134+0000] {logging_mixin.py:188} INFO - [2024-03-04T15:53:59.134+0000] {dag.py:3047} INFO - Sync 1 DAGs
[2024-03-04T15:53:59.141+0000] {logging_mixin.py:188} INFO - [2024-03-04T15:53:59.141+0000] {dag.py:3834} INFO - Setting next_dagrun for example_complex to None, run_after=None
[2024-03-04T15:53:59.148+0000] {processor.py:183} INFO - Processing /home/airflow/.local/lib/python3.11/site-packages/airflow/example_dags/example_complex.py took 0.040 seconds
[2024-03-04T15:54:29.856+0000] {processor.py:161} INFO - Started process (PID=325) to work on /home/airflow/.local/lib/python3.11/site-packages/airflow/example_dags/example_complex.py
[2024-03-04T15:54:29.857+0000] {processor.py:830} INFO - Processing file /home/airflow/.local/lib/python3.11/site-packages/airflow/example_dags/example_complex.py for tasks to queue
[2024-03-04T15:54:29.857+0000] {logging_mixin.py:188} INFO - [2024-03-04T15:54:29.857+0000] {dagbag.py:540} INFO - Filling up the DagBag from /home/airflow/.local/lib/python3.11/site-packages/airflow/example_dags/example_complex.py
[2024-03-04T15:54:29.862+0000] {processor.py:840} INFO - DAG(s) 'example_complex' retrieved from /home/airflow/.local/lib/python3.11/site-packages/airflow/example_dags/example_complex.py
[2024-03-04T15:54:29.874+0000] {logging_mixin.py:188} INFO - [2024-03-04T15:54:29.874+0000] {dag.py:3047} INFO - Sync 1 DAGs
[2024-03-04T15:54:29.880+0000] {logging_mixin.py:188} INFO - [2024-03-04T15:54:29.880+0000] {dag.py:3834} INFO - Setting next_dagrun for example_complex to None, run_after=None
[2024-03-04T15:54:29.887+0000] {processor.py:183} INFO - Processing /home/airflow/.local/lib/python3.11/site-packages/airflow/example_dags/example_complex.py took 0.032 seconds
[2024-03-04T15:55:00.504+0000] {processor.py:161} INFO - Started process (PID=380) to work on /home/airflow/.local/lib/python3.11/site-packages/airflow/example_dags/example_complex.py
[2024-03-04T15:55:00.505+0000] {processor.py:830} INFO - Processing file /home/airflow/.local/lib/python3.11/site-packages/airflow/example_dags/example_complex.py for tasks to queue
[2024-03-04T15:55:00.506+0000] {logging_mixin.py:188} INFO - [2024-03-04T15:55:00.506+0000] {dagbag.py:540} INFO - Filling up the DagBag from /home/airflow/.local/lib/python3.11/site-packages/airflow/example_dags/example_complex.py
[2024-03-04T15:55:00.511+0000] {processor.py:840} INFO - DAG(s) 'example_complex' retrieved from /home/airflow/.local/lib/python3.11/site-packages/airflow/example_dags/example_complex.py
[2024-03-04T15:55:00.525+0000] {logging_mixin.py:188} INFO - [2024-03-04T15:55:00.525+0000] {dag.py:3047} INFO - Sync 1 DAGs
[2024-03-04T15:55:00.530+0000] {logging_mixin.py:188} INFO - [2024-03-04T15:55:00.530+0000] {dag.py:3834} INFO - Setting next_dagrun for example_complex to None, run_after=None
[2024-03-04T15:55:00.540+0000] {processor.py:183} INFO - Processing /home/airflow/.local/lib/python3.11/site-packages/airflow/example_dags/example_complex.py took 0.037 seconds
[2024-03-04T15:55:31.278+0000] {processor.py:161} INFO - Started process (PID=435) to work on /home/airflow/.local/lib/python3.11/site-packages/airflow/example_dags/example_complex.py
[2024-03-04T15:55:31.278+0000] {processor.py:830} INFO - Processing file /home/airflow/.local/lib/python3.11/site-packages/airflow/example_dags/example_complex.py for tasks to queue
[2024-03-04T15:55:31.280+0000] {logging_mixin.py:188} INFO - [2024-03-04T15:55:31.279+0000] {dagbag.py:540} INFO - Filling up the DagBag from /home/airflow/.local/lib/python3.11/site-packages/airflow/example_dags/example_complex.py
[2024-03-04T15:55:31.285+0000] {processor.py:840} INFO - DAG(s) 'example_complex' retrieved from /home/airflow/.local/lib/python3.11/site-packages/airflow/example_dags/example_complex.py
[2024-03-04T15:55:31.299+0000] {logging_mixin.py:188} INFO - [2024-03-04T15:55:31.299+0000] {dag.py:3047} INFO - Sync 1 DAGs
[2024-03-04T15:55:31.304+0000] {logging_mixin.py:188} INFO - [2024-03-04T15:55:31.304+0000] {dag.py:3834} INFO - Setting next_dagrun for example_complex to None, run_after=None
[2024-03-04T15:55:31.311+0000] {processor.py:183} INFO - Processing /home/airflow/.local/lib/python3.11/site-packages/airflow/example_dags/example_complex.py took 0.036 seconds
[2024-03-04T15:56:02.076+0000] {processor.py:161} INFO - Started process (PID=490) to work on /home/airflow/.local/lib/python3.11/site-packages/airflow/example_dags/example_complex.py
[2024-03-04T15:56:02.076+0000] {processor.py:830} INFO - Processing file /home/airflow/.local/lib/python3.11/site-packages/airflow/example_dags/example_complex.py for tasks to queue
[2024-03-04T15:56:02.077+0000] {logging_mixin.py:188} INFO - [2024-03-04T15:56:02.077+0000] {dagbag.py:540} INFO - Filling up the DagBag from /home/airflow/.local/lib/python3.11/site-packages/airflow/example_dags/example_complex.py
[2024-03-04T15:56:02.082+0000] {processor.py:840} INFO - DAG(s) 'example_complex' retrieved from /home/airflow/.local/lib/python3.11/site-packages/airflow/example_dags/example_complex.py
[2024-03-04T15:56:02.094+0000] {logging_mixin.py:188} INFO - [2024-03-04T15:56:02.094+0000] {dag.py:3047} INFO - Sync 1 DAGs
[2024-03-04T15:56:02.100+0000] {logging_mixin.py:188} INFO - [2024-03-04T15:56:02.100+0000] {dag.py:3834} INFO - Setting next_dagrun for example_complex to None, run_after=None
[2024-03-04T15:56:02.108+0000] {processor.py:183} INFO - Processing /home/airflow/.local/lib/python3.11/site-packages/airflow/example_dags/example_complex.py took 0.034 seconds
[2024-03-04T15:56:32.763+0000] {processor.py:161} INFO - Started process (PID=545) to work on /home/airflow/.local/lib/python3.11/site-packages/airflow/example_dags/example_complex.py
[2024-03-04T15:56:32.764+0000] {processor.py:830} INFO - Processing file /home/airflow/.local/lib/python3.11/site-packages/airflow/example_dags/example_complex.py for tasks to queue
[2024-03-04T15:56:32.765+0000] {logging_mixin.py:188} INFO - [2024-03-04T15:56:32.764+0000] {dagbag.py:540} INFO - Filling up the DagBag from /home/airflow/.local/lib/python3.11/site-packages/airflow/example_dags/example_complex.py
[2024-03-04T15:56:32.769+0000] {processor.py:840} INFO - DAG(s) 'example_complex' retrieved from /home/airflow/.local/lib/python3.11/site-packages/airflow/example_dags/example_complex.py
[2024-03-04T15:56:32.782+0000] {logging_mixin.py:188} INFO - [2024-03-04T15:56:32.782+0000] {dag.py:3047} INFO - Sync 1 DAGs
[2024-03-04T15:56:32.787+0000] {logging_mixin.py:188} INFO - [2024-03-04T15:56:32.787+0000] {dag.py:3834} INFO - Setting next_dagrun for example_complex to None, run_after=None
[2024-03-04T15:56:32.794+0000] {processor.py:183} INFO - Processing /home/airflow/.local/lib/python3.11/site-packages/airflow/example_dags/example_complex.py took 0.034 seconds
[2024-03-04T15:57:03.514+0000] {processor.py:161} INFO - Started process (PID=600) to work on /home/airflow/.local/lib/python3.11/site-packages/airflow/example_dags/example_complex.py
[2024-03-04T15:57:03.514+0000] {processor.py:830} INFO - Processing file /home/airflow/.local/lib/python3.11/site-packages/airflow/example_dags/example_complex.py for tasks to queue
[2024-03-04T15:57:03.515+0000] {logging_mixin.py:188} INFO - [2024-03-04T15:57:03.515+0000] {dagbag.py:540} INFO - Filling up the DagBag from /home/airflow/.local/lib/python3.11/site-packages/airflow/example_dags/example_complex.py
[2024-03-04T15:57:03.520+0000] {processor.py:840} INFO - DAG(s) 'example_complex' retrieved from /home/airflow/.local/lib/python3.11/site-packages/airflow/example_dags/example_complex.py
[2024-03-04T15:57:03.532+0000] {logging_mixin.py:188} INFO - [2024-03-04T15:57:03.532+0000] {dag.py:3047} INFO - Sync 1 DAGs
[2024-03-04T15:57:03.537+0000] {logging_mixin.py:188} INFO - [2024-03-04T15:57:03.537+0000] {dag.py:3834} INFO - Setting next_dagrun for example_complex to None, run_after=None
[2024-03-04T15:57:03.544+0000] {processor.py:183} INFO - Processing /home/airflow/.local/lib/python3.11/site-packages/airflow/example_dags/example_complex.py took 0.032 seconds
[2024-03-04T15:57:34.178+0000] {processor.py:161} INFO - Started process (PID=655) to work on /home/airflow/.local/lib/python3.11/site-packages/airflow/example_dags/example_complex.py
[2024-03-04T15:57:34.178+0000] {processor.py:830} INFO - Processing file /home/airflow/.local/lib/python3.11/site-packages/airflow/example_dags/example_complex.py for tasks to queue
[2024-03-04T15:57:34.179+0000] {logging_mixin.py:188} INFO - [2024-03-04T15:57:34.179+0000] {dagbag.py:540} INFO - Filling up the DagBag from /home/airflow/.local/lib/python3.11/site-packages/airflow/example_dags/example_complex.py
[2024-03-04T15:57:34.184+0000] {processor.py:840} INFO - DAG(s) 'example_complex' retrieved from /home/airflow/.local/lib/python3.11/site-packages/airflow/example_dags/example_complex.py
[2024-03-04T15:57:34.196+0000] {logging_mixin.py:188} INFO - [2024-03-04T15:57:34.195+0000] {dag.py:3047} INFO - Sync 1 DAGs
[2024-03-04T15:57:34.203+0000] {logging_mixin.py:188} INFO - [2024-03-04T15:57:34.203+0000] {dag.py:3834} INFO - Setting next_dagrun for example_complex to None, run_after=None
[2024-03-04T15:57:34.211+0000] {processor.py:183} INFO - Processing /home/airflow/.local/lib/python3.11/site-packages/airflow/example_dags/example_complex.py took 0.035 seconds
[2024-03-04T15:58:04.931+0000] {processor.py:161} INFO - Started process (PID=710) to work on /home/airflow/.local/lib/python3.11/site-packages/airflow/example_dags/example_complex.py
[2024-03-04T15:58:04.931+0000] {processor.py:830} INFO - Processing file /home/airflow/.local/lib/python3.11/site-packages/airflow/example_dags/example_complex.py for tasks to queue
[2024-03-04T15:58:04.932+0000] {logging_mixin.py:188} INFO - [2024-03-04T15:58:04.932+0000] {dagbag.py:540} INFO - Filling up the DagBag from /home/airflow/.local/lib/python3.11/site-packages/airflow/example_dags/example_complex.py
[2024-03-04T15:58:04.937+0000] {processor.py:840} INFO - DAG(s) 'example_complex' retrieved from /home/airflow/.local/lib/python3.11/site-packages/airflow/example_dags/example_complex.py
[2024-03-04T15:58:04.949+0000] {logging_mixin.py:188} INFO - [2024-03-04T15:58:04.949+0000] {dag.py:3047} INFO - Sync 1 DAGs
[2024-03-04T15:58:04.954+0000] {logging_mixin.py:188} INFO - [2024-03-04T15:58:04.954+0000] {dag.py:3834} INFO - Setting next_dagrun for example_complex to None, run_after=None
[2024-03-04T15:58:04.962+0000] {processor.py:183} INFO - Processing /home/airflow/.local/lib/python3.11/site-packages/airflow/example_dags/example_complex.py took 0.033 seconds
[2024-03-04T15:58:35.761+0000] {processor.py:161} INFO - Started process (PID=765) to work on /home/airflow/.local/lib/python3.11/site-packages/airflow/example_dags/example_complex.py
[2024-03-04T15:58:35.762+0000] {processor.py:830} INFO - Processing file /home/airflow/.local/lib/python3.11/site-packages/airflow/example_dags/example_complex.py for tasks to queue
[2024-03-04T15:58:35.763+0000] {logging_mixin.py:188} INFO - [2024-03-04T15:58:35.763+0000] {dagbag.py:540} INFO - Filling up the DagBag from /home/airflow/.local/lib/python3.11/site-packages/airflow/example_dags/example_complex.py
[2024-03-04T15:58:35.769+0000] {processor.py:840} INFO - DAG(s) 'example_complex' retrieved from /home/airflow/.local/lib/python3.11/site-packages/airflow/example_dags/example_complex.py
[2024-03-04T15:58:35.786+0000] {logging_mixin.py:188} INFO - [2024-03-04T15:58:35.786+0000] {dag.py:3047} INFO - Sync 1 DAGs
[2024-03-04T15:58:35.793+0000] {logging_mixin.py:188} INFO - [2024-03-04T15:58:35.793+0000] {dag.py:3834} INFO - Setting next_dagrun for example_complex to None, run_after=None
[2024-03-04T15:58:35.803+0000] {processor.py:183} INFO - Processing /home/airflow/.local/lib/python3.11/site-packages/airflow/example_dags/example_complex.py took 0.044 seconds
[2024-03-04T15:59:06.366+0000] {processor.py:161} INFO - Started process (PID=820) to work on /home/airflow/.local/lib/python3.11/site-packages/airflow/example_dags/example_complex.py
[2024-03-04T15:59:06.367+0000] {processor.py:830} INFO - Processing file /home/airflow/.local/lib/python3.11/site-packages/airflow/example_dags/example_complex.py for tasks to queue
[2024-03-04T15:59:06.368+0000] {logging_mixin.py:188} INFO - [2024-03-04T15:59:06.367+0000] {dagbag.py:540} INFO - Filling up the DagBag from /home/airflow/.local/lib/python3.11/site-packages/airflow/example_dags/example_complex.py
[2024-03-04T15:59:06.373+0000] {processor.py:840} INFO - DAG(s) 'example_complex' retrieved from /home/airflow/.local/lib/python3.11/site-packages/airflow/example_dags/example_complex.py
[2024-03-04T15:59:06.384+0000] {logging_mixin.py:188} INFO - [2024-03-04T15:59:06.384+0000] {dag.py:3047} INFO - Sync 1 DAGs
[2024-03-04T15:59:06.389+0000] {logging_mixin.py:188} INFO - [2024-03-04T15:59:06.389+0000] {dag.py:3834} INFO - Setting next_dagrun for example_complex to None, run_after=None
[2024-03-04T15:59:06.395+0000] {processor.py:183} INFO - Processing /home/airflow/.local/lib/python3.11/site-packages/airflow/example_dags/example_complex.py took 0.031 seconds
[2024-03-04T15:59:36.896+0000] {processor.py:161} INFO - Started process (PID=875) to work on /home/airflow/.local/lib/python3.11/site-packages/airflow/example_dags/example_complex.py
[2024-03-04T15:59:36.897+0000] {processor.py:830} INFO - Processing file /home/airflow/.local/lib/python3.11/site-packages/airflow/example_dags/example_complex.py for tasks to queue
[2024-03-04T15:59:36.898+0000] {logging_mixin.py:188} INFO - [2024-03-04T15:59:36.898+0000] {dagbag.py:540} INFO - Filling up the DagBag from /home/airflow/.local/lib/python3.11/site-packages/airflow/example_dags/example_complex.py
[2024-03-04T15:59:36.903+0000] {processor.py:840} INFO - DAG(s) 'example_complex' retrieved from /home/airflow/.local/lib/python3.11/site-packages/airflow/example_dags/example_complex.py
[2024-03-04T15:59:36.916+0000] {logging_mixin.py:188} INFO - [2024-03-04T15:59:36.916+0000] {dag.py:3047} INFO - Sync 1 DAGs
[2024-03-04T15:59:36.921+0000] {logging_mixin.py:188} INFO - [2024-03-04T15:59:36.921+0000] {dag.py:3834} INFO - Setting next_dagrun for example_complex to None, run_after=None
[2024-03-04T15:59:36.928+0000] {processor.py:183} INFO - Processing /home/airflow/.local/lib/python3.11/site-packages/airflow/example_dags/example_complex.py took 0.033 seconds
[2024-03-04T16:00:07.610+0000] {processor.py:161} INFO - Started process (PID=930) to work on /home/airflow/.local/lib/python3.11/site-packages/airflow/example_dags/example_complex.py
[2024-03-04T16:00:07.611+0000] {processor.py:830} INFO - Processing file /home/airflow/.local/lib/python3.11/site-packages/airflow/example_dags/example_complex.py for tasks to queue
[2024-03-04T16:00:07.612+0000] {logging_mixin.py:188} INFO - [2024-03-04T16:00:07.612+0000] {dagbag.py:540} INFO - Filling up the DagBag from /home/airflow/.local/lib/python3.11/site-packages/airflow/example_dags/example_complex.py
[2024-03-04T16:00:07.620+0000] {processor.py:840} INFO - DAG(s) 'example_complex' retrieved from /home/airflow/.local/lib/python3.11/site-packages/airflow/example_dags/example_complex.py
[2024-03-04T16:00:07.635+0000] {logging_mixin.py:188} INFO - [2024-03-04T16:00:07.635+0000] {dag.py:3047} INFO - Sync 1 DAGs
[2024-03-04T16:00:07.640+0000] {logging_mixin.py:188} INFO - [2024-03-04T16:00:07.640+0000] {dag.py:3834} INFO - Setting next_dagrun for example_complex to None, run_after=None
[2024-03-04T16:00:07.648+0000] {processor.py:183} INFO - Processing /home/airflow/.local/lib/python3.11/site-packages/airflow/example_dags/example_complex.py took 0.039 seconds
[2024-03-04T16:00:38.406+0000] {processor.py:161} INFO - Started process (PID=984) to work on /home/airflow/.local/lib/python3.11/site-packages/airflow/example_dags/example_complex.py
[2024-03-04T16:00:38.407+0000] {processor.py:830} INFO - Processing file /home/airflow/.local/lib/python3.11/site-packages/airflow/example_dags/example_complex.py for tasks to queue
[2024-03-04T16:00:38.408+0000] {logging_mixin.py:188} INFO - [2024-03-04T16:00:38.408+0000] {dagbag.py:540} INFO - Filling up the DagBag from /home/airflow/.local/lib/python3.11/site-packages/airflow/example_dags/example_complex.py
[2024-03-04T16:00:38.413+0000] {processor.py:840} INFO - DAG(s) 'example_complex' retrieved from /home/airflow/.local/lib/python3.11/site-packages/airflow/example_dags/example_complex.py
[2024-03-04T16:00:38.426+0000] {logging_mixin.py:188} INFO - [2024-03-04T16:00:38.426+0000] {dag.py:3047} INFO - Sync 1 DAGs
[2024-03-04T16:00:38.433+0000] {logging_mixin.py:188} INFO - [2024-03-04T16:00:38.433+0000] {dag.py:3834} INFO - Setting next_dagrun for example_complex to None, run_after=None
[2024-03-04T16:00:38.441+0000] {processor.py:183} INFO - Processing /home/airflow/.local/lib/python3.11/site-packages/airflow/example_dags/example_complex.py took 0.036 seconds
[2024-03-04T16:01:09.190+0000] {processor.py:161} INFO - Started process (PID=1039) to work on /home/airflow/.local/lib/python3.11/site-packages/airflow/example_dags/example_complex.py
[2024-03-04T16:01:09.191+0000] {processor.py:830} INFO - Processing file /home/airflow/.local/lib/python3.11/site-packages/airflow/example_dags/example_complex.py for tasks to queue
[2024-03-04T16:01:09.195+0000] {logging_mixin.py:188} INFO - [2024-03-04T16:01:09.194+0000] {dagbag.py:540} INFO - Filling up the DagBag from /home/airflow/.local/lib/python3.11/site-packages/airflow/example_dags/example_complex.py
[2024-03-04T16:01:09.200+0000] {processor.py:840} INFO - DAG(s) 'example_complex' retrieved from /home/airflow/.local/lib/python3.11/site-packages/airflow/example_dags/example_complex.py
[2024-03-04T16:01:09.215+0000] {logging_mixin.py:188} INFO - [2024-03-04T16:01:09.215+0000] {dag.py:3047} INFO - Sync 1 DAGs
[2024-03-04T16:01:09.222+0000] {logging_mixin.py:188} INFO - [2024-03-04T16:01:09.222+0000] {dag.py:3834} INFO - Setting next_dagrun for example_complex to None, run_after=None
[2024-03-04T16:01:09.230+0000] {processor.py:183} INFO - Processing /home/airflow/.local/lib/python3.11/site-packages/airflow/example_dags/example_complex.py took 0.041 seconds
[2024-03-04T16:01:39.990+0000] {processor.py:161} INFO - Started process (PID=1094) to work on /home/airflow/.local/lib/python3.11/site-packages/airflow/example_dags/example_complex.py
[2024-03-04T16:01:39.991+0000] {processor.py:830} INFO - Processing file /home/airflow/.local/lib/python3.11/site-packages/airflow/example_dags/example_complex.py for tasks to queue
[2024-03-04T16:01:39.992+0000] {logging_mixin.py:188} INFO - [2024-03-04T16:01:39.992+0000] {dagbag.py:540} INFO - Filling up the DagBag from /home/airflow/.local/lib/python3.11/site-packages/airflow/example_dags/example_complex.py
[2024-03-04T16:01:39.997+0000] {processor.py:840} INFO - DAG(s) 'example_complex' retrieved from /home/airflow/.local/lib/python3.11/site-packages/airflow/example_dags/example_complex.py
[2024-03-04T16:01:40.009+0000] {logging_mixin.py:188} INFO - [2024-03-04T16:01:40.009+0000] {dag.py:3047} INFO - Sync 1 DAGs
[2024-03-04T16:01:40.015+0000] {logging_mixin.py:188} INFO - [2024-03-04T16:01:40.015+0000] {dag.py:3834} INFO - Setting next_dagrun for example_complex to None, run_after=None
[2024-03-04T16:01:40.026+0000] {processor.py:183} INFO - Processing /home/airflow/.local/lib/python3.11/site-packages/airflow/example_dags/example_complex.py took 0.037 seconds
[2024-03-04T16:02:10.815+0000] {processor.py:161} INFO - Started process (PID=1149) to work on /home/airflow/.local/lib/python3.11/site-packages/airflow/example_dags/example_complex.py
[2024-03-04T16:02:10.816+0000] {processor.py:830} INFO - Processing file /home/airflow/.local/lib/python3.11/site-packages/airflow/example_dags/example_complex.py for tasks to queue
[2024-03-04T16:02:10.817+0000] {logging_mixin.py:188} INFO - [2024-03-04T16:02:10.817+0000] {dagbag.py:540} INFO - Filling up the DagBag from /home/airflow/.local/lib/python3.11/site-packages/airflow/example_dags/example_complex.py
[2024-03-04T16:02:10.821+0000] {processor.py:840} INFO - DAG(s) 'example_complex' retrieved from /home/airflow/.local/lib/python3.11/site-packages/airflow/example_dags/example_complex.py
[2024-03-04T16:02:10.834+0000] {logging_mixin.py:188} INFO - [2024-03-04T16:02:10.833+0000] {dag.py:3047} INFO - Sync 1 DAGs
[2024-03-04T16:02:10.839+0000] {logging_mixin.py:188} INFO - [2024-03-04T16:02:10.839+0000] {dag.py:3834} INFO - Setting next_dagrun for example_complex to None, run_after=None
[2024-03-04T16:02:10.848+0000] {processor.py:183} INFO - Processing /home/airflow/.local/lib/python3.11/site-packages/airflow/example_dags/example_complex.py took 0.034 seconds
[2024-03-04T16:02:41.521+0000] {processor.py:161} INFO - Started process (PID=1204) to work on /home/airflow/.local/lib/python3.11/site-packages/airflow/example_dags/example_complex.py
[2024-03-04T16:02:41.522+0000] {processor.py:830} INFO - Processing file /home/airflow/.local/lib/python3.11/site-packages/airflow/example_dags/example_complex.py for tasks to queue
[2024-03-04T16:02:41.524+0000] {logging_mixin.py:188} INFO - [2024-03-04T16:02:41.523+0000] {dagbag.py:540} INFO - Filling up the DagBag from /home/airflow/.local/lib/python3.11/site-packages/airflow/example_dags/example_complex.py
[2024-03-04T16:02:41.529+0000] {processor.py:840} INFO - DAG(s) 'example_complex' retrieved from /home/airflow/.local/lib/python3.11/site-packages/airflow/example_dags/example_complex.py
[2024-03-04T16:02:41.542+0000] {logging_mixin.py:188} INFO - [2024-03-04T16:02:41.542+0000] {dag.py:3047} INFO - Sync 1 DAGs
[2024-03-04T16:02:41.548+0000] {logging_mixin.py:188} INFO - [2024-03-04T16:02:41.548+0000] {dag.py:3834} INFO - Setting next_dagrun for example_complex to None, run_after=None
[2024-03-04T16:02:41.556+0000] {processor.py:183} INFO - Processing /home/airflow/.local/lib/python3.11/site-packages/airflow/example_dags/example_complex.py took 0.037 seconds
[2024-03-04T16:03:12.315+0000] {processor.py:161} INFO - Started process (PID=1259) to work on /home/airflow/.local/lib/python3.11/site-packages/airflow/example_dags/example_complex.py
[2024-03-04T16:03:12.316+0000] {processor.py:830} INFO - Processing file /home/airflow/.local/lib/python3.11/site-packages/airflow/example_dags/example_complex.py for tasks to queue
[2024-03-04T16:03:12.317+0000] {logging_mixin.py:188} INFO - [2024-03-04T16:03:12.317+0000] {dagbag.py:540} INFO - Filling up the DagBag from /home/airflow/.local/lib/python3.11/site-packages/airflow/example_dags/example_complex.py
[2024-03-04T16:03:12.322+0000] {processor.py:840} INFO - DAG(s) 'example_complex' retrieved from /home/airflow/.local/lib/python3.11/site-packages/airflow/example_dags/example_complex.py
[2024-03-04T16:03:12.340+0000] {logging_mixin.py:188} INFO - [2024-03-04T16:03:12.340+0000] {dag.py:3047} INFO - Sync 1 DAGs
[2024-03-04T16:03:12.351+0000] {logging_mixin.py:188} INFO - [2024-03-04T16:03:12.351+0000] {dag.py:3834} INFO - Setting next_dagrun for example_complex to None, run_after=None
[2024-03-04T16:03:12.361+0000] {processor.py:183} INFO - Processing /home/airflow/.local/lib/python3.11/site-packages/airflow/example_dags/example_complex.py took 0.047 seconds
[2024-03-04T16:03:43.174+0000] {processor.py:161} INFO - Started process (PID=1320) to work on /home/airflow/.local/lib/python3.11/site-packages/airflow/example_dags/example_complex.py
[2024-03-04T16:03:43.175+0000] {processor.py:830} INFO - Processing file /home/airflow/.local/lib/python3.11/site-packages/airflow/example_dags/example_complex.py for tasks to queue
[2024-03-04T16:03:43.176+0000] {logging_mixin.py:188} INFO - [2024-03-04T16:03:43.175+0000] {dagbag.py:540} INFO - Filling up the DagBag from /home/airflow/.local/lib/python3.11/site-packages/airflow/example_dags/example_complex.py
[2024-03-04T16:03:43.180+0000] {processor.py:840} INFO - DAG(s) 'example_complex' retrieved from /home/airflow/.local/lib/python3.11/site-packages/airflow/example_dags/example_complex.py
[2024-03-04T16:03:43.202+0000] {logging_mixin.py:188} INFO - [2024-03-04T16:03:43.202+0000] {dag.py:3047} INFO - Sync 1 DAGs
[2024-03-04T16:03:43.210+0000] {logging_mixin.py:188} INFO - [2024-03-04T16:03:43.210+0000] {dag.py:3834} INFO - Setting next_dagrun for example_complex to None, run_after=None
[2024-03-04T16:03:43.219+0000] {processor.py:183} INFO - Processing /home/airflow/.local/lib/python3.11/site-packages/airflow/example_dags/example_complex.py took 0.047 seconds
[2024-03-04T16:04:13.584+0000] {processor.py:161} INFO - Started process (PID=1375) to work on /home/airflow/.local/lib/python3.11/site-packages/airflow/example_dags/example_complex.py
[2024-03-04T16:04:13.585+0000] {processor.py:830} INFO - Processing file /home/airflow/.local/lib/python3.11/site-packages/airflow/example_dags/example_complex.py for tasks to queue
[2024-03-04T16:04:13.586+0000] {logging_mixin.py:188} INFO - [2024-03-04T16:04:13.585+0000] {dagbag.py:540} INFO - Filling up the DagBag from /home/airflow/.local/lib/python3.11/site-packages/airflow/example_dags/example_complex.py
[2024-03-04T16:04:13.595+0000] {processor.py:840} INFO - DAG(s) 'example_complex' retrieved from /home/airflow/.local/lib/python3.11/site-packages/airflow/example_dags/example_complex.py
[2024-03-04T16:04:13.616+0000] {logging_mixin.py:188} INFO - [2024-03-04T16:04:13.616+0000] {dag.py:3047} INFO - Sync 1 DAGs
[2024-03-04T16:04:13.624+0000] {logging_mixin.py:188} INFO - [2024-03-04T16:04:13.624+0000] {dag.py:3834} INFO - Setting next_dagrun for example_complex to None, run_after=None
[2024-03-04T16:04:13.635+0000] {processor.py:183} INFO - Processing /home/airflow/.local/lib/python3.11/site-packages/airflow/example_dags/example_complex.py took 0.053 seconds
[2024-03-04T16:04:44.520+0000] {processor.py:161} INFO - Started process (PID=1430) to work on /home/airflow/.local/lib/python3.11/site-packages/airflow/example_dags/example_complex.py
[2024-03-04T16:04:44.521+0000] {processor.py:830} INFO - Processing file /home/airflow/.local/lib/python3.11/site-packages/airflow/example_dags/example_complex.py for tasks to queue
[2024-03-04T16:04:44.522+0000] {logging_mixin.py:188} INFO - [2024-03-04T16:04:44.522+0000] {dagbag.py:540} INFO - Filling up the DagBag from /home/airflow/.local/lib/python3.11/site-packages/airflow/example_dags/example_complex.py
[2024-03-04T16:04:44.529+0000] {processor.py:840} INFO - DAG(s) 'example_complex' retrieved from /home/airflow/.local/lib/python3.11/site-packages/airflow/example_dags/example_complex.py
[2024-03-04T16:04:44.547+0000] {logging_mixin.py:188} INFO - [2024-03-04T16:04:44.547+0000] {dag.py:3047} INFO - Sync 1 DAGs
[2024-03-04T16:04:44.554+0000] {logging_mixin.py:188} INFO - [2024-03-04T16:04:44.554+0000] {dag.py:3834} INFO - Setting next_dagrun for example_complex to None, run_after=None
[2024-03-04T16:04:44.564+0000] {processor.py:183} INFO - Processing /home/airflow/.local/lib/python3.11/site-packages/airflow/example_dags/example_complex.py took 0.046 seconds
[2024-03-04T16:05:15.248+0000] {processor.py:161} INFO - Started process (PID=1485) to work on /home/airflow/.local/lib/python3.11/site-packages/airflow/example_dags/example_complex.py
[2024-03-04T16:05:15.249+0000] {processor.py:830} INFO - Processing file /home/airflow/.local/lib/python3.11/site-packages/airflow/example_dags/example_complex.py for tasks to queue
[2024-03-04T16:05:15.251+0000] {logging_mixin.py:188} INFO - [2024-03-04T16:05:15.250+0000] {dagbag.py:540} INFO - Filling up the DagBag from /home/airflow/.local/lib/python3.11/site-packages/airflow/example_dags/example_complex.py
[2024-03-04T16:05:15.258+0000] {processor.py:840} INFO - DAG(s) 'example_complex' retrieved from /home/airflow/.local/lib/python3.11/site-packages/airflow/example_dags/example_complex.py
[2024-03-04T16:05:15.304+0000] {logging_mixin.py:188} INFO - [2024-03-04T16:05:15.304+0000] {dag.py:3047} INFO - Sync 1 DAGs
[2024-03-04T16:05:15.312+0000] {logging_mixin.py:188} INFO - [2024-03-04T16:05:15.312+0000] {dag.py:3834} INFO - Setting next_dagrun for example_complex to None, run_after=None
[2024-03-04T16:05:15.324+0000] {processor.py:183} INFO - Processing /home/airflow/.local/lib/python3.11/site-packages/airflow/example_dags/example_complex.py took 0.077 seconds
[2024-03-04T16:05:46.101+0000] {processor.py:161} INFO - Started process (PID=1540) to work on /home/airflow/.local/lib/python3.11/site-packages/airflow/example_dags/example_complex.py
[2024-03-04T16:05:46.102+0000] {processor.py:830} INFO - Processing file /home/airflow/.local/lib/python3.11/site-packages/airflow/example_dags/example_complex.py for tasks to queue
[2024-03-04T16:05:46.103+0000] {logging_mixin.py:188} INFO - [2024-03-04T16:05:46.102+0000] {dagbag.py:540} INFO - Filling up the DagBag from /home/airflow/.local/lib/python3.11/site-packages/airflow/example_dags/example_complex.py
[2024-03-04T16:05:46.107+0000] {processor.py:840} INFO - DAG(s) 'example_complex' retrieved from /home/airflow/.local/lib/python3.11/site-packages/airflow/example_dags/example_complex.py
[2024-03-04T16:05:46.120+0000] {logging_mixin.py:188} INFO - [2024-03-04T16:05:46.120+0000] {dag.py:3047} INFO - Sync 1 DAGs
[2024-03-04T16:05:46.127+0000] {logging_mixin.py:188} INFO - [2024-03-04T16:05:46.127+0000] {dag.py:3834} INFO - Setting next_dagrun for example_complex to None, run_after=None
[2024-03-04T16:05:46.141+0000] {processor.py:183} INFO - Processing /home/airflow/.local/lib/python3.11/site-packages/airflow/example_dags/example_complex.py took 0.042 seconds
[2024-03-04T16:06:16.170+0000] {processor.py:161} INFO - Started process (PID=1594) to work on /home/airflow/.local/lib/python3.11/site-packages/airflow/example_dags/example_complex.py
[2024-03-04T16:06:16.171+0000] {processor.py:830} INFO - Processing file /home/airflow/.local/lib/python3.11/site-packages/airflow/example_dags/example_complex.py for tasks to queue
[2024-03-04T16:06:16.172+0000] {logging_mixin.py:188} INFO - [2024-03-04T16:06:16.172+0000] {dagbag.py:540} INFO - Filling up the DagBag from /home/airflow/.local/lib/python3.11/site-packages/airflow/example_dags/example_complex.py
[2024-03-04T16:06:16.177+0000] {processor.py:840} INFO - DAG(s) 'example_complex' retrieved from /home/airflow/.local/lib/python3.11/site-packages/airflow/example_dags/example_complex.py
[2024-03-04T16:06:16.188+0000] {logging_mixin.py:188} INFO - [2024-03-04T16:06:16.188+0000] {dag.py:3047} INFO - Sync 1 DAGs
[2024-03-04T16:06:16.193+0000] {logging_mixin.py:188} INFO - [2024-03-04T16:06:16.193+0000] {dag.py:3834} INFO - Setting next_dagrun for example_complex to None, run_after=None
[2024-03-04T16:06:16.199+0000] {processor.py:183} INFO - Processing /home/airflow/.local/lib/python3.11/site-packages/airflow/example_dags/example_complex.py took 0.031 seconds
[2024-03-04T16:06:46.474+0000] {processor.py:161} INFO - Started process (PID=1650) to work on /home/airflow/.local/lib/python3.11/site-packages/airflow/example_dags/example_complex.py
[2024-03-04T16:06:46.475+0000] {processor.py:830} INFO - Processing file /home/airflow/.local/lib/python3.11/site-packages/airflow/example_dags/example_complex.py for tasks to queue
[2024-03-04T16:06:46.476+0000] {logging_mixin.py:188} INFO - [2024-03-04T16:06:46.475+0000] {dagbag.py:540} INFO - Filling up the DagBag from /home/airflow/.local/lib/python3.11/site-packages/airflow/example_dags/example_complex.py
[2024-03-04T16:06:46.480+0000] {processor.py:840} INFO - DAG(s) 'example_complex' retrieved from /home/airflow/.local/lib/python3.11/site-packages/airflow/example_dags/example_complex.py
[2024-03-04T16:06:46.493+0000] {logging_mixin.py:188} INFO - [2024-03-04T16:06:46.493+0000] {dag.py:3047} INFO - Sync 1 DAGs
[2024-03-04T16:06:46.500+0000] {logging_mixin.py:188} INFO - [2024-03-04T16:06:46.500+0000] {dag.py:3834} INFO - Setting next_dagrun for example_complex to None, run_after=None
[2024-03-04T16:06:46.511+0000] {processor.py:183} INFO - Processing /home/airflow/.local/lib/python3.11/site-packages/airflow/example_dags/example_complex.py took 0.038 seconds
[2024-03-04T16:07:17.269+0000] {processor.py:161} INFO - Started process (PID=1705) to work on /home/airflow/.local/lib/python3.11/site-packages/airflow/example_dags/example_complex.py
[2024-03-04T16:07:17.270+0000] {processor.py:830} INFO - Processing file /home/airflow/.local/lib/python3.11/site-packages/airflow/example_dags/example_complex.py for tasks to queue
[2024-03-04T16:07:17.271+0000] {logging_mixin.py:188} INFO - [2024-03-04T16:07:17.271+0000] {dagbag.py:540} INFO - Filling up the DagBag from /home/airflow/.local/lib/python3.11/site-packages/airflow/example_dags/example_complex.py
[2024-03-04T16:07:17.277+0000] {processor.py:840} INFO - DAG(s) 'example_complex' retrieved from /home/airflow/.local/lib/python3.11/site-packages/airflow/example_dags/example_complex.py
[2024-03-04T16:07:17.288+0000] {logging_mixin.py:188} INFO - [2024-03-04T16:07:17.288+0000] {dag.py:3047} INFO - Sync 1 DAGs
[2024-03-04T16:07:17.294+0000] {logging_mixin.py:188} INFO - [2024-03-04T16:07:17.294+0000] {dag.py:3834} INFO - Setting next_dagrun for example_complex to None, run_after=None
[2024-03-04T16:07:17.302+0000] {processor.py:183} INFO - Processing /home/airflow/.local/lib/python3.11/site-packages/airflow/example_dags/example_complex.py took 0.035 seconds
[2024-03-04T16:07:47.911+0000] {processor.py:161} INFO - Started process (PID=1760) to work on /home/airflow/.local/lib/python3.11/site-packages/airflow/example_dags/example_complex.py
[2024-03-04T16:07:47.912+0000] {processor.py:830} INFO - Processing file /home/airflow/.local/lib/python3.11/site-packages/airflow/example_dags/example_complex.py for tasks to queue
[2024-03-04T16:07:47.913+0000] {logging_mixin.py:188} INFO - [2024-03-04T16:07:47.913+0000] {dagbag.py:540} INFO - Filling up the DagBag from /home/airflow/.local/lib/python3.11/site-packages/airflow/example_dags/example_complex.py
[2024-03-04T16:07:47.918+0000] {processor.py:840} INFO - DAG(s) 'example_complex' retrieved from /home/airflow/.local/lib/python3.11/site-packages/airflow/example_dags/example_complex.py
[2024-03-04T16:07:47.933+0000] {logging_mixin.py:188} INFO - [2024-03-04T16:07:47.933+0000] {dag.py:3047} INFO - Sync 1 DAGs
[2024-03-04T16:07:47.942+0000] {logging_mixin.py:188} INFO - [2024-03-04T16:07:47.942+0000] {dag.py:3834} INFO - Setting next_dagrun for example_complex to None, run_after=None
[2024-03-04T16:07:47.951+0000] {processor.py:183} INFO - Processing /home/airflow/.local/lib/python3.11/site-packages/airflow/example_dags/example_complex.py took 0.041 seconds
[2024-03-04T16:08:18.618+0000] {processor.py:161} INFO - Started process (PID=1815) to work on /home/airflow/.local/lib/python3.11/site-packages/airflow/example_dags/example_complex.py
[2024-03-04T16:08:18.619+0000] {processor.py:830} INFO - Processing file /home/airflow/.local/lib/python3.11/site-packages/airflow/example_dags/example_complex.py for tasks to queue
[2024-03-04T16:08:18.620+0000] {logging_mixin.py:188} INFO - [2024-03-04T16:08:18.620+0000] {dagbag.py:540} INFO - Filling up the DagBag from /home/airflow/.local/lib/python3.11/site-packages/airflow/example_dags/example_complex.py
[2024-03-04T16:08:18.628+0000] {processor.py:840} INFO - DAG(s) 'example_complex' retrieved from /home/airflow/.local/lib/python3.11/site-packages/airflow/example_dags/example_complex.py
[2024-03-04T16:08:18.644+0000] {logging_mixin.py:188} INFO - [2024-03-04T16:08:18.644+0000] {dag.py:3047} INFO - Sync 1 DAGs
[2024-03-04T16:08:18.650+0000] {logging_mixin.py:188} INFO - [2024-03-04T16:08:18.650+0000] {dag.py:3834} INFO - Setting next_dagrun for example_complex to None, run_after=None
[2024-03-04T16:08:18.658+0000] {processor.py:183} INFO - Processing /home/airflow/.local/lib/python3.11/site-packages/airflow/example_dags/example_complex.py took 0.041 seconds
[2024-03-04T16:08:49.343+0000] {processor.py:161} INFO - Started process (PID=1870) to work on /home/airflow/.local/lib/python3.11/site-packages/airflow/example_dags/example_complex.py
[2024-03-04T16:08:49.343+0000] {processor.py:830} INFO - Processing file /home/airflow/.local/lib/python3.11/site-packages/airflow/example_dags/example_complex.py for tasks to queue
[2024-03-04T16:08:49.344+0000] {logging_mixin.py:188} INFO - [2024-03-04T16:08:49.344+0000] {dagbag.py:540} INFO - Filling up the DagBag from /home/airflow/.local/lib/python3.11/site-packages/airflow/example_dags/example_complex.py
[2024-03-04T16:08:49.350+0000] {processor.py:840} INFO - DAG(s) 'example_complex' retrieved from /home/airflow/.local/lib/python3.11/site-packages/airflow/example_dags/example_complex.py
[2024-03-04T16:08:49.362+0000] {logging_mixin.py:188} INFO - [2024-03-04T16:08:49.362+0000] {dag.py:3047} INFO - Sync 1 DAGs
[2024-03-04T16:08:49.369+0000] {logging_mixin.py:188} INFO - [2024-03-04T16:08:49.368+0000] {dag.py:3834} INFO - Setting next_dagrun for example_complex to None, run_after=None
[2024-03-04T16:08:49.377+0000] {processor.py:183} INFO - Processing /home/airflow/.local/lib/python3.11/site-packages/airflow/example_dags/example_complex.py took 0.036 seconds
[2024-03-04T16:09:19.886+0000] {processor.py:161} INFO - Started process (PID=1925) to work on /home/airflow/.local/lib/python3.11/site-packages/airflow/example_dags/example_complex.py
[2024-03-04T16:09:19.886+0000] {processor.py:830} INFO - Processing file /home/airflow/.local/lib/python3.11/site-packages/airflow/example_dags/example_complex.py for tasks to queue
[2024-03-04T16:09:19.887+0000] {logging_mixin.py:188} INFO - [2024-03-04T16:09:19.887+0000] {dagbag.py:540} INFO - Filling up the DagBag from /home/airflow/.local/lib/python3.11/site-packages/airflow/example_dags/example_complex.py
[2024-03-04T16:09:19.892+0000] {processor.py:840} INFO - DAG(s) 'example_complex' retrieved from /home/airflow/.local/lib/python3.11/site-packages/airflow/example_dags/example_complex.py
[2024-03-04T16:09:19.904+0000] {logging_mixin.py:188} INFO - [2024-03-04T16:09:19.904+0000] {dag.py:3047} INFO - Sync 1 DAGs
[2024-03-04T16:09:19.909+0000] {logging_mixin.py:188} INFO - [2024-03-04T16:09:19.909+0000] {dag.py:3834} INFO - Setting next_dagrun for example_complex to None, run_after=None
[2024-03-04T16:09:19.917+0000] {processor.py:183} INFO - Processing /home/airflow/.local/lib/python3.11/site-packages/airflow/example_dags/example_complex.py took 0.033 seconds
[2024-03-04T16:09:50.635+0000] {processor.py:161} INFO - Started process (PID=1980) to work on /home/airflow/.local/lib/python3.11/site-packages/airflow/example_dags/example_complex.py
[2024-03-04T16:09:50.636+0000] {processor.py:830} INFO - Processing file /home/airflow/.local/lib/python3.11/site-packages/airflow/example_dags/example_complex.py for tasks to queue
[2024-03-04T16:09:50.638+0000] {logging_mixin.py:188} INFO - [2024-03-04T16:09:50.638+0000] {dagbag.py:540} INFO - Filling up the DagBag from /home/airflow/.local/lib/python3.11/site-packages/airflow/example_dags/example_complex.py
[2024-03-04T16:09:50.645+0000] {processor.py:840} INFO - DAG(s) 'example_complex' retrieved from /home/airflow/.local/lib/python3.11/site-packages/airflow/example_dags/example_complex.py
[2024-03-04T16:09:50.661+0000] {logging_mixin.py:188} INFO - [2024-03-04T16:09:50.661+0000] {dag.py:3047} INFO - Sync 1 DAGs
[2024-03-04T16:09:50.666+0000] {logging_mixin.py:188} INFO - [2024-03-04T16:09:50.666+0000] {dag.py:3834} INFO - Setting next_dagrun for example_complex to None, run_after=None
[2024-03-04T16:09:50.676+0000] {processor.py:183} INFO - Processing /home/airflow/.local/lib/python3.11/site-packages/airflow/example_dags/example_complex.py took 0.044 seconds
[2024-03-04T16:10:21.186+0000] {processor.py:161} INFO - Started process (PID=2035) to work on /home/airflow/.local/lib/python3.11/site-packages/airflow/example_dags/example_complex.py
[2024-03-04T16:10:21.187+0000] {processor.py:830} INFO - Processing file /home/airflow/.local/lib/python3.11/site-packages/airflow/example_dags/example_complex.py for tasks to queue
[2024-03-04T16:10:21.187+0000] {logging_mixin.py:188} INFO - [2024-03-04T16:10:21.187+0000] {dagbag.py:540} INFO - Filling up the DagBag from /home/airflow/.local/lib/python3.11/site-packages/airflow/example_dags/example_complex.py
[2024-03-04T16:10:21.192+0000] {processor.py:840} INFO - DAG(s) 'example_complex' retrieved from /home/airflow/.local/lib/python3.11/site-packages/airflow/example_dags/example_complex.py
[2024-03-04T16:10:21.205+0000] {logging_mixin.py:188} INFO - [2024-03-04T16:10:21.205+0000] {dag.py:3047} INFO - Sync 1 DAGs
[2024-03-04T16:10:21.211+0000] {logging_mixin.py:188} INFO - [2024-03-04T16:10:21.211+0000] {dag.py:3834} INFO - Setting next_dagrun for example_complex to None, run_after=None
[2024-03-04T16:10:21.221+0000] {processor.py:183} INFO - Processing /home/airflow/.local/lib/python3.11/site-packages/airflow/example_dags/example_complex.py took 0.037 seconds
[2024-03-04T16:10:51.780+0000] {processor.py:161} INFO - Started process (PID=2090) to work on /home/airflow/.local/lib/python3.11/site-packages/airflow/example_dags/example_complex.py
[2024-03-04T16:10:51.781+0000] {processor.py:830} INFO - Processing file /home/airflow/.local/lib/python3.11/site-packages/airflow/example_dags/example_complex.py for tasks to queue
[2024-03-04T16:10:51.782+0000] {logging_mixin.py:188} INFO - [2024-03-04T16:10:51.782+0000] {dagbag.py:540} INFO - Filling up the DagBag from /home/airflow/.local/lib/python3.11/site-packages/airflow/example_dags/example_complex.py
[2024-03-04T16:10:51.787+0000] {processor.py:840} INFO - DAG(s) 'example_complex' retrieved from /home/airflow/.local/lib/python3.11/site-packages/airflow/example_dags/example_complex.py
[2024-03-04T16:10:51.800+0000] {logging_mixin.py:188} INFO - [2024-03-04T16:10:51.799+0000] {dag.py:3047} INFO - Sync 1 DAGs
[2024-03-04T16:10:51.810+0000] {logging_mixin.py:188} INFO - [2024-03-04T16:10:51.809+0000] {dag.py:3834} INFO - Setting next_dagrun for example_complex to None, run_after=None
[2024-03-04T16:10:51.818+0000] {processor.py:183} INFO - Processing /home/airflow/.local/lib/python3.11/site-packages/airflow/example_dags/example_complex.py took 0.040 seconds
[2024-03-04T16:11:22.562+0000] {processor.py:161} INFO - Started process (PID=2145) to work on /home/airflow/.local/lib/python3.11/site-packages/airflow/example_dags/example_complex.py
[2024-03-04T16:11:22.563+0000] {processor.py:830} INFO - Processing file /home/airflow/.local/lib/python3.11/site-packages/airflow/example_dags/example_complex.py for tasks to queue
[2024-03-04T16:11:22.564+0000] {logging_mixin.py:188} INFO - [2024-03-04T16:11:22.563+0000] {dagbag.py:540} INFO - Filling up the DagBag from /home/airflow/.local/lib/python3.11/site-packages/airflow/example_dags/example_complex.py
[2024-03-04T16:11:22.568+0000] {processor.py:840} INFO - DAG(s) 'example_complex' retrieved from /home/airflow/.local/lib/python3.11/site-packages/airflow/example_dags/example_complex.py
[2024-03-04T16:11:22.581+0000] {logging_mixin.py:188} INFO - [2024-03-04T16:11:22.580+0000] {dag.py:3047} INFO - Sync 1 DAGs
[2024-03-04T16:11:22.586+0000] {logging_mixin.py:188} INFO - [2024-03-04T16:11:22.586+0000] {dag.py:3834} INFO - Setting next_dagrun for example_complex to None, run_after=None
[2024-03-04T16:11:22.597+0000] {processor.py:183} INFO - Processing /home/airflow/.local/lib/python3.11/site-packages/airflow/example_dags/example_complex.py took 0.036 seconds
[2024-03-04T16:11:53.195+0000] {processor.py:161} INFO - Started process (PID=2200) to work on /home/airflow/.local/lib/python3.11/site-packages/airflow/example_dags/example_complex.py
[2024-03-04T16:11:53.196+0000] {processor.py:830} INFO - Processing file /home/airflow/.local/lib/python3.11/site-packages/airflow/example_dags/example_complex.py for tasks to queue
[2024-03-04T16:11:53.197+0000] {logging_mixin.py:188} INFO - [2024-03-04T16:11:53.197+0000] {dagbag.py:540} INFO - Filling up the DagBag from /home/airflow/.local/lib/python3.11/site-packages/airflow/example_dags/example_complex.py
[2024-03-04T16:11:53.201+0000] {processor.py:840} INFO - DAG(s) 'example_complex' retrieved from /home/airflow/.local/lib/python3.11/site-packages/airflow/example_dags/example_complex.py
[2024-03-04T16:11:53.214+0000] {logging_mixin.py:188} INFO - [2024-03-04T16:11:53.214+0000] {dag.py:3047} INFO - Sync 1 DAGs
[2024-03-04T16:11:53.220+0000] {logging_mixin.py:188} INFO - [2024-03-04T16:11:53.220+0000] {dag.py:3834} INFO - Setting next_dagrun for example_complex to None, run_after=None
[2024-03-04T16:11:53.237+0000] {processor.py:183} INFO - Processing /home/airflow/.local/lib/python3.11/site-packages/airflow/example_dags/example_complex.py took 0.044 seconds
[2024-03-04T16:12:23.915+0000] {processor.py:161} INFO - Started process (PID=2255) to work on /home/airflow/.local/lib/python3.11/site-packages/airflow/example_dags/example_complex.py
[2024-03-04T16:12:23.916+0000] {processor.py:830} INFO - Processing file /home/airflow/.local/lib/python3.11/site-packages/airflow/example_dags/example_complex.py for tasks to queue
[2024-03-04T16:12:23.917+0000] {logging_mixin.py:188} INFO - [2024-03-04T16:12:23.916+0000] {dagbag.py:540} INFO - Filling up the DagBag from /home/airflow/.local/lib/python3.11/site-packages/airflow/example_dags/example_complex.py
[2024-03-04T16:12:23.922+0000] {processor.py:840} INFO - DAG(s) 'example_complex' retrieved from /home/airflow/.local/lib/python3.11/site-packages/airflow/example_dags/example_complex.py
[2024-03-04T16:12:23.933+0000] {logging_mixin.py:188} INFO - [2024-03-04T16:12:23.933+0000] {dag.py:3047} INFO - Sync 1 DAGs
[2024-03-04T16:12:23.939+0000] {logging_mixin.py:188} INFO - [2024-03-04T16:12:23.939+0000] {dag.py:3834} INFO - Setting next_dagrun for example_complex to None, run_after=None
[2024-03-04T16:12:23.947+0000] {processor.py:183} INFO - Processing /home/airflow/.local/lib/python3.11/site-packages/airflow/example_dags/example_complex.py took 0.034 seconds
[2024-03-04T16:12:54.563+0000] {processor.py:161} INFO - Started process (PID=2310) to work on /home/airflow/.local/lib/python3.11/site-packages/airflow/example_dags/example_complex.py
[2024-03-04T16:12:54.566+0000] {processor.py:830} INFO - Processing file /home/airflow/.local/lib/python3.11/site-packages/airflow/example_dags/example_complex.py for tasks to queue
[2024-03-04T16:12:54.567+0000] {logging_mixin.py:188} INFO - [2024-03-04T16:12:54.567+0000] {dagbag.py:540} INFO - Filling up the DagBag from /home/airflow/.local/lib/python3.11/site-packages/airflow/example_dags/example_complex.py
[2024-03-04T16:12:54.572+0000] {processor.py:840} INFO - DAG(s) 'example_complex' retrieved from /home/airflow/.local/lib/python3.11/site-packages/airflow/example_dags/example_complex.py
[2024-03-04T16:12:54.586+0000] {logging_mixin.py:188} INFO - [2024-03-04T16:12:54.586+0000] {dag.py:3047} INFO - Sync 1 DAGs
[2024-03-04T16:12:54.594+0000] {logging_mixin.py:188} INFO - [2024-03-04T16:12:54.594+0000] {dag.py:3834} INFO - Setting next_dagrun for example_complex to None, run_after=None
[2024-03-04T16:12:54.602+0000] {processor.py:183} INFO - Processing /home/airflow/.local/lib/python3.11/site-packages/airflow/example_dags/example_complex.py took 0.041 seconds
[2024-03-04T16:13:25.169+0000] {processor.py:161} INFO - Started process (PID=2365) to work on /home/airflow/.local/lib/python3.11/site-packages/airflow/example_dags/example_complex.py
[2024-03-04T16:13:25.169+0000] {processor.py:830} INFO - Processing file /home/airflow/.local/lib/python3.11/site-packages/airflow/example_dags/example_complex.py for tasks to queue
[2024-03-04T16:13:25.170+0000] {logging_mixin.py:188} INFO - [2024-03-04T16:13:25.170+0000] {dagbag.py:540} INFO - Filling up the DagBag from /home/airflow/.local/lib/python3.11/site-packages/airflow/example_dags/example_complex.py
[2024-03-04T16:13:25.176+0000] {processor.py:840} INFO - DAG(s) 'example_complex' retrieved from /home/airflow/.local/lib/python3.11/site-packages/airflow/example_dags/example_complex.py
[2024-03-04T16:13:25.188+0000] {logging_mixin.py:188} INFO - [2024-03-04T16:13:25.188+0000] {dag.py:3047} INFO - Sync 1 DAGs
[2024-03-04T16:13:25.193+0000] {logging_mixin.py:188} INFO - [2024-03-04T16:13:25.193+0000] {dag.py:3834} INFO - Setting next_dagrun for example_complex to None, run_after=None
[2024-03-04T16:13:25.202+0000] {processor.py:183} INFO - Processing /home/airflow/.local/lib/python3.11/site-packages/airflow/example_dags/example_complex.py took 0.035 seconds
[2024-03-04T16:13:55.913+0000] {processor.py:161} INFO - Started process (PID=2420) to work on /home/airflow/.local/lib/python3.11/site-packages/airflow/example_dags/example_complex.py
[2024-03-04T16:13:55.913+0000] {processor.py:830} INFO - Processing file /home/airflow/.local/lib/python3.11/site-packages/airflow/example_dags/example_complex.py for tasks to queue
[2024-03-04T16:13:55.914+0000] {logging_mixin.py:188} INFO - [2024-03-04T16:13:55.914+0000] {dagbag.py:540} INFO - Filling up the DagBag from /home/airflow/.local/lib/python3.11/site-packages/airflow/example_dags/example_complex.py
[2024-03-04T16:13:55.919+0000] {processor.py:840} INFO - DAG(s) 'example_complex' retrieved from /home/airflow/.local/lib/python3.11/site-packages/airflow/example_dags/example_complex.py
[2024-03-04T16:13:55.931+0000] {logging_mixin.py:188} INFO - [2024-03-04T16:13:55.931+0000] {dag.py:3047} INFO - Sync 1 DAGs
[2024-03-04T16:13:55.938+0000] {logging_mixin.py:188} INFO - [2024-03-04T16:13:55.938+0000] {dag.py:3834} INFO - Setting next_dagrun for example_complex to None, run_after=None
[2024-03-04T16:13:55.950+0000] {processor.py:183} INFO - Processing /home/airflow/.local/lib/python3.11/site-packages/airflow/example_dags/example_complex.py took 0.038 seconds
[2024-03-04T16:14:26.727+0000] {processor.py:161} INFO - Started process (PID=2475) to work on /home/airflow/.local/lib/python3.11/site-packages/airflow/example_dags/example_complex.py
[2024-03-04T16:14:26.727+0000] {processor.py:830} INFO - Processing file /home/airflow/.local/lib/python3.11/site-packages/airflow/example_dags/example_complex.py for tasks to queue
[2024-03-04T16:14:26.728+0000] {logging_mixin.py:188} INFO - [2024-03-04T16:14:26.728+0000] {dagbag.py:540} INFO - Filling up the DagBag from /home/airflow/.local/lib/python3.11/site-packages/airflow/example_dags/example_complex.py
[2024-03-04T16:14:26.733+0000] {processor.py:840} INFO - DAG(s) 'example_complex' retrieved from /home/airflow/.local/lib/python3.11/site-packages/airflow/example_dags/example_complex.py
[2024-03-04T16:14:26.745+0000] {logging_mixin.py:188} INFO - [2024-03-04T16:14:26.745+0000] {dag.py:3047} INFO - Sync 1 DAGs
[2024-03-04T16:14:26.751+0000] {logging_mixin.py:188} INFO - [2024-03-04T16:14:26.751+0000] {dag.py:3834} INFO - Setting next_dagrun for example_complex to None, run_after=None
[2024-03-04T16:14:26.759+0000] {processor.py:183} INFO - Processing /home/airflow/.local/lib/python3.11/site-packages/airflow/example_dags/example_complex.py took 0.034 seconds
[2024-03-04T16:14:57.441+0000] {processor.py:161} INFO - Started process (PID=2530) to work on /home/airflow/.local/lib/python3.11/site-packages/airflow/example_dags/example_complex.py
[2024-03-04T16:14:57.441+0000] {processor.py:830} INFO - Processing file /home/airflow/.local/lib/python3.11/site-packages/airflow/example_dags/example_complex.py for tasks to queue
[2024-03-04T16:14:57.442+0000] {logging_mixin.py:188} INFO - [2024-03-04T16:14:57.442+0000] {dagbag.py:540} INFO - Filling up the DagBag from /home/airflow/.local/lib/python3.11/site-packages/airflow/example_dags/example_complex.py
[2024-03-04T16:14:57.447+0000] {processor.py:840} INFO - DAG(s) 'example_complex' retrieved from /home/airflow/.local/lib/python3.11/site-packages/airflow/example_dags/example_complex.py
[2024-03-04T16:14:57.459+0000] {logging_mixin.py:188} INFO - [2024-03-04T16:14:57.459+0000] {dag.py:3047} INFO - Sync 1 DAGs
[2024-03-04T16:14:57.464+0000] {logging_mixin.py:188} INFO - [2024-03-04T16:14:57.464+0000] {dag.py:3834} INFO - Setting next_dagrun for example_complex to None, run_after=None
[2024-03-04T16:14:57.474+0000] {processor.py:183} INFO - Processing /home/airflow/.local/lib/python3.11/site-packages/airflow/example_dags/example_complex.py took 0.035 seconds
[2024-03-04T16:15:27.918+0000] {processor.py:161} INFO - Started process (PID=2585) to work on /home/airflow/.local/lib/python3.11/site-packages/airflow/example_dags/example_complex.py
[2024-03-04T16:15:27.919+0000] {processor.py:830} INFO - Processing file /home/airflow/.local/lib/python3.11/site-packages/airflow/example_dags/example_complex.py for tasks to queue
[2024-03-04T16:15:27.920+0000] {logging_mixin.py:188} INFO - [2024-03-04T16:15:27.920+0000] {dagbag.py:540} INFO - Filling up the DagBag from /home/airflow/.local/lib/python3.11/site-packages/airflow/example_dags/example_complex.py
[2024-03-04T16:15:27.927+0000] {processor.py:840} INFO - DAG(s) 'example_complex' retrieved from /home/airflow/.local/lib/python3.11/site-packages/airflow/example_dags/example_complex.py
[2024-03-04T16:15:27.941+0000] {logging_mixin.py:188} INFO - [2024-03-04T16:15:27.941+0000] {dag.py:3047} INFO - Sync 1 DAGs
[2024-03-04T16:15:27.948+0000] {logging_mixin.py:188} INFO - [2024-03-04T16:15:27.948+0000] {dag.py:3834} INFO - Setting next_dagrun for example_complex to None, run_after=None
[2024-03-04T16:15:27.957+0000] {processor.py:183} INFO - Processing /home/airflow/.local/lib/python3.11/site-packages/airflow/example_dags/example_complex.py took 0.041 seconds
[2024-03-04T16:15:58.755+0000] {processor.py:161} INFO - Started process (PID=2640) to work on /home/airflow/.local/lib/python3.11/site-packages/airflow/example_dags/example_complex.py
[2024-03-04T16:15:58.756+0000] {processor.py:830} INFO - Processing file /home/airflow/.local/lib/python3.11/site-packages/airflow/example_dags/example_complex.py for tasks to queue
[2024-03-04T16:15:58.757+0000] {logging_mixin.py:188} INFO - [2024-03-04T16:15:58.757+0000] {dagbag.py:540} INFO - Filling up the DagBag from /home/airflow/.local/lib/python3.11/site-packages/airflow/example_dags/example_complex.py
[2024-03-04T16:15:58.761+0000] {processor.py:840} INFO - DAG(s) 'example_complex' retrieved from /home/airflow/.local/lib/python3.11/site-packages/airflow/example_dags/example_complex.py
[2024-03-04T16:15:58.774+0000] {logging_mixin.py:188} INFO - [2024-03-04T16:15:58.774+0000] {dag.py:3047} INFO - Sync 1 DAGs
[2024-03-04T16:15:58.781+0000] {logging_mixin.py:188} INFO - [2024-03-04T16:15:58.781+0000] {dag.py:3834} INFO - Setting next_dagrun for example_complex to None, run_after=None
[2024-03-04T16:15:58.795+0000] {processor.py:183} INFO - Processing /home/airflow/.local/lib/python3.11/site-packages/airflow/example_dags/example_complex.py took 0.041 seconds
[2024-03-04T16:16:30.847+0000] {processor.py:161} INFO - Started process (PID=2695) to work on /home/airflow/.local/lib/python3.11/site-packages/airflow/example_dags/example_complex.py
[2024-03-04T16:16:30.852+0000] {processor.py:830} INFO - Processing file /home/airflow/.local/lib/python3.11/site-packages/airflow/example_dags/example_complex.py for tasks to queue
[2024-03-04T16:16:30.868+0000] {logging_mixin.py:188} INFO - [2024-03-04T16:16:30.866+0000] {dagbag.py:540} INFO - Filling up the DagBag from /home/airflow/.local/lib/python3.11/site-packages/airflow/example_dags/example_complex.py
[2024-03-04T16:16:30.890+0000] {processor.py:840} INFO - DAG(s) 'example_complex' retrieved from /home/airflow/.local/lib/python3.11/site-packages/airflow/example_dags/example_complex.py
[2024-03-04T16:16:30.936+0000] {logging_mixin.py:188} INFO - [2024-03-04T16:16:30.936+0000] {dag.py:3047} INFO - Sync 1 DAGs
[2024-03-04T16:16:30.947+0000] {logging_mixin.py:188} INFO - [2024-03-04T16:16:30.947+0000] {dag.py:3834} INFO - Setting next_dagrun for example_complex to None, run_after=None
[2024-03-04T16:16:30.970+0000] {processor.py:183} INFO - Processing /home/airflow/.local/lib/python3.11/site-packages/airflow/example_dags/example_complex.py took 0.156 seconds
[2024-03-04T16:17:01.050+0000] {processor.py:161} INFO - Started process (PID=2749) to work on /home/airflow/.local/lib/python3.11/site-packages/airflow/example_dags/example_complex.py
[2024-03-04T16:17:01.051+0000] {processor.py:830} INFO - Processing file /home/airflow/.local/lib/python3.11/site-packages/airflow/example_dags/example_complex.py for tasks to queue
[2024-03-04T16:17:01.053+0000] {logging_mixin.py:188} INFO - [2024-03-04T16:17:01.052+0000] {dagbag.py:540} INFO - Filling up the DagBag from /home/airflow/.local/lib/python3.11/site-packages/airflow/example_dags/example_complex.py
[2024-03-04T16:17:01.060+0000] {processor.py:840} INFO - DAG(s) 'example_complex' retrieved from /home/airflow/.local/lib/python3.11/site-packages/airflow/example_dags/example_complex.py
[2024-03-04T16:17:01.076+0000] {logging_mixin.py:188} INFO - [2024-03-04T16:17:01.076+0000] {dag.py:3047} INFO - Sync 1 DAGs
[2024-03-04T16:17:01.082+0000] {logging_mixin.py:188} INFO - [2024-03-04T16:17:01.082+0000] {dag.py:3834} INFO - Setting next_dagrun for example_complex to None, run_after=None
[2024-03-04T16:17:01.090+0000] {processor.py:183} INFO - Processing /home/airflow/.local/lib/python3.11/site-packages/airflow/example_dags/example_complex.py took 0.043 seconds
[2024-03-04T16:17:31.954+0000] {processor.py:161} INFO - Started process (PID=2805) to work on /home/airflow/.local/lib/python3.11/site-packages/airflow/example_dags/example_complex.py
[2024-03-04T16:17:31.955+0000] {processor.py:830} INFO - Processing file /home/airflow/.local/lib/python3.11/site-packages/airflow/example_dags/example_complex.py for tasks to queue
[2024-03-04T16:17:31.956+0000] {logging_mixin.py:188} INFO - [2024-03-04T16:17:31.956+0000] {dagbag.py:540} INFO - Filling up the DagBag from /home/airflow/.local/lib/python3.11/site-packages/airflow/example_dags/example_complex.py
[2024-03-04T16:17:31.962+0000] {processor.py:840} INFO - DAG(s) 'example_complex' retrieved from /home/airflow/.local/lib/python3.11/site-packages/airflow/example_dags/example_complex.py
[2024-03-04T16:17:31.978+0000] {logging_mixin.py:188} INFO - [2024-03-04T16:17:31.978+0000] {dag.py:3047} INFO - Sync 1 DAGs
[2024-03-04T16:17:31.984+0000] {logging_mixin.py:188} INFO - [2024-03-04T16:17:31.984+0000] {dag.py:3834} INFO - Setting next_dagrun for example_complex to None, run_after=None
[2024-03-04T16:17:31.993+0000] {processor.py:183} INFO - Processing /home/airflow/.local/lib/python3.11/site-packages/airflow/example_dags/example_complex.py took 0.041 seconds
[2024-03-04T16:18:02.273+0000] {processor.py:161} INFO - Started process (PID=2860) to work on /home/airflow/.local/lib/python3.11/site-packages/airflow/example_dags/example_complex.py
[2024-03-04T16:18:02.273+0000] {processor.py:830} INFO - Processing file /home/airflow/.local/lib/python3.11/site-packages/airflow/example_dags/example_complex.py for tasks to queue
[2024-03-04T16:18:02.274+0000] {logging_mixin.py:188} INFO - [2024-03-04T16:18:02.274+0000] {dagbag.py:540} INFO - Filling up the DagBag from /home/airflow/.local/lib/python3.11/site-packages/airflow/example_dags/example_complex.py
[2024-03-04T16:18:02.286+0000] {processor.py:840} INFO - DAG(s) 'example_complex' retrieved from /home/airflow/.local/lib/python3.11/site-packages/airflow/example_dags/example_complex.py
[2024-03-04T16:18:02.302+0000] {logging_mixin.py:188} INFO - [2024-03-04T16:18:02.302+0000] {dag.py:3047} INFO - Sync 1 DAGs
[2024-03-04T16:18:02.308+0000] {logging_mixin.py:188} INFO - [2024-03-04T16:18:02.308+0000] {dag.py:3834} INFO - Setting next_dagrun for example_complex to None, run_after=None
[2024-03-04T16:18:02.319+0000] {processor.py:183} INFO - Processing /home/airflow/.local/lib/python3.11/site-packages/airflow/example_dags/example_complex.py took 0.049 seconds
[2024-03-04T16:18:32.684+0000] {processor.py:161} INFO - Started process (PID=2915) to work on /home/airflow/.local/lib/python3.11/site-packages/airflow/example_dags/example_complex.py
[2024-03-04T16:18:32.684+0000] {processor.py:830} INFO - Processing file /home/airflow/.local/lib/python3.11/site-packages/airflow/example_dags/example_complex.py for tasks to queue
[2024-03-04T16:18:32.686+0000] {logging_mixin.py:188} INFO - [2024-03-04T16:18:32.685+0000] {dagbag.py:540} INFO - Filling up the DagBag from /home/airflow/.local/lib/python3.11/site-packages/airflow/example_dags/example_complex.py
[2024-03-04T16:18:32.693+0000] {processor.py:840} INFO - DAG(s) 'example_complex' retrieved from /home/airflow/.local/lib/python3.11/site-packages/airflow/example_dags/example_complex.py
[2024-03-04T16:18:32.710+0000] {logging_mixin.py:188} INFO - [2024-03-04T16:18:32.710+0000] {dag.py:3047} INFO - Sync 1 DAGs
[2024-03-04T16:18:32.717+0000] {logging_mixin.py:188} INFO - [2024-03-04T16:18:32.716+0000] {dag.py:3834} INFO - Setting next_dagrun for example_complex to None, run_after=None
[2024-03-04T16:18:32.725+0000] {processor.py:183} INFO - Processing /home/airflow/.local/lib/python3.11/site-packages/airflow/example_dags/example_complex.py took 0.043 seconds
[2024-03-04T16:19:02.767+0000] {processor.py:161} INFO - Started process (PID=2969) to work on /home/airflow/.local/lib/python3.11/site-packages/airflow/example_dags/example_complex.py
[2024-03-04T16:19:02.767+0000] {processor.py:830} INFO - Processing file /home/airflow/.local/lib/python3.11/site-packages/airflow/example_dags/example_complex.py for tasks to queue
[2024-03-04T16:19:02.769+0000] {logging_mixin.py:188} INFO - [2024-03-04T16:19:02.769+0000] {dagbag.py:540} INFO - Filling up the DagBag from /home/airflow/.local/lib/python3.11/site-packages/airflow/example_dags/example_complex.py
[2024-03-04T16:19:02.776+0000] {processor.py:840} INFO - DAG(s) 'example_complex' retrieved from /home/airflow/.local/lib/python3.11/site-packages/airflow/example_dags/example_complex.py
[2024-03-04T16:19:02.790+0000] {logging_mixin.py:188} INFO - [2024-03-04T16:19:02.790+0000] {dag.py:3047} INFO - Sync 1 DAGs
[2024-03-04T16:19:02.795+0000] {logging_mixin.py:188} INFO - [2024-03-04T16:19:02.795+0000] {dag.py:3834} INFO - Setting next_dagrun for example_complex to None, run_after=None
[2024-03-04T16:19:02.802+0000] {processor.py:183} INFO - Processing /home/airflow/.local/lib/python3.11/site-packages/airflow/example_dags/example_complex.py took 0.038 seconds
[2024-03-04T16:19:33.032+0000] {processor.py:161} INFO - Started process (PID=3025) to work on /home/airflow/.local/lib/python3.11/site-packages/airflow/example_dags/example_complex.py
[2024-03-04T16:19:33.033+0000] {processor.py:830} INFO - Processing file /home/airflow/.local/lib/python3.11/site-packages/airflow/example_dags/example_complex.py for tasks to queue
[2024-03-04T16:19:33.034+0000] {logging_mixin.py:188} INFO - [2024-03-04T16:19:33.034+0000] {dagbag.py:540} INFO - Filling up the DagBag from /home/airflow/.local/lib/python3.11/site-packages/airflow/example_dags/example_complex.py
[2024-03-04T16:19:33.041+0000] {processor.py:840} INFO - DAG(s) 'example_complex' retrieved from /home/airflow/.local/lib/python3.11/site-packages/airflow/example_dags/example_complex.py
[2024-03-04T16:19:33.060+0000] {logging_mixin.py:188} INFO - [2024-03-04T16:19:33.060+0000] {dag.py:3047} INFO - Sync 1 DAGs
[2024-03-04T16:19:33.067+0000] {logging_mixin.py:188} INFO - [2024-03-04T16:19:33.066+0000] {dag.py:3834} INFO - Setting next_dagrun for example_complex to None, run_after=None
[2024-03-04T16:19:33.075+0000] {processor.py:183} INFO - Processing /home/airflow/.local/lib/python3.11/site-packages/airflow/example_dags/example_complex.py took 0.044 seconds
[2024-03-04T16:20:03.169+0000] {processor.py:161} INFO - Started process (PID=3079) to work on /home/airflow/.local/lib/python3.11/site-packages/airflow/example_dags/example_complex.py
[2024-03-04T16:20:03.170+0000] {processor.py:830} INFO - Processing file /home/airflow/.local/lib/python3.11/site-packages/airflow/example_dags/example_complex.py for tasks to queue
[2024-03-04T16:20:03.171+0000] {logging_mixin.py:188} INFO - [2024-03-04T16:20:03.171+0000] {dagbag.py:540} INFO - Filling up the DagBag from /home/airflow/.local/lib/python3.11/site-packages/airflow/example_dags/example_complex.py
[2024-03-04T16:20:03.177+0000] {processor.py:840} INFO - DAG(s) 'example_complex' retrieved from /home/airflow/.local/lib/python3.11/site-packages/airflow/example_dags/example_complex.py
[2024-03-04T16:20:03.190+0000] {logging_mixin.py:188} INFO - [2024-03-04T16:20:03.190+0000] {dag.py:3047} INFO - Sync 1 DAGs
[2024-03-04T16:20:03.196+0000] {logging_mixin.py:188} INFO - [2024-03-04T16:20:03.196+0000] {dag.py:3834} INFO - Setting next_dagrun for example_complex to None, run_after=None
[2024-03-04T16:20:03.210+0000] {processor.py:183} INFO - Processing /home/airflow/.local/lib/python3.11/site-packages/airflow/example_dags/example_complex.py took 0.043 seconds
[2024-03-04T16:20:33.888+0000] {processor.py:161} INFO - Started process (PID=3135) to work on /home/airflow/.local/lib/python3.11/site-packages/airflow/example_dags/example_complex.py
[2024-03-04T16:20:33.889+0000] {processor.py:830} INFO - Processing file /home/airflow/.local/lib/python3.11/site-packages/airflow/example_dags/example_complex.py for tasks to queue
[2024-03-04T16:20:33.890+0000] {logging_mixin.py:188} INFO - [2024-03-04T16:20:33.890+0000] {dagbag.py:540} INFO - Filling up the DagBag from /home/airflow/.local/lib/python3.11/site-packages/airflow/example_dags/example_complex.py
[2024-03-04T16:20:33.898+0000] {processor.py:840} INFO - DAG(s) 'example_complex' retrieved from /home/airflow/.local/lib/python3.11/site-packages/airflow/example_dags/example_complex.py
[2024-03-04T16:20:33.917+0000] {logging_mixin.py:188} INFO - [2024-03-04T16:20:33.917+0000] {dag.py:3047} INFO - Sync 1 DAGs
[2024-03-04T16:20:33.925+0000] {logging_mixin.py:188} INFO - [2024-03-04T16:20:33.925+0000] {dag.py:3834} INFO - Setting next_dagrun for example_complex to None, run_after=None
[2024-03-04T16:20:33.934+0000] {processor.py:183} INFO - Processing /home/airflow/.local/lib/python3.11/site-packages/airflow/example_dags/example_complex.py took 0.047 seconds
[2024-03-04T16:21:04.119+0000] {processor.py:161} INFO - Started process (PID=3190) to work on /home/airflow/.local/lib/python3.11/site-packages/airflow/example_dags/example_complex.py
[2024-03-04T16:21:04.120+0000] {processor.py:830} INFO - Processing file /home/airflow/.local/lib/python3.11/site-packages/airflow/example_dags/example_complex.py for tasks to queue
[2024-03-04T16:21:04.121+0000] {logging_mixin.py:188} INFO - [2024-03-04T16:21:04.121+0000] {dagbag.py:540} INFO - Filling up the DagBag from /home/airflow/.local/lib/python3.11/site-packages/airflow/example_dags/example_complex.py
[2024-03-04T16:21:04.127+0000] {processor.py:840} INFO - DAG(s) 'example_complex' retrieved from /home/airflow/.local/lib/python3.11/site-packages/airflow/example_dags/example_complex.py
[2024-03-04T16:21:04.139+0000] {logging_mixin.py:188} INFO - [2024-03-04T16:21:04.139+0000] {dag.py:3047} INFO - Sync 1 DAGs
[2024-03-04T16:21:04.144+0000] {logging_mixin.py:188} INFO - [2024-03-04T16:21:04.144+0000] {dag.py:3834} INFO - Setting next_dagrun for example_complex to None, run_after=None
[2024-03-04T16:21:04.151+0000] {processor.py:183} INFO - Processing /home/airflow/.local/lib/python3.11/site-packages/airflow/example_dags/example_complex.py took 0.034 seconds
[2024-03-04T16:21:34.357+0000] {processor.py:161} INFO - Started process (PID=3245) to work on /home/airflow/.local/lib/python3.11/site-packages/airflow/example_dags/example_complex.py
[2024-03-04T16:21:34.358+0000] {processor.py:830} INFO - Processing file /home/airflow/.local/lib/python3.11/site-packages/airflow/example_dags/example_complex.py for tasks to queue
[2024-03-04T16:21:34.359+0000] {logging_mixin.py:188} INFO - [2024-03-04T16:21:34.359+0000] {dagbag.py:540} INFO - Filling up the DagBag from /home/airflow/.local/lib/python3.11/site-packages/airflow/example_dags/example_complex.py
[2024-03-04T16:21:34.364+0000] {processor.py:840} INFO - DAG(s) 'example_complex' retrieved from /home/airflow/.local/lib/python3.11/site-packages/airflow/example_dags/example_complex.py
[2024-03-04T16:21:34.377+0000] {logging_mixin.py:188} INFO - [2024-03-04T16:21:34.377+0000] {dag.py:3047} INFO - Sync 1 DAGs
[2024-03-04T16:21:34.395+0000] {logging_mixin.py:188} INFO - [2024-03-04T16:21:34.395+0000] {dag.py:3834} INFO - Setting next_dagrun for example_complex to None, run_after=None
[2024-03-04T16:21:34.404+0000] {processor.py:183} INFO - Processing /home/airflow/.local/lib/python3.11/site-packages/airflow/example_dags/example_complex.py took 0.048 seconds
[2024-03-04T16:22:04.675+0000] {processor.py:161} INFO - Started process (PID=3300) to work on /home/airflow/.local/lib/python3.11/site-packages/airflow/example_dags/example_complex.py
[2024-03-04T16:22:04.676+0000] {processor.py:830} INFO - Processing file /home/airflow/.local/lib/python3.11/site-packages/airflow/example_dags/example_complex.py for tasks to queue
[2024-03-04T16:22:04.677+0000] {logging_mixin.py:188} INFO - [2024-03-04T16:22:04.677+0000] {dagbag.py:540} INFO - Filling up the DagBag from /home/airflow/.local/lib/python3.11/site-packages/airflow/example_dags/example_complex.py
[2024-03-04T16:22:04.682+0000] {processor.py:840} INFO - DAG(s) 'example_complex' retrieved from /home/airflow/.local/lib/python3.11/site-packages/airflow/example_dags/example_complex.py
[2024-03-04T16:22:04.694+0000] {logging_mixin.py:188} INFO - [2024-03-04T16:22:04.694+0000] {dag.py:3047} INFO - Sync 1 DAGs
[2024-03-04T16:22:04.701+0000] {logging_mixin.py:188} INFO - [2024-03-04T16:22:04.701+0000] {dag.py:3834} INFO - Setting next_dagrun for example_complex to None, run_after=None
[2024-03-04T16:22:04.710+0000] {processor.py:183} INFO - Processing /home/airflow/.local/lib/python3.11/site-packages/airflow/example_dags/example_complex.py took 0.037 seconds
[2024-03-04T16:22:34.920+0000] {processor.py:161} INFO - Started process (PID=3354) to work on /home/airflow/.local/lib/python3.11/site-packages/airflow/example_dags/example_complex.py
[2024-03-04T16:22:34.921+0000] {processor.py:830} INFO - Processing file /home/airflow/.local/lib/python3.11/site-packages/airflow/example_dags/example_complex.py for tasks to queue
[2024-03-04T16:22:34.921+0000] {logging_mixin.py:188} INFO - [2024-03-04T16:22:34.921+0000] {dagbag.py:540} INFO - Filling up the DagBag from /home/airflow/.local/lib/python3.11/site-packages/airflow/example_dags/example_complex.py
[2024-03-04T16:22:34.926+0000] {processor.py:840} INFO - DAG(s) 'example_complex' retrieved from /home/airflow/.local/lib/python3.11/site-packages/airflow/example_dags/example_complex.py
[2024-03-04T16:22:34.937+0000] {logging_mixin.py:188} INFO - [2024-03-04T16:22:34.937+0000] {dag.py:3047} INFO - Sync 1 DAGs
[2024-03-04T16:22:34.942+0000] {logging_mixin.py:188} INFO - [2024-03-04T16:22:34.942+0000] {dag.py:3834} INFO - Setting next_dagrun for example_complex to None, run_after=None
[2024-03-04T16:22:34.948+0000] {processor.py:183} INFO - Processing /home/airflow/.local/lib/python3.11/site-packages/airflow/example_dags/example_complex.py took 0.030 seconds
[2024-03-04T16:23:05.199+0000] {processor.py:161} INFO - Started process (PID=3410) to work on /home/airflow/.local/lib/python3.11/site-packages/airflow/example_dags/example_complex.py
[2024-03-04T16:23:05.199+0000] {processor.py:830} INFO - Processing file /home/airflow/.local/lib/python3.11/site-packages/airflow/example_dags/example_complex.py for tasks to queue
[2024-03-04T16:23:05.200+0000] {logging_mixin.py:188} INFO - [2024-03-04T16:23:05.200+0000] {dagbag.py:540} INFO - Filling up the DagBag from /home/airflow/.local/lib/python3.11/site-packages/airflow/example_dags/example_complex.py
[2024-03-04T16:23:05.205+0000] {processor.py:840} INFO - DAG(s) 'example_complex' retrieved from /home/airflow/.local/lib/python3.11/site-packages/airflow/example_dags/example_complex.py
[2024-03-04T16:23:05.218+0000] {logging_mixin.py:188} INFO - [2024-03-04T16:23:05.218+0000] {dag.py:3047} INFO - Sync 1 DAGs
[2024-03-04T16:23:05.227+0000] {logging_mixin.py:188} INFO - [2024-03-04T16:23:05.227+0000] {dag.py:3834} INFO - Setting next_dagrun for example_complex to None, run_after=None
[2024-03-04T16:23:05.236+0000] {processor.py:183} INFO - Processing /home/airflow/.local/lib/python3.11/site-packages/airflow/example_dags/example_complex.py took 0.039 seconds
[2024-03-04T16:23:35.340+0000] {processor.py:161} INFO - Started process (PID=3464) to work on /home/airflow/.local/lib/python3.11/site-packages/airflow/example_dags/example_complex.py
[2024-03-04T16:23:35.341+0000] {processor.py:830} INFO - Processing file /home/airflow/.local/lib/python3.11/site-packages/airflow/example_dags/example_complex.py for tasks to queue
[2024-03-04T16:23:35.342+0000] {logging_mixin.py:188} INFO - [2024-03-04T16:23:35.342+0000] {dagbag.py:540} INFO - Filling up the DagBag from /home/airflow/.local/lib/python3.11/site-packages/airflow/example_dags/example_complex.py
[2024-03-04T16:23:35.347+0000] {processor.py:840} INFO - DAG(s) 'example_complex' retrieved from /home/airflow/.local/lib/python3.11/site-packages/airflow/example_dags/example_complex.py
[2024-03-04T16:23:35.455+0000] {logging_mixin.py:188} INFO - [2024-03-04T16:23:35.453+0000] {dag.py:3047} INFO - Sync 1 DAGs
[2024-03-04T16:23:35.643+0000] {logging_mixin.py:188} INFO - [2024-03-04T16:23:35.638+0000] {dag.py:3834} INFO - Setting next_dagrun for example_complex to None, run_after=None
[2024-03-04T16:23:35.675+0000] {processor.py:183} INFO - Processing /home/airflow/.local/lib/python3.11/site-packages/airflow/example_dags/example_complex.py took 0.337 seconds
[2024-03-04T16:24:06.056+0000] {processor.py:161} INFO - Started process (PID=3519) to work on /home/airflow/.local/lib/python3.11/site-packages/airflow/example_dags/example_complex.py
[2024-03-04T16:24:06.057+0000] {processor.py:830} INFO - Processing file /home/airflow/.local/lib/python3.11/site-packages/airflow/example_dags/example_complex.py for tasks to queue
[2024-03-04T16:24:06.059+0000] {logging_mixin.py:188} INFO - [2024-03-04T16:24:06.059+0000] {dagbag.py:540} INFO - Filling up the DagBag from /home/airflow/.local/lib/python3.11/site-packages/airflow/example_dags/example_complex.py
[2024-03-04T16:24:06.065+0000] {processor.py:840} INFO - DAG(s) 'example_complex' retrieved from /home/airflow/.local/lib/python3.11/site-packages/airflow/example_dags/example_complex.py
[2024-03-04T16:24:06.112+0000] {logging_mixin.py:188} INFO - [2024-03-04T16:24:06.112+0000] {dag.py:3047} INFO - Sync 1 DAGs
[2024-03-04T16:24:06.156+0000] {logging_mixin.py:188} INFO - [2024-03-04T16:24:06.155+0000] {dag.py:3834} INFO - Setting next_dagrun for example_complex to None, run_after=None
[2024-03-04T16:24:06.190+0000] {processor.py:183} INFO - Processing /home/airflow/.local/lib/python3.11/site-packages/airflow/example_dags/example_complex.py took 0.136 seconds
[2024-03-04T16:24:37.236+0000] {processor.py:161} INFO - Started process (PID=3574) to work on /home/airflow/.local/lib/python3.11/site-packages/airflow/example_dags/example_complex.py
[2024-03-04T16:24:37.238+0000] {processor.py:830} INFO - Processing file /home/airflow/.local/lib/python3.11/site-packages/airflow/example_dags/example_complex.py for tasks to queue
[2024-03-04T16:24:37.242+0000] {logging_mixin.py:188} INFO - [2024-03-04T16:24:37.242+0000] {dagbag.py:540} INFO - Filling up the DagBag from /home/airflow/.local/lib/python3.11/site-packages/airflow/example_dags/example_complex.py
[2024-03-04T16:24:37.258+0000] {processor.py:840} INFO - DAG(s) 'example_complex' retrieved from /home/airflow/.local/lib/python3.11/site-packages/airflow/example_dags/example_complex.py
[2024-03-04T16:24:37.309+0000] {logging_mixin.py:188} INFO - [2024-03-04T16:24:37.309+0000] {dag.py:3047} INFO - Sync 1 DAGs
[2024-03-04T16:24:37.318+0000] {logging_mixin.py:188} INFO - [2024-03-04T16:24:37.318+0000] {dag.py:3834} INFO - Setting next_dagrun for example_complex to None, run_after=None
[2024-03-04T16:24:37.328+0000] {processor.py:183} INFO - Processing /home/airflow/.local/lib/python3.11/site-packages/airflow/example_dags/example_complex.py took 0.096 seconds
[2024-03-04T16:25:07.435+0000] {processor.py:161} INFO - Started process (PID=3629) to work on /home/airflow/.local/lib/python3.11/site-packages/airflow/example_dags/example_complex.py
[2024-03-04T16:25:07.435+0000] {processor.py:830} INFO - Processing file /home/airflow/.local/lib/python3.11/site-packages/airflow/example_dags/example_complex.py for tasks to queue
[2024-03-04T16:25:07.436+0000] {logging_mixin.py:188} INFO - [2024-03-04T16:25:07.436+0000] {dagbag.py:540} INFO - Filling up the DagBag from /home/airflow/.local/lib/python3.11/site-packages/airflow/example_dags/example_complex.py
[2024-03-04T16:25:07.441+0000] {processor.py:840} INFO - DAG(s) 'example_complex' retrieved from /home/airflow/.local/lib/python3.11/site-packages/airflow/example_dags/example_complex.py
[2024-03-04T16:25:07.454+0000] {logging_mixin.py:188} INFO - [2024-03-04T16:25:07.454+0000] {dag.py:3047} INFO - Sync 1 DAGs
[2024-03-04T16:25:07.460+0000] {logging_mixin.py:188} INFO - [2024-03-04T16:25:07.460+0000] {dag.py:3834} INFO - Setting next_dagrun for example_complex to None, run_after=None
[2024-03-04T16:25:07.467+0000] {processor.py:183} INFO - Processing /home/airflow/.local/lib/python3.11/site-packages/airflow/example_dags/example_complex.py took 0.034 seconds
[2024-03-04T16:25:38.239+0000] {processor.py:161} INFO - Started process (PID=3684) to work on /home/airflow/.local/lib/python3.11/site-packages/airflow/example_dags/example_complex.py
[2024-03-04T16:25:38.240+0000] {processor.py:830} INFO - Processing file /home/airflow/.local/lib/python3.11/site-packages/airflow/example_dags/example_complex.py for tasks to queue
[2024-03-04T16:25:38.241+0000] {logging_mixin.py:188} INFO - [2024-03-04T16:25:38.241+0000] {dagbag.py:540} INFO - Filling up the DagBag from /home/airflow/.local/lib/python3.11/site-packages/airflow/example_dags/example_complex.py
[2024-03-04T16:25:38.250+0000] {processor.py:840} INFO - DAG(s) 'example_complex' retrieved from /home/airflow/.local/lib/python3.11/site-packages/airflow/example_dags/example_complex.py
[2024-03-04T16:25:38.292+0000] {logging_mixin.py:188} INFO - [2024-03-04T16:25:38.292+0000] {dag.py:3047} INFO - Sync 1 DAGs
[2024-03-04T16:25:38.300+0000] {logging_mixin.py:188} INFO - [2024-03-04T16:25:38.300+0000] {dag.py:3834} INFO - Setting next_dagrun for example_complex to None, run_after=None
[2024-03-04T16:25:38.326+0000] {processor.py:183} INFO - Processing /home/airflow/.local/lib/python3.11/site-packages/airflow/example_dags/example_complex.py took 0.088 seconds
[2024-03-04T16:26:09.076+0000] {processor.py:161} INFO - Started process (PID=3739) to work on /home/airflow/.local/lib/python3.11/site-packages/airflow/example_dags/example_complex.py
[2024-03-04T16:26:09.077+0000] {processor.py:830} INFO - Processing file /home/airflow/.local/lib/python3.11/site-packages/airflow/example_dags/example_complex.py for tasks to queue
[2024-03-04T16:26:09.078+0000] {logging_mixin.py:188} INFO - [2024-03-04T16:26:09.078+0000] {dagbag.py:540} INFO - Filling up the DagBag from /home/airflow/.local/lib/python3.11/site-packages/airflow/example_dags/example_complex.py
[2024-03-04T16:26:09.097+0000] {processor.py:840} INFO - DAG(s) 'example_complex' retrieved from /home/airflow/.local/lib/python3.11/site-packages/airflow/example_dags/example_complex.py
[2024-03-04T16:26:09.138+0000] {logging_mixin.py:188} INFO - [2024-03-04T16:26:09.138+0000] {dag.py:3047} INFO - Sync 1 DAGs
[2024-03-04T16:26:09.150+0000] {logging_mixin.py:188} INFO - [2024-03-04T16:26:09.150+0000] {dag.py:3834} INFO - Setting next_dagrun for example_complex to None, run_after=None
[2024-03-04T16:26:09.176+0000] {processor.py:183} INFO - Processing /home/airflow/.local/lib/python3.11/site-packages/airflow/example_dags/example_complex.py took 0.103 seconds
[2024-03-04T16:26:39.696+0000] {processor.py:161} INFO - Started process (PID=3794) to work on /home/airflow/.local/lib/python3.11/site-packages/airflow/example_dags/example_complex.py
[2024-03-04T16:26:39.697+0000] {processor.py:830} INFO - Processing file /home/airflow/.local/lib/python3.11/site-packages/airflow/example_dags/example_complex.py for tasks to queue
[2024-03-04T16:26:39.698+0000] {logging_mixin.py:188} INFO - [2024-03-04T16:26:39.698+0000] {dagbag.py:540} INFO - Filling up the DagBag from /home/airflow/.local/lib/python3.11/site-packages/airflow/example_dags/example_complex.py
[2024-03-04T16:26:39.704+0000] {processor.py:840} INFO - DAG(s) 'example_complex' retrieved from /home/airflow/.local/lib/python3.11/site-packages/airflow/example_dags/example_complex.py
[2024-03-04T16:26:39.717+0000] {logging_mixin.py:188} INFO - [2024-03-04T16:26:39.717+0000] {dag.py:3047} INFO - Sync 1 DAGs
[2024-03-04T16:26:39.724+0000] {logging_mixin.py:188} INFO - [2024-03-04T16:26:39.724+0000] {dag.py:3834} INFO - Setting next_dagrun for example_complex to None, run_after=None
[2024-03-04T16:26:39.732+0000] {processor.py:183} INFO - Processing /home/airflow/.local/lib/python3.11/site-packages/airflow/example_dags/example_complex.py took 0.038 seconds
[2024-03-04T16:27:10.596+0000] {processor.py:161} INFO - Started process (PID=3849) to work on /home/airflow/.local/lib/python3.11/site-packages/airflow/example_dags/example_complex.py
[2024-03-04T16:27:10.597+0000] {processor.py:830} INFO - Processing file /home/airflow/.local/lib/python3.11/site-packages/airflow/example_dags/example_complex.py for tasks to queue
[2024-03-04T16:27:10.598+0000] {logging_mixin.py:188} INFO - [2024-03-04T16:27:10.598+0000] {dagbag.py:540} INFO - Filling up the DagBag from /home/airflow/.local/lib/python3.11/site-packages/airflow/example_dags/example_complex.py
[2024-03-04T16:27:10.603+0000] {processor.py:840} INFO - DAG(s) 'example_complex' retrieved from /home/airflow/.local/lib/python3.11/site-packages/airflow/example_dags/example_complex.py
[2024-03-04T16:27:10.615+0000] {logging_mixin.py:188} INFO - [2024-03-04T16:27:10.615+0000] {dag.py:3047} INFO - Sync 1 DAGs
[2024-03-04T16:27:10.621+0000] {logging_mixin.py:188} INFO - [2024-03-04T16:27:10.621+0000] {dag.py:3834} INFO - Setting next_dagrun for example_complex to None, run_after=None
[2024-03-04T16:27:10.629+0000] {processor.py:183} INFO - Processing /home/airflow/.local/lib/python3.11/site-packages/airflow/example_dags/example_complex.py took 0.035 seconds
[2024-03-04T16:27:40.855+0000] {processor.py:161} INFO - Started process (PID=3904) to work on /home/airflow/.local/lib/python3.11/site-packages/airflow/example_dags/example_complex.py
[2024-03-04T16:27:40.855+0000] {processor.py:830} INFO - Processing file /home/airflow/.local/lib/python3.11/site-packages/airflow/example_dags/example_complex.py for tasks to queue
[2024-03-04T16:27:40.856+0000] {logging_mixin.py:188} INFO - [2024-03-04T16:27:40.856+0000] {dagbag.py:540} INFO - Filling up the DagBag from /home/airflow/.local/lib/python3.11/site-packages/airflow/example_dags/example_complex.py
[2024-03-04T16:27:40.861+0000] {processor.py:840} INFO - DAG(s) 'example_complex' retrieved from /home/airflow/.local/lib/python3.11/site-packages/airflow/example_dags/example_complex.py
[2024-03-04T16:27:40.880+0000] {logging_mixin.py:188} INFO - [2024-03-04T16:27:40.880+0000] {dag.py:3047} INFO - Sync 1 DAGs
[2024-03-04T16:27:40.887+0000] {logging_mixin.py:188} INFO - [2024-03-04T16:27:40.887+0000] {dag.py:3834} INFO - Setting next_dagrun for example_complex to None, run_after=None
[2024-03-04T16:27:40.895+0000] {processor.py:183} INFO - Processing /home/airflow/.local/lib/python3.11/site-packages/airflow/example_dags/example_complex.py took 0.042 seconds
[2024-03-04T16:28:11.109+0000] {processor.py:161} INFO - Started process (PID=3959) to work on /home/airflow/.local/lib/python3.11/site-packages/airflow/example_dags/example_complex.py
[2024-03-04T16:28:11.110+0000] {processor.py:830} INFO - Processing file /home/airflow/.local/lib/python3.11/site-packages/airflow/example_dags/example_complex.py for tasks to queue
[2024-03-04T16:28:11.111+0000] {logging_mixin.py:188} INFO - [2024-03-04T16:28:11.111+0000] {dagbag.py:540} INFO - Filling up the DagBag from /home/airflow/.local/lib/python3.11/site-packages/airflow/example_dags/example_complex.py
[2024-03-04T16:28:11.116+0000] {processor.py:840} INFO - DAG(s) 'example_complex' retrieved from /home/airflow/.local/lib/python3.11/site-packages/airflow/example_dags/example_complex.py
[2024-03-04T16:28:11.130+0000] {logging_mixin.py:188} INFO - [2024-03-04T16:28:11.130+0000] {dag.py:3047} INFO - Sync 1 DAGs
[2024-03-04T16:28:11.137+0000] {logging_mixin.py:188} INFO - [2024-03-04T16:28:11.137+0000] {dag.py:3834} INFO - Setting next_dagrun for example_complex to None, run_after=None
[2024-03-04T16:28:11.146+0000] {processor.py:183} INFO - Processing /home/airflow/.local/lib/python3.11/site-packages/airflow/example_dags/example_complex.py took 0.038 seconds
