[2024-03-04T15:51:59.693+0000] {processor.py:161} INFO - Started process (PID=73) to work on /home/airflow/.local/lib/python3.11/site-packages/airflow/example_dags/example_params_trigger_ui.py
[2024-03-04T15:51:59.694+0000] {processor.py:830} INFO - Processing file /home/airflow/.local/lib/python3.11/site-packages/airflow/example_dags/example_params_trigger_ui.py for tasks to queue
[2024-03-04T15:51:59.695+0000] {logging_mixin.py:188} INFO - [2024-03-04T15:51:59.695+0000] {dagbag.py:540} INFO - Filling up the DagBag from /home/airflow/.local/lib/python3.11/site-packages/airflow/example_dags/example_params_trigger_ui.py
[2024-03-04T15:51:59.708+0000] {processor.py:840} INFO - DAG(s) 'example_params_trigger_ui' retrieved from /home/airflow/.local/lib/python3.11/site-packages/airflow/example_dags/example_params_trigger_ui.py
[2024-03-04T15:51:59.770+0000] {logging_mixin.py:188} INFO - [2024-03-04T15:51:59.770+0000] {override.py:1769} INFO - Created Permission View: can read on DAG:example_params_trigger_ui
[2024-03-04T15:51:59.774+0000] {logging_mixin.py:188} INFO - [2024-03-04T15:51:59.774+0000] {override.py:1769} INFO - Created Permission View: can delete on DAG:example_params_trigger_ui
[2024-03-04T15:51:59.776+0000] {logging_mixin.py:188} INFO - [2024-03-04T15:51:59.776+0000] {override.py:1769} INFO - Created Permission View: can edit on DAG:example_params_trigger_ui
[2024-03-04T15:51:59.776+0000] {logging_mixin.py:188} INFO - [2024-03-04T15:51:59.776+0000] {dag.py:3047} INFO - Sync 1 DAGs
[2024-03-04T15:51:59.781+0000] {logging_mixin.py:188} INFO - [2024-03-04T15:51:59.781+0000] {dag.py:3069} INFO - Creating ORM DAG for example_params_trigger_ui
[2024-03-04T15:51:59.781+0000] {logging_mixin.py:188} INFO - [2024-03-04T15:51:59.781+0000] {dag.py:3834} INFO - Setting next_dagrun for example_params_trigger_ui to None, run_after=None
[2024-03-04T15:51:59.788+0000] {processor.py:183} INFO - Processing /home/airflow/.local/lib/python3.11/site-packages/airflow/example_dags/example_params_trigger_ui.py took 0.097 seconds
[2024-03-04T15:52:30.603+0000] {processor.py:161} INFO - Started process (PID=128) to work on /home/airflow/.local/lib/python3.11/site-packages/airflow/example_dags/example_params_trigger_ui.py
[2024-03-04T15:52:30.604+0000] {processor.py:830} INFO - Processing file /home/airflow/.local/lib/python3.11/site-packages/airflow/example_dags/example_params_trigger_ui.py for tasks to queue
[2024-03-04T15:52:30.605+0000] {logging_mixin.py:188} INFO - [2024-03-04T15:52:30.605+0000] {dagbag.py:540} INFO - Filling up the DagBag from /home/airflow/.local/lib/python3.11/site-packages/airflow/example_dags/example_params_trigger_ui.py
[2024-03-04T15:52:30.614+0000] {processor.py:840} INFO - DAG(s) 'example_params_trigger_ui' retrieved from /home/airflow/.local/lib/python3.11/site-packages/airflow/example_dags/example_params_trigger_ui.py
[2024-03-04T15:52:30.638+0000] {logging_mixin.py:188} INFO - [2024-03-04T15:52:30.638+0000] {dag.py:3047} INFO - Sync 1 DAGs
[2024-03-04T15:52:30.645+0000] {logging_mixin.py:188} INFO - [2024-03-04T15:52:30.644+0000] {dag.py:3834} INFO - Setting next_dagrun for example_params_trigger_ui to None, run_after=None
[2024-03-04T15:52:30.654+0000] {processor.py:183} INFO - Processing /home/airflow/.local/lib/python3.11/site-packages/airflow/example_dags/example_params_trigger_ui.py took 0.052 seconds
[2024-03-04T15:53:01.480+0000] {processor.py:161} INFO - Started process (PID=183) to work on /home/airflow/.local/lib/python3.11/site-packages/airflow/example_dags/example_params_trigger_ui.py
[2024-03-04T15:53:01.481+0000] {processor.py:830} INFO - Processing file /home/airflow/.local/lib/python3.11/site-packages/airflow/example_dags/example_params_trigger_ui.py for tasks to queue
[2024-03-04T15:53:01.482+0000] {logging_mixin.py:188} INFO - [2024-03-04T15:53:01.482+0000] {dagbag.py:540} INFO - Filling up the DagBag from /home/airflow/.local/lib/python3.11/site-packages/airflow/example_dags/example_params_trigger_ui.py
[2024-03-04T15:53:01.489+0000] {processor.py:840} INFO - DAG(s) 'example_params_trigger_ui' retrieved from /home/airflow/.local/lib/python3.11/site-packages/airflow/example_dags/example_params_trigger_ui.py
[2024-03-04T15:53:01.509+0000] {logging_mixin.py:188} INFO - [2024-03-04T15:53:01.509+0000] {dag.py:3047} INFO - Sync 1 DAGs
[2024-03-04T15:53:01.515+0000] {logging_mixin.py:188} INFO - [2024-03-04T15:53:01.515+0000] {dag.py:3834} INFO - Setting next_dagrun for example_params_trigger_ui to None, run_after=None
[2024-03-04T15:53:01.522+0000] {processor.py:183} INFO - Processing /home/airflow/.local/lib/python3.11/site-packages/airflow/example_dags/example_params_trigger_ui.py took 0.045 seconds
[2024-03-04T15:53:31.876+0000] {processor.py:161} INFO - Started process (PID=238) to work on /home/airflow/.local/lib/python3.11/site-packages/airflow/example_dags/example_params_trigger_ui.py
[2024-03-04T15:53:31.877+0000] {processor.py:830} INFO - Processing file /home/airflow/.local/lib/python3.11/site-packages/airflow/example_dags/example_params_trigger_ui.py for tasks to queue
[2024-03-04T15:53:31.878+0000] {logging_mixin.py:188} INFO - [2024-03-04T15:53:31.878+0000] {dagbag.py:540} INFO - Filling up the DagBag from /home/airflow/.local/lib/python3.11/site-packages/airflow/example_dags/example_params_trigger_ui.py
[2024-03-04T15:53:31.892+0000] {processor.py:840} INFO - DAG(s) 'example_params_trigger_ui' retrieved from /home/airflow/.local/lib/python3.11/site-packages/airflow/example_dags/example_params_trigger_ui.py
[2024-03-04T15:53:31.916+0000] {logging_mixin.py:188} INFO - [2024-03-04T15:53:31.916+0000] {dag.py:3047} INFO - Sync 1 DAGs
[2024-03-04T15:53:31.929+0000] {logging_mixin.py:188} INFO - [2024-03-04T15:53:31.929+0000] {dag.py:3834} INFO - Setting next_dagrun for example_params_trigger_ui to None, run_after=None
[2024-03-04T15:53:31.937+0000] {processor.py:183} INFO - Processing /home/airflow/.local/lib/python3.11/site-packages/airflow/example_dags/example_params_trigger_ui.py took 0.062 seconds
[2024-03-04T15:54:02.800+0000] {processor.py:161} INFO - Started process (PID=293) to work on /home/airflow/.local/lib/python3.11/site-packages/airflow/example_dags/example_params_trigger_ui.py
[2024-03-04T15:54:02.800+0000] {processor.py:830} INFO - Processing file /home/airflow/.local/lib/python3.11/site-packages/airflow/example_dags/example_params_trigger_ui.py for tasks to queue
[2024-03-04T15:54:02.801+0000] {logging_mixin.py:188} INFO - [2024-03-04T15:54:02.801+0000] {dagbag.py:540} INFO - Filling up the DagBag from /home/airflow/.local/lib/python3.11/site-packages/airflow/example_dags/example_params_trigger_ui.py
[2024-03-04T15:54:02.809+0000] {processor.py:840} INFO - DAG(s) 'example_params_trigger_ui' retrieved from /home/airflow/.local/lib/python3.11/site-packages/airflow/example_dags/example_params_trigger_ui.py
[2024-03-04T15:54:02.839+0000] {logging_mixin.py:188} INFO - [2024-03-04T15:54:02.839+0000] {dag.py:3047} INFO - Sync 1 DAGs
[2024-03-04T15:54:02.847+0000] {logging_mixin.py:188} INFO - [2024-03-04T15:54:02.846+0000] {dag.py:3834} INFO - Setting next_dagrun for example_params_trigger_ui to None, run_after=None
[2024-03-04T15:54:02.855+0000] {processor.py:183} INFO - Processing /home/airflow/.local/lib/python3.11/site-packages/airflow/example_dags/example_params_trigger_ui.py took 0.057 seconds
[2024-03-04T15:54:33.452+0000] {processor.py:161} INFO - Started process (PID=348) to work on /home/airflow/.local/lib/python3.11/site-packages/airflow/example_dags/example_params_trigger_ui.py
[2024-03-04T15:54:33.453+0000] {processor.py:830} INFO - Processing file /home/airflow/.local/lib/python3.11/site-packages/airflow/example_dags/example_params_trigger_ui.py for tasks to queue
[2024-03-04T15:54:33.456+0000] {logging_mixin.py:188} INFO - [2024-03-04T15:54:33.456+0000] {dagbag.py:540} INFO - Filling up the DagBag from /home/airflow/.local/lib/python3.11/site-packages/airflow/example_dags/example_params_trigger_ui.py
[2024-03-04T15:54:33.464+0000] {processor.py:840} INFO - DAG(s) 'example_params_trigger_ui' retrieved from /home/airflow/.local/lib/python3.11/site-packages/airflow/example_dags/example_params_trigger_ui.py
[2024-03-04T15:54:33.481+0000] {logging_mixin.py:188} INFO - [2024-03-04T15:54:33.480+0000] {dag.py:3047} INFO - Sync 1 DAGs
[2024-03-04T15:54:33.488+0000] {logging_mixin.py:188} INFO - [2024-03-04T15:54:33.488+0000] {dag.py:3834} INFO - Setting next_dagrun for example_params_trigger_ui to None, run_after=None
[2024-03-04T15:54:33.494+0000] {processor.py:183} INFO - Processing /home/airflow/.local/lib/python3.11/site-packages/airflow/example_dags/example_params_trigger_ui.py took 0.044 seconds
[2024-03-04T15:55:04.237+0000] {processor.py:161} INFO - Started process (PID=403) to work on /home/airflow/.local/lib/python3.11/site-packages/airflow/example_dags/example_params_trigger_ui.py
[2024-03-04T15:55:04.237+0000] {processor.py:830} INFO - Processing file /home/airflow/.local/lib/python3.11/site-packages/airflow/example_dags/example_params_trigger_ui.py for tasks to queue
[2024-03-04T15:55:04.239+0000] {logging_mixin.py:188} INFO - [2024-03-04T15:55:04.238+0000] {dagbag.py:540} INFO - Filling up the DagBag from /home/airflow/.local/lib/python3.11/site-packages/airflow/example_dags/example_params_trigger_ui.py
[2024-03-04T15:55:04.255+0000] {processor.py:840} INFO - DAG(s) 'example_params_trigger_ui' retrieved from /home/airflow/.local/lib/python3.11/site-packages/airflow/example_dags/example_params_trigger_ui.py
[2024-03-04T15:55:04.282+0000] {logging_mixin.py:188} INFO - [2024-03-04T15:55:04.282+0000] {dag.py:3047} INFO - Sync 1 DAGs
[2024-03-04T15:55:04.291+0000] {logging_mixin.py:188} INFO - [2024-03-04T15:55:04.291+0000] {dag.py:3834} INFO - Setting next_dagrun for example_params_trigger_ui to None, run_after=None
[2024-03-04T15:55:04.302+0000] {processor.py:183} INFO - Processing /home/airflow/.local/lib/python3.11/site-packages/airflow/example_dags/example_params_trigger_ui.py took 0.067 seconds
[2024-03-04T15:55:35.090+0000] {processor.py:161} INFO - Started process (PID=458) to work on /home/airflow/.local/lib/python3.11/site-packages/airflow/example_dags/example_params_trigger_ui.py
[2024-03-04T15:55:35.092+0000] {processor.py:830} INFO - Processing file /home/airflow/.local/lib/python3.11/site-packages/airflow/example_dags/example_params_trigger_ui.py for tasks to queue
[2024-03-04T15:55:35.094+0000] {logging_mixin.py:188} INFO - [2024-03-04T15:55:35.093+0000] {dagbag.py:540} INFO - Filling up the DagBag from /home/airflow/.local/lib/python3.11/site-packages/airflow/example_dags/example_params_trigger_ui.py
[2024-03-04T15:55:35.104+0000] {processor.py:840} INFO - DAG(s) 'example_params_trigger_ui' retrieved from /home/airflow/.local/lib/python3.11/site-packages/airflow/example_dags/example_params_trigger_ui.py
[2024-03-04T15:55:35.122+0000] {logging_mixin.py:188} INFO - [2024-03-04T15:55:35.121+0000] {dag.py:3047} INFO - Sync 1 DAGs
[2024-03-04T15:55:35.127+0000] {logging_mixin.py:188} INFO - [2024-03-04T15:55:35.127+0000] {dag.py:3834} INFO - Setting next_dagrun for example_params_trigger_ui to None, run_after=None
[2024-03-04T15:55:35.135+0000] {processor.py:183} INFO - Processing /home/airflow/.local/lib/python3.11/site-packages/airflow/example_dags/example_params_trigger_ui.py took 0.049 seconds
[2024-03-04T15:56:05.776+0000] {processor.py:161} INFO - Started process (PID=513) to work on /home/airflow/.local/lib/python3.11/site-packages/airflow/example_dags/example_params_trigger_ui.py
[2024-03-04T15:56:05.779+0000] {processor.py:830} INFO - Processing file /home/airflow/.local/lib/python3.11/site-packages/airflow/example_dags/example_params_trigger_ui.py for tasks to queue
[2024-03-04T15:56:05.782+0000] {logging_mixin.py:188} INFO - [2024-03-04T15:56:05.781+0000] {dagbag.py:540} INFO - Filling up the DagBag from /home/airflow/.local/lib/python3.11/site-packages/airflow/example_dags/example_params_trigger_ui.py
[2024-03-04T15:56:05.799+0000] {processor.py:840} INFO - DAG(s) 'example_params_trigger_ui' retrieved from /home/airflow/.local/lib/python3.11/site-packages/airflow/example_dags/example_params_trigger_ui.py
[2024-03-04T15:56:05.816+0000] {logging_mixin.py:188} INFO - [2024-03-04T15:56:05.816+0000] {dag.py:3047} INFO - Sync 1 DAGs
[2024-03-04T15:56:05.821+0000] {logging_mixin.py:188} INFO - [2024-03-04T15:56:05.821+0000] {dag.py:3834} INFO - Setting next_dagrun for example_params_trigger_ui to None, run_after=None
[2024-03-04T15:56:05.828+0000] {processor.py:183} INFO - Processing /home/airflow/.local/lib/python3.11/site-packages/airflow/example_dags/example_params_trigger_ui.py took 0.054 seconds
[2024-03-04T15:56:36.417+0000] {processor.py:161} INFO - Started process (PID=568) to work on /home/airflow/.local/lib/python3.11/site-packages/airflow/example_dags/example_params_trigger_ui.py
[2024-03-04T15:56:36.418+0000] {processor.py:830} INFO - Processing file /home/airflow/.local/lib/python3.11/site-packages/airflow/example_dags/example_params_trigger_ui.py for tasks to queue
[2024-03-04T15:56:36.419+0000] {logging_mixin.py:188} INFO - [2024-03-04T15:56:36.419+0000] {dagbag.py:540} INFO - Filling up the DagBag from /home/airflow/.local/lib/python3.11/site-packages/airflow/example_dags/example_params_trigger_ui.py
[2024-03-04T15:56:36.426+0000] {processor.py:840} INFO - DAG(s) 'example_params_trigger_ui' retrieved from /home/airflow/.local/lib/python3.11/site-packages/airflow/example_dags/example_params_trigger_ui.py
[2024-03-04T15:56:36.447+0000] {logging_mixin.py:188} INFO - [2024-03-04T15:56:36.447+0000] {dag.py:3047} INFO - Sync 1 DAGs
[2024-03-04T15:56:36.453+0000] {logging_mixin.py:188} INFO - [2024-03-04T15:56:36.453+0000] {dag.py:3834} INFO - Setting next_dagrun for example_params_trigger_ui to None, run_after=None
[2024-03-04T15:56:36.461+0000] {processor.py:183} INFO - Processing /home/airflow/.local/lib/python3.11/site-packages/airflow/example_dags/example_params_trigger_ui.py took 0.046 seconds
[2024-03-04T15:57:07.193+0000] {processor.py:161} INFO - Started process (PID=623) to work on /home/airflow/.local/lib/python3.11/site-packages/airflow/example_dags/example_params_trigger_ui.py
[2024-03-04T15:57:07.195+0000] {processor.py:830} INFO - Processing file /home/airflow/.local/lib/python3.11/site-packages/airflow/example_dags/example_params_trigger_ui.py for tasks to queue
[2024-03-04T15:57:07.196+0000] {logging_mixin.py:188} INFO - [2024-03-04T15:57:07.196+0000] {dagbag.py:540} INFO - Filling up the DagBag from /home/airflow/.local/lib/python3.11/site-packages/airflow/example_dags/example_params_trigger_ui.py
[2024-03-04T15:57:07.203+0000] {processor.py:840} INFO - DAG(s) 'example_params_trigger_ui' retrieved from /home/airflow/.local/lib/python3.11/site-packages/airflow/example_dags/example_params_trigger_ui.py
[2024-03-04T15:57:07.221+0000] {logging_mixin.py:188} INFO - [2024-03-04T15:57:07.221+0000] {dag.py:3047} INFO - Sync 1 DAGs
[2024-03-04T15:57:07.227+0000] {logging_mixin.py:188} INFO - [2024-03-04T15:57:07.227+0000] {dag.py:3834} INFO - Setting next_dagrun for example_params_trigger_ui to None, run_after=None
[2024-03-04T15:57:07.234+0000] {processor.py:183} INFO - Processing /home/airflow/.local/lib/python3.11/site-packages/airflow/example_dags/example_params_trigger_ui.py took 0.043 seconds
[2024-03-04T15:57:37.879+0000] {processor.py:161} INFO - Started process (PID=678) to work on /home/airflow/.local/lib/python3.11/site-packages/airflow/example_dags/example_params_trigger_ui.py
[2024-03-04T15:57:37.880+0000] {processor.py:830} INFO - Processing file /home/airflow/.local/lib/python3.11/site-packages/airflow/example_dags/example_params_trigger_ui.py for tasks to queue
[2024-03-04T15:57:37.882+0000] {logging_mixin.py:188} INFO - [2024-03-04T15:57:37.881+0000] {dagbag.py:540} INFO - Filling up the DagBag from /home/airflow/.local/lib/python3.11/site-packages/airflow/example_dags/example_params_trigger_ui.py
[2024-03-04T15:57:37.889+0000] {processor.py:840} INFO - DAG(s) 'example_params_trigger_ui' retrieved from /home/airflow/.local/lib/python3.11/site-packages/airflow/example_dags/example_params_trigger_ui.py
[2024-03-04T15:57:37.907+0000] {logging_mixin.py:188} INFO - [2024-03-04T15:57:37.907+0000] {dag.py:3047} INFO - Sync 1 DAGs
[2024-03-04T15:57:37.912+0000] {logging_mixin.py:188} INFO - [2024-03-04T15:57:37.912+0000] {dag.py:3834} INFO - Setting next_dagrun for example_params_trigger_ui to None, run_after=None
[2024-03-04T15:57:37.919+0000] {processor.py:183} INFO - Processing /home/airflow/.local/lib/python3.11/site-packages/airflow/example_dags/example_params_trigger_ui.py took 0.042 seconds
[2024-03-04T15:58:08.651+0000] {processor.py:161} INFO - Started process (PID=733) to work on /home/airflow/.local/lib/python3.11/site-packages/airflow/example_dags/example_params_trigger_ui.py
[2024-03-04T15:58:08.652+0000] {processor.py:830} INFO - Processing file /home/airflow/.local/lib/python3.11/site-packages/airflow/example_dags/example_params_trigger_ui.py for tasks to queue
[2024-03-04T15:58:08.653+0000] {logging_mixin.py:188} INFO - [2024-03-04T15:58:08.653+0000] {dagbag.py:540} INFO - Filling up the DagBag from /home/airflow/.local/lib/python3.11/site-packages/airflow/example_dags/example_params_trigger_ui.py
[2024-03-04T15:58:08.660+0000] {processor.py:840} INFO - DAG(s) 'example_params_trigger_ui' retrieved from /home/airflow/.local/lib/python3.11/site-packages/airflow/example_dags/example_params_trigger_ui.py
[2024-03-04T15:58:08.676+0000] {logging_mixin.py:188} INFO - [2024-03-04T15:58:08.676+0000] {dag.py:3047} INFO - Sync 1 DAGs
[2024-03-04T15:58:08.681+0000] {logging_mixin.py:188} INFO - [2024-03-04T15:58:08.681+0000] {dag.py:3834} INFO - Setting next_dagrun for example_params_trigger_ui to None, run_after=None
[2024-03-04T15:58:08.688+0000] {processor.py:183} INFO - Processing /home/airflow/.local/lib/python3.11/site-packages/airflow/example_dags/example_params_trigger_ui.py took 0.038 seconds
[2024-03-04T15:58:39.381+0000] {processor.py:161} INFO - Started process (PID=788) to work on /home/airflow/.local/lib/python3.11/site-packages/airflow/example_dags/example_params_trigger_ui.py
[2024-03-04T15:58:39.382+0000] {processor.py:830} INFO - Processing file /home/airflow/.local/lib/python3.11/site-packages/airflow/example_dags/example_params_trigger_ui.py for tasks to queue
[2024-03-04T15:58:39.383+0000] {logging_mixin.py:188} INFO - [2024-03-04T15:58:39.382+0000] {dagbag.py:540} INFO - Filling up the DagBag from /home/airflow/.local/lib/python3.11/site-packages/airflow/example_dags/example_params_trigger_ui.py
[2024-03-04T15:58:39.389+0000] {processor.py:840} INFO - DAG(s) 'example_params_trigger_ui' retrieved from /home/airflow/.local/lib/python3.11/site-packages/airflow/example_dags/example_params_trigger_ui.py
[2024-03-04T15:58:39.412+0000] {logging_mixin.py:188} INFO - [2024-03-04T15:58:39.411+0000] {dag.py:3047} INFO - Sync 1 DAGs
[2024-03-04T15:58:39.425+0000] {logging_mixin.py:188} INFO - [2024-03-04T15:58:39.425+0000] {dag.py:3834} INFO - Setting next_dagrun for example_params_trigger_ui to None, run_after=None
[2024-03-04T15:58:39.439+0000] {processor.py:183} INFO - Processing /home/airflow/.local/lib/python3.11/site-packages/airflow/example_dags/example_params_trigger_ui.py took 0.059 seconds
[2024-03-04T15:59:09.983+0000] {processor.py:161} INFO - Started process (PID=843) to work on /home/airflow/.local/lib/python3.11/site-packages/airflow/example_dags/example_params_trigger_ui.py
[2024-03-04T15:59:09.984+0000] {processor.py:830} INFO - Processing file /home/airflow/.local/lib/python3.11/site-packages/airflow/example_dags/example_params_trigger_ui.py for tasks to queue
[2024-03-04T15:59:09.985+0000] {logging_mixin.py:188} INFO - [2024-03-04T15:59:09.985+0000] {dagbag.py:540} INFO - Filling up the DagBag from /home/airflow/.local/lib/python3.11/site-packages/airflow/example_dags/example_params_trigger_ui.py
[2024-03-04T15:59:09.991+0000] {processor.py:840} INFO - DAG(s) 'example_params_trigger_ui' retrieved from /home/airflow/.local/lib/python3.11/site-packages/airflow/example_dags/example_params_trigger_ui.py
[2024-03-04T15:59:10.010+0000] {logging_mixin.py:188} INFO - [2024-03-04T15:59:10.010+0000] {dag.py:3047} INFO - Sync 1 DAGs
[2024-03-04T15:59:10.015+0000] {logging_mixin.py:188} INFO - [2024-03-04T15:59:10.015+0000] {dag.py:3834} INFO - Setting next_dagrun for example_params_trigger_ui to None, run_after=None
[2024-03-04T15:59:10.022+0000] {processor.py:183} INFO - Processing /home/airflow/.local/lib/python3.11/site-packages/airflow/example_dags/example_params_trigger_ui.py took 0.041 seconds
[2024-03-04T15:59:40.529+0000] {processor.py:161} INFO - Started process (PID=898) to work on /home/airflow/.local/lib/python3.11/site-packages/airflow/example_dags/example_params_trigger_ui.py
[2024-03-04T15:59:40.530+0000] {processor.py:830} INFO - Processing file /home/airflow/.local/lib/python3.11/site-packages/airflow/example_dags/example_params_trigger_ui.py for tasks to queue
[2024-03-04T15:59:40.531+0000] {logging_mixin.py:188} INFO - [2024-03-04T15:59:40.531+0000] {dagbag.py:540} INFO - Filling up the DagBag from /home/airflow/.local/lib/python3.11/site-packages/airflow/example_dags/example_params_trigger_ui.py
[2024-03-04T15:59:40.540+0000] {processor.py:840} INFO - DAG(s) 'example_params_trigger_ui' retrieved from /home/airflow/.local/lib/python3.11/site-packages/airflow/example_dags/example_params_trigger_ui.py
[2024-03-04T15:59:40.557+0000] {logging_mixin.py:188} INFO - [2024-03-04T15:59:40.557+0000] {dag.py:3047} INFO - Sync 1 DAGs
[2024-03-04T15:59:40.562+0000] {logging_mixin.py:188} INFO - [2024-03-04T15:59:40.562+0000] {dag.py:3834} INFO - Setting next_dagrun for example_params_trigger_ui to None, run_after=None
[2024-03-04T15:59:40.573+0000] {processor.py:183} INFO - Processing /home/airflow/.local/lib/python3.11/site-packages/airflow/example_dags/example_params_trigger_ui.py took 0.045 seconds
[2024-03-04T16:00:11.307+0000] {processor.py:161} INFO - Started process (PID=953) to work on /home/airflow/.local/lib/python3.11/site-packages/airflow/example_dags/example_params_trigger_ui.py
[2024-03-04T16:00:11.308+0000] {processor.py:830} INFO - Processing file /home/airflow/.local/lib/python3.11/site-packages/airflow/example_dags/example_params_trigger_ui.py for tasks to queue
[2024-03-04T16:00:11.309+0000] {logging_mixin.py:188} INFO - [2024-03-04T16:00:11.309+0000] {dagbag.py:540} INFO - Filling up the DagBag from /home/airflow/.local/lib/python3.11/site-packages/airflow/example_dags/example_params_trigger_ui.py
[2024-03-04T16:00:11.319+0000] {processor.py:840} INFO - DAG(s) 'example_params_trigger_ui' retrieved from /home/airflow/.local/lib/python3.11/site-packages/airflow/example_dags/example_params_trigger_ui.py
[2024-03-04T16:00:11.336+0000] {logging_mixin.py:188} INFO - [2024-03-04T16:00:11.336+0000] {dag.py:3047} INFO - Sync 1 DAGs
[2024-03-04T16:00:11.341+0000] {logging_mixin.py:188} INFO - [2024-03-04T16:00:11.341+0000] {dag.py:3834} INFO - Setting next_dagrun for example_params_trigger_ui to None, run_after=None
[2024-03-04T16:00:11.349+0000] {processor.py:183} INFO - Processing /home/airflow/.local/lib/python3.11/site-packages/airflow/example_dags/example_params_trigger_ui.py took 0.044 seconds
[2024-03-04T16:00:42.072+0000] {processor.py:161} INFO - Started process (PID=1007) to work on /home/airflow/.local/lib/python3.11/site-packages/airflow/example_dags/example_params_trigger_ui.py
[2024-03-04T16:00:42.072+0000] {processor.py:830} INFO - Processing file /home/airflow/.local/lib/python3.11/site-packages/airflow/example_dags/example_params_trigger_ui.py for tasks to queue
[2024-03-04T16:00:42.073+0000] {logging_mixin.py:188} INFO - [2024-03-04T16:00:42.073+0000] {dagbag.py:540} INFO - Filling up the DagBag from /home/airflow/.local/lib/python3.11/site-packages/airflow/example_dags/example_params_trigger_ui.py
[2024-03-04T16:00:42.082+0000] {processor.py:840} INFO - DAG(s) 'example_params_trigger_ui' retrieved from /home/airflow/.local/lib/python3.11/site-packages/airflow/example_dags/example_params_trigger_ui.py
[2024-03-04T16:00:42.104+0000] {logging_mixin.py:188} INFO - [2024-03-04T16:00:42.103+0000] {dag.py:3047} INFO - Sync 1 DAGs
[2024-03-04T16:00:42.109+0000] {logging_mixin.py:188} INFO - [2024-03-04T16:00:42.109+0000] {dag.py:3834} INFO - Setting next_dagrun for example_params_trigger_ui to None, run_after=None
[2024-03-04T16:00:42.117+0000] {processor.py:183} INFO - Processing /home/airflow/.local/lib/python3.11/site-packages/airflow/example_dags/example_params_trigger_ui.py took 0.047 seconds
[2024-03-04T16:01:12.866+0000] {processor.py:161} INFO - Started process (PID=1068) to work on /home/airflow/.local/lib/python3.11/site-packages/airflow/example_dags/example_params_trigger_ui.py
[2024-03-04T16:01:12.866+0000] {processor.py:830} INFO - Processing file /home/airflow/.local/lib/python3.11/site-packages/airflow/example_dags/example_params_trigger_ui.py for tasks to queue
[2024-03-04T16:01:12.867+0000] {logging_mixin.py:188} INFO - [2024-03-04T16:01:12.867+0000] {dagbag.py:540} INFO - Filling up the DagBag from /home/airflow/.local/lib/python3.11/site-packages/airflow/example_dags/example_params_trigger_ui.py
[2024-03-04T16:01:12.875+0000] {processor.py:840} INFO - DAG(s) 'example_params_trigger_ui' retrieved from /home/airflow/.local/lib/python3.11/site-packages/airflow/example_dags/example_params_trigger_ui.py
[2024-03-04T16:01:12.903+0000] {logging_mixin.py:188} INFO - [2024-03-04T16:01:12.903+0000] {dag.py:3047} INFO - Sync 1 DAGs
[2024-03-04T16:01:12.910+0000] {logging_mixin.py:188} INFO - [2024-03-04T16:01:12.910+0000] {dag.py:3834} INFO - Setting next_dagrun for example_params_trigger_ui to None, run_after=None
[2024-03-04T16:01:12.919+0000] {processor.py:183} INFO - Processing /home/airflow/.local/lib/python3.11/site-packages/airflow/example_dags/example_params_trigger_ui.py took 0.055 seconds
[2024-03-04T16:01:43.637+0000] {processor.py:161} INFO - Started process (PID=1123) to work on /home/airflow/.local/lib/python3.11/site-packages/airflow/example_dags/example_params_trigger_ui.py
[2024-03-04T16:01:43.638+0000] {processor.py:830} INFO - Processing file /home/airflow/.local/lib/python3.11/site-packages/airflow/example_dags/example_params_trigger_ui.py for tasks to queue
[2024-03-04T16:01:43.639+0000] {logging_mixin.py:188} INFO - [2024-03-04T16:01:43.639+0000] {dagbag.py:540} INFO - Filling up the DagBag from /home/airflow/.local/lib/python3.11/site-packages/airflow/example_dags/example_params_trigger_ui.py
[2024-03-04T16:01:43.645+0000] {processor.py:840} INFO - DAG(s) 'example_params_trigger_ui' retrieved from /home/airflow/.local/lib/python3.11/site-packages/airflow/example_dags/example_params_trigger_ui.py
[2024-03-04T16:01:43.665+0000] {logging_mixin.py:188} INFO - [2024-03-04T16:01:43.665+0000] {dag.py:3047} INFO - Sync 1 DAGs
[2024-03-04T16:01:43.672+0000] {logging_mixin.py:188} INFO - [2024-03-04T16:01:43.672+0000] {dag.py:3834} INFO - Setting next_dagrun for example_params_trigger_ui to None, run_after=None
[2024-03-04T16:01:43.680+0000] {processor.py:183} INFO - Processing /home/airflow/.local/lib/python3.11/site-packages/airflow/example_dags/example_params_trigger_ui.py took 0.044 seconds
[2024-03-04T16:02:14.453+0000] {processor.py:161} INFO - Started process (PID=1178) to work on /home/airflow/.local/lib/python3.11/site-packages/airflow/example_dags/example_params_trigger_ui.py
[2024-03-04T16:02:14.453+0000] {processor.py:830} INFO - Processing file /home/airflow/.local/lib/python3.11/site-packages/airflow/example_dags/example_params_trigger_ui.py for tasks to queue
[2024-03-04T16:02:14.454+0000] {logging_mixin.py:188} INFO - [2024-03-04T16:02:14.454+0000] {dagbag.py:540} INFO - Filling up the DagBag from /home/airflow/.local/lib/python3.11/site-packages/airflow/example_dags/example_params_trigger_ui.py
[2024-03-04T16:02:14.462+0000] {processor.py:840} INFO - DAG(s) 'example_params_trigger_ui' retrieved from /home/airflow/.local/lib/python3.11/site-packages/airflow/example_dags/example_params_trigger_ui.py
[2024-03-04T16:02:14.479+0000] {logging_mixin.py:188} INFO - [2024-03-04T16:02:14.478+0000] {dag.py:3047} INFO - Sync 1 DAGs
[2024-03-04T16:02:14.485+0000] {logging_mixin.py:188} INFO - [2024-03-04T16:02:14.485+0000] {dag.py:3834} INFO - Setting next_dagrun for example_params_trigger_ui to None, run_after=None
[2024-03-04T16:02:14.494+0000] {processor.py:183} INFO - Processing /home/airflow/.local/lib/python3.11/site-packages/airflow/example_dags/example_params_trigger_ui.py took 0.043 seconds
[2024-03-04T16:02:45.210+0000] {processor.py:161} INFO - Started process (PID=1233) to work on /home/airflow/.local/lib/python3.11/site-packages/airflow/example_dags/example_params_trigger_ui.py
[2024-03-04T16:02:45.210+0000] {processor.py:830} INFO - Processing file /home/airflow/.local/lib/python3.11/site-packages/airflow/example_dags/example_params_trigger_ui.py for tasks to queue
[2024-03-04T16:02:45.211+0000] {logging_mixin.py:188} INFO - [2024-03-04T16:02:45.211+0000] {dagbag.py:540} INFO - Filling up the DagBag from /home/airflow/.local/lib/python3.11/site-packages/airflow/example_dags/example_params_trigger_ui.py
[2024-03-04T16:02:45.219+0000] {processor.py:840} INFO - DAG(s) 'example_params_trigger_ui' retrieved from /home/airflow/.local/lib/python3.11/site-packages/airflow/example_dags/example_params_trigger_ui.py
[2024-03-04T16:02:45.241+0000] {logging_mixin.py:188} INFO - [2024-03-04T16:02:45.241+0000] {dag.py:3047} INFO - Sync 1 DAGs
[2024-03-04T16:02:45.248+0000] {logging_mixin.py:188} INFO - [2024-03-04T16:02:45.248+0000] {dag.py:3834} INFO - Setting next_dagrun for example_params_trigger_ui to None, run_after=None
[2024-03-04T16:02:45.255+0000] {processor.py:183} INFO - Processing /home/airflow/.local/lib/python3.11/site-packages/airflow/example_dags/example_params_trigger_ui.py took 0.047 seconds
[2024-03-04T16:03:16.020+0000] {processor.py:161} INFO - Started process (PID=1288) to work on /home/airflow/.local/lib/python3.11/site-packages/airflow/example_dags/example_params_trigger_ui.py
[2024-03-04T16:03:16.021+0000] {processor.py:830} INFO - Processing file /home/airflow/.local/lib/python3.11/site-packages/airflow/example_dags/example_params_trigger_ui.py for tasks to queue
[2024-03-04T16:03:16.021+0000] {logging_mixin.py:188} INFO - [2024-03-04T16:03:16.021+0000] {dagbag.py:540} INFO - Filling up the DagBag from /home/airflow/.local/lib/python3.11/site-packages/airflow/example_dags/example_params_trigger_ui.py
[2024-03-04T16:03:16.028+0000] {processor.py:840} INFO - DAG(s) 'example_params_trigger_ui' retrieved from /home/airflow/.local/lib/python3.11/site-packages/airflow/example_dags/example_params_trigger_ui.py
[2024-03-04T16:03:16.048+0000] {logging_mixin.py:188} INFO - [2024-03-04T16:03:16.048+0000] {dag.py:3047} INFO - Sync 1 DAGs
[2024-03-04T16:03:16.053+0000] {logging_mixin.py:188} INFO - [2024-03-04T16:03:16.053+0000] {dag.py:3834} INFO - Setting next_dagrun for example_params_trigger_ui to None, run_after=None
[2024-03-04T16:03:16.061+0000] {processor.py:183} INFO - Processing /home/airflow/.local/lib/python3.11/site-packages/airflow/example_dags/example_params_trigger_ui.py took 0.042 seconds
[2024-03-04T16:03:46.988+0000] {processor.py:161} INFO - Started process (PID=1343) to work on /home/airflow/.local/lib/python3.11/site-packages/airflow/example_dags/example_params_trigger_ui.py
[2024-03-04T16:03:46.990+0000] {processor.py:830} INFO - Processing file /home/airflow/.local/lib/python3.11/site-packages/airflow/example_dags/example_params_trigger_ui.py for tasks to queue
[2024-03-04T16:03:46.990+0000] {logging_mixin.py:188} INFO - [2024-03-04T16:03:46.990+0000] {dagbag.py:540} INFO - Filling up the DagBag from /home/airflow/.local/lib/python3.11/site-packages/airflow/example_dags/example_params_trigger_ui.py
[2024-03-04T16:03:46.998+0000] {processor.py:840} INFO - DAG(s) 'example_params_trigger_ui' retrieved from /home/airflow/.local/lib/python3.11/site-packages/airflow/example_dags/example_params_trigger_ui.py
[2024-03-04T16:03:47.021+0000] {logging_mixin.py:188} INFO - [2024-03-04T16:03:47.021+0000] {dag.py:3047} INFO - Sync 1 DAGs
[2024-03-04T16:03:47.028+0000] {logging_mixin.py:188} INFO - [2024-03-04T16:03:47.028+0000] {dag.py:3834} INFO - Setting next_dagrun for example_params_trigger_ui to None, run_after=None
[2024-03-04T16:03:47.036+0000] {processor.py:183} INFO - Processing /home/airflow/.local/lib/python3.11/site-packages/airflow/example_dags/example_params_trigger_ui.py took 0.050 seconds
[2024-03-04T16:04:17.316+0000] {processor.py:161} INFO - Started process (PID=1398) to work on /home/airflow/.local/lib/python3.11/site-packages/airflow/example_dags/example_params_trigger_ui.py
[2024-03-04T16:04:17.317+0000] {processor.py:830} INFO - Processing file /home/airflow/.local/lib/python3.11/site-packages/airflow/example_dags/example_params_trigger_ui.py for tasks to queue
[2024-03-04T16:04:17.318+0000] {logging_mixin.py:188} INFO - [2024-03-04T16:04:17.318+0000] {dagbag.py:540} INFO - Filling up the DagBag from /home/airflow/.local/lib/python3.11/site-packages/airflow/example_dags/example_params_trigger_ui.py
[2024-03-04T16:04:17.325+0000] {processor.py:840} INFO - DAG(s) 'example_params_trigger_ui' retrieved from /home/airflow/.local/lib/python3.11/site-packages/airflow/example_dags/example_params_trigger_ui.py
[2024-03-04T16:04:17.342+0000] {logging_mixin.py:188} INFO - [2024-03-04T16:04:17.342+0000] {dag.py:3047} INFO - Sync 1 DAGs
[2024-03-04T16:04:17.348+0000] {logging_mixin.py:188} INFO - [2024-03-04T16:04:17.348+0000] {dag.py:3834} INFO - Setting next_dagrun for example_params_trigger_ui to None, run_after=None
[2024-03-04T16:04:17.355+0000] {processor.py:183} INFO - Processing /home/airflow/.local/lib/python3.11/site-packages/airflow/example_dags/example_params_trigger_ui.py took 0.040 seconds
[2024-03-04T16:04:48.159+0000] {processor.py:161} INFO - Started process (PID=1453) to work on /home/airflow/.local/lib/python3.11/site-packages/airflow/example_dags/example_params_trigger_ui.py
[2024-03-04T16:04:48.160+0000] {processor.py:830} INFO - Processing file /home/airflow/.local/lib/python3.11/site-packages/airflow/example_dags/example_params_trigger_ui.py for tasks to queue
[2024-03-04T16:04:48.161+0000] {logging_mixin.py:188} INFO - [2024-03-04T16:04:48.161+0000] {dagbag.py:540} INFO - Filling up the DagBag from /home/airflow/.local/lib/python3.11/site-packages/airflow/example_dags/example_params_trigger_ui.py
[2024-03-04T16:04:48.168+0000] {processor.py:840} INFO - DAG(s) 'example_params_trigger_ui' retrieved from /home/airflow/.local/lib/python3.11/site-packages/airflow/example_dags/example_params_trigger_ui.py
[2024-03-04T16:04:48.191+0000] {logging_mixin.py:188} INFO - [2024-03-04T16:04:48.191+0000] {dag.py:3047} INFO - Sync 1 DAGs
[2024-03-04T16:04:48.198+0000] {logging_mixin.py:188} INFO - [2024-03-04T16:04:48.198+0000] {dag.py:3834} INFO - Setting next_dagrun for example_params_trigger_ui to None, run_after=None
[2024-03-04T16:04:48.206+0000] {processor.py:183} INFO - Processing /home/airflow/.local/lib/python3.11/site-packages/airflow/example_dags/example_params_trigger_ui.py took 0.048 seconds
[2024-03-04T16:05:18.883+0000] {processor.py:161} INFO - Started process (PID=1508) to work on /home/airflow/.local/lib/python3.11/site-packages/airflow/example_dags/example_params_trigger_ui.py
[2024-03-04T16:05:18.884+0000] {processor.py:830} INFO - Processing file /home/airflow/.local/lib/python3.11/site-packages/airflow/example_dags/example_params_trigger_ui.py for tasks to queue
[2024-03-04T16:05:18.885+0000] {logging_mixin.py:188} INFO - [2024-03-04T16:05:18.884+0000] {dagbag.py:540} INFO - Filling up the DagBag from /home/airflow/.local/lib/python3.11/site-packages/airflow/example_dags/example_params_trigger_ui.py
[2024-03-04T16:05:18.893+0000] {processor.py:840} INFO - DAG(s) 'example_params_trigger_ui' retrieved from /home/airflow/.local/lib/python3.11/site-packages/airflow/example_dags/example_params_trigger_ui.py
[2024-03-04T16:05:18.914+0000] {logging_mixin.py:188} INFO - [2024-03-04T16:05:18.914+0000] {dag.py:3047} INFO - Sync 1 DAGs
[2024-03-04T16:05:18.920+0000] {logging_mixin.py:188} INFO - [2024-03-04T16:05:18.919+0000] {dag.py:3834} INFO - Setting next_dagrun for example_params_trigger_ui to None, run_after=None
[2024-03-04T16:05:18.927+0000] {processor.py:183} INFO - Processing /home/airflow/.local/lib/python3.11/site-packages/airflow/example_dags/example_params_trigger_ui.py took 0.045 seconds
[2024-03-04T16:05:49.827+0000] {processor.py:161} INFO - Started process (PID=1563) to work on /home/airflow/.local/lib/python3.11/site-packages/airflow/example_dags/example_params_trigger_ui.py
[2024-03-04T16:05:49.827+0000] {processor.py:830} INFO - Processing file /home/airflow/.local/lib/python3.11/site-packages/airflow/example_dags/example_params_trigger_ui.py for tasks to queue
[2024-03-04T16:05:49.828+0000] {logging_mixin.py:188} INFO - [2024-03-04T16:05:49.828+0000] {dagbag.py:540} INFO - Filling up the DagBag from /home/airflow/.local/lib/python3.11/site-packages/airflow/example_dags/example_params_trigger_ui.py
[2024-03-04T16:05:49.835+0000] {processor.py:840} INFO - DAG(s) 'example_params_trigger_ui' retrieved from /home/airflow/.local/lib/python3.11/site-packages/airflow/example_dags/example_params_trigger_ui.py
[2024-03-04T16:05:49.851+0000] {logging_mixin.py:188} INFO - [2024-03-04T16:05:49.851+0000] {dag.py:3047} INFO - Sync 1 DAGs
[2024-03-04T16:05:49.859+0000] {logging_mixin.py:188} INFO - [2024-03-04T16:05:49.859+0000] {dag.py:3834} INFO - Setting next_dagrun for example_params_trigger_ui to None, run_after=None
[2024-03-04T16:05:49.867+0000] {processor.py:183} INFO - Processing /home/airflow/.local/lib/python3.11/site-packages/airflow/example_dags/example_params_trigger_ui.py took 0.042 seconds
[2024-03-04T16:06:20.242+0000] {processor.py:161} INFO - Started process (PID=1618) to work on /home/airflow/.local/lib/python3.11/site-packages/airflow/example_dags/example_params_trigger_ui.py
[2024-03-04T16:06:20.244+0000] {processor.py:830} INFO - Processing file /home/airflow/.local/lib/python3.11/site-packages/airflow/example_dags/example_params_trigger_ui.py for tasks to queue
[2024-03-04T16:06:20.245+0000] {logging_mixin.py:188} INFO - [2024-03-04T16:06:20.244+0000] {dagbag.py:540} INFO - Filling up the DagBag from /home/airflow/.local/lib/python3.11/site-packages/airflow/example_dags/example_params_trigger_ui.py
[2024-03-04T16:06:20.251+0000] {processor.py:840} INFO - DAG(s) 'example_params_trigger_ui' retrieved from /home/airflow/.local/lib/python3.11/site-packages/airflow/example_dags/example_params_trigger_ui.py
[2024-03-04T16:06:20.268+0000] {logging_mixin.py:188} INFO - [2024-03-04T16:06:20.268+0000] {dag.py:3047} INFO - Sync 1 DAGs
[2024-03-04T16:06:20.276+0000] {logging_mixin.py:188} INFO - [2024-03-04T16:06:20.276+0000] {dag.py:3834} INFO - Setting next_dagrun for example_params_trigger_ui to None, run_after=None
[2024-03-04T16:06:20.288+0000] {processor.py:183} INFO - Processing /home/airflow/.local/lib/python3.11/site-packages/airflow/example_dags/example_params_trigger_ui.py took 0.048 seconds
[2024-03-04T16:06:51.236+0000] {processor.py:161} INFO - Started process (PID=1673) to work on /home/airflow/.local/lib/python3.11/site-packages/airflow/example_dags/example_params_trigger_ui.py
[2024-03-04T16:06:51.237+0000] {processor.py:830} INFO - Processing file /home/airflow/.local/lib/python3.11/site-packages/airflow/example_dags/example_params_trigger_ui.py for tasks to queue
[2024-03-04T16:06:51.238+0000] {logging_mixin.py:188} INFO - [2024-03-04T16:06:51.238+0000] {dagbag.py:540} INFO - Filling up the DagBag from /home/airflow/.local/lib/python3.11/site-packages/airflow/example_dags/example_params_trigger_ui.py
[2024-03-04T16:06:51.244+0000] {processor.py:840} INFO - DAG(s) 'example_params_trigger_ui' retrieved from /home/airflow/.local/lib/python3.11/site-packages/airflow/example_dags/example_params_trigger_ui.py
[2024-03-04T16:06:51.260+0000] {logging_mixin.py:188} INFO - [2024-03-04T16:06:51.260+0000] {dag.py:3047} INFO - Sync 1 DAGs
[2024-03-04T16:06:51.266+0000] {logging_mixin.py:188} INFO - [2024-03-04T16:06:51.266+0000] {dag.py:3834} INFO - Setting next_dagrun for example_params_trigger_ui to None, run_after=None
[2024-03-04T16:06:51.275+0000] {processor.py:183} INFO - Processing /home/airflow/.local/lib/python3.11/site-packages/airflow/example_dags/example_params_trigger_ui.py took 0.041 seconds
[2024-03-04T16:07:21.909+0000] {processor.py:161} INFO - Started process (PID=1728) to work on /home/airflow/.local/lib/python3.11/site-packages/airflow/example_dags/example_params_trigger_ui.py
[2024-03-04T16:07:21.910+0000] {processor.py:830} INFO - Processing file /home/airflow/.local/lib/python3.11/site-packages/airflow/example_dags/example_params_trigger_ui.py for tasks to queue
[2024-03-04T16:07:21.911+0000] {logging_mixin.py:188} INFO - [2024-03-04T16:07:21.911+0000] {dagbag.py:540} INFO - Filling up the DagBag from /home/airflow/.local/lib/python3.11/site-packages/airflow/example_dags/example_params_trigger_ui.py
[2024-03-04T16:07:21.918+0000] {processor.py:840} INFO - DAG(s) 'example_params_trigger_ui' retrieved from /home/airflow/.local/lib/python3.11/site-packages/airflow/example_dags/example_params_trigger_ui.py
[2024-03-04T16:07:21.935+0000] {logging_mixin.py:188} INFO - [2024-03-04T16:07:21.935+0000] {dag.py:3047} INFO - Sync 1 DAGs
[2024-03-04T16:07:21.940+0000] {logging_mixin.py:188} INFO - [2024-03-04T16:07:21.940+0000] {dag.py:3834} INFO - Setting next_dagrun for example_params_trigger_ui to None, run_after=None
[2024-03-04T16:07:21.947+0000] {processor.py:183} INFO - Processing /home/airflow/.local/lib/python3.11/site-packages/airflow/example_dags/example_params_trigger_ui.py took 0.040 seconds
[2024-03-04T16:07:52.568+0000] {processor.py:161} INFO - Started process (PID=1783) to work on /home/airflow/.local/lib/python3.11/site-packages/airflow/example_dags/example_params_trigger_ui.py
[2024-03-04T16:07:52.570+0000] {processor.py:830} INFO - Processing file /home/airflow/.local/lib/python3.11/site-packages/airflow/example_dags/example_params_trigger_ui.py for tasks to queue
[2024-03-04T16:07:52.571+0000] {logging_mixin.py:188} INFO - [2024-03-04T16:07:52.571+0000] {dagbag.py:540} INFO - Filling up the DagBag from /home/airflow/.local/lib/python3.11/site-packages/airflow/example_dags/example_params_trigger_ui.py
[2024-03-04T16:07:52.587+0000] {processor.py:840} INFO - DAG(s) 'example_params_trigger_ui' retrieved from /home/airflow/.local/lib/python3.11/site-packages/airflow/example_dags/example_params_trigger_ui.py
[2024-03-04T16:07:52.609+0000] {logging_mixin.py:188} INFO - [2024-03-04T16:07:52.609+0000] {dag.py:3047} INFO - Sync 1 DAGs
[2024-03-04T16:07:52.616+0000] {logging_mixin.py:188} INFO - [2024-03-04T16:07:52.616+0000] {dag.py:3834} INFO - Setting next_dagrun for example_params_trigger_ui to None, run_after=None
[2024-03-04T16:07:52.625+0000] {processor.py:183} INFO - Processing /home/airflow/.local/lib/python3.11/site-packages/airflow/example_dags/example_params_trigger_ui.py took 0.058 seconds
[2024-03-04T16:08:23.258+0000] {processor.py:161} INFO - Started process (PID=1838) to work on /home/airflow/.local/lib/python3.11/site-packages/airflow/example_dags/example_params_trigger_ui.py
[2024-03-04T16:08:23.259+0000] {processor.py:830} INFO - Processing file /home/airflow/.local/lib/python3.11/site-packages/airflow/example_dags/example_params_trigger_ui.py for tasks to queue
[2024-03-04T16:08:23.260+0000] {logging_mixin.py:188} INFO - [2024-03-04T16:08:23.260+0000] {dagbag.py:540} INFO - Filling up the DagBag from /home/airflow/.local/lib/python3.11/site-packages/airflow/example_dags/example_params_trigger_ui.py
[2024-03-04T16:08:23.269+0000] {processor.py:840} INFO - DAG(s) 'example_params_trigger_ui' retrieved from /home/airflow/.local/lib/python3.11/site-packages/airflow/example_dags/example_params_trigger_ui.py
[2024-03-04T16:08:23.292+0000] {logging_mixin.py:188} INFO - [2024-03-04T16:08:23.292+0000] {dag.py:3047} INFO - Sync 1 DAGs
[2024-03-04T16:08:23.298+0000] {logging_mixin.py:188} INFO - [2024-03-04T16:08:23.298+0000] {dag.py:3834} INFO - Setting next_dagrun for example_params_trigger_ui to None, run_after=None
[2024-03-04T16:08:23.308+0000] {processor.py:183} INFO - Processing /home/airflow/.local/lib/python3.11/site-packages/airflow/example_dags/example_params_trigger_ui.py took 0.052 seconds
[2024-03-04T16:08:53.938+0000] {processor.py:161} INFO - Started process (PID=1893) to work on /home/airflow/.local/lib/python3.11/site-packages/airflow/example_dags/example_params_trigger_ui.py
[2024-03-04T16:08:53.939+0000] {processor.py:830} INFO - Processing file /home/airflow/.local/lib/python3.11/site-packages/airflow/example_dags/example_params_trigger_ui.py for tasks to queue
[2024-03-04T16:08:53.939+0000] {logging_mixin.py:188} INFO - [2024-03-04T16:08:53.939+0000] {dagbag.py:540} INFO - Filling up the DagBag from /home/airflow/.local/lib/python3.11/site-packages/airflow/example_dags/example_params_trigger_ui.py
[2024-03-04T16:08:53.946+0000] {processor.py:840} INFO - DAG(s) 'example_params_trigger_ui' retrieved from /home/airflow/.local/lib/python3.11/site-packages/airflow/example_dags/example_params_trigger_ui.py
[2024-03-04T16:08:53.961+0000] {logging_mixin.py:188} INFO - [2024-03-04T16:08:53.961+0000] {dag.py:3047} INFO - Sync 1 DAGs
[2024-03-04T16:08:53.966+0000] {logging_mixin.py:188} INFO - [2024-03-04T16:08:53.966+0000] {dag.py:3834} INFO - Setting next_dagrun for example_params_trigger_ui to None, run_after=None
[2024-03-04T16:08:53.973+0000] {processor.py:183} INFO - Processing /home/airflow/.local/lib/python3.11/site-packages/airflow/example_dags/example_params_trigger_ui.py took 0.037 seconds
[2024-03-04T16:09:24.496+0000] {processor.py:161} INFO - Started process (PID=1948) to work on /home/airflow/.local/lib/python3.11/site-packages/airflow/example_dags/example_params_trigger_ui.py
[2024-03-04T16:09:24.497+0000] {processor.py:830} INFO - Processing file /home/airflow/.local/lib/python3.11/site-packages/airflow/example_dags/example_params_trigger_ui.py for tasks to queue
[2024-03-04T16:09:24.497+0000] {logging_mixin.py:188} INFO - [2024-03-04T16:09:24.497+0000] {dagbag.py:540} INFO - Filling up the DagBag from /home/airflow/.local/lib/python3.11/site-packages/airflow/example_dags/example_params_trigger_ui.py
[2024-03-04T16:09:24.504+0000] {processor.py:840} INFO - DAG(s) 'example_params_trigger_ui' retrieved from /home/airflow/.local/lib/python3.11/site-packages/airflow/example_dags/example_params_trigger_ui.py
[2024-03-04T16:09:24.519+0000] {logging_mixin.py:188} INFO - [2024-03-04T16:09:24.519+0000] {dag.py:3047} INFO - Sync 1 DAGs
[2024-03-04T16:09:24.524+0000] {logging_mixin.py:188} INFO - [2024-03-04T16:09:24.524+0000] {dag.py:3834} INFO - Setting next_dagrun for example_params_trigger_ui to None, run_after=None
[2024-03-04T16:09:24.531+0000] {processor.py:183} INFO - Processing /home/airflow/.local/lib/python3.11/site-packages/airflow/example_dags/example_params_trigger_ui.py took 0.037 seconds
[2024-03-04T16:09:55.279+0000] {processor.py:161} INFO - Started process (PID=2003) to work on /home/airflow/.local/lib/python3.11/site-packages/airflow/example_dags/example_params_trigger_ui.py
[2024-03-04T16:09:55.279+0000] {processor.py:830} INFO - Processing file /home/airflow/.local/lib/python3.11/site-packages/airflow/example_dags/example_params_trigger_ui.py for tasks to queue
[2024-03-04T16:09:55.280+0000] {logging_mixin.py:188} INFO - [2024-03-04T16:09:55.280+0000] {dagbag.py:540} INFO - Filling up the DagBag from /home/airflow/.local/lib/python3.11/site-packages/airflow/example_dags/example_params_trigger_ui.py
[2024-03-04T16:09:55.287+0000] {processor.py:840} INFO - DAG(s) 'example_params_trigger_ui' retrieved from /home/airflow/.local/lib/python3.11/site-packages/airflow/example_dags/example_params_trigger_ui.py
[2024-03-04T16:09:55.303+0000] {logging_mixin.py:188} INFO - [2024-03-04T16:09:55.303+0000] {dag.py:3047} INFO - Sync 1 DAGs
[2024-03-04T16:09:55.308+0000] {logging_mixin.py:188} INFO - [2024-03-04T16:09:55.308+0000] {dag.py:3834} INFO - Setting next_dagrun for example_params_trigger_ui to None, run_after=None
[2024-03-04T16:09:55.315+0000] {processor.py:183} INFO - Processing /home/airflow/.local/lib/python3.11/site-packages/airflow/example_dags/example_params_trigger_ui.py took 0.038 seconds
[2024-03-04T16:10:25.804+0000] {processor.py:161} INFO - Started process (PID=2058) to work on /home/airflow/.local/lib/python3.11/site-packages/airflow/example_dags/example_params_trigger_ui.py
[2024-03-04T16:10:25.805+0000] {processor.py:830} INFO - Processing file /home/airflow/.local/lib/python3.11/site-packages/airflow/example_dags/example_params_trigger_ui.py for tasks to queue
[2024-03-04T16:10:25.806+0000] {logging_mixin.py:188} INFO - [2024-03-04T16:10:25.805+0000] {dagbag.py:540} INFO - Filling up the DagBag from /home/airflow/.local/lib/python3.11/site-packages/airflow/example_dags/example_params_trigger_ui.py
[2024-03-04T16:10:25.812+0000] {processor.py:840} INFO - DAG(s) 'example_params_trigger_ui' retrieved from /home/airflow/.local/lib/python3.11/site-packages/airflow/example_dags/example_params_trigger_ui.py
[2024-03-04T16:10:25.828+0000] {logging_mixin.py:188} INFO - [2024-03-04T16:10:25.828+0000] {dag.py:3047} INFO - Sync 1 DAGs
[2024-03-04T16:10:25.833+0000] {logging_mixin.py:188} INFO - [2024-03-04T16:10:25.833+0000] {dag.py:3834} INFO - Setting next_dagrun for example_params_trigger_ui to None, run_after=None
[2024-03-04T16:10:25.840+0000] {processor.py:183} INFO - Processing /home/airflow/.local/lib/python3.11/site-packages/airflow/example_dags/example_params_trigger_ui.py took 0.038 seconds
[2024-03-04T16:10:56.500+0000] {processor.py:161} INFO - Started process (PID=2113) to work on /home/airflow/.local/lib/python3.11/site-packages/airflow/example_dags/example_params_trigger_ui.py
[2024-03-04T16:10:56.501+0000] {processor.py:830} INFO - Processing file /home/airflow/.local/lib/python3.11/site-packages/airflow/example_dags/example_params_trigger_ui.py for tasks to queue
[2024-03-04T16:10:56.502+0000] {logging_mixin.py:188} INFO - [2024-03-04T16:10:56.501+0000] {dagbag.py:540} INFO - Filling up the DagBag from /home/airflow/.local/lib/python3.11/site-packages/airflow/example_dags/example_params_trigger_ui.py
[2024-03-04T16:10:56.508+0000] {processor.py:840} INFO - DAG(s) 'example_params_trigger_ui' retrieved from /home/airflow/.local/lib/python3.11/site-packages/airflow/example_dags/example_params_trigger_ui.py
[2024-03-04T16:10:56.525+0000] {logging_mixin.py:188} INFO - [2024-03-04T16:10:56.524+0000] {dag.py:3047} INFO - Sync 1 DAGs
[2024-03-04T16:10:56.530+0000] {logging_mixin.py:188} INFO - [2024-03-04T16:10:56.530+0000] {dag.py:3834} INFO - Setting next_dagrun for example_params_trigger_ui to None, run_after=None
[2024-03-04T16:10:56.538+0000] {processor.py:183} INFO - Processing /home/airflow/.local/lib/python3.11/site-packages/airflow/example_dags/example_params_trigger_ui.py took 0.039 seconds
[2024-03-04T16:11:27.193+0000] {processor.py:161} INFO - Started process (PID=2168) to work on /home/airflow/.local/lib/python3.11/site-packages/airflow/example_dags/example_params_trigger_ui.py
[2024-03-04T16:11:27.194+0000] {processor.py:830} INFO - Processing file /home/airflow/.local/lib/python3.11/site-packages/airflow/example_dags/example_params_trigger_ui.py for tasks to queue
[2024-03-04T16:11:27.195+0000] {logging_mixin.py:188} INFO - [2024-03-04T16:11:27.195+0000] {dagbag.py:540} INFO - Filling up the DagBag from /home/airflow/.local/lib/python3.11/site-packages/airflow/example_dags/example_params_trigger_ui.py
[2024-03-04T16:11:27.201+0000] {processor.py:840} INFO - DAG(s) 'example_params_trigger_ui' retrieved from /home/airflow/.local/lib/python3.11/site-packages/airflow/example_dags/example_params_trigger_ui.py
[2024-03-04T16:11:27.217+0000] {logging_mixin.py:188} INFO - [2024-03-04T16:11:27.217+0000] {dag.py:3047} INFO - Sync 1 DAGs
[2024-03-04T16:11:27.222+0000] {logging_mixin.py:188} INFO - [2024-03-04T16:11:27.222+0000] {dag.py:3834} INFO - Setting next_dagrun for example_params_trigger_ui to None, run_after=None
[2024-03-04T16:11:27.229+0000] {processor.py:183} INFO - Processing /home/airflow/.local/lib/python3.11/site-packages/airflow/example_dags/example_params_trigger_ui.py took 0.037 seconds
[2024-03-04T16:11:57.876+0000] {processor.py:161} INFO - Started process (PID=2223) to work on /home/airflow/.local/lib/python3.11/site-packages/airflow/example_dags/example_params_trigger_ui.py
[2024-03-04T16:11:57.877+0000] {processor.py:830} INFO - Processing file /home/airflow/.local/lib/python3.11/site-packages/airflow/example_dags/example_params_trigger_ui.py for tasks to queue
[2024-03-04T16:11:57.877+0000] {logging_mixin.py:188} INFO - [2024-03-04T16:11:57.877+0000] {dagbag.py:540} INFO - Filling up the DagBag from /home/airflow/.local/lib/python3.11/site-packages/airflow/example_dags/example_params_trigger_ui.py
[2024-03-04T16:11:57.884+0000] {processor.py:840} INFO - DAG(s) 'example_params_trigger_ui' retrieved from /home/airflow/.local/lib/python3.11/site-packages/airflow/example_dags/example_params_trigger_ui.py
[2024-03-04T16:11:57.899+0000] {logging_mixin.py:188} INFO - [2024-03-04T16:11:57.899+0000] {dag.py:3047} INFO - Sync 1 DAGs
[2024-03-04T16:11:57.905+0000] {logging_mixin.py:188} INFO - [2024-03-04T16:11:57.905+0000] {dag.py:3834} INFO - Setting next_dagrun for example_params_trigger_ui to None, run_after=None
[2024-03-04T16:11:57.912+0000] {processor.py:183} INFO - Processing /home/airflow/.local/lib/python3.11/site-packages/airflow/example_dags/example_params_trigger_ui.py took 0.037 seconds
[2024-03-04T16:12:28.603+0000] {processor.py:161} INFO - Started process (PID=2278) to work on /home/airflow/.local/lib/python3.11/site-packages/airflow/example_dags/example_params_trigger_ui.py
[2024-03-04T16:12:28.603+0000] {processor.py:830} INFO - Processing file /home/airflow/.local/lib/python3.11/site-packages/airflow/example_dags/example_params_trigger_ui.py for tasks to queue
[2024-03-04T16:12:28.604+0000] {logging_mixin.py:188} INFO - [2024-03-04T16:12:28.604+0000] {dagbag.py:540} INFO - Filling up the DagBag from /home/airflow/.local/lib/python3.11/site-packages/airflow/example_dags/example_params_trigger_ui.py
[2024-03-04T16:12:28.611+0000] {processor.py:840} INFO - DAG(s) 'example_params_trigger_ui' retrieved from /home/airflow/.local/lib/python3.11/site-packages/airflow/example_dags/example_params_trigger_ui.py
[2024-03-04T16:12:28.627+0000] {logging_mixin.py:188} INFO - [2024-03-04T16:12:28.627+0000] {dag.py:3047} INFO - Sync 1 DAGs
[2024-03-04T16:12:28.631+0000] {logging_mixin.py:188} INFO - [2024-03-04T16:12:28.631+0000] {dag.py:3834} INFO - Setting next_dagrun for example_params_trigger_ui to None, run_after=None
[2024-03-04T16:12:28.638+0000] {processor.py:183} INFO - Processing /home/airflow/.local/lib/python3.11/site-packages/airflow/example_dags/example_params_trigger_ui.py took 0.037 seconds
[2024-03-04T16:12:59.197+0000] {processor.py:161} INFO - Started process (PID=2333) to work on /home/airflow/.local/lib/python3.11/site-packages/airflow/example_dags/example_params_trigger_ui.py
[2024-03-04T16:12:59.197+0000] {processor.py:830} INFO - Processing file /home/airflow/.local/lib/python3.11/site-packages/airflow/example_dags/example_params_trigger_ui.py for tasks to queue
[2024-03-04T16:12:59.199+0000] {logging_mixin.py:188} INFO - [2024-03-04T16:12:59.198+0000] {dagbag.py:540} INFO - Filling up the DagBag from /home/airflow/.local/lib/python3.11/site-packages/airflow/example_dags/example_params_trigger_ui.py
[2024-03-04T16:12:59.207+0000] {processor.py:840} INFO - DAG(s) 'example_params_trigger_ui' retrieved from /home/airflow/.local/lib/python3.11/site-packages/airflow/example_dags/example_params_trigger_ui.py
[2024-03-04T16:12:59.224+0000] {logging_mixin.py:188} INFO - [2024-03-04T16:12:59.224+0000] {dag.py:3047} INFO - Sync 1 DAGs
[2024-03-04T16:12:59.229+0000] {logging_mixin.py:188} INFO - [2024-03-04T16:12:59.229+0000] {dag.py:3834} INFO - Setting next_dagrun for example_params_trigger_ui to None, run_after=None
[2024-03-04T16:12:59.236+0000] {processor.py:183} INFO - Processing /home/airflow/.local/lib/python3.11/site-packages/airflow/example_dags/example_params_trigger_ui.py took 0.041 seconds
[2024-03-04T16:13:29.793+0000] {processor.py:161} INFO - Started process (PID=2388) to work on /home/airflow/.local/lib/python3.11/site-packages/airflow/example_dags/example_params_trigger_ui.py
[2024-03-04T16:13:29.794+0000] {processor.py:830} INFO - Processing file /home/airflow/.local/lib/python3.11/site-packages/airflow/example_dags/example_params_trigger_ui.py for tasks to queue
[2024-03-04T16:13:29.795+0000] {logging_mixin.py:188} INFO - [2024-03-04T16:13:29.795+0000] {dagbag.py:540} INFO - Filling up the DagBag from /home/airflow/.local/lib/python3.11/site-packages/airflow/example_dags/example_params_trigger_ui.py
[2024-03-04T16:13:29.802+0000] {processor.py:840} INFO - DAG(s) 'example_params_trigger_ui' retrieved from /home/airflow/.local/lib/python3.11/site-packages/airflow/example_dags/example_params_trigger_ui.py
[2024-03-04T16:13:29.818+0000] {logging_mixin.py:188} INFO - [2024-03-04T16:13:29.818+0000] {dag.py:3047} INFO - Sync 1 DAGs
[2024-03-04T16:13:29.823+0000] {logging_mixin.py:188} INFO - [2024-03-04T16:13:29.823+0000] {dag.py:3834} INFO - Setting next_dagrun for example_params_trigger_ui to None, run_after=None
[2024-03-04T16:13:29.831+0000] {processor.py:183} INFO - Processing /home/airflow/.local/lib/python3.11/site-packages/airflow/example_dags/example_params_trigger_ui.py took 0.040 seconds
[2024-03-04T16:14:00.599+0000] {processor.py:161} INFO - Started process (PID=2443) to work on /home/airflow/.local/lib/python3.11/site-packages/airflow/example_dags/example_params_trigger_ui.py
[2024-03-04T16:14:00.600+0000] {processor.py:830} INFO - Processing file /home/airflow/.local/lib/python3.11/site-packages/airflow/example_dags/example_params_trigger_ui.py for tasks to queue
[2024-03-04T16:14:00.601+0000] {logging_mixin.py:188} INFO - [2024-03-04T16:14:00.601+0000] {dagbag.py:540} INFO - Filling up the DagBag from /home/airflow/.local/lib/python3.11/site-packages/airflow/example_dags/example_params_trigger_ui.py
[2024-03-04T16:14:00.607+0000] {processor.py:840} INFO - DAG(s) 'example_params_trigger_ui' retrieved from /home/airflow/.local/lib/python3.11/site-packages/airflow/example_dags/example_params_trigger_ui.py
[2024-03-04T16:14:00.623+0000] {logging_mixin.py:188} INFO - [2024-03-04T16:14:00.623+0000] {dag.py:3047} INFO - Sync 1 DAGs
[2024-03-04T16:14:00.628+0000] {logging_mixin.py:188} INFO - [2024-03-04T16:14:00.628+0000] {dag.py:3834} INFO - Setting next_dagrun for example_params_trigger_ui to None, run_after=None
[2024-03-04T16:14:00.635+0000] {processor.py:183} INFO - Processing /home/airflow/.local/lib/python3.11/site-packages/airflow/example_dags/example_params_trigger_ui.py took 0.037 seconds
[2024-03-04T16:14:31.417+0000] {processor.py:161} INFO - Started process (PID=2498) to work on /home/airflow/.local/lib/python3.11/site-packages/airflow/example_dags/example_params_trigger_ui.py
[2024-03-04T16:14:31.417+0000] {processor.py:830} INFO - Processing file /home/airflow/.local/lib/python3.11/site-packages/airflow/example_dags/example_params_trigger_ui.py for tasks to queue
[2024-03-04T16:14:31.418+0000] {logging_mixin.py:188} INFO - [2024-03-04T16:14:31.418+0000] {dagbag.py:540} INFO - Filling up the DagBag from /home/airflow/.local/lib/python3.11/site-packages/airflow/example_dags/example_params_trigger_ui.py
[2024-03-04T16:14:31.425+0000] {processor.py:840} INFO - DAG(s) 'example_params_trigger_ui' retrieved from /home/airflow/.local/lib/python3.11/site-packages/airflow/example_dags/example_params_trigger_ui.py
[2024-03-04T16:14:31.441+0000] {logging_mixin.py:188} INFO - [2024-03-04T16:14:31.441+0000] {dag.py:3047} INFO - Sync 1 DAGs
[2024-03-04T16:14:31.447+0000] {logging_mixin.py:188} INFO - [2024-03-04T16:14:31.446+0000] {dag.py:3834} INFO - Setting next_dagrun for example_params_trigger_ui to None, run_after=None
[2024-03-04T16:14:31.456+0000] {processor.py:183} INFO - Processing /home/airflow/.local/lib/python3.11/site-packages/airflow/example_dags/example_params_trigger_ui.py took 0.041 seconds
[2024-03-04T16:15:02.097+0000] {processor.py:161} INFO - Started process (PID=2553) to work on /home/airflow/.local/lib/python3.11/site-packages/airflow/example_dags/example_params_trigger_ui.py
[2024-03-04T16:15:02.098+0000] {processor.py:830} INFO - Processing file /home/airflow/.local/lib/python3.11/site-packages/airflow/example_dags/example_params_trigger_ui.py for tasks to queue
[2024-03-04T16:15:02.099+0000] {logging_mixin.py:188} INFO - [2024-03-04T16:15:02.099+0000] {dagbag.py:540} INFO - Filling up the DagBag from /home/airflow/.local/lib/python3.11/site-packages/airflow/example_dags/example_params_trigger_ui.py
[2024-03-04T16:15:02.108+0000] {processor.py:840} INFO - DAG(s) 'example_params_trigger_ui' retrieved from /home/airflow/.local/lib/python3.11/site-packages/airflow/example_dags/example_params_trigger_ui.py
[2024-03-04T16:15:02.128+0000] {logging_mixin.py:188} INFO - [2024-03-04T16:15:02.128+0000] {dag.py:3047} INFO - Sync 1 DAGs
[2024-03-04T16:15:02.133+0000] {logging_mixin.py:188} INFO - [2024-03-04T16:15:02.133+0000] {dag.py:3834} INFO - Setting next_dagrun for example_params_trigger_ui to None, run_after=None
[2024-03-04T16:15:02.141+0000] {processor.py:183} INFO - Processing /home/airflow/.local/lib/python3.11/site-packages/airflow/example_dags/example_params_trigger_ui.py took 0.045 seconds
[2024-03-04T16:15:32.597+0000] {processor.py:161} INFO - Started process (PID=2608) to work on /home/airflow/.local/lib/python3.11/site-packages/airflow/example_dags/example_params_trigger_ui.py
[2024-03-04T16:15:32.598+0000] {processor.py:830} INFO - Processing file /home/airflow/.local/lib/python3.11/site-packages/airflow/example_dags/example_params_trigger_ui.py for tasks to queue
[2024-03-04T16:15:32.599+0000] {logging_mixin.py:188} INFO - [2024-03-04T16:15:32.599+0000] {dagbag.py:540} INFO - Filling up the DagBag from /home/airflow/.local/lib/python3.11/site-packages/airflow/example_dags/example_params_trigger_ui.py
[2024-03-04T16:15:32.607+0000] {processor.py:840} INFO - DAG(s) 'example_params_trigger_ui' retrieved from /home/airflow/.local/lib/python3.11/site-packages/airflow/example_dags/example_params_trigger_ui.py
[2024-03-04T16:15:32.623+0000] {logging_mixin.py:188} INFO - [2024-03-04T16:15:32.623+0000] {dag.py:3047} INFO - Sync 1 DAGs
[2024-03-04T16:15:32.629+0000] {logging_mixin.py:188} INFO - [2024-03-04T16:15:32.629+0000] {dag.py:3834} INFO - Setting next_dagrun for example_params_trigger_ui to None, run_after=None
[2024-03-04T16:15:32.640+0000] {processor.py:183} INFO - Processing /home/airflow/.local/lib/python3.11/site-packages/airflow/example_dags/example_params_trigger_ui.py took 0.044 seconds
[2024-03-04T16:16:03.488+0000] {processor.py:161} INFO - Started process (PID=2663) to work on /home/airflow/.local/lib/python3.11/site-packages/airflow/example_dags/example_params_trigger_ui.py
[2024-03-04T16:16:03.489+0000] {processor.py:830} INFO - Processing file /home/airflow/.local/lib/python3.11/site-packages/airflow/example_dags/example_params_trigger_ui.py for tasks to queue
[2024-03-04T16:16:03.489+0000] {logging_mixin.py:188} INFO - [2024-03-04T16:16:03.489+0000] {dagbag.py:540} INFO - Filling up the DagBag from /home/airflow/.local/lib/python3.11/site-packages/airflow/example_dags/example_params_trigger_ui.py
[2024-03-04T16:16:03.498+0000] {processor.py:840} INFO - DAG(s) 'example_params_trigger_ui' retrieved from /home/airflow/.local/lib/python3.11/site-packages/airflow/example_dags/example_params_trigger_ui.py
[2024-03-04T16:16:03.516+0000] {logging_mixin.py:188} INFO - [2024-03-04T16:16:03.515+0000] {dag.py:3047} INFO - Sync 1 DAGs
[2024-03-04T16:16:03.524+0000] {logging_mixin.py:188} INFO - [2024-03-04T16:16:03.524+0000] {dag.py:3834} INFO - Setting next_dagrun for example_params_trigger_ui to None, run_after=None
[2024-03-04T16:16:03.532+0000] {processor.py:183} INFO - Processing /home/airflow/.local/lib/python3.11/site-packages/airflow/example_dags/example_params_trigger_ui.py took 0.046 seconds
[2024-03-04T16:16:33.981+0000] {processor.py:161} INFO - Started process (PID=2718) to work on /home/airflow/.local/lib/python3.11/site-packages/airflow/example_dags/example_params_trigger_ui.py
[2024-03-04T16:16:33.983+0000] {processor.py:830} INFO - Processing file /home/airflow/.local/lib/python3.11/site-packages/airflow/example_dags/example_params_trigger_ui.py for tasks to queue
[2024-03-04T16:16:33.988+0000] {logging_mixin.py:188} INFO - [2024-03-04T16:16:33.988+0000] {dagbag.py:540} INFO - Filling up the DagBag from /home/airflow/.local/lib/python3.11/site-packages/airflow/example_dags/example_params_trigger_ui.py
[2024-03-04T16:16:34.002+0000] {processor.py:840} INFO - DAG(s) 'example_params_trigger_ui' retrieved from /home/airflow/.local/lib/python3.11/site-packages/airflow/example_dags/example_params_trigger_ui.py
[2024-03-04T16:16:34.031+0000] {logging_mixin.py:188} INFO - [2024-03-04T16:16:34.031+0000] {dag.py:3047} INFO - Sync 1 DAGs
[2024-03-04T16:16:34.037+0000] {logging_mixin.py:188} INFO - [2024-03-04T16:16:34.037+0000] {dag.py:3834} INFO - Setting next_dagrun for example_params_trigger_ui to None, run_after=None
[2024-03-04T16:16:34.054+0000] {processor.py:183} INFO - Processing /home/airflow/.local/lib/python3.11/site-packages/airflow/example_dags/example_params_trigger_ui.py took 0.076 seconds
[2024-03-04T16:17:04.740+0000] {processor.py:161} INFO - Started process (PID=2773) to work on /home/airflow/.local/lib/python3.11/site-packages/airflow/example_dags/example_params_trigger_ui.py
[2024-03-04T16:17:04.740+0000] {processor.py:830} INFO - Processing file /home/airflow/.local/lib/python3.11/site-packages/airflow/example_dags/example_params_trigger_ui.py for tasks to queue
[2024-03-04T16:17:04.742+0000] {logging_mixin.py:188} INFO - [2024-03-04T16:17:04.742+0000] {dagbag.py:540} INFO - Filling up the DagBag from /home/airflow/.local/lib/python3.11/site-packages/airflow/example_dags/example_params_trigger_ui.py
[2024-03-04T16:17:04.751+0000] {processor.py:840} INFO - DAG(s) 'example_params_trigger_ui' retrieved from /home/airflow/.local/lib/python3.11/site-packages/airflow/example_dags/example_params_trigger_ui.py
[2024-03-04T16:17:04.768+0000] {logging_mixin.py:188} INFO - [2024-03-04T16:17:04.768+0000] {dag.py:3047} INFO - Sync 1 DAGs
[2024-03-04T16:17:04.774+0000] {logging_mixin.py:188} INFO - [2024-03-04T16:17:04.774+0000] {dag.py:3834} INFO - Setting next_dagrun for example_params_trigger_ui to None, run_after=None
[2024-03-04T16:17:04.782+0000] {processor.py:183} INFO - Processing /home/airflow/.local/lib/python3.11/site-packages/airflow/example_dags/example_params_trigger_ui.py took 0.045 seconds
[2024-03-04T16:17:35.719+0000] {processor.py:161} INFO - Started process (PID=2828) to work on /home/airflow/.local/lib/python3.11/site-packages/airflow/example_dags/example_params_trigger_ui.py
[2024-03-04T16:17:35.719+0000] {processor.py:830} INFO - Processing file /home/airflow/.local/lib/python3.11/site-packages/airflow/example_dags/example_params_trigger_ui.py for tasks to queue
[2024-03-04T16:17:35.720+0000] {logging_mixin.py:188} INFO - [2024-03-04T16:17:35.720+0000] {dagbag.py:540} INFO - Filling up the DagBag from /home/airflow/.local/lib/python3.11/site-packages/airflow/example_dags/example_params_trigger_ui.py
[2024-03-04T16:17:35.728+0000] {processor.py:840} INFO - DAG(s) 'example_params_trigger_ui' retrieved from /home/airflow/.local/lib/python3.11/site-packages/airflow/example_dags/example_params_trigger_ui.py
[2024-03-04T16:17:35.745+0000] {logging_mixin.py:188} INFO - [2024-03-04T16:17:35.745+0000] {dag.py:3047} INFO - Sync 1 DAGs
[2024-03-04T16:17:35.750+0000] {logging_mixin.py:188} INFO - [2024-03-04T16:17:35.750+0000] {dag.py:3834} INFO - Setting next_dagrun for example_params_trigger_ui to None, run_after=None
[2024-03-04T16:17:35.758+0000] {processor.py:183} INFO - Processing /home/airflow/.local/lib/python3.11/site-packages/airflow/example_dags/example_params_trigger_ui.py took 0.041 seconds
[2024-03-04T16:18:06.021+0000] {processor.py:161} INFO - Started process (PID=2883) to work on /home/airflow/.local/lib/python3.11/site-packages/airflow/example_dags/example_params_trigger_ui.py
[2024-03-04T16:18:06.022+0000] {processor.py:830} INFO - Processing file /home/airflow/.local/lib/python3.11/site-packages/airflow/example_dags/example_params_trigger_ui.py for tasks to queue
[2024-03-04T16:18:06.022+0000] {logging_mixin.py:188} INFO - [2024-03-04T16:18:06.022+0000] {dagbag.py:540} INFO - Filling up the DagBag from /home/airflow/.local/lib/python3.11/site-packages/airflow/example_dags/example_params_trigger_ui.py
[2024-03-04T16:18:06.030+0000] {processor.py:840} INFO - DAG(s) 'example_params_trigger_ui' retrieved from /home/airflow/.local/lib/python3.11/site-packages/airflow/example_dags/example_params_trigger_ui.py
[2024-03-04T16:18:06.047+0000] {logging_mixin.py:188} INFO - [2024-03-04T16:18:06.046+0000] {dag.py:3047} INFO - Sync 1 DAGs
[2024-03-04T16:18:06.052+0000] {logging_mixin.py:188} INFO - [2024-03-04T16:18:06.052+0000] {dag.py:3834} INFO - Setting next_dagrun for example_params_trigger_ui to None, run_after=None
[2024-03-04T16:18:06.059+0000] {processor.py:183} INFO - Processing /home/airflow/.local/lib/python3.11/site-packages/airflow/example_dags/example_params_trigger_ui.py took 0.039 seconds
[2024-03-04T16:18:36.701+0000] {processor.py:161} INFO - Started process (PID=2938) to work on /home/airflow/.local/lib/python3.11/site-packages/airflow/example_dags/example_params_trigger_ui.py
[2024-03-04T16:18:36.702+0000] {processor.py:830} INFO - Processing file /home/airflow/.local/lib/python3.11/site-packages/airflow/example_dags/example_params_trigger_ui.py for tasks to queue
[2024-03-04T16:18:36.703+0000] {logging_mixin.py:188} INFO - [2024-03-04T16:18:36.703+0000] {dagbag.py:540} INFO - Filling up the DagBag from /home/airflow/.local/lib/python3.11/site-packages/airflow/example_dags/example_params_trigger_ui.py
[2024-03-04T16:18:36.712+0000] {processor.py:840} INFO - DAG(s) 'example_params_trigger_ui' retrieved from /home/airflow/.local/lib/python3.11/site-packages/airflow/example_dags/example_params_trigger_ui.py
[2024-03-04T16:18:36.731+0000] {logging_mixin.py:188} INFO - [2024-03-04T16:18:36.731+0000] {dag.py:3047} INFO - Sync 1 DAGs
[2024-03-04T16:18:36.737+0000] {logging_mixin.py:188} INFO - [2024-03-04T16:18:36.737+0000] {dag.py:3834} INFO - Setting next_dagrun for example_params_trigger_ui to None, run_after=None
[2024-03-04T16:18:36.744+0000] {processor.py:183} INFO - Processing /home/airflow/.local/lib/python3.11/site-packages/airflow/example_dags/example_params_trigger_ui.py took 0.045 seconds
[2024-03-04T16:19:07.508+0000] {processor.py:161} INFO - Started process (PID=2993) to work on /home/airflow/.local/lib/python3.11/site-packages/airflow/example_dags/example_params_trigger_ui.py
[2024-03-04T16:19:07.509+0000] {processor.py:830} INFO - Processing file /home/airflow/.local/lib/python3.11/site-packages/airflow/example_dags/example_params_trigger_ui.py for tasks to queue
[2024-03-04T16:19:07.510+0000] {logging_mixin.py:188} INFO - [2024-03-04T16:19:07.510+0000] {dagbag.py:540} INFO - Filling up the DagBag from /home/airflow/.local/lib/python3.11/site-packages/airflow/example_dags/example_params_trigger_ui.py
[2024-03-04T16:19:07.516+0000] {processor.py:840} INFO - DAG(s) 'example_params_trigger_ui' retrieved from /home/airflow/.local/lib/python3.11/site-packages/airflow/example_dags/example_params_trigger_ui.py
[2024-03-04T16:19:07.532+0000] {logging_mixin.py:188} INFO - [2024-03-04T16:19:07.532+0000] {dag.py:3047} INFO - Sync 1 DAGs
[2024-03-04T16:19:07.537+0000] {logging_mixin.py:188} INFO - [2024-03-04T16:19:07.537+0000] {dag.py:3834} INFO - Setting next_dagrun for example_params_trigger_ui to None, run_after=None
[2024-03-04T16:19:07.544+0000] {processor.py:183} INFO - Processing /home/airflow/.local/lib/python3.11/site-packages/airflow/example_dags/example_params_trigger_ui.py took 0.037 seconds
[2024-03-04T16:19:37.807+0000] {processor.py:161} INFO - Started process (PID=3048) to work on /home/airflow/.local/lib/python3.11/site-packages/airflow/example_dags/example_params_trigger_ui.py
[2024-03-04T16:19:37.808+0000] {processor.py:830} INFO - Processing file /home/airflow/.local/lib/python3.11/site-packages/airflow/example_dags/example_params_trigger_ui.py for tasks to queue
[2024-03-04T16:19:37.809+0000] {logging_mixin.py:188} INFO - [2024-03-04T16:19:37.809+0000] {dagbag.py:540} INFO - Filling up the DagBag from /home/airflow/.local/lib/python3.11/site-packages/airflow/example_dags/example_params_trigger_ui.py
[2024-03-04T16:19:37.816+0000] {processor.py:840} INFO - DAG(s) 'example_params_trigger_ui' retrieved from /home/airflow/.local/lib/python3.11/site-packages/airflow/example_dags/example_params_trigger_ui.py
[2024-03-04T16:19:37.832+0000] {logging_mixin.py:188} INFO - [2024-03-04T16:19:37.832+0000] {dag.py:3047} INFO - Sync 1 DAGs
[2024-03-04T16:19:37.839+0000] {logging_mixin.py:188} INFO - [2024-03-04T16:19:37.838+0000] {dag.py:3834} INFO - Setting next_dagrun for example_params_trigger_ui to None, run_after=None
[2024-03-04T16:19:37.851+0000] {processor.py:183} INFO - Processing /home/airflow/.local/lib/python3.11/site-packages/airflow/example_dags/example_params_trigger_ui.py took 0.045 seconds
[2024-03-04T16:20:08.116+0000] {processor.py:161} INFO - Started process (PID=3103) to work on /home/airflow/.local/lib/python3.11/site-packages/airflow/example_dags/example_params_trigger_ui.py
[2024-03-04T16:20:08.117+0000] {processor.py:830} INFO - Processing file /home/airflow/.local/lib/python3.11/site-packages/airflow/example_dags/example_params_trigger_ui.py for tasks to queue
[2024-03-04T16:20:08.118+0000] {logging_mixin.py:188} INFO - [2024-03-04T16:20:08.118+0000] {dagbag.py:540} INFO - Filling up the DagBag from /home/airflow/.local/lib/python3.11/site-packages/airflow/example_dags/example_params_trigger_ui.py
[2024-03-04T16:20:08.125+0000] {processor.py:840} INFO - DAG(s) 'example_params_trigger_ui' retrieved from /home/airflow/.local/lib/python3.11/site-packages/airflow/example_dags/example_params_trigger_ui.py
[2024-03-04T16:20:08.144+0000] {logging_mixin.py:188} INFO - [2024-03-04T16:20:08.144+0000] {dag.py:3047} INFO - Sync 1 DAGs
[2024-03-04T16:20:08.149+0000] {logging_mixin.py:188} INFO - [2024-03-04T16:20:08.149+0000] {dag.py:3834} INFO - Setting next_dagrun for example_params_trigger_ui to None, run_after=None
[2024-03-04T16:20:08.156+0000] {processor.py:183} INFO - Processing /home/airflow/.local/lib/python3.11/site-packages/airflow/example_dags/example_params_trigger_ui.py took 0.042 seconds
[2024-03-04T16:20:38.544+0000] {processor.py:161} INFO - Started process (PID=3158) to work on /home/airflow/.local/lib/python3.11/site-packages/airflow/example_dags/example_params_trigger_ui.py
[2024-03-04T16:20:38.545+0000] {processor.py:830} INFO - Processing file /home/airflow/.local/lib/python3.11/site-packages/airflow/example_dags/example_params_trigger_ui.py for tasks to queue
[2024-03-04T16:20:38.545+0000] {logging_mixin.py:188} INFO - [2024-03-04T16:20:38.545+0000] {dagbag.py:540} INFO - Filling up the DagBag from /home/airflow/.local/lib/python3.11/site-packages/airflow/example_dags/example_params_trigger_ui.py
[2024-03-04T16:20:38.552+0000] {processor.py:840} INFO - DAG(s) 'example_params_trigger_ui' retrieved from /home/airflow/.local/lib/python3.11/site-packages/airflow/example_dags/example_params_trigger_ui.py
[2024-03-04T16:20:38.568+0000] {logging_mixin.py:188} INFO - [2024-03-04T16:20:38.568+0000] {dag.py:3047} INFO - Sync 1 DAGs
[2024-03-04T16:20:38.573+0000] {logging_mixin.py:188} INFO - [2024-03-04T16:20:38.573+0000] {dag.py:3834} INFO - Setting next_dagrun for example_params_trigger_ui to None, run_after=None
[2024-03-04T16:20:38.580+0000] {processor.py:183} INFO - Processing /home/airflow/.local/lib/python3.11/site-packages/airflow/example_dags/example_params_trigger_ui.py took 0.038 seconds
[2024-03-04T16:21:08.776+0000] {processor.py:161} INFO - Started process (PID=3213) to work on /home/airflow/.local/lib/python3.11/site-packages/airflow/example_dags/example_params_trigger_ui.py
[2024-03-04T16:21:08.778+0000] {processor.py:830} INFO - Processing file /home/airflow/.local/lib/python3.11/site-packages/airflow/example_dags/example_params_trigger_ui.py for tasks to queue
[2024-03-04T16:21:08.779+0000] {logging_mixin.py:188} INFO - [2024-03-04T16:21:08.779+0000] {dagbag.py:540} INFO - Filling up the DagBag from /home/airflow/.local/lib/python3.11/site-packages/airflow/example_dags/example_params_trigger_ui.py
[2024-03-04T16:21:08.786+0000] {processor.py:840} INFO - DAG(s) 'example_params_trigger_ui' retrieved from /home/airflow/.local/lib/python3.11/site-packages/airflow/example_dags/example_params_trigger_ui.py
[2024-03-04T16:21:08.802+0000] {logging_mixin.py:188} INFO - [2024-03-04T16:21:08.802+0000] {dag.py:3047} INFO - Sync 1 DAGs
[2024-03-04T16:21:08.807+0000] {logging_mixin.py:188} INFO - [2024-03-04T16:21:08.807+0000] {dag.py:3834} INFO - Setting next_dagrun for example_params_trigger_ui to None, run_after=None
[2024-03-04T16:21:08.813+0000] {processor.py:183} INFO - Processing /home/airflow/.local/lib/python3.11/site-packages/airflow/example_dags/example_params_trigger_ui.py took 0.038 seconds
[2024-03-04T16:21:39.062+0000] {processor.py:161} INFO - Started process (PID=3268) to work on /home/airflow/.local/lib/python3.11/site-packages/airflow/example_dags/example_params_trigger_ui.py
[2024-03-04T16:21:39.063+0000] {processor.py:830} INFO - Processing file /home/airflow/.local/lib/python3.11/site-packages/airflow/example_dags/example_params_trigger_ui.py for tasks to queue
[2024-03-04T16:21:39.064+0000] {logging_mixin.py:188} INFO - [2024-03-04T16:21:39.063+0000] {dagbag.py:540} INFO - Filling up the DagBag from /home/airflow/.local/lib/python3.11/site-packages/airflow/example_dags/example_params_trigger_ui.py
[2024-03-04T16:21:39.071+0000] {processor.py:840} INFO - DAG(s) 'example_params_trigger_ui' retrieved from /home/airflow/.local/lib/python3.11/site-packages/airflow/example_dags/example_params_trigger_ui.py
[2024-03-04T16:21:39.087+0000] {logging_mixin.py:188} INFO - [2024-03-04T16:21:39.086+0000] {dag.py:3047} INFO - Sync 1 DAGs
[2024-03-04T16:21:39.092+0000] {logging_mixin.py:188} INFO - [2024-03-04T16:21:39.092+0000] {dag.py:3834} INFO - Setting next_dagrun for example_params_trigger_ui to None, run_after=None
[2024-03-04T16:21:39.099+0000] {processor.py:183} INFO - Processing /home/airflow/.local/lib/python3.11/site-packages/airflow/example_dags/example_params_trigger_ui.py took 0.038 seconds
[2024-03-04T16:22:09.367+0000] {processor.py:161} INFO - Started process (PID=3323) to work on /home/airflow/.local/lib/python3.11/site-packages/airflow/example_dags/example_params_trigger_ui.py
[2024-03-04T16:22:09.367+0000] {processor.py:830} INFO - Processing file /home/airflow/.local/lib/python3.11/site-packages/airflow/example_dags/example_params_trigger_ui.py for tasks to queue
[2024-03-04T16:22:09.368+0000] {logging_mixin.py:188} INFO - [2024-03-04T16:22:09.368+0000] {dagbag.py:540} INFO - Filling up the DagBag from /home/airflow/.local/lib/python3.11/site-packages/airflow/example_dags/example_params_trigger_ui.py
[2024-03-04T16:22:09.375+0000] {processor.py:840} INFO - DAG(s) 'example_params_trigger_ui' retrieved from /home/airflow/.local/lib/python3.11/site-packages/airflow/example_dags/example_params_trigger_ui.py
[2024-03-04T16:22:09.391+0000] {logging_mixin.py:188} INFO - [2024-03-04T16:22:09.391+0000] {dag.py:3047} INFO - Sync 1 DAGs
[2024-03-04T16:22:09.397+0000] {logging_mixin.py:188} INFO - [2024-03-04T16:22:09.397+0000] {dag.py:3834} INFO - Setting next_dagrun for example_params_trigger_ui to None, run_after=None
[2024-03-04T16:22:09.404+0000] {processor.py:183} INFO - Processing /home/airflow/.local/lib/python3.11/site-packages/airflow/example_dags/example_params_trigger_ui.py took 0.039 seconds
[2024-03-04T16:22:39.656+0000] {processor.py:161} INFO - Started process (PID=3378) to work on /home/airflow/.local/lib/python3.11/site-packages/airflow/example_dags/example_params_trigger_ui.py
[2024-03-04T16:22:39.657+0000] {processor.py:830} INFO - Processing file /home/airflow/.local/lib/python3.11/site-packages/airflow/example_dags/example_params_trigger_ui.py for tasks to queue
[2024-03-04T16:22:39.658+0000] {logging_mixin.py:188} INFO - [2024-03-04T16:22:39.657+0000] {dagbag.py:540} INFO - Filling up the DagBag from /home/airflow/.local/lib/python3.11/site-packages/airflow/example_dags/example_params_trigger_ui.py
[2024-03-04T16:22:39.665+0000] {processor.py:840} INFO - DAG(s) 'example_params_trigger_ui' retrieved from /home/airflow/.local/lib/python3.11/site-packages/airflow/example_dags/example_params_trigger_ui.py
[2024-03-04T16:22:39.682+0000] {logging_mixin.py:188} INFO - [2024-03-04T16:22:39.682+0000] {dag.py:3047} INFO - Sync 1 DAGs
[2024-03-04T16:22:39.687+0000] {logging_mixin.py:188} INFO - [2024-03-04T16:22:39.687+0000] {dag.py:3834} INFO - Setting next_dagrun for example_params_trigger_ui to None, run_after=None
[2024-03-04T16:22:39.694+0000] {processor.py:183} INFO - Processing /home/airflow/.local/lib/python3.11/site-packages/airflow/example_dags/example_params_trigger_ui.py took 0.040 seconds
[2024-03-04T16:23:09.885+0000] {processor.py:161} INFO - Started process (PID=3433) to work on /home/airflow/.local/lib/python3.11/site-packages/airflow/example_dags/example_params_trigger_ui.py
[2024-03-04T16:23:09.885+0000] {processor.py:830} INFO - Processing file /home/airflow/.local/lib/python3.11/site-packages/airflow/example_dags/example_params_trigger_ui.py for tasks to queue
[2024-03-04T16:23:09.886+0000] {logging_mixin.py:188} INFO - [2024-03-04T16:23:09.886+0000] {dagbag.py:540} INFO - Filling up the DagBag from /home/airflow/.local/lib/python3.11/site-packages/airflow/example_dags/example_params_trigger_ui.py
[2024-03-04T16:23:09.892+0000] {processor.py:840} INFO - DAG(s) 'example_params_trigger_ui' retrieved from /home/airflow/.local/lib/python3.11/site-packages/airflow/example_dags/example_params_trigger_ui.py
[2024-03-04T16:23:09.908+0000] {logging_mixin.py:188} INFO - [2024-03-04T16:23:09.908+0000] {dag.py:3047} INFO - Sync 1 DAGs
[2024-03-04T16:23:09.913+0000] {logging_mixin.py:188} INFO - [2024-03-04T16:23:09.913+0000] {dag.py:3834} INFO - Setting next_dagrun for example_params_trigger_ui to None, run_after=None
[2024-03-04T16:23:09.920+0000] {processor.py:183} INFO - Processing /home/airflow/.local/lib/python3.11/site-packages/airflow/example_dags/example_params_trigger_ui.py took 0.037 seconds
[2024-03-04T16:23:40.663+0000] {processor.py:161} INFO - Started process (PID=3487) to work on /home/airflow/.local/lib/python3.11/site-packages/airflow/example_dags/example_params_trigger_ui.py
[2024-03-04T16:23:40.664+0000] {processor.py:830} INFO - Processing file /home/airflow/.local/lib/python3.11/site-packages/airflow/example_dags/example_params_trigger_ui.py for tasks to queue
[2024-03-04T16:23:40.665+0000] {logging_mixin.py:188} INFO - [2024-03-04T16:23:40.665+0000] {dagbag.py:540} INFO - Filling up the DagBag from /home/airflow/.local/lib/python3.11/site-packages/airflow/example_dags/example_params_trigger_ui.py
[2024-03-04T16:23:40.680+0000] {processor.py:840} INFO - DAG(s) 'example_params_trigger_ui' retrieved from /home/airflow/.local/lib/python3.11/site-packages/airflow/example_dags/example_params_trigger_ui.py
[2024-03-04T16:23:40.701+0000] {logging_mixin.py:188} INFO - [2024-03-04T16:23:40.700+0000] {dag.py:3047} INFO - Sync 1 DAGs
[2024-03-04T16:23:40.707+0000] {logging_mixin.py:188} INFO - [2024-03-04T16:23:40.706+0000] {dag.py:3834} INFO - Setting next_dagrun for example_params_trigger_ui to None, run_after=None
[2024-03-04T16:23:40.715+0000] {processor.py:183} INFO - Processing /home/airflow/.local/lib/python3.11/site-packages/airflow/example_dags/example_params_trigger_ui.py took 0.054 seconds
[2024-03-04T16:24:11.447+0000] {processor.py:161} INFO - Started process (PID=3542) to work on /home/airflow/.local/lib/python3.11/site-packages/airflow/example_dags/example_params_trigger_ui.py
[2024-03-04T16:24:11.448+0000] {processor.py:830} INFO - Processing file /home/airflow/.local/lib/python3.11/site-packages/airflow/example_dags/example_params_trigger_ui.py for tasks to queue
[2024-03-04T16:24:11.449+0000] {logging_mixin.py:188} INFO - [2024-03-04T16:24:11.449+0000] {dagbag.py:540} INFO - Filling up the DagBag from /home/airflow/.local/lib/python3.11/site-packages/airflow/example_dags/example_params_trigger_ui.py
[2024-03-04T16:24:11.456+0000] {processor.py:840} INFO - DAG(s) 'example_params_trigger_ui' retrieved from /home/airflow/.local/lib/python3.11/site-packages/airflow/example_dags/example_params_trigger_ui.py
[2024-03-04T16:24:11.473+0000] {logging_mixin.py:188} INFO - [2024-03-04T16:24:11.473+0000] {dag.py:3047} INFO - Sync 1 DAGs
[2024-03-04T16:24:11.479+0000] {logging_mixin.py:188} INFO - [2024-03-04T16:24:11.479+0000] {dag.py:3834} INFO - Setting next_dagrun for example_params_trigger_ui to None, run_after=None
[2024-03-04T16:24:11.486+0000] {processor.py:183} INFO - Processing /home/airflow/.local/lib/python3.11/site-packages/airflow/example_dags/example_params_trigger_ui.py took 0.040 seconds
[2024-03-04T16:24:42.237+0000] {processor.py:161} INFO - Started process (PID=3597) to work on /home/airflow/.local/lib/python3.11/site-packages/airflow/example_dags/example_params_trigger_ui.py
[2024-03-04T16:24:42.237+0000] {processor.py:830} INFO - Processing file /home/airflow/.local/lib/python3.11/site-packages/airflow/example_dags/example_params_trigger_ui.py for tasks to queue
[2024-03-04T16:24:42.238+0000] {logging_mixin.py:188} INFO - [2024-03-04T16:24:42.238+0000] {dagbag.py:540} INFO - Filling up the DagBag from /home/airflow/.local/lib/python3.11/site-packages/airflow/example_dags/example_params_trigger_ui.py
[2024-03-04T16:24:42.246+0000] {processor.py:840} INFO - DAG(s) 'example_params_trigger_ui' retrieved from /home/airflow/.local/lib/python3.11/site-packages/airflow/example_dags/example_params_trigger_ui.py
[2024-03-04T16:24:42.265+0000] {logging_mixin.py:188} INFO - [2024-03-04T16:24:42.264+0000] {dag.py:3047} INFO - Sync 1 DAGs
[2024-03-04T16:24:42.272+0000] {logging_mixin.py:188} INFO - [2024-03-04T16:24:42.272+0000] {dag.py:3834} INFO - Setting next_dagrun for example_params_trigger_ui to None, run_after=None
[2024-03-04T16:24:42.281+0000] {processor.py:183} INFO - Processing /home/airflow/.local/lib/python3.11/site-packages/airflow/example_dags/example_params_trigger_ui.py took 0.046 seconds
[2024-03-04T16:25:12.471+0000] {processor.py:161} INFO - Started process (PID=3652) to work on /home/airflow/.local/lib/python3.11/site-packages/airflow/example_dags/example_params_trigger_ui.py
[2024-03-04T16:25:12.471+0000] {processor.py:830} INFO - Processing file /home/airflow/.local/lib/python3.11/site-packages/airflow/example_dags/example_params_trigger_ui.py for tasks to queue
[2024-03-04T16:25:12.472+0000] {logging_mixin.py:188} INFO - [2024-03-04T16:25:12.472+0000] {dagbag.py:540} INFO - Filling up the DagBag from /home/airflow/.local/lib/python3.11/site-packages/airflow/example_dags/example_params_trigger_ui.py
[2024-03-04T16:25:12.481+0000] {processor.py:840} INFO - DAG(s) 'example_params_trigger_ui' retrieved from /home/airflow/.local/lib/python3.11/site-packages/airflow/example_dags/example_params_trigger_ui.py
[2024-03-04T16:25:12.497+0000] {logging_mixin.py:188} INFO - [2024-03-04T16:25:12.497+0000] {dag.py:3047} INFO - Sync 1 DAGs
[2024-03-04T16:25:12.503+0000] {logging_mixin.py:188} INFO - [2024-03-04T16:25:12.503+0000] {dag.py:3834} INFO - Setting next_dagrun for example_params_trigger_ui to None, run_after=None
[2024-03-04T16:25:12.512+0000] {processor.py:183} INFO - Processing /home/airflow/.local/lib/python3.11/site-packages/airflow/example_dags/example_params_trigger_ui.py took 0.044 seconds
[2024-03-04T16:25:43.004+0000] {processor.py:161} INFO - Started process (PID=3707) to work on /home/airflow/.local/lib/python3.11/site-packages/airflow/example_dags/example_params_trigger_ui.py
[2024-03-04T16:25:43.009+0000] {processor.py:830} INFO - Processing file /home/airflow/.local/lib/python3.11/site-packages/airflow/example_dags/example_params_trigger_ui.py for tasks to queue
[2024-03-04T16:25:43.013+0000] {logging_mixin.py:188} INFO - [2024-03-04T16:25:43.012+0000] {dagbag.py:540} INFO - Filling up the DagBag from /home/airflow/.local/lib/python3.11/site-packages/airflow/example_dags/example_params_trigger_ui.py
[2024-03-04T16:25:43.062+0000] {processor.py:840} INFO - DAG(s) 'example_params_trigger_ui' retrieved from /home/airflow/.local/lib/python3.11/site-packages/airflow/example_dags/example_params_trigger_ui.py
[2024-03-04T16:25:43.125+0000] {logging_mixin.py:188} INFO - [2024-03-04T16:25:43.124+0000] {dag.py:3047} INFO - Sync 1 DAGs
[2024-03-04T16:25:43.140+0000] {logging_mixin.py:188} INFO - [2024-03-04T16:25:43.140+0000] {dag.py:3834} INFO - Setting next_dagrun for example_params_trigger_ui to None, run_after=None
[2024-03-04T16:25:43.169+0000] {processor.py:183} INFO - Processing /home/airflow/.local/lib/python3.11/site-packages/airflow/example_dags/example_params_trigger_ui.py took 0.175 seconds
[2024-03-04T16:26:14.460+0000] {processor.py:161} INFO - Started process (PID=3762) to work on /home/airflow/.local/lib/python3.11/site-packages/airflow/example_dags/example_params_trigger_ui.py
[2024-03-04T16:26:14.461+0000] {processor.py:830} INFO - Processing file /home/airflow/.local/lib/python3.11/site-packages/airflow/example_dags/example_params_trigger_ui.py for tasks to queue
[2024-03-04T16:26:14.464+0000] {logging_mixin.py:188} INFO - [2024-03-04T16:26:14.463+0000] {dagbag.py:540} INFO - Filling up the DagBag from /home/airflow/.local/lib/python3.11/site-packages/airflow/example_dags/example_params_trigger_ui.py
[2024-03-04T16:26:14.495+0000] {processor.py:840} INFO - DAG(s) 'example_params_trigger_ui' retrieved from /home/airflow/.local/lib/python3.11/site-packages/airflow/example_dags/example_params_trigger_ui.py
[2024-03-04T16:26:14.541+0000] {logging_mixin.py:188} INFO - [2024-03-04T16:26:14.541+0000] {dag.py:3047} INFO - Sync 1 DAGs
[2024-03-04T16:26:14.563+0000] {logging_mixin.py:188} INFO - [2024-03-04T16:26:14.563+0000] {dag.py:3834} INFO - Setting next_dagrun for example_params_trigger_ui to None, run_after=None
[2024-03-04T16:26:14.587+0000] {processor.py:183} INFO - Processing /home/airflow/.local/lib/python3.11/site-packages/airflow/example_dags/example_params_trigger_ui.py took 0.131 seconds
[2024-03-04T16:26:45.405+0000] {processor.py:161} INFO - Started process (PID=3817) to work on /home/airflow/.local/lib/python3.11/site-packages/airflow/example_dags/example_params_trigger_ui.py
[2024-03-04T16:26:45.406+0000] {processor.py:830} INFO - Processing file /home/airflow/.local/lib/python3.11/site-packages/airflow/example_dags/example_params_trigger_ui.py for tasks to queue
[2024-03-04T16:26:45.407+0000] {logging_mixin.py:188} INFO - [2024-03-04T16:26:45.407+0000] {dagbag.py:540} INFO - Filling up the DagBag from /home/airflow/.local/lib/python3.11/site-packages/airflow/example_dags/example_params_trigger_ui.py
[2024-03-04T16:26:45.415+0000] {processor.py:840} INFO - DAG(s) 'example_params_trigger_ui' retrieved from /home/airflow/.local/lib/python3.11/site-packages/airflow/example_dags/example_params_trigger_ui.py
[2024-03-04T16:26:45.431+0000] {logging_mixin.py:188} INFO - [2024-03-04T16:26:45.431+0000] {dag.py:3047} INFO - Sync 1 DAGs
[2024-03-04T16:26:45.437+0000] {logging_mixin.py:188} INFO - [2024-03-04T16:26:45.437+0000] {dag.py:3834} INFO - Setting next_dagrun for example_params_trigger_ui to None, run_after=None
[2024-03-04T16:26:45.444+0000] {processor.py:183} INFO - Processing /home/airflow/.local/lib/python3.11/site-packages/airflow/example_dags/example_params_trigger_ui.py took 0.040 seconds
[2024-03-04T16:27:16.292+0000] {processor.py:161} INFO - Started process (PID=3872) to work on /home/airflow/.local/lib/python3.11/site-packages/airflow/example_dags/example_params_trigger_ui.py
[2024-03-04T16:27:16.292+0000] {processor.py:830} INFO - Processing file /home/airflow/.local/lib/python3.11/site-packages/airflow/example_dags/example_params_trigger_ui.py for tasks to queue
[2024-03-04T16:27:16.294+0000] {logging_mixin.py:188} INFO - [2024-03-04T16:27:16.294+0000] {dagbag.py:540} INFO - Filling up the DagBag from /home/airflow/.local/lib/python3.11/site-packages/airflow/example_dags/example_params_trigger_ui.py
[2024-03-04T16:27:16.302+0000] {processor.py:840} INFO - DAG(s) 'example_params_trigger_ui' retrieved from /home/airflow/.local/lib/python3.11/site-packages/airflow/example_dags/example_params_trigger_ui.py
[2024-03-04T16:27:16.323+0000] {logging_mixin.py:188} INFO - [2024-03-04T16:27:16.322+0000] {dag.py:3047} INFO - Sync 1 DAGs
[2024-03-04T16:27:16.331+0000] {logging_mixin.py:188} INFO - [2024-03-04T16:27:16.330+0000] {dag.py:3834} INFO - Setting next_dagrun for example_params_trigger_ui to None, run_after=None
[2024-03-04T16:27:16.351+0000] {processor.py:183} INFO - Processing /home/airflow/.local/lib/python3.11/site-packages/airflow/example_dags/example_params_trigger_ui.py took 0.062 seconds
[2024-03-04T16:27:46.613+0000] {processor.py:161} INFO - Started process (PID=3927) to work on /home/airflow/.local/lib/python3.11/site-packages/airflow/example_dags/example_params_trigger_ui.py
[2024-03-04T16:27:46.614+0000] {processor.py:830} INFO - Processing file /home/airflow/.local/lib/python3.11/site-packages/airflow/example_dags/example_params_trigger_ui.py for tasks to queue
[2024-03-04T16:27:46.615+0000] {logging_mixin.py:188} INFO - [2024-03-04T16:27:46.615+0000] {dagbag.py:540} INFO - Filling up the DagBag from /home/airflow/.local/lib/python3.11/site-packages/airflow/example_dags/example_params_trigger_ui.py
[2024-03-04T16:27:46.625+0000] {processor.py:840} INFO - DAG(s) 'example_params_trigger_ui' retrieved from /home/airflow/.local/lib/python3.11/site-packages/airflow/example_dags/example_params_trigger_ui.py
[2024-03-04T16:27:46.649+0000] {logging_mixin.py:188} INFO - [2024-03-04T16:27:46.649+0000] {dag.py:3047} INFO - Sync 1 DAGs
[2024-03-04T16:27:46.655+0000] {logging_mixin.py:188} INFO - [2024-03-04T16:27:46.655+0000] {dag.py:3834} INFO - Setting next_dagrun for example_params_trigger_ui to None, run_after=None
[2024-03-04T16:27:46.663+0000] {processor.py:183} INFO - Processing /home/airflow/.local/lib/python3.11/site-packages/airflow/example_dags/example_params_trigger_ui.py took 0.052 seconds
[2024-03-04T16:28:17.020+0000] {processor.py:161} INFO - Started process (PID=3982) to work on /home/airflow/.local/lib/python3.11/site-packages/airflow/example_dags/example_params_trigger_ui.py
[2024-03-04T16:28:17.022+0000] {processor.py:830} INFO - Processing file /home/airflow/.local/lib/python3.11/site-packages/airflow/example_dags/example_params_trigger_ui.py for tasks to queue
[2024-03-04T16:28:17.026+0000] {logging_mixin.py:188} INFO - [2024-03-04T16:28:17.026+0000] {dagbag.py:540} INFO - Filling up the DagBag from /home/airflow/.local/lib/python3.11/site-packages/airflow/example_dags/example_params_trigger_ui.py
[2024-03-04T16:28:17.044+0000] {processor.py:840} INFO - DAG(s) 'example_params_trigger_ui' retrieved from /home/airflow/.local/lib/python3.11/site-packages/airflow/example_dags/example_params_trigger_ui.py
[2024-03-04T16:28:17.063+0000] {logging_mixin.py:188} INFO - [2024-03-04T16:28:17.063+0000] {dag.py:3047} INFO - Sync 1 DAGs
[2024-03-04T16:28:17.069+0000] {logging_mixin.py:188} INFO - [2024-03-04T16:28:17.069+0000] {dag.py:3834} INFO - Setting next_dagrun for example_params_trigger_ui to None, run_after=None
[2024-03-04T16:28:17.081+0000] {processor.py:183} INFO - Processing /home/airflow/.local/lib/python3.11/site-packages/airflow/example_dags/example_params_trigger_ui.py took 0.063 seconds
