[2024-03-04T15:51:57.972+0000] {processor.py:161} INFO - Started process (PID=57) to work on /home/airflow/.local/lib/python3.11/site-packages/airflow/example_dags/example_sensor_decorator.py
[2024-03-04T15:51:57.976+0000] {processor.py:830} INFO - Processing file /home/airflow/.local/lib/python3.11/site-packages/airflow/example_dags/example_sensor_decorator.py for tasks to queue
[2024-03-04T15:51:57.981+0000] {logging_mixin.py:188} INFO - [2024-03-04T15:51:57.980+0000] {dagbag.py:540} INFO - Filling up the DagBag from /home/airflow/.local/lib/python3.11/site-packages/airflow/example_dags/example_sensor_decorator.py
[2024-03-04T15:51:58.023+0000] {processor.py:840} INFO - DAG(s) 'example_sensor_decorator' retrieved from /home/airflow/.local/lib/python3.11/site-packages/airflow/example_dags/example_sensor_decorator.py
[2024-03-04T15:51:58.319+0000] {logging_mixin.py:188} INFO - [2024-03-04T15:51:58.318+0000] {override.py:1769} INFO - Created Permission View: can read on DAG:example_sensor_decorator
[2024-03-04T15:51:58.405+0000] {logging_mixin.py:188} INFO - [2024-03-04T15:51:58.404+0000] {override.py:1769} INFO - Created Permission View: can delete on DAG:example_sensor_decorator
[2024-03-04T15:51:58.410+0000] {logging_mixin.py:188} INFO - [2024-03-04T15:51:58.410+0000] {override.py:1769} INFO - Created Permission View: can edit on DAG:example_sensor_decorator
[2024-03-04T15:51:58.413+0000] {logging_mixin.py:188} INFO - [2024-03-04T15:51:58.412+0000] {dag.py:3047} INFO - Sync 1 DAGs
[2024-03-04T15:51:58.439+0000] {logging_mixin.py:188} INFO - [2024-03-04T15:51:58.438+0000] {dag.py:3069} INFO - Creating ORM DAG for example_sensor_decorator
[2024-03-04T15:51:58.442+0000] {logging_mixin.py:188} INFO - [2024-03-04T15:51:58.442+0000] {dag.py:3834} INFO - Setting next_dagrun for example_sensor_decorator to None, run_after=None
[2024-03-04T15:51:58.463+0000] {processor.py:183} INFO - Processing /home/airflow/.local/lib/python3.11/site-packages/airflow/example_dags/example_sensor_decorator.py took 0.501 seconds
[2024-03-04T15:52:29.183+0000] {processor.py:161} INFO - Started process (PID=112) to work on /home/airflow/.local/lib/python3.11/site-packages/airflow/example_dags/example_sensor_decorator.py
[2024-03-04T15:52:29.185+0000] {processor.py:830} INFO - Processing file /home/airflow/.local/lib/python3.11/site-packages/airflow/example_dags/example_sensor_decorator.py for tasks to queue
[2024-03-04T15:52:29.187+0000] {logging_mixin.py:188} INFO - [2024-03-04T15:52:29.187+0000] {dagbag.py:540} INFO - Filling up the DagBag from /home/airflow/.local/lib/python3.11/site-packages/airflow/example_dags/example_sensor_decorator.py
[2024-03-04T15:52:29.194+0000] {processor.py:840} INFO - DAG(s) 'example_sensor_decorator' retrieved from /home/airflow/.local/lib/python3.11/site-packages/airflow/example_dags/example_sensor_decorator.py
[2024-03-04T15:52:29.209+0000] {logging_mixin.py:188} INFO - [2024-03-04T15:52:29.208+0000] {dag.py:3047} INFO - Sync 1 DAGs
[2024-03-04T15:52:29.216+0000] {logging_mixin.py:188} INFO - [2024-03-04T15:52:29.216+0000] {dag.py:3834} INFO - Setting next_dagrun for example_sensor_decorator to None, run_after=None
[2024-03-04T15:52:29.225+0000] {processor.py:183} INFO - Processing /home/airflow/.local/lib/python3.11/site-packages/airflow/example_dags/example_sensor_decorator.py took 0.046 seconds
[2024-03-04T15:53:00.016+0000] {processor.py:161} INFO - Started process (PID=167) to work on /home/airflow/.local/lib/python3.11/site-packages/airflow/example_dags/example_sensor_decorator.py
[2024-03-04T15:53:00.018+0000] {processor.py:830} INFO - Processing file /home/airflow/.local/lib/python3.11/site-packages/airflow/example_dags/example_sensor_decorator.py for tasks to queue
[2024-03-04T15:53:00.021+0000] {logging_mixin.py:188} INFO - [2024-03-04T15:53:00.021+0000] {dagbag.py:540} INFO - Filling up the DagBag from /home/airflow/.local/lib/python3.11/site-packages/airflow/example_dags/example_sensor_decorator.py
[2024-03-04T15:53:00.041+0000] {processor.py:840} INFO - DAG(s) 'example_sensor_decorator' retrieved from /home/airflow/.local/lib/python3.11/site-packages/airflow/example_dags/example_sensor_decorator.py
[2024-03-04T15:53:00.065+0000] {logging_mixin.py:188} INFO - [2024-03-04T15:53:00.065+0000] {dag.py:3047} INFO - Sync 1 DAGs
[2024-03-04T15:53:00.073+0000] {logging_mixin.py:188} INFO - [2024-03-04T15:53:00.073+0000] {dag.py:3834} INFO - Setting next_dagrun for example_sensor_decorator to None, run_after=None
[2024-03-04T15:53:00.084+0000] {processor.py:183} INFO - Processing /home/airflow/.local/lib/python3.11/site-packages/airflow/example_dags/example_sensor_decorator.py took 0.075 seconds
[2024-03-04T15:53:30.364+0000] {processor.py:161} INFO - Started process (PID=222) to work on /home/airflow/.local/lib/python3.11/site-packages/airflow/example_dags/example_sensor_decorator.py
[2024-03-04T15:53:30.366+0000] {processor.py:830} INFO - Processing file /home/airflow/.local/lib/python3.11/site-packages/airflow/example_dags/example_sensor_decorator.py for tasks to queue
[2024-03-04T15:53:30.370+0000] {logging_mixin.py:188} INFO - [2024-03-04T15:53:30.369+0000] {dagbag.py:540} INFO - Filling up the DagBag from /home/airflow/.local/lib/python3.11/site-packages/airflow/example_dags/example_sensor_decorator.py
[2024-03-04T15:53:30.380+0000] {processor.py:840} INFO - DAG(s) 'example_sensor_decorator' retrieved from /home/airflow/.local/lib/python3.11/site-packages/airflow/example_dags/example_sensor_decorator.py
[2024-03-04T15:53:30.395+0000] {logging_mixin.py:188} INFO - [2024-03-04T15:53:30.395+0000] {dag.py:3047} INFO - Sync 1 DAGs
[2024-03-04T15:53:30.403+0000] {logging_mixin.py:188} INFO - [2024-03-04T15:53:30.403+0000] {dag.py:3834} INFO - Setting next_dagrun for example_sensor_decorator to None, run_after=None
[2024-03-04T15:53:30.412+0000] {processor.py:183} INFO - Processing /home/airflow/.local/lib/python3.11/site-packages/airflow/example_dags/example_sensor_decorator.py took 0.054 seconds
[2024-03-04T15:54:01.344+0000] {processor.py:161} INFO - Started process (PID=277) to work on /home/airflow/.local/lib/python3.11/site-packages/airflow/example_dags/example_sensor_decorator.py
[2024-03-04T15:54:01.346+0000] {processor.py:830} INFO - Processing file /home/airflow/.local/lib/python3.11/site-packages/airflow/example_dags/example_sensor_decorator.py for tasks to queue
[2024-03-04T15:54:01.350+0000] {logging_mixin.py:188} INFO - [2024-03-04T15:54:01.349+0000] {dagbag.py:540} INFO - Filling up the DagBag from /home/airflow/.local/lib/python3.11/site-packages/airflow/example_dags/example_sensor_decorator.py
[2024-03-04T15:54:01.358+0000] {processor.py:840} INFO - DAG(s) 'example_sensor_decorator' retrieved from /home/airflow/.local/lib/python3.11/site-packages/airflow/example_dags/example_sensor_decorator.py
[2024-03-04T15:54:01.377+0000] {logging_mixin.py:188} INFO - [2024-03-04T15:54:01.376+0000] {dag.py:3047} INFO - Sync 1 DAGs
[2024-03-04T15:54:01.385+0000] {logging_mixin.py:188} INFO - [2024-03-04T15:54:01.384+0000] {dag.py:3834} INFO - Setting next_dagrun for example_sensor_decorator to None, run_after=None
[2024-03-04T15:54:01.394+0000] {processor.py:183} INFO - Processing /home/airflow/.local/lib/python3.11/site-packages/airflow/example_dags/example_sensor_decorator.py took 0.055 seconds
[2024-03-04T15:54:32.046+0000] {processor.py:161} INFO - Started process (PID=332) to work on /home/airflow/.local/lib/python3.11/site-packages/airflow/example_dags/example_sensor_decorator.py
[2024-03-04T15:54:32.047+0000] {processor.py:830} INFO - Processing file /home/airflow/.local/lib/python3.11/site-packages/airflow/example_dags/example_sensor_decorator.py for tasks to queue
[2024-03-04T15:54:32.049+0000] {logging_mixin.py:188} INFO - [2024-03-04T15:54:32.049+0000] {dagbag.py:540} INFO - Filling up the DagBag from /home/airflow/.local/lib/python3.11/site-packages/airflow/example_dags/example_sensor_decorator.py
[2024-03-04T15:54:32.055+0000] {processor.py:840} INFO - DAG(s) 'example_sensor_decorator' retrieved from /home/airflow/.local/lib/python3.11/site-packages/airflow/example_dags/example_sensor_decorator.py
[2024-03-04T15:54:32.079+0000] {logging_mixin.py:188} INFO - [2024-03-04T15:54:32.079+0000] {dag.py:3047} INFO - Sync 1 DAGs
[2024-03-04T15:54:32.087+0000] {logging_mixin.py:188} INFO - [2024-03-04T15:54:32.087+0000] {dag.py:3834} INFO - Setting next_dagrun for example_sensor_decorator to None, run_after=None
[2024-03-04T15:54:32.097+0000] {processor.py:183} INFO - Processing /home/airflow/.local/lib/python3.11/site-packages/airflow/example_dags/example_sensor_decorator.py took 0.056 seconds
[2024-03-04T15:55:02.815+0000] {processor.py:161} INFO - Started process (PID=387) to work on /home/airflow/.local/lib/python3.11/site-packages/airflow/example_dags/example_sensor_decorator.py
[2024-03-04T15:55:02.818+0000] {processor.py:830} INFO - Processing file /home/airflow/.local/lib/python3.11/site-packages/airflow/example_dags/example_sensor_decorator.py for tasks to queue
[2024-03-04T15:55:02.821+0000] {logging_mixin.py:188} INFO - [2024-03-04T15:55:02.821+0000] {dagbag.py:540} INFO - Filling up the DagBag from /home/airflow/.local/lib/python3.11/site-packages/airflow/example_dags/example_sensor_decorator.py
[2024-03-04T15:55:02.831+0000] {processor.py:840} INFO - DAG(s) 'example_sensor_decorator' retrieved from /home/airflow/.local/lib/python3.11/site-packages/airflow/example_dags/example_sensor_decorator.py
[2024-03-04T15:55:02.848+0000] {logging_mixin.py:188} INFO - [2024-03-04T15:55:02.848+0000] {dag.py:3047} INFO - Sync 1 DAGs
[2024-03-04T15:55:02.854+0000] {logging_mixin.py:188} INFO - [2024-03-04T15:55:02.854+0000] {dag.py:3834} INFO - Setting next_dagrun for example_sensor_decorator to None, run_after=None
[2024-03-04T15:55:02.862+0000] {processor.py:183} INFO - Processing /home/airflow/.local/lib/python3.11/site-packages/airflow/example_dags/example_sensor_decorator.py took 0.056 seconds
[2024-03-04T15:55:33.535+0000] {processor.py:161} INFO - Started process (PID=442) to work on /home/airflow/.local/lib/python3.11/site-packages/airflow/example_dags/example_sensor_decorator.py
[2024-03-04T15:55:33.537+0000] {processor.py:830} INFO - Processing file /home/airflow/.local/lib/python3.11/site-packages/airflow/example_dags/example_sensor_decorator.py for tasks to queue
[2024-03-04T15:55:33.540+0000] {logging_mixin.py:188} INFO - [2024-03-04T15:55:33.540+0000] {dagbag.py:540} INFO - Filling up the DagBag from /home/airflow/.local/lib/python3.11/site-packages/airflow/example_dags/example_sensor_decorator.py
[2024-03-04T15:55:33.548+0000] {processor.py:840} INFO - DAG(s) 'example_sensor_decorator' retrieved from /home/airflow/.local/lib/python3.11/site-packages/airflow/example_dags/example_sensor_decorator.py
[2024-03-04T15:55:33.569+0000] {logging_mixin.py:188} INFO - [2024-03-04T15:55:33.569+0000] {dag.py:3047} INFO - Sync 1 DAGs
[2024-03-04T15:55:33.577+0000] {logging_mixin.py:188} INFO - [2024-03-04T15:55:33.577+0000] {dag.py:3834} INFO - Setting next_dagrun for example_sensor_decorator to None, run_after=None
[2024-03-04T15:55:33.585+0000] {processor.py:183} INFO - Processing /home/airflow/.local/lib/python3.11/site-packages/airflow/example_dags/example_sensor_decorator.py took 0.055 seconds
[2024-03-04T15:56:04.300+0000] {processor.py:161} INFO - Started process (PID=497) to work on /home/airflow/.local/lib/python3.11/site-packages/airflow/example_dags/example_sensor_decorator.py
[2024-03-04T15:56:04.302+0000] {processor.py:830} INFO - Processing file /home/airflow/.local/lib/python3.11/site-packages/airflow/example_dags/example_sensor_decorator.py for tasks to queue
[2024-03-04T15:56:04.304+0000] {logging_mixin.py:188} INFO - [2024-03-04T15:56:04.304+0000] {dagbag.py:540} INFO - Filling up the DagBag from /home/airflow/.local/lib/python3.11/site-packages/airflow/example_dags/example_sensor_decorator.py
[2024-03-04T15:56:04.311+0000] {processor.py:840} INFO - DAG(s) 'example_sensor_decorator' retrieved from /home/airflow/.local/lib/python3.11/site-packages/airflow/example_dags/example_sensor_decorator.py
[2024-03-04T15:56:04.326+0000] {logging_mixin.py:188} INFO - [2024-03-04T15:56:04.326+0000] {dag.py:3047} INFO - Sync 1 DAGs
[2024-03-04T15:56:04.333+0000] {logging_mixin.py:188} INFO - [2024-03-04T15:56:04.333+0000] {dag.py:3834} INFO - Setting next_dagrun for example_sensor_decorator to None, run_after=None
[2024-03-04T15:56:04.341+0000] {processor.py:183} INFO - Processing /home/airflow/.local/lib/python3.11/site-packages/airflow/example_dags/example_sensor_decorator.py took 0.045 seconds
[2024-03-04T15:56:35.002+0000] {processor.py:161} INFO - Started process (PID=552) to work on /home/airflow/.local/lib/python3.11/site-packages/airflow/example_dags/example_sensor_decorator.py
[2024-03-04T15:56:35.004+0000] {processor.py:830} INFO - Processing file /home/airflow/.local/lib/python3.11/site-packages/airflow/example_dags/example_sensor_decorator.py for tasks to queue
[2024-03-04T15:56:35.008+0000] {logging_mixin.py:188} INFO - [2024-03-04T15:56:35.007+0000] {dagbag.py:540} INFO - Filling up the DagBag from /home/airflow/.local/lib/python3.11/site-packages/airflow/example_dags/example_sensor_decorator.py
[2024-03-04T15:56:35.016+0000] {processor.py:840} INFO - DAG(s) 'example_sensor_decorator' retrieved from /home/airflow/.local/lib/python3.11/site-packages/airflow/example_dags/example_sensor_decorator.py
[2024-03-04T15:56:35.033+0000] {logging_mixin.py:188} INFO - [2024-03-04T15:56:35.032+0000] {dag.py:3047} INFO - Sync 1 DAGs
[2024-03-04T15:56:35.040+0000] {logging_mixin.py:188} INFO - [2024-03-04T15:56:35.040+0000] {dag.py:3834} INFO - Setting next_dagrun for example_sensor_decorator to None, run_after=None
[2024-03-04T15:56:35.050+0000] {processor.py:183} INFO - Processing /home/airflow/.local/lib/python3.11/site-packages/airflow/example_dags/example_sensor_decorator.py took 0.052 seconds
[2024-03-04T15:57:05.746+0000] {processor.py:161} INFO - Started process (PID=607) to work on /home/airflow/.local/lib/python3.11/site-packages/airflow/example_dags/example_sensor_decorator.py
[2024-03-04T15:57:05.749+0000] {processor.py:830} INFO - Processing file /home/airflow/.local/lib/python3.11/site-packages/airflow/example_dags/example_sensor_decorator.py for tasks to queue
[2024-03-04T15:57:05.753+0000] {logging_mixin.py:188} INFO - [2024-03-04T15:57:05.753+0000] {dagbag.py:540} INFO - Filling up the DagBag from /home/airflow/.local/lib/python3.11/site-packages/airflow/example_dags/example_sensor_decorator.py
[2024-03-04T15:57:05.767+0000] {processor.py:840} INFO - DAG(s) 'example_sensor_decorator' retrieved from /home/airflow/.local/lib/python3.11/site-packages/airflow/example_dags/example_sensor_decorator.py
[2024-03-04T15:57:05.786+0000] {logging_mixin.py:188} INFO - [2024-03-04T15:57:05.786+0000] {dag.py:3047} INFO - Sync 1 DAGs
[2024-03-04T15:57:05.794+0000] {logging_mixin.py:188} INFO - [2024-03-04T15:57:05.794+0000] {dag.py:3834} INFO - Setting next_dagrun for example_sensor_decorator to None, run_after=None
[2024-03-04T15:57:05.803+0000] {processor.py:183} INFO - Processing /home/airflow/.local/lib/python3.11/site-packages/airflow/example_dags/example_sensor_decorator.py took 0.063 seconds
[2024-03-04T15:57:36.479+0000] {processor.py:161} INFO - Started process (PID=662) to work on /home/airflow/.local/lib/python3.11/site-packages/airflow/example_dags/example_sensor_decorator.py
[2024-03-04T15:57:36.481+0000] {processor.py:830} INFO - Processing file /home/airflow/.local/lib/python3.11/site-packages/airflow/example_dags/example_sensor_decorator.py for tasks to queue
[2024-03-04T15:57:36.483+0000] {logging_mixin.py:188} INFO - [2024-03-04T15:57:36.483+0000] {dagbag.py:540} INFO - Filling up the DagBag from /home/airflow/.local/lib/python3.11/site-packages/airflow/example_dags/example_sensor_decorator.py
[2024-03-04T15:57:36.490+0000] {processor.py:840} INFO - DAG(s) 'example_sensor_decorator' retrieved from /home/airflow/.local/lib/python3.11/site-packages/airflow/example_dags/example_sensor_decorator.py
[2024-03-04T15:57:36.503+0000] {logging_mixin.py:188} INFO - [2024-03-04T15:57:36.503+0000] {dag.py:3047} INFO - Sync 1 DAGs
[2024-03-04T15:57:36.511+0000] {logging_mixin.py:188} INFO - [2024-03-04T15:57:36.511+0000] {dag.py:3834} INFO - Setting next_dagrun for example_sensor_decorator to None, run_after=None
[2024-03-04T15:57:36.520+0000] {processor.py:183} INFO - Processing /home/airflow/.local/lib/python3.11/site-packages/airflow/example_dags/example_sensor_decorator.py took 0.045 seconds
[2024-03-04T15:58:07.193+0000] {processor.py:161} INFO - Started process (PID=717) to work on /home/airflow/.local/lib/python3.11/site-packages/airflow/example_dags/example_sensor_decorator.py
[2024-03-04T15:58:07.195+0000] {processor.py:830} INFO - Processing file /home/airflow/.local/lib/python3.11/site-packages/airflow/example_dags/example_sensor_decorator.py for tasks to queue
[2024-03-04T15:58:07.197+0000] {logging_mixin.py:188} INFO - [2024-03-04T15:58:07.197+0000] {dagbag.py:540} INFO - Filling up the DagBag from /home/airflow/.local/lib/python3.11/site-packages/airflow/example_dags/example_sensor_decorator.py
[2024-03-04T15:58:07.205+0000] {processor.py:840} INFO - DAG(s) 'example_sensor_decorator' retrieved from /home/airflow/.local/lib/python3.11/site-packages/airflow/example_dags/example_sensor_decorator.py
[2024-03-04T15:58:07.236+0000] {logging_mixin.py:188} INFO - [2024-03-04T15:58:07.236+0000] {dag.py:3047} INFO - Sync 1 DAGs
[2024-03-04T15:58:07.249+0000] {logging_mixin.py:188} INFO - [2024-03-04T15:58:07.249+0000] {dag.py:3834} INFO - Setting next_dagrun for example_sensor_decorator to None, run_after=None
[2024-03-04T15:58:07.260+0000] {processor.py:183} INFO - Processing /home/airflow/.local/lib/python3.11/site-packages/airflow/example_dags/example_sensor_decorator.py took 0.073 seconds
[2024-03-04T15:58:37.977+0000] {processor.py:161} INFO - Started process (PID=772) to work on /home/airflow/.local/lib/python3.11/site-packages/airflow/example_dags/example_sensor_decorator.py
[2024-03-04T15:58:37.979+0000] {processor.py:830} INFO - Processing file /home/airflow/.local/lib/python3.11/site-packages/airflow/example_dags/example_sensor_decorator.py for tasks to queue
[2024-03-04T15:58:37.982+0000] {logging_mixin.py:188} INFO - [2024-03-04T15:58:37.981+0000] {dagbag.py:540} INFO - Filling up the DagBag from /home/airflow/.local/lib/python3.11/site-packages/airflow/example_dags/example_sensor_decorator.py
[2024-03-04T15:58:37.990+0000] {processor.py:840} INFO - DAG(s) 'example_sensor_decorator' retrieved from /home/airflow/.local/lib/python3.11/site-packages/airflow/example_dags/example_sensor_decorator.py
[2024-03-04T15:58:38.006+0000] {logging_mixin.py:188} INFO - [2024-03-04T15:58:38.006+0000] {dag.py:3047} INFO - Sync 1 DAGs
[2024-03-04T15:58:38.013+0000] {logging_mixin.py:188} INFO - [2024-03-04T15:58:38.013+0000] {dag.py:3834} INFO - Setting next_dagrun for example_sensor_decorator to None, run_after=None
[2024-03-04T15:58:38.022+0000] {processor.py:183} INFO - Processing /home/airflow/.local/lib/python3.11/site-packages/airflow/example_dags/example_sensor_decorator.py took 0.049 seconds
[2024-03-04T15:59:08.572+0000] {processor.py:161} INFO - Started process (PID=827) to work on /home/airflow/.local/lib/python3.11/site-packages/airflow/example_dags/example_sensor_decorator.py
[2024-03-04T15:59:08.574+0000] {processor.py:830} INFO - Processing file /home/airflow/.local/lib/python3.11/site-packages/airflow/example_dags/example_sensor_decorator.py for tasks to queue
[2024-03-04T15:59:08.576+0000] {logging_mixin.py:188} INFO - [2024-03-04T15:59:08.576+0000] {dagbag.py:540} INFO - Filling up the DagBag from /home/airflow/.local/lib/python3.11/site-packages/airflow/example_dags/example_sensor_decorator.py
[2024-03-04T15:59:08.583+0000] {processor.py:840} INFO - DAG(s) 'example_sensor_decorator' retrieved from /home/airflow/.local/lib/python3.11/site-packages/airflow/example_dags/example_sensor_decorator.py
[2024-03-04T15:59:08.600+0000] {logging_mixin.py:188} INFO - [2024-03-04T15:59:08.600+0000] {dag.py:3047} INFO - Sync 1 DAGs
[2024-03-04T15:59:08.609+0000] {logging_mixin.py:188} INFO - [2024-03-04T15:59:08.609+0000] {dag.py:3834} INFO - Setting next_dagrun for example_sensor_decorator to None, run_after=None
[2024-03-04T15:59:08.619+0000] {processor.py:183} INFO - Processing /home/airflow/.local/lib/python3.11/site-packages/airflow/example_dags/example_sensor_decorator.py took 0.050 seconds
[2024-03-04T15:59:39.137+0000] {processor.py:161} INFO - Started process (PID=882) to work on /home/airflow/.local/lib/python3.11/site-packages/airflow/example_dags/example_sensor_decorator.py
[2024-03-04T15:59:39.139+0000] {processor.py:830} INFO - Processing file /home/airflow/.local/lib/python3.11/site-packages/airflow/example_dags/example_sensor_decorator.py for tasks to queue
[2024-03-04T15:59:39.141+0000] {logging_mixin.py:188} INFO - [2024-03-04T15:59:39.141+0000] {dagbag.py:540} INFO - Filling up the DagBag from /home/airflow/.local/lib/python3.11/site-packages/airflow/example_dags/example_sensor_decorator.py
[2024-03-04T15:59:39.148+0000] {processor.py:840} INFO - DAG(s) 'example_sensor_decorator' retrieved from /home/airflow/.local/lib/python3.11/site-packages/airflow/example_dags/example_sensor_decorator.py
[2024-03-04T15:59:39.162+0000] {logging_mixin.py:188} INFO - [2024-03-04T15:59:39.162+0000] {dag.py:3047} INFO - Sync 1 DAGs
[2024-03-04T15:59:39.170+0000] {logging_mixin.py:188} INFO - [2024-03-04T15:59:39.170+0000] {dag.py:3834} INFO - Setting next_dagrun for example_sensor_decorator to None, run_after=None
[2024-03-04T15:59:39.180+0000] {processor.py:183} INFO - Processing /home/airflow/.local/lib/python3.11/site-packages/airflow/example_dags/example_sensor_decorator.py took 0.047 seconds
[2024-03-04T16:00:09.882+0000] {processor.py:161} INFO - Started process (PID=937) to work on /home/airflow/.local/lib/python3.11/site-packages/airflow/example_dags/example_sensor_decorator.py
[2024-03-04T16:00:09.885+0000] {processor.py:830} INFO - Processing file /home/airflow/.local/lib/python3.11/site-packages/airflow/example_dags/example_sensor_decorator.py for tasks to queue
[2024-03-04T16:00:09.888+0000] {logging_mixin.py:188} INFO - [2024-03-04T16:00:09.888+0000] {dagbag.py:540} INFO - Filling up the DagBag from /home/airflow/.local/lib/python3.11/site-packages/airflow/example_dags/example_sensor_decorator.py
[2024-03-04T16:00:09.898+0000] {processor.py:840} INFO - DAG(s) 'example_sensor_decorator' retrieved from /home/airflow/.local/lib/python3.11/site-packages/airflow/example_dags/example_sensor_decorator.py
[2024-03-04T16:00:09.913+0000] {logging_mixin.py:188} INFO - [2024-03-04T16:00:09.912+0000] {dag.py:3047} INFO - Sync 1 DAGs
[2024-03-04T16:00:09.919+0000] {logging_mixin.py:188} INFO - [2024-03-04T16:00:09.919+0000] {dag.py:3834} INFO - Setting next_dagrun for example_sensor_decorator to None, run_after=None
[2024-03-04T16:00:09.927+0000] {processor.py:183} INFO - Processing /home/airflow/.local/lib/python3.11/site-packages/airflow/example_dags/example_sensor_decorator.py took 0.050 seconds
[2024-03-04T16:00:40.673+0000] {processor.py:161} INFO - Started process (PID=991) to work on /home/airflow/.local/lib/python3.11/site-packages/airflow/example_dags/example_sensor_decorator.py
[2024-03-04T16:00:40.676+0000] {processor.py:830} INFO - Processing file /home/airflow/.local/lib/python3.11/site-packages/airflow/example_dags/example_sensor_decorator.py for tasks to queue
[2024-03-04T16:00:40.678+0000] {logging_mixin.py:188} INFO - [2024-03-04T16:00:40.678+0000] {dagbag.py:540} INFO - Filling up the DagBag from /home/airflow/.local/lib/python3.11/site-packages/airflow/example_dags/example_sensor_decorator.py
[2024-03-04T16:00:40.684+0000] {processor.py:840} INFO - DAG(s) 'example_sensor_decorator' retrieved from /home/airflow/.local/lib/python3.11/site-packages/airflow/example_dags/example_sensor_decorator.py
[2024-03-04T16:00:40.700+0000] {logging_mixin.py:188} INFO - [2024-03-04T16:00:40.700+0000] {dag.py:3047} INFO - Sync 1 DAGs
[2024-03-04T16:00:40.708+0000] {logging_mixin.py:188} INFO - [2024-03-04T16:00:40.708+0000] {dag.py:3834} INFO - Setting next_dagrun for example_sensor_decorator to None, run_after=None
[2024-03-04T16:00:40.718+0000] {processor.py:183} INFO - Processing /home/airflow/.local/lib/python3.11/site-packages/airflow/example_dags/example_sensor_decorator.py took 0.050 seconds
[2024-03-04T16:01:11.434+0000] {processor.py:161} INFO - Started process (PID=1046) to work on /home/airflow/.local/lib/python3.11/site-packages/airflow/example_dags/example_sensor_decorator.py
[2024-03-04T16:01:11.436+0000] {processor.py:830} INFO - Processing file /home/airflow/.local/lib/python3.11/site-packages/airflow/example_dags/example_sensor_decorator.py for tasks to queue
[2024-03-04T16:01:11.438+0000] {logging_mixin.py:188} INFO - [2024-03-04T16:01:11.438+0000] {dagbag.py:540} INFO - Filling up the DagBag from /home/airflow/.local/lib/python3.11/site-packages/airflow/example_dags/example_sensor_decorator.py
[2024-03-04T16:01:11.446+0000] {processor.py:840} INFO - DAG(s) 'example_sensor_decorator' retrieved from /home/airflow/.local/lib/python3.11/site-packages/airflow/example_dags/example_sensor_decorator.py
[2024-03-04T16:01:11.460+0000] {logging_mixin.py:188} INFO - [2024-03-04T16:01:11.460+0000] {dag.py:3047} INFO - Sync 1 DAGs
[2024-03-04T16:01:11.467+0000] {logging_mixin.py:188} INFO - [2024-03-04T16:01:11.467+0000] {dag.py:3834} INFO - Setting next_dagrun for example_sensor_decorator to None, run_after=None
[2024-03-04T16:01:11.476+0000] {processor.py:183} INFO - Processing /home/airflow/.local/lib/python3.11/site-packages/airflow/example_dags/example_sensor_decorator.py took 0.048 seconds
[2024-03-04T16:01:42.227+0000] {processor.py:161} INFO - Started process (PID=1101) to work on /home/airflow/.local/lib/python3.11/site-packages/airflow/example_dags/example_sensor_decorator.py
[2024-03-04T16:01:42.228+0000] {processor.py:830} INFO - Processing file /home/airflow/.local/lib/python3.11/site-packages/airflow/example_dags/example_sensor_decorator.py for tasks to queue
[2024-03-04T16:01:42.231+0000] {logging_mixin.py:188} INFO - [2024-03-04T16:01:42.230+0000] {dagbag.py:540} INFO - Filling up the DagBag from /home/airflow/.local/lib/python3.11/site-packages/airflow/example_dags/example_sensor_decorator.py
[2024-03-04T16:01:42.237+0000] {processor.py:840} INFO - DAG(s) 'example_sensor_decorator' retrieved from /home/airflow/.local/lib/python3.11/site-packages/airflow/example_dags/example_sensor_decorator.py
[2024-03-04T16:01:42.251+0000] {logging_mixin.py:188} INFO - [2024-03-04T16:01:42.250+0000] {dag.py:3047} INFO - Sync 1 DAGs
[2024-03-04T16:01:42.263+0000] {logging_mixin.py:188} INFO - [2024-03-04T16:01:42.262+0000] {dag.py:3834} INFO - Setting next_dagrun for example_sensor_decorator to None, run_after=None
[2024-03-04T16:01:42.273+0000] {processor.py:183} INFO - Processing /home/airflow/.local/lib/python3.11/site-packages/airflow/example_dags/example_sensor_decorator.py took 0.051 seconds
[2024-03-04T16:02:13.045+0000] {processor.py:161} INFO - Started process (PID=1162) to work on /home/airflow/.local/lib/python3.11/site-packages/airflow/example_dags/example_sensor_decorator.py
[2024-03-04T16:02:13.047+0000] {processor.py:830} INFO - Processing file /home/airflow/.local/lib/python3.11/site-packages/airflow/example_dags/example_sensor_decorator.py for tasks to queue
[2024-03-04T16:02:13.050+0000] {logging_mixin.py:188} INFO - [2024-03-04T16:02:13.049+0000] {dagbag.py:540} INFO - Filling up the DagBag from /home/airflow/.local/lib/python3.11/site-packages/airflow/example_dags/example_sensor_decorator.py
[2024-03-04T16:02:13.057+0000] {processor.py:840} INFO - DAG(s) 'example_sensor_decorator' retrieved from /home/airflow/.local/lib/python3.11/site-packages/airflow/example_dags/example_sensor_decorator.py
[2024-03-04T16:02:13.073+0000] {logging_mixin.py:188} INFO - [2024-03-04T16:02:13.072+0000] {dag.py:3047} INFO - Sync 1 DAGs
[2024-03-04T16:02:13.080+0000] {logging_mixin.py:188} INFO - [2024-03-04T16:02:13.080+0000] {dag.py:3834} INFO - Setting next_dagrun for example_sensor_decorator to None, run_after=None
[2024-03-04T16:02:13.089+0000] {processor.py:183} INFO - Processing /home/airflow/.local/lib/python3.11/site-packages/airflow/example_dags/example_sensor_decorator.py took 0.050 seconds
[2024-03-04T16:02:43.786+0000] {processor.py:161} INFO - Started process (PID=1217) to work on /home/airflow/.local/lib/python3.11/site-packages/airflow/example_dags/example_sensor_decorator.py
[2024-03-04T16:02:43.788+0000] {processor.py:830} INFO - Processing file /home/airflow/.local/lib/python3.11/site-packages/airflow/example_dags/example_sensor_decorator.py for tasks to queue
[2024-03-04T16:02:43.791+0000] {logging_mixin.py:188} INFO - [2024-03-04T16:02:43.791+0000] {dagbag.py:540} INFO - Filling up the DagBag from /home/airflow/.local/lib/python3.11/site-packages/airflow/example_dags/example_sensor_decorator.py
[2024-03-04T16:02:43.800+0000] {processor.py:840} INFO - DAG(s) 'example_sensor_decorator' retrieved from /home/airflow/.local/lib/python3.11/site-packages/airflow/example_dags/example_sensor_decorator.py
[2024-03-04T16:02:43.815+0000] {logging_mixin.py:188} INFO - [2024-03-04T16:02:43.815+0000] {dag.py:3047} INFO - Sync 1 DAGs
[2024-03-04T16:02:43.823+0000] {logging_mixin.py:188} INFO - [2024-03-04T16:02:43.823+0000] {dag.py:3834} INFO - Setting next_dagrun for example_sensor_decorator to None, run_after=None
[2024-03-04T16:02:43.832+0000] {processor.py:183} INFO - Processing /home/airflow/.local/lib/python3.11/site-packages/airflow/example_dags/example_sensor_decorator.py took 0.053 seconds
[2024-03-04T16:03:14.616+0000] {processor.py:161} INFO - Started process (PID=1272) to work on /home/airflow/.local/lib/python3.11/site-packages/airflow/example_dags/example_sensor_decorator.py
[2024-03-04T16:03:14.618+0000] {processor.py:830} INFO - Processing file /home/airflow/.local/lib/python3.11/site-packages/airflow/example_dags/example_sensor_decorator.py for tasks to queue
[2024-03-04T16:03:14.622+0000] {logging_mixin.py:188} INFO - [2024-03-04T16:03:14.621+0000] {dagbag.py:540} INFO - Filling up the DagBag from /home/airflow/.local/lib/python3.11/site-packages/airflow/example_dags/example_sensor_decorator.py
[2024-03-04T16:03:14.632+0000] {processor.py:840} INFO - DAG(s) 'example_sensor_decorator' retrieved from /home/airflow/.local/lib/python3.11/site-packages/airflow/example_dags/example_sensor_decorator.py
[2024-03-04T16:03:14.653+0000] {logging_mixin.py:188} INFO - [2024-03-04T16:03:14.653+0000] {dag.py:3047} INFO - Sync 1 DAGs
[2024-03-04T16:03:14.662+0000] {logging_mixin.py:188} INFO - [2024-03-04T16:03:14.661+0000] {dag.py:3834} INFO - Setting next_dagrun for example_sensor_decorator to None, run_after=None
[2024-03-04T16:03:14.670+0000] {processor.py:183} INFO - Processing /home/airflow/.local/lib/python3.11/site-packages/airflow/example_dags/example_sensor_decorator.py took 0.060 seconds
[2024-03-04T16:03:45.443+0000] {processor.py:161} INFO - Started process (PID=1327) to work on /home/airflow/.local/lib/python3.11/site-packages/airflow/example_dags/example_sensor_decorator.py
[2024-03-04T16:03:45.445+0000] {processor.py:830} INFO - Processing file /home/airflow/.local/lib/python3.11/site-packages/airflow/example_dags/example_sensor_decorator.py for tasks to queue
[2024-03-04T16:03:45.447+0000] {logging_mixin.py:188} INFO - [2024-03-04T16:03:45.446+0000] {dagbag.py:540} INFO - Filling up the DagBag from /home/airflow/.local/lib/python3.11/site-packages/airflow/example_dags/example_sensor_decorator.py
[2024-03-04T16:03:45.453+0000] {processor.py:840} INFO - DAG(s) 'example_sensor_decorator' retrieved from /home/airflow/.local/lib/python3.11/site-packages/airflow/example_dags/example_sensor_decorator.py
[2024-03-04T16:03:45.469+0000] {logging_mixin.py:188} INFO - [2024-03-04T16:03:45.469+0000] {dag.py:3047} INFO - Sync 1 DAGs
[2024-03-04T16:03:45.488+0000] {logging_mixin.py:188} INFO - [2024-03-04T16:03:45.488+0000] {dag.py:3834} INFO - Setting next_dagrun for example_sensor_decorator to None, run_after=None
[2024-03-04T16:03:45.502+0000] {processor.py:183} INFO - Processing /home/airflow/.local/lib/python3.11/site-packages/airflow/example_dags/example_sensor_decorator.py took 0.065 seconds
[2024-03-04T16:04:15.892+0000] {processor.py:161} INFO - Started process (PID=1382) to work on /home/airflow/.local/lib/python3.11/site-packages/airflow/example_dags/example_sensor_decorator.py
[2024-03-04T16:04:15.893+0000] {processor.py:830} INFO - Processing file /home/airflow/.local/lib/python3.11/site-packages/airflow/example_dags/example_sensor_decorator.py for tasks to queue
[2024-03-04T16:04:15.896+0000] {logging_mixin.py:188} INFO - [2024-03-04T16:04:15.895+0000] {dagbag.py:540} INFO - Filling up the DagBag from /home/airflow/.local/lib/python3.11/site-packages/airflow/example_dags/example_sensor_decorator.py
[2024-03-04T16:04:15.903+0000] {processor.py:840} INFO - DAG(s) 'example_sensor_decorator' retrieved from /home/airflow/.local/lib/python3.11/site-packages/airflow/example_dags/example_sensor_decorator.py
[2024-03-04T16:04:15.920+0000] {logging_mixin.py:188} INFO - [2024-03-04T16:04:15.920+0000] {dag.py:3047} INFO - Sync 1 DAGs
[2024-03-04T16:04:15.926+0000] {logging_mixin.py:188} INFO - [2024-03-04T16:04:15.926+0000] {dag.py:3834} INFO - Setting next_dagrun for example_sensor_decorator to None, run_after=None
[2024-03-04T16:04:15.935+0000] {processor.py:183} INFO - Processing /home/airflow/.local/lib/python3.11/site-packages/airflow/example_dags/example_sensor_decorator.py took 0.050 seconds
[2024-03-04T16:04:46.757+0000] {processor.py:161} INFO - Started process (PID=1437) to work on /home/airflow/.local/lib/python3.11/site-packages/airflow/example_dags/example_sensor_decorator.py
[2024-03-04T16:04:46.759+0000] {processor.py:830} INFO - Processing file /home/airflow/.local/lib/python3.11/site-packages/airflow/example_dags/example_sensor_decorator.py for tasks to queue
[2024-03-04T16:04:46.762+0000] {logging_mixin.py:188} INFO - [2024-03-04T16:04:46.762+0000] {dagbag.py:540} INFO - Filling up the DagBag from /home/airflow/.local/lib/python3.11/site-packages/airflow/example_dags/example_sensor_decorator.py
[2024-03-04T16:04:46.770+0000] {processor.py:840} INFO - DAG(s) 'example_sensor_decorator' retrieved from /home/airflow/.local/lib/python3.11/site-packages/airflow/example_dags/example_sensor_decorator.py
[2024-03-04T16:04:46.791+0000] {logging_mixin.py:188} INFO - [2024-03-04T16:04:46.791+0000] {dag.py:3047} INFO - Sync 1 DAGs
[2024-03-04T16:04:46.798+0000] {logging_mixin.py:188} INFO - [2024-03-04T16:04:46.798+0000] {dag.py:3834} INFO - Setting next_dagrun for example_sensor_decorator to None, run_after=None
[2024-03-04T16:04:46.807+0000] {processor.py:183} INFO - Processing /home/airflow/.local/lib/python3.11/site-packages/airflow/example_dags/example_sensor_decorator.py took 0.056 seconds
[2024-03-04T16:05:17.504+0000] {processor.py:161} INFO - Started process (PID=1492) to work on /home/airflow/.local/lib/python3.11/site-packages/airflow/example_dags/example_sensor_decorator.py
[2024-03-04T16:05:17.506+0000] {processor.py:830} INFO - Processing file /home/airflow/.local/lib/python3.11/site-packages/airflow/example_dags/example_sensor_decorator.py for tasks to queue
[2024-03-04T16:05:17.508+0000] {logging_mixin.py:188} INFO - [2024-03-04T16:05:17.508+0000] {dagbag.py:540} INFO - Filling up the DagBag from /home/airflow/.local/lib/python3.11/site-packages/airflow/example_dags/example_sensor_decorator.py
[2024-03-04T16:05:17.515+0000] {processor.py:840} INFO - DAG(s) 'example_sensor_decorator' retrieved from /home/airflow/.local/lib/python3.11/site-packages/airflow/example_dags/example_sensor_decorator.py
[2024-03-04T16:05:17.529+0000] {logging_mixin.py:188} INFO - [2024-03-04T16:05:17.529+0000] {dag.py:3047} INFO - Sync 1 DAGs
[2024-03-04T16:05:17.536+0000] {logging_mixin.py:188} INFO - [2024-03-04T16:05:17.536+0000] {dag.py:3834} INFO - Setting next_dagrun for example_sensor_decorator to None, run_after=None
[2024-03-04T16:05:17.545+0000] {processor.py:183} INFO - Processing /home/airflow/.local/lib/python3.11/site-packages/airflow/example_dags/example_sensor_decorator.py took 0.048 seconds
[2024-03-04T16:05:48.406+0000] {processor.py:161} INFO - Started process (PID=1547) to work on /home/airflow/.local/lib/python3.11/site-packages/airflow/example_dags/example_sensor_decorator.py
[2024-03-04T16:05:48.408+0000] {processor.py:830} INFO - Processing file /home/airflow/.local/lib/python3.11/site-packages/airflow/example_dags/example_sensor_decorator.py for tasks to queue
[2024-03-04T16:05:48.411+0000] {logging_mixin.py:188} INFO - [2024-03-04T16:05:48.410+0000] {dagbag.py:540} INFO - Filling up the DagBag from /home/airflow/.local/lib/python3.11/site-packages/airflow/example_dags/example_sensor_decorator.py
[2024-03-04T16:05:48.419+0000] {processor.py:840} INFO - DAG(s) 'example_sensor_decorator' retrieved from /home/airflow/.local/lib/python3.11/site-packages/airflow/example_dags/example_sensor_decorator.py
[2024-03-04T16:05:48.433+0000] {logging_mixin.py:188} INFO - [2024-03-04T16:05:48.433+0000] {dag.py:3047} INFO - Sync 1 DAGs
[2024-03-04T16:05:48.440+0000] {logging_mixin.py:188} INFO - [2024-03-04T16:05:48.440+0000] {dag.py:3834} INFO - Setting next_dagrun for example_sensor_decorator to None, run_after=None
[2024-03-04T16:05:48.449+0000] {processor.py:183} INFO - Processing /home/airflow/.local/lib/python3.11/site-packages/airflow/example_dags/example_sensor_decorator.py took 0.048 seconds
[2024-03-04T16:06:18.500+0000] {processor.py:161} INFO - Started process (PID=1602) to work on /home/airflow/.local/lib/python3.11/site-packages/airflow/example_dags/example_sensor_decorator.py
[2024-03-04T16:06:18.502+0000] {processor.py:830} INFO - Processing file /home/airflow/.local/lib/python3.11/site-packages/airflow/example_dags/example_sensor_decorator.py for tasks to queue
[2024-03-04T16:06:18.504+0000] {logging_mixin.py:188} INFO - [2024-03-04T16:06:18.504+0000] {dagbag.py:540} INFO - Filling up the DagBag from /home/airflow/.local/lib/python3.11/site-packages/airflow/example_dags/example_sensor_decorator.py
[2024-03-04T16:06:18.510+0000] {processor.py:840} INFO - DAG(s) 'example_sensor_decorator' retrieved from /home/airflow/.local/lib/python3.11/site-packages/airflow/example_dags/example_sensor_decorator.py
[2024-03-04T16:06:18.528+0000] {logging_mixin.py:188} INFO - [2024-03-04T16:06:18.528+0000] {dag.py:3047} INFO - Sync 1 DAGs
[2024-03-04T16:06:18.535+0000] {logging_mixin.py:188} INFO - [2024-03-04T16:06:18.535+0000] {dag.py:3834} INFO - Setting next_dagrun for example_sensor_decorator to None, run_after=None
[2024-03-04T16:06:18.550+0000] {processor.py:183} INFO - Processing /home/airflow/.local/lib/python3.11/site-packages/airflow/example_dags/example_sensor_decorator.py took 0.054 seconds
[2024-03-04T16:06:48.739+0000] {processor.py:161} INFO - Started process (PID=1657) to work on /home/airflow/.local/lib/python3.11/site-packages/airflow/example_dags/example_sensor_decorator.py
[2024-03-04T16:06:48.741+0000] {processor.py:830} INFO - Processing file /home/airflow/.local/lib/python3.11/site-packages/airflow/example_dags/example_sensor_decorator.py for tasks to queue
[2024-03-04T16:06:48.744+0000] {logging_mixin.py:188} INFO - [2024-03-04T16:06:48.743+0000] {dagbag.py:540} INFO - Filling up the DagBag from /home/airflow/.local/lib/python3.11/site-packages/airflow/example_dags/example_sensor_decorator.py
[2024-03-04T16:06:48.751+0000] {processor.py:840} INFO - DAG(s) 'example_sensor_decorator' retrieved from /home/airflow/.local/lib/python3.11/site-packages/airflow/example_dags/example_sensor_decorator.py
[2024-03-04T16:06:48.771+0000] {logging_mixin.py:188} INFO - [2024-03-04T16:06:48.770+0000] {dag.py:3047} INFO - Sync 1 DAGs
[2024-03-04T16:06:48.777+0000] {logging_mixin.py:188} INFO - [2024-03-04T16:06:48.777+0000] {dag.py:3834} INFO - Setting next_dagrun for example_sensor_decorator to None, run_after=None
[2024-03-04T16:06:48.786+0000] {processor.py:183} INFO - Processing /home/airflow/.local/lib/python3.11/site-packages/airflow/example_dags/example_sensor_decorator.py took 0.052 seconds
[2024-03-04T16:07:19.469+0000] {processor.py:161} INFO - Started process (PID=1712) to work on /home/airflow/.local/lib/python3.11/site-packages/airflow/example_dags/example_sensor_decorator.py
[2024-03-04T16:07:19.470+0000] {processor.py:830} INFO - Processing file /home/airflow/.local/lib/python3.11/site-packages/airflow/example_dags/example_sensor_decorator.py for tasks to queue
[2024-03-04T16:07:19.472+0000] {logging_mixin.py:188} INFO - [2024-03-04T16:07:19.472+0000] {dagbag.py:540} INFO - Filling up the DagBag from /home/airflow/.local/lib/python3.11/site-packages/airflow/example_dags/example_sensor_decorator.py
[2024-03-04T16:07:19.477+0000] {processor.py:840} INFO - DAG(s) 'example_sensor_decorator' retrieved from /home/airflow/.local/lib/python3.11/site-packages/airflow/example_dags/example_sensor_decorator.py
[2024-03-04T16:07:19.488+0000] {logging_mixin.py:188} INFO - [2024-03-04T16:07:19.488+0000] {dag.py:3047} INFO - Sync 1 DAGs
[2024-03-04T16:07:19.493+0000] {logging_mixin.py:188} INFO - [2024-03-04T16:07:19.493+0000] {dag.py:3834} INFO - Setting next_dagrun for example_sensor_decorator to None, run_after=None
[2024-03-04T16:07:19.501+0000] {processor.py:183} INFO - Processing /home/airflow/.local/lib/python3.11/site-packages/airflow/example_dags/example_sensor_decorator.py took 0.038 seconds
[2024-03-04T16:07:50.128+0000] {processor.py:161} INFO - Started process (PID=1767) to work on /home/airflow/.local/lib/python3.11/site-packages/airflow/example_dags/example_sensor_decorator.py
[2024-03-04T16:07:50.130+0000] {processor.py:830} INFO - Processing file /home/airflow/.local/lib/python3.11/site-packages/airflow/example_dags/example_sensor_decorator.py for tasks to queue
[2024-03-04T16:07:50.132+0000] {logging_mixin.py:188} INFO - [2024-03-04T16:07:50.132+0000] {dagbag.py:540} INFO - Filling up the DagBag from /home/airflow/.local/lib/python3.11/site-packages/airflow/example_dags/example_sensor_decorator.py
[2024-03-04T16:07:50.140+0000] {processor.py:840} INFO - DAG(s) 'example_sensor_decorator' retrieved from /home/airflow/.local/lib/python3.11/site-packages/airflow/example_dags/example_sensor_decorator.py
[2024-03-04T16:07:50.157+0000] {logging_mixin.py:188} INFO - [2024-03-04T16:07:50.157+0000] {dag.py:3047} INFO - Sync 1 DAGs
[2024-03-04T16:07:50.164+0000] {logging_mixin.py:188} INFO - [2024-03-04T16:07:50.163+0000] {dag.py:3834} INFO - Setting next_dagrun for example_sensor_decorator to None, run_after=None
[2024-03-04T16:07:50.172+0000] {processor.py:183} INFO - Processing /home/airflow/.local/lib/python3.11/site-packages/airflow/example_dags/example_sensor_decorator.py took 0.049 seconds
[2024-03-04T16:08:20.831+0000] {processor.py:161} INFO - Started process (PID=1822) to work on /home/airflow/.local/lib/python3.11/site-packages/airflow/example_dags/example_sensor_decorator.py
[2024-03-04T16:08:20.834+0000] {processor.py:830} INFO - Processing file /home/airflow/.local/lib/python3.11/site-packages/airflow/example_dags/example_sensor_decorator.py for tasks to queue
[2024-03-04T16:08:20.836+0000] {logging_mixin.py:188} INFO - [2024-03-04T16:08:20.836+0000] {dagbag.py:540} INFO - Filling up the DagBag from /home/airflow/.local/lib/python3.11/site-packages/airflow/example_dags/example_sensor_decorator.py
[2024-03-04T16:08:20.843+0000] {processor.py:840} INFO - DAG(s) 'example_sensor_decorator' retrieved from /home/airflow/.local/lib/python3.11/site-packages/airflow/example_dags/example_sensor_decorator.py
[2024-03-04T16:08:20.857+0000] {logging_mixin.py:188} INFO - [2024-03-04T16:08:20.857+0000] {dag.py:3047} INFO - Sync 1 DAGs
[2024-03-04T16:08:20.863+0000] {logging_mixin.py:188} INFO - [2024-03-04T16:08:20.863+0000] {dag.py:3834} INFO - Setting next_dagrun for example_sensor_decorator to None, run_after=None
[2024-03-04T16:08:20.872+0000] {processor.py:183} INFO - Processing /home/airflow/.local/lib/python3.11/site-packages/airflow/example_dags/example_sensor_decorator.py took 0.047 seconds
[2024-03-04T16:08:51.539+0000] {processor.py:161} INFO - Started process (PID=1877) to work on /home/airflow/.local/lib/python3.11/site-packages/airflow/example_dags/example_sensor_decorator.py
[2024-03-04T16:08:51.541+0000] {processor.py:830} INFO - Processing file /home/airflow/.local/lib/python3.11/site-packages/airflow/example_dags/example_sensor_decorator.py for tasks to queue
[2024-03-04T16:08:51.544+0000] {logging_mixin.py:188} INFO - [2024-03-04T16:08:51.544+0000] {dagbag.py:540} INFO - Filling up the DagBag from /home/airflow/.local/lib/python3.11/site-packages/airflow/example_dags/example_sensor_decorator.py
[2024-03-04T16:08:51.552+0000] {processor.py:840} INFO - DAG(s) 'example_sensor_decorator' retrieved from /home/airflow/.local/lib/python3.11/site-packages/airflow/example_dags/example_sensor_decorator.py
[2024-03-04T16:08:51.565+0000] {logging_mixin.py:188} INFO - [2024-03-04T16:08:51.565+0000] {dag.py:3047} INFO - Sync 1 DAGs
[2024-03-04T16:08:51.572+0000] {logging_mixin.py:188} INFO - [2024-03-04T16:08:51.572+0000] {dag.py:3834} INFO - Setting next_dagrun for example_sensor_decorator to None, run_after=None
[2024-03-04T16:08:51.580+0000] {processor.py:183} INFO - Processing /home/airflow/.local/lib/python3.11/site-packages/airflow/example_dags/example_sensor_decorator.py took 0.046 seconds
[2024-03-04T16:09:22.094+0000] {processor.py:161} INFO - Started process (PID=1932) to work on /home/airflow/.local/lib/python3.11/site-packages/airflow/example_dags/example_sensor_decorator.py
[2024-03-04T16:09:22.096+0000] {processor.py:830} INFO - Processing file /home/airflow/.local/lib/python3.11/site-packages/airflow/example_dags/example_sensor_decorator.py for tasks to queue
[2024-03-04T16:09:22.098+0000] {logging_mixin.py:188} INFO - [2024-03-04T16:09:22.098+0000] {dagbag.py:540} INFO - Filling up the DagBag from /home/airflow/.local/lib/python3.11/site-packages/airflow/example_dags/example_sensor_decorator.py
[2024-03-04T16:09:22.105+0000] {processor.py:840} INFO - DAG(s) 'example_sensor_decorator' retrieved from /home/airflow/.local/lib/python3.11/site-packages/airflow/example_dags/example_sensor_decorator.py
[2024-03-04T16:09:22.119+0000] {logging_mixin.py:188} INFO - [2024-03-04T16:09:22.119+0000] {dag.py:3047} INFO - Sync 1 DAGs
[2024-03-04T16:09:22.127+0000] {logging_mixin.py:188} INFO - [2024-03-04T16:09:22.127+0000] {dag.py:3834} INFO - Setting next_dagrun for example_sensor_decorator to None, run_after=None
[2024-03-04T16:09:22.138+0000] {processor.py:183} INFO - Processing /home/airflow/.local/lib/python3.11/site-packages/airflow/example_dags/example_sensor_decorator.py took 0.047 seconds
[2024-03-04T16:09:52.876+0000] {processor.py:161} INFO - Started process (PID=1987) to work on /home/airflow/.local/lib/python3.11/site-packages/airflow/example_dags/example_sensor_decorator.py
[2024-03-04T16:09:52.878+0000] {processor.py:830} INFO - Processing file /home/airflow/.local/lib/python3.11/site-packages/airflow/example_dags/example_sensor_decorator.py for tasks to queue
[2024-03-04T16:09:52.884+0000] {logging_mixin.py:188} INFO - [2024-03-04T16:09:52.883+0000] {dagbag.py:540} INFO - Filling up the DagBag from /home/airflow/.local/lib/python3.11/site-packages/airflow/example_dags/example_sensor_decorator.py
[2024-03-04T16:09:52.895+0000] {processor.py:840} INFO - DAG(s) 'example_sensor_decorator' retrieved from /home/airflow/.local/lib/python3.11/site-packages/airflow/example_dags/example_sensor_decorator.py
[2024-03-04T16:09:52.912+0000] {logging_mixin.py:188} INFO - [2024-03-04T16:09:52.912+0000] {dag.py:3047} INFO - Sync 1 DAGs
[2024-03-04T16:09:52.920+0000] {logging_mixin.py:188} INFO - [2024-03-04T16:09:52.920+0000] {dag.py:3834} INFO - Setting next_dagrun for example_sensor_decorator to None, run_after=None
[2024-03-04T16:09:52.929+0000] {processor.py:183} INFO - Processing /home/airflow/.local/lib/python3.11/site-packages/airflow/example_dags/example_sensor_decorator.py took 0.060 seconds
[2024-03-04T16:10:23.422+0000] {processor.py:161} INFO - Started process (PID=2042) to work on /home/airflow/.local/lib/python3.11/site-packages/airflow/example_dags/example_sensor_decorator.py
[2024-03-04T16:10:23.424+0000] {processor.py:830} INFO - Processing file /home/airflow/.local/lib/python3.11/site-packages/airflow/example_dags/example_sensor_decorator.py for tasks to queue
[2024-03-04T16:10:23.427+0000] {logging_mixin.py:188} INFO - [2024-03-04T16:10:23.426+0000] {dagbag.py:540} INFO - Filling up the DagBag from /home/airflow/.local/lib/python3.11/site-packages/airflow/example_dags/example_sensor_decorator.py
[2024-03-04T16:10:23.434+0000] {processor.py:840} INFO - DAG(s) 'example_sensor_decorator' retrieved from /home/airflow/.local/lib/python3.11/site-packages/airflow/example_dags/example_sensor_decorator.py
[2024-03-04T16:10:23.448+0000] {logging_mixin.py:188} INFO - [2024-03-04T16:10:23.448+0000] {dag.py:3047} INFO - Sync 1 DAGs
[2024-03-04T16:10:23.455+0000] {logging_mixin.py:188} INFO - [2024-03-04T16:10:23.455+0000] {dag.py:3834} INFO - Setting next_dagrun for example_sensor_decorator to None, run_after=None
[2024-03-04T16:10:23.463+0000] {processor.py:183} INFO - Processing /home/airflow/.local/lib/python3.11/site-packages/airflow/example_dags/example_sensor_decorator.py took 0.047 seconds
[2024-03-04T16:10:54.030+0000] {processor.py:161} INFO - Started process (PID=2097) to work on /home/airflow/.local/lib/python3.11/site-packages/airflow/example_dags/example_sensor_decorator.py
[2024-03-04T16:10:54.032+0000] {processor.py:830} INFO - Processing file /home/airflow/.local/lib/python3.11/site-packages/airflow/example_dags/example_sensor_decorator.py for tasks to queue
[2024-03-04T16:10:54.035+0000] {logging_mixin.py:188} INFO - [2024-03-04T16:10:54.034+0000] {dagbag.py:540} INFO - Filling up the DagBag from /home/airflow/.local/lib/python3.11/site-packages/airflow/example_dags/example_sensor_decorator.py
[2024-03-04T16:10:54.043+0000] {processor.py:840} INFO - DAG(s) 'example_sensor_decorator' retrieved from /home/airflow/.local/lib/python3.11/site-packages/airflow/example_dags/example_sensor_decorator.py
[2024-03-04T16:10:54.055+0000] {logging_mixin.py:188} INFO - [2024-03-04T16:10:54.055+0000] {dag.py:3047} INFO - Sync 1 DAGs
[2024-03-04T16:10:54.062+0000] {logging_mixin.py:188} INFO - [2024-03-04T16:10:54.062+0000] {dag.py:3834} INFO - Setting next_dagrun for example_sensor_decorator to None, run_after=None
[2024-03-04T16:10:54.069+0000] {processor.py:183} INFO - Processing /home/airflow/.local/lib/python3.11/site-packages/airflow/example_dags/example_sensor_decorator.py took 0.044 seconds
[2024-03-04T16:11:24.796+0000] {processor.py:161} INFO - Started process (PID=2152) to work on /home/airflow/.local/lib/python3.11/site-packages/airflow/example_dags/example_sensor_decorator.py
[2024-03-04T16:11:24.799+0000] {processor.py:830} INFO - Processing file /home/airflow/.local/lib/python3.11/site-packages/airflow/example_dags/example_sensor_decorator.py for tasks to queue
[2024-03-04T16:11:24.801+0000] {logging_mixin.py:188} INFO - [2024-03-04T16:11:24.801+0000] {dagbag.py:540} INFO - Filling up the DagBag from /home/airflow/.local/lib/python3.11/site-packages/airflow/example_dags/example_sensor_decorator.py
[2024-03-04T16:11:24.809+0000] {processor.py:840} INFO - DAG(s) 'example_sensor_decorator' retrieved from /home/airflow/.local/lib/python3.11/site-packages/airflow/example_dags/example_sensor_decorator.py
[2024-03-04T16:11:24.821+0000] {logging_mixin.py:188} INFO - [2024-03-04T16:11:24.821+0000] {dag.py:3047} INFO - Sync 1 DAGs
[2024-03-04T16:11:24.828+0000] {logging_mixin.py:188} INFO - [2024-03-04T16:11:24.828+0000] {dag.py:3834} INFO - Setting next_dagrun for example_sensor_decorator to None, run_after=None
[2024-03-04T16:11:24.837+0000] {processor.py:183} INFO - Processing /home/airflow/.local/lib/python3.11/site-packages/airflow/example_dags/example_sensor_decorator.py took 0.044 seconds
[2024-03-04T16:11:55.458+0000] {processor.py:161} INFO - Started process (PID=2207) to work on /home/airflow/.local/lib/python3.11/site-packages/airflow/example_dags/example_sensor_decorator.py
[2024-03-04T16:11:55.459+0000] {processor.py:830} INFO - Processing file /home/airflow/.local/lib/python3.11/site-packages/airflow/example_dags/example_sensor_decorator.py for tasks to queue
[2024-03-04T16:11:55.462+0000] {logging_mixin.py:188} INFO - [2024-03-04T16:11:55.462+0000] {dagbag.py:540} INFO - Filling up the DagBag from /home/airflow/.local/lib/python3.11/site-packages/airflow/example_dags/example_sensor_decorator.py
[2024-03-04T16:11:55.470+0000] {processor.py:840} INFO - DAG(s) 'example_sensor_decorator' retrieved from /home/airflow/.local/lib/python3.11/site-packages/airflow/example_dags/example_sensor_decorator.py
[2024-03-04T16:11:55.484+0000] {logging_mixin.py:188} INFO - [2024-03-04T16:11:55.483+0000] {dag.py:3047} INFO - Sync 1 DAGs
[2024-03-04T16:11:55.490+0000] {logging_mixin.py:188} INFO - [2024-03-04T16:11:55.490+0000] {dag.py:3834} INFO - Setting next_dagrun for example_sensor_decorator to None, run_after=None
[2024-03-04T16:11:55.499+0000] {processor.py:183} INFO - Processing /home/airflow/.local/lib/python3.11/site-packages/airflow/example_dags/example_sensor_decorator.py took 0.046 seconds
[2024-03-04T16:12:26.155+0000] {processor.py:161} INFO - Started process (PID=2262) to work on /home/airflow/.local/lib/python3.11/site-packages/airflow/example_dags/example_sensor_decorator.py
[2024-03-04T16:12:26.157+0000] {processor.py:830} INFO - Processing file /home/airflow/.local/lib/python3.11/site-packages/airflow/example_dags/example_sensor_decorator.py for tasks to queue
[2024-03-04T16:12:26.160+0000] {logging_mixin.py:188} INFO - [2024-03-04T16:12:26.159+0000] {dagbag.py:540} INFO - Filling up the DagBag from /home/airflow/.local/lib/python3.11/site-packages/airflow/example_dags/example_sensor_decorator.py
[2024-03-04T16:12:26.166+0000] {processor.py:840} INFO - DAG(s) 'example_sensor_decorator' retrieved from /home/airflow/.local/lib/python3.11/site-packages/airflow/example_dags/example_sensor_decorator.py
[2024-03-04T16:12:26.195+0000] {logging_mixin.py:188} INFO - [2024-03-04T16:12:26.194+0000] {dag.py:3047} INFO - Sync 1 DAGs
[2024-03-04T16:12:26.200+0000] {logging_mixin.py:188} INFO - [2024-03-04T16:12:26.200+0000] {dag.py:3834} INFO - Setting next_dagrun for example_sensor_decorator to None, run_after=None
[2024-03-04T16:12:26.209+0000] {processor.py:183} INFO - Processing /home/airflow/.local/lib/python3.11/site-packages/airflow/example_dags/example_sensor_decorator.py took 0.059 seconds
[2024-03-04T16:12:56.766+0000] {processor.py:161} INFO - Started process (PID=2317) to work on /home/airflow/.local/lib/python3.11/site-packages/airflow/example_dags/example_sensor_decorator.py
[2024-03-04T16:12:56.768+0000] {processor.py:830} INFO - Processing file /home/airflow/.local/lib/python3.11/site-packages/airflow/example_dags/example_sensor_decorator.py for tasks to queue
[2024-03-04T16:12:56.770+0000] {logging_mixin.py:188} INFO - [2024-03-04T16:12:56.770+0000] {dagbag.py:540} INFO - Filling up the DagBag from /home/airflow/.local/lib/python3.11/site-packages/airflow/example_dags/example_sensor_decorator.py
[2024-03-04T16:12:56.778+0000] {processor.py:840} INFO - DAG(s) 'example_sensor_decorator' retrieved from /home/airflow/.local/lib/python3.11/site-packages/airflow/example_dags/example_sensor_decorator.py
[2024-03-04T16:12:56.793+0000] {logging_mixin.py:188} INFO - [2024-03-04T16:12:56.793+0000] {dag.py:3047} INFO - Sync 1 DAGs
[2024-03-04T16:12:56.800+0000] {logging_mixin.py:188} INFO - [2024-03-04T16:12:56.800+0000] {dag.py:3834} INFO - Setting next_dagrun for example_sensor_decorator to None, run_after=None
[2024-03-04T16:12:56.809+0000] {processor.py:183} INFO - Processing /home/airflow/.local/lib/python3.11/site-packages/airflow/example_dags/example_sensor_decorator.py took 0.048 seconds
[2024-03-04T16:13:27.406+0000] {processor.py:161} INFO - Started process (PID=2372) to work on /home/airflow/.local/lib/python3.11/site-packages/airflow/example_dags/example_sensor_decorator.py
[2024-03-04T16:13:27.408+0000] {processor.py:830} INFO - Processing file /home/airflow/.local/lib/python3.11/site-packages/airflow/example_dags/example_sensor_decorator.py for tasks to queue
[2024-03-04T16:13:27.411+0000] {logging_mixin.py:188} INFO - [2024-03-04T16:13:27.410+0000] {dagbag.py:540} INFO - Filling up the DagBag from /home/airflow/.local/lib/python3.11/site-packages/airflow/example_dags/example_sensor_decorator.py
[2024-03-04T16:13:27.418+0000] {processor.py:840} INFO - DAG(s) 'example_sensor_decorator' retrieved from /home/airflow/.local/lib/python3.11/site-packages/airflow/example_dags/example_sensor_decorator.py
[2024-03-04T16:13:27.434+0000] {logging_mixin.py:188} INFO - [2024-03-04T16:13:27.434+0000] {dag.py:3047} INFO - Sync 1 DAGs
[2024-03-04T16:13:27.441+0000] {logging_mixin.py:188} INFO - [2024-03-04T16:13:27.440+0000] {dag.py:3834} INFO - Setting next_dagrun for example_sensor_decorator to None, run_after=None
[2024-03-04T16:13:27.450+0000] {processor.py:183} INFO - Processing /home/airflow/.local/lib/python3.11/site-packages/airflow/example_dags/example_sensor_decorator.py took 0.050 seconds
[2024-03-04T16:13:58.196+0000] {processor.py:161} INFO - Started process (PID=2427) to work on /home/airflow/.local/lib/python3.11/site-packages/airflow/example_dags/example_sensor_decorator.py
[2024-03-04T16:13:58.199+0000] {processor.py:830} INFO - Processing file /home/airflow/.local/lib/python3.11/site-packages/airflow/example_dags/example_sensor_decorator.py for tasks to queue
[2024-03-04T16:13:58.202+0000] {logging_mixin.py:188} INFO - [2024-03-04T16:13:58.201+0000] {dagbag.py:540} INFO - Filling up the DagBag from /home/airflow/.local/lib/python3.11/site-packages/airflow/example_dags/example_sensor_decorator.py
[2024-03-04T16:13:58.209+0000] {processor.py:840} INFO - DAG(s) 'example_sensor_decorator' retrieved from /home/airflow/.local/lib/python3.11/site-packages/airflow/example_dags/example_sensor_decorator.py
[2024-03-04T16:13:58.231+0000] {logging_mixin.py:188} INFO - [2024-03-04T16:13:58.231+0000] {dag.py:3047} INFO - Sync 1 DAGs
[2024-03-04T16:13:58.237+0000] {logging_mixin.py:188} INFO - [2024-03-04T16:13:58.237+0000] {dag.py:3834} INFO - Setting next_dagrun for example_sensor_decorator to None, run_after=None
[2024-03-04T16:13:58.246+0000] {processor.py:183} INFO - Processing /home/airflow/.local/lib/python3.11/site-packages/airflow/example_dags/example_sensor_decorator.py took 0.054 seconds
[2024-03-04T16:14:28.933+0000] {processor.py:161} INFO - Started process (PID=2482) to work on /home/airflow/.local/lib/python3.11/site-packages/airflow/example_dags/example_sensor_decorator.py
[2024-03-04T16:14:28.935+0000] {processor.py:830} INFO - Processing file /home/airflow/.local/lib/python3.11/site-packages/airflow/example_dags/example_sensor_decorator.py for tasks to queue
[2024-03-04T16:14:28.937+0000] {logging_mixin.py:188} INFO - [2024-03-04T16:14:28.937+0000] {dagbag.py:540} INFO - Filling up the DagBag from /home/airflow/.local/lib/python3.11/site-packages/airflow/example_dags/example_sensor_decorator.py
[2024-03-04T16:14:28.944+0000] {processor.py:840} INFO - DAG(s) 'example_sensor_decorator' retrieved from /home/airflow/.local/lib/python3.11/site-packages/airflow/example_dags/example_sensor_decorator.py
[2024-03-04T16:14:28.958+0000] {logging_mixin.py:188} INFO - [2024-03-04T16:14:28.958+0000] {dag.py:3047} INFO - Sync 1 DAGs
[2024-03-04T16:14:28.964+0000] {logging_mixin.py:188} INFO - [2024-03-04T16:14:28.964+0000] {dag.py:3834} INFO - Setting next_dagrun for example_sensor_decorator to None, run_after=None
[2024-03-04T16:14:28.973+0000] {processor.py:183} INFO - Processing /home/airflow/.local/lib/python3.11/site-packages/airflow/example_dags/example_sensor_decorator.py took 0.046 seconds
[2024-03-04T16:14:59.641+0000] {processor.py:161} INFO - Started process (PID=2537) to work on /home/airflow/.local/lib/python3.11/site-packages/airflow/example_dags/example_sensor_decorator.py
[2024-03-04T16:14:59.644+0000] {processor.py:830} INFO - Processing file /home/airflow/.local/lib/python3.11/site-packages/airflow/example_dags/example_sensor_decorator.py for tasks to queue
[2024-03-04T16:14:59.646+0000] {logging_mixin.py:188} INFO - [2024-03-04T16:14:59.646+0000] {dagbag.py:540} INFO - Filling up the DagBag from /home/airflow/.local/lib/python3.11/site-packages/airflow/example_dags/example_sensor_decorator.py
[2024-03-04T16:14:59.651+0000] {processor.py:840} INFO - DAG(s) 'example_sensor_decorator' retrieved from /home/airflow/.local/lib/python3.11/site-packages/airflow/example_dags/example_sensor_decorator.py
[2024-03-04T16:14:59.663+0000] {logging_mixin.py:188} INFO - [2024-03-04T16:14:59.663+0000] {dag.py:3047} INFO - Sync 1 DAGs
[2024-03-04T16:14:59.669+0000] {logging_mixin.py:188} INFO - [2024-03-04T16:14:59.669+0000] {dag.py:3834} INFO - Setting next_dagrun for example_sensor_decorator to None, run_after=None
[2024-03-04T16:14:59.678+0000] {processor.py:183} INFO - Processing /home/airflow/.local/lib/python3.11/site-packages/airflow/example_dags/example_sensor_decorator.py took 0.043 seconds
[2024-03-04T16:15:30.169+0000] {processor.py:161} INFO - Started process (PID=2592) to work on /home/airflow/.local/lib/python3.11/site-packages/airflow/example_dags/example_sensor_decorator.py
[2024-03-04T16:15:30.171+0000] {processor.py:830} INFO - Processing file /home/airflow/.local/lib/python3.11/site-packages/airflow/example_dags/example_sensor_decorator.py for tasks to queue
[2024-03-04T16:15:30.175+0000] {logging_mixin.py:188} INFO - [2024-03-04T16:15:30.174+0000] {dagbag.py:540} INFO - Filling up the DagBag from /home/airflow/.local/lib/python3.11/site-packages/airflow/example_dags/example_sensor_decorator.py
[2024-03-04T16:15:30.184+0000] {processor.py:840} INFO - DAG(s) 'example_sensor_decorator' retrieved from /home/airflow/.local/lib/python3.11/site-packages/airflow/example_dags/example_sensor_decorator.py
[2024-03-04T16:15:30.199+0000] {logging_mixin.py:188} INFO - [2024-03-04T16:15:30.199+0000] {dag.py:3047} INFO - Sync 1 DAGs
[2024-03-04T16:15:30.206+0000] {logging_mixin.py:188} INFO - [2024-03-04T16:15:30.206+0000] {dag.py:3834} INFO - Setting next_dagrun for example_sensor_decorator to None, run_after=None
[2024-03-04T16:15:30.215+0000] {processor.py:183} INFO - Processing /home/airflow/.local/lib/python3.11/site-packages/airflow/example_dags/example_sensor_decorator.py took 0.052 seconds
[2024-03-04T16:16:01.051+0000] {processor.py:161} INFO - Started process (PID=2647) to work on /home/airflow/.local/lib/python3.11/site-packages/airflow/example_dags/example_sensor_decorator.py
[2024-03-04T16:16:01.052+0000] {processor.py:830} INFO - Processing file /home/airflow/.local/lib/python3.11/site-packages/airflow/example_dags/example_sensor_decorator.py for tasks to queue
[2024-03-04T16:16:01.054+0000] {logging_mixin.py:188} INFO - [2024-03-04T16:16:01.054+0000] {dagbag.py:540} INFO - Filling up the DagBag from /home/airflow/.local/lib/python3.11/site-packages/airflow/example_dags/example_sensor_decorator.py
[2024-03-04T16:16:01.060+0000] {processor.py:840} INFO - DAG(s) 'example_sensor_decorator' retrieved from /home/airflow/.local/lib/python3.11/site-packages/airflow/example_dags/example_sensor_decorator.py
[2024-03-04T16:16:01.074+0000] {logging_mixin.py:188} INFO - [2024-03-04T16:16:01.074+0000] {dag.py:3047} INFO - Sync 1 DAGs
[2024-03-04T16:16:01.081+0000] {logging_mixin.py:188} INFO - [2024-03-04T16:16:01.080+0000] {dag.py:3834} INFO - Setting next_dagrun for example_sensor_decorator to None, run_after=None
[2024-03-04T16:16:01.089+0000] {processor.py:183} INFO - Processing /home/airflow/.local/lib/python3.11/site-packages/airflow/example_dags/example_sensor_decorator.py took 0.044 seconds
[2024-03-04T16:16:31.223+0000] {processor.py:161} INFO - Started process (PID=2702) to work on /home/airflow/.local/lib/python3.11/site-packages/airflow/example_dags/example_sensor_decorator.py
[2024-03-04T16:16:31.224+0000] {processor.py:830} INFO - Processing file /home/airflow/.local/lib/python3.11/site-packages/airflow/example_dags/example_sensor_decorator.py for tasks to queue
[2024-03-04T16:16:31.225+0000] {logging_mixin.py:188} INFO - [2024-03-04T16:16:31.225+0000] {dagbag.py:540} INFO - Filling up the DagBag from /home/airflow/.local/lib/python3.11/site-packages/airflow/example_dags/example_sensor_decorator.py
[2024-03-04T16:16:31.229+0000] {processor.py:840} INFO - DAG(s) 'example_sensor_decorator' retrieved from /home/airflow/.local/lib/python3.11/site-packages/airflow/example_dags/example_sensor_decorator.py
[2024-03-04T16:16:31.241+0000] {logging_mixin.py:188} INFO - [2024-03-04T16:16:31.241+0000] {dag.py:3047} INFO - Sync 1 DAGs
[2024-03-04T16:16:31.249+0000] {logging_mixin.py:188} INFO - [2024-03-04T16:16:31.249+0000] {dag.py:3834} INFO - Setting next_dagrun for example_sensor_decorator to None, run_after=None
[2024-03-04T16:16:31.258+0000] {processor.py:183} INFO - Processing /home/airflow/.local/lib/python3.11/site-packages/airflow/example_dags/example_sensor_decorator.py took 0.036 seconds
[2024-03-04T16:17:01.290+0000] {processor.py:161} INFO - Started process (PID=2757) to work on /home/airflow/.local/lib/python3.11/site-packages/airflow/example_dags/example_sensor_decorator.py
[2024-03-04T16:17:01.290+0000] {processor.py:830} INFO - Processing file /home/airflow/.local/lib/python3.11/site-packages/airflow/example_dags/example_sensor_decorator.py for tasks to queue
[2024-03-04T16:17:01.291+0000] {logging_mixin.py:188} INFO - [2024-03-04T16:17:01.291+0000] {dagbag.py:540} INFO - Filling up the DagBag from /home/airflow/.local/lib/python3.11/site-packages/airflow/example_dags/example_sensor_decorator.py
[2024-03-04T16:17:01.294+0000] {processor.py:840} INFO - DAG(s) 'example_sensor_decorator' retrieved from /home/airflow/.local/lib/python3.11/site-packages/airflow/example_dags/example_sensor_decorator.py
[2024-03-04T16:17:01.302+0000] {logging_mixin.py:188} INFO - [2024-03-04T16:17:01.301+0000] {dag.py:3047} INFO - Sync 1 DAGs
[2024-03-04T16:17:01.306+0000] {logging_mixin.py:188} INFO - [2024-03-04T16:17:01.306+0000] {dag.py:3834} INFO - Setting next_dagrun for example_sensor_decorator to None, run_after=None
[2024-03-04T16:17:01.312+0000] {processor.py:183} INFO - Processing /home/airflow/.local/lib/python3.11/site-packages/airflow/example_dags/example_sensor_decorator.py took 0.024 seconds
[2024-03-04T16:17:32.166+0000] {processor.py:161} INFO - Started process (PID=2812) to work on /home/airflow/.local/lib/python3.11/site-packages/airflow/example_dags/example_sensor_decorator.py
[2024-03-04T16:17:32.167+0000] {processor.py:830} INFO - Processing file /home/airflow/.local/lib/python3.11/site-packages/airflow/example_dags/example_sensor_decorator.py for tasks to queue
[2024-03-04T16:17:32.168+0000] {logging_mixin.py:188} INFO - [2024-03-04T16:17:32.167+0000] {dagbag.py:540} INFO - Filling up the DagBag from /home/airflow/.local/lib/python3.11/site-packages/airflow/example_dags/example_sensor_decorator.py
[2024-03-04T16:17:32.171+0000] {processor.py:840} INFO - DAG(s) 'example_sensor_decorator' retrieved from /home/airflow/.local/lib/python3.11/site-packages/airflow/example_dags/example_sensor_decorator.py
[2024-03-04T16:17:32.179+0000] {logging_mixin.py:188} INFO - [2024-03-04T16:17:32.179+0000] {dag.py:3047} INFO - Sync 1 DAGs
[2024-03-04T16:17:32.184+0000] {logging_mixin.py:188} INFO - [2024-03-04T16:17:32.184+0000] {dag.py:3834} INFO - Setting next_dagrun for example_sensor_decorator to None, run_after=None
[2024-03-04T16:17:32.190+0000] {processor.py:183} INFO - Processing /home/airflow/.local/lib/python3.11/site-packages/airflow/example_dags/example_sensor_decorator.py took 0.025 seconds
[2024-03-04T16:18:02.533+0000] {processor.py:161} INFO - Started process (PID=2867) to work on /home/airflow/.local/lib/python3.11/site-packages/airflow/example_dags/example_sensor_decorator.py
[2024-03-04T16:18:02.534+0000] {processor.py:830} INFO - Processing file /home/airflow/.local/lib/python3.11/site-packages/airflow/example_dags/example_sensor_decorator.py for tasks to queue
[2024-03-04T16:18:02.535+0000] {logging_mixin.py:188} INFO - [2024-03-04T16:18:02.534+0000] {dagbag.py:540} INFO - Filling up the DagBag from /home/airflow/.local/lib/python3.11/site-packages/airflow/example_dags/example_sensor_decorator.py
[2024-03-04T16:18:02.538+0000] {processor.py:840} INFO - DAG(s) 'example_sensor_decorator' retrieved from /home/airflow/.local/lib/python3.11/site-packages/airflow/example_dags/example_sensor_decorator.py
[2024-03-04T16:18:02.547+0000] {logging_mixin.py:188} INFO - [2024-03-04T16:18:02.547+0000] {dag.py:3047} INFO - Sync 1 DAGs
[2024-03-04T16:18:02.551+0000] {logging_mixin.py:188} INFO - [2024-03-04T16:18:02.551+0000] {dag.py:3834} INFO - Setting next_dagrun for example_sensor_decorator to None, run_after=None
[2024-03-04T16:18:02.559+0000] {processor.py:183} INFO - Processing /home/airflow/.local/lib/python3.11/site-packages/airflow/example_dags/example_sensor_decorator.py took 0.027 seconds
[2024-03-04T16:18:32.911+0000] {processor.py:161} INFO - Started process (PID=2922) to work on /home/airflow/.local/lib/python3.11/site-packages/airflow/example_dags/example_sensor_decorator.py
[2024-03-04T16:18:32.912+0000] {processor.py:830} INFO - Processing file /home/airflow/.local/lib/python3.11/site-packages/airflow/example_dags/example_sensor_decorator.py for tasks to queue
[2024-03-04T16:18:32.913+0000] {logging_mixin.py:188} INFO - [2024-03-04T16:18:32.913+0000] {dagbag.py:540} INFO - Filling up the DagBag from /home/airflow/.local/lib/python3.11/site-packages/airflow/example_dags/example_sensor_decorator.py
[2024-03-04T16:18:32.916+0000] {processor.py:840} INFO - DAG(s) 'example_sensor_decorator' retrieved from /home/airflow/.local/lib/python3.11/site-packages/airflow/example_dags/example_sensor_decorator.py
[2024-03-04T16:18:32.924+0000] {logging_mixin.py:188} INFO - [2024-03-04T16:18:32.924+0000] {dag.py:3047} INFO - Sync 1 DAGs
[2024-03-04T16:18:32.928+0000] {logging_mixin.py:188} INFO - [2024-03-04T16:18:32.928+0000] {dag.py:3834} INFO - Setting next_dagrun for example_sensor_decorator to None, run_after=None
[2024-03-04T16:18:32.934+0000] {processor.py:183} INFO - Processing /home/airflow/.local/lib/python3.11/site-packages/airflow/example_dags/example_sensor_decorator.py took 0.024 seconds
[2024-03-04T16:19:03.034+0000] {processor.py:161} INFO - Started process (PID=2977) to work on /home/airflow/.local/lib/python3.11/site-packages/airflow/example_dags/example_sensor_decorator.py
[2024-03-04T16:19:03.035+0000] {processor.py:830} INFO - Processing file /home/airflow/.local/lib/python3.11/site-packages/airflow/example_dags/example_sensor_decorator.py for tasks to queue
[2024-03-04T16:19:03.037+0000] {logging_mixin.py:188} INFO - [2024-03-04T16:19:03.036+0000] {dagbag.py:540} INFO - Filling up the DagBag from /home/airflow/.local/lib/python3.11/site-packages/airflow/example_dags/example_sensor_decorator.py
[2024-03-04T16:19:03.042+0000] {processor.py:840} INFO - DAG(s) 'example_sensor_decorator' retrieved from /home/airflow/.local/lib/python3.11/site-packages/airflow/example_dags/example_sensor_decorator.py
[2024-03-04T16:19:03.065+0000] {logging_mixin.py:188} INFO - [2024-03-04T16:19:03.065+0000] {dag.py:3047} INFO - Sync 1 DAGs
[2024-03-04T16:19:03.071+0000] {logging_mixin.py:188} INFO - [2024-03-04T16:19:03.071+0000] {dag.py:3834} INFO - Setting next_dagrun for example_sensor_decorator to None, run_after=None
[2024-03-04T16:19:03.078+0000] {processor.py:183} INFO - Processing /home/airflow/.local/lib/python3.11/site-packages/airflow/example_dags/example_sensor_decorator.py took 0.046 seconds
[2024-03-04T16:19:33.268+0000] {processor.py:161} INFO - Started process (PID=3032) to work on /home/airflow/.local/lib/python3.11/site-packages/airflow/example_dags/example_sensor_decorator.py
[2024-03-04T16:19:33.268+0000] {processor.py:830} INFO - Processing file /home/airflow/.local/lib/python3.11/site-packages/airflow/example_dags/example_sensor_decorator.py for tasks to queue
[2024-03-04T16:19:33.269+0000] {logging_mixin.py:188} INFO - [2024-03-04T16:19:33.269+0000] {dagbag.py:540} INFO - Filling up the DagBag from /home/airflow/.local/lib/python3.11/site-packages/airflow/example_dags/example_sensor_decorator.py
[2024-03-04T16:19:33.273+0000] {processor.py:840} INFO - DAG(s) 'example_sensor_decorator' retrieved from /home/airflow/.local/lib/python3.11/site-packages/airflow/example_dags/example_sensor_decorator.py
[2024-03-04T16:19:33.281+0000] {logging_mixin.py:188} INFO - [2024-03-04T16:19:33.281+0000] {dag.py:3047} INFO - Sync 1 DAGs
[2024-03-04T16:19:33.286+0000] {logging_mixin.py:188} INFO - [2024-03-04T16:19:33.286+0000] {dag.py:3834} INFO - Setting next_dagrun for example_sensor_decorator to None, run_after=None
[2024-03-04T16:19:33.293+0000] {processor.py:183} INFO - Processing /home/airflow/.local/lib/python3.11/site-packages/airflow/example_dags/example_sensor_decorator.py took 0.027 seconds
[2024-03-04T16:20:03.606+0000] {processor.py:161} INFO - Started process (PID=3087) to work on /home/airflow/.local/lib/python3.11/site-packages/airflow/example_dags/example_sensor_decorator.py
[2024-03-04T16:20:03.608+0000] {processor.py:830} INFO - Processing file /home/airflow/.local/lib/python3.11/site-packages/airflow/example_dags/example_sensor_decorator.py for tasks to queue
[2024-03-04T16:20:03.610+0000] {logging_mixin.py:188} INFO - [2024-03-04T16:20:03.609+0000] {dagbag.py:540} INFO - Filling up the DagBag from /home/airflow/.local/lib/python3.11/site-packages/airflow/example_dags/example_sensor_decorator.py
[2024-03-04T16:20:03.615+0000] {processor.py:840} INFO - DAG(s) 'example_sensor_decorator' retrieved from /home/airflow/.local/lib/python3.11/site-packages/airflow/example_dags/example_sensor_decorator.py
[2024-03-04T16:20:03.625+0000] {logging_mixin.py:188} INFO - [2024-03-04T16:20:03.625+0000] {dag.py:3047} INFO - Sync 1 DAGs
[2024-03-04T16:20:03.632+0000] {logging_mixin.py:188} INFO - [2024-03-04T16:20:03.631+0000] {dag.py:3834} INFO - Setting next_dagrun for example_sensor_decorator to None, run_after=None
[2024-03-04T16:20:03.640+0000] {processor.py:183} INFO - Processing /home/airflow/.local/lib/python3.11/site-packages/airflow/example_dags/example_sensor_decorator.py took 0.036 seconds
[2024-03-04T16:20:34.059+0000] {processor.py:161} INFO - Started process (PID=3142) to work on /home/airflow/.local/lib/python3.11/site-packages/airflow/example_dags/example_sensor_decorator.py
[2024-03-04T16:20:34.060+0000] {processor.py:830} INFO - Processing file /home/airflow/.local/lib/python3.11/site-packages/airflow/example_dags/example_sensor_decorator.py for tasks to queue
[2024-03-04T16:20:34.060+0000] {logging_mixin.py:188} INFO - [2024-03-04T16:20:34.060+0000] {dagbag.py:540} INFO - Filling up the DagBag from /home/airflow/.local/lib/python3.11/site-packages/airflow/example_dags/example_sensor_decorator.py
[2024-03-04T16:20:34.063+0000] {processor.py:840} INFO - DAG(s) 'example_sensor_decorator' retrieved from /home/airflow/.local/lib/python3.11/site-packages/airflow/example_dags/example_sensor_decorator.py
[2024-03-04T16:20:34.071+0000] {logging_mixin.py:188} INFO - [2024-03-04T16:20:34.071+0000] {dag.py:3047} INFO - Sync 1 DAGs
[2024-03-04T16:20:34.075+0000] {logging_mixin.py:188} INFO - [2024-03-04T16:20:34.075+0000] {dag.py:3834} INFO - Setting next_dagrun for example_sensor_decorator to None, run_after=None
[2024-03-04T16:20:34.082+0000] {processor.py:183} INFO - Processing /home/airflow/.local/lib/python3.11/site-packages/airflow/example_dags/example_sensor_decorator.py took 0.024 seconds
[2024-03-04T16:21:04.313+0000] {processor.py:161} INFO - Started process (PID=3197) to work on /home/airflow/.local/lib/python3.11/site-packages/airflow/example_dags/example_sensor_decorator.py
[2024-03-04T16:21:04.313+0000] {processor.py:830} INFO - Processing file /home/airflow/.local/lib/python3.11/site-packages/airflow/example_dags/example_sensor_decorator.py for tasks to queue
[2024-03-04T16:21:04.314+0000] {logging_mixin.py:188} INFO - [2024-03-04T16:21:04.314+0000] {dagbag.py:540} INFO - Filling up the DagBag from /home/airflow/.local/lib/python3.11/site-packages/airflow/example_dags/example_sensor_decorator.py
[2024-03-04T16:21:04.317+0000] {processor.py:840} INFO - DAG(s) 'example_sensor_decorator' retrieved from /home/airflow/.local/lib/python3.11/site-packages/airflow/example_dags/example_sensor_decorator.py
[2024-03-04T16:21:04.325+0000] {logging_mixin.py:188} INFO - [2024-03-04T16:21:04.325+0000] {dag.py:3047} INFO - Sync 1 DAGs
[2024-03-04T16:21:04.330+0000] {logging_mixin.py:188} INFO - [2024-03-04T16:21:04.330+0000] {dag.py:3834} INFO - Setting next_dagrun for example_sensor_decorator to None, run_after=None
[2024-03-04T16:21:04.336+0000] {processor.py:183} INFO - Processing /home/airflow/.local/lib/python3.11/site-packages/airflow/example_dags/example_sensor_decorator.py took 0.025 seconds
[2024-03-04T16:21:34.521+0000] {processor.py:161} INFO - Started process (PID=3252) to work on /home/airflow/.local/lib/python3.11/site-packages/airflow/example_dags/example_sensor_decorator.py
[2024-03-04T16:21:34.522+0000] {processor.py:830} INFO - Processing file /home/airflow/.local/lib/python3.11/site-packages/airflow/example_dags/example_sensor_decorator.py for tasks to queue
[2024-03-04T16:21:34.523+0000] {logging_mixin.py:188} INFO - [2024-03-04T16:21:34.523+0000] {dagbag.py:540} INFO - Filling up the DagBag from /home/airflow/.local/lib/python3.11/site-packages/airflow/example_dags/example_sensor_decorator.py
[2024-03-04T16:21:34.526+0000] {processor.py:840} INFO - DAG(s) 'example_sensor_decorator' retrieved from /home/airflow/.local/lib/python3.11/site-packages/airflow/example_dags/example_sensor_decorator.py
[2024-03-04T16:21:34.533+0000] {logging_mixin.py:188} INFO - [2024-03-04T16:21:34.533+0000] {dag.py:3047} INFO - Sync 1 DAGs
[2024-03-04T16:21:34.538+0000] {logging_mixin.py:188} INFO - [2024-03-04T16:21:34.537+0000] {dag.py:3834} INFO - Setting next_dagrun for example_sensor_decorator to None, run_after=None
[2024-03-04T16:21:34.545+0000] {processor.py:183} INFO - Processing /home/airflow/.local/lib/python3.11/site-packages/airflow/example_dags/example_sensor_decorator.py took 0.025 seconds
[2024-03-04T16:22:04.876+0000] {processor.py:161} INFO - Started process (PID=3307) to work on /home/airflow/.local/lib/python3.11/site-packages/airflow/example_dags/example_sensor_decorator.py
[2024-03-04T16:22:04.877+0000] {processor.py:830} INFO - Processing file /home/airflow/.local/lib/python3.11/site-packages/airflow/example_dags/example_sensor_decorator.py for tasks to queue
[2024-03-04T16:22:04.878+0000] {logging_mixin.py:188} INFO - [2024-03-04T16:22:04.878+0000] {dagbag.py:540} INFO - Filling up the DagBag from /home/airflow/.local/lib/python3.11/site-packages/airflow/example_dags/example_sensor_decorator.py
[2024-03-04T16:22:04.881+0000] {processor.py:840} INFO - DAG(s) 'example_sensor_decorator' retrieved from /home/airflow/.local/lib/python3.11/site-packages/airflow/example_dags/example_sensor_decorator.py
[2024-03-04T16:22:04.889+0000] {logging_mixin.py:188} INFO - [2024-03-04T16:22:04.889+0000] {dag.py:3047} INFO - Sync 1 DAGs
[2024-03-04T16:22:04.894+0000] {logging_mixin.py:188} INFO - [2024-03-04T16:22:04.894+0000] {dag.py:3834} INFO - Setting next_dagrun for example_sensor_decorator to None, run_after=None
[2024-03-04T16:22:04.901+0000] {processor.py:183} INFO - Processing /home/airflow/.local/lib/python3.11/site-packages/airflow/example_dags/example_sensor_decorator.py took 0.026 seconds
[2024-03-04T16:22:35.115+0000] {processor.py:161} INFO - Started process (PID=3362) to work on /home/airflow/.local/lib/python3.11/site-packages/airflow/example_dags/example_sensor_decorator.py
[2024-03-04T16:22:35.116+0000] {processor.py:830} INFO - Processing file /home/airflow/.local/lib/python3.11/site-packages/airflow/example_dags/example_sensor_decorator.py for tasks to queue
[2024-03-04T16:22:35.117+0000] {logging_mixin.py:188} INFO - [2024-03-04T16:22:35.116+0000] {dagbag.py:540} INFO - Filling up the DagBag from /home/airflow/.local/lib/python3.11/site-packages/airflow/example_dags/example_sensor_decorator.py
[2024-03-04T16:22:35.120+0000] {processor.py:840} INFO - DAG(s) 'example_sensor_decorator' retrieved from /home/airflow/.local/lib/python3.11/site-packages/airflow/example_dags/example_sensor_decorator.py
[2024-03-04T16:22:35.127+0000] {logging_mixin.py:188} INFO - [2024-03-04T16:22:35.127+0000] {dag.py:3047} INFO - Sync 1 DAGs
[2024-03-04T16:22:35.131+0000] {logging_mixin.py:188} INFO - [2024-03-04T16:22:35.131+0000] {dag.py:3834} INFO - Setting next_dagrun for example_sensor_decorator to None, run_after=None
[2024-03-04T16:22:35.138+0000] {processor.py:183} INFO - Processing /home/airflow/.local/lib/python3.11/site-packages/airflow/example_dags/example_sensor_decorator.py took 0.024 seconds
[2024-03-04T16:23:05.348+0000] {processor.py:161} INFO - Started process (PID=3417) to work on /home/airflow/.local/lib/python3.11/site-packages/airflow/example_dags/example_sensor_decorator.py
[2024-03-04T16:23:05.349+0000] {processor.py:830} INFO - Processing file /home/airflow/.local/lib/python3.11/site-packages/airflow/example_dags/example_sensor_decorator.py for tasks to queue
[2024-03-04T16:23:05.350+0000] {logging_mixin.py:188} INFO - [2024-03-04T16:23:05.350+0000] {dagbag.py:540} INFO - Filling up the DagBag from /home/airflow/.local/lib/python3.11/site-packages/airflow/example_dags/example_sensor_decorator.py
[2024-03-04T16:23:05.353+0000] {processor.py:840} INFO - DAG(s) 'example_sensor_decorator' retrieved from /home/airflow/.local/lib/python3.11/site-packages/airflow/example_dags/example_sensor_decorator.py
[2024-03-04T16:23:05.361+0000] {logging_mixin.py:188} INFO - [2024-03-04T16:23:05.361+0000] {dag.py:3047} INFO - Sync 1 DAGs
[2024-03-04T16:23:05.366+0000] {logging_mixin.py:188} INFO - [2024-03-04T16:23:05.366+0000] {dag.py:3834} INFO - Setting next_dagrun for example_sensor_decorator to None, run_after=None
[2024-03-04T16:23:05.373+0000] {processor.py:183} INFO - Processing /home/airflow/.local/lib/python3.11/site-packages/airflow/example_dags/example_sensor_decorator.py took 0.027 seconds
[2024-03-04T16:23:35.947+0000] {processor.py:161} INFO - Started process (PID=3471) to work on /home/airflow/.local/lib/python3.11/site-packages/airflow/example_dags/example_sensor_decorator.py
[2024-03-04T16:23:35.948+0000] {processor.py:830} INFO - Processing file /home/airflow/.local/lib/python3.11/site-packages/airflow/example_dags/example_sensor_decorator.py for tasks to queue
[2024-03-04T16:23:35.949+0000] {logging_mixin.py:188} INFO - [2024-03-04T16:23:35.949+0000] {dagbag.py:540} INFO - Filling up the DagBag from /home/airflow/.local/lib/python3.11/site-packages/airflow/example_dags/example_sensor_decorator.py
[2024-03-04T16:23:35.956+0000] {processor.py:840} INFO - DAG(s) 'example_sensor_decorator' retrieved from /home/airflow/.local/lib/python3.11/site-packages/airflow/example_dags/example_sensor_decorator.py
[2024-03-04T16:23:35.967+0000] {logging_mixin.py:188} INFO - [2024-03-04T16:23:35.967+0000] {dag.py:3047} INFO - Sync 1 DAGs
[2024-03-04T16:23:35.973+0000] {logging_mixin.py:188} INFO - [2024-03-04T16:23:35.973+0000] {dag.py:3834} INFO - Setting next_dagrun for example_sensor_decorator to None, run_after=None
[2024-03-04T16:23:35.981+0000] {processor.py:183} INFO - Processing /home/airflow/.local/lib/python3.11/site-packages/airflow/example_dags/example_sensor_decorator.py took 0.036 seconds
[2024-03-04T16:24:06.725+0000] {processor.py:161} INFO - Started process (PID=3526) to work on /home/airflow/.local/lib/python3.11/site-packages/airflow/example_dags/example_sensor_decorator.py
[2024-03-04T16:24:06.728+0000] {processor.py:830} INFO - Processing file /home/airflow/.local/lib/python3.11/site-packages/airflow/example_dags/example_sensor_decorator.py for tasks to queue
[2024-03-04T16:24:06.734+0000] {logging_mixin.py:188} INFO - [2024-03-04T16:24:06.734+0000] {dagbag.py:540} INFO - Filling up the DagBag from /home/airflow/.local/lib/python3.11/site-packages/airflow/example_dags/example_sensor_decorator.py
[2024-03-04T16:24:06.751+0000] {processor.py:840} INFO - DAG(s) 'example_sensor_decorator' retrieved from /home/airflow/.local/lib/python3.11/site-packages/airflow/example_dags/example_sensor_decorator.py
[2024-03-04T16:24:06.773+0000] {logging_mixin.py:188} INFO - [2024-03-04T16:24:06.773+0000] {dag.py:3047} INFO - Sync 1 DAGs
[2024-03-04T16:24:06.782+0000] {logging_mixin.py:188} INFO - [2024-03-04T16:24:06.782+0000] {dag.py:3834} INFO - Setting next_dagrun for example_sensor_decorator to None, run_after=None
[2024-03-04T16:24:06.792+0000] {processor.py:183} INFO - Processing /home/airflow/.local/lib/python3.11/site-packages/airflow/example_dags/example_sensor_decorator.py took 0.075 seconds
[2024-03-04T16:24:37.608+0000] {processor.py:161} INFO - Started process (PID=3581) to work on /home/airflow/.local/lib/python3.11/site-packages/airflow/example_dags/example_sensor_decorator.py
[2024-03-04T16:24:37.609+0000] {processor.py:830} INFO - Processing file /home/airflow/.local/lib/python3.11/site-packages/airflow/example_dags/example_sensor_decorator.py for tasks to queue
[2024-03-04T16:24:37.612+0000] {logging_mixin.py:188} INFO - [2024-03-04T16:24:37.611+0000] {dagbag.py:540} INFO - Filling up the DagBag from /home/airflow/.local/lib/python3.11/site-packages/airflow/example_dags/example_sensor_decorator.py
[2024-03-04T16:24:37.617+0000] {processor.py:840} INFO - DAG(s) 'example_sensor_decorator' retrieved from /home/airflow/.local/lib/python3.11/site-packages/airflow/example_dags/example_sensor_decorator.py
[2024-03-04T16:24:37.637+0000] {logging_mixin.py:188} INFO - [2024-03-04T16:24:37.637+0000] {dag.py:3047} INFO - Sync 1 DAGs
[2024-03-04T16:24:37.659+0000] {logging_mixin.py:188} INFO - [2024-03-04T16:24:37.658+0000] {dag.py:3834} INFO - Setting next_dagrun for example_sensor_decorator to None, run_after=None
[2024-03-04T16:24:37.676+0000] {processor.py:183} INFO - Processing /home/airflow/.local/lib/python3.11/site-packages/airflow/example_dags/example_sensor_decorator.py took 0.072 seconds
[2024-03-04T16:25:07.712+0000] {processor.py:161} INFO - Started process (PID=3636) to work on /home/airflow/.local/lib/python3.11/site-packages/airflow/example_dags/example_sensor_decorator.py
[2024-03-04T16:25:07.713+0000] {processor.py:830} INFO - Processing file /home/airflow/.local/lib/python3.11/site-packages/airflow/example_dags/example_sensor_decorator.py for tasks to queue
[2024-03-04T16:25:07.714+0000] {logging_mixin.py:188} INFO - [2024-03-04T16:25:07.714+0000] {dagbag.py:540} INFO - Filling up the DagBag from /home/airflow/.local/lib/python3.11/site-packages/airflow/example_dags/example_sensor_decorator.py
[2024-03-04T16:25:07.718+0000] {processor.py:840} INFO - DAG(s) 'example_sensor_decorator' retrieved from /home/airflow/.local/lib/python3.11/site-packages/airflow/example_dags/example_sensor_decorator.py
[2024-03-04T16:25:07.726+0000] {logging_mixin.py:188} INFO - [2024-03-04T16:25:07.726+0000] {dag.py:3047} INFO - Sync 1 DAGs
[2024-03-04T16:25:07.732+0000] {logging_mixin.py:188} INFO - [2024-03-04T16:25:07.732+0000] {dag.py:3834} INFO - Setting next_dagrun for example_sensor_decorator to None, run_after=None
[2024-03-04T16:25:07.739+0000] {processor.py:183} INFO - Processing /home/airflow/.local/lib/python3.11/site-packages/airflow/example_dags/example_sensor_decorator.py took 0.029 seconds
[2024-03-04T16:25:38.529+0000] {processor.py:161} INFO - Started process (PID=3691) to work on /home/airflow/.local/lib/python3.11/site-packages/airflow/example_dags/example_sensor_decorator.py
[2024-03-04T16:25:38.529+0000] {processor.py:830} INFO - Processing file /home/airflow/.local/lib/python3.11/site-packages/airflow/example_dags/example_sensor_decorator.py for tasks to queue
[2024-03-04T16:25:38.531+0000] {logging_mixin.py:188} INFO - [2024-03-04T16:25:38.531+0000] {dagbag.py:540} INFO - Filling up the DagBag from /home/airflow/.local/lib/python3.11/site-packages/airflow/example_dags/example_sensor_decorator.py
[2024-03-04T16:25:38.536+0000] {processor.py:840} INFO - DAG(s) 'example_sensor_decorator' retrieved from /home/airflow/.local/lib/python3.11/site-packages/airflow/example_dags/example_sensor_decorator.py
[2024-03-04T16:25:38.549+0000] {logging_mixin.py:188} INFO - [2024-03-04T16:25:38.549+0000] {dag.py:3047} INFO - Sync 1 DAGs
[2024-03-04T16:25:38.555+0000] {logging_mixin.py:188} INFO - [2024-03-04T16:25:38.555+0000] {dag.py:3834} INFO - Setting next_dagrun for example_sensor_decorator to None, run_after=None
[2024-03-04T16:25:38.563+0000] {processor.py:183} INFO - Processing /home/airflow/.local/lib/python3.11/site-packages/airflow/example_dags/example_sensor_decorator.py took 0.036 seconds
[2024-03-04T16:26:09.582+0000] {processor.py:161} INFO - Started process (PID=3746) to work on /home/airflow/.local/lib/python3.11/site-packages/airflow/example_dags/example_sensor_decorator.py
[2024-03-04T16:26:09.583+0000] {processor.py:830} INFO - Processing file /home/airflow/.local/lib/python3.11/site-packages/airflow/example_dags/example_sensor_decorator.py for tasks to queue
[2024-03-04T16:26:09.584+0000] {logging_mixin.py:188} INFO - [2024-03-04T16:26:09.584+0000] {dagbag.py:540} INFO - Filling up the DagBag from /home/airflow/.local/lib/python3.11/site-packages/airflow/example_dags/example_sensor_decorator.py
[2024-03-04T16:26:09.588+0000] {processor.py:840} INFO - DAG(s) 'example_sensor_decorator' retrieved from /home/airflow/.local/lib/python3.11/site-packages/airflow/example_dags/example_sensor_decorator.py
[2024-03-04T16:26:09.631+0000] {logging_mixin.py:188} INFO - [2024-03-04T16:26:09.630+0000] {dag.py:3047} INFO - Sync 1 DAGs
[2024-03-04T16:26:09.639+0000] {logging_mixin.py:188} INFO - [2024-03-04T16:26:09.639+0000] {dag.py:3834} INFO - Setting next_dagrun for example_sensor_decorator to None, run_after=None
[2024-03-04T16:26:09.647+0000] {processor.py:183} INFO - Processing /home/airflow/.local/lib/python3.11/site-packages/airflow/example_dags/example_sensor_decorator.py took 0.068 seconds
[2024-03-04T16:26:39.896+0000] {processor.py:161} INFO - Started process (PID=3801) to work on /home/airflow/.local/lib/python3.11/site-packages/airflow/example_dags/example_sensor_decorator.py
[2024-03-04T16:26:39.897+0000] {processor.py:830} INFO - Processing file /home/airflow/.local/lib/python3.11/site-packages/airflow/example_dags/example_sensor_decorator.py for tasks to queue
[2024-03-04T16:26:39.898+0000] {logging_mixin.py:188} INFO - [2024-03-04T16:26:39.898+0000] {dagbag.py:540} INFO - Filling up the DagBag from /home/airflow/.local/lib/python3.11/site-packages/airflow/example_dags/example_sensor_decorator.py
[2024-03-04T16:26:39.901+0000] {processor.py:840} INFO - DAG(s) 'example_sensor_decorator' retrieved from /home/airflow/.local/lib/python3.11/site-packages/airflow/example_dags/example_sensor_decorator.py
[2024-03-04T16:26:39.909+0000] {logging_mixin.py:188} INFO - [2024-03-04T16:26:39.909+0000] {dag.py:3047} INFO - Sync 1 DAGs
[2024-03-04T16:26:39.914+0000] {logging_mixin.py:188} INFO - [2024-03-04T16:26:39.914+0000] {dag.py:3834} INFO - Setting next_dagrun for example_sensor_decorator to None, run_after=None
[2024-03-04T16:26:39.921+0000] {processor.py:183} INFO - Processing /home/airflow/.local/lib/python3.11/site-packages/airflow/example_dags/example_sensor_decorator.py took 0.026 seconds
[2024-03-04T16:27:10.761+0000] {processor.py:161} INFO - Started process (PID=3856) to work on /home/airflow/.local/lib/python3.11/site-packages/airflow/example_dags/example_sensor_decorator.py
[2024-03-04T16:27:10.761+0000] {processor.py:830} INFO - Processing file /home/airflow/.local/lib/python3.11/site-packages/airflow/example_dags/example_sensor_decorator.py for tasks to queue
[2024-03-04T16:27:10.762+0000] {logging_mixin.py:188} INFO - [2024-03-04T16:27:10.762+0000] {dagbag.py:540} INFO - Filling up the DagBag from /home/airflow/.local/lib/python3.11/site-packages/airflow/example_dags/example_sensor_decorator.py
[2024-03-04T16:27:10.765+0000] {processor.py:840} INFO - DAG(s) 'example_sensor_decorator' retrieved from /home/airflow/.local/lib/python3.11/site-packages/airflow/example_dags/example_sensor_decorator.py
[2024-03-04T16:27:10.773+0000] {logging_mixin.py:188} INFO - [2024-03-04T16:27:10.773+0000] {dag.py:3047} INFO - Sync 1 DAGs
[2024-03-04T16:27:10.777+0000] {logging_mixin.py:188} INFO - [2024-03-04T16:27:10.777+0000] {dag.py:3834} INFO - Setting next_dagrun for example_sensor_decorator to None, run_after=None
[2024-03-04T16:27:10.784+0000] {processor.py:183} INFO - Processing /home/airflow/.local/lib/python3.11/site-packages/airflow/example_dags/example_sensor_decorator.py took 0.025 seconds
[2024-03-04T16:27:41.055+0000] {processor.py:161} INFO - Started process (PID=3911) to work on /home/airflow/.local/lib/python3.11/site-packages/airflow/example_dags/example_sensor_decorator.py
[2024-03-04T16:27:41.056+0000] {processor.py:830} INFO - Processing file /home/airflow/.local/lib/python3.11/site-packages/airflow/example_dags/example_sensor_decorator.py for tasks to queue
[2024-03-04T16:27:41.057+0000] {logging_mixin.py:188} INFO - [2024-03-04T16:27:41.057+0000] {dagbag.py:540} INFO - Filling up the DagBag from /home/airflow/.local/lib/python3.11/site-packages/airflow/example_dags/example_sensor_decorator.py
[2024-03-04T16:27:41.060+0000] {processor.py:840} INFO - DAG(s) 'example_sensor_decorator' retrieved from /home/airflow/.local/lib/python3.11/site-packages/airflow/example_dags/example_sensor_decorator.py
[2024-03-04T16:27:41.068+0000] {logging_mixin.py:188} INFO - [2024-03-04T16:27:41.067+0000] {dag.py:3047} INFO - Sync 1 DAGs
[2024-03-04T16:27:41.072+0000] {logging_mixin.py:188} INFO - [2024-03-04T16:27:41.072+0000] {dag.py:3834} INFO - Setting next_dagrun for example_sensor_decorator to None, run_after=None
[2024-03-04T16:27:41.078+0000] {processor.py:183} INFO - Processing /home/airflow/.local/lib/python3.11/site-packages/airflow/example_dags/example_sensor_decorator.py took 0.024 seconds
[2024-03-04T16:28:11.278+0000] {processor.py:161} INFO - Started process (PID=3966) to work on /home/airflow/.local/lib/python3.11/site-packages/airflow/example_dags/example_sensor_decorator.py
[2024-03-04T16:28:11.279+0000] {processor.py:830} INFO - Processing file /home/airflow/.local/lib/python3.11/site-packages/airflow/example_dags/example_sensor_decorator.py for tasks to queue
[2024-03-04T16:28:11.279+0000] {logging_mixin.py:188} INFO - [2024-03-04T16:28:11.279+0000] {dagbag.py:540} INFO - Filling up the DagBag from /home/airflow/.local/lib/python3.11/site-packages/airflow/example_dags/example_sensor_decorator.py
[2024-03-04T16:28:11.289+0000] {processor.py:840} INFO - DAG(s) 'example_sensor_decorator' retrieved from /home/airflow/.local/lib/python3.11/site-packages/airflow/example_dags/example_sensor_decorator.py
[2024-03-04T16:28:11.310+0000] {logging_mixin.py:188} INFO - [2024-03-04T16:28:11.310+0000] {dag.py:3047} INFO - Sync 1 DAGs
[2024-03-04T16:28:11.320+0000] {logging_mixin.py:188} INFO - [2024-03-04T16:28:11.320+0000] {dag.py:3834} INFO - Setting next_dagrun for example_sensor_decorator to None, run_after=None
[2024-03-04T16:28:11.334+0000] {processor.py:183} INFO - Processing /home/airflow/.local/lib/python3.11/site-packages/airflow/example_dags/example_sensor_decorator.py took 0.058 seconds
