[2024-03-04T15:51:52.568+0000] {processor.py:161} INFO - Started process (PID=36) to work on /home/airflow/.local/lib/python3.11/site-packages/airflow/example_dags/example_xcom.py
[2024-03-04T15:51:52.572+0000] {processor.py:830} INFO - Processing file /home/airflow/.local/lib/python3.11/site-packages/airflow/example_dags/example_xcom.py for tasks to queue
[2024-03-04T15:51:52.577+0000] {logging_mixin.py:188} INFO - [2024-03-04T15:51:52.577+0000] {dagbag.py:540} INFO - Filling up the DagBag from /home/airflow/.local/lib/python3.11/site-packages/airflow/example_dags/example_xcom.py
[2024-03-04T15:51:52.621+0000] {processor.py:840} INFO - DAG(s) 'example_xcom' retrieved from /home/airflow/.local/lib/python3.11/site-packages/airflow/example_dags/example_xcom.py
[2024-03-04T15:51:52.875+0000] {logging_mixin.py:188} INFO - [2024-03-04T15:51:52.874+0000] {override.py:1769} INFO - Created Permission View: can read on DAG:example_xcom
[2024-03-04T15:51:52.882+0000] {logging_mixin.py:188} INFO - [2024-03-04T15:51:52.882+0000] {override.py:1769} INFO - Created Permission View: can delete on DAG:example_xcom
[2024-03-04T15:51:52.885+0000] {logging_mixin.py:188} INFO - [2024-03-04T15:51:52.885+0000] {override.py:1769} INFO - Created Permission View: can edit on DAG:example_xcom
[2024-03-04T15:51:52.885+0000] {logging_mixin.py:188} INFO - [2024-03-04T15:51:52.885+0000] {dag.py:3047} INFO - Sync 1 DAGs
[2024-03-04T15:51:52.895+0000] {logging_mixin.py:188} INFO - [2024-03-04T15:51:52.895+0000] {dag.py:3069} INFO - Creating ORM DAG for example_xcom
[2024-03-04T15:51:52.902+0000] {logging_mixin.py:188} INFO - [2024-03-04T15:51:52.902+0000] {dag.py:3834} INFO - Setting next_dagrun for example_xcom to 2021-01-01 00:00:00+00:00, run_after=2021-01-01 00:00:00+00:00
[2024-03-04T15:51:52.915+0000] {processor.py:183} INFO - Processing /home/airflow/.local/lib/python3.11/site-packages/airflow/example_dags/example_xcom.py took 0.369 seconds
[2024-03-04T15:52:23.365+0000] {processor.py:161} INFO - Started process (PID=91) to work on /home/airflow/.local/lib/python3.11/site-packages/airflow/example_dags/example_xcom.py
[2024-03-04T15:52:23.366+0000] {processor.py:830} INFO - Processing file /home/airflow/.local/lib/python3.11/site-packages/airflow/example_dags/example_xcom.py for tasks to queue
[2024-03-04T15:52:23.366+0000] {logging_mixin.py:188} INFO - [2024-03-04T15:52:23.366+0000] {dagbag.py:540} INFO - Filling up the DagBag from /home/airflow/.local/lib/python3.11/site-packages/airflow/example_dags/example_xcom.py
[2024-03-04T15:52:23.370+0000] {processor.py:840} INFO - DAG(s) 'example_xcom' retrieved from /home/airflow/.local/lib/python3.11/site-packages/airflow/example_dags/example_xcom.py
[2024-03-04T15:52:23.379+0000] {logging_mixin.py:188} INFO - [2024-03-04T15:52:23.379+0000] {dag.py:3047} INFO - Sync 1 DAGs
[2024-03-04T15:52:23.390+0000] {logging_mixin.py:188} INFO - [2024-03-04T15:52:23.390+0000] {dag.py:3834} INFO - Setting next_dagrun for example_xcom to 2021-01-01 00:00:00+00:00, run_after=2021-01-01 00:00:00+00:00
[2024-03-04T15:52:23.399+0000] {processor.py:183} INFO - Processing /home/airflow/.local/lib/python3.11/site-packages/airflow/example_dags/example_xcom.py took 0.036 seconds
[2024-03-04T15:52:54.239+0000] {processor.py:161} INFO - Started process (PID=146) to work on /home/airflow/.local/lib/python3.11/site-packages/airflow/example_dags/example_xcom.py
[2024-03-04T15:52:54.240+0000] {processor.py:830} INFO - Processing file /home/airflow/.local/lib/python3.11/site-packages/airflow/example_dags/example_xcom.py for tasks to queue
[2024-03-04T15:52:54.241+0000] {logging_mixin.py:188} INFO - [2024-03-04T15:52:54.241+0000] {dagbag.py:540} INFO - Filling up the DagBag from /home/airflow/.local/lib/python3.11/site-packages/airflow/example_dags/example_xcom.py
[2024-03-04T15:52:54.246+0000] {processor.py:840} INFO - DAG(s) 'example_xcom' retrieved from /home/airflow/.local/lib/python3.11/site-packages/airflow/example_dags/example_xcom.py
[2024-03-04T15:52:54.256+0000] {logging_mixin.py:188} INFO - [2024-03-04T15:52:54.256+0000] {dag.py:3047} INFO - Sync 1 DAGs
[2024-03-04T15:52:54.264+0000] {logging_mixin.py:188} INFO - [2024-03-04T15:52:54.264+0000] {dag.py:3834} INFO - Setting next_dagrun for example_xcom to 2021-01-01 00:00:00+00:00, run_after=2021-01-01 00:00:00+00:00
[2024-03-04T15:52:54.272+0000] {processor.py:183} INFO - Processing /home/airflow/.local/lib/python3.11/site-packages/airflow/example_dags/example_xcom.py took 0.035 seconds
[2024-03-04T15:53:24.636+0000] {processor.py:161} INFO - Started process (PID=201) to work on /home/airflow/.local/lib/python3.11/site-packages/airflow/example_dags/example_xcom.py
[2024-03-04T15:53:24.637+0000] {processor.py:830} INFO - Processing file /home/airflow/.local/lib/python3.11/site-packages/airflow/example_dags/example_xcom.py for tasks to queue
[2024-03-04T15:53:24.638+0000] {logging_mixin.py:188} INFO - [2024-03-04T15:53:24.638+0000] {dagbag.py:540} INFO - Filling up the DagBag from /home/airflow/.local/lib/python3.11/site-packages/airflow/example_dags/example_xcom.py
[2024-03-04T15:53:24.650+0000] {processor.py:840} INFO - DAG(s) 'example_xcom' retrieved from /home/airflow/.local/lib/python3.11/site-packages/airflow/example_dags/example_xcom.py
[2024-03-04T15:53:24.664+0000] {logging_mixin.py:188} INFO - [2024-03-04T15:53:24.663+0000] {dag.py:3047} INFO - Sync 1 DAGs
[2024-03-04T15:53:24.673+0000] {logging_mixin.py:188} INFO - [2024-03-04T15:53:24.673+0000] {dag.py:3834} INFO - Setting next_dagrun for example_xcom to 2021-01-01 00:00:00+00:00, run_after=2021-01-01 00:00:00+00:00
[2024-03-04T15:53:24.682+0000] {processor.py:183} INFO - Processing /home/airflow/.local/lib/python3.11/site-packages/airflow/example_dags/example_xcom.py took 0.048 seconds
[2024-03-04T15:53:55.628+0000] {processor.py:161} INFO - Started process (PID=256) to work on /home/airflow/.local/lib/python3.11/site-packages/airflow/example_dags/example_xcom.py
[2024-03-04T15:53:55.629+0000] {processor.py:830} INFO - Processing file /home/airflow/.local/lib/python3.11/site-packages/airflow/example_dags/example_xcom.py for tasks to queue
[2024-03-04T15:53:55.631+0000] {logging_mixin.py:188} INFO - [2024-03-04T15:53:55.631+0000] {dagbag.py:540} INFO - Filling up the DagBag from /home/airflow/.local/lib/python3.11/site-packages/airflow/example_dags/example_xcom.py
[2024-03-04T15:53:55.636+0000] {processor.py:840} INFO - DAG(s) 'example_xcom' retrieved from /home/airflow/.local/lib/python3.11/site-packages/airflow/example_dags/example_xcom.py
[2024-03-04T15:53:55.645+0000] {logging_mixin.py:188} INFO - [2024-03-04T15:53:55.645+0000] {dag.py:3047} INFO - Sync 1 DAGs
[2024-03-04T15:53:55.654+0000] {logging_mixin.py:188} INFO - [2024-03-04T15:53:55.654+0000] {dag.py:3834} INFO - Setting next_dagrun for example_xcom to 2021-01-01 00:00:00+00:00, run_after=2021-01-01 00:00:00+00:00
[2024-03-04T15:53:55.661+0000] {processor.py:183} INFO - Processing /home/airflow/.local/lib/python3.11/site-packages/airflow/example_dags/example_xcom.py took 0.035 seconds
[2024-03-04T15:54:26.504+0000] {processor.py:161} INFO - Started process (PID=311) to work on /home/airflow/.local/lib/python3.11/site-packages/airflow/example_dags/example_xcom.py
[2024-03-04T15:54:26.505+0000] {processor.py:830} INFO - Processing file /home/airflow/.local/lib/python3.11/site-packages/airflow/example_dags/example_xcom.py for tasks to queue
[2024-03-04T15:54:26.506+0000] {logging_mixin.py:188} INFO - [2024-03-04T15:54:26.506+0000] {dagbag.py:540} INFO - Filling up the DagBag from /home/airflow/.local/lib/python3.11/site-packages/airflow/example_dags/example_xcom.py
[2024-03-04T15:54:26.510+0000] {processor.py:840} INFO - DAG(s) 'example_xcom' retrieved from /home/airflow/.local/lib/python3.11/site-packages/airflow/example_dags/example_xcom.py
[2024-03-04T15:54:26.519+0000] {logging_mixin.py:188} INFO - [2024-03-04T15:54:26.519+0000] {dag.py:3047} INFO - Sync 1 DAGs
[2024-03-04T15:54:26.527+0000] {logging_mixin.py:188} INFO - [2024-03-04T15:54:26.527+0000] {dag.py:3834} INFO - Setting next_dagrun for example_xcom to 2021-01-01 00:00:00+00:00, run_after=2021-01-01 00:00:00+00:00
[2024-03-04T15:54:26.534+0000] {processor.py:183} INFO - Processing /home/airflow/.local/lib/python3.11/site-packages/airflow/example_dags/example_xcom.py took 0.032 seconds
[2024-03-04T15:54:57.103+0000] {processor.py:161} INFO - Started process (PID=366) to work on /home/airflow/.local/lib/python3.11/site-packages/airflow/example_dags/example_xcom.py
[2024-03-04T15:54:57.103+0000] {processor.py:830} INFO - Processing file /home/airflow/.local/lib/python3.11/site-packages/airflow/example_dags/example_xcom.py for tasks to queue
[2024-03-04T15:54:57.104+0000] {logging_mixin.py:188} INFO - [2024-03-04T15:54:57.104+0000] {dagbag.py:540} INFO - Filling up the DagBag from /home/airflow/.local/lib/python3.11/site-packages/airflow/example_dags/example_xcom.py
[2024-03-04T15:54:57.109+0000] {processor.py:840} INFO - DAG(s) 'example_xcom' retrieved from /home/airflow/.local/lib/python3.11/site-packages/airflow/example_dags/example_xcom.py
[2024-03-04T15:54:57.119+0000] {logging_mixin.py:188} INFO - [2024-03-04T15:54:57.119+0000] {dag.py:3047} INFO - Sync 1 DAGs
[2024-03-04T15:54:57.127+0000] {logging_mixin.py:188} INFO - [2024-03-04T15:54:57.127+0000] {dag.py:3834} INFO - Setting next_dagrun for example_xcom to 2021-01-01 00:00:00+00:00, run_after=2021-01-01 00:00:00+00:00
[2024-03-04T15:54:57.134+0000] {processor.py:183} INFO - Processing /home/airflow/.local/lib/python3.11/site-packages/airflow/example_dags/example_xcom.py took 0.033 seconds
[2024-03-04T15:55:27.860+0000] {processor.py:161} INFO - Started process (PID=421) to work on /home/airflow/.local/lib/python3.11/site-packages/airflow/example_dags/example_xcom.py
[2024-03-04T15:55:27.860+0000] {processor.py:830} INFO - Processing file /home/airflow/.local/lib/python3.11/site-packages/airflow/example_dags/example_xcom.py for tasks to queue
[2024-03-04T15:55:27.861+0000] {logging_mixin.py:188} INFO - [2024-03-04T15:55:27.861+0000] {dagbag.py:540} INFO - Filling up the DagBag from /home/airflow/.local/lib/python3.11/site-packages/airflow/example_dags/example_xcom.py
[2024-03-04T15:55:27.865+0000] {processor.py:840} INFO - DAG(s) 'example_xcom' retrieved from /home/airflow/.local/lib/python3.11/site-packages/airflow/example_dags/example_xcom.py
[2024-03-04T15:55:27.874+0000] {logging_mixin.py:188} INFO - [2024-03-04T15:55:27.874+0000] {dag.py:3047} INFO - Sync 1 DAGs
[2024-03-04T15:55:27.883+0000] {logging_mixin.py:188} INFO - [2024-03-04T15:55:27.883+0000] {dag.py:3834} INFO - Setting next_dagrun for example_xcom to 2021-01-01 00:00:00+00:00, run_after=2021-01-01 00:00:00+00:00
[2024-03-04T15:55:27.890+0000] {processor.py:183} INFO - Processing /home/airflow/.local/lib/python3.11/site-packages/airflow/example_dags/example_xcom.py took 0.032 seconds
[2024-03-04T15:55:58.687+0000] {processor.py:161} INFO - Started process (PID=476) to work on /home/airflow/.local/lib/python3.11/site-packages/airflow/example_dags/example_xcom.py
[2024-03-04T15:55:58.687+0000] {processor.py:830} INFO - Processing file /home/airflow/.local/lib/python3.11/site-packages/airflow/example_dags/example_xcom.py for tasks to queue
[2024-03-04T15:55:58.688+0000] {logging_mixin.py:188} INFO - [2024-03-04T15:55:58.688+0000] {dagbag.py:540} INFO - Filling up the DagBag from /home/airflow/.local/lib/python3.11/site-packages/airflow/example_dags/example_xcom.py
[2024-03-04T15:55:58.692+0000] {processor.py:840} INFO - DAG(s) 'example_xcom' retrieved from /home/airflow/.local/lib/python3.11/site-packages/airflow/example_dags/example_xcom.py
[2024-03-04T15:55:58.701+0000] {logging_mixin.py:188} INFO - [2024-03-04T15:55:58.701+0000] {dag.py:3047} INFO - Sync 1 DAGs
[2024-03-04T15:55:58.709+0000] {logging_mixin.py:188} INFO - [2024-03-04T15:55:58.709+0000] {dag.py:3834} INFO - Setting next_dagrun for example_xcom to 2021-01-01 00:00:00+00:00, run_after=2021-01-01 00:00:00+00:00
[2024-03-04T15:55:58.716+0000] {processor.py:183} INFO - Processing /home/airflow/.local/lib/python3.11/site-packages/airflow/example_dags/example_xcom.py took 0.031 seconds
[2024-03-04T15:56:29.362+0000] {processor.py:161} INFO - Started process (PID=531) to work on /home/airflow/.local/lib/python3.11/site-packages/airflow/example_dags/example_xcom.py
[2024-03-04T15:56:29.363+0000] {processor.py:830} INFO - Processing file /home/airflow/.local/lib/python3.11/site-packages/airflow/example_dags/example_xcom.py for tasks to queue
[2024-03-04T15:56:29.364+0000] {logging_mixin.py:188} INFO - [2024-03-04T15:56:29.364+0000] {dagbag.py:540} INFO - Filling up the DagBag from /home/airflow/.local/lib/python3.11/site-packages/airflow/example_dags/example_xcom.py
[2024-03-04T15:56:29.368+0000] {processor.py:840} INFO - DAG(s) 'example_xcom' retrieved from /home/airflow/.local/lib/python3.11/site-packages/airflow/example_dags/example_xcom.py
[2024-03-04T15:56:29.377+0000] {logging_mixin.py:188} INFO - [2024-03-04T15:56:29.376+0000] {dag.py:3047} INFO - Sync 1 DAGs
[2024-03-04T15:56:29.384+0000] {logging_mixin.py:188} INFO - [2024-03-04T15:56:29.384+0000] {dag.py:3834} INFO - Setting next_dagrun for example_xcom to 2021-01-01 00:00:00+00:00, run_after=2021-01-01 00:00:00+00:00
[2024-03-04T15:56:29.392+0000] {processor.py:183} INFO - Processing /home/airflow/.local/lib/python3.11/site-packages/airflow/example_dags/example_xcom.py took 0.031 seconds
[2024-03-04T15:57:00.092+0000] {processor.py:161} INFO - Started process (PID=586) to work on /home/airflow/.local/lib/python3.11/site-packages/airflow/example_dags/example_xcom.py
[2024-03-04T15:57:00.092+0000] {processor.py:830} INFO - Processing file /home/airflow/.local/lib/python3.11/site-packages/airflow/example_dags/example_xcom.py for tasks to queue
[2024-03-04T15:57:00.093+0000] {logging_mixin.py:188} INFO - [2024-03-04T15:57:00.093+0000] {dagbag.py:540} INFO - Filling up the DagBag from /home/airflow/.local/lib/python3.11/site-packages/airflow/example_dags/example_xcom.py
[2024-03-04T15:57:00.097+0000] {processor.py:840} INFO - DAG(s) 'example_xcom' retrieved from /home/airflow/.local/lib/python3.11/site-packages/airflow/example_dags/example_xcom.py
[2024-03-04T15:57:00.105+0000] {logging_mixin.py:188} INFO - [2024-03-04T15:57:00.105+0000] {dag.py:3047} INFO - Sync 1 DAGs
[2024-03-04T15:57:00.113+0000] {logging_mixin.py:188} INFO - [2024-03-04T15:57:00.112+0000] {dag.py:3834} INFO - Setting next_dagrun for example_xcom to 2021-01-01 00:00:00+00:00, run_after=2021-01-01 00:00:00+00:00
[2024-03-04T15:57:00.119+0000] {processor.py:183} INFO - Processing /home/airflow/.local/lib/python3.11/site-packages/airflow/example_dags/example_xcom.py took 0.029 seconds
[2024-03-04T15:57:30.774+0000] {processor.py:161} INFO - Started process (PID=641) to work on /home/airflow/.local/lib/python3.11/site-packages/airflow/example_dags/example_xcom.py
[2024-03-04T15:57:30.774+0000] {processor.py:830} INFO - Processing file /home/airflow/.local/lib/python3.11/site-packages/airflow/example_dags/example_xcom.py for tasks to queue
[2024-03-04T15:57:30.775+0000] {logging_mixin.py:188} INFO - [2024-03-04T15:57:30.775+0000] {dagbag.py:540} INFO - Filling up the DagBag from /home/airflow/.local/lib/python3.11/site-packages/airflow/example_dags/example_xcom.py
[2024-03-04T15:57:30.779+0000] {processor.py:840} INFO - DAG(s) 'example_xcom' retrieved from /home/airflow/.local/lib/python3.11/site-packages/airflow/example_dags/example_xcom.py
[2024-03-04T15:57:30.788+0000] {logging_mixin.py:188} INFO - [2024-03-04T15:57:30.788+0000] {dag.py:3047} INFO - Sync 1 DAGs
[2024-03-04T15:57:30.796+0000] {logging_mixin.py:188} INFO - [2024-03-04T15:57:30.796+0000] {dag.py:3834} INFO - Setting next_dagrun for example_xcom to 2021-01-01 00:00:00+00:00, run_after=2021-01-01 00:00:00+00:00
[2024-03-04T15:57:30.804+0000] {processor.py:183} INFO - Processing /home/airflow/.local/lib/python3.11/site-packages/airflow/example_dags/example_xcom.py took 0.032 seconds
[2024-03-04T15:58:01.493+0000] {processor.py:161} INFO - Started process (PID=696) to work on /home/airflow/.local/lib/python3.11/site-packages/airflow/example_dags/example_xcom.py
[2024-03-04T15:58:01.494+0000] {processor.py:830} INFO - Processing file /home/airflow/.local/lib/python3.11/site-packages/airflow/example_dags/example_xcom.py for tasks to queue
[2024-03-04T15:58:01.495+0000] {logging_mixin.py:188} INFO - [2024-03-04T15:58:01.494+0000] {dagbag.py:540} INFO - Filling up the DagBag from /home/airflow/.local/lib/python3.11/site-packages/airflow/example_dags/example_xcom.py
[2024-03-04T15:58:01.498+0000] {processor.py:840} INFO - DAG(s) 'example_xcom' retrieved from /home/airflow/.local/lib/python3.11/site-packages/airflow/example_dags/example_xcom.py
[2024-03-04T15:58:01.508+0000] {logging_mixin.py:188} INFO - [2024-03-04T15:58:01.507+0000] {dag.py:3047} INFO - Sync 1 DAGs
[2024-03-04T15:58:01.516+0000] {logging_mixin.py:188} INFO - [2024-03-04T15:58:01.516+0000] {dag.py:3834} INFO - Setting next_dagrun for example_xcom to 2021-01-01 00:00:00+00:00, run_after=2021-01-01 00:00:00+00:00
[2024-03-04T15:58:01.524+0000] {processor.py:183} INFO - Processing /home/airflow/.local/lib/python3.11/site-packages/airflow/example_dags/example_xcom.py took 0.032 seconds
[2024-03-04T15:58:32.156+0000] {processor.py:161} INFO - Started process (PID=751) to work on /home/airflow/.local/lib/python3.11/site-packages/airflow/example_dags/example_xcom.py
[2024-03-04T15:58:32.157+0000] {processor.py:830} INFO - Processing file /home/airflow/.local/lib/python3.11/site-packages/airflow/example_dags/example_xcom.py for tasks to queue
[2024-03-04T15:58:32.158+0000] {logging_mixin.py:188} INFO - [2024-03-04T15:58:32.158+0000] {dagbag.py:540} INFO - Filling up the DagBag from /home/airflow/.local/lib/python3.11/site-packages/airflow/example_dags/example_xcom.py
[2024-03-04T15:58:32.162+0000] {processor.py:840} INFO - DAG(s) 'example_xcom' retrieved from /home/airflow/.local/lib/python3.11/site-packages/airflow/example_dags/example_xcom.py
[2024-03-04T15:58:32.170+0000] {logging_mixin.py:188} INFO - [2024-03-04T15:58:32.170+0000] {dag.py:3047} INFO - Sync 1 DAGs
[2024-03-04T15:58:32.179+0000] {logging_mixin.py:188} INFO - [2024-03-04T15:58:32.179+0000] {dag.py:3834} INFO - Setting next_dagrun for example_xcom to 2021-01-01 00:00:00+00:00, run_after=2021-01-01 00:00:00+00:00
[2024-03-04T15:58:32.185+0000] {processor.py:183} INFO - Processing /home/airflow/.local/lib/python3.11/site-packages/airflow/example_dags/example_xcom.py took 0.030 seconds
[2024-03-04T15:59:02.974+0000] {processor.py:161} INFO - Started process (PID=806) to work on /home/airflow/.local/lib/python3.11/site-packages/airflow/example_dags/example_xcom.py
[2024-03-04T15:59:02.974+0000] {processor.py:830} INFO - Processing file /home/airflow/.local/lib/python3.11/site-packages/airflow/example_dags/example_xcom.py for tasks to queue
[2024-03-04T15:59:02.975+0000] {logging_mixin.py:188} INFO - [2024-03-04T15:59:02.975+0000] {dagbag.py:540} INFO - Filling up the DagBag from /home/airflow/.local/lib/python3.11/site-packages/airflow/example_dags/example_xcom.py
[2024-03-04T15:59:02.979+0000] {processor.py:840} INFO - DAG(s) 'example_xcom' retrieved from /home/airflow/.local/lib/python3.11/site-packages/airflow/example_dags/example_xcom.py
[2024-03-04T15:59:02.988+0000] {logging_mixin.py:188} INFO - [2024-03-04T15:59:02.988+0000] {dag.py:3047} INFO - Sync 1 DAGs
[2024-03-04T15:59:02.996+0000] {logging_mixin.py:188} INFO - [2024-03-04T15:59:02.996+0000] {dag.py:3834} INFO - Setting next_dagrun for example_xcom to 2021-01-01 00:00:00+00:00, run_after=2021-01-01 00:00:00+00:00
[2024-03-04T15:59:03.003+0000] {processor.py:183} INFO - Processing /home/airflow/.local/lib/python3.11/site-packages/airflow/example_dags/example_xcom.py took 0.031 seconds
[2024-03-04T15:59:33.489+0000] {processor.py:161} INFO - Started process (PID=861) to work on /home/airflow/.local/lib/python3.11/site-packages/airflow/example_dags/example_xcom.py
[2024-03-04T15:59:33.490+0000] {processor.py:830} INFO - Processing file /home/airflow/.local/lib/python3.11/site-packages/airflow/example_dags/example_xcom.py for tasks to queue
[2024-03-04T15:59:33.492+0000] {logging_mixin.py:188} INFO - [2024-03-04T15:59:33.491+0000] {dagbag.py:540} INFO - Filling up the DagBag from /home/airflow/.local/lib/python3.11/site-packages/airflow/example_dags/example_xcom.py
[2024-03-04T15:59:33.501+0000] {processor.py:840} INFO - DAG(s) 'example_xcom' retrieved from /home/airflow/.local/lib/python3.11/site-packages/airflow/example_dags/example_xcom.py
[2024-03-04T15:59:33.514+0000] {logging_mixin.py:188} INFO - [2024-03-04T15:59:33.514+0000] {dag.py:3047} INFO - Sync 1 DAGs
[2024-03-04T15:59:33.524+0000] {logging_mixin.py:188} INFO - [2024-03-04T15:59:33.524+0000] {dag.py:3834} INFO - Setting next_dagrun for example_xcom to 2021-01-01 00:00:00+00:00, run_after=2021-01-01 00:00:00+00:00
[2024-03-04T15:59:33.531+0000] {processor.py:183} INFO - Processing /home/airflow/.local/lib/python3.11/site-packages/airflow/example_dags/example_xcom.py took 0.043 seconds
[2024-03-04T16:00:04.166+0000] {processor.py:161} INFO - Started process (PID=916) to work on /home/airflow/.local/lib/python3.11/site-packages/airflow/example_dags/example_xcom.py
[2024-03-04T16:00:04.167+0000] {processor.py:830} INFO - Processing file /home/airflow/.local/lib/python3.11/site-packages/airflow/example_dags/example_xcom.py for tasks to queue
[2024-03-04T16:00:04.167+0000] {logging_mixin.py:188} INFO - [2024-03-04T16:00:04.167+0000] {dagbag.py:540} INFO - Filling up the DagBag from /home/airflow/.local/lib/python3.11/site-packages/airflow/example_dags/example_xcom.py
[2024-03-04T16:00:04.171+0000] {processor.py:840} INFO - DAG(s) 'example_xcom' retrieved from /home/airflow/.local/lib/python3.11/site-packages/airflow/example_dags/example_xcom.py
[2024-03-04T16:00:04.180+0000] {logging_mixin.py:188} INFO - [2024-03-04T16:00:04.180+0000] {dag.py:3047} INFO - Sync 1 DAGs
[2024-03-04T16:00:04.189+0000] {logging_mixin.py:188} INFO - [2024-03-04T16:00:04.189+0000] {dag.py:3834} INFO - Setting next_dagrun for example_xcom to 2021-01-01 00:00:00+00:00, run_after=2021-01-01 00:00:00+00:00
[2024-03-04T16:00:04.197+0000] {processor.py:183} INFO - Processing /home/airflow/.local/lib/python3.11/site-packages/airflow/example_dags/example_xcom.py took 0.033 seconds
[2024-03-04T16:00:34.985+0000] {processor.py:161} INFO - Started process (PID=970) to work on /home/airflow/.local/lib/python3.11/site-packages/airflow/example_dags/example_xcom.py
[2024-03-04T16:00:34.986+0000] {processor.py:830} INFO - Processing file /home/airflow/.local/lib/python3.11/site-packages/airflow/example_dags/example_xcom.py for tasks to queue
[2024-03-04T16:00:34.987+0000] {logging_mixin.py:188} INFO - [2024-03-04T16:00:34.987+0000] {dagbag.py:540} INFO - Filling up the DagBag from /home/airflow/.local/lib/python3.11/site-packages/airflow/example_dags/example_xcom.py
[2024-03-04T16:00:34.991+0000] {processor.py:840} INFO - DAG(s) 'example_xcom' retrieved from /home/airflow/.local/lib/python3.11/site-packages/airflow/example_dags/example_xcom.py
[2024-03-04T16:00:34.999+0000] {logging_mixin.py:188} INFO - [2024-03-04T16:00:34.999+0000] {dag.py:3047} INFO - Sync 1 DAGs
[2024-03-04T16:00:35.007+0000] {logging_mixin.py:188} INFO - [2024-03-04T16:00:35.007+0000] {dag.py:3834} INFO - Setting next_dagrun for example_xcom to 2021-01-01 00:00:00+00:00, run_after=2021-01-01 00:00:00+00:00
[2024-03-04T16:00:35.015+0000] {processor.py:183} INFO - Processing /home/airflow/.local/lib/python3.11/site-packages/airflow/example_dags/example_xcom.py took 0.031 seconds
[2024-03-04T16:01:05.637+0000] {processor.py:161} INFO - Started process (PID=1025) to work on /home/airflow/.local/lib/python3.11/site-packages/airflow/example_dags/example_xcom.py
[2024-03-04T16:01:05.638+0000] {processor.py:830} INFO - Processing file /home/airflow/.local/lib/python3.11/site-packages/airflow/example_dags/example_xcom.py for tasks to queue
[2024-03-04T16:01:05.639+0000] {logging_mixin.py:188} INFO - [2024-03-04T16:01:05.639+0000] {dagbag.py:540} INFO - Filling up the DagBag from /home/airflow/.local/lib/python3.11/site-packages/airflow/example_dags/example_xcom.py
[2024-03-04T16:01:05.643+0000] {processor.py:840} INFO - DAG(s) 'example_xcom' retrieved from /home/airflow/.local/lib/python3.11/site-packages/airflow/example_dags/example_xcom.py
[2024-03-04T16:01:05.651+0000] {logging_mixin.py:188} INFO - [2024-03-04T16:01:05.651+0000] {dag.py:3047} INFO - Sync 1 DAGs
[2024-03-04T16:01:05.659+0000] {logging_mixin.py:188} INFO - [2024-03-04T16:01:05.659+0000] {dag.py:3834} INFO - Setting next_dagrun for example_xcom to 2021-01-01 00:00:00+00:00, run_after=2021-01-01 00:00:00+00:00
[2024-03-04T16:01:05.666+0000] {processor.py:183} INFO - Processing /home/airflow/.local/lib/python3.11/site-packages/airflow/example_dags/example_xcom.py took 0.030 seconds
[2024-03-04T16:01:36.528+0000] {processor.py:161} INFO - Started process (PID=1080) to work on /home/airflow/.local/lib/python3.11/site-packages/airflow/example_dags/example_xcom.py
[2024-03-04T16:01:36.529+0000] {processor.py:830} INFO - Processing file /home/airflow/.local/lib/python3.11/site-packages/airflow/example_dags/example_xcom.py for tasks to queue
[2024-03-04T16:01:36.530+0000] {logging_mixin.py:188} INFO - [2024-03-04T16:01:36.530+0000] {dagbag.py:540} INFO - Filling up the DagBag from /home/airflow/.local/lib/python3.11/site-packages/airflow/example_dags/example_xcom.py
[2024-03-04T16:01:36.536+0000] {processor.py:840} INFO - DAG(s) 'example_xcom' retrieved from /home/airflow/.local/lib/python3.11/site-packages/airflow/example_dags/example_xcom.py
[2024-03-04T16:01:36.551+0000] {logging_mixin.py:188} INFO - [2024-03-04T16:01:36.551+0000] {dag.py:3047} INFO - Sync 1 DAGs
[2024-03-04T16:01:36.576+0000] {logging_mixin.py:188} INFO - [2024-03-04T16:01:36.576+0000] {dag.py:3834} INFO - Setting next_dagrun for example_xcom to 2021-01-01 00:00:00+00:00, run_after=2021-01-01 00:00:00+00:00
[2024-03-04T16:01:36.584+0000] {processor.py:183} INFO - Processing /home/airflow/.local/lib/python3.11/site-packages/airflow/example_dags/example_xcom.py took 0.057 seconds
[2024-03-04T16:02:07.262+0000] {processor.py:161} INFO - Started process (PID=1135) to work on /home/airflow/.local/lib/python3.11/site-packages/airflow/example_dags/example_xcom.py
[2024-03-04T16:02:07.263+0000] {processor.py:830} INFO - Processing file /home/airflow/.local/lib/python3.11/site-packages/airflow/example_dags/example_xcom.py for tasks to queue
[2024-03-04T16:02:07.265+0000] {logging_mixin.py:188} INFO - [2024-03-04T16:02:07.265+0000] {dagbag.py:540} INFO - Filling up the DagBag from /home/airflow/.local/lib/python3.11/site-packages/airflow/example_dags/example_xcom.py
[2024-03-04T16:02:07.274+0000] {processor.py:840} INFO - DAG(s) 'example_xcom' retrieved from /home/airflow/.local/lib/python3.11/site-packages/airflow/example_dags/example_xcom.py
[2024-03-04T16:02:07.291+0000] {logging_mixin.py:188} INFO - [2024-03-04T16:02:07.291+0000] {dag.py:3047} INFO - Sync 1 DAGs
[2024-03-04T16:02:07.309+0000] {logging_mixin.py:188} INFO - [2024-03-04T16:02:07.309+0000] {dag.py:3834} INFO - Setting next_dagrun for example_xcom to 2021-01-01 00:00:00+00:00, run_after=2021-01-01 00:00:00+00:00
[2024-03-04T16:02:07.340+0000] {processor.py:183} INFO - Processing /home/airflow/.local/lib/python3.11/site-packages/airflow/example_dags/example_xcom.py took 0.082 seconds
[2024-03-04T16:02:38.058+0000] {processor.py:161} INFO - Started process (PID=1190) to work on /home/airflow/.local/lib/python3.11/site-packages/airflow/example_dags/example_xcom.py
[2024-03-04T16:02:38.058+0000] {processor.py:830} INFO - Processing file /home/airflow/.local/lib/python3.11/site-packages/airflow/example_dags/example_xcom.py for tasks to queue
[2024-03-04T16:02:38.060+0000] {logging_mixin.py:188} INFO - [2024-03-04T16:02:38.059+0000] {dagbag.py:540} INFO - Filling up the DagBag from /home/airflow/.local/lib/python3.11/site-packages/airflow/example_dags/example_xcom.py
[2024-03-04T16:02:38.064+0000] {processor.py:840} INFO - DAG(s) 'example_xcom' retrieved from /home/airflow/.local/lib/python3.11/site-packages/airflow/example_dags/example_xcom.py
[2024-03-04T16:02:38.075+0000] {logging_mixin.py:188} INFO - [2024-03-04T16:02:38.075+0000] {dag.py:3047} INFO - Sync 1 DAGs
[2024-03-04T16:02:38.088+0000] {logging_mixin.py:188} INFO - [2024-03-04T16:02:38.088+0000] {dag.py:3834} INFO - Setting next_dagrun for example_xcom to 2021-01-01 00:00:00+00:00, run_after=2021-01-01 00:00:00+00:00
[2024-03-04T16:02:38.107+0000] {processor.py:183} INFO - Processing /home/airflow/.local/lib/python3.11/site-packages/airflow/example_dags/example_xcom.py took 0.051 seconds
[2024-03-04T16:03:08.817+0000] {processor.py:161} INFO - Started process (PID=1245) to work on /home/airflow/.local/lib/python3.11/site-packages/airflow/example_dags/example_xcom.py
[2024-03-04T16:03:08.817+0000] {processor.py:830} INFO - Processing file /home/airflow/.local/lib/python3.11/site-packages/airflow/example_dags/example_xcom.py for tasks to queue
[2024-03-04T16:03:08.818+0000] {logging_mixin.py:188} INFO - [2024-03-04T16:03:08.818+0000] {dagbag.py:540} INFO - Filling up the DagBag from /home/airflow/.local/lib/python3.11/site-packages/airflow/example_dags/example_xcom.py
[2024-03-04T16:03:08.822+0000] {processor.py:840} INFO - DAG(s) 'example_xcom' retrieved from /home/airflow/.local/lib/python3.11/site-packages/airflow/example_dags/example_xcom.py
[2024-03-04T16:03:08.831+0000] {logging_mixin.py:188} INFO - [2024-03-04T16:03:08.831+0000] {dag.py:3047} INFO - Sync 1 DAGs
[2024-03-04T16:03:08.840+0000] {logging_mixin.py:188} INFO - [2024-03-04T16:03:08.840+0000] {dag.py:3834} INFO - Setting next_dagrun for example_xcom to 2021-01-01 00:00:00+00:00, run_after=2021-01-01 00:00:00+00:00
[2024-03-04T16:03:08.849+0000] {processor.py:183} INFO - Processing /home/airflow/.local/lib/python3.11/site-packages/airflow/example_dags/example_xcom.py took 0.034 seconds
[2024-03-04T16:03:39.608+0000] {processor.py:161} INFO - Started process (PID=1300) to work on /home/airflow/.local/lib/python3.11/site-packages/airflow/example_dags/example_xcom.py
[2024-03-04T16:03:39.609+0000] {processor.py:830} INFO - Processing file /home/airflow/.local/lib/python3.11/site-packages/airflow/example_dags/example_xcom.py for tasks to queue
[2024-03-04T16:03:39.610+0000] {logging_mixin.py:188} INFO - [2024-03-04T16:03:39.610+0000] {dagbag.py:540} INFO - Filling up the DagBag from /home/airflow/.local/lib/python3.11/site-packages/airflow/example_dags/example_xcom.py
[2024-03-04T16:03:39.614+0000] {processor.py:840} INFO - DAG(s) 'example_xcom' retrieved from /home/airflow/.local/lib/python3.11/site-packages/airflow/example_dags/example_xcom.py
[2024-03-04T16:03:39.627+0000] {logging_mixin.py:188} INFO - [2024-03-04T16:03:39.627+0000] {dag.py:3047} INFO - Sync 1 DAGs
[2024-03-04T16:03:39.647+0000] {logging_mixin.py:188} INFO - [2024-03-04T16:03:39.647+0000] {dag.py:3834} INFO - Setting next_dagrun for example_xcom to 2021-01-01 00:00:00+00:00, run_after=2021-01-01 00:00:00+00:00
[2024-03-04T16:03:39.655+0000] {processor.py:183} INFO - Processing /home/airflow/.local/lib/python3.11/site-packages/airflow/example_dags/example_xcom.py took 0.049 seconds
[2024-03-04T16:04:09.782+0000] {processor.py:161} INFO - Started process (PID=1355) to work on /home/airflow/.local/lib/python3.11/site-packages/airflow/example_dags/example_xcom.py
[2024-03-04T16:04:09.783+0000] {processor.py:830} INFO - Processing file /home/airflow/.local/lib/python3.11/site-packages/airflow/example_dags/example_xcom.py for tasks to queue
[2024-03-04T16:04:09.784+0000] {logging_mixin.py:188} INFO - [2024-03-04T16:04:09.784+0000] {dagbag.py:540} INFO - Filling up the DagBag from /home/airflow/.local/lib/python3.11/site-packages/airflow/example_dags/example_xcom.py
[2024-03-04T16:04:09.787+0000] {processor.py:840} INFO - DAG(s) 'example_xcom' retrieved from /home/airflow/.local/lib/python3.11/site-packages/airflow/example_dags/example_xcom.py
[2024-03-04T16:04:09.795+0000] {logging_mixin.py:188} INFO - [2024-03-04T16:04:09.795+0000] {dag.py:3047} INFO - Sync 1 DAGs
[2024-03-04T16:04:09.803+0000] {logging_mixin.py:188} INFO - [2024-03-04T16:04:09.803+0000] {dag.py:3834} INFO - Setting next_dagrun for example_xcom to 2021-01-01 00:00:00+00:00, run_after=2021-01-01 00:00:00+00:00
[2024-03-04T16:04:09.809+0000] {processor.py:183} INFO - Processing /home/airflow/.local/lib/python3.11/site-packages/airflow/example_dags/example_xcom.py took 0.028 seconds
[2024-03-04T16:04:39.983+0000] {processor.py:161} INFO - Started process (PID=1410) to work on /home/airflow/.local/lib/python3.11/site-packages/airflow/example_dags/example_xcom.py
[2024-03-04T16:04:39.983+0000] {processor.py:830} INFO - Processing file /home/airflow/.local/lib/python3.11/site-packages/airflow/example_dags/example_xcom.py for tasks to queue
[2024-03-04T16:04:39.984+0000] {logging_mixin.py:188} INFO - [2024-03-04T16:04:39.984+0000] {dagbag.py:540} INFO - Filling up the DagBag from /home/airflow/.local/lib/python3.11/site-packages/airflow/example_dags/example_xcom.py
[2024-03-04T16:04:39.987+0000] {processor.py:840} INFO - DAG(s) 'example_xcom' retrieved from /home/airflow/.local/lib/python3.11/site-packages/airflow/example_dags/example_xcom.py
[2024-03-04T16:04:39.996+0000] {logging_mixin.py:188} INFO - [2024-03-04T16:04:39.996+0000] {dag.py:3047} INFO - Sync 1 DAGs
[2024-03-04T16:04:40.004+0000] {logging_mixin.py:188} INFO - [2024-03-04T16:04:40.004+0000] {dag.py:3834} INFO - Setting next_dagrun for example_xcom to 2021-01-01 00:00:00+00:00, run_after=2021-01-01 00:00:00+00:00
[2024-03-04T16:04:40.010+0000] {processor.py:183} INFO - Processing /home/airflow/.local/lib/python3.11/site-packages/airflow/example_dags/example_xcom.py took 0.029 seconds
[2024-03-04T16:05:10.674+0000] {processor.py:161} INFO - Started process (PID=1465) to work on /home/airflow/.local/lib/python3.11/site-packages/airflow/example_dags/example_xcom.py
[2024-03-04T16:05:10.675+0000] {processor.py:830} INFO - Processing file /home/airflow/.local/lib/python3.11/site-packages/airflow/example_dags/example_xcom.py for tasks to queue
[2024-03-04T16:05:10.675+0000] {logging_mixin.py:188} INFO - [2024-03-04T16:05:10.675+0000] {dagbag.py:540} INFO - Filling up the DagBag from /home/airflow/.local/lib/python3.11/site-packages/airflow/example_dags/example_xcom.py
[2024-03-04T16:05:10.679+0000] {processor.py:840} INFO - DAG(s) 'example_xcom' retrieved from /home/airflow/.local/lib/python3.11/site-packages/airflow/example_dags/example_xcom.py
[2024-03-04T16:05:10.688+0000] {logging_mixin.py:188} INFO - [2024-03-04T16:05:10.688+0000] {dag.py:3047} INFO - Sync 1 DAGs
[2024-03-04T16:05:10.696+0000] {logging_mixin.py:188} INFO - [2024-03-04T16:05:10.696+0000] {dag.py:3834} INFO - Setting next_dagrun for example_xcom to 2021-01-01 00:00:00+00:00, run_after=2021-01-01 00:00:00+00:00
[2024-03-04T16:05:10.703+0000] {processor.py:183} INFO - Processing /home/airflow/.local/lib/python3.11/site-packages/airflow/example_dags/example_xcom.py took 0.030 seconds
[2024-03-04T16:05:41.539+0000] {processor.py:161} INFO - Started process (PID=1520) to work on /home/airflow/.local/lib/python3.11/site-packages/airflow/example_dags/example_xcom.py
[2024-03-04T16:05:41.540+0000] {processor.py:830} INFO - Processing file /home/airflow/.local/lib/python3.11/site-packages/airflow/example_dags/example_xcom.py for tasks to queue
[2024-03-04T16:05:41.543+0000] {logging_mixin.py:188} INFO - [2024-03-04T16:05:41.542+0000] {dagbag.py:540} INFO - Filling up the DagBag from /home/airflow/.local/lib/python3.11/site-packages/airflow/example_dags/example_xcom.py
[2024-03-04T16:05:41.552+0000] {processor.py:840} INFO - DAG(s) 'example_xcom' retrieved from /home/airflow/.local/lib/python3.11/site-packages/airflow/example_dags/example_xcom.py
[2024-03-04T16:05:41.562+0000] {logging_mixin.py:188} INFO - [2024-03-04T16:05:41.561+0000] {dag.py:3047} INFO - Sync 1 DAGs
[2024-03-04T16:05:41.570+0000] {logging_mixin.py:188} INFO - [2024-03-04T16:05:41.570+0000] {dag.py:3834} INFO - Setting next_dagrun for example_xcom to 2021-01-01 00:00:00+00:00, run_after=2021-01-01 00:00:00+00:00
[2024-03-04T16:05:41.578+0000] {processor.py:183} INFO - Processing /home/airflow/.local/lib/python3.11/site-packages/airflow/example_dags/example_xcom.py took 0.044 seconds
[2024-03-04T16:06:11.793+0000] {processor.py:161} INFO - Started process (PID=1575) to work on /home/airflow/.local/lib/python3.11/site-packages/airflow/example_dags/example_xcom.py
[2024-03-04T16:06:11.793+0000] {processor.py:830} INFO - Processing file /home/airflow/.local/lib/python3.11/site-packages/airflow/example_dags/example_xcom.py for tasks to queue
[2024-03-04T16:06:11.794+0000] {logging_mixin.py:188} INFO - [2024-03-04T16:06:11.794+0000] {dagbag.py:540} INFO - Filling up the DagBag from /home/airflow/.local/lib/python3.11/site-packages/airflow/example_dags/example_xcom.py
[2024-03-04T16:06:11.798+0000] {processor.py:840} INFO - DAG(s) 'example_xcom' retrieved from /home/airflow/.local/lib/python3.11/site-packages/airflow/example_dags/example_xcom.py
[2024-03-04T16:06:11.807+0000] {logging_mixin.py:188} INFO - [2024-03-04T16:06:11.807+0000] {dag.py:3047} INFO - Sync 1 DAGs
[2024-03-04T16:06:11.817+0000] {logging_mixin.py:188} INFO - [2024-03-04T16:06:11.816+0000] {dag.py:3834} INFO - Setting next_dagrun for example_xcom to 2021-01-01 00:00:00+00:00, run_after=2021-01-01 00:00:00+00:00
[2024-03-04T16:06:11.824+0000] {processor.py:183} INFO - Processing /home/airflow/.local/lib/python3.11/site-packages/airflow/example_dags/example_xcom.py took 0.033 seconds
[2024-03-04T16:06:41.942+0000] {processor.py:161} INFO - Started process (PID=1630) to work on /home/airflow/.local/lib/python3.11/site-packages/airflow/example_dags/example_xcom.py
[2024-03-04T16:06:41.942+0000] {processor.py:830} INFO - Processing file /home/airflow/.local/lib/python3.11/site-packages/airflow/example_dags/example_xcom.py for tasks to queue
[2024-03-04T16:06:41.943+0000] {logging_mixin.py:188} INFO - [2024-03-04T16:06:41.943+0000] {dagbag.py:540} INFO - Filling up the DagBag from /home/airflow/.local/lib/python3.11/site-packages/airflow/example_dags/example_xcom.py
[2024-03-04T16:06:41.947+0000] {processor.py:840} INFO - DAG(s) 'example_xcom' retrieved from /home/airflow/.local/lib/python3.11/site-packages/airflow/example_dags/example_xcom.py
[2024-03-04T16:06:41.957+0000] {logging_mixin.py:188} INFO - [2024-03-04T16:06:41.957+0000] {dag.py:3047} INFO - Sync 1 DAGs
[2024-03-04T16:06:41.967+0000] {logging_mixin.py:188} INFO - [2024-03-04T16:06:41.967+0000] {dag.py:3834} INFO - Setting next_dagrun for example_xcom to 2021-01-01 00:00:00+00:00, run_after=2021-01-01 00:00:00+00:00
[2024-03-04T16:06:41.974+0000] {processor.py:183} INFO - Processing /home/airflow/.local/lib/python3.11/site-packages/airflow/example_dags/example_xcom.py took 0.034 seconds
[2024-03-04T16:07:12.738+0000] {processor.py:161} INFO - Started process (PID=1685) to work on /home/airflow/.local/lib/python3.11/site-packages/airflow/example_dags/example_xcom.py
[2024-03-04T16:07:12.738+0000] {processor.py:830} INFO - Processing file /home/airflow/.local/lib/python3.11/site-packages/airflow/example_dags/example_xcom.py for tasks to queue
[2024-03-04T16:07:12.739+0000] {logging_mixin.py:188} INFO - [2024-03-04T16:07:12.739+0000] {dagbag.py:540} INFO - Filling up the DagBag from /home/airflow/.local/lib/python3.11/site-packages/airflow/example_dags/example_xcom.py
[2024-03-04T16:07:12.742+0000] {processor.py:840} INFO - DAG(s) 'example_xcom' retrieved from /home/airflow/.local/lib/python3.11/site-packages/airflow/example_dags/example_xcom.py
[2024-03-04T16:07:12.751+0000] {logging_mixin.py:188} INFO - [2024-03-04T16:07:12.750+0000] {dag.py:3047} INFO - Sync 1 DAGs
[2024-03-04T16:07:12.759+0000] {logging_mixin.py:188} INFO - [2024-03-04T16:07:12.759+0000] {dag.py:3834} INFO - Setting next_dagrun for example_xcom to 2021-01-01 00:00:00+00:00, run_after=2021-01-01 00:00:00+00:00
[2024-03-04T16:07:12.766+0000] {processor.py:183} INFO - Processing /home/airflow/.local/lib/python3.11/site-packages/airflow/example_dags/example_xcom.py took 0.030 seconds
[2024-03-04T16:07:43.419+0000] {processor.py:161} INFO - Started process (PID=1740) to work on /home/airflow/.local/lib/python3.11/site-packages/airflow/example_dags/example_xcom.py
[2024-03-04T16:07:43.420+0000] {processor.py:830} INFO - Processing file /home/airflow/.local/lib/python3.11/site-packages/airflow/example_dags/example_xcom.py for tasks to queue
[2024-03-04T16:07:43.421+0000] {logging_mixin.py:188} INFO - [2024-03-04T16:07:43.421+0000] {dagbag.py:540} INFO - Filling up the DagBag from /home/airflow/.local/lib/python3.11/site-packages/airflow/example_dags/example_xcom.py
[2024-03-04T16:07:43.424+0000] {processor.py:840} INFO - DAG(s) 'example_xcom' retrieved from /home/airflow/.local/lib/python3.11/site-packages/airflow/example_dags/example_xcom.py
[2024-03-04T16:07:43.432+0000] {logging_mixin.py:188} INFO - [2024-03-04T16:07:43.432+0000] {dag.py:3047} INFO - Sync 1 DAGs
[2024-03-04T16:07:43.440+0000] {logging_mixin.py:188} INFO - [2024-03-04T16:07:43.440+0000] {dag.py:3834} INFO - Setting next_dagrun for example_xcom to 2021-01-01 00:00:00+00:00, run_after=2021-01-01 00:00:00+00:00
[2024-03-04T16:07:43.447+0000] {processor.py:183} INFO - Processing /home/airflow/.local/lib/python3.11/site-packages/airflow/example_dags/example_xcom.py took 0.030 seconds
[2024-03-04T16:08:14.179+0000] {processor.py:161} INFO - Started process (PID=1801) to work on /home/airflow/.local/lib/python3.11/site-packages/airflow/example_dags/example_xcom.py
[2024-03-04T16:08:14.181+0000] {processor.py:830} INFO - Processing file /home/airflow/.local/lib/python3.11/site-packages/airflow/example_dags/example_xcom.py for tasks to queue
[2024-03-04T16:08:14.182+0000] {logging_mixin.py:188} INFO - [2024-03-04T16:08:14.182+0000] {dagbag.py:540} INFO - Filling up the DagBag from /home/airflow/.local/lib/python3.11/site-packages/airflow/example_dags/example_xcom.py
[2024-03-04T16:08:14.187+0000] {processor.py:840} INFO - DAG(s) 'example_xcom' retrieved from /home/airflow/.local/lib/python3.11/site-packages/airflow/example_dags/example_xcom.py
[2024-03-04T16:08:14.197+0000] {logging_mixin.py:188} INFO - [2024-03-04T16:08:14.197+0000] {dag.py:3047} INFO - Sync 1 DAGs
[2024-03-04T16:08:14.206+0000] {logging_mixin.py:188} INFO - [2024-03-04T16:08:14.206+0000] {dag.py:3834} INFO - Setting next_dagrun for example_xcom to 2021-01-01 00:00:00+00:00, run_after=2021-01-01 00:00:00+00:00
[2024-03-04T16:08:14.213+0000] {processor.py:183} INFO - Processing /home/airflow/.local/lib/python3.11/site-packages/airflow/example_dags/example_xcom.py took 0.036 seconds
[2024-03-04T16:08:44.801+0000] {processor.py:161} INFO - Started process (PID=1856) to work on /home/airflow/.local/lib/python3.11/site-packages/airflow/example_dags/example_xcom.py
[2024-03-04T16:08:44.802+0000] {processor.py:830} INFO - Processing file /home/airflow/.local/lib/python3.11/site-packages/airflow/example_dags/example_xcom.py for tasks to queue
[2024-03-04T16:08:44.803+0000] {logging_mixin.py:188} INFO - [2024-03-04T16:08:44.803+0000] {dagbag.py:540} INFO - Filling up the DagBag from /home/airflow/.local/lib/python3.11/site-packages/airflow/example_dags/example_xcom.py
[2024-03-04T16:08:44.807+0000] {processor.py:840} INFO - DAG(s) 'example_xcom' retrieved from /home/airflow/.local/lib/python3.11/site-packages/airflow/example_dags/example_xcom.py
[2024-03-04T16:08:44.815+0000] {logging_mixin.py:188} INFO - [2024-03-04T16:08:44.815+0000] {dag.py:3047} INFO - Sync 1 DAGs
[2024-03-04T16:08:44.823+0000] {logging_mixin.py:188} INFO - [2024-03-04T16:08:44.823+0000] {dag.py:3834} INFO - Setting next_dagrun for example_xcom to 2021-01-01 00:00:00+00:00, run_after=2021-01-01 00:00:00+00:00
[2024-03-04T16:08:44.830+0000] {processor.py:183} INFO - Processing /home/airflow/.local/lib/python3.11/site-packages/airflow/example_dags/example_xcom.py took 0.030 seconds
[2024-03-04T16:09:15.497+0000] {processor.py:161} INFO - Started process (PID=1911) to work on /home/airflow/.local/lib/python3.11/site-packages/airflow/example_dags/example_xcom.py
[2024-03-04T16:09:15.498+0000] {processor.py:830} INFO - Processing file /home/airflow/.local/lib/python3.11/site-packages/airflow/example_dags/example_xcom.py for tasks to queue
[2024-03-04T16:09:15.499+0000] {logging_mixin.py:188} INFO - [2024-03-04T16:09:15.499+0000] {dagbag.py:540} INFO - Filling up the DagBag from /home/airflow/.local/lib/python3.11/site-packages/airflow/example_dags/example_xcom.py
[2024-03-04T16:09:15.503+0000] {processor.py:840} INFO - DAG(s) 'example_xcom' retrieved from /home/airflow/.local/lib/python3.11/site-packages/airflow/example_dags/example_xcom.py
[2024-03-04T16:09:15.512+0000] {logging_mixin.py:188} INFO - [2024-03-04T16:09:15.511+0000] {dag.py:3047} INFO - Sync 1 DAGs
[2024-03-04T16:09:15.519+0000] {logging_mixin.py:188} INFO - [2024-03-04T16:09:15.519+0000] {dag.py:3834} INFO - Setting next_dagrun for example_xcom to 2021-01-01 00:00:00+00:00, run_after=2021-01-01 00:00:00+00:00
[2024-03-04T16:09:15.526+0000] {processor.py:183} INFO - Processing /home/airflow/.local/lib/python3.11/site-packages/airflow/example_dags/example_xcom.py took 0.030 seconds
[2024-03-04T16:09:46.029+0000] {processor.py:161} INFO - Started process (PID=1966) to work on /home/airflow/.local/lib/python3.11/site-packages/airflow/example_dags/example_xcom.py
[2024-03-04T16:09:46.029+0000] {processor.py:830} INFO - Processing file /home/airflow/.local/lib/python3.11/site-packages/airflow/example_dags/example_xcom.py for tasks to queue
[2024-03-04T16:09:46.030+0000] {logging_mixin.py:188} INFO - [2024-03-04T16:09:46.030+0000] {dagbag.py:540} INFO - Filling up the DagBag from /home/airflow/.local/lib/python3.11/site-packages/airflow/example_dags/example_xcom.py
[2024-03-04T16:09:46.034+0000] {processor.py:840} INFO - DAG(s) 'example_xcom' retrieved from /home/airflow/.local/lib/python3.11/site-packages/airflow/example_dags/example_xcom.py
[2024-03-04T16:09:46.045+0000] {logging_mixin.py:188} INFO - [2024-03-04T16:09:46.045+0000] {dag.py:3047} INFO - Sync 1 DAGs
[2024-03-04T16:09:46.054+0000] {logging_mixin.py:188} INFO - [2024-03-04T16:09:46.053+0000] {dag.py:3834} INFO - Setting next_dagrun for example_xcom to 2021-01-01 00:00:00+00:00, run_after=2021-01-01 00:00:00+00:00
[2024-03-04T16:09:46.061+0000] {processor.py:183} INFO - Processing /home/airflow/.local/lib/python3.11/site-packages/airflow/example_dags/example_xcom.py took 0.034 seconds
[2024-03-04T16:10:16.774+0000] {processor.py:161} INFO - Started process (PID=2021) to work on /home/airflow/.local/lib/python3.11/site-packages/airflow/example_dags/example_xcom.py
[2024-03-04T16:10:16.775+0000] {processor.py:830} INFO - Processing file /home/airflow/.local/lib/python3.11/site-packages/airflow/example_dags/example_xcom.py for tasks to queue
[2024-03-04T16:10:16.776+0000] {logging_mixin.py:188} INFO - [2024-03-04T16:10:16.776+0000] {dagbag.py:540} INFO - Filling up the DagBag from /home/airflow/.local/lib/python3.11/site-packages/airflow/example_dags/example_xcom.py
[2024-03-04T16:10:16.780+0000] {processor.py:840} INFO - DAG(s) 'example_xcom' retrieved from /home/airflow/.local/lib/python3.11/site-packages/airflow/example_dags/example_xcom.py
[2024-03-04T16:10:16.789+0000] {logging_mixin.py:188} INFO - [2024-03-04T16:10:16.789+0000] {dag.py:3047} INFO - Sync 1 DAGs
[2024-03-04T16:10:16.797+0000] {logging_mixin.py:188} INFO - [2024-03-04T16:10:16.796+0000] {dag.py:3834} INFO - Setting next_dagrun for example_xcom to 2021-01-01 00:00:00+00:00, run_after=2021-01-01 00:00:00+00:00
[2024-03-04T16:10:16.803+0000] {processor.py:183} INFO - Processing /home/airflow/.local/lib/python3.11/site-packages/airflow/example_dags/example_xcom.py took 0.031 seconds
[2024-03-04T16:10:47.326+0000] {processor.py:161} INFO - Started process (PID=2076) to work on /home/airflow/.local/lib/python3.11/site-packages/airflow/example_dags/example_xcom.py
[2024-03-04T16:10:47.327+0000] {processor.py:830} INFO - Processing file /home/airflow/.local/lib/python3.11/site-packages/airflow/example_dags/example_xcom.py for tasks to queue
[2024-03-04T16:10:47.328+0000] {logging_mixin.py:188} INFO - [2024-03-04T16:10:47.328+0000] {dagbag.py:540} INFO - Filling up the DagBag from /home/airflow/.local/lib/python3.11/site-packages/airflow/example_dags/example_xcom.py
[2024-03-04T16:10:47.332+0000] {processor.py:840} INFO - DAG(s) 'example_xcom' retrieved from /home/airflow/.local/lib/python3.11/site-packages/airflow/example_dags/example_xcom.py
[2024-03-04T16:10:47.341+0000] {logging_mixin.py:188} INFO - [2024-03-04T16:10:47.341+0000] {dag.py:3047} INFO - Sync 1 DAGs
[2024-03-04T16:10:47.349+0000] {logging_mixin.py:188} INFO - [2024-03-04T16:10:47.349+0000] {dag.py:3834} INFO - Setting next_dagrun for example_xcom to 2021-01-01 00:00:00+00:00, run_after=2021-01-01 00:00:00+00:00
[2024-03-04T16:10:47.356+0000] {processor.py:183} INFO - Processing /home/airflow/.local/lib/python3.11/site-packages/airflow/example_dags/example_xcom.py took 0.031 seconds
[2024-03-04T16:11:18.152+0000] {processor.py:161} INFO - Started process (PID=2131) to work on /home/airflow/.local/lib/python3.11/site-packages/airflow/example_dags/example_xcom.py
[2024-03-04T16:11:18.152+0000] {processor.py:830} INFO - Processing file /home/airflow/.local/lib/python3.11/site-packages/airflow/example_dags/example_xcom.py for tasks to queue
[2024-03-04T16:11:18.153+0000] {logging_mixin.py:188} INFO - [2024-03-04T16:11:18.153+0000] {dagbag.py:540} INFO - Filling up the DagBag from /home/airflow/.local/lib/python3.11/site-packages/airflow/example_dags/example_xcom.py
[2024-03-04T16:11:18.157+0000] {processor.py:840} INFO - DAG(s) 'example_xcom' retrieved from /home/airflow/.local/lib/python3.11/site-packages/airflow/example_dags/example_xcom.py
[2024-03-04T16:11:18.166+0000] {logging_mixin.py:188} INFO - [2024-03-04T16:11:18.166+0000] {dag.py:3047} INFO - Sync 1 DAGs
[2024-03-04T16:11:18.174+0000] {logging_mixin.py:188} INFO - [2024-03-04T16:11:18.174+0000] {dag.py:3834} INFO - Setting next_dagrun for example_xcom to 2021-01-01 00:00:00+00:00, run_after=2021-01-01 00:00:00+00:00
[2024-03-04T16:11:18.181+0000] {processor.py:183} INFO - Processing /home/airflow/.local/lib/python3.11/site-packages/airflow/example_dags/example_xcom.py took 0.031 seconds
[2024-03-04T16:11:48.766+0000] {processor.py:161} INFO - Started process (PID=2186) to work on /home/airflow/.local/lib/python3.11/site-packages/airflow/example_dags/example_xcom.py
[2024-03-04T16:11:48.766+0000] {processor.py:830} INFO - Processing file /home/airflow/.local/lib/python3.11/site-packages/airflow/example_dags/example_xcom.py for tasks to queue
[2024-03-04T16:11:48.767+0000] {logging_mixin.py:188} INFO - [2024-03-04T16:11:48.767+0000] {dagbag.py:540} INFO - Filling up the DagBag from /home/airflow/.local/lib/python3.11/site-packages/airflow/example_dags/example_xcom.py
[2024-03-04T16:11:48.771+0000] {processor.py:840} INFO - DAG(s) 'example_xcom' retrieved from /home/airflow/.local/lib/python3.11/site-packages/airflow/example_dags/example_xcom.py
[2024-03-04T16:11:48.780+0000] {logging_mixin.py:188} INFO - [2024-03-04T16:11:48.780+0000] {dag.py:3047} INFO - Sync 1 DAGs
[2024-03-04T16:11:48.788+0000] {logging_mixin.py:188} INFO - [2024-03-04T16:11:48.788+0000] {dag.py:3834} INFO - Setting next_dagrun for example_xcom to 2021-01-01 00:00:00+00:00, run_after=2021-01-01 00:00:00+00:00
[2024-03-04T16:11:48.795+0000] {processor.py:183} INFO - Processing /home/airflow/.local/lib/python3.11/site-packages/airflow/example_dags/example_xcom.py took 0.031 seconds
[2024-03-04T16:12:19.487+0000] {processor.py:161} INFO - Started process (PID=2241) to work on /home/airflow/.local/lib/python3.11/site-packages/airflow/example_dags/example_xcom.py
[2024-03-04T16:12:19.488+0000] {processor.py:830} INFO - Processing file /home/airflow/.local/lib/python3.11/site-packages/airflow/example_dags/example_xcom.py for tasks to queue
[2024-03-04T16:12:19.489+0000] {logging_mixin.py:188} INFO - [2024-03-04T16:12:19.488+0000] {dagbag.py:540} INFO - Filling up the DagBag from /home/airflow/.local/lib/python3.11/site-packages/airflow/example_dags/example_xcom.py
[2024-03-04T16:12:19.492+0000] {processor.py:840} INFO - DAG(s) 'example_xcom' retrieved from /home/airflow/.local/lib/python3.11/site-packages/airflow/example_dags/example_xcom.py
[2024-03-04T16:12:19.502+0000] {logging_mixin.py:188} INFO - [2024-03-04T16:12:19.502+0000] {dag.py:3047} INFO - Sync 1 DAGs
[2024-03-04T16:12:19.510+0000] {logging_mixin.py:188} INFO - [2024-03-04T16:12:19.509+0000] {dag.py:3834} INFO - Setting next_dagrun for example_xcom to 2021-01-01 00:00:00+00:00, run_after=2021-01-01 00:00:00+00:00
[2024-03-04T16:12:19.516+0000] {processor.py:183} INFO - Processing /home/airflow/.local/lib/python3.11/site-packages/airflow/example_dags/example_xcom.py took 0.031 seconds
[2024-03-04T16:12:50.132+0000] {processor.py:161} INFO - Started process (PID=2296) to work on /home/airflow/.local/lib/python3.11/site-packages/airflow/example_dags/example_xcom.py
[2024-03-04T16:12:50.133+0000] {processor.py:830} INFO - Processing file /home/airflow/.local/lib/python3.11/site-packages/airflow/example_dags/example_xcom.py for tasks to queue
[2024-03-04T16:12:50.134+0000] {logging_mixin.py:188} INFO - [2024-03-04T16:12:50.133+0000] {dagbag.py:540} INFO - Filling up the DagBag from /home/airflow/.local/lib/python3.11/site-packages/airflow/example_dags/example_xcom.py
[2024-03-04T16:12:50.137+0000] {processor.py:840} INFO - DAG(s) 'example_xcom' retrieved from /home/airflow/.local/lib/python3.11/site-packages/airflow/example_dags/example_xcom.py
[2024-03-04T16:12:50.148+0000] {logging_mixin.py:188} INFO - [2024-03-04T16:12:50.148+0000] {dag.py:3047} INFO - Sync 1 DAGs
[2024-03-04T16:12:50.157+0000] {logging_mixin.py:188} INFO - [2024-03-04T16:12:50.157+0000] {dag.py:3834} INFO - Setting next_dagrun for example_xcom to 2021-01-01 00:00:00+00:00, run_after=2021-01-01 00:00:00+00:00
[2024-03-04T16:12:50.163+0000] {processor.py:183} INFO - Processing /home/airflow/.local/lib/python3.11/site-packages/airflow/example_dags/example_xcom.py took 0.033 seconds
[2024-03-04T16:13:20.719+0000] {processor.py:161} INFO - Started process (PID=2351) to work on /home/airflow/.local/lib/python3.11/site-packages/airflow/example_dags/example_xcom.py
[2024-03-04T16:13:20.719+0000] {processor.py:830} INFO - Processing file /home/airflow/.local/lib/python3.11/site-packages/airflow/example_dags/example_xcom.py for tasks to queue
[2024-03-04T16:13:20.721+0000] {logging_mixin.py:188} INFO - [2024-03-04T16:13:20.720+0000] {dagbag.py:540} INFO - Filling up the DagBag from /home/airflow/.local/lib/python3.11/site-packages/airflow/example_dags/example_xcom.py
[2024-03-04T16:13:20.724+0000] {processor.py:840} INFO - DAG(s) 'example_xcom' retrieved from /home/airflow/.local/lib/python3.11/site-packages/airflow/example_dags/example_xcom.py
[2024-03-04T16:13:20.732+0000] {logging_mixin.py:188} INFO - [2024-03-04T16:13:20.732+0000] {dag.py:3047} INFO - Sync 1 DAGs
[2024-03-04T16:13:20.740+0000] {logging_mixin.py:188} INFO - [2024-03-04T16:13:20.740+0000] {dag.py:3834} INFO - Setting next_dagrun for example_xcom to 2021-01-01 00:00:00+00:00, run_after=2021-01-01 00:00:00+00:00
[2024-03-04T16:13:20.747+0000] {processor.py:183} INFO - Processing /home/airflow/.local/lib/python3.11/site-packages/airflow/example_dags/example_xcom.py took 0.030 seconds
[2024-03-04T16:13:51.464+0000] {processor.py:161} INFO - Started process (PID=2406) to work on /home/airflow/.local/lib/python3.11/site-packages/airflow/example_dags/example_xcom.py
[2024-03-04T16:13:51.464+0000] {processor.py:830} INFO - Processing file /home/airflow/.local/lib/python3.11/site-packages/airflow/example_dags/example_xcom.py for tasks to queue
[2024-03-04T16:13:51.465+0000] {logging_mixin.py:188} INFO - [2024-03-04T16:13:51.465+0000] {dagbag.py:540} INFO - Filling up the DagBag from /home/airflow/.local/lib/python3.11/site-packages/airflow/example_dags/example_xcom.py
[2024-03-04T16:13:51.469+0000] {processor.py:840} INFO - DAG(s) 'example_xcom' retrieved from /home/airflow/.local/lib/python3.11/site-packages/airflow/example_dags/example_xcom.py
[2024-03-04T16:13:51.478+0000] {logging_mixin.py:188} INFO - [2024-03-04T16:13:51.478+0000] {dag.py:3047} INFO - Sync 1 DAGs
[2024-03-04T16:13:51.486+0000] {logging_mixin.py:188} INFO - [2024-03-04T16:13:51.486+0000] {dag.py:3834} INFO - Setting next_dagrun for example_xcom to 2021-01-01 00:00:00+00:00, run_after=2021-01-01 00:00:00+00:00
[2024-03-04T16:13:51.493+0000] {processor.py:183} INFO - Processing /home/airflow/.local/lib/python3.11/site-packages/airflow/example_dags/example_xcom.py took 0.031 seconds
[2024-03-04T16:14:22.202+0000] {processor.py:161} INFO - Started process (PID=2461) to work on /home/airflow/.local/lib/python3.11/site-packages/airflow/example_dags/example_xcom.py
[2024-03-04T16:14:22.203+0000] {processor.py:830} INFO - Processing file /home/airflow/.local/lib/python3.11/site-packages/airflow/example_dags/example_xcom.py for tasks to queue
[2024-03-04T16:14:22.204+0000] {logging_mixin.py:188} INFO - [2024-03-04T16:14:22.204+0000] {dagbag.py:540} INFO - Filling up the DagBag from /home/airflow/.local/lib/python3.11/site-packages/airflow/example_dags/example_xcom.py
[2024-03-04T16:14:22.208+0000] {processor.py:840} INFO - DAG(s) 'example_xcom' retrieved from /home/airflow/.local/lib/python3.11/site-packages/airflow/example_dags/example_xcom.py
[2024-03-04T16:14:22.217+0000] {logging_mixin.py:188} INFO - [2024-03-04T16:14:22.217+0000] {dag.py:3047} INFO - Sync 1 DAGs
[2024-03-04T16:14:22.228+0000] {logging_mixin.py:188} INFO - [2024-03-04T16:14:22.228+0000] {dag.py:3834} INFO - Setting next_dagrun for example_xcom to 2021-01-01 00:00:00+00:00, run_after=2021-01-01 00:00:00+00:00
[2024-03-04T16:14:22.235+0000] {processor.py:183} INFO - Processing /home/airflow/.local/lib/python3.11/site-packages/airflow/example_dags/example_xcom.py took 0.035 seconds
[2024-03-04T16:14:53.004+0000] {processor.py:161} INFO - Started process (PID=2516) to work on /home/airflow/.local/lib/python3.11/site-packages/airflow/example_dags/example_xcom.py
[2024-03-04T16:14:53.004+0000] {processor.py:830} INFO - Processing file /home/airflow/.local/lib/python3.11/site-packages/airflow/example_dags/example_xcom.py for tasks to queue
[2024-03-04T16:14:53.005+0000] {logging_mixin.py:188} INFO - [2024-03-04T16:14:53.005+0000] {dagbag.py:540} INFO - Filling up the DagBag from /home/airflow/.local/lib/python3.11/site-packages/airflow/example_dags/example_xcom.py
[2024-03-04T16:14:53.009+0000] {processor.py:840} INFO - DAG(s) 'example_xcom' retrieved from /home/airflow/.local/lib/python3.11/site-packages/airflow/example_dags/example_xcom.py
[2024-03-04T16:14:53.018+0000] {logging_mixin.py:188} INFO - [2024-03-04T16:14:53.018+0000] {dag.py:3047} INFO - Sync 1 DAGs
[2024-03-04T16:14:53.026+0000] {logging_mixin.py:188} INFO - [2024-03-04T16:14:53.026+0000] {dag.py:3834} INFO - Setting next_dagrun for example_xcom to 2021-01-01 00:00:00+00:00, run_after=2021-01-01 00:00:00+00:00
[2024-03-04T16:14:53.033+0000] {processor.py:183} INFO - Processing /home/airflow/.local/lib/python3.11/site-packages/airflow/example_dags/example_xcom.py took 0.031 seconds
[2024-03-04T16:15:23.383+0000] {processor.py:161} INFO - Started process (PID=2571) to work on /home/airflow/.local/lib/python3.11/site-packages/airflow/example_dags/example_xcom.py
[2024-03-04T16:15:23.383+0000] {processor.py:830} INFO - Processing file /home/airflow/.local/lib/python3.11/site-packages/airflow/example_dags/example_xcom.py for tasks to queue
[2024-03-04T16:15:23.384+0000] {logging_mixin.py:188} INFO - [2024-03-04T16:15:23.384+0000] {dagbag.py:540} INFO - Filling up the DagBag from /home/airflow/.local/lib/python3.11/site-packages/airflow/example_dags/example_xcom.py
[2024-03-04T16:15:23.388+0000] {processor.py:840} INFO - DAG(s) 'example_xcom' retrieved from /home/airflow/.local/lib/python3.11/site-packages/airflow/example_dags/example_xcom.py
[2024-03-04T16:15:23.397+0000] {logging_mixin.py:188} INFO - [2024-03-04T16:15:23.397+0000] {dag.py:3047} INFO - Sync 1 DAGs
[2024-03-04T16:15:23.411+0000] {logging_mixin.py:188} INFO - [2024-03-04T16:15:23.411+0000] {dag.py:3834} INFO - Setting next_dagrun for example_xcom to 2021-01-01 00:00:00+00:00, run_after=2021-01-01 00:00:00+00:00
[2024-03-04T16:15:23.424+0000] {processor.py:183} INFO - Processing /home/airflow/.local/lib/python3.11/site-packages/airflow/example_dags/example_xcom.py took 0.043 seconds
[2024-03-04T16:15:54.249+0000] {processor.py:161} INFO - Started process (PID=2626) to work on /home/airflow/.local/lib/python3.11/site-packages/airflow/example_dags/example_xcom.py
[2024-03-04T16:15:54.252+0000] {processor.py:830} INFO - Processing file /home/airflow/.local/lib/python3.11/site-packages/airflow/example_dags/example_xcom.py for tasks to queue
[2024-03-04T16:15:54.253+0000] {logging_mixin.py:188} INFO - [2024-03-04T16:15:54.252+0000] {dagbag.py:540} INFO - Filling up the DagBag from /home/airflow/.local/lib/python3.11/site-packages/airflow/example_dags/example_xcom.py
[2024-03-04T16:15:54.260+0000] {processor.py:840} INFO - DAG(s) 'example_xcom' retrieved from /home/airflow/.local/lib/python3.11/site-packages/airflow/example_dags/example_xcom.py
[2024-03-04T16:15:54.268+0000] {logging_mixin.py:188} INFO - [2024-03-04T16:15:54.268+0000] {dag.py:3047} INFO - Sync 1 DAGs
[2024-03-04T16:15:54.276+0000] {logging_mixin.py:188} INFO - [2024-03-04T16:15:54.276+0000] {dag.py:3834} INFO - Setting next_dagrun for example_xcom to 2021-01-01 00:00:00+00:00, run_after=2021-01-01 00:00:00+00:00
[2024-03-04T16:15:54.283+0000] {processor.py:183} INFO - Processing /home/airflow/.local/lib/python3.11/site-packages/airflow/example_dags/example_xcom.py took 0.036 seconds
[2024-03-04T16:16:25.100+0000] {processor.py:161} INFO - Started process (PID=2681) to work on /home/airflow/.local/lib/python3.11/site-packages/airflow/example_dags/example_xcom.py
[2024-03-04T16:16:25.101+0000] {processor.py:830} INFO - Processing file /home/airflow/.local/lib/python3.11/site-packages/airflow/example_dags/example_xcom.py for tasks to queue
[2024-03-04T16:16:25.102+0000] {logging_mixin.py:188} INFO - [2024-03-04T16:16:25.102+0000] {dagbag.py:540} INFO - Filling up the DagBag from /home/airflow/.local/lib/python3.11/site-packages/airflow/example_dags/example_xcom.py
[2024-03-04T16:16:25.106+0000] {processor.py:840} INFO - DAG(s) 'example_xcom' retrieved from /home/airflow/.local/lib/python3.11/site-packages/airflow/example_dags/example_xcom.py
[2024-03-04T16:16:25.114+0000] {logging_mixin.py:188} INFO - [2024-03-04T16:16:25.114+0000] {dag.py:3047} INFO - Sync 1 DAGs
[2024-03-04T16:16:25.122+0000] {logging_mixin.py:188} INFO - [2024-03-04T16:16:25.122+0000] {dag.py:3834} INFO - Setting next_dagrun for example_xcom to 2021-01-01 00:00:00+00:00, run_after=2021-01-01 00:00:00+00:00
[2024-03-04T16:16:25.129+0000] {processor.py:183} INFO - Processing /home/airflow/.local/lib/python3.11/site-packages/airflow/example_dags/example_xcom.py took 0.030 seconds
[2024-03-04T16:16:55.639+0000] {processor.py:161} INFO - Started process (PID=2736) to work on /home/airflow/.local/lib/python3.11/site-packages/airflow/example_dags/example_xcom.py
[2024-03-04T16:16:55.640+0000] {processor.py:830} INFO - Processing file /home/airflow/.local/lib/python3.11/site-packages/airflow/example_dags/example_xcom.py for tasks to queue
[2024-03-04T16:16:55.641+0000] {logging_mixin.py:188} INFO - [2024-03-04T16:16:55.641+0000] {dagbag.py:540} INFO - Filling up the DagBag from /home/airflow/.local/lib/python3.11/site-packages/airflow/example_dags/example_xcom.py
[2024-03-04T16:16:55.645+0000] {processor.py:840} INFO - DAG(s) 'example_xcom' retrieved from /home/airflow/.local/lib/python3.11/site-packages/airflow/example_dags/example_xcom.py
[2024-03-04T16:16:55.654+0000] {logging_mixin.py:188} INFO - [2024-03-04T16:16:55.654+0000] {dag.py:3047} INFO - Sync 1 DAGs
[2024-03-04T16:16:55.662+0000] {logging_mixin.py:188} INFO - [2024-03-04T16:16:55.662+0000] {dag.py:3834} INFO - Setting next_dagrun for example_xcom to 2021-01-01 00:00:00+00:00, run_after=2021-01-01 00:00:00+00:00
[2024-03-04T16:16:55.669+0000] {processor.py:183} INFO - Processing /home/airflow/.local/lib/python3.11/site-packages/airflow/example_dags/example_xcom.py took 0.031 seconds
[2024-03-04T16:17:26.438+0000] {processor.py:161} INFO - Started process (PID=2791) to work on /home/airflow/.local/lib/python3.11/site-packages/airflow/example_dags/example_xcom.py
[2024-03-04T16:17:26.439+0000] {processor.py:830} INFO - Processing file /home/airflow/.local/lib/python3.11/site-packages/airflow/example_dags/example_xcom.py for tasks to queue
[2024-03-04T16:17:26.440+0000] {logging_mixin.py:188} INFO - [2024-03-04T16:17:26.440+0000] {dagbag.py:540} INFO - Filling up the DagBag from /home/airflow/.local/lib/python3.11/site-packages/airflow/example_dags/example_xcom.py
[2024-03-04T16:17:26.444+0000] {processor.py:840} INFO - DAG(s) 'example_xcom' retrieved from /home/airflow/.local/lib/python3.11/site-packages/airflow/example_dags/example_xcom.py
[2024-03-04T16:17:26.456+0000] {logging_mixin.py:188} INFO - [2024-03-04T16:17:26.456+0000] {dag.py:3047} INFO - Sync 1 DAGs
[2024-03-04T16:17:26.466+0000] {logging_mixin.py:188} INFO - [2024-03-04T16:17:26.465+0000] {dag.py:3834} INFO - Setting next_dagrun for example_xcom to 2021-01-01 00:00:00+00:00, run_after=2021-01-01 00:00:00+00:00
[2024-03-04T16:17:26.473+0000] {processor.py:183} INFO - Processing /home/airflow/.local/lib/python3.11/site-packages/airflow/example_dags/example_xcom.py took 0.036 seconds
[2024-03-04T16:17:56.745+0000] {processor.py:161} INFO - Started process (PID=2846) to work on /home/airflow/.local/lib/python3.11/site-packages/airflow/example_dags/example_xcom.py
[2024-03-04T16:17:56.746+0000] {processor.py:830} INFO - Processing file /home/airflow/.local/lib/python3.11/site-packages/airflow/example_dags/example_xcom.py for tasks to queue
[2024-03-04T16:17:56.747+0000] {logging_mixin.py:188} INFO - [2024-03-04T16:17:56.747+0000] {dagbag.py:540} INFO - Filling up the DagBag from /home/airflow/.local/lib/python3.11/site-packages/airflow/example_dags/example_xcom.py
[2024-03-04T16:17:56.751+0000] {processor.py:840} INFO - DAG(s) 'example_xcom' retrieved from /home/airflow/.local/lib/python3.11/site-packages/airflow/example_dags/example_xcom.py
[2024-03-04T16:17:56.759+0000] {logging_mixin.py:188} INFO - [2024-03-04T16:17:56.759+0000] {dag.py:3047} INFO - Sync 1 DAGs
[2024-03-04T16:17:56.767+0000] {logging_mixin.py:188} INFO - [2024-03-04T16:17:56.767+0000] {dag.py:3834} INFO - Setting next_dagrun for example_xcom to 2021-01-01 00:00:00+00:00, run_after=2021-01-01 00:00:00+00:00
[2024-03-04T16:17:56.774+0000] {processor.py:183} INFO - Processing /home/airflow/.local/lib/python3.11/site-packages/airflow/example_dags/example_xcom.py took 0.030 seconds
[2024-03-04T16:18:27.106+0000] {processor.py:161} INFO - Started process (PID=2901) to work on /home/airflow/.local/lib/python3.11/site-packages/airflow/example_dags/example_xcom.py
[2024-03-04T16:18:27.107+0000] {processor.py:830} INFO - Processing file /home/airflow/.local/lib/python3.11/site-packages/airflow/example_dags/example_xcom.py for tasks to queue
[2024-03-04T16:18:27.108+0000] {logging_mixin.py:188} INFO - [2024-03-04T16:18:27.108+0000] {dagbag.py:540} INFO - Filling up the DagBag from /home/airflow/.local/lib/python3.11/site-packages/airflow/example_dags/example_xcom.py
[2024-03-04T16:18:27.112+0000] {processor.py:840} INFO - DAG(s) 'example_xcom' retrieved from /home/airflow/.local/lib/python3.11/site-packages/airflow/example_dags/example_xcom.py
[2024-03-04T16:18:27.121+0000] {logging_mixin.py:188} INFO - [2024-03-04T16:18:27.121+0000] {dag.py:3047} INFO - Sync 1 DAGs
[2024-03-04T16:18:27.129+0000] {logging_mixin.py:188} INFO - [2024-03-04T16:18:27.129+0000] {dag.py:3834} INFO - Setting next_dagrun for example_xcom to 2021-01-01 00:00:00+00:00, run_after=2021-01-01 00:00:00+00:00
[2024-03-04T16:18:27.137+0000] {processor.py:183} INFO - Processing /home/airflow/.local/lib/python3.11/site-packages/airflow/example_dags/example_xcom.py took 0.032 seconds
[2024-03-04T16:18:57.313+0000] {processor.py:161} INFO - Started process (PID=2956) to work on /home/airflow/.local/lib/python3.11/site-packages/airflow/example_dags/example_xcom.py
[2024-03-04T16:18:57.314+0000] {processor.py:830} INFO - Processing file /home/airflow/.local/lib/python3.11/site-packages/airflow/example_dags/example_xcom.py for tasks to queue
[2024-03-04T16:18:57.314+0000] {logging_mixin.py:188} INFO - [2024-03-04T16:18:57.314+0000] {dagbag.py:540} INFO - Filling up the DagBag from /home/airflow/.local/lib/python3.11/site-packages/airflow/example_dags/example_xcom.py
[2024-03-04T16:18:57.318+0000] {processor.py:840} INFO - DAG(s) 'example_xcom' retrieved from /home/airflow/.local/lib/python3.11/site-packages/airflow/example_dags/example_xcom.py
[2024-03-04T16:18:57.327+0000] {logging_mixin.py:188} INFO - [2024-03-04T16:18:57.327+0000] {dag.py:3047} INFO - Sync 1 DAGs
[2024-03-04T16:18:57.335+0000] {logging_mixin.py:188} INFO - [2024-03-04T16:18:57.335+0000] {dag.py:3834} INFO - Setting next_dagrun for example_xcom to 2021-01-01 00:00:00+00:00, run_after=2021-01-01 00:00:00+00:00
[2024-03-04T16:18:57.342+0000] {processor.py:183} INFO - Processing /home/airflow/.local/lib/python3.11/site-packages/airflow/example_dags/example_xcom.py took 0.031 seconds
[2024-03-04T16:19:27.518+0000] {processor.py:161} INFO - Started process (PID=3011) to work on /home/airflow/.local/lib/python3.11/site-packages/airflow/example_dags/example_xcom.py
[2024-03-04T16:19:27.519+0000] {processor.py:830} INFO - Processing file /home/airflow/.local/lib/python3.11/site-packages/airflow/example_dags/example_xcom.py for tasks to queue
[2024-03-04T16:19:27.520+0000] {logging_mixin.py:188} INFO - [2024-03-04T16:19:27.520+0000] {dagbag.py:540} INFO - Filling up the DagBag from /home/airflow/.local/lib/python3.11/site-packages/airflow/example_dags/example_xcom.py
[2024-03-04T16:19:27.524+0000] {processor.py:840} INFO - DAG(s) 'example_xcom' retrieved from /home/airflow/.local/lib/python3.11/site-packages/airflow/example_dags/example_xcom.py
[2024-03-04T16:19:27.532+0000] {logging_mixin.py:188} INFO - [2024-03-04T16:19:27.532+0000] {dag.py:3047} INFO - Sync 1 DAGs
[2024-03-04T16:19:27.540+0000] {logging_mixin.py:188} INFO - [2024-03-04T16:19:27.540+0000] {dag.py:3834} INFO - Setting next_dagrun for example_xcom to 2021-01-01 00:00:00+00:00, run_after=2021-01-01 00:00:00+00:00
[2024-03-04T16:19:27.547+0000] {processor.py:183} INFO - Processing /home/airflow/.local/lib/python3.11/site-packages/airflow/example_dags/example_xcom.py took 0.030 seconds
[2024-03-04T16:19:58.218+0000] {processor.py:161} INFO - Started process (PID=3066) to work on /home/airflow/.local/lib/python3.11/site-packages/airflow/example_dags/example_xcom.py
[2024-03-04T16:19:58.219+0000] {processor.py:830} INFO - Processing file /home/airflow/.local/lib/python3.11/site-packages/airflow/example_dags/example_xcom.py for tasks to queue
[2024-03-04T16:19:58.220+0000] {logging_mixin.py:188} INFO - [2024-03-04T16:19:58.220+0000] {dagbag.py:540} INFO - Filling up the DagBag from /home/airflow/.local/lib/python3.11/site-packages/airflow/example_dags/example_xcom.py
[2024-03-04T16:19:58.227+0000] {processor.py:840} INFO - DAG(s) 'example_xcom' retrieved from /home/airflow/.local/lib/python3.11/site-packages/airflow/example_dags/example_xcom.py
[2024-03-04T16:19:58.243+0000] {logging_mixin.py:188} INFO - [2024-03-04T16:19:58.242+0000] {dag.py:3047} INFO - Sync 1 DAGs
[2024-03-04T16:19:58.257+0000] {logging_mixin.py:188} INFO - [2024-03-04T16:19:58.257+0000] {dag.py:3834} INFO - Setting next_dagrun for example_xcom to 2021-01-01 00:00:00+00:00, run_after=2021-01-01 00:00:00+00:00
[2024-03-04T16:19:58.267+0000] {processor.py:183} INFO - Processing /home/airflow/.local/lib/python3.11/site-packages/airflow/example_dags/example_xcom.py took 0.051 seconds
[2024-03-04T16:20:28.390+0000] {processor.py:161} INFO - Started process (PID=3121) to work on /home/airflow/.local/lib/python3.11/site-packages/airflow/example_dags/example_xcom.py
[2024-03-04T16:20:28.390+0000] {processor.py:830} INFO - Processing file /home/airflow/.local/lib/python3.11/site-packages/airflow/example_dags/example_xcom.py for tasks to queue
[2024-03-04T16:20:28.391+0000] {logging_mixin.py:188} INFO - [2024-03-04T16:20:28.391+0000] {dagbag.py:540} INFO - Filling up the DagBag from /home/airflow/.local/lib/python3.11/site-packages/airflow/example_dags/example_xcom.py
[2024-03-04T16:20:28.396+0000] {processor.py:840} INFO - DAG(s) 'example_xcom' retrieved from /home/airflow/.local/lib/python3.11/site-packages/airflow/example_dags/example_xcom.py
[2024-03-04T16:20:28.405+0000] {logging_mixin.py:188} INFO - [2024-03-04T16:20:28.404+0000] {dag.py:3047} INFO - Sync 1 DAGs
[2024-03-04T16:20:28.413+0000] {logging_mixin.py:188} INFO - [2024-03-04T16:20:28.413+0000] {dag.py:3834} INFO - Setting next_dagrun for example_xcom to 2021-01-01 00:00:00+00:00, run_after=2021-01-01 00:00:00+00:00
[2024-03-04T16:20:28.419+0000] {processor.py:183} INFO - Processing /home/airflow/.local/lib/python3.11/site-packages/airflow/example_dags/example_xcom.py took 0.031 seconds
[2024-03-04T16:20:58.581+0000] {processor.py:161} INFO - Started process (PID=3176) to work on /home/airflow/.local/lib/python3.11/site-packages/airflow/example_dags/example_xcom.py
[2024-03-04T16:20:58.581+0000] {processor.py:830} INFO - Processing file /home/airflow/.local/lib/python3.11/site-packages/airflow/example_dags/example_xcom.py for tasks to queue
[2024-03-04T16:20:58.582+0000] {logging_mixin.py:188} INFO - [2024-03-04T16:20:58.582+0000] {dagbag.py:540} INFO - Filling up the DagBag from /home/airflow/.local/lib/python3.11/site-packages/airflow/example_dags/example_xcom.py
[2024-03-04T16:20:58.587+0000] {processor.py:840} INFO - DAG(s) 'example_xcom' retrieved from /home/airflow/.local/lib/python3.11/site-packages/airflow/example_dags/example_xcom.py
[2024-03-04T16:20:58.598+0000] {logging_mixin.py:188} INFO - [2024-03-04T16:20:58.597+0000] {dag.py:3047} INFO - Sync 1 DAGs
[2024-03-04T16:20:58.606+0000] {logging_mixin.py:188} INFO - [2024-03-04T16:20:58.606+0000] {dag.py:3834} INFO - Setting next_dagrun for example_xcom to 2021-01-01 00:00:00+00:00, run_after=2021-01-01 00:00:00+00:00
[2024-03-04T16:20:58.613+0000] {processor.py:183} INFO - Processing /home/airflow/.local/lib/python3.11/site-packages/airflow/example_dags/example_xcom.py took 0.034 seconds
[2024-03-04T16:21:28.766+0000] {processor.py:161} INFO - Started process (PID=3231) to work on /home/airflow/.local/lib/python3.11/site-packages/airflow/example_dags/example_xcom.py
[2024-03-04T16:21:28.766+0000] {processor.py:830} INFO - Processing file /home/airflow/.local/lib/python3.11/site-packages/airflow/example_dags/example_xcom.py for tasks to queue
[2024-03-04T16:21:28.767+0000] {logging_mixin.py:188} INFO - [2024-03-04T16:21:28.767+0000] {dagbag.py:540} INFO - Filling up the DagBag from /home/airflow/.local/lib/python3.11/site-packages/airflow/example_dags/example_xcom.py
[2024-03-04T16:21:28.772+0000] {processor.py:840} INFO - DAG(s) 'example_xcom' retrieved from /home/airflow/.local/lib/python3.11/site-packages/airflow/example_dags/example_xcom.py
[2024-03-04T16:21:28.792+0000] {logging_mixin.py:188} INFO - [2024-03-04T16:21:28.792+0000] {dag.py:3047} INFO - Sync 1 DAGs
[2024-03-04T16:21:28.809+0000] {logging_mixin.py:188} INFO - [2024-03-04T16:21:28.808+0000] {dag.py:3834} INFO - Setting next_dagrun for example_xcom to 2021-01-01 00:00:00+00:00, run_after=2021-01-01 00:00:00+00:00
[2024-03-04T16:21:28.823+0000] {processor.py:183} INFO - Processing /home/airflow/.local/lib/python3.11/site-packages/airflow/example_dags/example_xcom.py took 0.059 seconds
[2024-03-04T16:21:59.206+0000] {processor.py:161} INFO - Started process (PID=3286) to work on /home/airflow/.local/lib/python3.11/site-packages/airflow/example_dags/example_xcom.py
[2024-03-04T16:21:59.206+0000] {processor.py:830} INFO - Processing file /home/airflow/.local/lib/python3.11/site-packages/airflow/example_dags/example_xcom.py for tasks to queue
[2024-03-04T16:21:59.207+0000] {logging_mixin.py:188} INFO - [2024-03-04T16:21:59.207+0000] {dagbag.py:540} INFO - Filling up the DagBag from /home/airflow/.local/lib/python3.11/site-packages/airflow/example_dags/example_xcom.py
[2024-03-04T16:21:59.211+0000] {processor.py:840} INFO - DAG(s) 'example_xcom' retrieved from /home/airflow/.local/lib/python3.11/site-packages/airflow/example_dags/example_xcom.py
[2024-03-04T16:21:59.219+0000] {logging_mixin.py:188} INFO - [2024-03-04T16:21:59.219+0000] {dag.py:3047} INFO - Sync 1 DAGs
[2024-03-04T16:21:59.228+0000] {logging_mixin.py:188} INFO - [2024-03-04T16:21:59.228+0000] {dag.py:3834} INFO - Setting next_dagrun for example_xcom to 2021-01-01 00:00:00+00:00, run_after=2021-01-01 00:00:00+00:00
[2024-03-04T16:21:59.234+0000] {processor.py:183} INFO - Processing /home/airflow/.local/lib/python3.11/site-packages/airflow/example_dags/example_xcom.py took 0.030 seconds
[2024-03-04T16:22:29.405+0000] {processor.py:161} INFO - Started process (PID=3341) to work on /home/airflow/.local/lib/python3.11/site-packages/airflow/example_dags/example_xcom.py
[2024-03-04T16:22:29.406+0000] {processor.py:830} INFO - Processing file /home/airflow/.local/lib/python3.11/site-packages/airflow/example_dags/example_xcom.py for tasks to queue
[2024-03-04T16:22:29.407+0000] {logging_mixin.py:188} INFO - [2024-03-04T16:22:29.406+0000] {dagbag.py:540} INFO - Filling up the DagBag from /home/airflow/.local/lib/python3.11/site-packages/airflow/example_dags/example_xcom.py
[2024-03-04T16:22:29.410+0000] {processor.py:840} INFO - DAG(s) 'example_xcom' retrieved from /home/airflow/.local/lib/python3.11/site-packages/airflow/example_dags/example_xcom.py
[2024-03-04T16:22:29.419+0000] {logging_mixin.py:188} INFO - [2024-03-04T16:22:29.419+0000] {dag.py:3047} INFO - Sync 1 DAGs
[2024-03-04T16:22:29.427+0000] {logging_mixin.py:188} INFO - [2024-03-04T16:22:29.427+0000] {dag.py:3834} INFO - Setting next_dagrun for example_xcom to 2021-01-01 00:00:00+00:00, run_after=2021-01-01 00:00:00+00:00
[2024-03-04T16:22:29.435+0000] {processor.py:183} INFO - Processing /home/airflow/.local/lib/python3.11/site-packages/airflow/example_dags/example_xcom.py took 0.031 seconds
[2024-03-04T16:22:59.651+0000] {processor.py:161} INFO - Started process (PID=3396) to work on /home/airflow/.local/lib/python3.11/site-packages/airflow/example_dags/example_xcom.py
[2024-03-04T16:22:59.652+0000] {processor.py:830} INFO - Processing file /home/airflow/.local/lib/python3.11/site-packages/airflow/example_dags/example_xcom.py for tasks to queue
[2024-03-04T16:22:59.653+0000] {logging_mixin.py:188} INFO - [2024-03-04T16:22:59.652+0000] {dagbag.py:540} INFO - Filling up the DagBag from /home/airflow/.local/lib/python3.11/site-packages/airflow/example_dags/example_xcom.py
[2024-03-04T16:22:59.656+0000] {processor.py:840} INFO - DAG(s) 'example_xcom' retrieved from /home/airflow/.local/lib/python3.11/site-packages/airflow/example_dags/example_xcom.py
[2024-03-04T16:22:59.664+0000] {logging_mixin.py:188} INFO - [2024-03-04T16:22:59.664+0000] {dag.py:3047} INFO - Sync 1 DAGs
[2024-03-04T16:22:59.673+0000] {logging_mixin.py:188} INFO - [2024-03-04T16:22:59.673+0000] {dag.py:3834} INFO - Setting next_dagrun for example_xcom to 2021-01-01 00:00:00+00:00, run_after=2021-01-01 00:00:00+00:00
[2024-03-04T16:22:59.680+0000] {processor.py:183} INFO - Processing /home/airflow/.local/lib/python3.11/site-packages/airflow/example_dags/example_xcom.py took 0.030 seconds
[2024-03-04T16:23:29.859+0000] {processor.py:161} INFO - Started process (PID=3450) to work on /home/airflow/.local/lib/python3.11/site-packages/airflow/example_dags/example_xcom.py
[2024-03-04T16:23:29.860+0000] {processor.py:830} INFO - Processing file /home/airflow/.local/lib/python3.11/site-packages/airflow/example_dags/example_xcom.py for tasks to queue
[2024-03-04T16:23:29.861+0000] {logging_mixin.py:188} INFO - [2024-03-04T16:23:29.861+0000] {dagbag.py:540} INFO - Filling up the DagBag from /home/airflow/.local/lib/python3.11/site-packages/airflow/example_dags/example_xcom.py
[2024-03-04T16:23:29.864+0000] {processor.py:840} INFO - DAG(s) 'example_xcom' retrieved from /home/airflow/.local/lib/python3.11/site-packages/airflow/example_dags/example_xcom.py
[2024-03-04T16:23:29.872+0000] {logging_mixin.py:188} INFO - [2024-03-04T16:23:29.872+0000] {dag.py:3047} INFO - Sync 1 DAGs
[2024-03-04T16:23:29.880+0000] {logging_mixin.py:188} INFO - [2024-03-04T16:23:29.880+0000] {dag.py:3834} INFO - Setting next_dagrun for example_xcom to 2021-01-01 00:00:00+00:00, run_after=2021-01-01 00:00:00+00:00
[2024-03-04T16:23:29.887+0000] {processor.py:183} INFO - Processing /home/airflow/.local/lib/python3.11/site-packages/airflow/example_dags/example_xcom.py took 0.029 seconds
[2024-03-04T16:24:00.358+0000] {processor.py:161} INFO - Started process (PID=3505) to work on /home/airflow/.local/lib/python3.11/site-packages/airflow/example_dags/example_xcom.py
[2024-03-04T16:24:00.359+0000] {processor.py:830} INFO - Processing file /home/airflow/.local/lib/python3.11/site-packages/airflow/example_dags/example_xcom.py for tasks to queue
[2024-03-04T16:24:00.360+0000] {logging_mixin.py:188} INFO - [2024-03-04T16:24:00.360+0000] {dagbag.py:540} INFO - Filling up the DagBag from /home/airflow/.local/lib/python3.11/site-packages/airflow/example_dags/example_xcom.py
[2024-03-04T16:24:00.364+0000] {processor.py:840} INFO - DAG(s) 'example_xcom' retrieved from /home/airflow/.local/lib/python3.11/site-packages/airflow/example_dags/example_xcom.py
[2024-03-04T16:24:00.376+0000] {logging_mixin.py:188} INFO - [2024-03-04T16:24:00.375+0000] {dag.py:3047} INFO - Sync 1 DAGs
[2024-03-04T16:24:00.388+0000] {logging_mixin.py:188} INFO - [2024-03-04T16:24:00.388+0000] {dag.py:3834} INFO - Setting next_dagrun for example_xcom to 2021-01-01 00:00:00+00:00, run_after=2021-01-01 00:00:00+00:00
[2024-03-04T16:24:00.399+0000] {processor.py:183} INFO - Processing /home/airflow/.local/lib/python3.11/site-packages/airflow/example_dags/example_xcom.py took 0.043 seconds
[2024-03-04T16:24:30.562+0000] {processor.py:161} INFO - Started process (PID=3560) to work on /home/airflow/.local/lib/python3.11/site-packages/airflow/example_dags/example_xcom.py
[2024-03-04T16:24:30.563+0000] {processor.py:830} INFO - Processing file /home/airflow/.local/lib/python3.11/site-packages/airflow/example_dags/example_xcom.py for tasks to queue
[2024-03-04T16:24:30.564+0000] {logging_mixin.py:188} INFO - [2024-03-04T16:24:30.563+0000] {dagbag.py:540} INFO - Filling up the DagBag from /home/airflow/.local/lib/python3.11/site-packages/airflow/example_dags/example_xcom.py
[2024-03-04T16:24:30.568+0000] {processor.py:840} INFO - DAG(s) 'example_xcom' retrieved from /home/airflow/.local/lib/python3.11/site-packages/airflow/example_dags/example_xcom.py
[2024-03-04T16:24:30.577+0000] {logging_mixin.py:188} INFO - [2024-03-04T16:24:30.577+0000] {dag.py:3047} INFO - Sync 1 DAGs
[2024-03-04T16:24:30.585+0000] {logging_mixin.py:188} INFO - [2024-03-04T16:24:30.585+0000] {dag.py:3834} INFO - Setting next_dagrun for example_xcom to 2021-01-01 00:00:00+00:00, run_after=2021-01-01 00:00:00+00:00
[2024-03-04T16:24:30.592+0000] {processor.py:183} INFO - Processing /home/airflow/.local/lib/python3.11/site-packages/airflow/example_dags/example_xcom.py took 0.031 seconds
[2024-03-04T16:25:00.877+0000] {processor.py:161} INFO - Started process (PID=3615) to work on /home/airflow/.local/lib/python3.11/site-packages/airflow/example_dags/example_xcom.py
[2024-03-04T16:25:00.878+0000] {processor.py:830} INFO - Processing file /home/airflow/.local/lib/python3.11/site-packages/airflow/example_dags/example_xcom.py for tasks to queue
[2024-03-04T16:25:00.879+0000] {logging_mixin.py:188} INFO - [2024-03-04T16:25:00.879+0000] {dagbag.py:540} INFO - Filling up the DagBag from /home/airflow/.local/lib/python3.11/site-packages/airflow/example_dags/example_xcom.py
[2024-03-04T16:25:00.883+0000] {processor.py:840} INFO - DAG(s) 'example_xcom' retrieved from /home/airflow/.local/lib/python3.11/site-packages/airflow/example_dags/example_xcom.py
[2024-03-04T16:25:00.893+0000] {logging_mixin.py:188} INFO - [2024-03-04T16:25:00.893+0000] {dag.py:3047} INFO - Sync 1 DAGs
[2024-03-04T16:25:00.903+0000] {logging_mixin.py:188} INFO - [2024-03-04T16:25:00.903+0000] {dag.py:3834} INFO - Setting next_dagrun for example_xcom to 2021-01-01 00:00:00+00:00, run_after=2021-01-01 00:00:00+00:00
[2024-03-04T16:25:00.910+0000] {processor.py:183} INFO - Processing /home/airflow/.local/lib/python3.11/site-packages/airflow/example_dags/example_xcom.py took 0.035 seconds
[2024-03-04T16:25:31.236+0000] {processor.py:161} INFO - Started process (PID=3670) to work on /home/airflow/.local/lib/python3.11/site-packages/airflow/example_dags/example_xcom.py
[2024-03-04T16:25:31.236+0000] {processor.py:830} INFO - Processing file /home/airflow/.local/lib/python3.11/site-packages/airflow/example_dags/example_xcom.py for tasks to queue
[2024-03-04T16:25:31.237+0000] {logging_mixin.py:188} INFO - [2024-03-04T16:25:31.237+0000] {dagbag.py:540} INFO - Filling up the DagBag from /home/airflow/.local/lib/python3.11/site-packages/airflow/example_dags/example_xcom.py
[2024-03-04T16:25:31.243+0000] {processor.py:840} INFO - DAG(s) 'example_xcom' retrieved from /home/airflow/.local/lib/python3.11/site-packages/airflow/example_dags/example_xcom.py
[2024-03-04T16:25:31.254+0000] {logging_mixin.py:188} INFO - [2024-03-04T16:25:31.254+0000] {dag.py:3047} INFO - Sync 1 DAGs
[2024-03-04T16:25:31.263+0000] {logging_mixin.py:188} INFO - [2024-03-04T16:25:31.263+0000] {dag.py:3834} INFO - Setting next_dagrun for example_xcom to 2021-01-01 00:00:00+00:00, run_after=2021-01-01 00:00:00+00:00
[2024-03-04T16:25:31.270+0000] {processor.py:183} INFO - Processing /home/airflow/.local/lib/python3.11/site-packages/airflow/example_dags/example_xcom.py took 0.036 seconds
[2024-03-04T16:26:01.774+0000] {processor.py:161} INFO - Started process (PID=3725) to work on /home/airflow/.local/lib/python3.11/site-packages/airflow/example_dags/example_xcom.py
[2024-03-04T16:26:01.775+0000] {processor.py:830} INFO - Processing file /home/airflow/.local/lib/python3.11/site-packages/airflow/example_dags/example_xcom.py for tasks to queue
[2024-03-04T16:26:01.776+0000] {logging_mixin.py:188} INFO - [2024-03-04T16:26:01.776+0000] {dagbag.py:540} INFO - Filling up the DagBag from /home/airflow/.local/lib/python3.11/site-packages/airflow/example_dags/example_xcom.py
[2024-03-04T16:26:01.781+0000] {processor.py:840} INFO - DAG(s) 'example_xcom' retrieved from /home/airflow/.local/lib/python3.11/site-packages/airflow/example_dags/example_xcom.py
[2024-03-04T16:26:01.810+0000] {logging_mixin.py:188} INFO - [2024-03-04T16:26:01.810+0000] {dag.py:3047} INFO - Sync 1 DAGs
[2024-03-04T16:26:01.822+0000] {logging_mixin.py:188} INFO - [2024-03-04T16:26:01.821+0000] {dag.py:3834} INFO - Setting next_dagrun for example_xcom to 2021-01-01 00:00:00+00:00, run_after=2021-01-01 00:00:00+00:00
[2024-03-04T16:26:01.829+0000] {processor.py:183} INFO - Processing /home/airflow/.local/lib/python3.11/site-packages/airflow/example_dags/example_xcom.py took 0.057 seconds
[2024-03-04T16:26:32.090+0000] {processor.py:161} INFO - Started process (PID=3780) to work on /home/airflow/.local/lib/python3.11/site-packages/airflow/example_dags/example_xcom.py
[2024-03-04T16:26:32.091+0000] {processor.py:830} INFO - Processing file /home/airflow/.local/lib/python3.11/site-packages/airflow/example_dags/example_xcom.py for tasks to queue
[2024-03-04T16:26:32.092+0000] {logging_mixin.py:188} INFO - [2024-03-04T16:26:32.092+0000] {dagbag.py:540} INFO - Filling up the DagBag from /home/airflow/.local/lib/python3.11/site-packages/airflow/example_dags/example_xcom.py
[2024-03-04T16:26:32.095+0000] {processor.py:840} INFO - DAG(s) 'example_xcom' retrieved from /home/airflow/.local/lib/python3.11/site-packages/airflow/example_dags/example_xcom.py
[2024-03-04T16:26:32.106+0000] {logging_mixin.py:188} INFO - [2024-03-04T16:26:32.106+0000] {dag.py:3047} INFO - Sync 1 DAGs
[2024-03-04T16:26:32.116+0000] {logging_mixin.py:188} INFO - [2024-03-04T16:26:32.116+0000] {dag.py:3834} INFO - Setting next_dagrun for example_xcom to 2021-01-01 00:00:00+00:00, run_after=2021-01-01 00:00:00+00:00
[2024-03-04T16:26:32.125+0000] {processor.py:183} INFO - Processing /home/airflow/.local/lib/python3.11/site-packages/airflow/example_dags/example_xcom.py took 0.036 seconds
[2024-03-04T16:27:03.171+0000] {processor.py:161} INFO - Started process (PID=3835) to work on /home/airflow/.local/lib/python3.11/site-packages/airflow/example_dags/example_xcom.py
[2024-03-04T16:27:03.172+0000] {processor.py:830} INFO - Processing file /home/airflow/.local/lib/python3.11/site-packages/airflow/example_dags/example_xcom.py for tasks to queue
[2024-03-04T16:27:03.174+0000] {logging_mixin.py:188} INFO - [2024-03-04T16:27:03.174+0000] {dagbag.py:540} INFO - Filling up the DagBag from /home/airflow/.local/lib/python3.11/site-packages/airflow/example_dags/example_xcom.py
[2024-03-04T16:27:03.178+0000] {processor.py:840} INFO - DAG(s) 'example_xcom' retrieved from /home/airflow/.local/lib/python3.11/site-packages/airflow/example_dags/example_xcom.py
[2024-03-04T16:27:03.187+0000] {logging_mixin.py:188} INFO - [2024-03-04T16:27:03.187+0000] {dag.py:3047} INFO - Sync 1 DAGs
[2024-03-04T16:27:03.195+0000] {logging_mixin.py:188} INFO - [2024-03-04T16:27:03.195+0000] {dag.py:3834} INFO - Setting next_dagrun for example_xcom to 2021-01-01 00:00:00+00:00, run_after=2021-01-01 00:00:00+00:00
[2024-03-04T16:27:03.202+0000] {processor.py:183} INFO - Processing /home/airflow/.local/lib/python3.11/site-packages/airflow/example_dags/example_xcom.py took 0.033 seconds
[2024-03-04T16:27:33.264+0000] {processor.py:161} INFO - Started process (PID=3890) to work on /home/airflow/.local/lib/python3.11/site-packages/airflow/example_dags/example_xcom.py
[2024-03-04T16:27:33.264+0000] {processor.py:830} INFO - Processing file /home/airflow/.local/lib/python3.11/site-packages/airflow/example_dags/example_xcom.py for tasks to queue
[2024-03-04T16:27:33.265+0000] {logging_mixin.py:188} INFO - [2024-03-04T16:27:33.265+0000] {dagbag.py:540} INFO - Filling up the DagBag from /home/airflow/.local/lib/python3.11/site-packages/airflow/example_dags/example_xcom.py
[2024-03-04T16:27:33.269+0000] {processor.py:840} INFO - DAG(s) 'example_xcom' retrieved from /home/airflow/.local/lib/python3.11/site-packages/airflow/example_dags/example_xcom.py
[2024-03-04T16:27:33.277+0000] {logging_mixin.py:188} INFO - [2024-03-04T16:27:33.277+0000] {dag.py:3047} INFO - Sync 1 DAGs
[2024-03-04T16:27:33.285+0000] {logging_mixin.py:188} INFO - [2024-03-04T16:27:33.285+0000] {dag.py:3834} INFO - Setting next_dagrun for example_xcom to 2021-01-01 00:00:00+00:00, run_after=2021-01-01 00:00:00+00:00
[2024-03-04T16:27:33.291+0000] {processor.py:183} INFO - Processing /home/airflow/.local/lib/python3.11/site-packages/airflow/example_dags/example_xcom.py took 0.029 seconds
[2024-03-04T16:28:03.539+0000] {processor.py:161} INFO - Started process (PID=3945) to work on /home/airflow/.local/lib/python3.11/site-packages/airflow/example_dags/example_xcom.py
[2024-03-04T16:28:03.540+0000] {processor.py:830} INFO - Processing file /home/airflow/.local/lib/python3.11/site-packages/airflow/example_dags/example_xcom.py for tasks to queue
[2024-03-04T16:28:03.541+0000] {logging_mixin.py:188} INFO - [2024-03-04T16:28:03.541+0000] {dagbag.py:540} INFO - Filling up the DagBag from /home/airflow/.local/lib/python3.11/site-packages/airflow/example_dags/example_xcom.py
[2024-03-04T16:28:03.544+0000] {processor.py:840} INFO - DAG(s) 'example_xcom' retrieved from /home/airflow/.local/lib/python3.11/site-packages/airflow/example_dags/example_xcom.py
[2024-03-04T16:28:03.553+0000] {logging_mixin.py:188} INFO - [2024-03-04T16:28:03.552+0000] {dag.py:3047} INFO - Sync 1 DAGs
[2024-03-04T16:28:03.561+0000] {logging_mixin.py:188} INFO - [2024-03-04T16:28:03.561+0000] {dag.py:3834} INFO - Setting next_dagrun for example_xcom to 2021-01-01 00:00:00+00:00, run_after=2021-01-01 00:00:00+00:00
[2024-03-04T16:28:03.568+0000] {processor.py:183} INFO - Processing /home/airflow/.local/lib/python3.11/site-packages/airflow/example_dags/example_xcom.py took 0.030 seconds
