[2024-03-04T15:51:53.398+0000] {processor.py:161} INFO - Started process (PID=39) to work on /home/airflow/.local/lib/python3.11/site-packages/airflow/example_dags/tutorial_taskflow_api.py
[2024-03-04T15:51:53.399+0000] {processor.py:830} INFO - Processing file /home/airflow/.local/lib/python3.11/site-packages/airflow/example_dags/tutorial_taskflow_api.py for tasks to queue
[2024-03-04T15:51:53.401+0000] {logging_mixin.py:188} INFO - [2024-03-04T15:51:53.401+0000] {dagbag.py:540} INFO - Filling up the DagBag from /home/airflow/.local/lib/python3.11/site-packages/airflow/example_dags/tutorial_taskflow_api.py
[2024-03-04T15:51:53.415+0000] {processor.py:840} INFO - DAG(s) 'tutorial_taskflow_api' retrieved from /home/airflow/.local/lib/python3.11/site-packages/airflow/example_dags/tutorial_taskflow_api.py
[2024-03-04T15:51:53.546+0000] {logging_mixin.py:188} INFO - [2024-03-04T15:51:53.545+0000] {override.py:1769} INFO - Created Permission View: can read on DAG:tutorial_taskflow_api
[2024-03-04T15:51:53.553+0000] {logging_mixin.py:188} INFO - [2024-03-04T15:51:53.553+0000] {override.py:1769} INFO - Created Permission View: can delete on DAG:tutorial_taskflow_api
[2024-03-04T15:51:53.556+0000] {logging_mixin.py:188} INFO - [2024-03-04T15:51:53.556+0000] {override.py:1769} INFO - Created Permission View: can edit on DAG:tutorial_taskflow_api
[2024-03-04T15:51:53.556+0000] {logging_mixin.py:188} INFO - [2024-03-04T15:51:53.556+0000] {dag.py:3047} INFO - Sync 1 DAGs
[2024-03-04T15:51:53.567+0000] {logging_mixin.py:188} INFO - [2024-03-04T15:51:53.566+0000] {dag.py:3069} INFO - Creating ORM DAG for tutorial_taskflow_api
[2024-03-04T15:51:53.568+0000] {logging_mixin.py:188} INFO - [2024-03-04T15:51:53.567+0000] {dag.py:3834} INFO - Setting next_dagrun for tutorial_taskflow_api to None, run_after=None
[2024-03-04T15:51:53.596+0000] {processor.py:183} INFO - Processing /home/airflow/.local/lib/python3.11/site-packages/airflow/example_dags/tutorial_taskflow_api.py took 0.201 seconds
[2024-03-04T15:52:24.500+0000] {processor.py:161} INFO - Started process (PID=94) to work on /home/airflow/.local/lib/python3.11/site-packages/airflow/example_dags/tutorial_taskflow_api.py
[2024-03-04T15:52:24.503+0000] {processor.py:830} INFO - Processing file /home/airflow/.local/lib/python3.11/site-packages/airflow/example_dags/tutorial_taskflow_api.py for tasks to queue
[2024-03-04T15:52:24.507+0000] {logging_mixin.py:188} INFO - [2024-03-04T15:52:24.507+0000] {dagbag.py:540} INFO - Filling up the DagBag from /home/airflow/.local/lib/python3.11/site-packages/airflow/example_dags/tutorial_taskflow_api.py
[2024-03-04T15:52:24.516+0000] {processor.py:840} INFO - DAG(s) 'tutorial_taskflow_api' retrieved from /home/airflow/.local/lib/python3.11/site-packages/airflow/example_dags/tutorial_taskflow_api.py
[2024-03-04T15:52:24.530+0000] {logging_mixin.py:188} INFO - [2024-03-04T15:52:24.530+0000] {dag.py:3047} INFO - Sync 1 DAGs
[2024-03-04T15:52:24.538+0000] {logging_mixin.py:188} INFO - [2024-03-04T15:52:24.538+0000] {dag.py:3834} INFO - Setting next_dagrun for tutorial_taskflow_api to None, run_after=None
[2024-03-04T15:52:24.549+0000] {processor.py:183} INFO - Processing /home/airflow/.local/lib/python3.11/site-packages/airflow/example_dags/tutorial_taskflow_api.py took 0.056 seconds
[2024-03-04T15:52:55.346+0000] {processor.py:161} INFO - Started process (PID=149) to work on /home/airflow/.local/lib/python3.11/site-packages/airflow/example_dags/tutorial_taskflow_api.py
[2024-03-04T15:52:55.348+0000] {processor.py:830} INFO - Processing file /home/airflow/.local/lib/python3.11/site-packages/airflow/example_dags/tutorial_taskflow_api.py for tasks to queue
[2024-03-04T15:52:55.351+0000] {logging_mixin.py:188} INFO - [2024-03-04T15:52:55.350+0000] {dagbag.py:540} INFO - Filling up the DagBag from /home/airflow/.local/lib/python3.11/site-packages/airflow/example_dags/tutorial_taskflow_api.py
[2024-03-04T15:52:55.357+0000] {processor.py:840} INFO - DAG(s) 'tutorial_taskflow_api' retrieved from /home/airflow/.local/lib/python3.11/site-packages/airflow/example_dags/tutorial_taskflow_api.py
[2024-03-04T15:52:55.371+0000] {logging_mixin.py:188} INFO - [2024-03-04T15:52:55.371+0000] {dag.py:3047} INFO - Sync 1 DAGs
[2024-03-04T15:52:55.379+0000] {logging_mixin.py:188} INFO - [2024-03-04T15:52:55.379+0000] {dag.py:3834} INFO - Setting next_dagrun for tutorial_taskflow_api to None, run_after=None
[2024-03-04T15:52:55.390+0000] {processor.py:183} INFO - Processing /home/airflow/.local/lib/python3.11/site-packages/airflow/example_dags/tutorial_taskflow_api.py took 0.048 seconds
[2024-03-04T15:53:25.747+0000] {processor.py:161} INFO - Started process (PID=204) to work on /home/airflow/.local/lib/python3.11/site-packages/airflow/example_dags/tutorial_taskflow_api.py
[2024-03-04T15:53:25.748+0000] {processor.py:830} INFO - Processing file /home/airflow/.local/lib/python3.11/site-packages/airflow/example_dags/tutorial_taskflow_api.py for tasks to queue
[2024-03-04T15:53:25.751+0000] {logging_mixin.py:188} INFO - [2024-03-04T15:53:25.751+0000] {dagbag.py:540} INFO - Filling up the DagBag from /home/airflow/.local/lib/python3.11/site-packages/airflow/example_dags/tutorial_taskflow_api.py
[2024-03-04T15:53:25.761+0000] {processor.py:840} INFO - DAG(s) 'tutorial_taskflow_api' retrieved from /home/airflow/.local/lib/python3.11/site-packages/airflow/example_dags/tutorial_taskflow_api.py
[2024-03-04T15:53:25.782+0000] {logging_mixin.py:188} INFO - [2024-03-04T15:53:25.782+0000] {dag.py:3047} INFO - Sync 1 DAGs
[2024-03-04T15:53:25.793+0000] {logging_mixin.py:188} INFO - [2024-03-04T15:53:25.793+0000] {dag.py:3834} INFO - Setting next_dagrun for tutorial_taskflow_api to None, run_after=None
[2024-03-04T15:53:25.804+0000] {processor.py:183} INFO - Processing /home/airflow/.local/lib/python3.11/site-packages/airflow/example_dags/tutorial_taskflow_api.py took 0.062 seconds
[2024-03-04T15:53:56.722+0000] {processor.py:161} INFO - Started process (PID=259) to work on /home/airflow/.local/lib/python3.11/site-packages/airflow/example_dags/tutorial_taskflow_api.py
[2024-03-04T15:53:56.725+0000] {processor.py:830} INFO - Processing file /home/airflow/.local/lib/python3.11/site-packages/airflow/example_dags/tutorial_taskflow_api.py for tasks to queue
[2024-03-04T15:53:56.731+0000] {logging_mixin.py:188} INFO - [2024-03-04T15:53:56.730+0000] {dagbag.py:540} INFO - Filling up the DagBag from /home/airflow/.local/lib/python3.11/site-packages/airflow/example_dags/tutorial_taskflow_api.py
[2024-03-04T15:53:56.748+0000] {processor.py:840} INFO - DAG(s) 'tutorial_taskflow_api' retrieved from /home/airflow/.local/lib/python3.11/site-packages/airflow/example_dags/tutorial_taskflow_api.py
[2024-03-04T15:53:56.767+0000] {logging_mixin.py:188} INFO - [2024-03-04T15:53:56.767+0000] {dag.py:3047} INFO - Sync 1 DAGs
[2024-03-04T15:53:56.774+0000] {logging_mixin.py:188} INFO - [2024-03-04T15:53:56.774+0000] {dag.py:3834} INFO - Setting next_dagrun for tutorial_taskflow_api to None, run_after=None
[2024-03-04T15:53:56.783+0000] {processor.py:183} INFO - Processing /home/airflow/.local/lib/python3.11/site-packages/airflow/example_dags/tutorial_taskflow_api.py took 0.069 seconds
[2024-03-04T15:54:27.571+0000] {processor.py:161} INFO - Started process (PID=314) to work on /home/airflow/.local/lib/python3.11/site-packages/airflow/example_dags/tutorial_taskflow_api.py
[2024-03-04T15:54:27.573+0000] {processor.py:830} INFO - Processing file /home/airflow/.local/lib/python3.11/site-packages/airflow/example_dags/tutorial_taskflow_api.py for tasks to queue
[2024-03-04T15:54:27.575+0000] {logging_mixin.py:188} INFO - [2024-03-04T15:54:27.575+0000] {dagbag.py:540} INFO - Filling up the DagBag from /home/airflow/.local/lib/python3.11/site-packages/airflow/example_dags/tutorial_taskflow_api.py
[2024-03-04T15:54:27.582+0000] {processor.py:840} INFO - DAG(s) 'tutorial_taskflow_api' retrieved from /home/airflow/.local/lib/python3.11/site-packages/airflow/example_dags/tutorial_taskflow_api.py
[2024-03-04T15:54:27.595+0000] {logging_mixin.py:188} INFO - [2024-03-04T15:54:27.595+0000] {dag.py:3047} INFO - Sync 1 DAGs
[2024-03-04T15:54:27.602+0000] {logging_mixin.py:188} INFO - [2024-03-04T15:54:27.602+0000] {dag.py:3834} INFO - Setting next_dagrun for tutorial_taskflow_api to None, run_after=None
[2024-03-04T15:54:27.612+0000] {processor.py:183} INFO - Processing /home/airflow/.local/lib/python3.11/site-packages/airflow/example_dags/tutorial_taskflow_api.py took 0.044 seconds
[2024-03-04T15:54:58.175+0000] {processor.py:161} INFO - Started process (PID=369) to work on /home/airflow/.local/lib/python3.11/site-packages/airflow/example_dags/tutorial_taskflow_api.py
[2024-03-04T15:54:58.179+0000] {processor.py:830} INFO - Processing file /home/airflow/.local/lib/python3.11/site-packages/airflow/example_dags/tutorial_taskflow_api.py for tasks to queue
[2024-03-04T15:54:58.181+0000] {logging_mixin.py:188} INFO - [2024-03-04T15:54:58.181+0000] {dagbag.py:540} INFO - Filling up the DagBag from /home/airflow/.local/lib/python3.11/site-packages/airflow/example_dags/tutorial_taskflow_api.py
[2024-03-04T15:54:58.188+0000] {processor.py:840} INFO - DAG(s) 'tutorial_taskflow_api' retrieved from /home/airflow/.local/lib/python3.11/site-packages/airflow/example_dags/tutorial_taskflow_api.py
[2024-03-04T15:54:58.202+0000] {logging_mixin.py:188} INFO - [2024-03-04T15:54:58.202+0000] {dag.py:3047} INFO - Sync 1 DAGs
[2024-03-04T15:54:58.208+0000] {logging_mixin.py:188} INFO - [2024-03-04T15:54:58.208+0000] {dag.py:3834} INFO - Setting next_dagrun for tutorial_taskflow_api to None, run_after=None
[2024-03-04T15:54:58.217+0000] {processor.py:183} INFO - Processing /home/airflow/.local/lib/python3.11/site-packages/airflow/example_dags/tutorial_taskflow_api.py took 0.046 seconds
[2024-03-04T15:55:28.939+0000] {processor.py:161} INFO - Started process (PID=424) to work on /home/airflow/.local/lib/python3.11/site-packages/airflow/example_dags/tutorial_taskflow_api.py
[2024-03-04T15:55:28.942+0000] {processor.py:830} INFO - Processing file /home/airflow/.local/lib/python3.11/site-packages/airflow/example_dags/tutorial_taskflow_api.py for tasks to queue
[2024-03-04T15:55:28.945+0000] {logging_mixin.py:188} INFO - [2024-03-04T15:55:28.944+0000] {dagbag.py:540} INFO - Filling up the DagBag from /home/airflow/.local/lib/python3.11/site-packages/airflow/example_dags/tutorial_taskflow_api.py
[2024-03-04T15:55:28.952+0000] {processor.py:840} INFO - DAG(s) 'tutorial_taskflow_api' retrieved from /home/airflow/.local/lib/python3.11/site-packages/airflow/example_dags/tutorial_taskflow_api.py
[2024-03-04T15:55:28.967+0000] {logging_mixin.py:188} INFO - [2024-03-04T15:55:28.967+0000] {dag.py:3047} INFO - Sync 1 DAGs
[2024-03-04T15:55:28.975+0000] {logging_mixin.py:188} INFO - [2024-03-04T15:55:28.974+0000] {dag.py:3834} INFO - Setting next_dagrun for tutorial_taskflow_api to None, run_after=None
[2024-03-04T15:55:28.985+0000] {processor.py:183} INFO - Processing /home/airflow/.local/lib/python3.11/site-packages/airflow/example_dags/tutorial_taskflow_api.py took 0.053 seconds
[2024-03-04T15:55:59.757+0000] {processor.py:161} INFO - Started process (PID=479) to work on /home/airflow/.local/lib/python3.11/site-packages/airflow/example_dags/tutorial_taskflow_api.py
[2024-03-04T15:55:59.759+0000] {processor.py:830} INFO - Processing file /home/airflow/.local/lib/python3.11/site-packages/airflow/example_dags/tutorial_taskflow_api.py for tasks to queue
[2024-03-04T15:55:59.761+0000] {logging_mixin.py:188} INFO - [2024-03-04T15:55:59.761+0000] {dagbag.py:540} INFO - Filling up the DagBag from /home/airflow/.local/lib/python3.11/site-packages/airflow/example_dags/tutorial_taskflow_api.py
[2024-03-04T15:55:59.768+0000] {processor.py:840} INFO - DAG(s) 'tutorial_taskflow_api' retrieved from /home/airflow/.local/lib/python3.11/site-packages/airflow/example_dags/tutorial_taskflow_api.py
[2024-03-04T15:55:59.782+0000] {logging_mixin.py:188} INFO - [2024-03-04T15:55:59.782+0000] {dag.py:3047} INFO - Sync 1 DAGs
[2024-03-04T15:55:59.790+0000] {logging_mixin.py:188} INFO - [2024-03-04T15:55:59.790+0000] {dag.py:3834} INFO - Setting next_dagrun for tutorial_taskflow_api to None, run_after=None
[2024-03-04T15:55:59.800+0000] {processor.py:183} INFO - Processing /home/airflow/.local/lib/python3.11/site-packages/airflow/example_dags/tutorial_taskflow_api.py took 0.047 seconds
[2024-03-04T15:56:30.435+0000] {processor.py:161} INFO - Started process (PID=534) to work on /home/airflow/.local/lib/python3.11/site-packages/airflow/example_dags/tutorial_taskflow_api.py
[2024-03-04T15:56:30.437+0000] {processor.py:830} INFO - Processing file /home/airflow/.local/lib/python3.11/site-packages/airflow/example_dags/tutorial_taskflow_api.py for tasks to queue
[2024-03-04T15:56:30.439+0000] {logging_mixin.py:188} INFO - [2024-03-04T15:56:30.439+0000] {dagbag.py:540} INFO - Filling up the DagBag from /home/airflow/.local/lib/python3.11/site-packages/airflow/example_dags/tutorial_taskflow_api.py
[2024-03-04T15:56:30.446+0000] {processor.py:840} INFO - DAG(s) 'tutorial_taskflow_api' retrieved from /home/airflow/.local/lib/python3.11/site-packages/airflow/example_dags/tutorial_taskflow_api.py
[2024-03-04T15:56:30.461+0000] {logging_mixin.py:188} INFO - [2024-03-04T15:56:30.461+0000] {dag.py:3047} INFO - Sync 1 DAGs
[2024-03-04T15:56:30.469+0000] {logging_mixin.py:188} INFO - [2024-03-04T15:56:30.468+0000] {dag.py:3834} INFO - Setting next_dagrun for tutorial_taskflow_api to None, run_after=None
[2024-03-04T15:56:30.478+0000] {processor.py:183} INFO - Processing /home/airflow/.local/lib/python3.11/site-packages/airflow/example_dags/tutorial_taskflow_api.py took 0.047 seconds
[2024-03-04T15:57:01.194+0000] {processor.py:161} INFO - Started process (PID=589) to work on /home/airflow/.local/lib/python3.11/site-packages/airflow/example_dags/tutorial_taskflow_api.py
[2024-03-04T15:57:01.196+0000] {processor.py:830} INFO - Processing file /home/airflow/.local/lib/python3.11/site-packages/airflow/example_dags/tutorial_taskflow_api.py for tasks to queue
[2024-03-04T15:57:01.198+0000] {logging_mixin.py:188} INFO - [2024-03-04T15:57:01.198+0000] {dagbag.py:540} INFO - Filling up the DagBag from /home/airflow/.local/lib/python3.11/site-packages/airflow/example_dags/tutorial_taskflow_api.py
[2024-03-04T15:57:01.205+0000] {processor.py:840} INFO - DAG(s) 'tutorial_taskflow_api' retrieved from /home/airflow/.local/lib/python3.11/site-packages/airflow/example_dags/tutorial_taskflow_api.py
[2024-03-04T15:57:01.219+0000] {logging_mixin.py:188} INFO - [2024-03-04T15:57:01.218+0000] {dag.py:3047} INFO - Sync 1 DAGs
[2024-03-04T15:57:01.226+0000] {logging_mixin.py:188} INFO - [2024-03-04T15:57:01.226+0000] {dag.py:3834} INFO - Setting next_dagrun for tutorial_taskflow_api to None, run_after=None
[2024-03-04T15:57:01.235+0000] {processor.py:183} INFO - Processing /home/airflow/.local/lib/python3.11/site-packages/airflow/example_dags/tutorial_taskflow_api.py took 0.046 seconds
[2024-03-04T15:57:31.845+0000] {processor.py:161} INFO - Started process (PID=644) to work on /home/airflow/.local/lib/python3.11/site-packages/airflow/example_dags/tutorial_taskflow_api.py
[2024-03-04T15:57:31.847+0000] {processor.py:830} INFO - Processing file /home/airflow/.local/lib/python3.11/site-packages/airflow/example_dags/tutorial_taskflow_api.py for tasks to queue
[2024-03-04T15:57:31.849+0000] {logging_mixin.py:188} INFO - [2024-03-04T15:57:31.849+0000] {dagbag.py:540} INFO - Filling up the DagBag from /home/airflow/.local/lib/python3.11/site-packages/airflow/example_dags/tutorial_taskflow_api.py
[2024-03-04T15:57:31.857+0000] {processor.py:840} INFO - DAG(s) 'tutorial_taskflow_api' retrieved from /home/airflow/.local/lib/python3.11/site-packages/airflow/example_dags/tutorial_taskflow_api.py
[2024-03-04T15:57:31.873+0000] {logging_mixin.py:188} INFO - [2024-03-04T15:57:31.873+0000] {dag.py:3047} INFO - Sync 1 DAGs
[2024-03-04T15:57:31.881+0000] {logging_mixin.py:188} INFO - [2024-03-04T15:57:31.881+0000] {dag.py:3834} INFO - Setting next_dagrun for tutorial_taskflow_api to None, run_after=None
[2024-03-04T15:57:31.891+0000] {processor.py:183} INFO - Processing /home/airflow/.local/lib/python3.11/site-packages/airflow/example_dags/tutorial_taskflow_api.py took 0.050 seconds
[2024-03-04T15:58:02.616+0000] {processor.py:161} INFO - Started process (PID=699) to work on /home/airflow/.local/lib/python3.11/site-packages/airflow/example_dags/tutorial_taskflow_api.py
[2024-03-04T15:58:02.619+0000] {processor.py:830} INFO - Processing file /home/airflow/.local/lib/python3.11/site-packages/airflow/example_dags/tutorial_taskflow_api.py for tasks to queue
[2024-03-04T15:58:02.622+0000] {logging_mixin.py:188} INFO - [2024-03-04T15:58:02.621+0000] {dagbag.py:540} INFO - Filling up the DagBag from /home/airflow/.local/lib/python3.11/site-packages/airflow/example_dags/tutorial_taskflow_api.py
[2024-03-04T15:58:02.630+0000] {processor.py:840} INFO - DAG(s) 'tutorial_taskflow_api' retrieved from /home/airflow/.local/lib/python3.11/site-packages/airflow/example_dags/tutorial_taskflow_api.py
[2024-03-04T15:58:02.644+0000] {logging_mixin.py:188} INFO - [2024-03-04T15:58:02.644+0000] {dag.py:3047} INFO - Sync 1 DAGs
[2024-03-04T15:58:02.650+0000] {logging_mixin.py:188} INFO - [2024-03-04T15:58:02.650+0000] {dag.py:3834} INFO - Setting next_dagrun for tutorial_taskflow_api to None, run_after=None
[2024-03-04T15:58:02.659+0000] {processor.py:183} INFO - Processing /home/airflow/.local/lib/python3.11/site-packages/airflow/example_dags/tutorial_taskflow_api.py took 0.047 seconds
[2024-03-04T15:58:33.244+0000] {processor.py:161} INFO - Started process (PID=754) to work on /home/airflow/.local/lib/python3.11/site-packages/airflow/example_dags/tutorial_taskflow_api.py
[2024-03-04T15:58:33.246+0000] {processor.py:830} INFO - Processing file /home/airflow/.local/lib/python3.11/site-packages/airflow/example_dags/tutorial_taskflow_api.py for tasks to queue
[2024-03-04T15:58:33.250+0000] {logging_mixin.py:188} INFO - [2024-03-04T15:58:33.249+0000] {dagbag.py:540} INFO - Filling up the DagBag from /home/airflow/.local/lib/python3.11/site-packages/airflow/example_dags/tutorial_taskflow_api.py
[2024-03-04T15:58:33.261+0000] {processor.py:840} INFO - DAG(s) 'tutorial_taskflow_api' retrieved from /home/airflow/.local/lib/python3.11/site-packages/airflow/example_dags/tutorial_taskflow_api.py
[2024-03-04T15:58:33.281+0000] {logging_mixin.py:188} INFO - [2024-03-04T15:58:33.281+0000] {dag.py:3047} INFO - Sync 1 DAGs
[2024-03-04T15:58:33.292+0000] {logging_mixin.py:188} INFO - [2024-03-04T15:58:33.292+0000] {dag.py:3834} INFO - Setting next_dagrun for tutorial_taskflow_api to None, run_after=None
[2024-03-04T15:58:33.301+0000] {processor.py:183} INFO - Processing /home/airflow/.local/lib/python3.11/site-packages/airflow/example_dags/tutorial_taskflow_api.py took 0.068 seconds
[2024-03-04T15:59:04.041+0000] {processor.py:161} INFO - Started process (PID=809) to work on /home/airflow/.local/lib/python3.11/site-packages/airflow/example_dags/tutorial_taskflow_api.py
[2024-03-04T15:59:04.043+0000] {processor.py:830} INFO - Processing file /home/airflow/.local/lib/python3.11/site-packages/airflow/example_dags/tutorial_taskflow_api.py for tasks to queue
[2024-03-04T15:59:04.045+0000] {logging_mixin.py:188} INFO - [2024-03-04T15:59:04.045+0000] {dagbag.py:540} INFO - Filling up the DagBag from /home/airflow/.local/lib/python3.11/site-packages/airflow/example_dags/tutorial_taskflow_api.py
[2024-03-04T15:59:04.054+0000] {processor.py:840} INFO - DAG(s) 'tutorial_taskflow_api' retrieved from /home/airflow/.local/lib/python3.11/site-packages/airflow/example_dags/tutorial_taskflow_api.py
[2024-03-04T15:59:04.067+0000] {logging_mixin.py:188} INFO - [2024-03-04T15:59:04.067+0000] {dag.py:3047} INFO - Sync 1 DAGs
[2024-03-04T15:59:04.075+0000] {logging_mixin.py:188} INFO - [2024-03-04T15:59:04.074+0000] {dag.py:3834} INFO - Setting next_dagrun for tutorial_taskflow_api to None, run_after=None
[2024-03-04T15:59:04.084+0000] {processor.py:183} INFO - Processing /home/airflow/.local/lib/python3.11/site-packages/airflow/example_dags/tutorial_taskflow_api.py took 0.047 seconds
[2024-03-04T15:59:34.572+0000] {processor.py:161} INFO - Started process (PID=864) to work on /home/airflow/.local/lib/python3.11/site-packages/airflow/example_dags/tutorial_taskflow_api.py
[2024-03-04T15:59:34.574+0000] {processor.py:830} INFO - Processing file /home/airflow/.local/lib/python3.11/site-packages/airflow/example_dags/tutorial_taskflow_api.py for tasks to queue
[2024-03-04T15:59:34.577+0000] {logging_mixin.py:188} INFO - [2024-03-04T15:59:34.576+0000] {dagbag.py:540} INFO - Filling up the DagBag from /home/airflow/.local/lib/python3.11/site-packages/airflow/example_dags/tutorial_taskflow_api.py
[2024-03-04T15:59:34.584+0000] {processor.py:840} INFO - DAG(s) 'tutorial_taskflow_api' retrieved from /home/airflow/.local/lib/python3.11/site-packages/airflow/example_dags/tutorial_taskflow_api.py
[2024-03-04T15:59:34.598+0000] {logging_mixin.py:188} INFO - [2024-03-04T15:59:34.598+0000] {dag.py:3047} INFO - Sync 1 DAGs
[2024-03-04T15:59:34.605+0000] {logging_mixin.py:188} INFO - [2024-03-04T15:59:34.605+0000] {dag.py:3834} INFO - Setting next_dagrun for tutorial_taskflow_api to None, run_after=None
[2024-03-04T15:59:34.614+0000] {processor.py:183} INFO - Processing /home/airflow/.local/lib/python3.11/site-packages/airflow/example_dags/tutorial_taskflow_api.py took 0.046 seconds
[2024-03-04T16:00:05.227+0000] {processor.py:161} INFO - Started process (PID=919) to work on /home/airflow/.local/lib/python3.11/site-packages/airflow/example_dags/tutorial_taskflow_api.py
[2024-03-04T16:00:05.228+0000] {processor.py:830} INFO - Processing file /home/airflow/.local/lib/python3.11/site-packages/airflow/example_dags/tutorial_taskflow_api.py for tasks to queue
[2024-03-04T16:00:05.230+0000] {logging_mixin.py:188} INFO - [2024-03-04T16:00:05.230+0000] {dagbag.py:540} INFO - Filling up the DagBag from /home/airflow/.local/lib/python3.11/site-packages/airflow/example_dags/tutorial_taskflow_api.py
[2024-03-04T16:00:05.236+0000] {processor.py:840} INFO - DAG(s) 'tutorial_taskflow_api' retrieved from /home/airflow/.local/lib/python3.11/site-packages/airflow/example_dags/tutorial_taskflow_api.py
[2024-03-04T16:00:05.250+0000] {logging_mixin.py:188} INFO - [2024-03-04T16:00:05.250+0000] {dag.py:3047} INFO - Sync 1 DAGs
[2024-03-04T16:00:05.258+0000] {logging_mixin.py:188} INFO - [2024-03-04T16:00:05.257+0000] {dag.py:3834} INFO - Setting next_dagrun for tutorial_taskflow_api to None, run_after=None
[2024-03-04T16:00:05.268+0000] {processor.py:183} INFO - Processing /home/airflow/.local/lib/python3.11/site-packages/airflow/example_dags/tutorial_taskflow_api.py took 0.044 seconds
[2024-03-04T16:00:36.071+0000] {processor.py:161} INFO - Started process (PID=973) to work on /home/airflow/.local/lib/python3.11/site-packages/airflow/example_dags/tutorial_taskflow_api.py
[2024-03-04T16:00:36.072+0000] {processor.py:830} INFO - Processing file /home/airflow/.local/lib/python3.11/site-packages/airflow/example_dags/tutorial_taskflow_api.py for tasks to queue
[2024-03-04T16:00:36.076+0000] {logging_mixin.py:188} INFO - [2024-03-04T16:00:36.075+0000] {dagbag.py:540} INFO - Filling up the DagBag from /home/airflow/.local/lib/python3.11/site-packages/airflow/example_dags/tutorial_taskflow_api.py
[2024-03-04T16:00:36.098+0000] {processor.py:840} INFO - DAG(s) 'tutorial_taskflow_api' retrieved from /home/airflow/.local/lib/python3.11/site-packages/airflow/example_dags/tutorial_taskflow_api.py
[2024-03-04T16:00:36.123+0000] {logging_mixin.py:188} INFO - [2024-03-04T16:00:36.122+0000] {dag.py:3047} INFO - Sync 1 DAGs
[2024-03-04T16:00:36.132+0000] {logging_mixin.py:188} INFO - [2024-03-04T16:00:36.132+0000] {dag.py:3834} INFO - Setting next_dagrun for tutorial_taskflow_api to None, run_after=None
[2024-03-04T16:00:36.142+0000] {processor.py:183} INFO - Processing /home/airflow/.local/lib/python3.11/site-packages/airflow/example_dags/tutorial_taskflow_api.py took 0.079 seconds
[2024-03-04T16:01:06.788+0000] {processor.py:161} INFO - Started process (PID=1028) to work on /home/airflow/.local/lib/python3.11/site-packages/airflow/example_dags/tutorial_taskflow_api.py
[2024-03-04T16:01:06.790+0000] {processor.py:830} INFO - Processing file /home/airflow/.local/lib/python3.11/site-packages/airflow/example_dags/tutorial_taskflow_api.py for tasks to queue
[2024-03-04T16:01:06.794+0000] {logging_mixin.py:188} INFO - [2024-03-04T16:01:06.794+0000] {dagbag.py:540} INFO - Filling up the DagBag from /home/airflow/.local/lib/python3.11/site-packages/airflow/example_dags/tutorial_taskflow_api.py
[2024-03-04T16:01:06.802+0000] {processor.py:840} INFO - DAG(s) 'tutorial_taskflow_api' retrieved from /home/airflow/.local/lib/python3.11/site-packages/airflow/example_dags/tutorial_taskflow_api.py
[2024-03-04T16:01:06.816+0000] {logging_mixin.py:188} INFO - [2024-03-04T16:01:06.816+0000] {dag.py:3047} INFO - Sync 1 DAGs
[2024-03-04T16:01:06.827+0000] {logging_mixin.py:188} INFO - [2024-03-04T16:01:06.827+0000] {dag.py:3834} INFO - Setting next_dagrun for tutorial_taskflow_api to None, run_after=None
[2024-03-04T16:01:06.837+0000] {processor.py:183} INFO - Processing /home/airflow/.local/lib/python3.11/site-packages/airflow/example_dags/tutorial_taskflow_api.py took 0.055 seconds
[2024-03-04T16:01:37.622+0000] {processor.py:161} INFO - Started process (PID=1083) to work on /home/airflow/.local/lib/python3.11/site-packages/airflow/example_dags/tutorial_taskflow_api.py
[2024-03-04T16:01:37.624+0000] {processor.py:830} INFO - Processing file /home/airflow/.local/lib/python3.11/site-packages/airflow/example_dags/tutorial_taskflow_api.py for tasks to queue
[2024-03-04T16:01:37.626+0000] {logging_mixin.py:188} INFO - [2024-03-04T16:01:37.625+0000] {dagbag.py:540} INFO - Filling up the DagBag from /home/airflow/.local/lib/python3.11/site-packages/airflow/example_dags/tutorial_taskflow_api.py
[2024-03-04T16:01:37.632+0000] {processor.py:840} INFO - DAG(s) 'tutorial_taskflow_api' retrieved from /home/airflow/.local/lib/python3.11/site-packages/airflow/example_dags/tutorial_taskflow_api.py
[2024-03-04T16:01:37.648+0000] {logging_mixin.py:188} INFO - [2024-03-04T16:01:37.648+0000] {dag.py:3047} INFO - Sync 1 DAGs
[2024-03-04T16:01:37.666+0000] {logging_mixin.py:188} INFO - [2024-03-04T16:01:37.665+0000] {dag.py:3834} INFO - Setting next_dagrun for tutorial_taskflow_api to None, run_after=None
[2024-03-04T16:01:37.680+0000] {processor.py:183} INFO - Processing /home/airflow/.local/lib/python3.11/site-packages/airflow/example_dags/tutorial_taskflow_api.py took 0.062 seconds
[2024-03-04T16:02:08.498+0000] {processor.py:161} INFO - Started process (PID=1138) to work on /home/airflow/.local/lib/python3.11/site-packages/airflow/example_dags/tutorial_taskflow_api.py
[2024-03-04T16:02:08.499+0000] {processor.py:830} INFO - Processing file /home/airflow/.local/lib/python3.11/site-packages/airflow/example_dags/tutorial_taskflow_api.py for tasks to queue
[2024-03-04T16:02:08.501+0000] {logging_mixin.py:188} INFO - [2024-03-04T16:02:08.501+0000] {dagbag.py:540} INFO - Filling up the DagBag from /home/airflow/.local/lib/python3.11/site-packages/airflow/example_dags/tutorial_taskflow_api.py
[2024-03-04T16:02:08.508+0000] {processor.py:840} INFO - DAG(s) 'tutorial_taskflow_api' retrieved from /home/airflow/.local/lib/python3.11/site-packages/airflow/example_dags/tutorial_taskflow_api.py
[2024-03-04T16:02:08.522+0000] {logging_mixin.py:188} INFO - [2024-03-04T16:02:08.522+0000] {dag.py:3047} INFO - Sync 1 DAGs
[2024-03-04T16:02:08.529+0000] {logging_mixin.py:188} INFO - [2024-03-04T16:02:08.529+0000] {dag.py:3834} INFO - Setting next_dagrun for tutorial_taskflow_api to None, run_after=None
[2024-03-04T16:02:08.538+0000] {processor.py:183} INFO - Processing /home/airflow/.local/lib/python3.11/site-packages/airflow/example_dags/tutorial_taskflow_api.py took 0.045 seconds
[2024-03-04T16:02:39.191+0000] {processor.py:161} INFO - Started process (PID=1193) to work on /home/airflow/.local/lib/python3.11/site-packages/airflow/example_dags/tutorial_taskflow_api.py
[2024-03-04T16:02:39.192+0000] {processor.py:830} INFO - Processing file /home/airflow/.local/lib/python3.11/site-packages/airflow/example_dags/tutorial_taskflow_api.py for tasks to queue
[2024-03-04T16:02:39.194+0000] {logging_mixin.py:188} INFO - [2024-03-04T16:02:39.194+0000] {dagbag.py:540} INFO - Filling up the DagBag from /home/airflow/.local/lib/python3.11/site-packages/airflow/example_dags/tutorial_taskflow_api.py
[2024-03-04T16:02:39.202+0000] {processor.py:840} INFO - DAG(s) 'tutorial_taskflow_api' retrieved from /home/airflow/.local/lib/python3.11/site-packages/airflow/example_dags/tutorial_taskflow_api.py
[2024-03-04T16:02:39.239+0000] {logging_mixin.py:188} INFO - [2024-03-04T16:02:39.238+0000] {dag.py:3047} INFO - Sync 1 DAGs
[2024-03-04T16:02:39.249+0000] {logging_mixin.py:188} INFO - [2024-03-04T16:02:39.249+0000] {dag.py:3834} INFO - Setting next_dagrun for tutorial_taskflow_api to None, run_after=None
[2024-03-04T16:02:39.258+0000] {processor.py:183} INFO - Processing /home/airflow/.local/lib/python3.11/site-packages/airflow/example_dags/tutorial_taskflow_api.py took 0.071 seconds
[2024-03-04T16:03:09.887+0000] {processor.py:161} INFO - Started process (PID=1248) to work on /home/airflow/.local/lib/python3.11/site-packages/airflow/example_dags/tutorial_taskflow_api.py
[2024-03-04T16:03:09.891+0000] {processor.py:830} INFO - Processing file /home/airflow/.local/lib/python3.11/site-packages/airflow/example_dags/tutorial_taskflow_api.py for tasks to queue
[2024-03-04T16:03:09.895+0000] {logging_mixin.py:188} INFO - [2024-03-04T16:03:09.895+0000] {dagbag.py:540} INFO - Filling up the DagBag from /home/airflow/.local/lib/python3.11/site-packages/airflow/example_dags/tutorial_taskflow_api.py
[2024-03-04T16:03:09.904+0000] {processor.py:840} INFO - DAG(s) 'tutorial_taskflow_api' retrieved from /home/airflow/.local/lib/python3.11/site-packages/airflow/example_dags/tutorial_taskflow_api.py
[2024-03-04T16:03:09.925+0000] {logging_mixin.py:188} INFO - [2024-03-04T16:03:09.925+0000] {dag.py:3047} INFO - Sync 1 DAGs
[2024-03-04T16:03:09.937+0000] {logging_mixin.py:188} INFO - [2024-03-04T16:03:09.937+0000] {dag.py:3834} INFO - Setting next_dagrun for tutorial_taskflow_api to None, run_after=None
[2024-03-04T16:03:09.964+0000] {processor.py:183} INFO - Processing /home/airflow/.local/lib/python3.11/site-packages/airflow/example_dags/tutorial_taskflow_api.py took 0.084 seconds
[2024-03-04T16:03:40.716+0000] {processor.py:161} INFO - Started process (PID=1303) to work on /home/airflow/.local/lib/python3.11/site-packages/airflow/example_dags/tutorial_taskflow_api.py
[2024-03-04T16:03:40.717+0000] {processor.py:830} INFO - Processing file /home/airflow/.local/lib/python3.11/site-packages/airflow/example_dags/tutorial_taskflow_api.py for tasks to queue
[2024-03-04T16:03:40.720+0000] {logging_mixin.py:188} INFO - [2024-03-04T16:03:40.720+0000] {dagbag.py:540} INFO - Filling up the DagBag from /home/airflow/.local/lib/python3.11/site-packages/airflow/example_dags/tutorial_taskflow_api.py
[2024-03-04T16:03:40.731+0000] {processor.py:840} INFO - DAG(s) 'tutorial_taskflow_api' retrieved from /home/airflow/.local/lib/python3.11/site-packages/airflow/example_dags/tutorial_taskflow_api.py
[2024-03-04T16:03:40.763+0000] {logging_mixin.py:188} INFO - [2024-03-04T16:03:40.763+0000] {dag.py:3047} INFO - Sync 1 DAGs
[2024-03-04T16:03:40.779+0000] {logging_mixin.py:188} INFO - [2024-03-04T16:03:40.779+0000] {dag.py:3834} INFO - Setting next_dagrun for tutorial_taskflow_api to None, run_after=None
[2024-03-04T16:03:40.798+0000] {processor.py:183} INFO - Processing /home/airflow/.local/lib/python3.11/site-packages/airflow/example_dags/tutorial_taskflow_api.py took 0.088 seconds
[2024-03-04T16:04:10.882+0000] {processor.py:161} INFO - Started process (PID=1358) to work on /home/airflow/.local/lib/python3.11/site-packages/airflow/example_dags/tutorial_taskflow_api.py
[2024-03-04T16:04:10.883+0000] {processor.py:830} INFO - Processing file /home/airflow/.local/lib/python3.11/site-packages/airflow/example_dags/tutorial_taskflow_api.py for tasks to queue
[2024-03-04T16:04:10.886+0000] {logging_mixin.py:188} INFO - [2024-03-04T16:04:10.885+0000] {dagbag.py:540} INFO - Filling up the DagBag from /home/airflow/.local/lib/python3.11/site-packages/airflow/example_dags/tutorial_taskflow_api.py
[2024-03-04T16:04:10.893+0000] {processor.py:840} INFO - DAG(s) 'tutorial_taskflow_api' retrieved from /home/airflow/.local/lib/python3.11/site-packages/airflow/example_dags/tutorial_taskflow_api.py
[2024-03-04T16:04:10.906+0000] {logging_mixin.py:188} INFO - [2024-03-04T16:04:10.906+0000] {dag.py:3047} INFO - Sync 1 DAGs
[2024-03-04T16:04:10.914+0000] {logging_mixin.py:188} INFO - [2024-03-04T16:04:10.914+0000] {dag.py:3834} INFO - Setting next_dagrun for tutorial_taskflow_api to None, run_after=None
[2024-03-04T16:04:10.924+0000] {processor.py:183} INFO - Processing /home/airflow/.local/lib/python3.11/site-packages/airflow/example_dags/tutorial_taskflow_api.py took 0.047 seconds
[2024-03-04T16:04:41.088+0000] {processor.py:161} INFO - Started process (PID=1413) to work on /home/airflow/.local/lib/python3.11/site-packages/airflow/example_dags/tutorial_taskflow_api.py
[2024-03-04T16:04:41.090+0000] {processor.py:830} INFO - Processing file /home/airflow/.local/lib/python3.11/site-packages/airflow/example_dags/tutorial_taskflow_api.py for tasks to queue
[2024-03-04T16:04:41.093+0000] {logging_mixin.py:188} INFO - [2024-03-04T16:04:41.092+0000] {dagbag.py:540} INFO - Filling up the DagBag from /home/airflow/.local/lib/python3.11/site-packages/airflow/example_dags/tutorial_taskflow_api.py
[2024-03-04T16:04:41.100+0000] {processor.py:840} INFO - DAG(s) 'tutorial_taskflow_api' retrieved from /home/airflow/.local/lib/python3.11/site-packages/airflow/example_dags/tutorial_taskflow_api.py
[2024-03-04T16:04:41.114+0000] {logging_mixin.py:188} INFO - [2024-03-04T16:04:41.114+0000] {dag.py:3047} INFO - Sync 1 DAGs
[2024-03-04T16:04:41.123+0000] {logging_mixin.py:188} INFO - [2024-03-04T16:04:41.123+0000] {dag.py:3834} INFO - Setting next_dagrun for tutorial_taskflow_api to None, run_after=None
[2024-03-04T16:04:41.132+0000] {processor.py:183} INFO - Processing /home/airflow/.local/lib/python3.11/site-packages/airflow/example_dags/tutorial_taskflow_api.py took 0.050 seconds
[2024-03-04T16:05:11.751+0000] {processor.py:161} INFO - Started process (PID=1468) to work on /home/airflow/.local/lib/python3.11/site-packages/airflow/example_dags/tutorial_taskflow_api.py
[2024-03-04T16:05:11.753+0000] {processor.py:830} INFO - Processing file /home/airflow/.local/lib/python3.11/site-packages/airflow/example_dags/tutorial_taskflow_api.py for tasks to queue
[2024-03-04T16:05:11.755+0000] {logging_mixin.py:188} INFO - [2024-03-04T16:05:11.754+0000] {dagbag.py:540} INFO - Filling up the DagBag from /home/airflow/.local/lib/python3.11/site-packages/airflow/example_dags/tutorial_taskflow_api.py
[2024-03-04T16:05:11.760+0000] {processor.py:840} INFO - DAG(s) 'tutorial_taskflow_api' retrieved from /home/airflow/.local/lib/python3.11/site-packages/airflow/example_dags/tutorial_taskflow_api.py
[2024-03-04T16:05:11.772+0000] {logging_mixin.py:188} INFO - [2024-03-04T16:05:11.772+0000] {dag.py:3047} INFO - Sync 1 DAGs
[2024-03-04T16:05:11.778+0000] {logging_mixin.py:188} INFO - [2024-03-04T16:05:11.778+0000] {dag.py:3834} INFO - Setting next_dagrun for tutorial_taskflow_api to None, run_after=None
[2024-03-04T16:05:11.787+0000] {processor.py:183} INFO - Processing /home/airflow/.local/lib/python3.11/site-packages/airflow/example_dags/tutorial_taskflow_api.py took 0.040 seconds
[2024-03-04T16:05:42.674+0000] {processor.py:161} INFO - Started process (PID=1523) to work on /home/airflow/.local/lib/python3.11/site-packages/airflow/example_dags/tutorial_taskflow_api.py
[2024-03-04T16:05:42.676+0000] {processor.py:830} INFO - Processing file /home/airflow/.local/lib/python3.11/site-packages/airflow/example_dags/tutorial_taskflow_api.py for tasks to queue
[2024-03-04T16:05:42.678+0000] {logging_mixin.py:188} INFO - [2024-03-04T16:05:42.678+0000] {dagbag.py:540} INFO - Filling up the DagBag from /home/airflow/.local/lib/python3.11/site-packages/airflow/example_dags/tutorial_taskflow_api.py
[2024-03-04T16:05:42.686+0000] {processor.py:840} INFO - DAG(s) 'tutorial_taskflow_api' retrieved from /home/airflow/.local/lib/python3.11/site-packages/airflow/example_dags/tutorial_taskflow_api.py
[2024-03-04T16:05:42.700+0000] {logging_mixin.py:188} INFO - [2024-03-04T16:05:42.700+0000] {dag.py:3047} INFO - Sync 1 DAGs
[2024-03-04T16:05:42.707+0000] {logging_mixin.py:188} INFO - [2024-03-04T16:05:42.707+0000] {dag.py:3834} INFO - Setting next_dagrun for tutorial_taskflow_api to None, run_after=None
[2024-03-04T16:05:42.715+0000] {processor.py:183} INFO - Processing /home/airflow/.local/lib/python3.11/site-packages/airflow/example_dags/tutorial_taskflow_api.py took 0.048 seconds
[2024-03-04T16:06:12.863+0000] {processor.py:161} INFO - Started process (PID=1578) to work on /home/airflow/.local/lib/python3.11/site-packages/airflow/example_dags/tutorial_taskflow_api.py
[2024-03-04T16:06:12.864+0000] {processor.py:830} INFO - Processing file /home/airflow/.local/lib/python3.11/site-packages/airflow/example_dags/tutorial_taskflow_api.py for tasks to queue
[2024-03-04T16:06:12.866+0000] {logging_mixin.py:188} INFO - [2024-03-04T16:06:12.866+0000] {dagbag.py:540} INFO - Filling up the DagBag from /home/airflow/.local/lib/python3.11/site-packages/airflow/example_dags/tutorial_taskflow_api.py
[2024-03-04T16:06:12.874+0000] {processor.py:840} INFO - DAG(s) 'tutorial_taskflow_api' retrieved from /home/airflow/.local/lib/python3.11/site-packages/airflow/example_dags/tutorial_taskflow_api.py
[2024-03-04T16:06:12.889+0000] {logging_mixin.py:188} INFO - [2024-03-04T16:06:12.888+0000] {dag.py:3047} INFO - Sync 1 DAGs
[2024-03-04T16:06:12.896+0000] {logging_mixin.py:188} INFO - [2024-03-04T16:06:12.896+0000] {dag.py:3834} INFO - Setting next_dagrun for tutorial_taskflow_api to None, run_after=None
[2024-03-04T16:06:12.906+0000] {processor.py:183} INFO - Processing /home/airflow/.local/lib/python3.11/site-packages/airflow/example_dags/tutorial_taskflow_api.py took 0.047 seconds
[2024-03-04T16:06:43.051+0000] {processor.py:161} INFO - Started process (PID=1633) to work on /home/airflow/.local/lib/python3.11/site-packages/airflow/example_dags/tutorial_taskflow_api.py
[2024-03-04T16:06:43.053+0000] {processor.py:830} INFO - Processing file /home/airflow/.local/lib/python3.11/site-packages/airflow/example_dags/tutorial_taskflow_api.py for tasks to queue
[2024-03-04T16:06:43.056+0000] {logging_mixin.py:188} INFO - [2024-03-04T16:06:43.055+0000] {dagbag.py:540} INFO - Filling up the DagBag from /home/airflow/.local/lib/python3.11/site-packages/airflow/example_dags/tutorial_taskflow_api.py
[2024-03-04T16:06:43.063+0000] {processor.py:840} INFO - DAG(s) 'tutorial_taskflow_api' retrieved from /home/airflow/.local/lib/python3.11/site-packages/airflow/example_dags/tutorial_taskflow_api.py
[2024-03-04T16:06:43.077+0000] {logging_mixin.py:188} INFO - [2024-03-04T16:06:43.076+0000] {dag.py:3047} INFO - Sync 1 DAGs
[2024-03-04T16:06:43.084+0000] {logging_mixin.py:188} INFO - [2024-03-04T16:06:43.084+0000] {dag.py:3834} INFO - Setting next_dagrun for tutorial_taskflow_api to None, run_after=None
[2024-03-04T16:06:43.093+0000] {processor.py:183} INFO - Processing /home/airflow/.local/lib/python3.11/site-packages/airflow/example_dags/tutorial_taskflow_api.py took 0.046 seconds
[2024-03-04T16:07:13.835+0000] {processor.py:161} INFO - Started process (PID=1688) to work on /home/airflow/.local/lib/python3.11/site-packages/airflow/example_dags/tutorial_taskflow_api.py
[2024-03-04T16:07:13.837+0000] {processor.py:830} INFO - Processing file /home/airflow/.local/lib/python3.11/site-packages/airflow/example_dags/tutorial_taskflow_api.py for tasks to queue
[2024-03-04T16:07:13.839+0000] {logging_mixin.py:188} INFO - [2024-03-04T16:07:13.839+0000] {dagbag.py:540} INFO - Filling up the DagBag from /home/airflow/.local/lib/python3.11/site-packages/airflow/example_dags/tutorial_taskflow_api.py
[2024-03-04T16:07:13.849+0000] {processor.py:840} INFO - DAG(s) 'tutorial_taskflow_api' retrieved from /home/airflow/.local/lib/python3.11/site-packages/airflow/example_dags/tutorial_taskflow_api.py
[2024-03-04T16:07:13.871+0000] {logging_mixin.py:188} INFO - [2024-03-04T16:07:13.871+0000] {dag.py:3047} INFO - Sync 1 DAGs
[2024-03-04T16:07:13.881+0000] {logging_mixin.py:188} INFO - [2024-03-04T16:07:13.881+0000] {dag.py:3834} INFO - Setting next_dagrun for tutorial_taskflow_api to None, run_after=None
[2024-03-04T16:07:13.897+0000] {processor.py:183} INFO - Processing /home/airflow/.local/lib/python3.11/site-packages/airflow/example_dags/tutorial_taskflow_api.py took 0.067 seconds
[2024-03-04T16:07:44.526+0000] {processor.py:161} INFO - Started process (PID=1749) to work on /home/airflow/.local/lib/python3.11/site-packages/airflow/example_dags/tutorial_taskflow_api.py
[2024-03-04T16:07:44.529+0000] {processor.py:830} INFO - Processing file /home/airflow/.local/lib/python3.11/site-packages/airflow/example_dags/tutorial_taskflow_api.py for tasks to queue
[2024-03-04T16:07:44.531+0000] {logging_mixin.py:188} INFO - [2024-03-04T16:07:44.531+0000] {dagbag.py:540} INFO - Filling up the DagBag from /home/airflow/.local/lib/python3.11/site-packages/airflow/example_dags/tutorial_taskflow_api.py
[2024-03-04T16:07:44.539+0000] {processor.py:840} INFO - DAG(s) 'tutorial_taskflow_api' retrieved from /home/airflow/.local/lib/python3.11/site-packages/airflow/example_dags/tutorial_taskflow_api.py
[2024-03-04T16:07:44.554+0000] {logging_mixin.py:188} INFO - [2024-03-04T16:07:44.554+0000] {dag.py:3047} INFO - Sync 1 DAGs
[2024-03-04T16:07:44.561+0000] {logging_mixin.py:188} INFO - [2024-03-04T16:07:44.561+0000] {dag.py:3834} INFO - Setting next_dagrun for tutorial_taskflow_api to None, run_after=None
[2024-03-04T16:07:44.571+0000] {processor.py:183} INFO - Processing /home/airflow/.local/lib/python3.11/site-packages/airflow/example_dags/tutorial_taskflow_api.py took 0.050 seconds
[2024-03-04T16:08:15.252+0000] {processor.py:161} INFO - Started process (PID=1804) to work on /home/airflow/.local/lib/python3.11/site-packages/airflow/example_dags/tutorial_taskflow_api.py
[2024-03-04T16:08:15.255+0000] {processor.py:830} INFO - Processing file /home/airflow/.local/lib/python3.11/site-packages/airflow/example_dags/tutorial_taskflow_api.py for tasks to queue
[2024-03-04T16:08:15.257+0000] {logging_mixin.py:188} INFO - [2024-03-04T16:08:15.257+0000] {dagbag.py:540} INFO - Filling up the DagBag from /home/airflow/.local/lib/python3.11/site-packages/airflow/example_dags/tutorial_taskflow_api.py
[2024-03-04T16:08:15.264+0000] {processor.py:840} INFO - DAG(s) 'tutorial_taskflow_api' retrieved from /home/airflow/.local/lib/python3.11/site-packages/airflow/example_dags/tutorial_taskflow_api.py
[2024-03-04T16:08:15.277+0000] {logging_mixin.py:188} INFO - [2024-03-04T16:08:15.277+0000] {dag.py:3047} INFO - Sync 1 DAGs
[2024-03-04T16:08:15.284+0000] {logging_mixin.py:188} INFO - [2024-03-04T16:08:15.284+0000] {dag.py:3834} INFO - Setting next_dagrun for tutorial_taskflow_api to None, run_after=None
[2024-03-04T16:08:15.293+0000] {processor.py:183} INFO - Processing /home/airflow/.local/lib/python3.11/site-packages/airflow/example_dags/tutorial_taskflow_api.py took 0.045 seconds
[2024-03-04T16:08:45.899+0000] {processor.py:161} INFO - Started process (PID=1859) to work on /home/airflow/.local/lib/python3.11/site-packages/airflow/example_dags/tutorial_taskflow_api.py
[2024-03-04T16:08:45.901+0000] {processor.py:830} INFO - Processing file /home/airflow/.local/lib/python3.11/site-packages/airflow/example_dags/tutorial_taskflow_api.py for tasks to queue
[2024-03-04T16:08:45.903+0000] {logging_mixin.py:188} INFO - [2024-03-04T16:08:45.903+0000] {dagbag.py:540} INFO - Filling up the DagBag from /home/airflow/.local/lib/python3.11/site-packages/airflow/example_dags/tutorial_taskflow_api.py
[2024-03-04T16:08:45.911+0000] {processor.py:840} INFO - DAG(s) 'tutorial_taskflow_api' retrieved from /home/airflow/.local/lib/python3.11/site-packages/airflow/example_dags/tutorial_taskflow_api.py
[2024-03-04T16:08:45.925+0000] {logging_mixin.py:188} INFO - [2024-03-04T16:08:45.925+0000] {dag.py:3047} INFO - Sync 1 DAGs
[2024-03-04T16:08:45.936+0000] {logging_mixin.py:188} INFO - [2024-03-04T16:08:45.935+0000] {dag.py:3834} INFO - Setting next_dagrun for tutorial_taskflow_api to None, run_after=None
[2024-03-04T16:08:45.948+0000] {processor.py:183} INFO - Processing /home/airflow/.local/lib/python3.11/site-packages/airflow/example_dags/tutorial_taskflow_api.py took 0.054 seconds
[2024-03-04T16:09:16.561+0000] {processor.py:161} INFO - Started process (PID=1914) to work on /home/airflow/.local/lib/python3.11/site-packages/airflow/example_dags/tutorial_taskflow_api.py
[2024-03-04T16:09:16.563+0000] {processor.py:830} INFO - Processing file /home/airflow/.local/lib/python3.11/site-packages/airflow/example_dags/tutorial_taskflow_api.py for tasks to queue
[2024-03-04T16:09:16.565+0000] {logging_mixin.py:188} INFO - [2024-03-04T16:09:16.565+0000] {dagbag.py:540} INFO - Filling up the DagBag from /home/airflow/.local/lib/python3.11/site-packages/airflow/example_dags/tutorial_taskflow_api.py
[2024-03-04T16:09:16.572+0000] {processor.py:840} INFO - DAG(s) 'tutorial_taskflow_api' retrieved from /home/airflow/.local/lib/python3.11/site-packages/airflow/example_dags/tutorial_taskflow_api.py
[2024-03-04T16:09:16.586+0000] {logging_mixin.py:188} INFO - [2024-03-04T16:09:16.586+0000] {dag.py:3047} INFO - Sync 1 DAGs
[2024-03-04T16:09:16.593+0000] {logging_mixin.py:188} INFO - [2024-03-04T16:09:16.593+0000] {dag.py:3834} INFO - Setting next_dagrun for tutorial_taskflow_api to None, run_after=None
[2024-03-04T16:09:16.602+0000] {processor.py:183} INFO - Processing /home/airflow/.local/lib/python3.11/site-packages/airflow/example_dags/tutorial_taskflow_api.py took 0.045 seconds
[2024-03-04T16:09:47.140+0000] {processor.py:161} INFO - Started process (PID=1969) to work on /home/airflow/.local/lib/python3.11/site-packages/airflow/example_dags/tutorial_taskflow_api.py
[2024-03-04T16:09:47.143+0000] {processor.py:830} INFO - Processing file /home/airflow/.local/lib/python3.11/site-packages/airflow/example_dags/tutorial_taskflow_api.py for tasks to queue
[2024-03-04T16:09:47.145+0000] {logging_mixin.py:188} INFO - [2024-03-04T16:09:47.145+0000] {dagbag.py:540} INFO - Filling up the DagBag from /home/airflow/.local/lib/python3.11/site-packages/airflow/example_dags/tutorial_taskflow_api.py
[2024-03-04T16:09:47.152+0000] {processor.py:840} INFO - DAG(s) 'tutorial_taskflow_api' retrieved from /home/airflow/.local/lib/python3.11/site-packages/airflow/example_dags/tutorial_taskflow_api.py
[2024-03-04T16:09:47.169+0000] {logging_mixin.py:188} INFO - [2024-03-04T16:09:47.169+0000] {dag.py:3047} INFO - Sync 1 DAGs
[2024-03-04T16:09:47.175+0000] {logging_mixin.py:188} INFO - [2024-03-04T16:09:47.175+0000] {dag.py:3834} INFO - Setting next_dagrun for tutorial_taskflow_api to None, run_after=None
[2024-03-04T16:09:47.183+0000] {processor.py:183} INFO - Processing /home/airflow/.local/lib/python3.11/site-packages/airflow/example_dags/tutorial_taskflow_api.py took 0.050 seconds
[2024-03-04T16:10:17.836+0000] {processor.py:161} INFO - Started process (PID=2024) to work on /home/airflow/.local/lib/python3.11/site-packages/airflow/example_dags/tutorial_taskflow_api.py
[2024-03-04T16:10:17.838+0000] {processor.py:830} INFO - Processing file /home/airflow/.local/lib/python3.11/site-packages/airflow/example_dags/tutorial_taskflow_api.py for tasks to queue
[2024-03-04T16:10:17.840+0000] {logging_mixin.py:188} INFO - [2024-03-04T16:10:17.839+0000] {dagbag.py:540} INFO - Filling up the DagBag from /home/airflow/.local/lib/python3.11/site-packages/airflow/example_dags/tutorial_taskflow_api.py
[2024-03-04T16:10:17.846+0000] {processor.py:840} INFO - DAG(s) 'tutorial_taskflow_api' retrieved from /home/airflow/.local/lib/python3.11/site-packages/airflow/example_dags/tutorial_taskflow_api.py
[2024-03-04T16:10:17.860+0000] {logging_mixin.py:188} INFO - [2024-03-04T16:10:17.860+0000] {dag.py:3047} INFO - Sync 1 DAGs
[2024-03-04T16:10:17.867+0000] {logging_mixin.py:188} INFO - [2024-03-04T16:10:17.867+0000] {dag.py:3834} INFO - Setting next_dagrun for tutorial_taskflow_api to None, run_after=None
[2024-03-04T16:10:17.877+0000] {processor.py:183} INFO - Processing /home/airflow/.local/lib/python3.11/site-packages/airflow/example_dags/tutorial_taskflow_api.py took 0.045 seconds
[2024-03-04T16:10:48.396+0000] {processor.py:161} INFO - Started process (PID=2079) to work on /home/airflow/.local/lib/python3.11/site-packages/airflow/example_dags/tutorial_taskflow_api.py
[2024-03-04T16:10:48.400+0000] {processor.py:830} INFO - Processing file /home/airflow/.local/lib/python3.11/site-packages/airflow/example_dags/tutorial_taskflow_api.py for tasks to queue
[2024-03-04T16:10:48.404+0000] {logging_mixin.py:188} INFO - [2024-03-04T16:10:48.404+0000] {dagbag.py:540} INFO - Filling up the DagBag from /home/airflow/.local/lib/python3.11/site-packages/airflow/example_dags/tutorial_taskflow_api.py
[2024-03-04T16:10:48.411+0000] {processor.py:840} INFO - DAG(s) 'tutorial_taskflow_api' retrieved from /home/airflow/.local/lib/python3.11/site-packages/airflow/example_dags/tutorial_taskflow_api.py
[2024-03-04T16:10:48.425+0000] {logging_mixin.py:188} INFO - [2024-03-04T16:10:48.425+0000] {dag.py:3047} INFO - Sync 1 DAGs
[2024-03-04T16:10:48.432+0000] {logging_mixin.py:188} INFO - [2024-03-04T16:10:48.432+0000] {dag.py:3834} INFO - Setting next_dagrun for tutorial_taskflow_api to None, run_after=None
[2024-03-04T16:10:48.442+0000] {processor.py:183} INFO - Processing /home/airflow/.local/lib/python3.11/site-packages/airflow/example_dags/tutorial_taskflow_api.py took 0.050 seconds
[2024-03-04T16:11:19.226+0000] {processor.py:161} INFO - Started process (PID=2134) to work on /home/airflow/.local/lib/python3.11/site-packages/airflow/example_dags/tutorial_taskflow_api.py
[2024-03-04T16:11:19.229+0000] {processor.py:830} INFO - Processing file /home/airflow/.local/lib/python3.11/site-packages/airflow/example_dags/tutorial_taskflow_api.py for tasks to queue
[2024-03-04T16:11:19.231+0000] {logging_mixin.py:188} INFO - [2024-03-04T16:11:19.231+0000] {dagbag.py:540} INFO - Filling up the DagBag from /home/airflow/.local/lib/python3.11/site-packages/airflow/example_dags/tutorial_taskflow_api.py
[2024-03-04T16:11:19.238+0000] {processor.py:840} INFO - DAG(s) 'tutorial_taskflow_api' retrieved from /home/airflow/.local/lib/python3.11/site-packages/airflow/example_dags/tutorial_taskflow_api.py
[2024-03-04T16:11:19.252+0000] {logging_mixin.py:188} INFO - [2024-03-04T16:11:19.252+0000] {dag.py:3047} INFO - Sync 1 DAGs
[2024-03-04T16:11:19.259+0000] {logging_mixin.py:188} INFO - [2024-03-04T16:11:19.259+0000] {dag.py:3834} INFO - Setting next_dagrun for tutorial_taskflow_api to None, run_after=None
[2024-03-04T16:11:19.271+0000] {processor.py:183} INFO - Processing /home/airflow/.local/lib/python3.11/site-packages/airflow/example_dags/tutorial_taskflow_api.py took 0.051 seconds
[2024-03-04T16:11:49.832+0000] {processor.py:161} INFO - Started process (PID=2189) to work on /home/airflow/.local/lib/python3.11/site-packages/airflow/example_dags/tutorial_taskflow_api.py
[2024-03-04T16:11:49.834+0000] {processor.py:830} INFO - Processing file /home/airflow/.local/lib/python3.11/site-packages/airflow/example_dags/tutorial_taskflow_api.py for tasks to queue
[2024-03-04T16:11:49.836+0000] {logging_mixin.py:188} INFO - [2024-03-04T16:11:49.836+0000] {dagbag.py:540} INFO - Filling up the DagBag from /home/airflow/.local/lib/python3.11/site-packages/airflow/example_dags/tutorial_taskflow_api.py
[2024-03-04T16:11:49.842+0000] {processor.py:840} INFO - DAG(s) 'tutorial_taskflow_api' retrieved from /home/airflow/.local/lib/python3.11/site-packages/airflow/example_dags/tutorial_taskflow_api.py
[2024-03-04T16:11:49.856+0000] {logging_mixin.py:188} INFO - [2024-03-04T16:11:49.856+0000] {dag.py:3047} INFO - Sync 1 DAGs
[2024-03-04T16:11:49.864+0000] {logging_mixin.py:188} INFO - [2024-03-04T16:11:49.864+0000] {dag.py:3834} INFO - Setting next_dagrun for tutorial_taskflow_api to None, run_after=None
[2024-03-04T16:11:49.873+0000] {processor.py:183} INFO - Processing /home/airflow/.local/lib/python3.11/site-packages/airflow/example_dags/tutorial_taskflow_api.py took 0.045 seconds
[2024-03-04T16:12:20.557+0000] {processor.py:161} INFO - Started process (PID=2244) to work on /home/airflow/.local/lib/python3.11/site-packages/airflow/example_dags/tutorial_taskflow_api.py
[2024-03-04T16:12:20.560+0000] {processor.py:830} INFO - Processing file /home/airflow/.local/lib/python3.11/site-packages/airflow/example_dags/tutorial_taskflow_api.py for tasks to queue
[2024-03-04T16:12:20.562+0000] {logging_mixin.py:188} INFO - [2024-03-04T16:12:20.562+0000] {dagbag.py:540} INFO - Filling up the DagBag from /home/airflow/.local/lib/python3.11/site-packages/airflow/example_dags/tutorial_taskflow_api.py
[2024-03-04T16:12:20.569+0000] {processor.py:840} INFO - DAG(s) 'tutorial_taskflow_api' retrieved from /home/airflow/.local/lib/python3.11/site-packages/airflow/example_dags/tutorial_taskflow_api.py
[2024-03-04T16:12:20.583+0000] {logging_mixin.py:188} INFO - [2024-03-04T16:12:20.583+0000] {dag.py:3047} INFO - Sync 1 DAGs
[2024-03-04T16:12:20.590+0000] {logging_mixin.py:188} INFO - [2024-03-04T16:12:20.590+0000] {dag.py:3834} INFO - Setting next_dagrun for tutorial_taskflow_api to None, run_after=None
[2024-03-04T16:12:20.599+0000] {processor.py:183} INFO - Processing /home/airflow/.local/lib/python3.11/site-packages/airflow/example_dags/tutorial_taskflow_api.py took 0.047 seconds
[2024-03-04T16:12:51.238+0000] {processor.py:161} INFO - Started process (PID=2299) to work on /home/airflow/.local/lib/python3.11/site-packages/airflow/example_dags/tutorial_taskflow_api.py
[2024-03-04T16:12:51.241+0000] {processor.py:830} INFO - Processing file /home/airflow/.local/lib/python3.11/site-packages/airflow/example_dags/tutorial_taskflow_api.py for tasks to queue
[2024-03-04T16:12:51.243+0000] {logging_mixin.py:188} INFO - [2024-03-04T16:12:51.242+0000] {dagbag.py:540} INFO - Filling up the DagBag from /home/airflow/.local/lib/python3.11/site-packages/airflow/example_dags/tutorial_taskflow_api.py
[2024-03-04T16:12:51.249+0000] {processor.py:840} INFO - DAG(s) 'tutorial_taskflow_api' retrieved from /home/airflow/.local/lib/python3.11/site-packages/airflow/example_dags/tutorial_taskflow_api.py
[2024-03-04T16:12:51.262+0000] {logging_mixin.py:188} INFO - [2024-03-04T16:12:51.262+0000] {dag.py:3047} INFO - Sync 1 DAGs
[2024-03-04T16:12:51.270+0000] {logging_mixin.py:188} INFO - [2024-03-04T16:12:51.270+0000] {dag.py:3834} INFO - Setting next_dagrun for tutorial_taskflow_api to None, run_after=None
[2024-03-04T16:12:51.280+0000] {processor.py:183} INFO - Processing /home/airflow/.local/lib/python3.11/site-packages/airflow/example_dags/tutorial_taskflow_api.py took 0.047 seconds
[2024-03-04T16:13:21.818+0000] {processor.py:161} INFO - Started process (PID=2354) to work on /home/airflow/.local/lib/python3.11/site-packages/airflow/example_dags/tutorial_taskflow_api.py
[2024-03-04T16:13:21.820+0000] {processor.py:830} INFO - Processing file /home/airflow/.local/lib/python3.11/site-packages/airflow/example_dags/tutorial_taskflow_api.py for tasks to queue
[2024-03-04T16:13:21.822+0000] {logging_mixin.py:188} INFO - [2024-03-04T16:13:21.821+0000] {dagbag.py:540} INFO - Filling up the DagBag from /home/airflow/.local/lib/python3.11/site-packages/airflow/example_dags/tutorial_taskflow_api.py
[2024-03-04T16:13:21.832+0000] {processor.py:840} INFO - DAG(s) 'tutorial_taskflow_api' retrieved from /home/airflow/.local/lib/python3.11/site-packages/airflow/example_dags/tutorial_taskflow_api.py
[2024-03-04T16:13:21.852+0000] {logging_mixin.py:188} INFO - [2024-03-04T16:13:21.852+0000] {dag.py:3047} INFO - Sync 1 DAGs
[2024-03-04T16:13:21.861+0000] {logging_mixin.py:188} INFO - [2024-03-04T16:13:21.860+0000] {dag.py:3834} INFO - Setting next_dagrun for tutorial_taskflow_api to None, run_after=None
[2024-03-04T16:13:21.870+0000] {processor.py:183} INFO - Processing /home/airflow/.local/lib/python3.11/site-packages/airflow/example_dags/tutorial_taskflow_api.py took 0.055 seconds
[2024-03-04T16:13:52.532+0000] {processor.py:161} INFO - Started process (PID=2409) to work on /home/airflow/.local/lib/python3.11/site-packages/airflow/example_dags/tutorial_taskflow_api.py
[2024-03-04T16:13:52.534+0000] {processor.py:830} INFO - Processing file /home/airflow/.local/lib/python3.11/site-packages/airflow/example_dags/tutorial_taskflow_api.py for tasks to queue
[2024-03-04T16:13:52.536+0000] {logging_mixin.py:188} INFO - [2024-03-04T16:13:52.536+0000] {dagbag.py:540} INFO - Filling up the DagBag from /home/airflow/.local/lib/python3.11/site-packages/airflow/example_dags/tutorial_taskflow_api.py
[2024-03-04T16:13:52.543+0000] {processor.py:840} INFO - DAG(s) 'tutorial_taskflow_api' retrieved from /home/airflow/.local/lib/python3.11/site-packages/airflow/example_dags/tutorial_taskflow_api.py
[2024-03-04T16:13:52.557+0000] {logging_mixin.py:188} INFO - [2024-03-04T16:13:52.557+0000] {dag.py:3047} INFO - Sync 1 DAGs
[2024-03-04T16:13:52.565+0000] {logging_mixin.py:188} INFO - [2024-03-04T16:13:52.565+0000] {dag.py:3834} INFO - Setting next_dagrun for tutorial_taskflow_api to None, run_after=None
[2024-03-04T16:13:52.574+0000] {processor.py:183} INFO - Processing /home/airflow/.local/lib/python3.11/site-packages/airflow/example_dags/tutorial_taskflow_api.py took 0.046 seconds
[2024-03-04T16:14:23.292+0000] {processor.py:161} INFO - Started process (PID=2464) to work on /home/airflow/.local/lib/python3.11/site-packages/airflow/example_dags/tutorial_taskflow_api.py
[2024-03-04T16:14:23.293+0000] {processor.py:830} INFO - Processing file /home/airflow/.local/lib/python3.11/site-packages/airflow/example_dags/tutorial_taskflow_api.py for tasks to queue
[2024-03-04T16:14:23.295+0000] {logging_mixin.py:188} INFO - [2024-03-04T16:14:23.294+0000] {dagbag.py:540} INFO - Filling up the DagBag from /home/airflow/.local/lib/python3.11/site-packages/airflow/example_dags/tutorial_taskflow_api.py
[2024-03-04T16:14:23.300+0000] {processor.py:840} INFO - DAG(s) 'tutorial_taskflow_api' retrieved from /home/airflow/.local/lib/python3.11/site-packages/airflow/example_dags/tutorial_taskflow_api.py
[2024-03-04T16:14:23.314+0000] {logging_mixin.py:188} INFO - [2024-03-04T16:14:23.314+0000] {dag.py:3047} INFO - Sync 1 DAGs
[2024-03-04T16:14:23.321+0000] {logging_mixin.py:188} INFO - [2024-03-04T16:14:23.321+0000] {dag.py:3834} INFO - Setting next_dagrun for tutorial_taskflow_api to None, run_after=None
[2024-03-04T16:14:23.331+0000] {processor.py:183} INFO - Processing /home/airflow/.local/lib/python3.11/site-packages/airflow/example_dags/tutorial_taskflow_api.py took 0.043 seconds
[2024-03-04T16:14:54.105+0000] {processor.py:161} INFO - Started process (PID=2519) to work on /home/airflow/.local/lib/python3.11/site-packages/airflow/example_dags/tutorial_taskflow_api.py
[2024-03-04T16:14:54.107+0000] {processor.py:830} INFO - Processing file /home/airflow/.local/lib/python3.11/site-packages/airflow/example_dags/tutorial_taskflow_api.py for tasks to queue
[2024-03-04T16:14:54.109+0000] {logging_mixin.py:188} INFO - [2024-03-04T16:14:54.109+0000] {dagbag.py:540} INFO - Filling up the DagBag from /home/airflow/.local/lib/python3.11/site-packages/airflow/example_dags/tutorial_taskflow_api.py
[2024-03-04T16:14:54.117+0000] {processor.py:840} INFO - DAG(s) 'tutorial_taskflow_api' retrieved from /home/airflow/.local/lib/python3.11/site-packages/airflow/example_dags/tutorial_taskflow_api.py
[2024-03-04T16:14:54.131+0000] {logging_mixin.py:188} INFO - [2024-03-04T16:14:54.131+0000] {dag.py:3047} INFO - Sync 1 DAGs
[2024-03-04T16:14:54.139+0000] {logging_mixin.py:188} INFO - [2024-03-04T16:14:54.139+0000] {dag.py:3834} INFO - Setting next_dagrun for tutorial_taskflow_api to None, run_after=None
[2024-03-04T16:14:54.149+0000] {processor.py:183} INFO - Processing /home/airflow/.local/lib/python3.11/site-packages/airflow/example_dags/tutorial_taskflow_api.py took 0.049 seconds
[2024-03-04T16:15:24.469+0000] {processor.py:161} INFO - Started process (PID=2574) to work on /home/airflow/.local/lib/python3.11/site-packages/airflow/example_dags/tutorial_taskflow_api.py
[2024-03-04T16:15:24.470+0000] {processor.py:830} INFO - Processing file /home/airflow/.local/lib/python3.11/site-packages/airflow/example_dags/tutorial_taskflow_api.py for tasks to queue
[2024-03-04T16:15:24.472+0000] {logging_mixin.py:188} INFO - [2024-03-04T16:15:24.471+0000] {dagbag.py:540} INFO - Filling up the DagBag from /home/airflow/.local/lib/python3.11/site-packages/airflow/example_dags/tutorial_taskflow_api.py
[2024-03-04T16:15:24.478+0000] {processor.py:840} INFO - DAG(s) 'tutorial_taskflow_api' retrieved from /home/airflow/.local/lib/python3.11/site-packages/airflow/example_dags/tutorial_taskflow_api.py
[2024-03-04T16:15:24.494+0000] {logging_mixin.py:188} INFO - [2024-03-04T16:15:24.494+0000] {dag.py:3047} INFO - Sync 1 DAGs
[2024-03-04T16:15:24.502+0000] {logging_mixin.py:188} INFO - [2024-03-04T16:15:24.502+0000] {dag.py:3834} INFO - Setting next_dagrun for tutorial_taskflow_api to None, run_after=None
[2024-03-04T16:15:24.556+0000] {processor.py:183} INFO - Processing /home/airflow/.local/lib/python3.11/site-packages/airflow/example_dags/tutorial_taskflow_api.py took 0.091 seconds
[2024-03-04T16:15:55.361+0000] {processor.py:161} INFO - Started process (PID=2629) to work on /home/airflow/.local/lib/python3.11/site-packages/airflow/example_dags/tutorial_taskflow_api.py
[2024-03-04T16:15:55.363+0000] {processor.py:830} INFO - Processing file /home/airflow/.local/lib/python3.11/site-packages/airflow/example_dags/tutorial_taskflow_api.py for tasks to queue
[2024-03-04T16:15:55.367+0000] {logging_mixin.py:188} INFO - [2024-03-04T16:15:55.366+0000] {dagbag.py:540} INFO - Filling up the DagBag from /home/airflow/.local/lib/python3.11/site-packages/airflow/example_dags/tutorial_taskflow_api.py
[2024-03-04T16:15:55.377+0000] {processor.py:840} INFO - DAG(s) 'tutorial_taskflow_api' retrieved from /home/airflow/.local/lib/python3.11/site-packages/airflow/example_dags/tutorial_taskflow_api.py
[2024-03-04T16:15:55.423+0000] {logging_mixin.py:188} INFO - [2024-03-04T16:15:55.422+0000] {dag.py:3047} INFO - Sync 1 DAGs
[2024-03-04T16:15:55.433+0000] {logging_mixin.py:188} INFO - [2024-03-04T16:15:55.433+0000] {dag.py:3834} INFO - Setting next_dagrun for tutorial_taskflow_api to None, run_after=None
[2024-03-04T16:15:55.443+0000] {processor.py:183} INFO - Processing /home/airflow/.local/lib/python3.11/site-packages/airflow/example_dags/tutorial_taskflow_api.py took 0.090 seconds
[2024-03-04T16:16:26.170+0000] {processor.py:161} INFO - Started process (PID=2684) to work on /home/airflow/.local/lib/python3.11/site-packages/airflow/example_dags/tutorial_taskflow_api.py
[2024-03-04T16:16:26.175+0000] {processor.py:830} INFO - Processing file /home/airflow/.local/lib/python3.11/site-packages/airflow/example_dags/tutorial_taskflow_api.py for tasks to queue
[2024-03-04T16:16:26.177+0000] {logging_mixin.py:188} INFO - [2024-03-04T16:16:26.177+0000] {dagbag.py:540} INFO - Filling up the DagBag from /home/airflow/.local/lib/python3.11/site-packages/airflow/example_dags/tutorial_taskflow_api.py
[2024-03-04T16:16:26.183+0000] {processor.py:840} INFO - DAG(s) 'tutorial_taskflow_api' retrieved from /home/airflow/.local/lib/python3.11/site-packages/airflow/example_dags/tutorial_taskflow_api.py
[2024-03-04T16:16:26.197+0000] {logging_mixin.py:188} INFO - [2024-03-04T16:16:26.197+0000] {dag.py:3047} INFO - Sync 1 DAGs
[2024-03-04T16:16:26.206+0000] {logging_mixin.py:188} INFO - [2024-03-04T16:16:26.206+0000] {dag.py:3834} INFO - Setting next_dagrun for tutorial_taskflow_api to None, run_after=None
[2024-03-04T16:16:26.215+0000] {processor.py:183} INFO - Processing /home/airflow/.local/lib/python3.11/site-packages/airflow/example_dags/tutorial_taskflow_api.py took 0.049 seconds
[2024-03-04T16:16:56.704+0000] {processor.py:161} INFO - Started process (PID=2739) to work on /home/airflow/.local/lib/python3.11/site-packages/airflow/example_dags/tutorial_taskflow_api.py
[2024-03-04T16:16:56.705+0000] {processor.py:830} INFO - Processing file /home/airflow/.local/lib/python3.11/site-packages/airflow/example_dags/tutorial_taskflow_api.py for tasks to queue
[2024-03-04T16:16:56.707+0000] {logging_mixin.py:188} INFO - [2024-03-04T16:16:56.707+0000] {dagbag.py:540} INFO - Filling up the DagBag from /home/airflow/.local/lib/python3.11/site-packages/airflow/example_dags/tutorial_taskflow_api.py
[2024-03-04T16:16:56.714+0000] {processor.py:840} INFO - DAG(s) 'tutorial_taskflow_api' retrieved from /home/airflow/.local/lib/python3.11/site-packages/airflow/example_dags/tutorial_taskflow_api.py
[2024-03-04T16:16:56.729+0000] {logging_mixin.py:188} INFO - [2024-03-04T16:16:56.729+0000] {dag.py:3047} INFO - Sync 1 DAGs
[2024-03-04T16:16:56.737+0000] {logging_mixin.py:188} INFO - [2024-03-04T16:16:56.737+0000] {dag.py:3834} INFO - Setting next_dagrun for tutorial_taskflow_api to None, run_after=None
[2024-03-04T16:16:56.747+0000] {processor.py:183} INFO - Processing /home/airflow/.local/lib/python3.11/site-packages/airflow/example_dags/tutorial_taskflow_api.py took 0.048 seconds
[2024-03-04T16:17:27.508+0000] {processor.py:161} INFO - Started process (PID=2794) to work on /home/airflow/.local/lib/python3.11/site-packages/airflow/example_dags/tutorial_taskflow_api.py
[2024-03-04T16:17:27.509+0000] {processor.py:830} INFO - Processing file /home/airflow/.local/lib/python3.11/site-packages/airflow/example_dags/tutorial_taskflow_api.py for tasks to queue
[2024-03-04T16:17:27.511+0000] {logging_mixin.py:188} INFO - [2024-03-04T16:17:27.511+0000] {dagbag.py:540} INFO - Filling up the DagBag from /home/airflow/.local/lib/python3.11/site-packages/airflow/example_dags/tutorial_taskflow_api.py
[2024-03-04T16:17:27.518+0000] {processor.py:840} INFO - DAG(s) 'tutorial_taskflow_api' retrieved from /home/airflow/.local/lib/python3.11/site-packages/airflow/example_dags/tutorial_taskflow_api.py
[2024-03-04T16:17:27.532+0000] {logging_mixin.py:188} INFO - [2024-03-04T16:17:27.532+0000] {dag.py:3047} INFO - Sync 1 DAGs
[2024-03-04T16:17:27.540+0000] {logging_mixin.py:188} INFO - [2024-03-04T16:17:27.540+0000] {dag.py:3834} INFO - Setting next_dagrun for tutorial_taskflow_api to None, run_after=None
[2024-03-04T16:17:27.550+0000] {processor.py:183} INFO - Processing /home/airflow/.local/lib/python3.11/site-packages/airflow/example_dags/tutorial_taskflow_api.py took 0.046 seconds
[2024-03-04T16:17:57.819+0000] {processor.py:161} INFO - Started process (PID=2849) to work on /home/airflow/.local/lib/python3.11/site-packages/airflow/example_dags/tutorial_taskflow_api.py
[2024-03-04T16:17:57.820+0000] {processor.py:830} INFO - Processing file /home/airflow/.local/lib/python3.11/site-packages/airflow/example_dags/tutorial_taskflow_api.py for tasks to queue
[2024-03-04T16:17:57.823+0000] {logging_mixin.py:188} INFO - [2024-03-04T16:17:57.822+0000] {dagbag.py:540} INFO - Filling up the DagBag from /home/airflow/.local/lib/python3.11/site-packages/airflow/example_dags/tutorial_taskflow_api.py
[2024-03-04T16:17:57.829+0000] {processor.py:840} INFO - DAG(s) 'tutorial_taskflow_api' retrieved from /home/airflow/.local/lib/python3.11/site-packages/airflow/example_dags/tutorial_taskflow_api.py
[2024-03-04T16:17:57.845+0000] {logging_mixin.py:188} INFO - [2024-03-04T16:17:57.845+0000] {dag.py:3047} INFO - Sync 1 DAGs
[2024-03-04T16:17:57.852+0000] {logging_mixin.py:188} INFO - [2024-03-04T16:17:57.852+0000] {dag.py:3834} INFO - Setting next_dagrun for tutorial_taskflow_api to None, run_after=None
[2024-03-04T16:17:57.862+0000] {processor.py:183} INFO - Processing /home/airflow/.local/lib/python3.11/site-packages/airflow/example_dags/tutorial_taskflow_api.py took 0.049 seconds
[2024-03-04T16:18:28.212+0000] {processor.py:161} INFO - Started process (PID=2904) to work on /home/airflow/.local/lib/python3.11/site-packages/airflow/example_dags/tutorial_taskflow_api.py
[2024-03-04T16:18:28.219+0000] {processor.py:830} INFO - Processing file /home/airflow/.local/lib/python3.11/site-packages/airflow/example_dags/tutorial_taskflow_api.py for tasks to queue
[2024-03-04T16:18:28.227+0000] {logging_mixin.py:188} INFO - [2024-03-04T16:18:28.227+0000] {dagbag.py:540} INFO - Filling up the DagBag from /home/airflow/.local/lib/python3.11/site-packages/airflow/example_dags/tutorial_taskflow_api.py
[2024-03-04T16:18:28.247+0000] {processor.py:840} INFO - DAG(s) 'tutorial_taskflow_api' retrieved from /home/airflow/.local/lib/python3.11/site-packages/airflow/example_dags/tutorial_taskflow_api.py
[2024-03-04T16:18:28.272+0000] {logging_mixin.py:188} INFO - [2024-03-04T16:18:28.272+0000] {dag.py:3047} INFO - Sync 1 DAGs
[2024-03-04T16:18:28.282+0000] {logging_mixin.py:188} INFO - [2024-03-04T16:18:28.282+0000] {dag.py:3834} INFO - Setting next_dagrun for tutorial_taskflow_api to None, run_after=None
[2024-03-04T16:18:28.310+0000] {processor.py:183} INFO - Processing /home/airflow/.local/lib/python3.11/site-packages/airflow/example_dags/tutorial_taskflow_api.py took 0.109 seconds
[2024-03-04T16:18:58.386+0000] {processor.py:161} INFO - Started process (PID=2959) to work on /home/airflow/.local/lib/python3.11/site-packages/airflow/example_dags/tutorial_taskflow_api.py
[2024-03-04T16:18:58.388+0000] {processor.py:830} INFO - Processing file /home/airflow/.local/lib/python3.11/site-packages/airflow/example_dags/tutorial_taskflow_api.py for tasks to queue
[2024-03-04T16:18:58.391+0000] {logging_mixin.py:188} INFO - [2024-03-04T16:18:58.390+0000] {dagbag.py:540} INFO - Filling up the DagBag from /home/airflow/.local/lib/python3.11/site-packages/airflow/example_dags/tutorial_taskflow_api.py
[2024-03-04T16:18:58.398+0000] {processor.py:840} INFO - DAG(s) 'tutorial_taskflow_api' retrieved from /home/airflow/.local/lib/python3.11/site-packages/airflow/example_dags/tutorial_taskflow_api.py
[2024-03-04T16:18:58.415+0000] {logging_mixin.py:188} INFO - [2024-03-04T16:18:58.415+0000] {dag.py:3047} INFO - Sync 1 DAGs
[2024-03-04T16:18:58.425+0000] {logging_mixin.py:188} INFO - [2024-03-04T16:18:58.425+0000] {dag.py:3834} INFO - Setting next_dagrun for tutorial_taskflow_api to None, run_after=None
[2024-03-04T16:18:58.434+0000] {processor.py:183} INFO - Processing /home/airflow/.local/lib/python3.11/site-packages/airflow/example_dags/tutorial_taskflow_api.py took 0.055 seconds
[2024-03-04T16:19:28.601+0000] {processor.py:161} INFO - Started process (PID=3014) to work on /home/airflow/.local/lib/python3.11/site-packages/airflow/example_dags/tutorial_taskflow_api.py
[2024-03-04T16:19:28.604+0000] {processor.py:830} INFO - Processing file /home/airflow/.local/lib/python3.11/site-packages/airflow/example_dags/tutorial_taskflow_api.py for tasks to queue
[2024-03-04T16:19:28.607+0000] {logging_mixin.py:188} INFO - [2024-03-04T16:19:28.607+0000] {dagbag.py:540} INFO - Filling up the DagBag from /home/airflow/.local/lib/python3.11/site-packages/airflow/example_dags/tutorial_taskflow_api.py
[2024-03-04T16:19:28.616+0000] {processor.py:840} INFO - DAG(s) 'tutorial_taskflow_api' retrieved from /home/airflow/.local/lib/python3.11/site-packages/airflow/example_dags/tutorial_taskflow_api.py
[2024-03-04T16:19:28.634+0000] {logging_mixin.py:188} INFO - [2024-03-04T16:19:28.633+0000] {dag.py:3047} INFO - Sync 1 DAGs
[2024-03-04T16:19:28.642+0000] {logging_mixin.py:188} INFO - [2024-03-04T16:19:28.642+0000] {dag.py:3834} INFO - Setting next_dagrun for tutorial_taskflow_api to None, run_after=None
[2024-03-04T16:19:28.651+0000] {processor.py:183} INFO - Processing /home/airflow/.local/lib/python3.11/site-packages/airflow/example_dags/tutorial_taskflow_api.py took 0.059 seconds
[2024-03-04T16:19:59.422+0000] {processor.py:161} INFO - Started process (PID=3069) to work on /home/airflow/.local/lib/python3.11/site-packages/airflow/example_dags/tutorial_taskflow_api.py
[2024-03-04T16:19:59.423+0000] {processor.py:830} INFO - Processing file /home/airflow/.local/lib/python3.11/site-packages/airflow/example_dags/tutorial_taskflow_api.py for tasks to queue
[2024-03-04T16:19:59.427+0000] {logging_mixin.py:188} INFO - [2024-03-04T16:19:59.425+0000] {dagbag.py:540} INFO - Filling up the DagBag from /home/airflow/.local/lib/python3.11/site-packages/airflow/example_dags/tutorial_taskflow_api.py
[2024-03-04T16:19:59.452+0000] {processor.py:840} INFO - DAG(s) 'tutorial_taskflow_api' retrieved from /home/airflow/.local/lib/python3.11/site-packages/airflow/example_dags/tutorial_taskflow_api.py
[2024-03-04T16:19:59.491+0000] {logging_mixin.py:188} INFO - [2024-03-04T16:19:59.491+0000] {dag.py:3047} INFO - Sync 1 DAGs
[2024-03-04T16:19:59.502+0000] {logging_mixin.py:188} INFO - [2024-03-04T16:19:59.502+0000] {dag.py:3834} INFO - Setting next_dagrun for tutorial_taskflow_api to None, run_after=None
[2024-03-04T16:19:59.515+0000] {processor.py:183} INFO - Processing /home/airflow/.local/lib/python3.11/site-packages/airflow/example_dags/tutorial_taskflow_api.py took 0.098 seconds
[2024-03-04T16:20:30.478+0000] {processor.py:161} INFO - Started process (PID=3124) to work on /home/airflow/.local/lib/python3.11/site-packages/airflow/example_dags/tutorial_taskflow_api.py
[2024-03-04T16:20:30.480+0000] {processor.py:830} INFO - Processing file /home/airflow/.local/lib/python3.11/site-packages/airflow/example_dags/tutorial_taskflow_api.py for tasks to queue
[2024-03-04T16:20:30.483+0000] {logging_mixin.py:188} INFO - [2024-03-04T16:20:30.483+0000] {dagbag.py:540} INFO - Filling up the DagBag from /home/airflow/.local/lib/python3.11/site-packages/airflow/example_dags/tutorial_taskflow_api.py
[2024-03-04T16:20:30.494+0000] {processor.py:840} INFO - DAG(s) 'tutorial_taskflow_api' retrieved from /home/airflow/.local/lib/python3.11/site-packages/airflow/example_dags/tutorial_taskflow_api.py
[2024-03-04T16:20:30.521+0000] {logging_mixin.py:188} INFO - [2024-03-04T16:20:30.521+0000] {dag.py:3047} INFO - Sync 1 DAGs
[2024-03-04T16:20:30.531+0000] {logging_mixin.py:188} INFO - [2024-03-04T16:20:30.530+0000] {dag.py:3834} INFO - Setting next_dagrun for tutorial_taskflow_api to None, run_after=None
[2024-03-04T16:20:30.540+0000] {processor.py:183} INFO - Processing /home/airflow/.local/lib/python3.11/site-packages/airflow/example_dags/tutorial_taskflow_api.py took 0.068 seconds
[2024-03-04T16:21:00.679+0000] {processor.py:161} INFO - Started process (PID=3179) to work on /home/airflow/.local/lib/python3.11/site-packages/airflow/example_dags/tutorial_taskflow_api.py
[2024-03-04T16:21:00.682+0000] {processor.py:830} INFO - Processing file /home/airflow/.local/lib/python3.11/site-packages/airflow/example_dags/tutorial_taskflow_api.py for tasks to queue
[2024-03-04T16:21:00.684+0000] {logging_mixin.py:188} INFO - [2024-03-04T16:21:00.683+0000] {dagbag.py:540} INFO - Filling up the DagBag from /home/airflow/.local/lib/python3.11/site-packages/airflow/example_dags/tutorial_taskflow_api.py
[2024-03-04T16:21:00.689+0000] {processor.py:840} INFO - DAG(s) 'tutorial_taskflow_api' retrieved from /home/airflow/.local/lib/python3.11/site-packages/airflow/example_dags/tutorial_taskflow_api.py
[2024-03-04T16:21:00.706+0000] {logging_mixin.py:188} INFO - [2024-03-04T16:21:00.706+0000] {dag.py:3047} INFO - Sync 1 DAGs
[2024-03-04T16:21:00.713+0000] {logging_mixin.py:188} INFO - [2024-03-04T16:21:00.713+0000] {dag.py:3834} INFO - Setting next_dagrun for tutorial_taskflow_api to None, run_after=None
[2024-03-04T16:21:00.722+0000] {processor.py:183} INFO - Processing /home/airflow/.local/lib/python3.11/site-packages/airflow/example_dags/tutorial_taskflow_api.py took 0.048 seconds
[2024-03-04T16:21:30.895+0000] {processor.py:161} INFO - Started process (PID=3234) to work on /home/airflow/.local/lib/python3.11/site-packages/airflow/example_dags/tutorial_taskflow_api.py
[2024-03-04T16:21:30.897+0000] {processor.py:830} INFO - Processing file /home/airflow/.local/lib/python3.11/site-packages/airflow/example_dags/tutorial_taskflow_api.py for tasks to queue
[2024-03-04T16:21:30.899+0000] {logging_mixin.py:188} INFO - [2024-03-04T16:21:30.899+0000] {dagbag.py:540} INFO - Filling up the DagBag from /home/airflow/.local/lib/python3.11/site-packages/airflow/example_dags/tutorial_taskflow_api.py
[2024-03-04T16:21:30.908+0000] {processor.py:840} INFO - DAG(s) 'tutorial_taskflow_api' retrieved from /home/airflow/.local/lib/python3.11/site-packages/airflow/example_dags/tutorial_taskflow_api.py
[2024-03-04T16:21:30.928+0000] {logging_mixin.py:188} INFO - [2024-03-04T16:21:30.928+0000] {dag.py:3047} INFO - Sync 1 DAGs
[2024-03-04T16:21:30.936+0000] {logging_mixin.py:188} INFO - [2024-03-04T16:21:30.936+0000] {dag.py:3834} INFO - Setting next_dagrun for tutorial_taskflow_api to None, run_after=None
[2024-03-04T16:21:30.945+0000] {processor.py:183} INFO - Processing /home/airflow/.local/lib/python3.11/site-packages/airflow/example_dags/tutorial_taskflow_api.py took 0.055 seconds
[2024-03-04T16:22:01.329+0000] {processor.py:161} INFO - Started process (PID=3289) to work on /home/airflow/.local/lib/python3.11/site-packages/airflow/example_dags/tutorial_taskflow_api.py
[2024-03-04T16:22:01.331+0000] {processor.py:830} INFO - Processing file /home/airflow/.local/lib/python3.11/site-packages/airflow/example_dags/tutorial_taskflow_api.py for tasks to queue
[2024-03-04T16:22:01.334+0000] {logging_mixin.py:188} INFO - [2024-03-04T16:22:01.334+0000] {dagbag.py:540} INFO - Filling up the DagBag from /home/airflow/.local/lib/python3.11/site-packages/airflow/example_dags/tutorial_taskflow_api.py
[2024-03-04T16:22:01.343+0000] {processor.py:840} INFO - DAG(s) 'tutorial_taskflow_api' retrieved from /home/airflow/.local/lib/python3.11/site-packages/airflow/example_dags/tutorial_taskflow_api.py
[2024-03-04T16:22:01.360+0000] {logging_mixin.py:188} INFO - [2024-03-04T16:22:01.360+0000] {dag.py:3047} INFO - Sync 1 DAGs
[2024-03-04T16:22:01.372+0000] {logging_mixin.py:188} INFO - [2024-03-04T16:22:01.372+0000] {dag.py:3834} INFO - Setting next_dagrun for tutorial_taskflow_api to None, run_after=None
[2024-03-04T16:22:01.383+0000] {processor.py:183} INFO - Processing /home/airflow/.local/lib/python3.11/site-packages/airflow/example_dags/tutorial_taskflow_api.py took 0.060 seconds
[2024-03-04T16:22:31.536+0000] {processor.py:161} INFO - Started process (PID=3344) to work on /home/airflow/.local/lib/python3.11/site-packages/airflow/example_dags/tutorial_taskflow_api.py
[2024-03-04T16:22:31.538+0000] {processor.py:830} INFO - Processing file /home/airflow/.local/lib/python3.11/site-packages/airflow/example_dags/tutorial_taskflow_api.py for tasks to queue
[2024-03-04T16:22:31.541+0000] {logging_mixin.py:188} INFO - [2024-03-04T16:22:31.540+0000] {dagbag.py:540} INFO - Filling up the DagBag from /home/airflow/.local/lib/python3.11/site-packages/airflow/example_dags/tutorial_taskflow_api.py
[2024-03-04T16:22:31.555+0000] {processor.py:840} INFO - DAG(s) 'tutorial_taskflow_api' retrieved from /home/airflow/.local/lib/python3.11/site-packages/airflow/example_dags/tutorial_taskflow_api.py
[2024-03-04T16:22:31.591+0000] {logging_mixin.py:188} INFO - [2024-03-04T16:22:31.591+0000] {dag.py:3047} INFO - Sync 1 DAGs
[2024-03-04T16:22:31.610+0000] {logging_mixin.py:188} INFO - [2024-03-04T16:22:31.609+0000] {dag.py:3834} INFO - Setting next_dagrun for tutorial_taskflow_api to None, run_after=None
[2024-03-04T16:22:31.626+0000] {processor.py:183} INFO - Processing /home/airflow/.local/lib/python3.11/site-packages/airflow/example_dags/tutorial_taskflow_api.py took 0.097 seconds
[2024-03-04T16:23:01.765+0000] {processor.py:161} INFO - Started process (PID=3399) to work on /home/airflow/.local/lib/python3.11/site-packages/airflow/example_dags/tutorial_taskflow_api.py
[2024-03-04T16:23:01.766+0000] {processor.py:830} INFO - Processing file /home/airflow/.local/lib/python3.11/site-packages/airflow/example_dags/tutorial_taskflow_api.py for tasks to queue
[2024-03-04T16:23:01.768+0000] {logging_mixin.py:188} INFO - [2024-03-04T16:23:01.768+0000] {dagbag.py:540} INFO - Filling up the DagBag from /home/airflow/.local/lib/python3.11/site-packages/airflow/example_dags/tutorial_taskflow_api.py
[2024-03-04T16:23:01.776+0000] {processor.py:840} INFO - DAG(s) 'tutorial_taskflow_api' retrieved from /home/airflow/.local/lib/python3.11/site-packages/airflow/example_dags/tutorial_taskflow_api.py
[2024-03-04T16:23:01.790+0000] {logging_mixin.py:188} INFO - [2024-03-04T16:23:01.790+0000] {dag.py:3047} INFO - Sync 1 DAGs
[2024-03-04T16:23:01.797+0000] {logging_mixin.py:188} INFO - [2024-03-04T16:23:01.797+0000] {dag.py:3834} INFO - Setting next_dagrun for tutorial_taskflow_api to None, run_after=None
[2024-03-04T16:23:01.822+0000] {processor.py:183} INFO - Processing /home/airflow/.local/lib/python3.11/site-packages/airflow/example_dags/tutorial_taskflow_api.py took 0.062 seconds
[2024-03-04T16:23:31.969+0000] {processor.py:161} INFO - Started process (PID=3453) to work on /home/airflow/.local/lib/python3.11/site-packages/airflow/example_dags/tutorial_taskflow_api.py
[2024-03-04T16:23:31.971+0000] {processor.py:830} INFO - Processing file /home/airflow/.local/lib/python3.11/site-packages/airflow/example_dags/tutorial_taskflow_api.py for tasks to queue
[2024-03-04T16:23:31.974+0000] {logging_mixin.py:188} INFO - [2024-03-04T16:23:31.974+0000] {dagbag.py:540} INFO - Filling up the DagBag from /home/airflow/.local/lib/python3.11/site-packages/airflow/example_dags/tutorial_taskflow_api.py
[2024-03-04T16:23:31.981+0000] {processor.py:840} INFO - DAG(s) 'tutorial_taskflow_api' retrieved from /home/airflow/.local/lib/python3.11/site-packages/airflow/example_dags/tutorial_taskflow_api.py
[2024-03-04T16:23:31.996+0000] {logging_mixin.py:188} INFO - [2024-03-04T16:23:31.996+0000] {dag.py:3047} INFO - Sync 1 DAGs
[2024-03-04T16:23:32.003+0000] {logging_mixin.py:188} INFO - [2024-03-04T16:23:32.003+0000] {dag.py:3834} INFO - Setting next_dagrun for tutorial_taskflow_api to None, run_after=None
[2024-03-04T16:23:32.013+0000] {processor.py:183} INFO - Processing /home/airflow/.local/lib/python3.11/site-packages/airflow/example_dags/tutorial_taskflow_api.py took 0.049 seconds
[2024-03-04T16:24:02.500+0000] {processor.py:161} INFO - Started process (PID=3508) to work on /home/airflow/.local/lib/python3.11/site-packages/airflow/example_dags/tutorial_taskflow_api.py
[2024-03-04T16:24:02.501+0000] {processor.py:830} INFO - Processing file /home/airflow/.local/lib/python3.11/site-packages/airflow/example_dags/tutorial_taskflow_api.py for tasks to queue
[2024-03-04T16:24:02.503+0000] {logging_mixin.py:188} INFO - [2024-03-04T16:24:02.503+0000] {dagbag.py:540} INFO - Filling up the DagBag from /home/airflow/.local/lib/python3.11/site-packages/airflow/example_dags/tutorial_taskflow_api.py
[2024-03-04T16:24:02.509+0000] {processor.py:840} INFO - DAG(s) 'tutorial_taskflow_api' retrieved from /home/airflow/.local/lib/python3.11/site-packages/airflow/example_dags/tutorial_taskflow_api.py
[2024-03-04T16:24:02.522+0000] {logging_mixin.py:188} INFO - [2024-03-04T16:24:02.522+0000] {dag.py:3047} INFO - Sync 1 DAGs
[2024-03-04T16:24:02.530+0000] {logging_mixin.py:188} INFO - [2024-03-04T16:24:02.530+0000] {dag.py:3834} INFO - Setting next_dagrun for tutorial_taskflow_api to None, run_after=None
[2024-03-04T16:24:02.541+0000] {processor.py:183} INFO - Processing /home/airflow/.local/lib/python3.11/site-packages/airflow/example_dags/tutorial_taskflow_api.py took 0.046 seconds
[2024-03-04T16:24:32.704+0000] {processor.py:161} INFO - Started process (PID=3563) to work on /home/airflow/.local/lib/python3.11/site-packages/airflow/example_dags/tutorial_taskflow_api.py
[2024-03-04T16:24:32.707+0000] {processor.py:830} INFO - Processing file /home/airflow/.local/lib/python3.11/site-packages/airflow/example_dags/tutorial_taskflow_api.py for tasks to queue
[2024-03-04T16:24:32.711+0000] {logging_mixin.py:188} INFO - [2024-03-04T16:24:32.710+0000] {dagbag.py:540} INFO - Filling up the DagBag from /home/airflow/.local/lib/python3.11/site-packages/airflow/example_dags/tutorial_taskflow_api.py
[2024-03-04T16:24:32.721+0000] {processor.py:840} INFO - DAG(s) 'tutorial_taskflow_api' retrieved from /home/airflow/.local/lib/python3.11/site-packages/airflow/example_dags/tutorial_taskflow_api.py
[2024-03-04T16:24:32.750+0000] {logging_mixin.py:188} INFO - [2024-03-04T16:24:32.750+0000] {dag.py:3047} INFO - Sync 1 DAGs
[2024-03-04T16:24:32.761+0000] {logging_mixin.py:188} INFO - [2024-03-04T16:24:32.760+0000] {dag.py:3834} INFO - Setting next_dagrun for tutorial_taskflow_api to None, run_after=None
[2024-03-04T16:24:32.772+0000] {processor.py:183} INFO - Processing /home/airflow/.local/lib/python3.11/site-packages/airflow/example_dags/tutorial_taskflow_api.py took 0.082 seconds
[2024-03-04T16:25:03.017+0000] {processor.py:161} INFO - Started process (PID=3618) to work on /home/airflow/.local/lib/python3.11/site-packages/airflow/example_dags/tutorial_taskflow_api.py
[2024-03-04T16:25:03.026+0000] {processor.py:830} INFO - Processing file /home/airflow/.local/lib/python3.11/site-packages/airflow/example_dags/tutorial_taskflow_api.py for tasks to queue
[2024-03-04T16:25:03.033+0000] {logging_mixin.py:188} INFO - [2024-03-04T16:25:03.033+0000] {dagbag.py:540} INFO - Filling up the DagBag from /home/airflow/.local/lib/python3.11/site-packages/airflow/example_dags/tutorial_taskflow_api.py
[2024-03-04T16:25:03.044+0000] {processor.py:840} INFO - DAG(s) 'tutorial_taskflow_api' retrieved from /home/airflow/.local/lib/python3.11/site-packages/airflow/example_dags/tutorial_taskflow_api.py
[2024-03-04T16:25:03.064+0000] {logging_mixin.py:188} INFO - [2024-03-04T16:25:03.064+0000] {dag.py:3047} INFO - Sync 1 DAGs
[2024-03-04T16:25:03.072+0000] {logging_mixin.py:188} INFO - [2024-03-04T16:25:03.072+0000] {dag.py:3834} INFO - Setting next_dagrun for tutorial_taskflow_api to None, run_after=None
[2024-03-04T16:25:03.082+0000] {processor.py:183} INFO - Processing /home/airflow/.local/lib/python3.11/site-packages/airflow/example_dags/tutorial_taskflow_api.py took 0.079 seconds
[2024-03-04T16:25:33.371+0000] {processor.py:161} INFO - Started process (PID=3673) to work on /home/airflow/.local/lib/python3.11/site-packages/airflow/example_dags/tutorial_taskflow_api.py
[2024-03-04T16:25:33.374+0000] {processor.py:830} INFO - Processing file /home/airflow/.local/lib/python3.11/site-packages/airflow/example_dags/tutorial_taskflow_api.py for tasks to queue
[2024-03-04T16:25:33.376+0000] {logging_mixin.py:188} INFO - [2024-03-04T16:25:33.376+0000] {dagbag.py:540} INFO - Filling up the DagBag from /home/airflow/.local/lib/python3.11/site-packages/airflow/example_dags/tutorial_taskflow_api.py
[2024-03-04T16:25:33.399+0000] {processor.py:840} INFO - DAG(s) 'tutorial_taskflow_api' retrieved from /home/airflow/.local/lib/python3.11/site-packages/airflow/example_dags/tutorial_taskflow_api.py
[2024-03-04T16:25:33.425+0000] {logging_mixin.py:188} INFO - [2024-03-04T16:25:33.425+0000] {dag.py:3047} INFO - Sync 1 DAGs
[2024-03-04T16:25:33.437+0000] {logging_mixin.py:188} INFO - [2024-03-04T16:25:33.437+0000] {dag.py:3834} INFO - Setting next_dagrun for tutorial_taskflow_api to None, run_after=None
[2024-03-04T16:25:33.472+0000] {processor.py:183} INFO - Processing /home/airflow/.local/lib/python3.11/site-packages/airflow/example_dags/tutorial_taskflow_api.py took 0.108 seconds
[2024-03-04T16:26:04.014+0000] {processor.py:161} INFO - Started process (PID=3728) to work on /home/airflow/.local/lib/python3.11/site-packages/airflow/example_dags/tutorial_taskflow_api.py
[2024-03-04T16:26:04.016+0000] {processor.py:830} INFO - Processing file /home/airflow/.local/lib/python3.11/site-packages/airflow/example_dags/tutorial_taskflow_api.py for tasks to queue
[2024-03-04T16:26:04.019+0000] {logging_mixin.py:188} INFO - [2024-03-04T16:26:04.019+0000] {dagbag.py:540} INFO - Filling up the DagBag from /home/airflow/.local/lib/python3.11/site-packages/airflow/example_dags/tutorial_taskflow_api.py
[2024-03-04T16:26:04.037+0000] {processor.py:840} INFO - DAG(s) 'tutorial_taskflow_api' retrieved from /home/airflow/.local/lib/python3.11/site-packages/airflow/example_dags/tutorial_taskflow_api.py
[2024-03-04T16:26:04.072+0000] {logging_mixin.py:188} INFO - [2024-03-04T16:26:04.072+0000] {dag.py:3047} INFO - Sync 1 DAGs
[2024-03-04T16:26:04.083+0000] {logging_mixin.py:188} INFO - [2024-03-04T16:26:04.083+0000] {dag.py:3834} INFO - Setting next_dagrun for tutorial_taskflow_api to None, run_after=None
[2024-03-04T16:26:04.105+0000] {processor.py:183} INFO - Processing /home/airflow/.local/lib/python3.11/site-packages/airflow/example_dags/tutorial_taskflow_api.py took 0.107 seconds
[2024-03-04T16:26:34.278+0000] {processor.py:161} INFO - Started process (PID=3783) to work on /home/airflow/.local/lib/python3.11/site-packages/airflow/example_dags/tutorial_taskflow_api.py
[2024-03-04T16:26:34.282+0000] {processor.py:830} INFO - Processing file /home/airflow/.local/lib/python3.11/site-packages/airflow/example_dags/tutorial_taskflow_api.py for tasks to queue
[2024-03-04T16:26:34.285+0000] {logging_mixin.py:188} INFO - [2024-03-04T16:26:34.284+0000] {dagbag.py:540} INFO - Filling up the DagBag from /home/airflow/.local/lib/python3.11/site-packages/airflow/example_dags/tutorial_taskflow_api.py
[2024-03-04T16:26:34.295+0000] {processor.py:840} INFO - DAG(s) 'tutorial_taskflow_api' retrieved from /home/airflow/.local/lib/python3.11/site-packages/airflow/example_dags/tutorial_taskflow_api.py
[2024-03-04T16:26:34.323+0000] {logging_mixin.py:188} INFO - [2024-03-04T16:26:34.323+0000] {dag.py:3047} INFO - Sync 1 DAGs
[2024-03-04T16:26:34.332+0000] {logging_mixin.py:188} INFO - [2024-03-04T16:26:34.332+0000] {dag.py:3834} INFO - Setting next_dagrun for tutorial_taskflow_api to None, run_after=None
[2024-03-04T16:26:34.342+0000] {processor.py:183} INFO - Processing /home/airflow/.local/lib/python3.11/site-packages/airflow/example_dags/tutorial_taskflow_api.py took 0.075 seconds
[2024-03-04T16:27:05.251+0000] {processor.py:161} INFO - Started process (PID=3838) to work on /home/airflow/.local/lib/python3.11/site-packages/airflow/example_dags/tutorial_taskflow_api.py
[2024-03-04T16:27:05.253+0000] {processor.py:830} INFO - Processing file /home/airflow/.local/lib/python3.11/site-packages/airflow/example_dags/tutorial_taskflow_api.py for tasks to queue
[2024-03-04T16:27:05.255+0000] {logging_mixin.py:188} INFO - [2024-03-04T16:27:05.255+0000] {dagbag.py:540} INFO - Filling up the DagBag from /home/airflow/.local/lib/python3.11/site-packages/airflow/example_dags/tutorial_taskflow_api.py
[2024-03-04T16:27:05.262+0000] {processor.py:840} INFO - DAG(s) 'tutorial_taskflow_api' retrieved from /home/airflow/.local/lib/python3.11/site-packages/airflow/example_dags/tutorial_taskflow_api.py
[2024-03-04T16:27:05.275+0000] {logging_mixin.py:188} INFO - [2024-03-04T16:27:05.275+0000] {dag.py:3047} INFO - Sync 1 DAGs
[2024-03-04T16:27:05.283+0000] {logging_mixin.py:188} INFO - [2024-03-04T16:27:05.283+0000] {dag.py:3834} INFO - Setting next_dagrun for tutorial_taskflow_api to None, run_after=None
[2024-03-04T16:27:05.292+0000] {processor.py:183} INFO - Processing /home/airflow/.local/lib/python3.11/site-packages/airflow/example_dags/tutorial_taskflow_api.py took 0.046 seconds
[2024-03-04T16:27:35.378+0000] {processor.py:161} INFO - Started process (PID=3893) to work on /home/airflow/.local/lib/python3.11/site-packages/airflow/example_dags/tutorial_taskflow_api.py
[2024-03-04T16:27:35.380+0000] {processor.py:830} INFO - Processing file /home/airflow/.local/lib/python3.11/site-packages/airflow/example_dags/tutorial_taskflow_api.py for tasks to queue
[2024-03-04T16:27:35.382+0000] {logging_mixin.py:188} INFO - [2024-03-04T16:27:35.382+0000] {dagbag.py:540} INFO - Filling up the DagBag from /home/airflow/.local/lib/python3.11/site-packages/airflow/example_dags/tutorial_taskflow_api.py
[2024-03-04T16:27:35.390+0000] {processor.py:840} INFO - DAG(s) 'tutorial_taskflow_api' retrieved from /home/airflow/.local/lib/python3.11/site-packages/airflow/example_dags/tutorial_taskflow_api.py
[2024-03-04T16:27:35.407+0000] {logging_mixin.py:188} INFO - [2024-03-04T16:27:35.406+0000] {dag.py:3047} INFO - Sync 1 DAGs
[2024-03-04T16:27:35.417+0000] {logging_mixin.py:188} INFO - [2024-03-04T16:27:35.417+0000] {dag.py:3834} INFO - Setting next_dagrun for tutorial_taskflow_api to None, run_after=None
[2024-03-04T16:27:35.428+0000] {processor.py:183} INFO - Processing /home/airflow/.local/lib/python3.11/site-packages/airflow/example_dags/tutorial_taskflow_api.py took 0.054 seconds
[2024-03-04T16:28:05.655+0000] {processor.py:161} INFO - Started process (PID=3948) to work on /home/airflow/.local/lib/python3.11/site-packages/airflow/example_dags/tutorial_taskflow_api.py
[2024-03-04T16:28:05.657+0000] {processor.py:830} INFO - Processing file /home/airflow/.local/lib/python3.11/site-packages/airflow/example_dags/tutorial_taskflow_api.py for tasks to queue
[2024-03-04T16:28:05.660+0000] {logging_mixin.py:188} INFO - [2024-03-04T16:28:05.659+0000] {dagbag.py:540} INFO - Filling up the DagBag from /home/airflow/.local/lib/python3.11/site-packages/airflow/example_dags/tutorial_taskflow_api.py
[2024-03-04T16:28:05.668+0000] {processor.py:840} INFO - DAG(s) 'tutorial_taskflow_api' retrieved from /home/airflow/.local/lib/python3.11/site-packages/airflow/example_dags/tutorial_taskflow_api.py
[2024-03-04T16:28:05.685+0000] {logging_mixin.py:188} INFO - [2024-03-04T16:28:05.685+0000] {dag.py:3047} INFO - Sync 1 DAGs
[2024-03-04T16:28:05.695+0000] {logging_mixin.py:188} INFO - [2024-03-04T16:28:05.694+0000] {dag.py:3834} INFO - Setting next_dagrun for tutorial_taskflow_api to None, run_after=None
[2024-03-04T16:28:05.705+0000] {processor.py:183} INFO - Processing /home/airflow/.local/lib/python3.11/site-packages/airflow/example_dags/tutorial_taskflow_api.py took 0.055 seconds
