[2024-03-04T15:51:55.446+0000] {processor.py:161} INFO - Started process (PID=46) to work on /home/airflow/.local/lib/python3.11/site-packages/airflow/example_dags/tutorial.py
[2024-03-04T15:51:55.448+0000] {processor.py:830} INFO - Processing file /home/airflow/.local/lib/python3.11/site-packages/airflow/example_dags/tutorial.py for tasks to queue
[2024-03-04T15:51:55.452+0000] {logging_mixin.py:188} INFO - [2024-03-04T15:51:55.451+0000] {dagbag.py:540} INFO - Filling up the DagBag from /home/airflow/.local/lib/python3.11/site-packages/airflow/example_dags/tutorial.py
[2024-03-04T15:51:55.492+0000] {processor.py:840} INFO - DAG(s) 'tutorial' retrieved from /home/airflow/.local/lib/python3.11/site-packages/airflow/example_dags/tutorial.py
[2024-03-04T15:51:55.644+0000] {logging_mixin.py:188} INFO - [2024-03-04T15:51:55.644+0000] {override.py:1769} INFO - Created Permission View: can read on DAG:tutorial
[2024-03-04T15:51:55.657+0000] {logging_mixin.py:188} INFO - [2024-03-04T15:51:55.656+0000] {override.py:1769} INFO - Created Permission View: can delete on DAG:tutorial
[2024-03-04T15:51:55.668+0000] {logging_mixin.py:188} INFO - [2024-03-04T15:51:55.668+0000] {override.py:1769} INFO - Created Permission View: can edit on DAG:tutorial
[2024-03-04T15:51:55.669+0000] {logging_mixin.py:188} INFO - [2024-03-04T15:51:55.669+0000] {dag.py:3047} INFO - Sync 1 DAGs
[2024-03-04T15:51:55.694+0000] {logging_mixin.py:188} INFO - [2024-03-04T15:51:55.693+0000] {dag.py:3069} INFO - Creating ORM DAG for tutorial
[2024-03-04T15:51:55.705+0000] {logging_mixin.py:188} INFO - [2024-03-04T15:51:55.705+0000] {dag.py:3834} INFO - Setting next_dagrun for tutorial to 2024-03-03 00:00:00+00:00, run_after=2024-03-04 00:00:00+00:00
[2024-03-04T15:51:55.723+0000] {processor.py:183} INFO - Processing /home/airflow/.local/lib/python3.11/site-packages/airflow/example_dags/tutorial.py took 0.284 seconds
[2024-03-04T15:52:26.744+0000] {processor.py:161} INFO - Started process (PID=101) to work on /home/airflow/.local/lib/python3.11/site-packages/airflow/example_dags/tutorial.py
[2024-03-04T15:52:26.746+0000] {processor.py:830} INFO - Processing file /home/airflow/.local/lib/python3.11/site-packages/airflow/example_dags/tutorial.py for tasks to queue
[2024-03-04T15:52:26.748+0000] {logging_mixin.py:188} INFO - [2024-03-04T15:52:26.748+0000] {dagbag.py:540} INFO - Filling up the DagBag from /home/airflow/.local/lib/python3.11/site-packages/airflow/example_dags/tutorial.py
[2024-03-04T15:52:26.754+0000] {processor.py:840} INFO - DAG(s) 'tutorial' retrieved from /home/airflow/.local/lib/python3.11/site-packages/airflow/example_dags/tutorial.py
[2024-03-04T15:52:26.772+0000] {logging_mixin.py:188} INFO - [2024-03-04T15:52:26.772+0000] {dag.py:3047} INFO - Sync 1 DAGs
[2024-03-04T15:52:26.787+0000] {logging_mixin.py:188} INFO - [2024-03-04T15:52:26.787+0000] {dag.py:3834} INFO - Setting next_dagrun for tutorial to 2024-03-03 00:00:00+00:00, run_after=2024-03-04 00:00:00+00:00
[2024-03-04T15:52:26.796+0000] {processor.py:183} INFO - Processing /home/airflow/.local/lib/python3.11/site-packages/airflow/example_dags/tutorial.py took 0.057 seconds
[2024-03-04T15:52:57.627+0000] {processor.py:161} INFO - Started process (PID=156) to work on /home/airflow/.local/lib/python3.11/site-packages/airflow/example_dags/tutorial.py
[2024-03-04T15:52:57.628+0000] {processor.py:830} INFO - Processing file /home/airflow/.local/lib/python3.11/site-packages/airflow/example_dags/tutorial.py for tasks to queue
[2024-03-04T15:52:57.631+0000] {logging_mixin.py:188} INFO - [2024-03-04T15:52:57.630+0000] {dagbag.py:540} INFO - Filling up the DagBag from /home/airflow/.local/lib/python3.11/site-packages/airflow/example_dags/tutorial.py
[2024-03-04T15:52:57.637+0000] {processor.py:840} INFO - DAG(s) 'tutorial' retrieved from /home/airflow/.local/lib/python3.11/site-packages/airflow/example_dags/tutorial.py
[2024-03-04T15:52:57.657+0000] {logging_mixin.py:188} INFO - [2024-03-04T15:52:57.657+0000] {dag.py:3047} INFO - Sync 1 DAGs
[2024-03-04T15:52:57.670+0000] {logging_mixin.py:188} INFO - [2024-03-04T15:52:57.670+0000] {dag.py:3834} INFO - Setting next_dagrun for tutorial to 2024-03-03 00:00:00+00:00, run_after=2024-03-04 00:00:00+00:00
[2024-03-04T15:52:57.678+0000] {processor.py:183} INFO - Processing /home/airflow/.local/lib/python3.11/site-packages/airflow/example_dags/tutorial.py took 0.056 seconds
[2024-03-04T15:53:28.022+0000] {processor.py:161} INFO - Started process (PID=211) to work on /home/airflow/.local/lib/python3.11/site-packages/airflow/example_dags/tutorial.py
[2024-03-04T15:53:28.024+0000] {processor.py:830} INFO - Processing file /home/airflow/.local/lib/python3.11/site-packages/airflow/example_dags/tutorial.py for tasks to queue
[2024-03-04T15:53:28.026+0000] {logging_mixin.py:188} INFO - [2024-03-04T15:53:28.026+0000] {dagbag.py:540} INFO - Filling up the DagBag from /home/airflow/.local/lib/python3.11/site-packages/airflow/example_dags/tutorial.py
[2024-03-04T15:53:28.033+0000] {processor.py:840} INFO - DAG(s) 'tutorial' retrieved from /home/airflow/.local/lib/python3.11/site-packages/airflow/example_dags/tutorial.py
[2024-03-04T15:53:28.048+0000] {logging_mixin.py:188} INFO - [2024-03-04T15:53:28.047+0000] {dag.py:3047} INFO - Sync 1 DAGs
[2024-03-04T15:53:28.060+0000] {logging_mixin.py:188} INFO - [2024-03-04T15:53:28.060+0000] {dag.py:3834} INFO - Setting next_dagrun for tutorial to 2024-03-03 00:00:00+00:00, run_after=2024-03-04 00:00:00+00:00
[2024-03-04T15:53:28.070+0000] {processor.py:183} INFO - Processing /home/airflow/.local/lib/python3.11/site-packages/airflow/example_dags/tutorial.py took 0.053 seconds
[2024-03-04T15:53:58.981+0000] {processor.py:161} INFO - Started process (PID=266) to work on /home/airflow/.local/lib/python3.11/site-packages/airflow/example_dags/tutorial.py
[2024-03-04T15:53:58.985+0000] {processor.py:830} INFO - Processing file /home/airflow/.local/lib/python3.11/site-packages/airflow/example_dags/tutorial.py for tasks to queue
[2024-03-04T15:53:58.991+0000] {logging_mixin.py:188} INFO - [2024-03-04T15:53:58.990+0000] {dagbag.py:540} INFO - Filling up the DagBag from /home/airflow/.local/lib/python3.11/site-packages/airflow/example_dags/tutorial.py
[2024-03-04T15:53:58.996+0000] {processor.py:840} INFO - DAG(s) 'tutorial' retrieved from /home/airflow/.local/lib/python3.11/site-packages/airflow/example_dags/tutorial.py
[2024-03-04T15:53:59.012+0000] {logging_mixin.py:188} INFO - [2024-03-04T15:53:59.012+0000] {dag.py:3047} INFO - Sync 1 DAGs
[2024-03-04T15:53:59.026+0000] {logging_mixin.py:188} INFO - [2024-03-04T15:53:59.025+0000] {dag.py:3834} INFO - Setting next_dagrun for tutorial to 2024-03-03 00:00:00+00:00, run_after=2024-03-04 00:00:00+00:00
[2024-03-04T15:53:59.035+0000] {processor.py:183} INFO - Processing /home/airflow/.local/lib/python3.11/site-packages/airflow/example_dags/tutorial.py took 0.060 seconds
[2024-03-04T15:54:29.759+0000] {processor.py:161} INFO - Started process (PID=321) to work on /home/airflow/.local/lib/python3.11/site-packages/airflow/example_dags/tutorial.py
[2024-03-04T15:54:29.761+0000] {processor.py:830} INFO - Processing file /home/airflow/.local/lib/python3.11/site-packages/airflow/example_dags/tutorial.py for tasks to queue
[2024-03-04T15:54:29.763+0000] {logging_mixin.py:188} INFO - [2024-03-04T15:54:29.763+0000] {dagbag.py:540} INFO - Filling up the DagBag from /home/airflow/.local/lib/python3.11/site-packages/airflow/example_dags/tutorial.py
[2024-03-04T15:54:29.768+0000] {processor.py:840} INFO - DAG(s) 'tutorial' retrieved from /home/airflow/.local/lib/python3.11/site-packages/airflow/example_dags/tutorial.py
[2024-03-04T15:54:29.780+0000] {logging_mixin.py:188} INFO - [2024-03-04T15:54:29.780+0000] {dag.py:3047} INFO - Sync 1 DAGs
[2024-03-04T15:54:29.790+0000] {logging_mixin.py:188} INFO - [2024-03-04T15:54:29.790+0000] {dag.py:3834} INFO - Setting next_dagrun for tutorial to 2024-03-03 00:00:00+00:00, run_after=2024-03-04 00:00:00+00:00
[2024-03-04T15:54:29.798+0000] {processor.py:183} INFO - Processing /home/airflow/.local/lib/python3.11/site-packages/airflow/example_dags/tutorial.py took 0.042 seconds
[2024-03-04T15:55:00.391+0000] {processor.py:161} INFO - Started process (PID=376) to work on /home/airflow/.local/lib/python3.11/site-packages/airflow/example_dags/tutorial.py
[2024-03-04T15:55:00.393+0000] {processor.py:830} INFO - Processing file /home/airflow/.local/lib/python3.11/site-packages/airflow/example_dags/tutorial.py for tasks to queue
[2024-03-04T15:55:00.397+0000] {logging_mixin.py:188} INFO - [2024-03-04T15:55:00.397+0000] {dagbag.py:540} INFO - Filling up the DagBag from /home/airflow/.local/lib/python3.11/site-packages/airflow/example_dags/tutorial.py
[2024-03-04T15:55:00.406+0000] {processor.py:840} INFO - DAG(s) 'tutorial' retrieved from /home/airflow/.local/lib/python3.11/site-packages/airflow/example_dags/tutorial.py
[2024-03-04T15:55:00.425+0000] {logging_mixin.py:188} INFO - [2024-03-04T15:55:00.424+0000] {dag.py:3047} INFO - Sync 1 DAGs
[2024-03-04T15:55:00.436+0000] {logging_mixin.py:188} INFO - [2024-03-04T15:55:00.436+0000] {dag.py:3834} INFO - Setting next_dagrun for tutorial to 2024-03-03 00:00:00+00:00, run_after=2024-03-04 00:00:00+00:00
[2024-03-04T15:55:00.443+0000] {processor.py:183} INFO - Processing /home/airflow/.local/lib/python3.11/site-packages/airflow/example_dags/tutorial.py took 0.059 seconds
[2024-03-04T15:55:31.151+0000] {processor.py:161} INFO - Started process (PID=431) to work on /home/airflow/.local/lib/python3.11/site-packages/airflow/example_dags/tutorial.py
[2024-03-04T15:55:31.154+0000] {processor.py:830} INFO - Processing file /home/airflow/.local/lib/python3.11/site-packages/airflow/example_dags/tutorial.py for tasks to queue
[2024-03-04T15:55:31.160+0000] {logging_mixin.py:188} INFO - [2024-03-04T15:55:31.159+0000] {dagbag.py:540} INFO - Filling up the DagBag from /home/airflow/.local/lib/python3.11/site-packages/airflow/example_dags/tutorial.py
[2024-03-04T15:55:31.171+0000] {processor.py:840} INFO - DAG(s) 'tutorial' retrieved from /home/airflow/.local/lib/python3.11/site-packages/airflow/example_dags/tutorial.py
[2024-03-04T15:55:31.189+0000] {logging_mixin.py:188} INFO - [2024-03-04T15:55:31.189+0000] {dag.py:3047} INFO - Sync 1 DAGs
[2024-03-04T15:55:31.199+0000] {logging_mixin.py:188} INFO - [2024-03-04T15:55:31.199+0000] {dag.py:3834} INFO - Setting next_dagrun for tutorial to 2024-03-03 00:00:00+00:00, run_after=2024-03-04 00:00:00+00:00
[2024-03-04T15:55:31.207+0000] {processor.py:183} INFO - Processing /home/airflow/.local/lib/python3.11/site-packages/airflow/example_dags/tutorial.py took 0.063 seconds
[2024-03-04T15:56:01.970+0000] {processor.py:161} INFO - Started process (PID=486) to work on /home/airflow/.local/lib/python3.11/site-packages/airflow/example_dags/tutorial.py
[2024-03-04T15:56:01.972+0000] {processor.py:830} INFO - Processing file /home/airflow/.local/lib/python3.11/site-packages/airflow/example_dags/tutorial.py for tasks to queue
[2024-03-04T15:56:01.974+0000] {logging_mixin.py:188} INFO - [2024-03-04T15:56:01.973+0000] {dagbag.py:540} INFO - Filling up the DagBag from /home/airflow/.local/lib/python3.11/site-packages/airflow/example_dags/tutorial.py
[2024-03-04T15:56:01.981+0000] {processor.py:840} INFO - DAG(s) 'tutorial' retrieved from /home/airflow/.local/lib/python3.11/site-packages/airflow/example_dags/tutorial.py
[2024-03-04T15:56:01.995+0000] {logging_mixin.py:188} INFO - [2024-03-04T15:56:01.995+0000] {dag.py:3047} INFO - Sync 1 DAGs
[2024-03-04T15:56:02.006+0000] {logging_mixin.py:188} INFO - [2024-03-04T15:56:02.006+0000] {dag.py:3834} INFO - Setting next_dagrun for tutorial to 2024-03-03 00:00:00+00:00, run_after=2024-03-04 00:00:00+00:00
[2024-03-04T15:56:02.015+0000] {processor.py:183} INFO - Processing /home/airflow/.local/lib/python3.11/site-packages/airflow/example_dags/tutorial.py took 0.050 seconds
[2024-03-04T15:56:32.660+0000] {processor.py:161} INFO - Started process (PID=541) to work on /home/airflow/.local/lib/python3.11/site-packages/airflow/example_dags/tutorial.py
[2024-03-04T15:56:32.662+0000] {processor.py:830} INFO - Processing file /home/airflow/.local/lib/python3.11/site-packages/airflow/example_dags/tutorial.py for tasks to queue
[2024-03-04T15:56:32.665+0000] {logging_mixin.py:188} INFO - [2024-03-04T15:56:32.664+0000] {dagbag.py:540} INFO - Filling up the DagBag from /home/airflow/.local/lib/python3.11/site-packages/airflow/example_dags/tutorial.py
[2024-03-04T15:56:32.670+0000] {processor.py:840} INFO - DAG(s) 'tutorial' retrieved from /home/airflow/.local/lib/python3.11/site-packages/airflow/example_dags/tutorial.py
[2024-03-04T15:56:32.684+0000] {logging_mixin.py:188} INFO - [2024-03-04T15:56:32.684+0000] {dag.py:3047} INFO - Sync 1 DAGs
[2024-03-04T15:56:32.696+0000] {logging_mixin.py:188} INFO - [2024-03-04T15:56:32.696+0000] {dag.py:3834} INFO - Setting next_dagrun for tutorial to 2024-03-03 00:00:00+00:00, run_after=2024-03-04 00:00:00+00:00
[2024-03-04T15:56:32.704+0000] {processor.py:183} INFO - Processing /home/airflow/.local/lib/python3.11/site-packages/airflow/example_dags/tutorial.py took 0.049 seconds
[2024-03-04T15:57:03.409+0000] {processor.py:161} INFO - Started process (PID=596) to work on /home/airflow/.local/lib/python3.11/site-packages/airflow/example_dags/tutorial.py
[2024-03-04T15:57:03.412+0000] {processor.py:830} INFO - Processing file /home/airflow/.local/lib/python3.11/site-packages/airflow/example_dags/tutorial.py for tasks to queue
[2024-03-04T15:57:03.414+0000] {logging_mixin.py:188} INFO - [2024-03-04T15:57:03.414+0000] {dagbag.py:540} INFO - Filling up the DagBag from /home/airflow/.local/lib/python3.11/site-packages/airflow/example_dags/tutorial.py
[2024-03-04T15:57:03.421+0000] {processor.py:840} INFO - DAG(s) 'tutorial' retrieved from /home/airflow/.local/lib/python3.11/site-packages/airflow/example_dags/tutorial.py
[2024-03-04T15:57:03.435+0000] {logging_mixin.py:188} INFO - [2024-03-04T15:57:03.435+0000] {dag.py:3047} INFO - Sync 1 DAGs
[2024-03-04T15:57:03.447+0000] {logging_mixin.py:188} INFO - [2024-03-04T15:57:03.447+0000] {dag.py:3834} INFO - Setting next_dagrun for tutorial to 2024-03-03 00:00:00+00:00, run_after=2024-03-04 00:00:00+00:00
[2024-03-04T15:57:03.455+0000] {processor.py:183} INFO - Processing /home/airflow/.local/lib/python3.11/site-packages/airflow/example_dags/tutorial.py took 0.051 seconds
[2024-03-04T15:57:34.070+0000] {processor.py:161} INFO - Started process (PID=651) to work on /home/airflow/.local/lib/python3.11/site-packages/airflow/example_dags/tutorial.py
[2024-03-04T15:57:34.071+0000] {processor.py:830} INFO - Processing file /home/airflow/.local/lib/python3.11/site-packages/airflow/example_dags/tutorial.py for tasks to queue
[2024-03-04T15:57:34.073+0000] {logging_mixin.py:188} INFO - [2024-03-04T15:57:34.073+0000] {dagbag.py:540} INFO - Filling up the DagBag from /home/airflow/.local/lib/python3.11/site-packages/airflow/example_dags/tutorial.py
[2024-03-04T15:57:34.078+0000] {processor.py:840} INFO - DAG(s) 'tutorial' retrieved from /home/airflow/.local/lib/python3.11/site-packages/airflow/example_dags/tutorial.py
[2024-03-04T15:57:34.093+0000] {logging_mixin.py:188} INFO - [2024-03-04T15:57:34.093+0000] {dag.py:3047} INFO - Sync 1 DAGs
[2024-03-04T15:57:34.105+0000] {logging_mixin.py:188} INFO - [2024-03-04T15:57:34.105+0000] {dag.py:3834} INFO - Setting next_dagrun for tutorial to 2024-03-03 00:00:00+00:00, run_after=2024-03-04 00:00:00+00:00
[2024-03-04T15:57:34.114+0000] {processor.py:183} INFO - Processing /home/airflow/.local/lib/python3.11/site-packages/airflow/example_dags/tutorial.py took 0.047 seconds
[2024-03-04T15:58:04.826+0000] {processor.py:161} INFO - Started process (PID=706) to work on /home/airflow/.local/lib/python3.11/site-packages/airflow/example_dags/tutorial.py
[2024-03-04T15:58:04.828+0000] {processor.py:830} INFO - Processing file /home/airflow/.local/lib/python3.11/site-packages/airflow/example_dags/tutorial.py for tasks to queue
[2024-03-04T15:58:04.831+0000] {logging_mixin.py:188} INFO - [2024-03-04T15:58:04.831+0000] {dagbag.py:540} INFO - Filling up the DagBag from /home/airflow/.local/lib/python3.11/site-packages/airflow/example_dags/tutorial.py
[2024-03-04T15:58:04.837+0000] {processor.py:840} INFO - DAG(s) 'tutorial' retrieved from /home/airflow/.local/lib/python3.11/site-packages/airflow/example_dags/tutorial.py
[2024-03-04T15:58:04.851+0000] {logging_mixin.py:188} INFO - [2024-03-04T15:58:04.850+0000] {dag.py:3047} INFO - Sync 1 DAGs
[2024-03-04T15:58:04.862+0000] {logging_mixin.py:188} INFO - [2024-03-04T15:58:04.862+0000] {dag.py:3834} INFO - Setting next_dagrun for tutorial to 2024-03-03 00:00:00+00:00, run_after=2024-03-04 00:00:00+00:00
[2024-03-04T15:58:04.871+0000] {processor.py:183} INFO - Processing /home/airflow/.local/lib/python3.11/site-packages/airflow/example_dags/tutorial.py took 0.048 seconds
[2024-03-04T15:58:35.518+0000] {processor.py:161} INFO - Started process (PID=761) to work on /home/airflow/.local/lib/python3.11/site-packages/airflow/example_dags/tutorial.py
[2024-03-04T15:58:35.521+0000] {processor.py:830} INFO - Processing file /home/airflow/.local/lib/python3.11/site-packages/airflow/example_dags/tutorial.py for tasks to queue
[2024-03-04T15:58:35.527+0000] {logging_mixin.py:188} INFO - [2024-03-04T15:58:35.526+0000] {dagbag.py:540} INFO - Filling up the DagBag from /home/airflow/.local/lib/python3.11/site-packages/airflow/example_dags/tutorial.py
[2024-03-04T15:58:35.535+0000] {processor.py:840} INFO - DAG(s) 'tutorial' retrieved from /home/airflow/.local/lib/python3.11/site-packages/airflow/example_dags/tutorial.py
[2024-03-04T15:58:35.566+0000] {logging_mixin.py:188} INFO - [2024-03-04T15:58:35.566+0000] {dag.py:3047} INFO - Sync 1 DAGs
[2024-03-04T15:58:35.589+0000] {logging_mixin.py:188} INFO - [2024-03-04T15:58:35.589+0000] {dag.py:3834} INFO - Setting next_dagrun for tutorial to 2024-03-03 00:00:00+00:00, run_after=2024-03-04 00:00:00+00:00
[2024-03-04T15:58:35.599+0000] {processor.py:183} INFO - Processing /home/airflow/.local/lib/python3.11/site-packages/airflow/example_dags/tutorial.py took 0.088 seconds
[2024-03-04T15:59:06.265+0000] {processor.py:161} INFO - Started process (PID=816) to work on /home/airflow/.local/lib/python3.11/site-packages/airflow/example_dags/tutorial.py
[2024-03-04T15:59:06.267+0000] {processor.py:830} INFO - Processing file /home/airflow/.local/lib/python3.11/site-packages/airflow/example_dags/tutorial.py for tasks to queue
[2024-03-04T15:59:06.270+0000] {logging_mixin.py:188} INFO - [2024-03-04T15:59:06.269+0000] {dagbag.py:540} INFO - Filling up the DagBag from /home/airflow/.local/lib/python3.11/site-packages/airflow/example_dags/tutorial.py
[2024-03-04T15:59:06.277+0000] {processor.py:840} INFO - DAG(s) 'tutorial' retrieved from /home/airflow/.local/lib/python3.11/site-packages/airflow/example_dags/tutorial.py
[2024-03-04T15:59:06.292+0000] {logging_mixin.py:188} INFO - [2024-03-04T15:59:06.292+0000] {dag.py:3047} INFO - Sync 1 DAGs
[2024-03-04T15:59:06.303+0000] {logging_mixin.py:188} INFO - [2024-03-04T15:59:06.303+0000] {dag.py:3834} INFO - Setting next_dagrun for tutorial to 2024-03-03 00:00:00+00:00, run_after=2024-03-04 00:00:00+00:00
[2024-03-04T15:59:06.311+0000] {processor.py:183} INFO - Processing /home/airflow/.local/lib/python3.11/site-packages/airflow/example_dags/tutorial.py took 0.049 seconds
[2024-03-04T15:59:36.772+0000] {processor.py:161} INFO - Started process (PID=871) to work on /home/airflow/.local/lib/python3.11/site-packages/airflow/example_dags/tutorial.py
[2024-03-04T15:59:36.774+0000] {processor.py:830} INFO - Processing file /home/airflow/.local/lib/python3.11/site-packages/airflow/example_dags/tutorial.py for tasks to queue
[2024-03-04T15:59:36.779+0000] {logging_mixin.py:188} INFO - [2024-03-04T15:59:36.779+0000] {dagbag.py:540} INFO - Filling up the DagBag from /home/airflow/.local/lib/python3.11/site-packages/airflow/example_dags/tutorial.py
[2024-03-04T15:59:36.790+0000] {processor.py:840} INFO - DAG(s) 'tutorial' retrieved from /home/airflow/.local/lib/python3.11/site-packages/airflow/example_dags/tutorial.py
[2024-03-04T15:59:36.805+0000] {logging_mixin.py:188} INFO - [2024-03-04T15:59:36.805+0000] {dag.py:3047} INFO - Sync 1 DAGs
[2024-03-04T15:59:36.816+0000] {logging_mixin.py:188} INFO - [2024-03-04T15:59:36.816+0000] {dag.py:3834} INFO - Setting next_dagrun for tutorial to 2024-03-03 00:00:00+00:00, run_after=2024-03-04 00:00:00+00:00
[2024-03-04T15:59:36.823+0000] {processor.py:183} INFO - Processing /home/airflow/.local/lib/python3.11/site-packages/airflow/example_dags/tutorial.py took 0.056 seconds
[2024-03-04T16:00:07.484+0000] {processor.py:161} INFO - Started process (PID=926) to work on /home/airflow/.local/lib/python3.11/site-packages/airflow/example_dags/tutorial.py
[2024-03-04T16:00:07.487+0000] {processor.py:830} INFO - Processing file /home/airflow/.local/lib/python3.11/site-packages/airflow/example_dags/tutorial.py for tasks to queue
[2024-03-04T16:00:07.491+0000] {logging_mixin.py:188} INFO - [2024-03-04T16:00:07.490+0000] {dagbag.py:540} INFO - Filling up the DagBag from /home/airflow/.local/lib/python3.11/site-packages/airflow/example_dags/tutorial.py
[2024-03-04T16:00:07.500+0000] {processor.py:840} INFO - DAG(s) 'tutorial' retrieved from /home/airflow/.local/lib/python3.11/site-packages/airflow/example_dags/tutorial.py
[2024-03-04T16:00:07.518+0000] {logging_mixin.py:188} INFO - [2024-03-04T16:00:07.518+0000] {dag.py:3047} INFO - Sync 1 DAGs
[2024-03-04T16:00:07.530+0000] {logging_mixin.py:188} INFO - [2024-03-04T16:00:07.530+0000] {dag.py:3834} INFO - Setting next_dagrun for tutorial to 2024-03-03 00:00:00+00:00, run_after=2024-03-04 00:00:00+00:00
[2024-03-04T16:00:07.537+0000] {processor.py:183} INFO - Processing /home/airflow/.local/lib/python3.11/site-packages/airflow/example_dags/tutorial.py took 0.059 seconds
[2024-03-04T16:00:38.296+0000] {processor.py:161} INFO - Started process (PID=980) to work on /home/airflow/.local/lib/python3.11/site-packages/airflow/example_dags/tutorial.py
[2024-03-04T16:00:38.299+0000] {processor.py:830} INFO - Processing file /home/airflow/.local/lib/python3.11/site-packages/airflow/example_dags/tutorial.py for tasks to queue
[2024-03-04T16:00:38.302+0000] {logging_mixin.py:188} INFO - [2024-03-04T16:00:38.302+0000] {dagbag.py:540} INFO - Filling up the DagBag from /home/airflow/.local/lib/python3.11/site-packages/airflow/example_dags/tutorial.py
[2024-03-04T16:00:38.308+0000] {processor.py:840} INFO - DAG(s) 'tutorial' retrieved from /home/airflow/.local/lib/python3.11/site-packages/airflow/example_dags/tutorial.py
[2024-03-04T16:00:38.322+0000] {logging_mixin.py:188} INFO - [2024-03-04T16:00:38.322+0000] {dag.py:3047} INFO - Sync 1 DAGs
[2024-03-04T16:00:38.333+0000] {logging_mixin.py:188} INFO - [2024-03-04T16:00:38.333+0000] {dag.py:3834} INFO - Setting next_dagrun for tutorial to 2024-03-03 00:00:00+00:00, run_after=2024-03-04 00:00:00+00:00
[2024-03-04T16:00:38.343+0000] {processor.py:183} INFO - Processing /home/airflow/.local/lib/python3.11/site-packages/airflow/example_dags/tutorial.py took 0.051 seconds
[2024-03-04T16:01:09.066+0000] {processor.py:161} INFO - Started process (PID=1035) to work on /home/airflow/.local/lib/python3.11/site-packages/airflow/example_dags/tutorial.py
[2024-03-04T16:01:09.068+0000] {processor.py:830} INFO - Processing file /home/airflow/.local/lib/python3.11/site-packages/airflow/example_dags/tutorial.py for tasks to queue
[2024-03-04T16:01:09.070+0000] {logging_mixin.py:188} INFO - [2024-03-04T16:01:09.070+0000] {dagbag.py:540} INFO - Filling up the DagBag from /home/airflow/.local/lib/python3.11/site-packages/airflow/example_dags/tutorial.py
[2024-03-04T16:01:09.076+0000] {processor.py:840} INFO - DAG(s) 'tutorial' retrieved from /home/airflow/.local/lib/python3.11/site-packages/airflow/example_dags/tutorial.py
[2024-03-04T16:01:09.089+0000] {logging_mixin.py:188} INFO - [2024-03-04T16:01:09.089+0000] {dag.py:3047} INFO - Sync 1 DAGs
[2024-03-04T16:01:09.102+0000] {logging_mixin.py:188} INFO - [2024-03-04T16:01:09.102+0000] {dag.py:3834} INFO - Setting next_dagrun for tutorial to 2024-03-03 00:00:00+00:00, run_after=2024-03-04 00:00:00+00:00
[2024-03-04T16:01:09.117+0000] {processor.py:183} INFO - Processing /home/airflow/.local/lib/python3.11/site-packages/airflow/example_dags/tutorial.py took 0.054 seconds
[2024-03-04T16:01:39.871+0000] {processor.py:161} INFO - Started process (PID=1090) to work on /home/airflow/.local/lib/python3.11/site-packages/airflow/example_dags/tutorial.py
[2024-03-04T16:01:39.873+0000] {processor.py:830} INFO - Processing file /home/airflow/.local/lib/python3.11/site-packages/airflow/example_dags/tutorial.py for tasks to queue
[2024-03-04T16:01:39.876+0000] {logging_mixin.py:188} INFO - [2024-03-04T16:01:39.875+0000] {dagbag.py:540} INFO - Filling up the DagBag from /home/airflow/.local/lib/python3.11/site-packages/airflow/example_dags/tutorial.py
[2024-03-04T16:01:39.882+0000] {processor.py:840} INFO - DAG(s) 'tutorial' retrieved from /home/airflow/.local/lib/python3.11/site-packages/airflow/example_dags/tutorial.py
[2024-03-04T16:01:39.899+0000] {logging_mixin.py:188} INFO - [2024-03-04T16:01:39.899+0000] {dag.py:3047} INFO - Sync 1 DAGs
[2024-03-04T16:01:39.912+0000] {logging_mixin.py:188} INFO - [2024-03-04T16:01:39.912+0000] {dag.py:3834} INFO - Setting next_dagrun for tutorial to 2024-03-03 00:00:00+00:00, run_after=2024-03-04 00:00:00+00:00
[2024-03-04T16:01:39.920+0000] {processor.py:183} INFO - Processing /home/airflow/.local/lib/python3.11/site-packages/airflow/example_dags/tutorial.py took 0.054 seconds
[2024-03-04T16:02:10.710+0000] {processor.py:161} INFO - Started process (PID=1145) to work on /home/airflow/.local/lib/python3.11/site-packages/airflow/example_dags/tutorial.py
[2024-03-04T16:02:10.712+0000] {processor.py:830} INFO - Processing file /home/airflow/.local/lib/python3.11/site-packages/airflow/example_dags/tutorial.py for tasks to queue
[2024-03-04T16:02:10.714+0000] {logging_mixin.py:188} INFO - [2024-03-04T16:02:10.714+0000] {dagbag.py:540} INFO - Filling up the DagBag from /home/airflow/.local/lib/python3.11/site-packages/airflow/example_dags/tutorial.py
[2024-03-04T16:02:10.721+0000] {processor.py:840} INFO - DAG(s) 'tutorial' retrieved from /home/airflow/.local/lib/python3.11/site-packages/airflow/example_dags/tutorial.py
[2024-03-04T16:02:10.735+0000] {logging_mixin.py:188} INFO - [2024-03-04T16:02:10.735+0000] {dag.py:3047} INFO - Sync 1 DAGs
[2024-03-04T16:02:10.746+0000] {logging_mixin.py:188} INFO - [2024-03-04T16:02:10.746+0000] {dag.py:3834} INFO - Setting next_dagrun for tutorial to 2024-03-03 00:00:00+00:00, run_after=2024-03-04 00:00:00+00:00
[2024-03-04T16:02:10.755+0000] {processor.py:183} INFO - Processing /home/airflow/.local/lib/python3.11/site-packages/airflow/example_dags/tutorial.py took 0.049 seconds
[2024-03-04T16:02:41.394+0000] {processor.py:161} INFO - Started process (PID=1200) to work on /home/airflow/.local/lib/python3.11/site-packages/airflow/example_dags/tutorial.py
[2024-03-04T16:02:41.396+0000] {processor.py:830} INFO - Processing file /home/airflow/.local/lib/python3.11/site-packages/airflow/example_dags/tutorial.py for tasks to queue
[2024-03-04T16:02:41.400+0000] {logging_mixin.py:188} INFO - [2024-03-04T16:02:41.399+0000] {dagbag.py:540} INFO - Filling up the DagBag from /home/airflow/.local/lib/python3.11/site-packages/airflow/example_dags/tutorial.py
[2024-03-04T16:02:41.405+0000] {processor.py:840} INFO - DAG(s) 'tutorial' retrieved from /home/airflow/.local/lib/python3.11/site-packages/airflow/example_dags/tutorial.py
[2024-03-04T16:02:41.419+0000] {logging_mixin.py:188} INFO - [2024-03-04T16:02:41.419+0000] {dag.py:3047} INFO - Sync 1 DAGs
[2024-03-04T16:02:41.433+0000] {logging_mixin.py:188} INFO - [2024-03-04T16:02:41.433+0000] {dag.py:3834} INFO - Setting next_dagrun for tutorial to 2024-03-03 00:00:00+00:00, run_after=2024-03-04 00:00:00+00:00
[2024-03-04T16:02:41.441+0000] {processor.py:183} INFO - Processing /home/airflow/.local/lib/python3.11/site-packages/airflow/example_dags/tutorial.py took 0.051 seconds
[2024-03-04T16:03:12.150+0000] {processor.py:161} INFO - Started process (PID=1255) to work on /home/airflow/.local/lib/python3.11/site-packages/airflow/example_dags/tutorial.py
[2024-03-04T16:03:12.152+0000] {processor.py:830} INFO - Processing file /home/airflow/.local/lib/python3.11/site-packages/airflow/example_dags/tutorial.py for tasks to queue
[2024-03-04T16:03:12.156+0000] {logging_mixin.py:188} INFO - [2024-03-04T16:03:12.155+0000] {dagbag.py:540} INFO - Filling up the DagBag from /home/airflow/.local/lib/python3.11/site-packages/airflow/example_dags/tutorial.py
[2024-03-04T16:03:12.164+0000] {processor.py:840} INFO - DAG(s) 'tutorial' retrieved from /home/airflow/.local/lib/python3.11/site-packages/airflow/example_dags/tutorial.py
[2024-03-04T16:03:12.181+0000] {logging_mixin.py:188} INFO - [2024-03-04T16:03:12.181+0000] {dag.py:3047} INFO - Sync 1 DAGs
[2024-03-04T16:03:12.192+0000] {logging_mixin.py:188} INFO - [2024-03-04T16:03:12.192+0000] {dag.py:3834} INFO - Setting next_dagrun for tutorial to 2024-03-03 00:00:00+00:00, run_after=2024-03-04 00:00:00+00:00
[2024-03-04T16:03:12.199+0000] {processor.py:183} INFO - Processing /home/airflow/.local/lib/python3.11/site-packages/airflow/example_dags/tutorial.py took 0.056 seconds
[2024-03-04T16:03:43.012+0000] {processor.py:161} INFO - Started process (PID=1316) to work on /home/airflow/.local/lib/python3.11/site-packages/airflow/example_dags/tutorial.py
[2024-03-04T16:03:43.015+0000] {processor.py:830} INFO - Processing file /home/airflow/.local/lib/python3.11/site-packages/airflow/example_dags/tutorial.py for tasks to queue
[2024-03-04T16:03:43.017+0000] {logging_mixin.py:188} INFO - [2024-03-04T16:03:43.017+0000] {dagbag.py:540} INFO - Filling up the DagBag from /home/airflow/.local/lib/python3.11/site-packages/airflow/example_dags/tutorial.py
[2024-03-04T16:03:43.022+0000] {processor.py:840} INFO - DAG(s) 'tutorial' retrieved from /home/airflow/.local/lib/python3.11/site-packages/airflow/example_dags/tutorial.py
[2024-03-04T16:03:43.048+0000] {logging_mixin.py:188} INFO - [2024-03-04T16:03:43.047+0000] {dag.py:3047} INFO - Sync 1 DAGs
[2024-03-04T16:03:43.072+0000] {logging_mixin.py:188} INFO - [2024-03-04T16:03:43.072+0000] {dag.py:3834} INFO - Setting next_dagrun for tutorial to 2024-03-03 00:00:00+00:00, run_after=2024-03-04 00:00:00+00:00
[2024-03-04T16:03:43.096+0000] {processor.py:183} INFO - Processing /home/airflow/.local/lib/python3.11/site-packages/airflow/example_dags/tutorial.py took 0.087 seconds
[2024-03-04T16:04:13.289+0000] {processor.py:161} INFO - Started process (PID=1371) to work on /home/airflow/.local/lib/python3.11/site-packages/airflow/example_dags/tutorial.py
[2024-03-04T16:04:13.295+0000] {processor.py:830} INFO - Processing file /home/airflow/.local/lib/python3.11/site-packages/airflow/example_dags/tutorial.py for tasks to queue
[2024-03-04T16:04:13.302+0000] {logging_mixin.py:188} INFO - [2024-03-04T16:04:13.301+0000] {dagbag.py:540} INFO - Filling up the DagBag from /home/airflow/.local/lib/python3.11/site-packages/airflow/example_dags/tutorial.py
[2024-03-04T16:04:13.312+0000] {processor.py:840} INFO - DAG(s) 'tutorial' retrieved from /home/airflow/.local/lib/python3.11/site-packages/airflow/example_dags/tutorial.py
[2024-03-04T16:04:13.343+0000] {logging_mixin.py:188} INFO - [2024-03-04T16:04:13.343+0000] {dag.py:3047} INFO - Sync 1 DAGs
[2024-03-04T16:04:13.366+0000] {logging_mixin.py:188} INFO - [2024-03-04T16:04:13.366+0000] {dag.py:3834} INFO - Setting next_dagrun for tutorial to 2024-03-03 00:00:00+00:00, run_after=2024-03-04 00:00:00+00:00
[2024-03-04T16:04:13.382+0000] {processor.py:183} INFO - Processing /home/airflow/.local/lib/python3.11/site-packages/airflow/example_dags/tutorial.py took 0.103 seconds
[2024-03-04T16:04:44.386+0000] {processor.py:161} INFO - Started process (PID=1426) to work on /home/airflow/.local/lib/python3.11/site-packages/airflow/example_dags/tutorial.py
[2024-03-04T16:04:44.387+0000] {processor.py:830} INFO - Processing file /home/airflow/.local/lib/python3.11/site-packages/airflow/example_dags/tutorial.py for tasks to queue
[2024-03-04T16:04:44.390+0000] {logging_mixin.py:188} INFO - [2024-03-04T16:04:44.390+0000] {dagbag.py:540} INFO - Filling up the DagBag from /home/airflow/.local/lib/python3.11/site-packages/airflow/example_dags/tutorial.py
[2024-03-04T16:04:44.395+0000] {processor.py:840} INFO - DAG(s) 'tutorial' retrieved from /home/airflow/.local/lib/python3.11/site-packages/airflow/example_dags/tutorial.py
[2024-03-04T16:04:44.411+0000] {logging_mixin.py:188} INFO - [2024-03-04T16:04:44.411+0000] {dag.py:3047} INFO - Sync 1 DAGs
[2024-03-04T16:04:44.424+0000] {logging_mixin.py:188} INFO - [2024-03-04T16:04:44.424+0000] {dag.py:3834} INFO - Setting next_dagrun for tutorial to 2024-03-03 00:00:00+00:00, run_after=2024-03-04 00:00:00+00:00
[2024-03-04T16:04:44.434+0000] {processor.py:183} INFO - Processing /home/airflow/.local/lib/python3.11/site-packages/airflow/example_dags/tutorial.py took 0.051 seconds
[2024-03-04T16:05:15.083+0000] {processor.py:161} INFO - Started process (PID=1481) to work on /home/airflow/.local/lib/python3.11/site-packages/airflow/example_dags/tutorial.py
[2024-03-04T16:05:15.084+0000] {processor.py:830} INFO - Processing file /home/airflow/.local/lib/python3.11/site-packages/airflow/example_dags/tutorial.py for tasks to queue
[2024-03-04T16:05:15.085+0000] {logging_mixin.py:188} INFO - [2024-03-04T16:05:15.085+0000] {dagbag.py:540} INFO - Filling up the DagBag from /home/airflow/.local/lib/python3.11/site-packages/airflow/example_dags/tutorial.py
[2024-03-04T16:05:15.089+0000] {processor.py:840} INFO - DAG(s) 'tutorial' retrieved from /home/airflow/.local/lib/python3.11/site-packages/airflow/example_dags/tutorial.py
[2024-03-04T16:05:15.106+0000] {logging_mixin.py:188} INFO - [2024-03-04T16:05:15.106+0000] {dag.py:3047} INFO - Sync 1 DAGs
[2024-03-04T16:05:15.125+0000] {logging_mixin.py:188} INFO - [2024-03-04T16:05:15.125+0000] {dag.py:3834} INFO - Setting next_dagrun for tutorial to 2024-03-03 00:00:00+00:00, run_after=2024-03-04 00:00:00+00:00
[2024-03-04T16:05:15.148+0000] {processor.py:183} INFO - Processing /home/airflow/.local/lib/python3.11/site-packages/airflow/example_dags/tutorial.py took 0.066 seconds
[2024-03-04T16:05:46.010+0000] {processor.py:161} INFO - Started process (PID=1536) to work on /home/airflow/.local/lib/python3.11/site-packages/airflow/example_dags/tutorial.py
[2024-03-04T16:05:46.011+0000] {processor.py:830} INFO - Processing file /home/airflow/.local/lib/python3.11/site-packages/airflow/example_dags/tutorial.py for tasks to queue
[2024-03-04T16:05:46.012+0000] {logging_mixin.py:188} INFO - [2024-03-04T16:05:46.012+0000] {dagbag.py:540} INFO - Filling up the DagBag from /home/airflow/.local/lib/python3.11/site-packages/airflow/example_dags/tutorial.py
[2024-03-04T16:05:46.015+0000] {processor.py:840} INFO - DAG(s) 'tutorial' retrieved from /home/airflow/.local/lib/python3.11/site-packages/airflow/example_dags/tutorial.py
[2024-03-04T16:05:46.024+0000] {logging_mixin.py:188} INFO - [2024-03-04T16:05:46.024+0000] {dag.py:3047} INFO - Sync 1 DAGs
[2024-03-04T16:05:46.033+0000] {logging_mixin.py:188} INFO - [2024-03-04T16:05:46.033+0000] {dag.py:3834} INFO - Setting next_dagrun for tutorial to 2024-03-03 00:00:00+00:00, run_after=2024-03-04 00:00:00+00:00
[2024-03-04T16:05:46.040+0000] {processor.py:183} INFO - Processing /home/airflow/.local/lib/python3.11/site-packages/airflow/example_dags/tutorial.py took 0.031 seconds
[2024-03-04T16:06:16.121+0000] {processor.py:161} INFO - Started process (PID=1591) to work on /home/airflow/.local/lib/python3.11/site-packages/airflow/example_dags/tutorial.py
[2024-03-04T16:06:16.122+0000] {processor.py:830} INFO - Processing file /home/airflow/.local/lib/python3.11/site-packages/airflow/example_dags/tutorial.py for tasks to queue
[2024-03-04T16:06:16.123+0000] {logging_mixin.py:188} INFO - [2024-03-04T16:06:16.123+0000] {dagbag.py:540} INFO - Filling up the DagBag from /home/airflow/.local/lib/python3.11/site-packages/airflow/example_dags/tutorial.py
[2024-03-04T16:06:16.126+0000] {processor.py:840} INFO - DAG(s) 'tutorial' retrieved from /home/airflow/.local/lib/python3.11/site-packages/airflow/example_dags/tutorial.py
[2024-03-04T16:06:16.135+0000] {logging_mixin.py:188} INFO - [2024-03-04T16:06:16.135+0000] {dag.py:3047} INFO - Sync 1 DAGs
[2024-03-04T16:06:16.143+0000] {logging_mixin.py:188} INFO - [2024-03-04T16:06:16.143+0000] {dag.py:3834} INFO - Setting next_dagrun for tutorial to 2024-03-03 00:00:00+00:00, run_after=2024-03-04 00:00:00+00:00
[2024-03-04T16:06:16.150+0000] {processor.py:183} INFO - Processing /home/airflow/.local/lib/python3.11/site-packages/airflow/example_dags/tutorial.py took 0.031 seconds
[2024-03-04T16:06:46.373+0000] {processor.py:161} INFO - Started process (PID=1646) to work on /home/airflow/.local/lib/python3.11/site-packages/airflow/example_dags/tutorial.py
[2024-03-04T16:06:46.374+0000] {processor.py:830} INFO - Processing file /home/airflow/.local/lib/python3.11/site-packages/airflow/example_dags/tutorial.py for tasks to queue
[2024-03-04T16:06:46.375+0000] {logging_mixin.py:188} INFO - [2024-03-04T16:06:46.375+0000] {dagbag.py:540} INFO - Filling up the DagBag from /home/airflow/.local/lib/python3.11/site-packages/airflow/example_dags/tutorial.py
[2024-03-04T16:06:46.378+0000] {processor.py:840} INFO - DAG(s) 'tutorial' retrieved from /home/airflow/.local/lib/python3.11/site-packages/airflow/example_dags/tutorial.py
[2024-03-04T16:06:46.388+0000] {logging_mixin.py:188} INFO - [2024-03-04T16:06:46.388+0000] {dag.py:3047} INFO - Sync 1 DAGs
[2024-03-04T16:06:46.398+0000] {logging_mixin.py:188} INFO - [2024-03-04T16:06:46.397+0000] {dag.py:3834} INFO - Setting next_dagrun for tutorial to 2024-03-03 00:00:00+00:00, run_after=2024-03-04 00:00:00+00:00
[2024-03-04T16:06:46.405+0000] {processor.py:183} INFO - Processing /home/airflow/.local/lib/python3.11/site-packages/airflow/example_dags/tutorial.py took 0.034 seconds
[2024-03-04T16:07:17.145+0000] {processor.py:161} INFO - Started process (PID=1701) to work on /home/airflow/.local/lib/python3.11/site-packages/airflow/example_dags/tutorial.py
[2024-03-04T16:07:17.145+0000] {processor.py:830} INFO - Processing file /home/airflow/.local/lib/python3.11/site-packages/airflow/example_dags/tutorial.py for tasks to queue
[2024-03-04T16:07:17.146+0000] {logging_mixin.py:188} INFO - [2024-03-04T16:07:17.146+0000] {dagbag.py:540} INFO - Filling up the DagBag from /home/airflow/.local/lib/python3.11/site-packages/airflow/example_dags/tutorial.py
[2024-03-04T16:07:17.150+0000] {processor.py:840} INFO - DAG(s) 'tutorial' retrieved from /home/airflow/.local/lib/python3.11/site-packages/airflow/example_dags/tutorial.py
[2024-03-04T16:07:17.160+0000] {logging_mixin.py:188} INFO - [2024-03-04T16:07:17.160+0000] {dag.py:3047} INFO - Sync 1 DAGs
[2024-03-04T16:07:17.168+0000] {logging_mixin.py:188} INFO - [2024-03-04T16:07:17.168+0000] {dag.py:3834} INFO - Setting next_dagrun for tutorial to 2024-03-03 00:00:00+00:00, run_after=2024-03-04 00:00:00+00:00
[2024-03-04T16:07:17.175+0000] {processor.py:183} INFO - Processing /home/airflow/.local/lib/python3.11/site-packages/airflow/example_dags/tutorial.py took 0.031 seconds
[2024-03-04T16:07:47.821+0000] {processor.py:161} INFO - Started process (PID=1756) to work on /home/airflow/.local/lib/python3.11/site-packages/airflow/example_dags/tutorial.py
[2024-03-04T16:07:47.822+0000] {processor.py:830} INFO - Processing file /home/airflow/.local/lib/python3.11/site-packages/airflow/example_dags/tutorial.py for tasks to queue
[2024-03-04T16:07:47.823+0000] {logging_mixin.py:188} INFO - [2024-03-04T16:07:47.822+0000] {dagbag.py:540} INFO - Filling up the DagBag from /home/airflow/.local/lib/python3.11/site-packages/airflow/example_dags/tutorial.py
[2024-03-04T16:07:47.826+0000] {processor.py:840} INFO - DAG(s) 'tutorial' retrieved from /home/airflow/.local/lib/python3.11/site-packages/airflow/example_dags/tutorial.py
[2024-03-04T16:07:47.836+0000] {logging_mixin.py:188} INFO - [2024-03-04T16:07:47.836+0000] {dag.py:3047} INFO - Sync 1 DAGs
[2024-03-04T16:07:47.845+0000] {logging_mixin.py:188} INFO - [2024-03-04T16:07:47.844+0000] {dag.py:3834} INFO - Setting next_dagrun for tutorial to 2024-03-03 00:00:00+00:00, run_after=2024-03-04 00:00:00+00:00
[2024-03-04T16:07:47.851+0000] {processor.py:183} INFO - Processing /home/airflow/.local/lib/python3.11/site-packages/airflow/example_dags/tutorial.py took 0.032 seconds
[2024-03-04T16:08:18.494+0000] {processor.py:161} INFO - Started process (PID=1811) to work on /home/airflow/.local/lib/python3.11/site-packages/airflow/example_dags/tutorial.py
[2024-03-04T16:08:18.495+0000] {processor.py:830} INFO - Processing file /home/airflow/.local/lib/python3.11/site-packages/airflow/example_dags/tutorial.py for tasks to queue
[2024-03-04T16:08:18.496+0000] {logging_mixin.py:188} INFO - [2024-03-04T16:08:18.495+0000] {dagbag.py:540} INFO - Filling up the DagBag from /home/airflow/.local/lib/python3.11/site-packages/airflow/example_dags/tutorial.py
[2024-03-04T16:08:18.500+0000] {processor.py:840} INFO - DAG(s) 'tutorial' retrieved from /home/airflow/.local/lib/python3.11/site-packages/airflow/example_dags/tutorial.py
[2024-03-04T16:08:18.509+0000] {logging_mixin.py:188} INFO - [2024-03-04T16:08:18.509+0000] {dag.py:3047} INFO - Sync 1 DAGs
[2024-03-04T16:08:18.517+0000] {logging_mixin.py:188} INFO - [2024-03-04T16:08:18.517+0000] {dag.py:3834} INFO - Setting next_dagrun for tutorial to 2024-03-03 00:00:00+00:00, run_after=2024-03-04 00:00:00+00:00
[2024-03-04T16:08:18.524+0000] {processor.py:183} INFO - Processing /home/airflow/.local/lib/python3.11/site-packages/airflow/example_dags/tutorial.py took 0.031 seconds
[2024-03-04T16:08:49.245+0000] {processor.py:161} INFO - Started process (PID=1866) to work on /home/airflow/.local/lib/python3.11/site-packages/airflow/example_dags/tutorial.py
[2024-03-04T16:08:49.245+0000] {processor.py:830} INFO - Processing file /home/airflow/.local/lib/python3.11/site-packages/airflow/example_dags/tutorial.py for tasks to queue
[2024-03-04T16:08:49.247+0000] {logging_mixin.py:188} INFO - [2024-03-04T16:08:49.246+0000] {dagbag.py:540} INFO - Filling up the DagBag from /home/airflow/.local/lib/python3.11/site-packages/airflow/example_dags/tutorial.py
[2024-03-04T16:08:49.250+0000] {processor.py:840} INFO - DAG(s) 'tutorial' retrieved from /home/airflow/.local/lib/python3.11/site-packages/airflow/example_dags/tutorial.py
[2024-03-04T16:08:49.259+0000] {logging_mixin.py:188} INFO - [2024-03-04T16:08:49.259+0000] {dag.py:3047} INFO - Sync 1 DAGs
[2024-03-04T16:08:49.268+0000] {logging_mixin.py:188} INFO - [2024-03-04T16:08:49.268+0000] {dag.py:3834} INFO - Setting next_dagrun for tutorial to 2024-03-03 00:00:00+00:00, run_after=2024-03-04 00:00:00+00:00
[2024-03-04T16:08:49.275+0000] {processor.py:183} INFO - Processing /home/airflow/.local/lib/python3.11/site-packages/airflow/example_dags/tutorial.py took 0.032 seconds
[2024-03-04T16:09:19.765+0000] {processor.py:161} INFO - Started process (PID=1921) to work on /home/airflow/.local/lib/python3.11/site-packages/airflow/example_dags/tutorial.py
[2024-03-04T16:09:19.765+0000] {processor.py:830} INFO - Processing file /home/airflow/.local/lib/python3.11/site-packages/airflow/example_dags/tutorial.py for tasks to queue
[2024-03-04T16:09:19.766+0000] {logging_mixin.py:188} INFO - [2024-03-04T16:09:19.766+0000] {dagbag.py:540} INFO - Filling up the DagBag from /home/airflow/.local/lib/python3.11/site-packages/airflow/example_dags/tutorial.py
[2024-03-04T16:09:19.770+0000] {processor.py:840} INFO - DAG(s) 'tutorial' retrieved from /home/airflow/.local/lib/python3.11/site-packages/airflow/example_dags/tutorial.py
[2024-03-04T16:09:19.777+0000] {logging_mixin.py:188} INFO - [2024-03-04T16:09:19.777+0000] {dag.py:3047} INFO - Sync 1 DAGs
[2024-03-04T16:09:19.785+0000] {logging_mixin.py:188} INFO - [2024-03-04T16:09:19.785+0000] {dag.py:3834} INFO - Setting next_dagrun for tutorial to 2024-03-03 00:00:00+00:00, run_after=2024-03-04 00:00:00+00:00
[2024-03-04T16:09:19.791+0000] {processor.py:183} INFO - Processing /home/airflow/.local/lib/python3.11/site-packages/airflow/example_dags/tutorial.py took 0.028 seconds
[2024-03-04T16:09:50.486+0000] {processor.py:161} INFO - Started process (PID=1976) to work on /home/airflow/.local/lib/python3.11/site-packages/airflow/example_dags/tutorial.py
[2024-03-04T16:09:50.487+0000] {processor.py:830} INFO - Processing file /home/airflow/.local/lib/python3.11/site-packages/airflow/example_dags/tutorial.py for tasks to queue
[2024-03-04T16:09:50.488+0000] {logging_mixin.py:188} INFO - [2024-03-04T16:09:50.488+0000] {dagbag.py:540} INFO - Filling up the DagBag from /home/airflow/.local/lib/python3.11/site-packages/airflow/example_dags/tutorial.py
[2024-03-04T16:09:50.492+0000] {processor.py:840} INFO - DAG(s) 'tutorial' retrieved from /home/airflow/.local/lib/python3.11/site-packages/airflow/example_dags/tutorial.py
[2024-03-04T16:09:50.501+0000] {logging_mixin.py:188} INFO - [2024-03-04T16:09:50.501+0000] {dag.py:3047} INFO - Sync 1 DAGs
[2024-03-04T16:09:50.517+0000] {logging_mixin.py:188} INFO - [2024-03-04T16:09:50.517+0000] {dag.py:3834} INFO - Setting next_dagrun for tutorial to 2024-03-03 00:00:00+00:00, run_after=2024-03-04 00:00:00+00:00
[2024-03-04T16:09:50.543+0000] {processor.py:183} INFO - Processing /home/airflow/.local/lib/python3.11/site-packages/airflow/example_dags/tutorial.py took 0.058 seconds
[2024-03-04T16:10:21.098+0000] {processor.py:161} INFO - Started process (PID=2031) to work on /home/airflow/.local/lib/python3.11/site-packages/airflow/example_dags/tutorial.py
[2024-03-04T16:10:21.099+0000] {processor.py:830} INFO - Processing file /home/airflow/.local/lib/python3.11/site-packages/airflow/example_dags/tutorial.py for tasks to queue
[2024-03-04T16:10:21.100+0000] {logging_mixin.py:188} INFO - [2024-03-04T16:10:21.100+0000] {dagbag.py:540} INFO - Filling up the DagBag from /home/airflow/.local/lib/python3.11/site-packages/airflow/example_dags/tutorial.py
[2024-03-04T16:10:21.103+0000] {processor.py:840} INFO - DAG(s) 'tutorial' retrieved from /home/airflow/.local/lib/python3.11/site-packages/airflow/example_dags/tutorial.py
[2024-03-04T16:10:21.112+0000] {logging_mixin.py:188} INFO - [2024-03-04T16:10:21.112+0000] {dag.py:3047} INFO - Sync 1 DAGs
[2024-03-04T16:10:21.122+0000] {logging_mixin.py:188} INFO - [2024-03-04T16:10:21.121+0000] {dag.py:3834} INFO - Setting next_dagrun for tutorial to 2024-03-03 00:00:00+00:00, run_after=2024-03-04 00:00:00+00:00
[2024-03-04T16:10:21.129+0000] {processor.py:183} INFO - Processing /home/airflow/.local/lib/python3.11/site-packages/airflow/example_dags/tutorial.py took 0.032 seconds
[2024-03-04T16:10:51.684+0000] {processor.py:161} INFO - Started process (PID=2086) to work on /home/airflow/.local/lib/python3.11/site-packages/airflow/example_dags/tutorial.py
[2024-03-04T16:10:51.685+0000] {processor.py:830} INFO - Processing file /home/airflow/.local/lib/python3.11/site-packages/airflow/example_dags/tutorial.py for tasks to queue
[2024-03-04T16:10:51.686+0000] {logging_mixin.py:188} INFO - [2024-03-04T16:10:51.686+0000] {dagbag.py:540} INFO - Filling up the DagBag from /home/airflow/.local/lib/python3.11/site-packages/airflow/example_dags/tutorial.py
[2024-03-04T16:10:51.689+0000] {processor.py:840} INFO - DAG(s) 'tutorial' retrieved from /home/airflow/.local/lib/python3.11/site-packages/airflow/example_dags/tutorial.py
[2024-03-04T16:10:51.699+0000] {logging_mixin.py:188} INFO - [2024-03-04T16:10:51.699+0000] {dag.py:3047} INFO - Sync 1 DAGs
[2024-03-04T16:10:51.708+0000] {logging_mixin.py:188} INFO - [2024-03-04T16:10:51.708+0000] {dag.py:3834} INFO - Setting next_dagrun for tutorial to 2024-03-03 00:00:00+00:00, run_after=2024-03-04 00:00:00+00:00
[2024-03-04T16:10:51.718+0000] {processor.py:183} INFO - Processing /home/airflow/.local/lib/python3.11/site-packages/airflow/example_dags/tutorial.py took 0.035 seconds
[2024-03-04T16:11:22.475+0000] {processor.py:161} INFO - Started process (PID=2141) to work on /home/airflow/.local/lib/python3.11/site-packages/airflow/example_dags/tutorial.py
[2024-03-04T16:11:22.475+0000] {processor.py:830} INFO - Processing file /home/airflow/.local/lib/python3.11/site-packages/airflow/example_dags/tutorial.py for tasks to queue
[2024-03-04T16:11:22.476+0000] {logging_mixin.py:188} INFO - [2024-03-04T16:11:22.476+0000] {dagbag.py:540} INFO - Filling up the DagBag from /home/airflow/.local/lib/python3.11/site-packages/airflow/example_dags/tutorial.py
[2024-03-04T16:11:22.479+0000] {processor.py:840} INFO - DAG(s) 'tutorial' retrieved from /home/airflow/.local/lib/python3.11/site-packages/airflow/example_dags/tutorial.py
[2024-03-04T16:11:22.488+0000] {logging_mixin.py:188} INFO - [2024-03-04T16:11:22.488+0000] {dag.py:3047} INFO - Sync 1 DAGs
[2024-03-04T16:11:22.497+0000] {logging_mixin.py:188} INFO - [2024-03-04T16:11:22.497+0000] {dag.py:3834} INFO - Setting next_dagrun for tutorial to 2024-03-03 00:00:00+00:00, run_after=2024-03-04 00:00:00+00:00
[2024-03-04T16:11:22.504+0000] {processor.py:183} INFO - Processing /home/airflow/.local/lib/python3.11/site-packages/airflow/example_dags/tutorial.py took 0.031 seconds
[2024-03-04T16:11:53.109+0000] {processor.py:161} INFO - Started process (PID=2196) to work on /home/airflow/.local/lib/python3.11/site-packages/airflow/example_dags/tutorial.py
[2024-03-04T16:11:53.110+0000] {processor.py:830} INFO - Processing file /home/airflow/.local/lib/python3.11/site-packages/airflow/example_dags/tutorial.py for tasks to queue
[2024-03-04T16:11:53.111+0000] {logging_mixin.py:188} INFO - [2024-03-04T16:11:53.111+0000] {dagbag.py:540} INFO - Filling up the DagBag from /home/airflow/.local/lib/python3.11/site-packages/airflow/example_dags/tutorial.py
[2024-03-04T16:11:53.114+0000] {processor.py:840} INFO - DAG(s) 'tutorial' retrieved from /home/airflow/.local/lib/python3.11/site-packages/airflow/example_dags/tutorial.py
[2024-03-04T16:11:53.123+0000] {logging_mixin.py:188} INFO - [2024-03-04T16:11:53.123+0000] {dag.py:3047} INFO - Sync 1 DAGs
[2024-03-04T16:11:53.131+0000] {logging_mixin.py:188} INFO - [2024-03-04T16:11:53.131+0000] {dag.py:3834} INFO - Setting next_dagrun for tutorial to 2024-03-03 00:00:00+00:00, run_after=2024-03-04 00:00:00+00:00
[2024-03-04T16:11:53.138+0000] {processor.py:183} INFO - Processing /home/airflow/.local/lib/python3.11/site-packages/airflow/example_dags/tutorial.py took 0.030 seconds
[2024-03-04T16:12:23.794+0000] {processor.py:161} INFO - Started process (PID=2251) to work on /home/airflow/.local/lib/python3.11/site-packages/airflow/example_dags/tutorial.py
[2024-03-04T16:12:23.795+0000] {processor.py:830} INFO - Processing file /home/airflow/.local/lib/python3.11/site-packages/airflow/example_dags/tutorial.py for tasks to queue
[2024-03-04T16:12:23.796+0000] {logging_mixin.py:188} INFO - [2024-03-04T16:12:23.796+0000] {dagbag.py:540} INFO - Filling up the DagBag from /home/airflow/.local/lib/python3.11/site-packages/airflow/example_dags/tutorial.py
[2024-03-04T16:12:23.799+0000] {processor.py:840} INFO - DAG(s) 'tutorial' retrieved from /home/airflow/.local/lib/python3.11/site-packages/airflow/example_dags/tutorial.py
[2024-03-04T16:12:23.807+0000] {logging_mixin.py:188} INFO - [2024-03-04T16:12:23.807+0000] {dag.py:3047} INFO - Sync 1 DAGs
[2024-03-04T16:12:23.814+0000] {logging_mixin.py:188} INFO - [2024-03-04T16:12:23.814+0000] {dag.py:3834} INFO - Setting next_dagrun for tutorial to 2024-03-03 00:00:00+00:00, run_after=2024-03-04 00:00:00+00:00
[2024-03-04T16:12:23.820+0000] {processor.py:183} INFO - Processing /home/airflow/.local/lib/python3.11/site-packages/airflow/example_dags/tutorial.py took 0.028 seconds
[2024-03-04T16:12:54.476+0000] {processor.py:161} INFO - Started process (PID=2306) to work on /home/airflow/.local/lib/python3.11/site-packages/airflow/example_dags/tutorial.py
[2024-03-04T16:12:54.476+0000] {processor.py:830} INFO - Processing file /home/airflow/.local/lib/python3.11/site-packages/airflow/example_dags/tutorial.py for tasks to queue
[2024-03-04T16:12:54.478+0000] {logging_mixin.py:188} INFO - [2024-03-04T16:12:54.477+0000] {dagbag.py:540} INFO - Filling up the DagBag from /home/airflow/.local/lib/python3.11/site-packages/airflow/example_dags/tutorial.py
[2024-03-04T16:12:54.480+0000] {processor.py:840} INFO - DAG(s) 'tutorial' retrieved from /home/airflow/.local/lib/python3.11/site-packages/airflow/example_dags/tutorial.py
[2024-03-04T16:12:54.489+0000] {logging_mixin.py:188} INFO - [2024-03-04T16:12:54.489+0000] {dag.py:3047} INFO - Sync 1 DAGs
[2024-03-04T16:12:54.498+0000] {logging_mixin.py:188} INFO - [2024-03-04T16:12:54.498+0000] {dag.py:3834} INFO - Setting next_dagrun for tutorial to 2024-03-03 00:00:00+00:00, run_after=2024-03-04 00:00:00+00:00
[2024-03-04T16:12:54.504+0000] {processor.py:183} INFO - Processing /home/airflow/.local/lib/python3.11/site-packages/airflow/example_dags/tutorial.py took 0.030 seconds
[2024-03-04T16:13:25.029+0000] {processor.py:161} INFO - Started process (PID=2361) to work on /home/airflow/.local/lib/python3.11/site-packages/airflow/example_dags/tutorial.py
[2024-03-04T16:13:25.029+0000] {processor.py:830} INFO - Processing file /home/airflow/.local/lib/python3.11/site-packages/airflow/example_dags/tutorial.py for tasks to queue
[2024-03-04T16:13:25.031+0000] {logging_mixin.py:188} INFO - [2024-03-04T16:13:25.031+0000] {dagbag.py:540} INFO - Filling up the DagBag from /home/airflow/.local/lib/python3.11/site-packages/airflow/example_dags/tutorial.py
[2024-03-04T16:13:25.033+0000] {processor.py:840} INFO - DAG(s) 'tutorial' retrieved from /home/airflow/.local/lib/python3.11/site-packages/airflow/example_dags/tutorial.py
[2024-03-04T16:13:25.041+0000] {logging_mixin.py:188} INFO - [2024-03-04T16:13:25.041+0000] {dag.py:3047} INFO - Sync 1 DAGs
[2024-03-04T16:13:25.049+0000] {logging_mixin.py:188} INFO - [2024-03-04T16:13:25.049+0000] {dag.py:3834} INFO - Setting next_dagrun for tutorial to 2024-03-03 00:00:00+00:00, run_after=2024-03-04 00:00:00+00:00
[2024-03-04T16:13:25.056+0000] {processor.py:183} INFO - Processing /home/airflow/.local/lib/python3.11/site-packages/airflow/example_dags/tutorial.py took 0.029 seconds
[2024-03-04T16:13:55.827+0000] {processor.py:161} INFO - Started process (PID=2416) to work on /home/airflow/.local/lib/python3.11/site-packages/airflow/example_dags/tutorial.py
[2024-03-04T16:13:55.827+0000] {processor.py:830} INFO - Processing file /home/airflow/.local/lib/python3.11/site-packages/airflow/example_dags/tutorial.py for tasks to queue
[2024-03-04T16:13:55.828+0000] {logging_mixin.py:188} INFO - [2024-03-04T16:13:55.828+0000] {dagbag.py:540} INFO - Filling up the DagBag from /home/airflow/.local/lib/python3.11/site-packages/airflow/example_dags/tutorial.py
[2024-03-04T16:13:55.831+0000] {processor.py:840} INFO - DAG(s) 'tutorial' retrieved from /home/airflow/.local/lib/python3.11/site-packages/airflow/example_dags/tutorial.py
[2024-03-04T16:13:55.840+0000] {logging_mixin.py:188} INFO - [2024-03-04T16:13:55.840+0000] {dag.py:3047} INFO - Sync 1 DAGs
[2024-03-04T16:13:55.849+0000] {logging_mixin.py:188} INFO - [2024-03-04T16:13:55.849+0000] {dag.py:3834} INFO - Setting next_dagrun for tutorial to 2024-03-03 00:00:00+00:00, run_after=2024-03-04 00:00:00+00:00
[2024-03-04T16:13:55.855+0000] {processor.py:183} INFO - Processing /home/airflow/.local/lib/python3.11/site-packages/airflow/example_dags/tutorial.py took 0.030 seconds
[2024-03-04T16:14:26.628+0000] {processor.py:161} INFO - Started process (PID=2471) to work on /home/airflow/.local/lib/python3.11/site-packages/airflow/example_dags/tutorial.py
[2024-03-04T16:14:26.628+0000] {processor.py:830} INFO - Processing file /home/airflow/.local/lib/python3.11/site-packages/airflow/example_dags/tutorial.py for tasks to queue
[2024-03-04T16:14:26.629+0000] {logging_mixin.py:188} INFO - [2024-03-04T16:14:26.629+0000] {dagbag.py:540} INFO - Filling up the DagBag from /home/airflow/.local/lib/python3.11/site-packages/airflow/example_dags/tutorial.py
[2024-03-04T16:14:26.632+0000] {processor.py:840} INFO - DAG(s) 'tutorial' retrieved from /home/airflow/.local/lib/python3.11/site-packages/airflow/example_dags/tutorial.py
[2024-03-04T16:14:26.642+0000] {logging_mixin.py:188} INFO - [2024-03-04T16:14:26.642+0000] {dag.py:3047} INFO - Sync 1 DAGs
[2024-03-04T16:14:26.651+0000] {logging_mixin.py:188} INFO - [2024-03-04T16:14:26.651+0000] {dag.py:3834} INFO - Setting next_dagrun for tutorial to 2024-03-03 00:00:00+00:00, run_after=2024-03-04 00:00:00+00:00
[2024-03-04T16:14:26.658+0000] {processor.py:183} INFO - Processing /home/airflow/.local/lib/python3.11/site-packages/airflow/example_dags/tutorial.py took 0.032 seconds
[2024-03-04T16:14:57.320+0000] {processor.py:161} INFO - Started process (PID=2526) to work on /home/airflow/.local/lib/python3.11/site-packages/airflow/example_dags/tutorial.py
[2024-03-04T16:14:57.321+0000] {processor.py:830} INFO - Processing file /home/airflow/.local/lib/python3.11/site-packages/airflow/example_dags/tutorial.py for tasks to queue
[2024-03-04T16:14:57.323+0000] {logging_mixin.py:188} INFO - [2024-03-04T16:14:57.322+0000] {dagbag.py:540} INFO - Filling up the DagBag from /home/airflow/.local/lib/python3.11/site-packages/airflow/example_dags/tutorial.py
[2024-03-04T16:14:57.325+0000] {processor.py:840} INFO - DAG(s) 'tutorial' retrieved from /home/airflow/.local/lib/python3.11/site-packages/airflow/example_dags/tutorial.py
[2024-03-04T16:14:57.333+0000] {logging_mixin.py:188} INFO - [2024-03-04T16:14:57.333+0000] {dag.py:3047} INFO - Sync 1 DAGs
[2024-03-04T16:14:57.341+0000] {logging_mixin.py:188} INFO - [2024-03-04T16:14:57.341+0000] {dag.py:3834} INFO - Setting next_dagrun for tutorial to 2024-03-03 00:00:00+00:00, run_after=2024-03-04 00:00:00+00:00
[2024-03-04T16:14:57.347+0000] {processor.py:183} INFO - Processing /home/airflow/.local/lib/python3.11/site-packages/airflow/example_dags/tutorial.py took 0.029 seconds
[2024-03-04T16:15:27.823+0000] {processor.py:161} INFO - Started process (PID=2581) to work on /home/airflow/.local/lib/python3.11/site-packages/airflow/example_dags/tutorial.py
[2024-03-04T16:15:27.824+0000] {processor.py:830} INFO - Processing file /home/airflow/.local/lib/python3.11/site-packages/airflow/example_dags/tutorial.py for tasks to queue
[2024-03-04T16:15:27.825+0000] {logging_mixin.py:188} INFO - [2024-03-04T16:15:27.824+0000] {dagbag.py:540} INFO - Filling up the DagBag from /home/airflow/.local/lib/python3.11/site-packages/airflow/example_dags/tutorial.py
[2024-03-04T16:15:27.828+0000] {processor.py:840} INFO - DAG(s) 'tutorial' retrieved from /home/airflow/.local/lib/python3.11/site-packages/airflow/example_dags/tutorial.py
[2024-03-04T16:15:27.838+0000] {logging_mixin.py:188} INFO - [2024-03-04T16:15:27.838+0000] {dag.py:3047} INFO - Sync 1 DAGs
[2024-03-04T16:15:27.846+0000] {logging_mixin.py:188} INFO - [2024-03-04T16:15:27.846+0000] {dag.py:3834} INFO - Setting next_dagrun for tutorial to 2024-03-03 00:00:00+00:00, run_after=2024-03-04 00:00:00+00:00
[2024-03-04T16:15:27.853+0000] {processor.py:183} INFO - Processing /home/airflow/.local/lib/python3.11/site-packages/airflow/example_dags/tutorial.py took 0.032 seconds
[2024-03-04T16:15:58.634+0000] {processor.py:161} INFO - Started process (PID=2636) to work on /home/airflow/.local/lib/python3.11/site-packages/airflow/example_dags/tutorial.py
[2024-03-04T16:15:58.634+0000] {processor.py:830} INFO - Processing file /home/airflow/.local/lib/python3.11/site-packages/airflow/example_dags/tutorial.py for tasks to queue
[2024-03-04T16:15:58.635+0000] {logging_mixin.py:188} INFO - [2024-03-04T16:15:58.635+0000] {dagbag.py:540} INFO - Filling up the DagBag from /home/airflow/.local/lib/python3.11/site-packages/airflow/example_dags/tutorial.py
[2024-03-04T16:15:58.638+0000] {processor.py:840} INFO - DAG(s) 'tutorial' retrieved from /home/airflow/.local/lib/python3.11/site-packages/airflow/example_dags/tutorial.py
[2024-03-04T16:15:58.650+0000] {logging_mixin.py:188} INFO - [2024-03-04T16:15:58.650+0000] {dag.py:3047} INFO - Sync 1 DAGs
[2024-03-04T16:15:58.660+0000] {logging_mixin.py:188} INFO - [2024-03-04T16:15:58.660+0000] {dag.py:3834} INFO - Setting next_dagrun for tutorial to 2024-03-03 00:00:00+00:00, run_after=2024-03-04 00:00:00+00:00
[2024-03-04T16:15:58.672+0000] {processor.py:183} INFO - Processing /home/airflow/.local/lib/python3.11/site-packages/airflow/example_dags/tutorial.py took 0.040 seconds
[2024-03-04T16:16:29.653+0000] {processor.py:161} INFO - Started process (PID=2691) to work on /home/airflow/.local/lib/python3.11/site-packages/airflow/example_dags/tutorial.py
[2024-03-04T16:16:29.655+0000] {processor.py:830} INFO - Processing file /home/airflow/.local/lib/python3.11/site-packages/airflow/example_dags/tutorial.py for tasks to queue
[2024-03-04T16:16:29.661+0000] {logging_mixin.py:188} INFO - [2024-03-04T16:16:29.661+0000] {dagbag.py:540} INFO - Filling up the DagBag from /home/airflow/.local/lib/python3.11/site-packages/airflow/example_dags/tutorial.py
[2024-03-04T16:16:29.675+0000] {processor.py:840} INFO - DAG(s) 'tutorial' retrieved from /home/airflow/.local/lib/python3.11/site-packages/airflow/example_dags/tutorial.py
[2024-03-04T16:16:29.693+0000] {logging_mixin.py:188} INFO - [2024-03-04T16:16:29.692+0000] {dag.py:3047} INFO - Sync 1 DAGs
[2024-03-04T16:16:29.712+0000] {logging_mixin.py:188} INFO - [2024-03-04T16:16:29.712+0000] {dag.py:3834} INFO - Setting next_dagrun for tutorial to 2024-03-03 00:00:00+00:00, run_after=2024-03-04 00:00:00+00:00
[2024-03-04T16:16:29.744+0000] {processor.py:183} INFO - Processing /home/airflow/.local/lib/python3.11/site-packages/airflow/example_dags/tutorial.py took 0.096 seconds
[2024-03-04T16:16:59.977+0000] {processor.py:161} INFO - Started process (PID=2746) to work on /home/airflow/.local/lib/python3.11/site-packages/airflow/example_dags/tutorial.py
[2024-03-04T16:16:59.978+0000] {processor.py:830} INFO - Processing file /home/airflow/.local/lib/python3.11/site-packages/airflow/example_dags/tutorial.py for tasks to queue
[2024-03-04T16:16:59.979+0000] {logging_mixin.py:188} INFO - [2024-03-04T16:16:59.979+0000] {dagbag.py:540} INFO - Filling up the DagBag from /home/airflow/.local/lib/python3.11/site-packages/airflow/example_dags/tutorial.py
[2024-03-04T16:16:59.982+0000] {processor.py:840} INFO - DAG(s) 'tutorial' retrieved from /home/airflow/.local/lib/python3.11/site-packages/airflow/example_dags/tutorial.py
[2024-03-04T16:16:59.991+0000] {logging_mixin.py:188} INFO - [2024-03-04T16:16:59.991+0000] {dag.py:3047} INFO - Sync 1 DAGs
[2024-03-04T16:17:00.000+0000] {logging_mixin.py:188} INFO - [2024-03-04T16:17:00.000+0000] {dag.py:3834} INFO - Setting next_dagrun for tutorial to 2024-03-03 00:00:00+00:00, run_after=2024-03-04 00:00:00+00:00
[2024-03-04T16:17:00.008+0000] {processor.py:183} INFO - Processing /home/airflow/.local/lib/python3.11/site-packages/airflow/example_dags/tutorial.py took 0.033 seconds
[2024-03-04T16:17:30.827+0000] {processor.py:161} INFO - Started process (PID=2801) to work on /home/airflow/.local/lib/python3.11/site-packages/airflow/example_dags/tutorial.py
[2024-03-04T16:17:30.828+0000] {processor.py:830} INFO - Processing file /home/airflow/.local/lib/python3.11/site-packages/airflow/example_dags/tutorial.py for tasks to queue
[2024-03-04T16:17:30.829+0000] {logging_mixin.py:188} INFO - [2024-03-04T16:17:30.828+0000] {dagbag.py:540} INFO - Filling up the DagBag from /home/airflow/.local/lib/python3.11/site-packages/airflow/example_dags/tutorial.py
[2024-03-04T16:17:30.832+0000] {processor.py:840} INFO - DAG(s) 'tutorial' retrieved from /home/airflow/.local/lib/python3.11/site-packages/airflow/example_dags/tutorial.py
[2024-03-04T16:17:30.841+0000] {logging_mixin.py:188} INFO - [2024-03-04T16:17:30.841+0000] {dag.py:3047} INFO - Sync 1 DAGs
[2024-03-04T16:17:30.850+0000] {logging_mixin.py:188} INFO - [2024-03-04T16:17:30.850+0000] {dag.py:3834} INFO - Setting next_dagrun for tutorial to 2024-03-03 00:00:00+00:00, run_after=2024-03-04 00:00:00+00:00
[2024-03-04T16:17:30.857+0000] {processor.py:183} INFO - Processing /home/airflow/.local/lib/python3.11/site-packages/airflow/example_dags/tutorial.py took 0.032 seconds
[2024-03-04T16:18:01.111+0000] {processor.py:161} INFO - Started process (PID=2856) to work on /home/airflow/.local/lib/python3.11/site-packages/airflow/example_dags/tutorial.py
[2024-03-04T16:18:01.111+0000] {processor.py:830} INFO - Processing file /home/airflow/.local/lib/python3.11/site-packages/airflow/example_dags/tutorial.py for tasks to queue
[2024-03-04T16:18:01.112+0000] {logging_mixin.py:188} INFO - [2024-03-04T16:18:01.112+0000] {dagbag.py:540} INFO - Filling up the DagBag from /home/airflow/.local/lib/python3.11/site-packages/airflow/example_dags/tutorial.py
[2024-03-04T16:18:01.116+0000] {processor.py:840} INFO - DAG(s) 'tutorial' retrieved from /home/airflow/.local/lib/python3.11/site-packages/airflow/example_dags/tutorial.py
[2024-03-04T16:18:01.126+0000] {logging_mixin.py:188} INFO - [2024-03-04T16:18:01.125+0000] {dag.py:3047} INFO - Sync 1 DAGs
[2024-03-04T16:18:01.134+0000] {logging_mixin.py:188} INFO - [2024-03-04T16:18:01.134+0000] {dag.py:3834} INFO - Setting next_dagrun for tutorial to 2024-03-03 00:00:00+00:00, run_after=2024-03-04 00:00:00+00:00
[2024-03-04T16:18:01.142+0000] {processor.py:183} INFO - Processing /home/airflow/.local/lib/python3.11/site-packages/airflow/example_dags/tutorial.py took 0.033 seconds
[2024-03-04T16:18:31.549+0000] {processor.py:161} INFO - Started process (PID=2911) to work on /home/airflow/.local/lib/python3.11/site-packages/airflow/example_dags/tutorial.py
[2024-03-04T16:18:31.550+0000] {processor.py:830} INFO - Processing file /home/airflow/.local/lib/python3.11/site-packages/airflow/example_dags/tutorial.py for tasks to queue
[2024-03-04T16:18:31.551+0000] {logging_mixin.py:188} INFO - [2024-03-04T16:18:31.551+0000] {dagbag.py:540} INFO - Filling up the DagBag from /home/airflow/.local/lib/python3.11/site-packages/airflow/example_dags/tutorial.py
[2024-03-04T16:18:31.554+0000] {processor.py:840} INFO - DAG(s) 'tutorial' retrieved from /home/airflow/.local/lib/python3.11/site-packages/airflow/example_dags/tutorial.py
[2024-03-04T16:18:31.564+0000] {logging_mixin.py:188} INFO - [2024-03-04T16:18:31.563+0000] {dag.py:3047} INFO - Sync 1 DAGs
[2024-03-04T16:18:31.573+0000] {logging_mixin.py:188} INFO - [2024-03-04T16:18:31.572+0000] {dag.py:3834} INFO - Setting next_dagrun for tutorial to 2024-03-03 00:00:00+00:00, run_after=2024-03-04 00:00:00+00:00
[2024-03-04T16:18:31.580+0000] {processor.py:183} INFO - Processing /home/airflow/.local/lib/python3.11/site-packages/airflow/example_dags/tutorial.py took 0.032 seconds
[2024-03-04T16:19:01.689+0000] {processor.py:161} INFO - Started process (PID=2966) to work on /home/airflow/.local/lib/python3.11/site-packages/airflow/example_dags/tutorial.py
[2024-03-04T16:19:01.690+0000] {processor.py:830} INFO - Processing file /home/airflow/.local/lib/python3.11/site-packages/airflow/example_dags/tutorial.py for tasks to queue
[2024-03-04T16:19:01.691+0000] {logging_mixin.py:188} INFO - [2024-03-04T16:19:01.691+0000] {dagbag.py:540} INFO - Filling up the DagBag from /home/airflow/.local/lib/python3.11/site-packages/airflow/example_dags/tutorial.py
[2024-03-04T16:19:01.695+0000] {processor.py:840} INFO - DAG(s) 'tutorial' retrieved from /home/airflow/.local/lib/python3.11/site-packages/airflow/example_dags/tutorial.py
[2024-03-04T16:19:01.705+0000] {logging_mixin.py:188} INFO - [2024-03-04T16:19:01.705+0000] {dag.py:3047} INFO - Sync 1 DAGs
[2024-03-04T16:19:01.714+0000] {logging_mixin.py:188} INFO - [2024-03-04T16:19:01.714+0000] {dag.py:3834} INFO - Setting next_dagrun for tutorial to 2024-03-03 00:00:00+00:00, run_after=2024-03-04 00:00:00+00:00
[2024-03-04T16:19:01.721+0000] {processor.py:183} INFO - Processing /home/airflow/.local/lib/python3.11/site-packages/airflow/example_dags/tutorial.py took 0.034 seconds
[2024-03-04T16:19:31.898+0000] {processor.py:161} INFO - Started process (PID=3021) to work on /home/airflow/.local/lib/python3.11/site-packages/airflow/example_dags/tutorial.py
[2024-03-04T16:19:31.899+0000] {processor.py:830} INFO - Processing file /home/airflow/.local/lib/python3.11/site-packages/airflow/example_dags/tutorial.py for tasks to queue
[2024-03-04T16:19:31.900+0000] {logging_mixin.py:188} INFO - [2024-03-04T16:19:31.900+0000] {dagbag.py:540} INFO - Filling up the DagBag from /home/airflow/.local/lib/python3.11/site-packages/airflow/example_dags/tutorial.py
[2024-03-04T16:19:31.903+0000] {processor.py:840} INFO - DAG(s) 'tutorial' retrieved from /home/airflow/.local/lib/python3.11/site-packages/airflow/example_dags/tutorial.py
[2024-03-04T16:19:31.911+0000] {logging_mixin.py:188} INFO - [2024-03-04T16:19:31.911+0000] {dag.py:3047} INFO - Sync 1 DAGs
[2024-03-04T16:19:31.919+0000] {logging_mixin.py:188} INFO - [2024-03-04T16:19:31.919+0000] {dag.py:3834} INFO - Setting next_dagrun for tutorial to 2024-03-03 00:00:00+00:00, run_after=2024-03-04 00:00:00+00:00
[2024-03-04T16:19:31.925+0000] {processor.py:183} INFO - Processing /home/airflow/.local/lib/python3.11/site-packages/airflow/example_dags/tutorial.py took 0.029 seconds
[2024-03-04T16:20:03.055+0000] {processor.py:161} INFO - Started process (PID=3076) to work on /home/airflow/.local/lib/python3.11/site-packages/airflow/example_dags/tutorial.py
[2024-03-04T16:20:03.056+0000] {processor.py:830} INFO - Processing file /home/airflow/.local/lib/python3.11/site-packages/airflow/example_dags/tutorial.py for tasks to queue
[2024-03-04T16:20:03.058+0000] {logging_mixin.py:188} INFO - [2024-03-04T16:20:03.058+0000] {dagbag.py:540} INFO - Filling up the DagBag from /home/airflow/.local/lib/python3.11/site-packages/airflow/example_dags/tutorial.py
[2024-03-04T16:20:03.069+0000] {processor.py:840} INFO - DAG(s) 'tutorial' retrieved from /home/airflow/.local/lib/python3.11/site-packages/airflow/example_dags/tutorial.py
[2024-03-04T16:20:03.083+0000] {logging_mixin.py:188} INFO - [2024-03-04T16:20:03.083+0000] {dag.py:3047} INFO - Sync 1 DAGs
[2024-03-04T16:20:03.094+0000] {logging_mixin.py:188} INFO - [2024-03-04T16:20:03.094+0000] {dag.py:3834} INFO - Setting next_dagrun for tutorial to 2024-03-03 00:00:00+00:00, run_after=2024-03-04 00:00:00+00:00
[2024-03-04T16:20:03.104+0000] {processor.py:183} INFO - Processing /home/airflow/.local/lib/python3.11/site-packages/airflow/example_dags/tutorial.py took 0.050 seconds
[2024-03-04T16:20:33.792+0000] {processor.py:161} INFO - Started process (PID=3131) to work on /home/airflow/.local/lib/python3.11/site-packages/airflow/example_dags/tutorial.py
[2024-03-04T16:20:33.793+0000] {processor.py:830} INFO - Processing file /home/airflow/.local/lib/python3.11/site-packages/airflow/example_dags/tutorial.py for tasks to queue
[2024-03-04T16:20:33.794+0000] {logging_mixin.py:188} INFO - [2024-03-04T16:20:33.794+0000] {dagbag.py:540} INFO - Filling up the DagBag from /home/airflow/.local/lib/python3.11/site-packages/airflow/example_dags/tutorial.py
[2024-03-04T16:20:33.797+0000] {processor.py:840} INFO - DAG(s) 'tutorial' retrieved from /home/airflow/.local/lib/python3.11/site-packages/airflow/example_dags/tutorial.py
[2024-03-04T16:20:33.806+0000] {logging_mixin.py:188} INFO - [2024-03-04T16:20:33.806+0000] {dag.py:3047} INFO - Sync 1 DAGs
[2024-03-04T16:20:33.815+0000] {logging_mixin.py:188} INFO - [2024-03-04T16:20:33.815+0000] {dag.py:3834} INFO - Setting next_dagrun for tutorial to 2024-03-03 00:00:00+00:00, run_after=2024-03-04 00:00:00+00:00
[2024-03-04T16:20:33.823+0000] {processor.py:183} INFO - Processing /home/airflow/.local/lib/python3.11/site-packages/airflow/example_dags/tutorial.py took 0.033 seconds
[2024-03-04T16:21:04.024+0000] {processor.py:161} INFO - Started process (PID=3186) to work on /home/airflow/.local/lib/python3.11/site-packages/airflow/example_dags/tutorial.py
[2024-03-04T16:21:04.024+0000] {processor.py:830} INFO - Processing file /home/airflow/.local/lib/python3.11/site-packages/airflow/example_dags/tutorial.py for tasks to queue
[2024-03-04T16:21:04.026+0000] {logging_mixin.py:188} INFO - [2024-03-04T16:21:04.026+0000] {dagbag.py:540} INFO - Filling up the DagBag from /home/airflow/.local/lib/python3.11/site-packages/airflow/example_dags/tutorial.py
[2024-03-04T16:21:04.029+0000] {processor.py:840} INFO - DAG(s) 'tutorial' retrieved from /home/airflow/.local/lib/python3.11/site-packages/airflow/example_dags/tutorial.py
[2024-03-04T16:21:04.039+0000] {logging_mixin.py:188} INFO - [2024-03-04T16:21:04.039+0000] {dag.py:3047} INFO - Sync 1 DAGs
[2024-03-04T16:21:04.048+0000] {logging_mixin.py:188} INFO - [2024-03-04T16:21:04.047+0000] {dag.py:3834} INFO - Setting next_dagrun for tutorial to 2024-03-03 00:00:00+00:00, run_after=2024-03-04 00:00:00+00:00
[2024-03-04T16:21:04.054+0000] {processor.py:183} INFO - Processing /home/airflow/.local/lib/python3.11/site-packages/airflow/example_dags/tutorial.py took 0.032 seconds
[2024-03-04T16:21:34.258+0000] {processor.py:161} INFO - Started process (PID=3241) to work on /home/airflow/.local/lib/python3.11/site-packages/airflow/example_dags/tutorial.py
[2024-03-04T16:21:34.258+0000] {processor.py:830} INFO - Processing file /home/airflow/.local/lib/python3.11/site-packages/airflow/example_dags/tutorial.py for tasks to queue
[2024-03-04T16:21:34.260+0000] {logging_mixin.py:188} INFO - [2024-03-04T16:21:34.260+0000] {dagbag.py:540} INFO - Filling up the DagBag from /home/airflow/.local/lib/python3.11/site-packages/airflow/example_dags/tutorial.py
[2024-03-04T16:21:34.263+0000] {processor.py:840} INFO - DAG(s) 'tutorial' retrieved from /home/airflow/.local/lib/python3.11/site-packages/airflow/example_dags/tutorial.py
[2024-03-04T16:21:34.277+0000] {logging_mixin.py:188} INFO - [2024-03-04T16:21:34.277+0000] {dag.py:3047} INFO - Sync 1 DAGs
[2024-03-04T16:21:34.286+0000] {logging_mixin.py:188} INFO - [2024-03-04T16:21:34.286+0000] {dag.py:3834} INFO - Setting next_dagrun for tutorial to 2024-03-03 00:00:00+00:00, run_after=2024-03-04 00:00:00+00:00
[2024-03-04T16:21:34.293+0000] {processor.py:183} INFO - Processing /home/airflow/.local/lib/python3.11/site-packages/airflow/example_dags/tutorial.py took 0.037 seconds
[2024-03-04T16:22:04.546+0000] {processor.py:161} INFO - Started process (PID=3296) to work on /home/airflow/.local/lib/python3.11/site-packages/airflow/example_dags/tutorial.py
[2024-03-04T16:22:04.546+0000] {processor.py:830} INFO - Processing file /home/airflow/.local/lib/python3.11/site-packages/airflow/example_dags/tutorial.py for tasks to queue
[2024-03-04T16:22:04.548+0000] {logging_mixin.py:188} INFO - [2024-03-04T16:22:04.548+0000] {dagbag.py:540} INFO - Filling up the DagBag from /home/airflow/.local/lib/python3.11/site-packages/airflow/example_dags/tutorial.py
[2024-03-04T16:22:04.552+0000] {processor.py:840} INFO - DAG(s) 'tutorial' retrieved from /home/airflow/.local/lib/python3.11/site-packages/airflow/example_dags/tutorial.py
[2024-03-04T16:22:04.561+0000] {logging_mixin.py:188} INFO - [2024-03-04T16:22:04.561+0000] {dag.py:3047} INFO - Sync 1 DAGs
[2024-03-04T16:22:04.569+0000] {logging_mixin.py:188} INFO - [2024-03-04T16:22:04.569+0000] {dag.py:3834} INFO - Setting next_dagrun for tutorial to 2024-03-03 00:00:00+00:00, run_after=2024-03-04 00:00:00+00:00
[2024-03-04T16:22:04.576+0000] {processor.py:183} INFO - Processing /home/airflow/.local/lib/python3.11/site-packages/airflow/example_dags/tutorial.py took 0.032 seconds
[2024-03-04T16:22:34.832+0000] {processor.py:161} INFO - Started process (PID=3351) to work on /home/airflow/.local/lib/python3.11/site-packages/airflow/example_dags/tutorial.py
[2024-03-04T16:22:34.833+0000] {processor.py:830} INFO - Processing file /home/airflow/.local/lib/python3.11/site-packages/airflow/example_dags/tutorial.py for tasks to queue
[2024-03-04T16:22:34.834+0000] {logging_mixin.py:188} INFO - [2024-03-04T16:22:34.834+0000] {dagbag.py:540} INFO - Filling up the DagBag from /home/airflow/.local/lib/python3.11/site-packages/airflow/example_dags/tutorial.py
[2024-03-04T16:22:34.837+0000] {processor.py:840} INFO - DAG(s) 'tutorial' retrieved from /home/airflow/.local/lib/python3.11/site-packages/airflow/example_dags/tutorial.py
[2024-03-04T16:22:34.846+0000] {logging_mixin.py:188} INFO - [2024-03-04T16:22:34.846+0000] {dag.py:3047} INFO - Sync 1 DAGs
[2024-03-04T16:22:34.855+0000] {logging_mixin.py:188} INFO - [2024-03-04T16:22:34.855+0000] {dag.py:3834} INFO - Setting next_dagrun for tutorial to 2024-03-03 00:00:00+00:00, run_after=2024-03-04 00:00:00+00:00
[2024-03-04T16:22:34.863+0000] {processor.py:183} INFO - Processing /home/airflow/.local/lib/python3.11/site-packages/airflow/example_dags/tutorial.py took 0.032 seconds
[2024-03-04T16:23:05.074+0000] {processor.py:161} INFO - Started process (PID=3406) to work on /home/airflow/.local/lib/python3.11/site-packages/airflow/example_dags/tutorial.py
[2024-03-04T16:23:05.074+0000] {processor.py:830} INFO - Processing file /home/airflow/.local/lib/python3.11/site-packages/airflow/example_dags/tutorial.py for tasks to queue
[2024-03-04T16:23:05.075+0000] {logging_mixin.py:188} INFO - [2024-03-04T16:23:05.075+0000] {dagbag.py:540} INFO - Filling up the DagBag from /home/airflow/.local/lib/python3.11/site-packages/airflow/example_dags/tutorial.py
[2024-03-04T16:23:05.078+0000] {processor.py:840} INFO - DAG(s) 'tutorial' retrieved from /home/airflow/.local/lib/python3.11/site-packages/airflow/example_dags/tutorial.py
[2024-03-04T16:23:05.086+0000] {logging_mixin.py:188} INFO - [2024-03-04T16:23:05.086+0000] {dag.py:3047} INFO - Sync 1 DAGs
[2024-03-04T16:23:05.094+0000] {logging_mixin.py:188} INFO - [2024-03-04T16:23:05.094+0000] {dag.py:3834} INFO - Setting next_dagrun for tutorial to 2024-03-03 00:00:00+00:00, run_after=2024-03-04 00:00:00+00:00
[2024-03-04T16:23:05.100+0000] {processor.py:183} INFO - Processing /home/airflow/.local/lib/python3.11/site-packages/airflow/example_dags/tutorial.py took 0.028 seconds
[2024-03-04T16:23:35.242+0000] {processor.py:161} INFO - Started process (PID=3460) to work on /home/airflow/.local/lib/python3.11/site-packages/airflow/example_dags/tutorial.py
[2024-03-04T16:23:35.243+0000] {processor.py:830} INFO - Processing file /home/airflow/.local/lib/python3.11/site-packages/airflow/example_dags/tutorial.py for tasks to queue
[2024-03-04T16:23:35.244+0000] {logging_mixin.py:188} INFO - [2024-03-04T16:23:35.244+0000] {dagbag.py:540} INFO - Filling up the DagBag from /home/airflow/.local/lib/python3.11/site-packages/airflow/example_dags/tutorial.py
[2024-03-04T16:23:35.247+0000] {processor.py:840} INFO - DAG(s) 'tutorial' retrieved from /home/airflow/.local/lib/python3.11/site-packages/airflow/example_dags/tutorial.py
[2024-03-04T16:23:35.256+0000] {logging_mixin.py:188} INFO - [2024-03-04T16:23:35.256+0000] {dag.py:3047} INFO - Sync 1 DAGs
[2024-03-04T16:23:35.266+0000] {logging_mixin.py:188} INFO - [2024-03-04T16:23:35.266+0000] {dag.py:3834} INFO - Setting next_dagrun for tutorial to 2024-03-03 00:00:00+00:00, run_after=2024-03-04 00:00:00+00:00
[2024-03-04T16:23:35.273+0000] {processor.py:183} INFO - Processing /home/airflow/.local/lib/python3.11/site-packages/airflow/example_dags/tutorial.py took 0.033 seconds
[2024-03-04T16:24:05.891+0000] {processor.py:161} INFO - Started process (PID=3515) to work on /home/airflow/.local/lib/python3.11/site-packages/airflow/example_dags/tutorial.py
[2024-03-04T16:24:05.892+0000] {processor.py:830} INFO - Processing file /home/airflow/.local/lib/python3.11/site-packages/airflow/example_dags/tutorial.py for tasks to queue
[2024-03-04T16:24:05.895+0000] {logging_mixin.py:188} INFO - [2024-03-04T16:24:05.895+0000] {dagbag.py:540} INFO - Filling up the DagBag from /home/airflow/.local/lib/python3.11/site-packages/airflow/example_dags/tutorial.py
[2024-03-04T16:24:05.899+0000] {processor.py:840} INFO - DAG(s) 'tutorial' retrieved from /home/airflow/.local/lib/python3.11/site-packages/airflow/example_dags/tutorial.py
[2024-03-04T16:24:05.914+0000] {logging_mixin.py:188} INFO - [2024-03-04T16:24:05.914+0000] {dag.py:3047} INFO - Sync 1 DAGs
[2024-03-04T16:24:05.950+0000] {logging_mixin.py:188} INFO - [2024-03-04T16:24:05.950+0000] {dag.py:3834} INFO - Setting next_dagrun for tutorial to 2024-03-03 00:00:00+00:00, run_after=2024-03-04 00:00:00+00:00
[2024-03-04T16:24:05.969+0000] {processor.py:183} INFO - Processing /home/airflow/.local/lib/python3.11/site-packages/airflow/example_dags/tutorial.py took 0.081 seconds
[2024-03-04T16:24:36.953+0000] {processor.py:161} INFO - Started process (PID=3570) to work on /home/airflow/.local/lib/python3.11/site-packages/airflow/example_dags/tutorial.py
[2024-03-04T16:24:36.955+0000] {processor.py:830} INFO - Processing file /home/airflow/.local/lib/python3.11/site-packages/airflow/example_dags/tutorial.py for tasks to queue
[2024-03-04T16:24:36.957+0000] {logging_mixin.py:188} INFO - [2024-03-04T16:24:36.957+0000] {dagbag.py:540} INFO - Filling up the DagBag from /home/airflow/.local/lib/python3.11/site-packages/airflow/example_dags/tutorial.py
[2024-03-04T16:24:36.976+0000] {processor.py:840} INFO - DAG(s) 'tutorial' retrieved from /home/airflow/.local/lib/python3.11/site-packages/airflow/example_dags/tutorial.py
[2024-03-04T16:24:37.007+0000] {logging_mixin.py:188} INFO - [2024-03-04T16:24:37.006+0000] {dag.py:3047} INFO - Sync 1 DAGs
[2024-03-04T16:24:37.048+0000] {logging_mixin.py:188} INFO - [2024-03-04T16:24:37.048+0000] {dag.py:3834} INFO - Setting next_dagrun for tutorial to 2024-03-03 00:00:00+00:00, run_after=2024-03-04 00:00:00+00:00
[2024-03-04T16:24:37.071+0000] {processor.py:183} INFO - Processing /home/airflow/.local/lib/python3.11/site-packages/airflow/example_dags/tutorial.py took 0.124 seconds
[2024-03-04T16:25:07.335+0000] {processor.py:161} INFO - Started process (PID=3625) to work on /home/airflow/.local/lib/python3.11/site-packages/airflow/example_dags/tutorial.py
[2024-03-04T16:25:07.336+0000] {processor.py:830} INFO - Processing file /home/airflow/.local/lib/python3.11/site-packages/airflow/example_dags/tutorial.py for tasks to queue
[2024-03-04T16:25:07.339+0000] {logging_mixin.py:188} INFO - [2024-03-04T16:25:07.338+0000] {dagbag.py:540} INFO - Filling up the DagBag from /home/airflow/.local/lib/python3.11/site-packages/airflow/example_dags/tutorial.py
[2024-03-04T16:25:07.343+0000] {processor.py:840} INFO - DAG(s) 'tutorial' retrieved from /home/airflow/.local/lib/python3.11/site-packages/airflow/example_dags/tutorial.py
[2024-03-04T16:25:07.356+0000] {logging_mixin.py:188} INFO - [2024-03-04T16:25:07.356+0000] {dag.py:3047} INFO - Sync 1 DAGs
[2024-03-04T16:25:07.370+0000] {logging_mixin.py:188} INFO - [2024-03-04T16:25:07.370+0000] {dag.py:3834} INFO - Setting next_dagrun for tutorial to 2024-03-03 00:00:00+00:00, run_after=2024-03-04 00:00:00+00:00
[2024-03-04T16:25:07.383+0000] {processor.py:183} INFO - Processing /home/airflow/.local/lib/python3.11/site-packages/airflow/example_dags/tutorial.py took 0.053 seconds
[2024-03-04T16:25:37.896+0000] {processor.py:161} INFO - Started process (PID=3680) to work on /home/airflow/.local/lib/python3.11/site-packages/airflow/example_dags/tutorial.py
[2024-03-04T16:25:37.899+0000] {processor.py:830} INFO - Processing file /home/airflow/.local/lib/python3.11/site-packages/airflow/example_dags/tutorial.py for tasks to queue
[2024-03-04T16:25:37.905+0000] {logging_mixin.py:188} INFO - [2024-03-04T16:25:37.905+0000] {dagbag.py:540} INFO - Filling up the DagBag from /home/airflow/.local/lib/python3.11/site-packages/airflow/example_dags/tutorial.py
[2024-03-04T16:25:37.933+0000] {processor.py:840} INFO - DAG(s) 'tutorial' retrieved from /home/airflow/.local/lib/python3.11/site-packages/airflow/example_dags/tutorial.py
[2024-03-04T16:25:37.979+0000] {logging_mixin.py:188} INFO - [2024-03-04T16:25:37.979+0000] {dag.py:3047} INFO - Sync 1 DAGs
[2024-03-04T16:25:37.995+0000] {logging_mixin.py:188} INFO - [2024-03-04T16:25:37.995+0000] {dag.py:3834} INFO - Setting next_dagrun for tutorial to 2024-03-03 00:00:00+00:00, run_after=2024-03-04 00:00:00+00:00
[2024-03-04T16:25:38.006+0000] {processor.py:183} INFO - Processing /home/airflow/.local/lib/python3.11/site-packages/airflow/example_dags/tutorial.py took 0.119 seconds
[2024-03-04T16:26:08.636+0000] {processor.py:161} INFO - Started process (PID=3735) to work on /home/airflow/.local/lib/python3.11/site-packages/airflow/example_dags/tutorial.py
[2024-03-04T16:26:08.638+0000] {processor.py:830} INFO - Processing file /home/airflow/.local/lib/python3.11/site-packages/airflow/example_dags/tutorial.py for tasks to queue
[2024-03-04T16:26:08.643+0000] {logging_mixin.py:188} INFO - [2024-03-04T16:26:08.642+0000] {dagbag.py:540} INFO - Filling up the DagBag from /home/airflow/.local/lib/python3.11/site-packages/airflow/example_dags/tutorial.py
[2024-03-04T16:26:08.659+0000] {processor.py:840} INFO - DAG(s) 'tutorial' retrieved from /home/airflow/.local/lib/python3.11/site-packages/airflow/example_dags/tutorial.py
[2024-03-04T16:26:08.707+0000] {logging_mixin.py:188} INFO - [2024-03-04T16:26:08.707+0000] {dag.py:3047} INFO - Sync 1 DAGs
[2024-03-04T16:26:08.734+0000] {logging_mixin.py:188} INFO - [2024-03-04T16:26:08.733+0000] {dag.py:3834} INFO - Setting next_dagrun for tutorial to 2024-03-03 00:00:00+00:00, run_after=2024-03-04 00:00:00+00:00
[2024-03-04T16:26:08.748+0000] {processor.py:183} INFO - Processing /home/airflow/.local/lib/python3.11/site-packages/airflow/example_dags/tutorial.py took 0.135 seconds
[2024-03-04T16:26:39.583+0000] {processor.py:161} INFO - Started process (PID=3790) to work on /home/airflow/.local/lib/python3.11/site-packages/airflow/example_dags/tutorial.py
[2024-03-04T16:26:39.587+0000] {processor.py:830} INFO - Processing file /home/airflow/.local/lib/python3.11/site-packages/airflow/example_dags/tutorial.py for tasks to queue
[2024-03-04T16:26:39.590+0000] {logging_mixin.py:188} INFO - [2024-03-04T16:26:39.590+0000] {dagbag.py:540} INFO - Filling up the DagBag from /home/airflow/.local/lib/python3.11/site-packages/airflow/example_dags/tutorial.py
[2024-03-04T16:26:39.596+0000] {processor.py:840} INFO - DAG(s) 'tutorial' retrieved from /home/airflow/.local/lib/python3.11/site-packages/airflow/example_dags/tutorial.py
[2024-03-04T16:26:39.610+0000] {logging_mixin.py:188} INFO - [2024-03-04T16:26:39.610+0000] {dag.py:3047} INFO - Sync 1 DAGs
[2024-03-04T16:26:39.622+0000] {logging_mixin.py:188} INFO - [2024-03-04T16:26:39.622+0000] {dag.py:3834} INFO - Setting next_dagrun for tutorial to 2024-03-03 00:00:00+00:00, run_after=2024-03-04 00:00:00+00:00
[2024-03-04T16:26:39.630+0000] {processor.py:183} INFO - Processing /home/airflow/.local/lib/python3.11/site-packages/airflow/example_dags/tutorial.py took 0.050 seconds
[2024-03-04T16:27:10.489+0000] {processor.py:161} INFO - Started process (PID=3845) to work on /home/airflow/.local/lib/python3.11/site-packages/airflow/example_dags/tutorial.py
[2024-03-04T16:27:10.491+0000] {processor.py:830} INFO - Processing file /home/airflow/.local/lib/python3.11/site-packages/airflow/example_dags/tutorial.py for tasks to queue
[2024-03-04T16:27:10.493+0000] {logging_mixin.py:188} INFO - [2024-03-04T16:27:10.493+0000] {dagbag.py:540} INFO - Filling up the DagBag from /home/airflow/.local/lib/python3.11/site-packages/airflow/example_dags/tutorial.py
[2024-03-04T16:27:10.499+0000] {processor.py:840} INFO - DAG(s) 'tutorial' retrieved from /home/airflow/.local/lib/python3.11/site-packages/airflow/example_dags/tutorial.py
[2024-03-04T16:27:10.514+0000] {logging_mixin.py:188} INFO - [2024-03-04T16:27:10.514+0000] {dag.py:3047} INFO - Sync 1 DAGs
[2024-03-04T16:27:10.526+0000] {logging_mixin.py:188} INFO - [2024-03-04T16:27:10.526+0000] {dag.py:3834} INFO - Setting next_dagrun for tutorial to 2024-03-03 00:00:00+00:00, run_after=2024-03-04 00:00:00+00:00
[2024-03-04T16:27:10.534+0000] {processor.py:183} INFO - Processing /home/airflow/.local/lib/python3.11/site-packages/airflow/example_dags/tutorial.py took 0.049 seconds
[2024-03-04T16:27:40.731+0000] {processor.py:161} INFO - Started process (PID=3900) to work on /home/airflow/.local/lib/python3.11/site-packages/airflow/example_dags/tutorial.py
[2024-03-04T16:27:40.733+0000] {processor.py:830} INFO - Processing file /home/airflow/.local/lib/python3.11/site-packages/airflow/example_dags/tutorial.py for tasks to queue
[2024-03-04T16:27:40.737+0000] {logging_mixin.py:188} INFO - [2024-03-04T16:27:40.737+0000] {dagbag.py:540} INFO - Filling up the DagBag from /home/airflow/.local/lib/python3.11/site-packages/airflow/example_dags/tutorial.py
[2024-03-04T16:27:40.743+0000] {processor.py:840} INFO - DAG(s) 'tutorial' retrieved from /home/airflow/.local/lib/python3.11/site-packages/airflow/example_dags/tutorial.py
[2024-03-04T16:27:40.758+0000] {logging_mixin.py:188} INFO - [2024-03-04T16:27:40.758+0000] {dag.py:3047} INFO - Sync 1 DAGs
[2024-03-04T16:27:40.770+0000] {logging_mixin.py:188} INFO - [2024-03-04T16:27:40.770+0000] {dag.py:3834} INFO - Setting next_dagrun for tutorial to 2024-03-03 00:00:00+00:00, run_after=2024-03-04 00:00:00+00:00
[2024-03-04T16:27:40.778+0000] {processor.py:183} INFO - Processing /home/airflow/.local/lib/python3.11/site-packages/airflow/example_dags/tutorial.py took 0.052 seconds
[2024-03-04T16:28:10.997+0000] {processor.py:161} INFO - Started process (PID=3955) to work on /home/airflow/.local/lib/python3.11/site-packages/airflow/example_dags/tutorial.py
[2024-03-04T16:28:10.998+0000] {processor.py:830} INFO - Processing file /home/airflow/.local/lib/python3.11/site-packages/airflow/example_dags/tutorial.py for tasks to queue
[2024-03-04T16:28:11.003+0000] {logging_mixin.py:188} INFO - [2024-03-04T16:28:11.003+0000] {dagbag.py:540} INFO - Filling up the DagBag from /home/airflow/.local/lib/python3.11/site-packages/airflow/example_dags/tutorial.py
[2024-03-04T16:28:11.009+0000] {processor.py:840} INFO - DAG(s) 'tutorial' retrieved from /home/airflow/.local/lib/python3.11/site-packages/airflow/example_dags/tutorial.py
[2024-03-04T16:28:11.024+0000] {logging_mixin.py:188} INFO - [2024-03-04T16:28:11.024+0000] {dag.py:3047} INFO - Sync 1 DAGs
[2024-03-04T16:28:11.036+0000] {logging_mixin.py:188} INFO - [2024-03-04T16:28:11.036+0000] {dag.py:3834} INFO - Setting next_dagrun for tutorial to 2024-03-03 00:00:00+00:00, run_after=2024-03-04 00:00:00+00:00
[2024-03-04T16:28:11.045+0000] {processor.py:183} INFO - Processing /home/airflow/.local/lib/python3.11/site-packages/airflow/example_dags/tutorial.py took 0.052 seconds
