[2024-03-04T15:51:51.293+0000] {processor.py:161} INFO - Started process (PID=30) to work on /home/airflow/.local/lib/python3.11/site-packages/airflow/example_dags/tutorial_dag.py
[2024-03-04T15:51:51.302+0000] {processor.py:830} INFO - Processing file /home/airflow/.local/lib/python3.11/site-packages/airflow/example_dags/tutorial_dag.py for tasks to queue
[2024-03-04T15:51:51.323+0000] {logging_mixin.py:188} INFO - [2024-03-04T15:51:51.320+0000] {dagbag.py:540} INFO - Filling up the DagBag from /home/airflow/.local/lib/python3.11/site-packages/airflow/example_dags/tutorial_dag.py
[2024-03-04T15:51:51.406+0000] {processor.py:840} INFO - DAG(s) 'tutorial_dag' retrieved from /home/airflow/.local/lib/python3.11/site-packages/airflow/example_dags/tutorial_dag.py
[2024-03-04T15:51:51.952+0000] {logging_mixin.py:188} INFO - [2024-03-04T15:51:51.950+0000] {override.py:1769} INFO - Created Permission View: can read on DAG:tutorial_dag
[2024-03-04T15:51:51.962+0000] {logging_mixin.py:188} INFO - [2024-03-04T15:51:51.962+0000] {override.py:1769} INFO - Created Permission View: can delete on DAG:tutorial_dag
[2024-03-04T15:51:51.965+0000] {logging_mixin.py:188} INFO - [2024-03-04T15:51:51.965+0000] {override.py:1769} INFO - Created Permission View: can edit on DAG:tutorial_dag
[2024-03-04T15:51:51.965+0000] {logging_mixin.py:188} INFO - [2024-03-04T15:51:51.965+0000] {dag.py:3047} INFO - Sync 1 DAGs
[2024-03-04T15:51:51.974+0000] {logging_mixin.py:188} INFO - [2024-03-04T15:51:51.974+0000] {dag.py:3069} INFO - Creating ORM DAG for tutorial_dag
[2024-03-04T15:51:51.975+0000] {logging_mixin.py:188} INFO - [2024-03-04T15:51:51.975+0000] {dag.py:3834} INFO - Setting next_dagrun for tutorial_dag to None, run_after=None
[2024-03-04T15:51:51.990+0000] {processor.py:183} INFO - Processing /home/airflow/.local/lib/python3.11/site-packages/airflow/example_dags/tutorial_dag.py took 0.716 seconds
[2024-03-04T15:52:22.137+0000] {processor.py:161} INFO - Started process (PID=85) to work on /home/airflow/.local/lib/python3.11/site-packages/airflow/example_dags/tutorial_dag.py
[2024-03-04T15:52:22.140+0000] {processor.py:830} INFO - Processing file /home/airflow/.local/lib/python3.11/site-packages/airflow/example_dags/tutorial_dag.py for tasks to queue
[2024-03-04T15:52:22.143+0000] {logging_mixin.py:188} INFO - [2024-03-04T15:52:22.143+0000] {dagbag.py:540} INFO - Filling up the DagBag from /home/airflow/.local/lib/python3.11/site-packages/airflow/example_dags/tutorial_dag.py
[2024-03-04T15:52:22.162+0000] {processor.py:840} INFO - DAG(s) 'tutorial_dag' retrieved from /home/airflow/.local/lib/python3.11/site-packages/airflow/example_dags/tutorial_dag.py
[2024-03-04T15:52:22.193+0000] {logging_mixin.py:188} INFO - [2024-03-04T15:52:22.193+0000] {dag.py:3047} INFO - Sync 1 DAGs
[2024-03-04T15:52:22.204+0000] {logging_mixin.py:188} INFO - [2024-03-04T15:52:22.204+0000] {dag.py:3834} INFO - Setting next_dagrun for tutorial_dag to None, run_after=None
[2024-03-04T15:52:22.226+0000] {processor.py:183} INFO - Processing /home/airflow/.local/lib/python3.11/site-packages/airflow/example_dags/tutorial_dag.py took 0.096 seconds
[2024-03-04T15:52:53.015+0000] {processor.py:161} INFO - Started process (PID=140) to work on /home/airflow/.local/lib/python3.11/site-packages/airflow/example_dags/tutorial_dag.py
[2024-03-04T15:52:53.018+0000] {processor.py:830} INFO - Processing file /home/airflow/.local/lib/python3.11/site-packages/airflow/example_dags/tutorial_dag.py for tasks to queue
[2024-03-04T15:52:53.023+0000] {logging_mixin.py:188} INFO - [2024-03-04T15:52:53.022+0000] {dagbag.py:540} INFO - Filling up the DagBag from /home/airflow/.local/lib/python3.11/site-packages/airflow/example_dags/tutorial_dag.py
[2024-03-04T15:52:53.033+0000] {processor.py:840} INFO - DAG(s) 'tutorial_dag' retrieved from /home/airflow/.local/lib/python3.11/site-packages/airflow/example_dags/tutorial_dag.py
[2024-03-04T15:52:53.078+0000] {logging_mixin.py:188} INFO - [2024-03-04T15:52:53.078+0000] {dag.py:3047} INFO - Sync 1 DAGs
[2024-03-04T15:52:53.087+0000] {logging_mixin.py:188} INFO - [2024-03-04T15:52:53.087+0000] {dag.py:3834} INFO - Setting next_dagrun for tutorial_dag to None, run_after=None
[2024-03-04T15:52:53.106+0000] {processor.py:183} INFO - Processing /home/airflow/.local/lib/python3.11/site-packages/airflow/example_dags/tutorial_dag.py took 0.103 seconds
[2024-03-04T15:53:23.891+0000] {processor.py:161} INFO - Started process (PID=195) to work on /home/airflow/.local/lib/python3.11/site-packages/airflow/example_dags/tutorial_dag.py
[2024-03-04T15:53:23.893+0000] {processor.py:830} INFO - Processing file /home/airflow/.local/lib/python3.11/site-packages/airflow/example_dags/tutorial_dag.py for tasks to queue
[2024-03-04T15:53:23.897+0000] {logging_mixin.py:188} INFO - [2024-03-04T15:53:23.897+0000] {dagbag.py:540} INFO - Filling up the DagBag from /home/airflow/.local/lib/python3.11/site-packages/airflow/example_dags/tutorial_dag.py
[2024-03-04T15:53:23.958+0000] {processor.py:840} INFO - DAG(s) 'tutorial_dag' retrieved from /home/airflow/.local/lib/python3.11/site-packages/airflow/example_dags/tutorial_dag.py
[2024-03-04T15:53:24.085+0000] {logging_mixin.py:188} INFO - [2024-03-04T15:53:24.085+0000] {dag.py:3047} INFO - Sync 1 DAGs
[2024-03-04T15:53:24.139+0000] {logging_mixin.py:188} INFO - [2024-03-04T15:53:24.139+0000] {dag.py:3834} INFO - Setting next_dagrun for tutorial_dag to None, run_after=None
[2024-03-04T15:53:24.188+0000] {processor.py:183} INFO - Processing /home/airflow/.local/lib/python3.11/site-packages/airflow/example_dags/tutorial_dag.py took 0.301 seconds
[2024-03-04T15:53:54.371+0000] {processor.py:161} INFO - Started process (PID=250) to work on /home/airflow/.local/lib/python3.11/site-packages/airflow/example_dags/tutorial_dag.py
[2024-03-04T15:53:54.380+0000] {processor.py:830} INFO - Processing file /home/airflow/.local/lib/python3.11/site-packages/airflow/example_dags/tutorial_dag.py for tasks to queue
[2024-03-04T15:53:54.390+0000] {logging_mixin.py:188} INFO - [2024-03-04T15:53:54.388+0000] {dagbag.py:540} INFO - Filling up the DagBag from /home/airflow/.local/lib/python3.11/site-packages/airflow/example_dags/tutorial_dag.py
[2024-03-04T15:53:54.399+0000] {processor.py:840} INFO - DAG(s) 'tutorial_dag' retrieved from /home/airflow/.local/lib/python3.11/site-packages/airflow/example_dags/tutorial_dag.py
[2024-03-04T15:53:54.431+0000] {logging_mixin.py:188} INFO - [2024-03-04T15:53:54.431+0000] {dag.py:3047} INFO - Sync 1 DAGs
[2024-03-04T15:53:54.440+0000] {logging_mixin.py:188} INFO - [2024-03-04T15:53:54.440+0000] {dag.py:3834} INFO - Setting next_dagrun for tutorial_dag to None, run_after=None
[2024-03-04T15:53:54.452+0000] {processor.py:183} INFO - Processing /home/airflow/.local/lib/python3.11/site-packages/airflow/example_dags/tutorial_dag.py took 0.096 seconds
[2024-03-04T15:54:25.293+0000] {processor.py:161} INFO - Started process (PID=305) to work on /home/airflow/.local/lib/python3.11/site-packages/airflow/example_dags/tutorial_dag.py
[2024-03-04T15:54:25.296+0000] {processor.py:830} INFO - Processing file /home/airflow/.local/lib/python3.11/site-packages/airflow/example_dags/tutorial_dag.py for tasks to queue
[2024-03-04T15:54:25.300+0000] {logging_mixin.py:188} INFO - [2024-03-04T15:54:25.299+0000] {dagbag.py:540} INFO - Filling up the DagBag from /home/airflow/.local/lib/python3.11/site-packages/airflow/example_dags/tutorial_dag.py
[2024-03-04T15:54:25.323+0000] {processor.py:840} INFO - DAG(s) 'tutorial_dag' retrieved from /home/airflow/.local/lib/python3.11/site-packages/airflow/example_dags/tutorial_dag.py
[2024-03-04T15:54:25.345+0000] {logging_mixin.py:188} INFO - [2024-03-04T15:54:25.345+0000] {dag.py:3047} INFO - Sync 1 DAGs
[2024-03-04T15:54:25.354+0000] {logging_mixin.py:188} INFO - [2024-03-04T15:54:25.353+0000] {dag.py:3834} INFO - Setting next_dagrun for tutorial_dag to None, run_after=None
[2024-03-04T15:54:25.364+0000] {processor.py:183} INFO - Processing /home/airflow/.local/lib/python3.11/site-packages/airflow/example_dags/tutorial_dag.py took 0.083 seconds
[2024-03-04T15:54:55.873+0000] {processor.py:161} INFO - Started process (PID=360) to work on /home/airflow/.local/lib/python3.11/site-packages/airflow/example_dags/tutorial_dag.py
[2024-03-04T15:54:55.876+0000] {processor.py:830} INFO - Processing file /home/airflow/.local/lib/python3.11/site-packages/airflow/example_dags/tutorial_dag.py for tasks to queue
[2024-03-04T15:54:55.882+0000] {logging_mixin.py:188} INFO - [2024-03-04T15:54:55.881+0000] {dagbag.py:540} INFO - Filling up the DagBag from /home/airflow/.local/lib/python3.11/site-packages/airflow/example_dags/tutorial_dag.py
[2024-03-04T15:54:55.918+0000] {processor.py:840} INFO - DAG(s) 'tutorial_dag' retrieved from /home/airflow/.local/lib/python3.11/site-packages/airflow/example_dags/tutorial_dag.py
[2024-03-04T15:54:55.936+0000] {logging_mixin.py:188} INFO - [2024-03-04T15:54:55.935+0000] {dag.py:3047} INFO - Sync 1 DAGs
[2024-03-04T15:54:55.943+0000] {logging_mixin.py:188} INFO - [2024-03-04T15:54:55.943+0000] {dag.py:3834} INFO - Setting next_dagrun for tutorial_dag to None, run_after=None
[2024-03-04T15:54:55.953+0000] {processor.py:183} INFO - Processing /home/airflow/.local/lib/python3.11/site-packages/airflow/example_dags/tutorial_dag.py took 0.091 seconds
[2024-03-04T15:55:26.644+0000] {processor.py:161} INFO - Started process (PID=415) to work on /home/airflow/.local/lib/python3.11/site-packages/airflow/example_dags/tutorial_dag.py
[2024-03-04T15:55:26.651+0000] {processor.py:830} INFO - Processing file /home/airflow/.local/lib/python3.11/site-packages/airflow/example_dags/tutorial_dag.py for tasks to queue
[2024-03-04T15:55:26.657+0000] {logging_mixin.py:188} INFO - [2024-03-04T15:55:26.656+0000] {dagbag.py:540} INFO - Filling up the DagBag from /home/airflow/.local/lib/python3.11/site-packages/airflow/example_dags/tutorial_dag.py
[2024-03-04T15:55:26.671+0000] {processor.py:840} INFO - DAG(s) 'tutorial_dag' retrieved from /home/airflow/.local/lib/python3.11/site-packages/airflow/example_dags/tutorial_dag.py
[2024-03-04T15:55:26.695+0000] {logging_mixin.py:188} INFO - [2024-03-04T15:55:26.695+0000] {dag.py:3047} INFO - Sync 1 DAGs
[2024-03-04T15:55:26.704+0000] {logging_mixin.py:188} INFO - [2024-03-04T15:55:26.704+0000] {dag.py:3834} INFO - Setting next_dagrun for tutorial_dag to None, run_after=None
[2024-03-04T15:55:26.715+0000] {processor.py:183} INFO - Processing /home/airflow/.local/lib/python3.11/site-packages/airflow/example_dags/tutorial_dag.py took 0.092 seconds
[2024-03-04T15:55:57.472+0000] {processor.py:161} INFO - Started process (PID=470) to work on /home/airflow/.local/lib/python3.11/site-packages/airflow/example_dags/tutorial_dag.py
[2024-03-04T15:55:57.474+0000] {processor.py:830} INFO - Processing file /home/airflow/.local/lib/python3.11/site-packages/airflow/example_dags/tutorial_dag.py for tasks to queue
[2024-03-04T15:55:57.479+0000] {logging_mixin.py:188} INFO - [2024-03-04T15:55:57.478+0000] {dagbag.py:540} INFO - Filling up the DagBag from /home/airflow/.local/lib/python3.11/site-packages/airflow/example_dags/tutorial_dag.py
[2024-03-04T15:55:57.501+0000] {processor.py:840} INFO - DAG(s) 'tutorial_dag' retrieved from /home/airflow/.local/lib/python3.11/site-packages/airflow/example_dags/tutorial_dag.py
[2024-03-04T15:55:57.527+0000] {logging_mixin.py:188} INFO - [2024-03-04T15:55:57.527+0000] {dag.py:3047} INFO - Sync 1 DAGs
[2024-03-04T15:55:57.536+0000] {logging_mixin.py:188} INFO - [2024-03-04T15:55:57.536+0000] {dag.py:3834} INFO - Setting next_dagrun for tutorial_dag to None, run_after=None
[2024-03-04T15:55:57.546+0000] {processor.py:183} INFO - Processing /home/airflow/.local/lib/python3.11/site-packages/airflow/example_dags/tutorial_dag.py took 0.082 seconds
[2024-03-04T15:56:28.164+0000] {processor.py:161} INFO - Started process (PID=525) to work on /home/airflow/.local/lib/python3.11/site-packages/airflow/example_dags/tutorial_dag.py
[2024-03-04T15:56:28.167+0000] {processor.py:830} INFO - Processing file /home/airflow/.local/lib/python3.11/site-packages/airflow/example_dags/tutorial_dag.py for tasks to queue
[2024-03-04T15:56:28.173+0000] {logging_mixin.py:188} INFO - [2024-03-04T15:56:28.172+0000] {dagbag.py:540} INFO - Filling up the DagBag from /home/airflow/.local/lib/python3.11/site-packages/airflow/example_dags/tutorial_dag.py
[2024-03-04T15:56:28.184+0000] {processor.py:840} INFO - DAG(s) 'tutorial_dag' retrieved from /home/airflow/.local/lib/python3.11/site-packages/airflow/example_dags/tutorial_dag.py
[2024-03-04T15:56:28.204+0000] {logging_mixin.py:188} INFO - [2024-03-04T15:56:28.204+0000] {dag.py:3047} INFO - Sync 1 DAGs
[2024-03-04T15:56:28.212+0000] {logging_mixin.py:188} INFO - [2024-03-04T15:56:28.211+0000] {dag.py:3834} INFO - Setting next_dagrun for tutorial_dag to None, run_after=None
[2024-03-04T15:56:28.221+0000] {processor.py:183} INFO - Processing /home/airflow/.local/lib/python3.11/site-packages/airflow/example_dags/tutorial_dag.py took 0.067 seconds
[2024-03-04T15:56:58.901+0000] {processor.py:161} INFO - Started process (PID=580) to work on /home/airflow/.local/lib/python3.11/site-packages/airflow/example_dags/tutorial_dag.py
[2024-03-04T15:56:58.906+0000] {processor.py:830} INFO - Processing file /home/airflow/.local/lib/python3.11/site-packages/airflow/example_dags/tutorial_dag.py for tasks to queue
[2024-03-04T15:56:58.911+0000] {logging_mixin.py:188} INFO - [2024-03-04T15:56:58.911+0000] {dagbag.py:540} INFO - Filling up the DagBag from /home/airflow/.local/lib/python3.11/site-packages/airflow/example_dags/tutorial_dag.py
[2024-03-04T15:56:58.923+0000] {processor.py:840} INFO - DAG(s) 'tutorial_dag' retrieved from /home/airflow/.local/lib/python3.11/site-packages/airflow/example_dags/tutorial_dag.py
[2024-03-04T15:56:58.943+0000] {logging_mixin.py:188} INFO - [2024-03-04T15:56:58.943+0000] {dag.py:3047} INFO - Sync 1 DAGs
[2024-03-04T15:56:58.956+0000] {logging_mixin.py:188} INFO - [2024-03-04T15:56:58.956+0000] {dag.py:3834} INFO - Setting next_dagrun for tutorial_dag to None, run_after=None
[2024-03-04T15:56:58.978+0000] {processor.py:183} INFO - Processing /home/airflow/.local/lib/python3.11/site-packages/airflow/example_dags/tutorial_dag.py took 0.102 seconds
[2024-03-04T15:57:29.543+0000] {processor.py:161} INFO - Started process (PID=635) to work on /home/airflow/.local/lib/python3.11/site-packages/airflow/example_dags/tutorial_dag.py
[2024-03-04T15:57:29.547+0000] {processor.py:830} INFO - Processing file /home/airflow/.local/lib/python3.11/site-packages/airflow/example_dags/tutorial_dag.py for tasks to queue
[2024-03-04T15:57:29.567+0000] {logging_mixin.py:188} INFO - [2024-03-04T15:57:29.565+0000] {dagbag.py:540} INFO - Filling up the DagBag from /home/airflow/.local/lib/python3.11/site-packages/airflow/example_dags/tutorial_dag.py
[2024-03-04T15:57:29.588+0000] {processor.py:840} INFO - DAG(s) 'tutorial_dag' retrieved from /home/airflow/.local/lib/python3.11/site-packages/airflow/example_dags/tutorial_dag.py
[2024-03-04T15:57:29.608+0000] {logging_mixin.py:188} INFO - [2024-03-04T15:57:29.607+0000] {dag.py:3047} INFO - Sync 1 DAGs
[2024-03-04T15:57:29.616+0000] {logging_mixin.py:188} INFO - [2024-03-04T15:57:29.616+0000] {dag.py:3834} INFO - Setting next_dagrun for tutorial_dag to None, run_after=None
[2024-03-04T15:57:29.626+0000] {processor.py:183} INFO - Processing /home/airflow/.local/lib/python3.11/site-packages/airflow/example_dags/tutorial_dag.py took 0.094 seconds
[2024-03-04T15:58:00.321+0000] {processor.py:161} INFO - Started process (PID=690) to work on /home/airflow/.local/lib/python3.11/site-packages/airflow/example_dags/tutorial_dag.py
[2024-03-04T15:58:00.324+0000] {processor.py:830} INFO - Processing file /home/airflow/.local/lib/python3.11/site-packages/airflow/example_dags/tutorial_dag.py for tasks to queue
[2024-03-04T15:58:00.329+0000] {logging_mixin.py:188} INFO - [2024-03-04T15:58:00.329+0000] {dagbag.py:540} INFO - Filling up the DagBag from /home/airflow/.local/lib/python3.11/site-packages/airflow/example_dags/tutorial_dag.py
[2024-03-04T15:58:00.340+0000] {processor.py:840} INFO - DAG(s) 'tutorial_dag' retrieved from /home/airflow/.local/lib/python3.11/site-packages/airflow/example_dags/tutorial_dag.py
[2024-03-04T15:58:00.360+0000] {logging_mixin.py:188} INFO - [2024-03-04T15:58:00.360+0000] {dag.py:3047} INFO - Sync 1 DAGs
[2024-03-04T15:58:00.369+0000] {logging_mixin.py:188} INFO - [2024-03-04T15:58:00.369+0000] {dag.py:3834} INFO - Setting next_dagrun for tutorial_dag to None, run_after=None
[2024-03-04T15:58:00.379+0000] {processor.py:183} INFO - Processing /home/airflow/.local/lib/python3.11/site-packages/airflow/example_dags/tutorial_dag.py took 0.102 seconds
[2024-03-04T15:58:30.951+0000] {processor.py:161} INFO - Started process (PID=745) to work on /home/airflow/.local/lib/python3.11/site-packages/airflow/example_dags/tutorial_dag.py
[2024-03-04T15:58:30.954+0000] {processor.py:830} INFO - Processing file /home/airflow/.local/lib/python3.11/site-packages/airflow/example_dags/tutorial_dag.py for tasks to queue
[2024-03-04T15:58:30.958+0000] {logging_mixin.py:188} INFO - [2024-03-04T15:58:30.958+0000] {dagbag.py:540} INFO - Filling up the DagBag from /home/airflow/.local/lib/python3.11/site-packages/airflow/example_dags/tutorial_dag.py
[2024-03-04T15:58:30.967+0000] {processor.py:840} INFO - DAG(s) 'tutorial_dag' retrieved from /home/airflow/.local/lib/python3.11/site-packages/airflow/example_dags/tutorial_dag.py
[2024-03-04T15:58:30.994+0000] {logging_mixin.py:188} INFO - [2024-03-04T15:58:30.994+0000] {dag.py:3047} INFO - Sync 1 DAGs
[2024-03-04T15:58:31.002+0000] {logging_mixin.py:188} INFO - [2024-03-04T15:58:31.002+0000] {dag.py:3834} INFO - Setting next_dagrun for tutorial_dag to None, run_after=None
[2024-03-04T15:58:31.013+0000] {processor.py:183} INFO - Processing /home/airflow/.local/lib/python3.11/site-packages/airflow/example_dags/tutorial_dag.py took 0.068 seconds
[2024-03-04T15:59:01.768+0000] {processor.py:161} INFO - Started process (PID=800) to work on /home/airflow/.local/lib/python3.11/site-packages/airflow/example_dags/tutorial_dag.py
[2024-03-04T15:59:01.771+0000] {processor.py:830} INFO - Processing file /home/airflow/.local/lib/python3.11/site-packages/airflow/example_dags/tutorial_dag.py for tasks to queue
[2024-03-04T15:59:01.777+0000] {logging_mixin.py:188} INFO - [2024-03-04T15:59:01.776+0000] {dagbag.py:540} INFO - Filling up the DagBag from /home/airflow/.local/lib/python3.11/site-packages/airflow/example_dags/tutorial_dag.py
[2024-03-04T15:59:01.789+0000] {processor.py:840} INFO - DAG(s) 'tutorial_dag' retrieved from /home/airflow/.local/lib/python3.11/site-packages/airflow/example_dags/tutorial_dag.py
[2024-03-04T15:59:01.808+0000] {logging_mixin.py:188} INFO - [2024-03-04T15:59:01.808+0000] {dag.py:3047} INFO - Sync 1 DAGs
[2024-03-04T15:59:01.816+0000] {logging_mixin.py:188} INFO - [2024-03-04T15:59:01.816+0000] {dag.py:3834} INFO - Setting next_dagrun for tutorial_dag to None, run_after=None
[2024-03-04T15:59:01.825+0000] {processor.py:183} INFO - Processing /home/airflow/.local/lib/python3.11/site-packages/airflow/example_dags/tutorial_dag.py took 0.066 seconds
[2024-03-04T15:59:32.302+0000] {processor.py:161} INFO - Started process (PID=855) to work on /home/airflow/.local/lib/python3.11/site-packages/airflow/example_dags/tutorial_dag.py
[2024-03-04T15:59:32.305+0000] {processor.py:830} INFO - Processing file /home/airflow/.local/lib/python3.11/site-packages/airflow/example_dags/tutorial_dag.py for tasks to queue
[2024-03-04T15:59:32.317+0000] {logging_mixin.py:188} INFO - [2024-03-04T15:59:32.317+0000] {dagbag.py:540} INFO - Filling up the DagBag from /home/airflow/.local/lib/python3.11/site-packages/airflow/example_dags/tutorial_dag.py
[2024-03-04T15:59:32.330+0000] {processor.py:840} INFO - DAG(s) 'tutorial_dag' retrieved from /home/airflow/.local/lib/python3.11/site-packages/airflow/example_dags/tutorial_dag.py
[2024-03-04T15:59:32.351+0000] {logging_mixin.py:188} INFO - [2024-03-04T15:59:32.351+0000] {dag.py:3047} INFO - Sync 1 DAGs
[2024-03-04T15:59:32.360+0000] {logging_mixin.py:188} INFO - [2024-03-04T15:59:32.359+0000] {dag.py:3834} INFO - Setting next_dagrun for tutorial_dag to None, run_after=None
[2024-03-04T15:59:32.371+0000] {processor.py:183} INFO - Processing /home/airflow/.local/lib/python3.11/site-packages/airflow/example_dags/tutorial_dag.py took 0.080 seconds
[2024-03-04T16:00:02.948+0000] {processor.py:161} INFO - Started process (PID=910) to work on /home/airflow/.local/lib/python3.11/site-packages/airflow/example_dags/tutorial_dag.py
[2024-03-04T16:00:02.951+0000] {processor.py:830} INFO - Processing file /home/airflow/.local/lib/python3.11/site-packages/airflow/example_dags/tutorial_dag.py for tasks to queue
[2024-03-04T16:00:02.955+0000] {logging_mixin.py:188} INFO - [2024-03-04T16:00:02.955+0000] {dagbag.py:540} INFO - Filling up the DagBag from /home/airflow/.local/lib/python3.11/site-packages/airflow/example_dags/tutorial_dag.py
[2024-03-04T16:00:02.969+0000] {processor.py:840} INFO - DAG(s) 'tutorial_dag' retrieved from /home/airflow/.local/lib/python3.11/site-packages/airflow/example_dags/tutorial_dag.py
[2024-03-04T16:00:02.989+0000] {logging_mixin.py:188} INFO - [2024-03-04T16:00:02.989+0000] {dag.py:3047} INFO - Sync 1 DAGs
[2024-03-04T16:00:03.006+0000] {logging_mixin.py:188} INFO - [2024-03-04T16:00:03.006+0000] {dag.py:3834} INFO - Setting next_dagrun for tutorial_dag to None, run_after=None
[2024-03-04T16:00:03.016+0000] {processor.py:183} INFO - Processing /home/airflow/.local/lib/python3.11/site-packages/airflow/example_dags/tutorial_dag.py took 0.094 seconds
[2024-03-04T16:00:33.656+0000] {processor.py:161} INFO - Started process (PID=964) to work on /home/airflow/.local/lib/python3.11/site-packages/airflow/example_dags/tutorial_dag.py
[2024-03-04T16:00:33.658+0000] {processor.py:830} INFO - Processing file /home/airflow/.local/lib/python3.11/site-packages/airflow/example_dags/tutorial_dag.py for tasks to queue
[2024-03-04T16:00:33.661+0000] {logging_mixin.py:188} INFO - [2024-03-04T16:00:33.661+0000] {dagbag.py:540} INFO - Filling up the DagBag from /home/airflow/.local/lib/python3.11/site-packages/airflow/example_dags/tutorial_dag.py
[2024-03-04T16:00:33.683+0000] {processor.py:840} INFO - DAG(s) 'tutorial_dag' retrieved from /home/airflow/.local/lib/python3.11/site-packages/airflow/example_dags/tutorial_dag.py
[2024-03-04T16:00:33.755+0000] {logging_mixin.py:188} INFO - [2024-03-04T16:00:33.754+0000] {dag.py:3047} INFO - Sync 1 DAGs
[2024-03-04T16:00:33.776+0000] {logging_mixin.py:188} INFO - [2024-03-04T16:00:33.775+0000] {dag.py:3834} INFO - Setting next_dagrun for tutorial_dag to None, run_after=None
[2024-03-04T16:00:33.817+0000] {processor.py:183} INFO - Processing /home/airflow/.local/lib/python3.11/site-packages/airflow/example_dags/tutorial_dag.py took 0.168 seconds
[2024-03-04T16:01:04.456+0000] {processor.py:161} INFO - Started process (PID=1019) to work on /home/airflow/.local/lib/python3.11/site-packages/airflow/example_dags/tutorial_dag.py
[2024-03-04T16:01:04.458+0000] {processor.py:830} INFO - Processing file /home/airflow/.local/lib/python3.11/site-packages/airflow/example_dags/tutorial_dag.py for tasks to queue
[2024-03-04T16:01:04.460+0000] {logging_mixin.py:188} INFO - [2024-03-04T16:01:04.460+0000] {dagbag.py:540} INFO - Filling up the DagBag from /home/airflow/.local/lib/python3.11/site-packages/airflow/example_dags/tutorial_dag.py
[2024-03-04T16:01:04.477+0000] {processor.py:840} INFO - DAG(s) 'tutorial_dag' retrieved from /home/airflow/.local/lib/python3.11/site-packages/airflow/example_dags/tutorial_dag.py
[2024-03-04T16:01:04.507+0000] {logging_mixin.py:188} INFO - [2024-03-04T16:01:04.507+0000] {dag.py:3047} INFO - Sync 1 DAGs
[2024-03-04T16:01:04.515+0000] {logging_mixin.py:188} INFO - [2024-03-04T16:01:04.515+0000] {dag.py:3834} INFO - Setting next_dagrun for tutorial_dag to None, run_after=None
[2024-03-04T16:01:04.526+0000] {processor.py:183} INFO - Processing /home/airflow/.local/lib/python3.11/site-packages/airflow/example_dags/tutorial_dag.py took 0.074 seconds
[2024-03-04T16:01:35.239+0000] {processor.py:161} INFO - Started process (PID=1074) to work on /home/airflow/.local/lib/python3.11/site-packages/airflow/example_dags/tutorial_dag.py
[2024-03-04T16:01:35.241+0000] {processor.py:830} INFO - Processing file /home/airflow/.local/lib/python3.11/site-packages/airflow/example_dags/tutorial_dag.py for tasks to queue
[2024-03-04T16:01:35.245+0000] {logging_mixin.py:188} INFO - [2024-03-04T16:01:35.244+0000] {dagbag.py:540} INFO - Filling up the DagBag from /home/airflow/.local/lib/python3.11/site-packages/airflow/example_dags/tutorial_dag.py
[2024-03-04T16:01:35.253+0000] {processor.py:840} INFO - DAG(s) 'tutorial_dag' retrieved from /home/airflow/.local/lib/python3.11/site-packages/airflow/example_dags/tutorial_dag.py
[2024-03-04T16:01:35.292+0000] {logging_mixin.py:188} INFO - [2024-03-04T16:01:35.292+0000] {dag.py:3047} INFO - Sync 1 DAGs
[2024-03-04T16:01:35.303+0000] {logging_mixin.py:188} INFO - [2024-03-04T16:01:35.303+0000] {dag.py:3834} INFO - Setting next_dagrun for tutorial_dag to None, run_after=None
[2024-03-04T16:01:35.316+0000] {processor.py:183} INFO - Processing /home/airflow/.local/lib/python3.11/site-packages/airflow/example_dags/tutorial_dag.py took 0.087 seconds
[2024-03-04T16:02:06.089+0000] {processor.py:161} INFO - Started process (PID=1129) to work on /home/airflow/.local/lib/python3.11/site-packages/airflow/example_dags/tutorial_dag.py
[2024-03-04T16:02:06.090+0000] {processor.py:830} INFO - Processing file /home/airflow/.local/lib/python3.11/site-packages/airflow/example_dags/tutorial_dag.py for tasks to queue
[2024-03-04T16:02:06.093+0000] {logging_mixin.py:188} INFO - [2024-03-04T16:02:06.093+0000] {dagbag.py:540} INFO - Filling up the DagBag from /home/airflow/.local/lib/python3.11/site-packages/airflow/example_dags/tutorial_dag.py
[2024-03-04T16:02:06.101+0000] {processor.py:840} INFO - DAG(s) 'tutorial_dag' retrieved from /home/airflow/.local/lib/python3.11/site-packages/airflow/example_dags/tutorial_dag.py
[2024-03-04T16:02:06.122+0000] {logging_mixin.py:188} INFO - [2024-03-04T16:02:06.122+0000] {dag.py:3047} INFO - Sync 1 DAGs
[2024-03-04T16:02:06.130+0000] {logging_mixin.py:188} INFO - [2024-03-04T16:02:06.130+0000] {dag.py:3834} INFO - Setting next_dagrun for tutorial_dag to None, run_after=None
[2024-03-04T16:02:06.145+0000] {processor.py:183} INFO - Processing /home/airflow/.local/lib/python3.11/site-packages/airflow/example_dags/tutorial_dag.py took 0.063 seconds
[2024-03-04T16:02:36.878+0000] {processor.py:161} INFO - Started process (PID=1184) to work on /home/airflow/.local/lib/python3.11/site-packages/airflow/example_dags/tutorial_dag.py
[2024-03-04T16:02:36.880+0000] {processor.py:830} INFO - Processing file /home/airflow/.local/lib/python3.11/site-packages/airflow/example_dags/tutorial_dag.py for tasks to queue
[2024-03-04T16:02:36.883+0000] {logging_mixin.py:188} INFO - [2024-03-04T16:02:36.883+0000] {dagbag.py:540} INFO - Filling up the DagBag from /home/airflow/.local/lib/python3.11/site-packages/airflow/example_dags/tutorial_dag.py
[2024-03-04T16:02:36.892+0000] {processor.py:840} INFO - DAG(s) 'tutorial_dag' retrieved from /home/airflow/.local/lib/python3.11/site-packages/airflow/example_dags/tutorial_dag.py
[2024-03-04T16:02:36.927+0000] {logging_mixin.py:188} INFO - [2024-03-04T16:02:36.927+0000] {dag.py:3047} INFO - Sync 1 DAGs
[2024-03-04T16:02:36.940+0000] {logging_mixin.py:188} INFO - [2024-03-04T16:02:36.939+0000] {dag.py:3834} INFO - Setting next_dagrun for tutorial_dag to None, run_after=None
[2024-03-04T16:02:36.954+0000] {processor.py:183} INFO - Processing /home/airflow/.local/lib/python3.11/site-packages/airflow/example_dags/tutorial_dag.py took 0.083 seconds
[2024-03-04T16:03:07.587+0000] {processor.py:161} INFO - Started process (PID=1239) to work on /home/airflow/.local/lib/python3.11/site-packages/airflow/example_dags/tutorial_dag.py
[2024-03-04T16:03:07.589+0000] {processor.py:830} INFO - Processing file /home/airflow/.local/lib/python3.11/site-packages/airflow/example_dags/tutorial_dag.py for tasks to queue
[2024-03-04T16:03:07.593+0000] {logging_mixin.py:188} INFO - [2024-03-04T16:03:07.593+0000] {dagbag.py:540} INFO - Filling up the DagBag from /home/airflow/.local/lib/python3.11/site-packages/airflow/example_dags/tutorial_dag.py
[2024-03-04T16:03:07.610+0000] {processor.py:840} INFO - DAG(s) 'tutorial_dag' retrieved from /home/airflow/.local/lib/python3.11/site-packages/airflow/example_dags/tutorial_dag.py
[2024-03-04T16:03:07.646+0000] {logging_mixin.py:188} INFO - [2024-03-04T16:03:07.645+0000] {dag.py:3047} INFO - Sync 1 DAGs
[2024-03-04T16:03:07.658+0000] {logging_mixin.py:188} INFO - [2024-03-04T16:03:07.658+0000] {dag.py:3834} INFO - Setting next_dagrun for tutorial_dag to None, run_after=None
[2024-03-04T16:03:07.672+0000] {processor.py:183} INFO - Processing /home/airflow/.local/lib/python3.11/site-packages/airflow/example_dags/tutorial_dag.py took 0.092 seconds
[2024-03-04T16:03:38.408+0000] {processor.py:161} INFO - Started process (PID=1294) to work on /home/airflow/.local/lib/python3.11/site-packages/airflow/example_dags/tutorial_dag.py
[2024-03-04T16:03:38.410+0000] {processor.py:830} INFO - Processing file /home/airflow/.local/lib/python3.11/site-packages/airflow/example_dags/tutorial_dag.py for tasks to queue
[2024-03-04T16:03:38.414+0000] {logging_mixin.py:188} INFO - [2024-03-04T16:03:38.413+0000] {dagbag.py:540} INFO - Filling up the DagBag from /home/airflow/.local/lib/python3.11/site-packages/airflow/example_dags/tutorial_dag.py
[2024-03-04T16:03:38.424+0000] {processor.py:840} INFO - DAG(s) 'tutorial_dag' retrieved from /home/airflow/.local/lib/python3.11/site-packages/airflow/example_dags/tutorial_dag.py
[2024-03-04T16:03:38.459+0000] {logging_mixin.py:188} INFO - [2024-03-04T16:03:38.459+0000] {dag.py:3047} INFO - Sync 1 DAGs
[2024-03-04T16:03:38.471+0000] {logging_mixin.py:188} INFO - [2024-03-04T16:03:38.471+0000] {dag.py:3834} INFO - Setting next_dagrun for tutorial_dag to None, run_after=None
[2024-03-04T16:03:38.492+0000] {processor.py:183} INFO - Processing /home/airflow/.local/lib/python3.11/site-packages/airflow/example_dags/tutorial_dag.py took 0.089 seconds
[2024-03-04T16:04:08.581+0000] {processor.py:161} INFO - Started process (PID=1349) to work on /home/airflow/.local/lib/python3.11/site-packages/airflow/example_dags/tutorial_dag.py
[2024-03-04T16:04:08.582+0000] {processor.py:830} INFO - Processing file /home/airflow/.local/lib/python3.11/site-packages/airflow/example_dags/tutorial_dag.py for tasks to queue
[2024-03-04T16:04:08.587+0000] {logging_mixin.py:188} INFO - [2024-03-04T16:04:08.586+0000] {dagbag.py:540} INFO - Filling up the DagBag from /home/airflow/.local/lib/python3.11/site-packages/airflow/example_dags/tutorial_dag.py
[2024-03-04T16:04:08.596+0000] {processor.py:840} INFO - DAG(s) 'tutorial_dag' retrieved from /home/airflow/.local/lib/python3.11/site-packages/airflow/example_dags/tutorial_dag.py
[2024-03-04T16:04:08.618+0000] {logging_mixin.py:188} INFO - [2024-03-04T16:04:08.618+0000] {dag.py:3047} INFO - Sync 1 DAGs
[2024-03-04T16:04:08.635+0000] {logging_mixin.py:188} INFO - [2024-03-04T16:04:08.634+0000] {dag.py:3834} INFO - Setting next_dagrun for tutorial_dag to None, run_after=None
[2024-03-04T16:04:08.647+0000] {processor.py:183} INFO - Processing /home/airflow/.local/lib/python3.11/site-packages/airflow/example_dags/tutorial_dag.py took 0.074 seconds
[2024-03-04T16:04:38.773+0000] {processor.py:161} INFO - Started process (PID=1404) to work on /home/airflow/.local/lib/python3.11/site-packages/airflow/example_dags/tutorial_dag.py
[2024-03-04T16:04:38.775+0000] {processor.py:830} INFO - Processing file /home/airflow/.local/lib/python3.11/site-packages/airflow/example_dags/tutorial_dag.py for tasks to queue
[2024-03-04T16:04:38.778+0000] {logging_mixin.py:188} INFO - [2024-03-04T16:04:38.778+0000] {dagbag.py:540} INFO - Filling up the DagBag from /home/airflow/.local/lib/python3.11/site-packages/airflow/example_dags/tutorial_dag.py
[2024-03-04T16:04:38.787+0000] {processor.py:840} INFO - DAG(s) 'tutorial_dag' retrieved from /home/airflow/.local/lib/python3.11/site-packages/airflow/example_dags/tutorial_dag.py
[2024-03-04T16:04:38.805+0000] {logging_mixin.py:188} INFO - [2024-03-04T16:04:38.805+0000] {dag.py:3047} INFO - Sync 1 DAGs
[2024-03-04T16:04:38.813+0000] {logging_mixin.py:188} INFO - [2024-03-04T16:04:38.813+0000] {dag.py:3834} INFO - Setting next_dagrun for tutorial_dag to None, run_after=None
[2024-03-04T16:04:38.827+0000] {processor.py:183} INFO - Processing /home/airflow/.local/lib/python3.11/site-packages/airflow/example_dags/tutorial_dag.py took 0.071 seconds
[2024-03-04T16:05:09.468+0000] {processor.py:161} INFO - Started process (PID=1459) to work on /home/airflow/.local/lib/python3.11/site-packages/airflow/example_dags/tutorial_dag.py
[2024-03-04T16:05:09.470+0000] {processor.py:830} INFO - Processing file /home/airflow/.local/lib/python3.11/site-packages/airflow/example_dags/tutorial_dag.py for tasks to queue
[2024-03-04T16:05:09.475+0000] {logging_mixin.py:188} INFO - [2024-03-04T16:05:09.474+0000] {dagbag.py:540} INFO - Filling up the DagBag from /home/airflow/.local/lib/python3.11/site-packages/airflow/example_dags/tutorial_dag.py
[2024-03-04T16:05:09.490+0000] {processor.py:840} INFO - DAG(s) 'tutorial_dag' retrieved from /home/airflow/.local/lib/python3.11/site-packages/airflow/example_dags/tutorial_dag.py
[2024-03-04T16:05:09.531+0000] {logging_mixin.py:188} INFO - [2024-03-04T16:05:09.530+0000] {dag.py:3047} INFO - Sync 1 DAGs
[2024-03-04T16:05:09.540+0000] {logging_mixin.py:188} INFO - [2024-03-04T16:05:09.540+0000] {dag.py:3834} INFO - Setting next_dagrun for tutorial_dag to None, run_after=None
[2024-03-04T16:05:09.550+0000] {processor.py:183} INFO - Processing /home/airflow/.local/lib/python3.11/site-packages/airflow/example_dags/tutorial_dag.py took 0.090 seconds
[2024-03-04T16:05:40.263+0000] {processor.py:161} INFO - Started process (PID=1514) to work on /home/airflow/.local/lib/python3.11/site-packages/airflow/example_dags/tutorial_dag.py
[2024-03-04T16:05:40.265+0000] {processor.py:830} INFO - Processing file /home/airflow/.local/lib/python3.11/site-packages/airflow/example_dags/tutorial_dag.py for tasks to queue
[2024-03-04T16:05:40.268+0000] {logging_mixin.py:188} INFO - [2024-03-04T16:05:40.268+0000] {dagbag.py:540} INFO - Filling up the DagBag from /home/airflow/.local/lib/python3.11/site-packages/airflow/example_dags/tutorial_dag.py
[2024-03-04T16:05:40.278+0000] {processor.py:840} INFO - DAG(s) 'tutorial_dag' retrieved from /home/airflow/.local/lib/python3.11/site-packages/airflow/example_dags/tutorial_dag.py
[2024-03-04T16:05:40.298+0000] {logging_mixin.py:188} INFO - [2024-03-04T16:05:40.298+0000] {dag.py:3047} INFO - Sync 1 DAGs
[2024-03-04T16:05:40.306+0000] {logging_mixin.py:188} INFO - [2024-03-04T16:05:40.306+0000] {dag.py:3834} INFO - Setting next_dagrun for tutorial_dag to None, run_after=None
[2024-03-04T16:05:40.317+0000] {processor.py:183} INFO - Processing /home/airflow/.local/lib/python3.11/site-packages/airflow/example_dags/tutorial_dag.py took 0.081 seconds
[2024-03-04T16:06:10.587+0000] {processor.py:161} INFO - Started process (PID=1569) to work on /home/airflow/.local/lib/python3.11/site-packages/airflow/example_dags/tutorial_dag.py
[2024-03-04T16:06:10.589+0000] {processor.py:830} INFO - Processing file /home/airflow/.local/lib/python3.11/site-packages/airflow/example_dags/tutorial_dag.py for tasks to queue
[2024-03-04T16:06:10.593+0000] {logging_mixin.py:188} INFO - [2024-03-04T16:06:10.593+0000] {dagbag.py:540} INFO - Filling up the DagBag from /home/airflow/.local/lib/python3.11/site-packages/airflow/example_dags/tutorial_dag.py
[2024-03-04T16:06:10.617+0000] {processor.py:840} INFO - DAG(s) 'tutorial_dag' retrieved from /home/airflow/.local/lib/python3.11/site-packages/airflow/example_dags/tutorial_dag.py
[2024-03-04T16:06:10.641+0000] {logging_mixin.py:188} INFO - [2024-03-04T16:06:10.641+0000] {dag.py:3047} INFO - Sync 1 DAGs
[2024-03-04T16:06:10.649+0000] {logging_mixin.py:188} INFO - [2024-03-04T16:06:10.649+0000] {dag.py:3834} INFO - Setting next_dagrun for tutorial_dag to None, run_after=None
[2024-03-04T16:06:10.659+0000] {processor.py:183} INFO - Processing /home/airflow/.local/lib/python3.11/site-packages/airflow/example_dags/tutorial_dag.py took 0.081 seconds
[2024-03-04T16:06:40.764+0000] {processor.py:161} INFO - Started process (PID=1624) to work on /home/airflow/.local/lib/python3.11/site-packages/airflow/example_dags/tutorial_dag.py
[2024-03-04T16:06:40.767+0000] {processor.py:830} INFO - Processing file /home/airflow/.local/lib/python3.11/site-packages/airflow/example_dags/tutorial_dag.py for tasks to queue
[2024-03-04T16:06:40.789+0000] {logging_mixin.py:188} INFO - [2024-03-04T16:06:40.787+0000] {dagbag.py:540} INFO - Filling up the DagBag from /home/airflow/.local/lib/python3.11/site-packages/airflow/example_dags/tutorial_dag.py
[2024-03-04T16:06:40.803+0000] {processor.py:840} INFO - DAG(s) 'tutorial_dag' retrieved from /home/airflow/.local/lib/python3.11/site-packages/airflow/example_dags/tutorial_dag.py
[2024-03-04T16:06:40.823+0000] {logging_mixin.py:188} INFO - [2024-03-04T16:06:40.823+0000] {dag.py:3047} INFO - Sync 1 DAGs
[2024-03-04T16:06:40.831+0000] {logging_mixin.py:188} INFO - [2024-03-04T16:06:40.831+0000] {dag.py:3834} INFO - Setting next_dagrun for tutorial_dag to None, run_after=None
[2024-03-04T16:06:40.841+0000] {processor.py:183} INFO - Processing /home/airflow/.local/lib/python3.11/site-packages/airflow/example_dags/tutorial_dag.py took 0.086 seconds
[2024-03-04T16:07:11.588+0000] {processor.py:161} INFO - Started process (PID=1679) to work on /home/airflow/.local/lib/python3.11/site-packages/airflow/example_dags/tutorial_dag.py
[2024-03-04T16:07:11.594+0000] {processor.py:830} INFO - Processing file /home/airflow/.local/lib/python3.11/site-packages/airflow/example_dags/tutorial_dag.py for tasks to queue
[2024-03-04T16:07:11.601+0000] {logging_mixin.py:188} INFO - [2024-03-04T16:07:11.600+0000] {dagbag.py:540} INFO - Filling up the DagBag from /home/airflow/.local/lib/python3.11/site-packages/airflow/example_dags/tutorial_dag.py
[2024-03-04T16:07:11.611+0000] {processor.py:840} INFO - DAG(s) 'tutorial_dag' retrieved from /home/airflow/.local/lib/python3.11/site-packages/airflow/example_dags/tutorial_dag.py
[2024-03-04T16:07:11.629+0000] {logging_mixin.py:188} INFO - [2024-03-04T16:07:11.629+0000] {dag.py:3047} INFO - Sync 1 DAGs
[2024-03-04T16:07:11.637+0000] {logging_mixin.py:188} INFO - [2024-03-04T16:07:11.637+0000] {dag.py:3834} INFO - Setting next_dagrun for tutorial_dag to None, run_after=None
[2024-03-04T16:07:11.647+0000] {processor.py:183} INFO - Processing /home/airflow/.local/lib/python3.11/site-packages/airflow/example_dags/tutorial_dag.py took 0.085 seconds
[2024-03-04T16:07:42.238+0000] {processor.py:161} INFO - Started process (PID=1734) to work on /home/airflow/.local/lib/python3.11/site-packages/airflow/example_dags/tutorial_dag.py
[2024-03-04T16:07:42.240+0000] {processor.py:830} INFO - Processing file /home/airflow/.local/lib/python3.11/site-packages/airflow/example_dags/tutorial_dag.py for tasks to queue
[2024-03-04T16:07:42.244+0000] {logging_mixin.py:188} INFO - [2024-03-04T16:07:42.244+0000] {dagbag.py:540} INFO - Filling up the DagBag from /home/airflow/.local/lib/python3.11/site-packages/airflow/example_dags/tutorial_dag.py
[2024-03-04T16:07:42.254+0000] {processor.py:840} INFO - DAG(s) 'tutorial_dag' retrieved from /home/airflow/.local/lib/python3.11/site-packages/airflow/example_dags/tutorial_dag.py
[2024-03-04T16:07:42.295+0000] {logging_mixin.py:188} INFO - [2024-03-04T16:07:42.295+0000] {dag.py:3047} INFO - Sync 1 DAGs
[2024-03-04T16:07:42.303+0000] {logging_mixin.py:188} INFO - [2024-03-04T16:07:42.303+0000] {dag.py:3834} INFO - Setting next_dagrun for tutorial_dag to None, run_after=None
[2024-03-04T16:07:42.314+0000] {processor.py:183} INFO - Processing /home/airflow/.local/lib/python3.11/site-packages/airflow/example_dags/tutorial_dag.py took 0.085 seconds
[2024-03-04T16:08:12.963+0000] {processor.py:161} INFO - Started process (PID=1789) to work on /home/airflow/.local/lib/python3.11/site-packages/airflow/example_dags/tutorial_dag.py
[2024-03-04T16:08:12.965+0000] {processor.py:830} INFO - Processing file /home/airflow/.local/lib/python3.11/site-packages/airflow/example_dags/tutorial_dag.py for tasks to queue
[2024-03-04T16:08:12.968+0000] {logging_mixin.py:188} INFO - [2024-03-04T16:08:12.968+0000] {dagbag.py:540} INFO - Filling up the DagBag from /home/airflow/.local/lib/python3.11/site-packages/airflow/example_dags/tutorial_dag.py
[2024-03-04T16:08:12.978+0000] {processor.py:840} INFO - DAG(s) 'tutorial_dag' retrieved from /home/airflow/.local/lib/python3.11/site-packages/airflow/example_dags/tutorial_dag.py
[2024-03-04T16:08:12.997+0000] {logging_mixin.py:188} INFO - [2024-03-04T16:08:12.997+0000] {dag.py:3047} INFO - Sync 1 DAGs
[2024-03-04T16:08:13.005+0000] {logging_mixin.py:188} INFO - [2024-03-04T16:08:13.005+0000] {dag.py:3834} INFO - Setting next_dagrun for tutorial_dag to None, run_after=None
[2024-03-04T16:08:13.015+0000] {processor.py:183} INFO - Processing /home/airflow/.local/lib/python3.11/site-packages/airflow/example_dags/tutorial_dag.py took 0.060 seconds
[2024-03-04T16:08:43.615+0000] {processor.py:161} INFO - Started process (PID=1844) to work on /home/airflow/.local/lib/python3.11/site-packages/airflow/example_dags/tutorial_dag.py
[2024-03-04T16:08:43.621+0000] {processor.py:830} INFO - Processing file /home/airflow/.local/lib/python3.11/site-packages/airflow/example_dags/tutorial_dag.py for tasks to queue
[2024-03-04T16:08:43.633+0000] {logging_mixin.py:188} INFO - [2024-03-04T16:08:43.632+0000] {dagbag.py:540} INFO - Filling up the DagBag from /home/airflow/.local/lib/python3.11/site-packages/airflow/example_dags/tutorial_dag.py
[2024-03-04T16:08:43.643+0000] {processor.py:840} INFO - DAG(s) 'tutorial_dag' retrieved from /home/airflow/.local/lib/python3.11/site-packages/airflow/example_dags/tutorial_dag.py
[2024-03-04T16:08:43.663+0000] {logging_mixin.py:188} INFO - [2024-03-04T16:08:43.663+0000] {dag.py:3047} INFO - Sync 1 DAGs
[2024-03-04T16:08:43.671+0000] {logging_mixin.py:188} INFO - [2024-03-04T16:08:43.671+0000] {dag.py:3834} INFO - Setting next_dagrun for tutorial_dag to None, run_after=None
[2024-03-04T16:08:43.687+0000] {processor.py:183} INFO - Processing /home/airflow/.local/lib/python3.11/site-packages/airflow/example_dags/tutorial_dag.py took 0.083 seconds
[2024-03-04T16:09:14.273+0000] {processor.py:161} INFO - Started process (PID=1905) to work on /home/airflow/.local/lib/python3.11/site-packages/airflow/example_dags/tutorial_dag.py
[2024-03-04T16:09:14.277+0000] {processor.py:830} INFO - Processing file /home/airflow/.local/lib/python3.11/site-packages/airflow/example_dags/tutorial_dag.py for tasks to queue
[2024-03-04T16:09:14.280+0000] {logging_mixin.py:188} INFO - [2024-03-04T16:09:14.279+0000] {dagbag.py:540} INFO - Filling up the DagBag from /home/airflow/.local/lib/python3.11/site-packages/airflow/example_dags/tutorial_dag.py
[2024-03-04T16:09:14.308+0000] {processor.py:840} INFO - DAG(s) 'tutorial_dag' retrieved from /home/airflow/.local/lib/python3.11/site-packages/airflow/example_dags/tutorial_dag.py
[2024-03-04T16:09:14.334+0000] {logging_mixin.py:188} INFO - [2024-03-04T16:09:14.334+0000] {dag.py:3047} INFO - Sync 1 DAGs
[2024-03-04T16:09:14.354+0000] {logging_mixin.py:188} INFO - [2024-03-04T16:09:14.354+0000] {dag.py:3834} INFO - Setting next_dagrun for tutorial_dag to None, run_after=None
[2024-03-04T16:09:14.365+0000] {processor.py:183} INFO - Processing /home/airflow/.local/lib/python3.11/site-packages/airflow/example_dags/tutorial_dag.py took 0.097 seconds
[2024-03-04T16:09:44.824+0000] {processor.py:161} INFO - Started process (PID=1960) to work on /home/airflow/.local/lib/python3.11/site-packages/airflow/example_dags/tutorial_dag.py
[2024-03-04T16:09:44.826+0000] {processor.py:830} INFO - Processing file /home/airflow/.local/lib/python3.11/site-packages/airflow/example_dags/tutorial_dag.py for tasks to queue
[2024-03-04T16:09:44.831+0000] {logging_mixin.py:188} INFO - [2024-03-04T16:09:44.831+0000] {dagbag.py:540} INFO - Filling up the DagBag from /home/airflow/.local/lib/python3.11/site-packages/airflow/example_dags/tutorial_dag.py
[2024-03-04T16:09:44.841+0000] {processor.py:840} INFO - DAG(s) 'tutorial_dag' retrieved from /home/airflow/.local/lib/python3.11/site-packages/airflow/example_dags/tutorial_dag.py
[2024-03-04T16:09:44.875+0000] {logging_mixin.py:188} INFO - [2024-03-04T16:09:44.875+0000] {dag.py:3047} INFO - Sync 1 DAGs
[2024-03-04T16:09:44.884+0000] {logging_mixin.py:188} INFO - [2024-03-04T16:09:44.884+0000] {dag.py:3834} INFO - Setting next_dagrun for tutorial_dag to None, run_after=None
[2024-03-04T16:09:44.894+0000] {processor.py:183} INFO - Processing /home/airflow/.local/lib/python3.11/site-packages/airflow/example_dags/tutorial_dag.py took 0.079 seconds
[2024-03-04T16:10:15.574+0000] {processor.py:161} INFO - Started process (PID=2015) to work on /home/airflow/.local/lib/python3.11/site-packages/airflow/example_dags/tutorial_dag.py
[2024-03-04T16:10:15.578+0000] {processor.py:830} INFO - Processing file /home/airflow/.local/lib/python3.11/site-packages/airflow/example_dags/tutorial_dag.py for tasks to queue
[2024-03-04T16:10:15.584+0000] {logging_mixin.py:188} INFO - [2024-03-04T16:10:15.583+0000] {dagbag.py:540} INFO - Filling up the DagBag from /home/airflow/.local/lib/python3.11/site-packages/airflow/example_dags/tutorial_dag.py
[2024-03-04T16:10:15.594+0000] {processor.py:840} INFO - DAG(s) 'tutorial_dag' retrieved from /home/airflow/.local/lib/python3.11/site-packages/airflow/example_dags/tutorial_dag.py
[2024-03-04T16:10:15.615+0000] {logging_mixin.py:188} INFO - [2024-03-04T16:10:15.615+0000] {dag.py:3047} INFO - Sync 1 DAGs
[2024-03-04T16:10:15.624+0000] {logging_mixin.py:188} INFO - [2024-03-04T16:10:15.624+0000] {dag.py:3834} INFO - Setting next_dagrun for tutorial_dag to None, run_after=None
[2024-03-04T16:10:15.633+0000] {processor.py:183} INFO - Processing /home/airflow/.local/lib/python3.11/site-packages/airflow/example_dags/tutorial_dag.py took 0.077 seconds
[2024-03-04T16:10:46.103+0000] {processor.py:161} INFO - Started process (PID=2070) to work on /home/airflow/.local/lib/python3.11/site-packages/airflow/example_dags/tutorial_dag.py
[2024-03-04T16:10:46.106+0000] {processor.py:830} INFO - Processing file /home/airflow/.local/lib/python3.11/site-packages/airflow/example_dags/tutorial_dag.py for tasks to queue
[2024-03-04T16:10:46.111+0000] {logging_mixin.py:188} INFO - [2024-03-04T16:10:46.110+0000] {dagbag.py:540} INFO - Filling up the DagBag from /home/airflow/.local/lib/python3.11/site-packages/airflow/example_dags/tutorial_dag.py
[2024-03-04T16:10:46.137+0000] {processor.py:840} INFO - DAG(s) 'tutorial_dag' retrieved from /home/airflow/.local/lib/python3.11/site-packages/airflow/example_dags/tutorial_dag.py
[2024-03-04T16:10:46.160+0000] {logging_mixin.py:188} INFO - [2024-03-04T16:10:46.160+0000] {dag.py:3047} INFO - Sync 1 DAGs
[2024-03-04T16:10:46.169+0000] {logging_mixin.py:188} INFO - [2024-03-04T16:10:46.169+0000] {dag.py:3834} INFO - Setting next_dagrun for tutorial_dag to None, run_after=None
[2024-03-04T16:10:46.179+0000] {processor.py:183} INFO - Processing /home/airflow/.local/lib/python3.11/site-packages/airflow/example_dags/tutorial_dag.py took 0.082 seconds
[2024-03-04T16:11:16.922+0000] {processor.py:161} INFO - Started process (PID=2125) to work on /home/airflow/.local/lib/python3.11/site-packages/airflow/example_dags/tutorial_dag.py
[2024-03-04T16:11:16.925+0000] {processor.py:830} INFO - Processing file /home/airflow/.local/lib/python3.11/site-packages/airflow/example_dags/tutorial_dag.py for tasks to queue
[2024-03-04T16:11:16.932+0000] {logging_mixin.py:188} INFO - [2024-03-04T16:11:16.931+0000] {dagbag.py:540} INFO - Filling up the DagBag from /home/airflow/.local/lib/python3.11/site-packages/airflow/example_dags/tutorial_dag.py
[2024-03-04T16:11:16.952+0000] {processor.py:840} INFO - DAG(s) 'tutorial_dag' retrieved from /home/airflow/.local/lib/python3.11/site-packages/airflow/example_dags/tutorial_dag.py
[2024-03-04T16:11:16.975+0000] {logging_mixin.py:188} INFO - [2024-03-04T16:11:16.975+0000] {dag.py:3047} INFO - Sync 1 DAGs
[2024-03-04T16:11:16.994+0000] {logging_mixin.py:188} INFO - [2024-03-04T16:11:16.994+0000] {dag.py:3834} INFO - Setting next_dagrun for tutorial_dag to None, run_after=None
[2024-03-04T16:11:17.006+0000] {processor.py:183} INFO - Processing /home/airflow/.local/lib/python3.11/site-packages/airflow/example_dags/tutorial_dag.py took 0.109 seconds
[2024-03-04T16:11:47.566+0000] {processor.py:161} INFO - Started process (PID=2180) to work on /home/airflow/.local/lib/python3.11/site-packages/airflow/example_dags/tutorial_dag.py
[2024-03-04T16:11:47.569+0000] {processor.py:830} INFO - Processing file /home/airflow/.local/lib/python3.11/site-packages/airflow/example_dags/tutorial_dag.py for tasks to queue
[2024-03-04T16:11:47.573+0000] {logging_mixin.py:188} INFO - [2024-03-04T16:11:47.572+0000] {dagbag.py:540} INFO - Filling up the DagBag from /home/airflow/.local/lib/python3.11/site-packages/airflow/example_dags/tutorial_dag.py
[2024-03-04T16:11:47.584+0000] {processor.py:840} INFO - DAG(s) 'tutorial_dag' retrieved from /home/airflow/.local/lib/python3.11/site-packages/airflow/example_dags/tutorial_dag.py
[2024-03-04T16:11:47.618+0000] {logging_mixin.py:188} INFO - [2024-03-04T16:11:47.618+0000] {dag.py:3047} INFO - Sync 1 DAGs
[2024-03-04T16:11:47.627+0000] {logging_mixin.py:188} INFO - [2024-03-04T16:11:47.627+0000] {dag.py:3834} INFO - Setting next_dagrun for tutorial_dag to None, run_after=None
[2024-03-04T16:11:47.637+0000] {processor.py:183} INFO - Processing /home/airflow/.local/lib/python3.11/site-packages/airflow/example_dags/tutorial_dag.py took 0.081 seconds
[2024-03-04T16:12:18.294+0000] {processor.py:161} INFO - Started process (PID=2235) to work on /home/airflow/.local/lib/python3.11/site-packages/airflow/example_dags/tutorial_dag.py
[2024-03-04T16:12:18.296+0000] {processor.py:830} INFO - Processing file /home/airflow/.local/lib/python3.11/site-packages/airflow/example_dags/tutorial_dag.py for tasks to queue
[2024-03-04T16:12:18.299+0000] {logging_mixin.py:188} INFO - [2024-03-04T16:12:18.299+0000] {dagbag.py:540} INFO - Filling up the DagBag from /home/airflow/.local/lib/python3.11/site-packages/airflow/example_dags/tutorial_dag.py
[2024-03-04T16:12:18.309+0000] {processor.py:840} INFO - DAG(s) 'tutorial_dag' retrieved from /home/airflow/.local/lib/python3.11/site-packages/airflow/example_dags/tutorial_dag.py
[2024-03-04T16:12:18.330+0000] {logging_mixin.py:188} INFO - [2024-03-04T16:12:18.330+0000] {dag.py:3047} INFO - Sync 1 DAGs
[2024-03-04T16:12:18.341+0000] {logging_mixin.py:188} INFO - [2024-03-04T16:12:18.341+0000] {dag.py:3834} INFO - Setting next_dagrun for tutorial_dag to None, run_after=None
[2024-03-04T16:12:18.364+0000] {processor.py:183} INFO - Processing /home/airflow/.local/lib/python3.11/site-packages/airflow/example_dags/tutorial_dag.py took 0.080 seconds
[2024-03-04T16:12:48.960+0000] {processor.py:161} INFO - Started process (PID=2290) to work on /home/airflow/.local/lib/python3.11/site-packages/airflow/example_dags/tutorial_dag.py
[2024-03-04T16:12:48.962+0000] {processor.py:830} INFO - Processing file /home/airflow/.local/lib/python3.11/site-packages/airflow/example_dags/tutorial_dag.py for tasks to queue
[2024-03-04T16:12:48.966+0000] {logging_mixin.py:188} INFO - [2024-03-04T16:12:48.965+0000] {dagbag.py:540} INFO - Filling up the DagBag from /home/airflow/.local/lib/python3.11/site-packages/airflow/example_dags/tutorial_dag.py
[2024-03-04T16:12:48.974+0000] {processor.py:840} INFO - DAG(s) 'tutorial_dag' retrieved from /home/airflow/.local/lib/python3.11/site-packages/airflow/example_dags/tutorial_dag.py
[2024-03-04T16:12:48.998+0000] {logging_mixin.py:188} INFO - [2024-03-04T16:12:48.998+0000] {dag.py:3047} INFO - Sync 1 DAGs
[2024-03-04T16:12:49.011+0000] {logging_mixin.py:188} INFO - [2024-03-04T16:12:49.011+0000] {dag.py:3834} INFO - Setting next_dagrun for tutorial_dag to None, run_after=None
[2024-03-04T16:12:49.022+0000] {processor.py:183} INFO - Processing /home/airflow/.local/lib/python3.11/site-packages/airflow/example_dags/tutorial_dag.py took 0.070 seconds
[2024-03-04T16:13:19.548+0000] {processor.py:161} INFO - Started process (PID=2345) to work on /home/airflow/.local/lib/python3.11/site-packages/airflow/example_dags/tutorial_dag.py
[2024-03-04T16:13:19.549+0000] {processor.py:830} INFO - Processing file /home/airflow/.local/lib/python3.11/site-packages/airflow/example_dags/tutorial_dag.py for tasks to queue
[2024-03-04T16:13:19.553+0000] {logging_mixin.py:188} INFO - [2024-03-04T16:13:19.553+0000] {dagbag.py:540} INFO - Filling up the DagBag from /home/airflow/.local/lib/python3.11/site-packages/airflow/example_dags/tutorial_dag.py
[2024-03-04T16:13:19.578+0000] {processor.py:840} INFO - DAG(s) 'tutorial_dag' retrieved from /home/airflow/.local/lib/python3.11/site-packages/airflow/example_dags/tutorial_dag.py
[2024-03-04T16:13:19.601+0000] {logging_mixin.py:188} INFO - [2024-03-04T16:13:19.600+0000] {dag.py:3047} INFO - Sync 1 DAGs
[2024-03-04T16:13:19.609+0000] {logging_mixin.py:188} INFO - [2024-03-04T16:13:19.609+0000] {dag.py:3834} INFO - Setting next_dagrun for tutorial_dag to None, run_after=None
[2024-03-04T16:13:19.619+0000] {processor.py:183} INFO - Processing /home/airflow/.local/lib/python3.11/site-packages/airflow/example_dags/tutorial_dag.py took 0.079 seconds
[2024-03-04T16:13:50.246+0000] {processor.py:161} INFO - Started process (PID=2400) to work on /home/airflow/.local/lib/python3.11/site-packages/airflow/example_dags/tutorial_dag.py
[2024-03-04T16:13:50.248+0000] {processor.py:830} INFO - Processing file /home/airflow/.local/lib/python3.11/site-packages/airflow/example_dags/tutorial_dag.py for tasks to queue
[2024-03-04T16:13:50.251+0000] {logging_mixin.py:188} INFO - [2024-03-04T16:13:50.251+0000] {dagbag.py:540} INFO - Filling up the DagBag from /home/airflow/.local/lib/python3.11/site-packages/airflow/example_dags/tutorial_dag.py
[2024-03-04T16:13:50.279+0000] {processor.py:840} INFO - DAG(s) 'tutorial_dag' retrieved from /home/airflow/.local/lib/python3.11/site-packages/airflow/example_dags/tutorial_dag.py
[2024-03-04T16:13:50.303+0000] {logging_mixin.py:188} INFO - [2024-03-04T16:13:50.303+0000] {dag.py:3047} INFO - Sync 1 DAGs
[2024-03-04T16:13:50.311+0000] {logging_mixin.py:188} INFO - [2024-03-04T16:13:50.311+0000] {dag.py:3834} INFO - Setting next_dagrun for tutorial_dag to None, run_after=None
[2024-03-04T16:13:50.321+0000] {processor.py:183} INFO - Processing /home/airflow/.local/lib/python3.11/site-packages/airflow/example_dags/tutorial_dag.py took 0.084 seconds
[2024-03-04T16:14:20.996+0000] {processor.py:161} INFO - Started process (PID=2455) to work on /home/airflow/.local/lib/python3.11/site-packages/airflow/example_dags/tutorial_dag.py
[2024-03-04T16:14:20.999+0000] {processor.py:830} INFO - Processing file /home/airflow/.local/lib/python3.11/site-packages/airflow/example_dags/tutorial_dag.py for tasks to queue
[2024-03-04T16:14:21.004+0000] {logging_mixin.py:188} INFO - [2024-03-04T16:14:21.003+0000] {dagbag.py:540} INFO - Filling up the DagBag from /home/airflow/.local/lib/python3.11/site-packages/airflow/example_dags/tutorial_dag.py
[2024-03-04T16:14:21.013+0000] {processor.py:840} INFO - DAG(s) 'tutorial_dag' retrieved from /home/airflow/.local/lib/python3.11/site-packages/airflow/example_dags/tutorial_dag.py
[2024-03-04T16:14:21.036+0000] {logging_mixin.py:188} INFO - [2024-03-04T16:14:21.036+0000] {dag.py:3047} INFO - Sync 1 DAGs
[2024-03-04T16:14:21.053+0000] {logging_mixin.py:188} INFO - [2024-03-04T16:14:21.053+0000] {dag.py:3834} INFO - Setting next_dagrun for tutorial_dag to None, run_after=None
[2024-03-04T16:14:21.063+0000] {processor.py:183} INFO - Processing /home/airflow/.local/lib/python3.11/site-packages/airflow/example_dags/tutorial_dag.py took 0.083 seconds
[2024-03-04T16:14:51.787+0000] {processor.py:161} INFO - Started process (PID=2510) to work on /home/airflow/.local/lib/python3.11/site-packages/airflow/example_dags/tutorial_dag.py
[2024-03-04T16:14:51.789+0000] {processor.py:830} INFO - Processing file /home/airflow/.local/lib/python3.11/site-packages/airflow/example_dags/tutorial_dag.py for tasks to queue
[2024-03-04T16:14:51.794+0000] {logging_mixin.py:188} INFO - [2024-03-04T16:14:51.793+0000] {dagbag.py:540} INFO - Filling up the DagBag from /home/airflow/.local/lib/python3.11/site-packages/airflow/example_dags/tutorial_dag.py
[2024-03-04T16:14:51.811+0000] {processor.py:840} INFO - DAG(s) 'tutorial_dag' retrieved from /home/airflow/.local/lib/python3.11/site-packages/airflow/example_dags/tutorial_dag.py
[2024-03-04T16:14:51.840+0000] {logging_mixin.py:188} INFO - [2024-03-04T16:14:51.840+0000] {dag.py:3047} INFO - Sync 1 DAGs
[2024-03-04T16:14:51.848+0000] {logging_mixin.py:188} INFO - [2024-03-04T16:14:51.848+0000] {dag.py:3834} INFO - Setting next_dagrun for tutorial_dag to None, run_after=None
[2024-03-04T16:14:51.858+0000] {processor.py:183} INFO - Processing /home/airflow/.local/lib/python3.11/site-packages/airflow/example_dags/tutorial_dag.py took 0.080 seconds
[2024-03-04T16:15:22.150+0000] {processor.py:161} INFO - Started process (PID=2565) to work on /home/airflow/.local/lib/python3.11/site-packages/airflow/example_dags/tutorial_dag.py
[2024-03-04T16:15:22.153+0000] {processor.py:830} INFO - Processing file /home/airflow/.local/lib/python3.11/site-packages/airflow/example_dags/tutorial_dag.py for tasks to queue
[2024-03-04T16:15:22.166+0000] {logging_mixin.py:188} INFO - [2024-03-04T16:15:22.164+0000] {dagbag.py:540} INFO - Filling up the DagBag from /home/airflow/.local/lib/python3.11/site-packages/airflow/example_dags/tutorial_dag.py
[2024-03-04T16:15:22.176+0000] {processor.py:840} INFO - DAG(s) 'tutorial_dag' retrieved from /home/airflow/.local/lib/python3.11/site-packages/airflow/example_dags/tutorial_dag.py
[2024-03-04T16:15:22.199+0000] {logging_mixin.py:188} INFO - [2024-03-04T16:15:22.199+0000] {dag.py:3047} INFO - Sync 1 DAGs
[2024-03-04T16:15:22.207+0000] {logging_mixin.py:188} INFO - [2024-03-04T16:15:22.207+0000] {dag.py:3834} INFO - Setting next_dagrun for tutorial_dag to None, run_after=None
[2024-03-04T16:15:22.230+0000] {processor.py:183} INFO - Processing /home/airflow/.local/lib/python3.11/site-packages/airflow/example_dags/tutorial_dag.py took 0.086 seconds
[2024-03-04T16:15:53.022+0000] {processor.py:161} INFO - Started process (PID=2620) to work on /home/airflow/.local/lib/python3.11/site-packages/airflow/example_dags/tutorial_dag.py
[2024-03-04T16:15:53.023+0000] {processor.py:830} INFO - Processing file /home/airflow/.local/lib/python3.11/site-packages/airflow/example_dags/tutorial_dag.py for tasks to queue
[2024-03-04T16:15:53.028+0000] {logging_mixin.py:188} INFO - [2024-03-04T16:15:53.028+0000] {dagbag.py:540} INFO - Filling up the DagBag from /home/airflow/.local/lib/python3.11/site-packages/airflow/example_dags/tutorial_dag.py
[2024-03-04T16:15:53.040+0000] {processor.py:840} INFO - DAG(s) 'tutorial_dag' retrieved from /home/airflow/.local/lib/python3.11/site-packages/airflow/example_dags/tutorial_dag.py
[2024-03-04T16:15:53.085+0000] {logging_mixin.py:188} INFO - [2024-03-04T16:15:53.084+0000] {dag.py:3047} INFO - Sync 1 DAGs
[2024-03-04T16:15:53.093+0000] {logging_mixin.py:188} INFO - [2024-03-04T16:15:53.093+0000] {dag.py:3834} INFO - Setting next_dagrun for tutorial_dag to None, run_after=None
[2024-03-04T16:15:53.103+0000] {processor.py:183} INFO - Processing /home/airflow/.local/lib/python3.11/site-packages/airflow/example_dags/tutorial_dag.py took 0.089 seconds
[2024-03-04T16:16:23.907+0000] {processor.py:161} INFO - Started process (PID=2675) to work on /home/airflow/.local/lib/python3.11/site-packages/airflow/example_dags/tutorial_dag.py
[2024-03-04T16:16:23.909+0000] {processor.py:830} INFO - Processing file /home/airflow/.local/lib/python3.11/site-packages/airflow/example_dags/tutorial_dag.py for tasks to queue
[2024-03-04T16:16:23.912+0000] {logging_mixin.py:188} INFO - [2024-03-04T16:16:23.912+0000] {dagbag.py:540} INFO - Filling up the DagBag from /home/airflow/.local/lib/python3.11/site-packages/airflow/example_dags/tutorial_dag.py
[2024-03-04T16:16:23.922+0000] {processor.py:840} INFO - DAG(s) 'tutorial_dag' retrieved from /home/airflow/.local/lib/python3.11/site-packages/airflow/example_dags/tutorial_dag.py
[2024-03-04T16:16:23.953+0000] {logging_mixin.py:188} INFO - [2024-03-04T16:16:23.953+0000] {dag.py:3047} INFO - Sync 1 DAGs
[2024-03-04T16:16:23.963+0000] {logging_mixin.py:188} INFO - [2024-03-04T16:16:23.963+0000] {dag.py:3834} INFO - Setting next_dagrun for tutorial_dag to None, run_after=None
[2024-03-04T16:16:23.973+0000] {processor.py:183} INFO - Processing /home/airflow/.local/lib/python3.11/site-packages/airflow/example_dags/tutorial_dag.py took 0.071 seconds
[2024-03-04T16:16:54.422+0000] {processor.py:161} INFO - Started process (PID=2730) to work on /home/airflow/.local/lib/python3.11/site-packages/airflow/example_dags/tutorial_dag.py
[2024-03-04T16:16:54.423+0000] {processor.py:830} INFO - Processing file /home/airflow/.local/lib/python3.11/site-packages/airflow/example_dags/tutorial_dag.py for tasks to queue
[2024-03-04T16:16:54.425+0000] {logging_mixin.py:188} INFO - [2024-03-04T16:16:54.425+0000] {dagbag.py:540} INFO - Filling up the DagBag from /home/airflow/.local/lib/python3.11/site-packages/airflow/example_dags/tutorial_dag.py
[2024-03-04T16:16:54.444+0000] {processor.py:840} INFO - DAG(s) 'tutorial_dag' retrieved from /home/airflow/.local/lib/python3.11/site-packages/airflow/example_dags/tutorial_dag.py
[2024-03-04T16:16:54.468+0000] {logging_mixin.py:188} INFO - [2024-03-04T16:16:54.468+0000] {dag.py:3047} INFO - Sync 1 DAGs
[2024-03-04T16:16:54.478+0000] {logging_mixin.py:188} INFO - [2024-03-04T16:16:54.478+0000] {dag.py:3834} INFO - Setting next_dagrun for tutorial_dag to None, run_after=None
[2024-03-04T16:16:54.488+0000] {processor.py:183} INFO - Processing /home/airflow/.local/lib/python3.11/site-packages/airflow/example_dags/tutorial_dag.py took 0.070 seconds
[2024-03-04T16:17:25.106+0000] {processor.py:161} INFO - Started process (PID=2785) to work on /home/airflow/.local/lib/python3.11/site-packages/airflow/example_dags/tutorial_dag.py
[2024-03-04T16:17:25.108+0000] {processor.py:830} INFO - Processing file /home/airflow/.local/lib/python3.11/site-packages/airflow/example_dags/tutorial_dag.py for tasks to queue
[2024-03-04T16:17:25.111+0000] {logging_mixin.py:188} INFO - [2024-03-04T16:17:25.111+0000] {dagbag.py:540} INFO - Filling up the DagBag from /home/airflow/.local/lib/python3.11/site-packages/airflow/example_dags/tutorial_dag.py
[2024-03-04T16:17:25.121+0000] {processor.py:840} INFO - DAG(s) 'tutorial_dag' retrieved from /home/airflow/.local/lib/python3.11/site-packages/airflow/example_dags/tutorial_dag.py
[2024-03-04T16:17:25.152+0000] {logging_mixin.py:188} INFO - [2024-03-04T16:17:25.151+0000] {dag.py:3047} INFO - Sync 1 DAGs
[2024-03-04T16:17:25.167+0000] {logging_mixin.py:188} INFO - [2024-03-04T16:17:25.167+0000] {dag.py:3834} INFO - Setting next_dagrun for tutorial_dag to None, run_after=None
[2024-03-04T16:17:25.184+0000] {processor.py:183} INFO - Processing /home/airflow/.local/lib/python3.11/site-packages/airflow/example_dags/tutorial_dag.py took 0.083 seconds
[2024-03-04T16:17:55.544+0000] {processor.py:161} INFO - Started process (PID=2840) to work on /home/airflow/.local/lib/python3.11/site-packages/airflow/example_dags/tutorial_dag.py
[2024-03-04T16:17:55.549+0000] {processor.py:830} INFO - Processing file /home/airflow/.local/lib/python3.11/site-packages/airflow/example_dags/tutorial_dag.py for tasks to queue
[2024-03-04T16:17:55.559+0000] {logging_mixin.py:188} INFO - [2024-03-04T16:17:55.558+0000] {dagbag.py:540} INFO - Filling up the DagBag from /home/airflow/.local/lib/python3.11/site-packages/airflow/example_dags/tutorial_dag.py
[2024-03-04T16:17:55.568+0000] {processor.py:840} INFO - DAG(s) 'tutorial_dag' retrieved from /home/airflow/.local/lib/python3.11/site-packages/airflow/example_dags/tutorial_dag.py
[2024-03-04T16:17:55.588+0000] {logging_mixin.py:188} INFO - [2024-03-04T16:17:55.587+0000] {dag.py:3047} INFO - Sync 1 DAGs
[2024-03-04T16:17:55.595+0000] {logging_mixin.py:188} INFO - [2024-03-04T16:17:55.595+0000] {dag.py:3834} INFO - Setting next_dagrun for tutorial_dag to None, run_after=None
[2024-03-04T16:17:55.605+0000] {processor.py:183} INFO - Processing /home/airflow/.local/lib/python3.11/site-packages/airflow/example_dags/tutorial_dag.py took 0.069 seconds
[2024-03-04T16:18:25.870+0000] {processor.py:161} INFO - Started process (PID=2895) to work on /home/airflow/.local/lib/python3.11/site-packages/airflow/example_dags/tutorial_dag.py
[2024-03-04T16:18:25.872+0000] {processor.py:830} INFO - Processing file /home/airflow/.local/lib/python3.11/site-packages/airflow/example_dags/tutorial_dag.py for tasks to queue
[2024-03-04T16:18:25.875+0000] {logging_mixin.py:188} INFO - [2024-03-04T16:18:25.875+0000] {dagbag.py:540} INFO - Filling up the DagBag from /home/airflow/.local/lib/python3.11/site-packages/airflow/example_dags/tutorial_dag.py
[2024-03-04T16:18:25.885+0000] {processor.py:840} INFO - DAG(s) 'tutorial_dag' retrieved from /home/airflow/.local/lib/python3.11/site-packages/airflow/example_dags/tutorial_dag.py
[2024-03-04T16:18:25.919+0000] {logging_mixin.py:188} INFO - [2024-03-04T16:18:25.919+0000] {dag.py:3047} INFO - Sync 1 DAGs
[2024-03-04T16:18:25.928+0000] {logging_mixin.py:188} INFO - [2024-03-04T16:18:25.928+0000] {dag.py:3834} INFO - Setting next_dagrun for tutorial_dag to None, run_after=None
[2024-03-04T16:18:25.939+0000] {processor.py:183} INFO - Processing /home/airflow/.local/lib/python3.11/site-packages/airflow/example_dags/tutorial_dag.py took 0.075 seconds
[2024-03-04T16:18:56.091+0000] {processor.py:161} INFO - Started process (PID=2950) to work on /home/airflow/.local/lib/python3.11/site-packages/airflow/example_dags/tutorial_dag.py
[2024-03-04T16:18:56.092+0000] {processor.py:830} INFO - Processing file /home/airflow/.local/lib/python3.11/site-packages/airflow/example_dags/tutorial_dag.py for tasks to queue
[2024-03-04T16:18:56.096+0000] {logging_mixin.py:188} INFO - [2024-03-04T16:18:56.095+0000] {dagbag.py:540} INFO - Filling up the DagBag from /home/airflow/.local/lib/python3.11/site-packages/airflow/example_dags/tutorial_dag.py
[2024-03-04T16:18:56.106+0000] {processor.py:840} INFO - DAG(s) 'tutorial_dag' retrieved from /home/airflow/.local/lib/python3.11/site-packages/airflow/example_dags/tutorial_dag.py
[2024-03-04T16:18:56.128+0000] {logging_mixin.py:188} INFO - [2024-03-04T16:18:56.127+0000] {dag.py:3047} INFO - Sync 1 DAGs
[2024-03-04T16:18:56.150+0000] {logging_mixin.py:188} INFO - [2024-03-04T16:18:56.150+0000] {dag.py:3834} INFO - Setting next_dagrun for tutorial_dag to None, run_after=None
[2024-03-04T16:18:56.161+0000] {processor.py:183} INFO - Processing /home/airflow/.local/lib/python3.11/site-packages/airflow/example_dags/tutorial_dag.py took 0.075 seconds
[2024-03-04T16:19:26.297+0000] {processor.py:161} INFO - Started process (PID=3005) to work on /home/airflow/.local/lib/python3.11/site-packages/airflow/example_dags/tutorial_dag.py
[2024-03-04T16:19:26.300+0000] {processor.py:830} INFO - Processing file /home/airflow/.local/lib/python3.11/site-packages/airflow/example_dags/tutorial_dag.py for tasks to queue
[2024-03-04T16:19:26.304+0000] {logging_mixin.py:188} INFO - [2024-03-04T16:19:26.304+0000] {dagbag.py:540} INFO - Filling up the DagBag from /home/airflow/.local/lib/python3.11/site-packages/airflow/example_dags/tutorial_dag.py
[2024-03-04T16:19:26.314+0000] {processor.py:840} INFO - DAG(s) 'tutorial_dag' retrieved from /home/airflow/.local/lib/python3.11/site-packages/airflow/example_dags/tutorial_dag.py
[2024-03-04T16:19:26.344+0000] {logging_mixin.py:188} INFO - [2024-03-04T16:19:26.344+0000] {dag.py:3047} INFO - Sync 1 DAGs
[2024-03-04T16:19:26.361+0000] {logging_mixin.py:188} INFO - [2024-03-04T16:19:26.361+0000] {dag.py:3834} INFO - Setting next_dagrun for tutorial_dag to None, run_after=None
[2024-03-04T16:19:26.372+0000] {processor.py:183} INFO - Processing /home/airflow/.local/lib/python3.11/site-packages/airflow/example_dags/tutorial_dag.py took 0.083 seconds
[2024-03-04T16:19:56.634+0000] {processor.py:161} INFO - Started process (PID=3060) to work on /home/airflow/.local/lib/python3.11/site-packages/airflow/example_dags/tutorial_dag.py
[2024-03-04T16:19:56.644+0000] {processor.py:830} INFO - Processing file /home/airflow/.local/lib/python3.11/site-packages/airflow/example_dags/tutorial_dag.py for tasks to queue
[2024-03-04T16:19:56.656+0000] {logging_mixin.py:188} INFO - [2024-03-04T16:19:56.655+0000] {dagbag.py:540} INFO - Filling up the DagBag from /home/airflow/.local/lib/python3.11/site-packages/airflow/example_dags/tutorial_dag.py
[2024-03-04T16:19:56.690+0000] {processor.py:840} INFO - DAG(s) 'tutorial_dag' retrieved from /home/airflow/.local/lib/python3.11/site-packages/airflow/example_dags/tutorial_dag.py
[2024-03-04T16:19:56.743+0000] {logging_mixin.py:188} INFO - [2024-03-04T16:19:56.742+0000] {dag.py:3047} INFO - Sync 1 DAGs
[2024-03-04T16:19:56.757+0000] {logging_mixin.py:188} INFO - [2024-03-04T16:19:56.756+0000] {dag.py:3834} INFO - Setting next_dagrun for tutorial_dag to None, run_after=None
[2024-03-04T16:19:56.867+0000] {processor.py:183} INFO - Processing /home/airflow/.local/lib/python3.11/site-packages/airflow/example_dags/tutorial_dag.py took 0.243 seconds
[2024-03-04T16:20:27.154+0000] {processor.py:161} INFO - Started process (PID=3115) to work on /home/airflow/.local/lib/python3.11/site-packages/airflow/example_dags/tutorial_dag.py
[2024-03-04T16:20:27.156+0000] {processor.py:830} INFO - Processing file /home/airflow/.local/lib/python3.11/site-packages/airflow/example_dags/tutorial_dag.py for tasks to queue
[2024-03-04T16:20:27.158+0000] {logging_mixin.py:188} INFO - [2024-03-04T16:20:27.158+0000] {dagbag.py:540} INFO - Filling up the DagBag from /home/airflow/.local/lib/python3.11/site-packages/airflow/example_dags/tutorial_dag.py
[2024-03-04T16:20:27.166+0000] {processor.py:840} INFO - DAG(s) 'tutorial_dag' retrieved from /home/airflow/.local/lib/python3.11/site-packages/airflow/example_dags/tutorial_dag.py
[2024-03-04T16:20:27.192+0000] {logging_mixin.py:188} INFO - [2024-03-04T16:20:27.191+0000] {dag.py:3047} INFO - Sync 1 DAGs
[2024-03-04T16:20:27.199+0000] {logging_mixin.py:188} INFO - [2024-03-04T16:20:27.199+0000] {dag.py:3834} INFO - Setting next_dagrun for tutorial_dag to None, run_after=None
[2024-03-04T16:20:27.208+0000] {processor.py:183} INFO - Processing /home/airflow/.local/lib/python3.11/site-packages/airflow/example_dags/tutorial_dag.py took 0.058 seconds
[2024-03-04T16:20:57.252+0000] {processor.py:161} INFO - Started process (PID=3170) to work on /home/airflow/.local/lib/python3.11/site-packages/airflow/example_dags/tutorial_dag.py
[2024-03-04T16:20:57.254+0000] {processor.py:830} INFO - Processing file /home/airflow/.local/lib/python3.11/site-packages/airflow/example_dags/tutorial_dag.py for tasks to queue
[2024-03-04T16:20:57.257+0000] {logging_mixin.py:188} INFO - [2024-03-04T16:20:57.257+0000] {dagbag.py:540} INFO - Filling up the DagBag from /home/airflow/.local/lib/python3.11/site-packages/airflow/example_dags/tutorial_dag.py
[2024-03-04T16:20:57.278+0000] {processor.py:840} INFO - DAG(s) 'tutorial_dag' retrieved from /home/airflow/.local/lib/python3.11/site-packages/airflow/example_dags/tutorial_dag.py
[2024-03-04T16:20:57.308+0000] {logging_mixin.py:188} INFO - [2024-03-04T16:20:57.307+0000] {dag.py:3047} INFO - Sync 1 DAGs
[2024-03-04T16:20:57.347+0000] {logging_mixin.py:188} INFO - [2024-03-04T16:20:57.346+0000] {dag.py:3834} INFO - Setting next_dagrun for tutorial_dag to None, run_after=None
[2024-03-04T16:20:57.369+0000] {processor.py:183} INFO - Processing /home/airflow/.local/lib/python3.11/site-packages/airflow/example_dags/tutorial_dag.py took 0.123 seconds
[2024-03-04T16:21:27.506+0000] {processor.py:161} INFO - Started process (PID=3225) to work on /home/airflow/.local/lib/python3.11/site-packages/airflow/example_dags/tutorial_dag.py
[2024-03-04T16:21:27.507+0000] {processor.py:830} INFO - Processing file /home/airflow/.local/lib/python3.11/site-packages/airflow/example_dags/tutorial_dag.py for tasks to queue
[2024-03-04T16:21:27.510+0000] {logging_mixin.py:188} INFO - [2024-03-04T16:21:27.509+0000] {dagbag.py:540} INFO - Filling up the DagBag from /home/airflow/.local/lib/python3.11/site-packages/airflow/example_dags/tutorial_dag.py
[2024-03-04T16:21:27.529+0000] {processor.py:840} INFO - DAG(s) 'tutorial_dag' retrieved from /home/airflow/.local/lib/python3.11/site-packages/airflow/example_dags/tutorial_dag.py
[2024-03-04T16:21:27.548+0000] {logging_mixin.py:188} INFO - [2024-03-04T16:21:27.548+0000] {dag.py:3047} INFO - Sync 1 DAGs
[2024-03-04T16:21:27.556+0000] {logging_mixin.py:188} INFO - [2024-03-04T16:21:27.556+0000] {dag.py:3834} INFO - Setting next_dagrun for tutorial_dag to None, run_after=None
[2024-03-04T16:21:27.572+0000] {processor.py:183} INFO - Processing /home/airflow/.local/lib/python3.11/site-packages/airflow/example_dags/tutorial_dag.py took 0.070 seconds
[2024-03-04T16:21:57.998+0000] {processor.py:161} INFO - Started process (PID=3280) to work on /home/airflow/.local/lib/python3.11/site-packages/airflow/example_dags/tutorial_dag.py
[2024-03-04T16:21:58.000+0000] {processor.py:830} INFO - Processing file /home/airflow/.local/lib/python3.11/site-packages/airflow/example_dags/tutorial_dag.py for tasks to queue
[2024-03-04T16:21:58.018+0000] {logging_mixin.py:188} INFO - [2024-03-04T16:21:58.017+0000] {dagbag.py:540} INFO - Filling up the DagBag from /home/airflow/.local/lib/python3.11/site-packages/airflow/example_dags/tutorial_dag.py
[2024-03-04T16:21:58.031+0000] {processor.py:840} INFO - DAG(s) 'tutorial_dag' retrieved from /home/airflow/.local/lib/python3.11/site-packages/airflow/example_dags/tutorial_dag.py
[2024-03-04T16:21:58.052+0000] {logging_mixin.py:188} INFO - [2024-03-04T16:21:58.052+0000] {dag.py:3047} INFO - Sync 1 DAGs
[2024-03-04T16:21:58.060+0000] {logging_mixin.py:188} INFO - [2024-03-04T16:21:58.060+0000] {dag.py:3834} INFO - Setting next_dagrun for tutorial_dag to None, run_after=None
[2024-03-04T16:21:58.070+0000] {processor.py:183} INFO - Processing /home/airflow/.local/lib/python3.11/site-packages/airflow/example_dags/tutorial_dag.py took 0.079 seconds
[2024-03-04T16:22:28.208+0000] {processor.py:161} INFO - Started process (PID=3335) to work on /home/airflow/.local/lib/python3.11/site-packages/airflow/example_dags/tutorial_dag.py
[2024-03-04T16:22:28.209+0000] {processor.py:830} INFO - Processing file /home/airflow/.local/lib/python3.11/site-packages/airflow/example_dags/tutorial_dag.py for tasks to queue
[2024-03-04T16:22:28.212+0000] {logging_mixin.py:188} INFO - [2024-03-04T16:22:28.212+0000] {dagbag.py:540} INFO - Filling up the DagBag from /home/airflow/.local/lib/python3.11/site-packages/airflow/example_dags/tutorial_dag.py
[2024-03-04T16:22:28.233+0000] {processor.py:840} INFO - DAG(s) 'tutorial_dag' retrieved from /home/airflow/.local/lib/python3.11/site-packages/airflow/example_dags/tutorial_dag.py
[2024-03-04T16:22:28.262+0000] {logging_mixin.py:188} INFO - [2024-03-04T16:22:28.262+0000] {dag.py:3047} INFO - Sync 1 DAGs
[2024-03-04T16:22:28.270+0000] {logging_mixin.py:188} INFO - [2024-03-04T16:22:28.270+0000] {dag.py:3834} INFO - Setting next_dagrun for tutorial_dag to None, run_after=None
[2024-03-04T16:22:28.280+0000] {processor.py:183} INFO - Processing /home/airflow/.local/lib/python3.11/site-packages/airflow/example_dags/tutorial_dag.py took 0.077 seconds
[2024-03-04T16:22:58.439+0000] {processor.py:161} INFO - Started process (PID=3390) to work on /home/airflow/.local/lib/python3.11/site-packages/airflow/example_dags/tutorial_dag.py
[2024-03-04T16:22:58.441+0000] {processor.py:830} INFO - Processing file /home/airflow/.local/lib/python3.11/site-packages/airflow/example_dags/tutorial_dag.py for tasks to queue
[2024-03-04T16:22:58.444+0000] {logging_mixin.py:188} INFO - [2024-03-04T16:22:58.443+0000] {dagbag.py:540} INFO - Filling up the DagBag from /home/airflow/.local/lib/python3.11/site-packages/airflow/example_dags/tutorial_dag.py
[2024-03-04T16:22:58.462+0000] {processor.py:840} INFO - DAG(s) 'tutorial_dag' retrieved from /home/airflow/.local/lib/python3.11/site-packages/airflow/example_dags/tutorial_dag.py
[2024-03-04T16:22:58.496+0000] {logging_mixin.py:188} INFO - [2024-03-04T16:22:58.495+0000] {dag.py:3047} INFO - Sync 1 DAGs
[2024-03-04T16:22:58.505+0000] {logging_mixin.py:188} INFO - [2024-03-04T16:22:58.505+0000] {dag.py:3834} INFO - Setting next_dagrun for tutorial_dag to None, run_after=None
[2024-03-04T16:22:58.516+0000] {processor.py:183} INFO - Processing /home/airflow/.local/lib/python3.11/site-packages/airflow/example_dags/tutorial_dag.py took 0.082 seconds
[2024-03-04T16:23:28.658+0000] {processor.py:161} INFO - Started process (PID=3444) to work on /home/airflow/.local/lib/python3.11/site-packages/airflow/example_dags/tutorial_dag.py
[2024-03-04T16:23:28.660+0000] {processor.py:830} INFO - Processing file /home/airflow/.local/lib/python3.11/site-packages/airflow/example_dags/tutorial_dag.py for tasks to queue
[2024-03-04T16:23:28.663+0000] {logging_mixin.py:188} INFO - [2024-03-04T16:23:28.662+0000] {dagbag.py:540} INFO - Filling up the DagBag from /home/airflow/.local/lib/python3.11/site-packages/airflow/example_dags/tutorial_dag.py
[2024-03-04T16:23:28.671+0000] {processor.py:840} INFO - DAG(s) 'tutorial_dag' retrieved from /home/airflow/.local/lib/python3.11/site-packages/airflow/example_dags/tutorial_dag.py
[2024-03-04T16:23:28.706+0000] {logging_mixin.py:188} INFO - [2024-03-04T16:23:28.705+0000] {dag.py:3047} INFO - Sync 1 DAGs
[2024-03-04T16:23:28.714+0000] {logging_mixin.py:188} INFO - [2024-03-04T16:23:28.714+0000] {dag.py:3834} INFO - Setting next_dagrun for tutorial_dag to None, run_after=None
[2024-03-04T16:23:28.725+0000] {processor.py:183} INFO - Processing /home/airflow/.local/lib/python3.11/site-packages/airflow/example_dags/tutorial_dag.py took 0.071 seconds
[2024-03-04T16:23:59.186+0000] {processor.py:161} INFO - Started process (PID=3499) to work on /home/airflow/.local/lib/python3.11/site-packages/airflow/example_dags/tutorial_dag.py
[2024-03-04T16:23:59.188+0000] {processor.py:830} INFO - Processing file /home/airflow/.local/lib/python3.11/site-packages/airflow/example_dags/tutorial_dag.py for tasks to queue
[2024-03-04T16:23:59.191+0000] {logging_mixin.py:188} INFO - [2024-03-04T16:23:59.191+0000] {dagbag.py:540} INFO - Filling up the DagBag from /home/airflow/.local/lib/python3.11/site-packages/airflow/example_dags/tutorial_dag.py
[2024-03-04T16:23:59.212+0000] {processor.py:840} INFO - DAG(s) 'tutorial_dag' retrieved from /home/airflow/.local/lib/python3.11/site-packages/airflow/example_dags/tutorial_dag.py
[2024-03-04T16:23:59.237+0000] {logging_mixin.py:188} INFO - [2024-03-04T16:23:59.237+0000] {dag.py:3047} INFO - Sync 1 DAGs
[2024-03-04T16:23:59.246+0000] {logging_mixin.py:188} INFO - [2024-03-04T16:23:59.246+0000] {dag.py:3834} INFO - Setting next_dagrun for tutorial_dag to None, run_after=None
[2024-03-04T16:23:59.273+0000] {processor.py:183} INFO - Processing /home/airflow/.local/lib/python3.11/site-packages/airflow/example_dags/tutorial_dag.py took 0.092 seconds
[2024-03-04T16:24:29.333+0000] {processor.py:161} INFO - Started process (PID=3554) to work on /home/airflow/.local/lib/python3.11/site-packages/airflow/example_dags/tutorial_dag.py
[2024-03-04T16:24:29.336+0000] {processor.py:830} INFO - Processing file /home/airflow/.local/lib/python3.11/site-packages/airflow/example_dags/tutorial_dag.py for tasks to queue
[2024-03-04T16:24:29.347+0000] {logging_mixin.py:188} INFO - [2024-03-04T16:24:29.346+0000] {dagbag.py:540} INFO - Filling up the DagBag from /home/airflow/.local/lib/python3.11/site-packages/airflow/example_dags/tutorial_dag.py
[2024-03-04T16:24:29.367+0000] {processor.py:840} INFO - DAG(s) 'tutorial_dag' retrieved from /home/airflow/.local/lib/python3.11/site-packages/airflow/example_dags/tutorial_dag.py
[2024-03-04T16:24:29.387+0000] {logging_mixin.py:188} INFO - [2024-03-04T16:24:29.386+0000] {dag.py:3047} INFO - Sync 1 DAGs
[2024-03-04T16:24:29.398+0000] {logging_mixin.py:188} INFO - [2024-03-04T16:24:29.398+0000] {dag.py:3834} INFO - Setting next_dagrun for tutorial_dag to None, run_after=None
[2024-03-04T16:24:29.416+0000] {processor.py:183} INFO - Processing /home/airflow/.local/lib/python3.11/site-packages/airflow/example_dags/tutorial_dag.py took 0.089 seconds
[2024-03-04T16:24:59.649+0000] {processor.py:161} INFO - Started process (PID=3609) to work on /home/airflow/.local/lib/python3.11/site-packages/airflow/example_dags/tutorial_dag.py
[2024-03-04T16:24:59.652+0000] {processor.py:830} INFO - Processing file /home/airflow/.local/lib/python3.11/site-packages/airflow/example_dags/tutorial_dag.py for tasks to queue
[2024-03-04T16:24:59.655+0000] {logging_mixin.py:188} INFO - [2024-03-04T16:24:59.654+0000] {dagbag.py:540} INFO - Filling up the DagBag from /home/airflow/.local/lib/python3.11/site-packages/airflow/example_dags/tutorial_dag.py
[2024-03-04T16:24:59.663+0000] {processor.py:840} INFO - DAG(s) 'tutorial_dag' retrieved from /home/airflow/.local/lib/python3.11/site-packages/airflow/example_dags/tutorial_dag.py
[2024-03-04T16:24:59.700+0000] {logging_mixin.py:188} INFO - [2024-03-04T16:24:59.700+0000] {dag.py:3047} INFO - Sync 1 DAGs
[2024-03-04T16:24:59.710+0000] {logging_mixin.py:188} INFO - [2024-03-04T16:24:59.710+0000] {dag.py:3834} INFO - Setting next_dagrun for tutorial_dag to None, run_after=None
[2024-03-04T16:24:59.734+0000] {processor.py:183} INFO - Processing /home/airflow/.local/lib/python3.11/site-packages/airflow/example_dags/tutorial_dag.py took 0.091 seconds
[2024-03-04T16:25:29.960+0000] {processor.py:161} INFO - Started process (PID=3664) to work on /home/airflow/.local/lib/python3.11/site-packages/airflow/example_dags/tutorial_dag.py
[2024-03-04T16:25:29.962+0000] {processor.py:830} INFO - Processing file /home/airflow/.local/lib/python3.11/site-packages/airflow/example_dags/tutorial_dag.py for tasks to queue
[2024-03-04T16:25:29.965+0000] {logging_mixin.py:188} INFO - [2024-03-04T16:25:29.964+0000] {dagbag.py:540} INFO - Filling up the DagBag from /home/airflow/.local/lib/python3.11/site-packages/airflow/example_dags/tutorial_dag.py
[2024-03-04T16:25:29.977+0000] {processor.py:840} INFO - DAG(s) 'tutorial_dag' retrieved from /home/airflow/.local/lib/python3.11/site-packages/airflow/example_dags/tutorial_dag.py
[2024-03-04T16:25:30.006+0000] {logging_mixin.py:188} INFO - [2024-03-04T16:25:30.006+0000] {dag.py:3047} INFO - Sync 1 DAGs
[2024-03-04T16:25:30.022+0000] {logging_mixin.py:188} INFO - [2024-03-04T16:25:30.022+0000] {dag.py:3834} INFO - Setting next_dagrun for tutorial_dag to None, run_after=None
[2024-03-04T16:25:30.040+0000] {processor.py:183} INFO - Processing /home/airflow/.local/lib/python3.11/site-packages/airflow/example_dags/tutorial_dag.py took 0.085 seconds
[2024-03-04T16:26:00.507+0000] {processor.py:161} INFO - Started process (PID=3719) to work on /home/airflow/.local/lib/python3.11/site-packages/airflow/example_dags/tutorial_dag.py
[2024-03-04T16:26:00.512+0000] {processor.py:830} INFO - Processing file /home/airflow/.local/lib/python3.11/site-packages/airflow/example_dags/tutorial_dag.py for tasks to queue
[2024-03-04T16:26:00.528+0000] {logging_mixin.py:188} INFO - [2024-03-04T16:26:00.527+0000] {dagbag.py:540} INFO - Filling up the DagBag from /home/airflow/.local/lib/python3.11/site-packages/airflow/example_dags/tutorial_dag.py
[2024-03-04T16:26:00.540+0000] {processor.py:840} INFO - DAG(s) 'tutorial_dag' retrieved from /home/airflow/.local/lib/python3.11/site-packages/airflow/example_dags/tutorial_dag.py
[2024-03-04T16:26:00.579+0000] {logging_mixin.py:188} INFO - [2024-03-04T16:26:00.579+0000] {dag.py:3047} INFO - Sync 1 DAGs
[2024-03-04T16:26:00.589+0000] {logging_mixin.py:188} INFO - [2024-03-04T16:26:00.588+0000] {dag.py:3834} INFO - Setting next_dagrun for tutorial_dag to None, run_after=None
[2024-03-04T16:26:00.606+0000] {processor.py:183} INFO - Processing /home/airflow/.local/lib/python3.11/site-packages/airflow/example_dags/tutorial_dag.py took 0.117 seconds
[2024-03-04T16:26:30.822+0000] {processor.py:161} INFO - Started process (PID=3774) to work on /home/airflow/.local/lib/python3.11/site-packages/airflow/example_dags/tutorial_dag.py
[2024-03-04T16:26:30.824+0000] {processor.py:830} INFO - Processing file /home/airflow/.local/lib/python3.11/site-packages/airflow/example_dags/tutorial_dag.py for tasks to queue
[2024-03-04T16:26:30.828+0000] {logging_mixin.py:188} INFO - [2024-03-04T16:26:30.828+0000] {dagbag.py:540} INFO - Filling up the DagBag from /home/airflow/.local/lib/python3.11/site-packages/airflow/example_dags/tutorial_dag.py
[2024-03-04T16:26:30.837+0000] {processor.py:840} INFO - DAG(s) 'tutorial_dag' retrieved from /home/airflow/.local/lib/python3.11/site-packages/airflow/example_dags/tutorial_dag.py
[2024-03-04T16:26:30.867+0000] {logging_mixin.py:188} INFO - [2024-03-04T16:26:30.867+0000] {dag.py:3047} INFO - Sync 1 DAGs
[2024-03-04T16:26:30.876+0000] {logging_mixin.py:188} INFO - [2024-03-04T16:26:30.876+0000] {dag.py:3834} INFO - Setting next_dagrun for tutorial_dag to None, run_after=None
[2024-03-04T16:26:30.887+0000] {processor.py:183} INFO - Processing /home/airflow/.local/lib/python3.11/site-packages/airflow/example_dags/tutorial_dag.py took 0.077 seconds
[2024-03-04T16:27:00.946+0000] {processor.py:161} INFO - Started process (PID=3829) to work on /home/airflow/.local/lib/python3.11/site-packages/airflow/example_dags/tutorial_dag.py
[2024-03-04T16:27:00.947+0000] {processor.py:830} INFO - Processing file /home/airflow/.local/lib/python3.11/site-packages/airflow/example_dags/tutorial_dag.py for tasks to queue
[2024-03-04T16:27:00.952+0000] {logging_mixin.py:188} INFO - [2024-03-04T16:27:00.950+0000] {dagbag.py:540} INFO - Filling up the DagBag from /home/airflow/.local/lib/python3.11/site-packages/airflow/example_dags/tutorial_dag.py
[2024-03-04T16:27:00.974+0000] {processor.py:840} INFO - DAG(s) 'tutorial_dag' retrieved from /home/airflow/.local/lib/python3.11/site-packages/airflow/example_dags/tutorial_dag.py
[2024-03-04T16:27:00.995+0000] {logging_mixin.py:188} INFO - [2024-03-04T16:27:00.995+0000] {dag.py:3047} INFO - Sync 1 DAGs
[2024-03-04T16:27:01.003+0000] {logging_mixin.py:188} INFO - [2024-03-04T16:27:01.003+0000] {dag.py:3834} INFO - Setting next_dagrun for tutorial_dag to None, run_after=None
[2024-03-04T16:27:01.014+0000] {processor.py:183} INFO - Processing /home/airflow/.local/lib/python3.11/site-packages/airflow/example_dags/tutorial_dag.py took 0.073 seconds
[2024-03-04T16:27:31.063+0000] {processor.py:161} INFO - Started process (PID=3884) to work on /home/airflow/.local/lib/python3.11/site-packages/airflow/example_dags/tutorial_dag.py
[2024-03-04T16:27:31.064+0000] {processor.py:830} INFO - Processing file /home/airflow/.local/lib/python3.11/site-packages/airflow/example_dags/tutorial_dag.py for tasks to queue
[2024-03-04T16:27:31.066+0000] {logging_mixin.py:188} INFO - [2024-03-04T16:27:31.066+0000] {dagbag.py:540} INFO - Filling up the DagBag from /home/airflow/.local/lib/python3.11/site-packages/airflow/example_dags/tutorial_dag.py
[2024-03-04T16:27:31.072+0000] {processor.py:840} INFO - DAG(s) 'tutorial_dag' retrieved from /home/airflow/.local/lib/python3.11/site-packages/airflow/example_dags/tutorial_dag.py
[2024-03-04T16:27:31.085+0000] {logging_mixin.py:188} INFO - [2024-03-04T16:27:31.085+0000] {dag.py:3047} INFO - Sync 1 DAGs
[2024-03-04T16:27:31.095+0000] {logging_mixin.py:188} INFO - [2024-03-04T16:27:31.095+0000] {dag.py:3834} INFO - Setting next_dagrun for tutorial_dag to None, run_after=None
[2024-03-04T16:27:31.103+0000] {processor.py:183} INFO - Processing /home/airflow/.local/lib/python3.11/site-packages/airflow/example_dags/tutorial_dag.py took 0.044 seconds
[2024-03-04T16:28:01.354+0000] {processor.py:161} INFO - Started process (PID=3939) to work on /home/airflow/.local/lib/python3.11/site-packages/airflow/example_dags/tutorial_dag.py
[2024-03-04T16:28:01.354+0000] {processor.py:830} INFO - Processing file /home/airflow/.local/lib/python3.11/site-packages/airflow/example_dags/tutorial_dag.py for tasks to queue
[2024-03-04T16:28:01.356+0000] {logging_mixin.py:188} INFO - [2024-03-04T16:28:01.356+0000] {dagbag.py:540} INFO - Filling up the DagBag from /home/airflow/.local/lib/python3.11/site-packages/airflow/example_dags/tutorial_dag.py
[2024-03-04T16:28:01.359+0000] {processor.py:840} INFO - DAG(s) 'tutorial_dag' retrieved from /home/airflow/.local/lib/python3.11/site-packages/airflow/example_dags/tutorial_dag.py
[2024-03-04T16:28:01.369+0000] {logging_mixin.py:188} INFO - [2024-03-04T16:28:01.369+0000] {dag.py:3047} INFO - Sync 1 DAGs
[2024-03-04T16:28:01.374+0000] {logging_mixin.py:188} INFO - [2024-03-04T16:28:01.374+0000] {dag.py:3834} INFO - Setting next_dagrun for tutorial_dag to None, run_after=None
[2024-03-04T16:28:01.382+0000] {processor.py:183} INFO - Processing /home/airflow/.local/lib/python3.11/site-packages/airflow/example_dags/tutorial_dag.py took 0.031 seconds
