[2024-03-04T15:51:56.478+0000] {processor.py:161} INFO - Started process (PID=51) to work on /home/airflow/.local/lib/python3.11/site-packages/airflow/example_dags/tutorial_objectstorage.py
[2024-03-04T15:51:56.479+0000] {processor.py:830} INFO - Processing file /home/airflow/.local/lib/python3.11/site-packages/airflow/example_dags/tutorial_objectstorage.py for tasks to queue
[2024-03-04T15:51:56.481+0000] {logging_mixin.py:188} INFO - [2024-03-04T15:51:56.480+0000] {dagbag.py:540} INFO - Filling up the DagBag from /home/airflow/.local/lib/python3.11/site-packages/airflow/example_dags/tutorial_objectstorage.py
[2024-03-04T15:51:56.496+0000] {processor.py:840} INFO - DAG(s) 'tutorial_objectstorage' retrieved from /home/airflow/.local/lib/python3.11/site-packages/airflow/example_dags/tutorial_objectstorage.py
[2024-03-04T15:51:56.655+0000] {logging_mixin.py:188} INFO - [2024-03-04T15:51:56.654+0000] {override.py:1769} INFO - Created Permission View: can read on DAG:tutorial_objectstorage
[2024-03-04T15:51:56.660+0000] {logging_mixin.py:188} INFO - [2024-03-04T15:51:56.660+0000] {override.py:1769} INFO - Created Permission View: can delete on DAG:tutorial_objectstorage
[2024-03-04T15:51:56.663+0000] {logging_mixin.py:188} INFO - [2024-03-04T15:51:56.663+0000] {override.py:1769} INFO - Created Permission View: can edit on DAG:tutorial_objectstorage
[2024-03-04T15:51:56.663+0000] {logging_mixin.py:188} INFO - [2024-03-04T15:51:56.663+0000] {dag.py:3047} INFO - Sync 1 DAGs
[2024-03-04T15:51:56.669+0000] {logging_mixin.py:188} INFO - [2024-03-04T15:51:56.669+0000] {dag.py:3069} INFO - Creating ORM DAG for tutorial_objectstorage
[2024-03-04T15:51:56.669+0000] {logging_mixin.py:188} INFO - [2024-03-04T15:51:56.669+0000] {dag.py:3834} INFO - Setting next_dagrun for tutorial_objectstorage to None, run_after=None
[2024-03-04T15:51:56.691+0000] {processor.py:183} INFO - Processing /home/airflow/.local/lib/python3.11/site-packages/airflow/example_dags/tutorial_objectstorage.py took 0.216 seconds
[2024-03-04T15:52:26.942+0000] {processor.py:161} INFO - Started process (PID=106) to work on /home/airflow/.local/lib/python3.11/site-packages/airflow/example_dags/tutorial_objectstorage.py
[2024-03-04T15:52:26.943+0000] {processor.py:830} INFO - Processing file /home/airflow/.local/lib/python3.11/site-packages/airflow/example_dags/tutorial_objectstorage.py for tasks to queue
[2024-03-04T15:52:26.944+0000] {logging_mixin.py:188} INFO - [2024-03-04T15:52:26.944+0000] {dagbag.py:540} INFO - Filling up the DagBag from /home/airflow/.local/lib/python3.11/site-packages/airflow/example_dags/tutorial_objectstorage.py
[2024-03-04T15:52:26.948+0000] {processor.py:840} INFO - DAG(s) 'tutorial_objectstorage' retrieved from /home/airflow/.local/lib/python3.11/site-packages/airflow/example_dags/tutorial_objectstorage.py
[2024-03-04T15:52:26.963+0000] {logging_mixin.py:188} INFO - [2024-03-04T15:52:26.963+0000] {dag.py:3047} INFO - Sync 1 DAGs
[2024-03-04T15:52:26.975+0000] {logging_mixin.py:188} INFO - [2024-03-04T15:52:26.975+0000] {dag.py:3834} INFO - Setting next_dagrun for tutorial_objectstorage to None, run_after=None
[2024-03-04T15:52:26.983+0000] {processor.py:183} INFO - Processing /home/airflow/.local/lib/python3.11/site-packages/airflow/example_dags/tutorial_objectstorage.py took 0.043 seconds
[2024-03-04T15:52:57.793+0000] {processor.py:161} INFO - Started process (PID=161) to work on /home/airflow/.local/lib/python3.11/site-packages/airflow/example_dags/tutorial_objectstorage.py
[2024-03-04T15:52:57.794+0000] {processor.py:830} INFO - Processing file /home/airflow/.local/lib/python3.11/site-packages/airflow/example_dags/tutorial_objectstorage.py for tasks to queue
[2024-03-04T15:52:57.795+0000] {logging_mixin.py:188} INFO - [2024-03-04T15:52:57.795+0000] {dagbag.py:540} INFO - Filling up the DagBag from /home/airflow/.local/lib/python3.11/site-packages/airflow/example_dags/tutorial_objectstorage.py
[2024-03-04T15:52:57.798+0000] {processor.py:840} INFO - DAG(s) 'tutorial_objectstorage' retrieved from /home/airflow/.local/lib/python3.11/site-packages/airflow/example_dags/tutorial_objectstorage.py
[2024-03-04T15:52:57.811+0000] {logging_mixin.py:188} INFO - [2024-03-04T15:52:57.811+0000] {dag.py:3047} INFO - Sync 1 DAGs
[2024-03-04T15:52:57.817+0000] {logging_mixin.py:188} INFO - [2024-03-04T15:52:57.817+0000] {dag.py:3834} INFO - Setting next_dagrun for tutorial_objectstorage to None, run_after=None
[2024-03-04T15:52:57.825+0000] {processor.py:183} INFO - Processing /home/airflow/.local/lib/python3.11/site-packages/airflow/example_dags/tutorial_objectstorage.py took 0.034 seconds
[2024-03-04T15:53:28.190+0000] {processor.py:161} INFO - Started process (PID=216) to work on /home/airflow/.local/lib/python3.11/site-packages/airflow/example_dags/tutorial_objectstorage.py
[2024-03-04T15:53:28.190+0000] {processor.py:830} INFO - Processing file /home/airflow/.local/lib/python3.11/site-packages/airflow/example_dags/tutorial_objectstorage.py for tasks to queue
[2024-03-04T15:53:28.191+0000] {logging_mixin.py:188} INFO - [2024-03-04T15:53:28.191+0000] {dagbag.py:540} INFO - Filling up the DagBag from /home/airflow/.local/lib/python3.11/site-packages/airflow/example_dags/tutorial_objectstorage.py
[2024-03-04T15:53:28.195+0000] {processor.py:840} INFO - DAG(s) 'tutorial_objectstorage' retrieved from /home/airflow/.local/lib/python3.11/site-packages/airflow/example_dags/tutorial_objectstorage.py
[2024-03-04T15:53:28.206+0000] {logging_mixin.py:188} INFO - [2024-03-04T15:53:28.206+0000] {dag.py:3047} INFO - Sync 1 DAGs
[2024-03-04T15:53:28.212+0000] {logging_mixin.py:188} INFO - [2024-03-04T15:53:28.212+0000] {dag.py:3834} INFO - Setting next_dagrun for tutorial_objectstorage to None, run_after=None
[2024-03-04T15:53:28.218+0000] {processor.py:183} INFO - Processing /home/airflow/.local/lib/python3.11/site-packages/airflow/example_dags/tutorial_objectstorage.py took 0.030 seconds
[2024-03-04T15:53:59.151+0000] {processor.py:161} INFO - Started process (PID=271) to work on /home/airflow/.local/lib/python3.11/site-packages/airflow/example_dags/tutorial_objectstorage.py
[2024-03-04T15:53:59.152+0000] {processor.py:830} INFO - Processing file /home/airflow/.local/lib/python3.11/site-packages/airflow/example_dags/tutorial_objectstorage.py for tasks to queue
[2024-03-04T15:53:59.153+0000] {logging_mixin.py:188} INFO - [2024-03-04T15:53:59.152+0000] {dagbag.py:540} INFO - Filling up the DagBag from /home/airflow/.local/lib/python3.11/site-packages/airflow/example_dags/tutorial_objectstorage.py
[2024-03-04T15:53:59.159+0000] {processor.py:840} INFO - DAG(s) 'tutorial_objectstorage' retrieved from /home/airflow/.local/lib/python3.11/site-packages/airflow/example_dags/tutorial_objectstorage.py
[2024-03-04T15:53:59.174+0000] {logging_mixin.py:188} INFO - [2024-03-04T15:53:59.174+0000] {dag.py:3047} INFO - Sync 1 DAGs
[2024-03-04T15:53:59.182+0000] {logging_mixin.py:188} INFO - [2024-03-04T15:53:59.182+0000] {dag.py:3834} INFO - Setting next_dagrun for tutorial_objectstorage to None, run_after=None
[2024-03-04T15:53:59.191+0000] {processor.py:183} INFO - Processing /home/airflow/.local/lib/python3.11/site-packages/airflow/example_dags/tutorial_objectstorage.py took 0.042 seconds
[2024-03-04T15:54:29.891+0000] {processor.py:161} INFO - Started process (PID=326) to work on /home/airflow/.local/lib/python3.11/site-packages/airflow/example_dags/tutorial_objectstorage.py
[2024-03-04T15:54:29.891+0000] {processor.py:830} INFO - Processing file /home/airflow/.local/lib/python3.11/site-packages/airflow/example_dags/tutorial_objectstorage.py for tasks to queue
[2024-03-04T15:54:29.892+0000] {logging_mixin.py:188} INFO - [2024-03-04T15:54:29.892+0000] {dagbag.py:540} INFO - Filling up the DagBag from /home/airflow/.local/lib/python3.11/site-packages/airflow/example_dags/tutorial_objectstorage.py
[2024-03-04T15:54:29.895+0000] {processor.py:840} INFO - DAG(s) 'tutorial_objectstorage' retrieved from /home/airflow/.local/lib/python3.11/site-packages/airflow/example_dags/tutorial_objectstorage.py
[2024-03-04T15:54:29.903+0000] {logging_mixin.py:188} INFO - [2024-03-04T15:54:29.903+0000] {dag.py:3047} INFO - Sync 1 DAGs
[2024-03-04T15:54:29.907+0000] {logging_mixin.py:188} INFO - [2024-03-04T15:54:29.907+0000] {dag.py:3834} INFO - Setting next_dagrun for tutorial_objectstorage to None, run_after=None
[2024-03-04T15:54:29.914+0000] {processor.py:183} INFO - Processing /home/airflow/.local/lib/python3.11/site-packages/airflow/example_dags/tutorial_objectstorage.py took 0.024 seconds
[2024-03-04T15:55:00.556+0000] {processor.py:161} INFO - Started process (PID=381) to work on /home/airflow/.local/lib/python3.11/site-packages/airflow/example_dags/tutorial_objectstorage.py
[2024-03-04T15:55:00.557+0000] {processor.py:830} INFO - Processing file /home/airflow/.local/lib/python3.11/site-packages/airflow/example_dags/tutorial_objectstorage.py for tasks to queue
[2024-03-04T15:55:00.558+0000] {logging_mixin.py:188} INFO - [2024-03-04T15:55:00.558+0000] {dagbag.py:540} INFO - Filling up the DagBag from /home/airflow/.local/lib/python3.11/site-packages/airflow/example_dags/tutorial_objectstorage.py
[2024-03-04T15:55:00.563+0000] {processor.py:840} INFO - DAG(s) 'tutorial_objectstorage' retrieved from /home/airflow/.local/lib/python3.11/site-packages/airflow/example_dags/tutorial_objectstorage.py
[2024-03-04T15:55:00.574+0000] {logging_mixin.py:188} INFO - [2024-03-04T15:55:00.574+0000] {dag.py:3047} INFO - Sync 1 DAGs
[2024-03-04T15:55:00.581+0000] {logging_mixin.py:188} INFO - [2024-03-04T15:55:00.581+0000] {dag.py:3834} INFO - Setting next_dagrun for tutorial_objectstorage to None, run_after=None
[2024-03-04T15:55:00.588+0000] {processor.py:183} INFO - Processing /home/airflow/.local/lib/python3.11/site-packages/airflow/example_dags/tutorial_objectstorage.py took 0.034 seconds
[2024-03-04T15:55:31.322+0000] {processor.py:161} INFO - Started process (PID=436) to work on /home/airflow/.local/lib/python3.11/site-packages/airflow/example_dags/tutorial_objectstorage.py
[2024-03-04T15:55:31.322+0000] {processor.py:830} INFO - Processing file /home/airflow/.local/lib/python3.11/site-packages/airflow/example_dags/tutorial_objectstorage.py for tasks to queue
[2024-03-04T15:55:31.323+0000] {logging_mixin.py:188} INFO - [2024-03-04T15:55:31.323+0000] {dagbag.py:540} INFO - Filling up the DagBag from /home/airflow/.local/lib/python3.11/site-packages/airflow/example_dags/tutorial_objectstorage.py
[2024-03-04T15:55:31.333+0000] {processor.py:840} INFO - DAG(s) 'tutorial_objectstorage' retrieved from /home/airflow/.local/lib/python3.11/site-packages/airflow/example_dags/tutorial_objectstorage.py
[2024-03-04T15:55:31.344+0000] {logging_mixin.py:188} INFO - [2024-03-04T15:55:31.344+0000] {dag.py:3047} INFO - Sync 1 DAGs
[2024-03-04T15:55:31.349+0000] {logging_mixin.py:188} INFO - [2024-03-04T15:55:31.349+0000] {dag.py:3834} INFO - Setting next_dagrun for tutorial_objectstorage to None, run_after=None
[2024-03-04T15:55:31.356+0000] {processor.py:183} INFO - Processing /home/airflow/.local/lib/python3.11/site-packages/airflow/example_dags/tutorial_objectstorage.py took 0.036 seconds
[2024-03-04T15:56:02.118+0000] {processor.py:161} INFO - Started process (PID=491) to work on /home/airflow/.local/lib/python3.11/site-packages/airflow/example_dags/tutorial_objectstorage.py
[2024-03-04T15:56:02.118+0000] {processor.py:830} INFO - Processing file /home/airflow/.local/lib/python3.11/site-packages/airflow/example_dags/tutorial_objectstorage.py for tasks to queue
[2024-03-04T15:56:02.119+0000] {logging_mixin.py:188} INFO - [2024-03-04T15:56:02.119+0000] {dagbag.py:540} INFO - Filling up the DagBag from /home/airflow/.local/lib/python3.11/site-packages/airflow/example_dags/tutorial_objectstorage.py
[2024-03-04T15:56:02.123+0000] {processor.py:840} INFO - DAG(s) 'tutorial_objectstorage' retrieved from /home/airflow/.local/lib/python3.11/site-packages/airflow/example_dags/tutorial_objectstorage.py
[2024-03-04T15:56:02.131+0000] {logging_mixin.py:188} INFO - [2024-03-04T15:56:02.131+0000] {dag.py:3047} INFO - Sync 1 DAGs
[2024-03-04T15:56:02.137+0000] {logging_mixin.py:188} INFO - [2024-03-04T15:56:02.137+0000] {dag.py:3834} INFO - Setting next_dagrun for tutorial_objectstorage to None, run_after=None
[2024-03-04T15:56:02.146+0000] {processor.py:183} INFO - Processing /home/airflow/.local/lib/python3.11/site-packages/airflow/example_dags/tutorial_objectstorage.py took 0.030 seconds
[2024-03-04T15:56:32.804+0000] {processor.py:161} INFO - Started process (PID=546) to work on /home/airflow/.local/lib/python3.11/site-packages/airflow/example_dags/tutorial_objectstorage.py
[2024-03-04T15:56:32.805+0000] {processor.py:830} INFO - Processing file /home/airflow/.local/lib/python3.11/site-packages/airflow/example_dags/tutorial_objectstorage.py for tasks to queue
[2024-03-04T15:56:32.806+0000] {logging_mixin.py:188} INFO - [2024-03-04T15:56:32.806+0000] {dagbag.py:540} INFO - Filling up the DagBag from /home/airflow/.local/lib/python3.11/site-packages/airflow/example_dags/tutorial_objectstorage.py
[2024-03-04T15:56:32.811+0000] {processor.py:840} INFO - DAG(s) 'tutorial_objectstorage' retrieved from /home/airflow/.local/lib/python3.11/site-packages/airflow/example_dags/tutorial_objectstorage.py
[2024-03-04T15:56:32.820+0000] {logging_mixin.py:188} INFO - [2024-03-04T15:56:32.820+0000] {dag.py:3047} INFO - Sync 1 DAGs
[2024-03-04T15:56:32.825+0000] {logging_mixin.py:188} INFO - [2024-03-04T15:56:32.825+0000] {dag.py:3834} INFO - Setting next_dagrun for tutorial_objectstorage to None, run_after=None
[2024-03-04T15:56:32.831+0000] {processor.py:183} INFO - Processing /home/airflow/.local/lib/python3.11/site-packages/airflow/example_dags/tutorial_objectstorage.py took 0.028 seconds
[2024-03-04T15:57:03.554+0000] {processor.py:161} INFO - Started process (PID=601) to work on /home/airflow/.local/lib/python3.11/site-packages/airflow/example_dags/tutorial_objectstorage.py
[2024-03-04T15:57:03.554+0000] {processor.py:830} INFO - Processing file /home/airflow/.local/lib/python3.11/site-packages/airflow/example_dags/tutorial_objectstorage.py for tasks to queue
[2024-03-04T15:57:03.555+0000] {logging_mixin.py:188} INFO - [2024-03-04T15:57:03.555+0000] {dagbag.py:540} INFO - Filling up the DagBag from /home/airflow/.local/lib/python3.11/site-packages/airflow/example_dags/tutorial_objectstorage.py
[2024-03-04T15:57:03.559+0000] {processor.py:840} INFO - DAG(s) 'tutorial_objectstorage' retrieved from /home/airflow/.local/lib/python3.11/site-packages/airflow/example_dags/tutorial_objectstorage.py
[2024-03-04T15:57:03.569+0000] {logging_mixin.py:188} INFO - [2024-03-04T15:57:03.569+0000] {dag.py:3047} INFO - Sync 1 DAGs
[2024-03-04T15:57:03.573+0000] {logging_mixin.py:188} INFO - [2024-03-04T15:57:03.573+0000] {dag.py:3834} INFO - Setting next_dagrun for tutorial_objectstorage to None, run_after=None
[2024-03-04T15:57:03.579+0000] {processor.py:183} INFO - Processing /home/airflow/.local/lib/python3.11/site-packages/airflow/example_dags/tutorial_objectstorage.py took 0.027 seconds
[2024-03-04T15:57:34.222+0000] {processor.py:161} INFO - Started process (PID=656) to work on /home/airflow/.local/lib/python3.11/site-packages/airflow/example_dags/tutorial_objectstorage.py
[2024-03-04T15:57:34.222+0000] {processor.py:830} INFO - Processing file /home/airflow/.local/lib/python3.11/site-packages/airflow/example_dags/tutorial_objectstorage.py for tasks to queue
[2024-03-04T15:57:34.223+0000] {logging_mixin.py:188} INFO - [2024-03-04T15:57:34.223+0000] {dagbag.py:540} INFO - Filling up the DagBag from /home/airflow/.local/lib/python3.11/site-packages/airflow/example_dags/tutorial_objectstorage.py
[2024-03-04T15:57:34.227+0000] {processor.py:840} INFO - DAG(s) 'tutorial_objectstorage' retrieved from /home/airflow/.local/lib/python3.11/site-packages/airflow/example_dags/tutorial_objectstorage.py
[2024-03-04T15:57:34.235+0000] {logging_mixin.py:188} INFO - [2024-03-04T15:57:34.235+0000] {dag.py:3047} INFO - Sync 1 DAGs
[2024-03-04T15:57:34.241+0000] {logging_mixin.py:188} INFO - [2024-03-04T15:57:34.241+0000] {dag.py:3834} INFO - Setting next_dagrun for tutorial_objectstorage to None, run_after=None
[2024-03-04T15:57:34.249+0000] {processor.py:183} INFO - Processing /home/airflow/.local/lib/python3.11/site-packages/airflow/example_dags/tutorial_objectstorage.py took 0.029 seconds
[2024-03-04T15:58:04.975+0000] {processor.py:161} INFO - Started process (PID=711) to work on /home/airflow/.local/lib/python3.11/site-packages/airflow/example_dags/tutorial_objectstorage.py
[2024-03-04T15:58:04.975+0000] {processor.py:830} INFO - Processing file /home/airflow/.local/lib/python3.11/site-packages/airflow/example_dags/tutorial_objectstorage.py for tasks to queue
[2024-03-04T15:58:04.976+0000] {logging_mixin.py:188} INFO - [2024-03-04T15:58:04.976+0000] {dagbag.py:540} INFO - Filling up the DagBag from /home/airflow/.local/lib/python3.11/site-packages/airflow/example_dags/tutorial_objectstorage.py
[2024-03-04T15:58:04.981+0000] {processor.py:840} INFO - DAG(s) 'tutorial_objectstorage' retrieved from /home/airflow/.local/lib/python3.11/site-packages/airflow/example_dags/tutorial_objectstorage.py
[2024-03-04T15:58:04.989+0000] {logging_mixin.py:188} INFO - [2024-03-04T15:58:04.989+0000] {dag.py:3047} INFO - Sync 1 DAGs
[2024-03-04T15:58:04.994+0000] {logging_mixin.py:188} INFO - [2024-03-04T15:58:04.994+0000] {dag.py:3834} INFO - Setting next_dagrun for tutorial_objectstorage to None, run_after=None
[2024-03-04T15:58:05.001+0000] {processor.py:183} INFO - Processing /home/airflow/.local/lib/python3.11/site-packages/airflow/example_dags/tutorial_objectstorage.py took 0.028 seconds
[2024-03-04T15:58:35.808+0000] {processor.py:161} INFO - Started process (PID=766) to work on /home/airflow/.local/lib/python3.11/site-packages/airflow/example_dags/tutorial_objectstorage.py
[2024-03-04T15:58:35.809+0000] {processor.py:830} INFO - Processing file /home/airflow/.local/lib/python3.11/site-packages/airflow/example_dags/tutorial_objectstorage.py for tasks to queue
[2024-03-04T15:58:35.810+0000] {logging_mixin.py:188} INFO - [2024-03-04T15:58:35.809+0000] {dagbag.py:540} INFO - Filling up the DagBag from /home/airflow/.local/lib/python3.11/site-packages/airflow/example_dags/tutorial_objectstorage.py
[2024-03-04T15:58:35.816+0000] {processor.py:840} INFO - DAG(s) 'tutorial_objectstorage' retrieved from /home/airflow/.local/lib/python3.11/site-packages/airflow/example_dags/tutorial_objectstorage.py
[2024-03-04T15:58:35.828+0000] {logging_mixin.py:188} INFO - [2024-03-04T15:58:35.828+0000] {dag.py:3047} INFO - Sync 1 DAGs
[2024-03-04T15:58:35.834+0000] {logging_mixin.py:188} INFO - [2024-03-04T15:58:35.834+0000] {dag.py:3834} INFO - Setting next_dagrun for tutorial_objectstorage to None, run_after=None
[2024-03-04T15:58:35.841+0000] {processor.py:183} INFO - Processing /home/airflow/.local/lib/python3.11/site-packages/airflow/example_dags/tutorial_objectstorage.py took 0.036 seconds
[2024-03-04T15:59:06.399+0000] {processor.py:161} INFO - Started process (PID=821) to work on /home/airflow/.local/lib/python3.11/site-packages/airflow/example_dags/tutorial_objectstorage.py
[2024-03-04T15:59:06.400+0000] {processor.py:830} INFO - Processing file /home/airflow/.local/lib/python3.11/site-packages/airflow/example_dags/tutorial_objectstorage.py for tasks to queue
[2024-03-04T15:59:06.401+0000] {logging_mixin.py:188} INFO - [2024-03-04T15:59:06.401+0000] {dagbag.py:540} INFO - Filling up the DagBag from /home/airflow/.local/lib/python3.11/site-packages/airflow/example_dags/tutorial_objectstorage.py
[2024-03-04T15:59:06.405+0000] {processor.py:840} INFO - DAG(s) 'tutorial_objectstorage' retrieved from /home/airflow/.local/lib/python3.11/site-packages/airflow/example_dags/tutorial_objectstorage.py
[2024-03-04T15:59:06.412+0000] {logging_mixin.py:188} INFO - [2024-03-04T15:59:06.412+0000] {dag.py:3047} INFO - Sync 1 DAGs
[2024-03-04T15:59:06.417+0000] {logging_mixin.py:188} INFO - [2024-03-04T15:59:06.417+0000] {dag.py:3834} INFO - Setting next_dagrun for tutorial_objectstorage to None, run_after=None
[2024-03-04T15:59:06.423+0000] {processor.py:183} INFO - Processing /home/airflow/.local/lib/python3.11/site-packages/airflow/example_dags/tutorial_objectstorage.py took 0.025 seconds
[2024-03-04T15:59:36.938+0000] {processor.py:161} INFO - Started process (PID=876) to work on /home/airflow/.local/lib/python3.11/site-packages/airflow/example_dags/tutorial_objectstorage.py
[2024-03-04T15:59:36.938+0000] {processor.py:830} INFO - Processing file /home/airflow/.local/lib/python3.11/site-packages/airflow/example_dags/tutorial_objectstorage.py for tasks to queue
[2024-03-04T15:59:36.939+0000] {logging_mixin.py:188} INFO - [2024-03-04T15:59:36.939+0000] {dagbag.py:540} INFO - Filling up the DagBag from /home/airflow/.local/lib/python3.11/site-packages/airflow/example_dags/tutorial_objectstorage.py
[2024-03-04T15:59:36.943+0000] {processor.py:840} INFO - DAG(s) 'tutorial_objectstorage' retrieved from /home/airflow/.local/lib/python3.11/site-packages/airflow/example_dags/tutorial_objectstorage.py
[2024-03-04T15:59:36.956+0000] {logging_mixin.py:188} INFO - [2024-03-04T15:59:36.956+0000] {dag.py:3047} INFO - Sync 1 DAGs
[2024-03-04T15:59:36.962+0000] {logging_mixin.py:188} INFO - [2024-03-04T15:59:36.962+0000] {dag.py:3834} INFO - Setting next_dagrun for tutorial_objectstorage to None, run_after=None
[2024-03-04T15:59:36.969+0000] {processor.py:183} INFO - Processing /home/airflow/.local/lib/python3.11/site-packages/airflow/example_dags/tutorial_objectstorage.py took 0.033 seconds
[2024-03-04T16:00:07.658+0000] {processor.py:161} INFO - Started process (PID=931) to work on /home/airflow/.local/lib/python3.11/site-packages/airflow/example_dags/tutorial_objectstorage.py
[2024-03-04T16:00:07.659+0000] {processor.py:830} INFO - Processing file /home/airflow/.local/lib/python3.11/site-packages/airflow/example_dags/tutorial_objectstorage.py for tasks to queue
[2024-03-04T16:00:07.660+0000] {logging_mixin.py:188} INFO - [2024-03-04T16:00:07.660+0000] {dagbag.py:540} INFO - Filling up the DagBag from /home/airflow/.local/lib/python3.11/site-packages/airflow/example_dags/tutorial_objectstorage.py
[2024-03-04T16:00:07.663+0000] {processor.py:840} INFO - DAG(s) 'tutorial_objectstorage' retrieved from /home/airflow/.local/lib/python3.11/site-packages/airflow/example_dags/tutorial_objectstorage.py
[2024-03-04T16:00:07.672+0000] {logging_mixin.py:188} INFO - [2024-03-04T16:00:07.672+0000] {dag.py:3047} INFO - Sync 1 DAGs
[2024-03-04T16:00:07.677+0000] {logging_mixin.py:188} INFO - [2024-03-04T16:00:07.677+0000] {dag.py:3834} INFO - Setting next_dagrun for tutorial_objectstorage to None, run_after=None
[2024-03-04T16:00:07.683+0000] {processor.py:183} INFO - Processing /home/airflow/.local/lib/python3.11/site-packages/airflow/example_dags/tutorial_objectstorage.py took 0.026 seconds
[2024-03-04T16:00:38.451+0000] {processor.py:161} INFO - Started process (PID=985) to work on /home/airflow/.local/lib/python3.11/site-packages/airflow/example_dags/tutorial_objectstorage.py
[2024-03-04T16:00:38.452+0000] {processor.py:830} INFO - Processing file /home/airflow/.local/lib/python3.11/site-packages/airflow/example_dags/tutorial_objectstorage.py for tasks to queue
[2024-03-04T16:00:38.453+0000] {logging_mixin.py:188} INFO - [2024-03-04T16:00:38.453+0000] {dagbag.py:540} INFO - Filling up the DagBag from /home/airflow/.local/lib/python3.11/site-packages/airflow/example_dags/tutorial_objectstorage.py
[2024-03-04T16:00:38.457+0000] {processor.py:840} INFO - DAG(s) 'tutorial_objectstorage' retrieved from /home/airflow/.local/lib/python3.11/site-packages/airflow/example_dags/tutorial_objectstorage.py
[2024-03-04T16:00:38.467+0000] {logging_mixin.py:188} INFO - [2024-03-04T16:00:38.466+0000] {dag.py:3047} INFO - Sync 1 DAGs
[2024-03-04T16:00:38.473+0000] {logging_mixin.py:188} INFO - [2024-03-04T16:00:38.473+0000] {dag.py:3834} INFO - Setting next_dagrun for tutorial_objectstorage to None, run_after=None
[2024-03-04T16:00:38.479+0000] {processor.py:183} INFO - Processing /home/airflow/.local/lib/python3.11/site-packages/airflow/example_dags/tutorial_objectstorage.py took 0.029 seconds
[2024-03-04T16:01:09.241+0000] {processor.py:161} INFO - Started process (PID=1040) to work on /home/airflow/.local/lib/python3.11/site-packages/airflow/example_dags/tutorial_objectstorage.py
[2024-03-04T16:01:09.242+0000] {processor.py:830} INFO - Processing file /home/airflow/.local/lib/python3.11/site-packages/airflow/example_dags/tutorial_objectstorage.py for tasks to queue
[2024-03-04T16:01:09.246+0000] {logging_mixin.py:188} INFO - [2024-03-04T16:01:09.245+0000] {dagbag.py:540} INFO - Filling up the DagBag from /home/airflow/.local/lib/python3.11/site-packages/airflow/example_dags/tutorial_objectstorage.py
[2024-03-04T16:01:09.250+0000] {processor.py:840} INFO - DAG(s) 'tutorial_objectstorage' retrieved from /home/airflow/.local/lib/python3.11/site-packages/airflow/example_dags/tutorial_objectstorage.py
[2024-03-04T16:01:09.258+0000] {logging_mixin.py:188} INFO - [2024-03-04T16:01:09.258+0000] {dag.py:3047} INFO - Sync 1 DAGs
[2024-03-04T16:01:09.263+0000] {logging_mixin.py:188} INFO - [2024-03-04T16:01:09.263+0000] {dag.py:3834} INFO - Setting next_dagrun for tutorial_objectstorage to None, run_after=None
[2024-03-04T16:01:09.269+0000] {processor.py:183} INFO - Processing /home/airflow/.local/lib/python3.11/site-packages/airflow/example_dags/tutorial_objectstorage.py took 0.030 seconds
[2024-03-04T16:01:40.037+0000] {processor.py:161} INFO - Started process (PID=1095) to work on /home/airflow/.local/lib/python3.11/site-packages/airflow/example_dags/tutorial_objectstorage.py
[2024-03-04T16:01:40.037+0000] {processor.py:830} INFO - Processing file /home/airflow/.local/lib/python3.11/site-packages/airflow/example_dags/tutorial_objectstorage.py for tasks to queue
[2024-03-04T16:01:40.038+0000] {logging_mixin.py:188} INFO - [2024-03-04T16:01:40.038+0000] {dagbag.py:540} INFO - Filling up the DagBag from /home/airflow/.local/lib/python3.11/site-packages/airflow/example_dags/tutorial_objectstorage.py
[2024-03-04T16:01:40.042+0000] {processor.py:840} INFO - DAG(s) 'tutorial_objectstorage' retrieved from /home/airflow/.local/lib/python3.11/site-packages/airflow/example_dags/tutorial_objectstorage.py
[2024-03-04T16:01:40.050+0000] {logging_mixin.py:188} INFO - [2024-03-04T16:01:40.050+0000] {dag.py:3047} INFO - Sync 1 DAGs
[2024-03-04T16:01:40.060+0000] {logging_mixin.py:188} INFO - [2024-03-04T16:01:40.060+0000] {dag.py:3834} INFO - Setting next_dagrun for tutorial_objectstorage to None, run_after=None
[2024-03-04T16:01:40.067+0000] {processor.py:183} INFO - Processing /home/airflow/.local/lib/python3.11/site-packages/airflow/example_dags/tutorial_objectstorage.py took 0.032 seconds
[2024-03-04T16:02:10.857+0000] {processor.py:161} INFO - Started process (PID=1150) to work on /home/airflow/.local/lib/python3.11/site-packages/airflow/example_dags/tutorial_objectstorage.py
[2024-03-04T16:02:10.858+0000] {processor.py:830} INFO - Processing file /home/airflow/.local/lib/python3.11/site-packages/airflow/example_dags/tutorial_objectstorage.py for tasks to queue
[2024-03-04T16:02:10.859+0000] {logging_mixin.py:188} INFO - [2024-03-04T16:02:10.859+0000] {dagbag.py:540} INFO - Filling up the DagBag from /home/airflow/.local/lib/python3.11/site-packages/airflow/example_dags/tutorial_objectstorage.py
[2024-03-04T16:02:10.862+0000] {processor.py:840} INFO - DAG(s) 'tutorial_objectstorage' retrieved from /home/airflow/.local/lib/python3.11/site-packages/airflow/example_dags/tutorial_objectstorage.py
[2024-03-04T16:02:10.870+0000] {logging_mixin.py:188} INFO - [2024-03-04T16:02:10.870+0000] {dag.py:3047} INFO - Sync 1 DAGs
[2024-03-04T16:02:10.875+0000] {logging_mixin.py:188} INFO - [2024-03-04T16:02:10.875+0000] {dag.py:3834} INFO - Setting next_dagrun for tutorial_objectstorage to None, run_after=None
[2024-03-04T16:02:10.881+0000] {processor.py:183} INFO - Processing /home/airflow/.local/lib/python3.11/site-packages/airflow/example_dags/tutorial_objectstorage.py took 0.025 seconds
[2024-03-04T16:02:41.567+0000] {processor.py:161} INFO - Started process (PID=1205) to work on /home/airflow/.local/lib/python3.11/site-packages/airflow/example_dags/tutorial_objectstorage.py
[2024-03-04T16:02:41.568+0000] {processor.py:830} INFO - Processing file /home/airflow/.local/lib/python3.11/site-packages/airflow/example_dags/tutorial_objectstorage.py for tasks to queue
[2024-03-04T16:02:41.568+0000] {logging_mixin.py:188} INFO - [2024-03-04T16:02:41.568+0000] {dagbag.py:540} INFO - Filling up the DagBag from /home/airflow/.local/lib/python3.11/site-packages/airflow/example_dags/tutorial_objectstorage.py
[2024-03-04T16:02:41.572+0000] {processor.py:840} INFO - DAG(s) 'tutorial_objectstorage' retrieved from /home/airflow/.local/lib/python3.11/site-packages/airflow/example_dags/tutorial_objectstorage.py
[2024-03-04T16:02:41.581+0000] {logging_mixin.py:188} INFO - [2024-03-04T16:02:41.581+0000] {dag.py:3047} INFO - Sync 1 DAGs
[2024-03-04T16:02:41.586+0000] {logging_mixin.py:188} INFO - [2024-03-04T16:02:41.586+0000] {dag.py:3834} INFO - Setting next_dagrun for tutorial_objectstorage to None, run_after=None
[2024-03-04T16:02:41.592+0000] {processor.py:183} INFO - Processing /home/airflow/.local/lib/python3.11/site-packages/airflow/example_dags/tutorial_objectstorage.py took 0.027 seconds
[2024-03-04T16:03:12.372+0000] {processor.py:161} INFO - Started process (PID=1260) to work on /home/airflow/.local/lib/python3.11/site-packages/airflow/example_dags/tutorial_objectstorage.py
[2024-03-04T16:03:12.372+0000] {processor.py:830} INFO - Processing file /home/airflow/.local/lib/python3.11/site-packages/airflow/example_dags/tutorial_objectstorage.py for tasks to queue
[2024-03-04T16:03:12.373+0000] {logging_mixin.py:188} INFO - [2024-03-04T16:03:12.373+0000] {dagbag.py:540} INFO - Filling up the DagBag from /home/airflow/.local/lib/python3.11/site-packages/airflow/example_dags/tutorial_objectstorage.py
[2024-03-04T16:03:12.377+0000] {processor.py:840} INFO - DAG(s) 'tutorial_objectstorage' retrieved from /home/airflow/.local/lib/python3.11/site-packages/airflow/example_dags/tutorial_objectstorage.py
[2024-03-04T16:03:12.387+0000] {logging_mixin.py:188} INFO - [2024-03-04T16:03:12.387+0000] {dag.py:3047} INFO - Sync 1 DAGs
[2024-03-04T16:03:12.392+0000] {logging_mixin.py:188} INFO - [2024-03-04T16:03:12.392+0000] {dag.py:3834} INFO - Setting next_dagrun for tutorial_objectstorage to None, run_after=None
[2024-03-04T16:03:12.398+0000] {processor.py:183} INFO - Processing /home/airflow/.local/lib/python3.11/site-packages/airflow/example_dags/tutorial_objectstorage.py took 0.028 seconds
[2024-03-04T16:03:43.234+0000] {processor.py:161} INFO - Started process (PID=1321) to work on /home/airflow/.local/lib/python3.11/site-packages/airflow/example_dags/tutorial_objectstorage.py
[2024-03-04T16:03:43.236+0000] {processor.py:830} INFO - Processing file /home/airflow/.local/lib/python3.11/site-packages/airflow/example_dags/tutorial_objectstorage.py for tasks to queue
[2024-03-04T16:03:43.238+0000] {logging_mixin.py:188} INFO - [2024-03-04T16:03:43.238+0000] {dagbag.py:540} INFO - Filling up the DagBag from /home/airflow/.local/lib/python3.11/site-packages/airflow/example_dags/tutorial_objectstorage.py
[2024-03-04T16:03:43.242+0000] {processor.py:840} INFO - DAG(s) 'tutorial_objectstorage' retrieved from /home/airflow/.local/lib/python3.11/site-packages/airflow/example_dags/tutorial_objectstorage.py
[2024-03-04T16:03:43.251+0000] {logging_mixin.py:188} INFO - [2024-03-04T16:03:43.251+0000] {dag.py:3047} INFO - Sync 1 DAGs
[2024-03-04T16:03:43.256+0000] {logging_mixin.py:188} INFO - [2024-03-04T16:03:43.256+0000] {dag.py:3834} INFO - Setting next_dagrun for tutorial_objectstorage to None, run_after=None
[2024-03-04T16:03:43.263+0000] {processor.py:183} INFO - Processing /home/airflow/.local/lib/python3.11/site-packages/airflow/example_dags/tutorial_objectstorage.py took 0.031 seconds
[2024-03-04T16:04:13.648+0000] {processor.py:161} INFO - Started process (PID=1376) to work on /home/airflow/.local/lib/python3.11/site-packages/airflow/example_dags/tutorial_objectstorage.py
[2024-03-04T16:04:13.648+0000] {processor.py:830} INFO - Processing file /home/airflow/.local/lib/python3.11/site-packages/airflow/example_dags/tutorial_objectstorage.py for tasks to queue
[2024-03-04T16:04:13.649+0000] {logging_mixin.py:188} INFO - [2024-03-04T16:04:13.649+0000] {dagbag.py:540} INFO - Filling up the DagBag from /home/airflow/.local/lib/python3.11/site-packages/airflow/example_dags/tutorial_objectstorage.py
[2024-03-04T16:04:13.653+0000] {processor.py:840} INFO - DAG(s) 'tutorial_objectstorage' retrieved from /home/airflow/.local/lib/python3.11/site-packages/airflow/example_dags/tutorial_objectstorage.py
[2024-03-04T16:04:13.662+0000] {logging_mixin.py:188} INFO - [2024-03-04T16:04:13.662+0000] {dag.py:3047} INFO - Sync 1 DAGs
[2024-03-04T16:04:13.667+0000] {logging_mixin.py:188} INFO - [2024-03-04T16:04:13.667+0000] {dag.py:3834} INFO - Setting next_dagrun for tutorial_objectstorage to None, run_after=None
[2024-03-04T16:04:13.674+0000] {processor.py:183} INFO - Processing /home/airflow/.local/lib/python3.11/site-packages/airflow/example_dags/tutorial_objectstorage.py took 0.028 seconds
[2024-03-04T16:04:44.576+0000] {processor.py:161} INFO - Started process (PID=1431) to work on /home/airflow/.local/lib/python3.11/site-packages/airflow/example_dags/tutorial_objectstorage.py
[2024-03-04T16:04:44.577+0000] {processor.py:830} INFO - Processing file /home/airflow/.local/lib/python3.11/site-packages/airflow/example_dags/tutorial_objectstorage.py for tasks to queue
[2024-03-04T16:04:44.578+0000] {logging_mixin.py:188} INFO - [2024-03-04T16:04:44.578+0000] {dagbag.py:540} INFO - Filling up the DagBag from /home/airflow/.local/lib/python3.11/site-packages/airflow/example_dags/tutorial_objectstorage.py
[2024-03-04T16:04:44.582+0000] {processor.py:840} INFO - DAG(s) 'tutorial_objectstorage' retrieved from /home/airflow/.local/lib/python3.11/site-packages/airflow/example_dags/tutorial_objectstorage.py
[2024-03-04T16:04:44.591+0000] {logging_mixin.py:188} INFO - [2024-03-04T16:04:44.591+0000] {dag.py:3047} INFO - Sync 1 DAGs
[2024-03-04T16:04:44.597+0000] {logging_mixin.py:188} INFO - [2024-03-04T16:04:44.597+0000] {dag.py:3834} INFO - Setting next_dagrun for tutorial_objectstorage to None, run_after=None
[2024-03-04T16:04:44.605+0000] {processor.py:183} INFO - Processing /home/airflow/.local/lib/python3.11/site-packages/airflow/example_dags/tutorial_objectstorage.py took 0.031 seconds
[2024-03-04T16:05:15.337+0000] {processor.py:161} INFO - Started process (PID=1486) to work on /home/airflow/.local/lib/python3.11/site-packages/airflow/example_dags/tutorial_objectstorage.py
[2024-03-04T16:05:15.338+0000] {processor.py:830} INFO - Processing file /home/airflow/.local/lib/python3.11/site-packages/airflow/example_dags/tutorial_objectstorage.py for tasks to queue
[2024-03-04T16:05:15.339+0000] {logging_mixin.py:188} INFO - [2024-03-04T16:05:15.339+0000] {dagbag.py:540} INFO - Filling up the DagBag from /home/airflow/.local/lib/python3.11/site-packages/airflow/example_dags/tutorial_objectstorage.py
[2024-03-04T16:05:15.346+0000] {processor.py:840} INFO - DAG(s) 'tutorial_objectstorage' retrieved from /home/airflow/.local/lib/python3.11/site-packages/airflow/example_dags/tutorial_objectstorage.py
[2024-03-04T16:05:15.358+0000] {logging_mixin.py:188} INFO - [2024-03-04T16:05:15.357+0000] {dag.py:3047} INFO - Sync 1 DAGs
[2024-03-04T16:05:15.363+0000] {logging_mixin.py:188} INFO - [2024-03-04T16:05:15.363+0000] {dag.py:3834} INFO - Setting next_dagrun for tutorial_objectstorage to None, run_after=None
[2024-03-04T16:05:15.372+0000] {processor.py:183} INFO - Processing /home/airflow/.local/lib/python3.11/site-packages/airflow/example_dags/tutorial_objectstorage.py took 0.036 seconds
[2024-03-04T16:05:46.152+0000] {processor.py:161} INFO - Started process (PID=1541) to work on /home/airflow/.local/lib/python3.11/site-packages/airflow/example_dags/tutorial_objectstorage.py
[2024-03-04T16:05:46.152+0000] {processor.py:830} INFO - Processing file /home/airflow/.local/lib/python3.11/site-packages/airflow/example_dags/tutorial_objectstorage.py for tasks to queue
[2024-03-04T16:05:46.153+0000] {logging_mixin.py:188} INFO - [2024-03-04T16:05:46.153+0000] {dagbag.py:540} INFO - Filling up the DagBag from /home/airflow/.local/lib/python3.11/site-packages/airflow/example_dags/tutorial_objectstorage.py
[2024-03-04T16:05:46.157+0000] {processor.py:840} INFO - DAG(s) 'tutorial_objectstorage' retrieved from /home/airflow/.local/lib/python3.11/site-packages/airflow/example_dags/tutorial_objectstorage.py
[2024-03-04T16:05:46.167+0000] {logging_mixin.py:188} INFO - [2024-03-04T16:05:46.167+0000] {dag.py:3047} INFO - Sync 1 DAGs
[2024-03-04T16:05:46.176+0000] {logging_mixin.py:188} INFO - [2024-03-04T16:05:46.176+0000] {dag.py:3834} INFO - Setting next_dagrun for tutorial_objectstorage to None, run_after=None
[2024-03-04T16:05:46.182+0000] {processor.py:183} INFO - Processing /home/airflow/.local/lib/python3.11/site-packages/airflow/example_dags/tutorial_objectstorage.py took 0.032 seconds
[2024-03-04T16:06:16.211+0000] {processor.py:161} INFO - Started process (PID=1596) to work on /home/airflow/.local/lib/python3.11/site-packages/airflow/example_dags/tutorial_objectstorage.py
[2024-03-04T16:06:16.212+0000] {processor.py:830} INFO - Processing file /home/airflow/.local/lib/python3.11/site-packages/airflow/example_dags/tutorial_objectstorage.py for tasks to queue
[2024-03-04T16:06:16.213+0000] {logging_mixin.py:188} INFO - [2024-03-04T16:06:16.213+0000] {dagbag.py:540} INFO - Filling up the DagBag from /home/airflow/.local/lib/python3.11/site-packages/airflow/example_dags/tutorial_objectstorage.py
[2024-03-04T16:06:16.220+0000] {processor.py:840} INFO - DAG(s) 'tutorial_objectstorage' retrieved from /home/airflow/.local/lib/python3.11/site-packages/airflow/example_dags/tutorial_objectstorage.py
[2024-03-04T16:06:16.234+0000] {logging_mixin.py:188} INFO - [2024-03-04T16:06:16.234+0000] {dag.py:3047} INFO - Sync 1 DAGs
[2024-03-04T16:06:16.242+0000] {logging_mixin.py:188} INFO - [2024-03-04T16:06:16.241+0000] {dag.py:3834} INFO - Setting next_dagrun for tutorial_objectstorage to None, run_after=None
[2024-03-04T16:06:16.251+0000] {processor.py:183} INFO - Processing /home/airflow/.local/lib/python3.11/site-packages/airflow/example_dags/tutorial_objectstorage.py took 0.043 seconds
[2024-03-04T16:06:46.521+0000] {processor.py:161} INFO - Started process (PID=1651) to work on /home/airflow/.local/lib/python3.11/site-packages/airflow/example_dags/tutorial_objectstorage.py
[2024-03-04T16:06:46.521+0000] {processor.py:830} INFO - Processing file /home/airflow/.local/lib/python3.11/site-packages/airflow/example_dags/tutorial_objectstorage.py for tasks to queue
[2024-03-04T16:06:46.523+0000] {logging_mixin.py:188} INFO - [2024-03-04T16:06:46.523+0000] {dagbag.py:540} INFO - Filling up the DagBag from /home/airflow/.local/lib/python3.11/site-packages/airflow/example_dags/tutorial_objectstorage.py
[2024-03-04T16:06:46.528+0000] {processor.py:840} INFO - DAG(s) 'tutorial_objectstorage' retrieved from /home/airflow/.local/lib/python3.11/site-packages/airflow/example_dags/tutorial_objectstorage.py
[2024-03-04T16:06:46.541+0000] {logging_mixin.py:188} INFO - [2024-03-04T16:06:46.541+0000] {dag.py:3047} INFO - Sync 1 DAGs
[2024-03-04T16:06:46.546+0000] {logging_mixin.py:188} INFO - [2024-03-04T16:06:46.546+0000] {dag.py:3834} INFO - Setting next_dagrun for tutorial_objectstorage to None, run_after=None
[2024-03-04T16:06:46.552+0000] {processor.py:183} INFO - Processing /home/airflow/.local/lib/python3.11/site-packages/airflow/example_dags/tutorial_objectstorage.py took 0.033 seconds
[2024-03-04T16:07:17.312+0000] {processor.py:161} INFO - Started process (PID=1706) to work on /home/airflow/.local/lib/python3.11/site-packages/airflow/example_dags/tutorial_objectstorage.py
[2024-03-04T16:07:17.313+0000] {processor.py:830} INFO - Processing file /home/airflow/.local/lib/python3.11/site-packages/airflow/example_dags/tutorial_objectstorage.py for tasks to queue
[2024-03-04T16:07:17.314+0000] {logging_mixin.py:188} INFO - [2024-03-04T16:07:17.314+0000] {dagbag.py:540} INFO - Filling up the DagBag from /home/airflow/.local/lib/python3.11/site-packages/airflow/example_dags/tutorial_objectstorage.py
[2024-03-04T16:07:17.318+0000] {processor.py:840} INFO - DAG(s) 'tutorial_objectstorage' retrieved from /home/airflow/.local/lib/python3.11/site-packages/airflow/example_dags/tutorial_objectstorage.py
[2024-03-04T16:07:17.326+0000] {logging_mixin.py:188} INFO - [2024-03-04T16:07:17.326+0000] {dag.py:3047} INFO - Sync 1 DAGs
[2024-03-04T16:07:17.331+0000] {logging_mixin.py:188} INFO - [2024-03-04T16:07:17.331+0000] {dag.py:3834} INFO - Setting next_dagrun for tutorial_objectstorage to None, run_after=None
[2024-03-04T16:07:17.339+0000] {processor.py:183} INFO - Processing /home/airflow/.local/lib/python3.11/site-packages/airflow/example_dags/tutorial_objectstorage.py took 0.028 seconds
[2024-03-04T16:07:47.961+0000] {processor.py:161} INFO - Started process (PID=1761) to work on /home/airflow/.local/lib/python3.11/site-packages/airflow/example_dags/tutorial_objectstorage.py
[2024-03-04T16:07:47.962+0000] {processor.py:830} INFO - Processing file /home/airflow/.local/lib/python3.11/site-packages/airflow/example_dags/tutorial_objectstorage.py for tasks to queue
[2024-03-04T16:07:47.963+0000] {logging_mixin.py:188} INFO - [2024-03-04T16:07:47.963+0000] {dagbag.py:540} INFO - Filling up the DagBag from /home/airflow/.local/lib/python3.11/site-packages/airflow/example_dags/tutorial_objectstorage.py
[2024-03-04T16:07:47.967+0000] {processor.py:840} INFO - DAG(s) 'tutorial_objectstorage' retrieved from /home/airflow/.local/lib/python3.11/site-packages/airflow/example_dags/tutorial_objectstorage.py
[2024-03-04T16:07:47.975+0000] {logging_mixin.py:188} INFO - [2024-03-04T16:07:47.975+0000] {dag.py:3047} INFO - Sync 1 DAGs
[2024-03-04T16:07:47.981+0000] {logging_mixin.py:188} INFO - [2024-03-04T16:07:47.981+0000] {dag.py:3834} INFO - Setting next_dagrun for tutorial_objectstorage to None, run_after=None
[2024-03-04T16:07:47.988+0000] {processor.py:183} INFO - Processing /home/airflow/.local/lib/python3.11/site-packages/airflow/example_dags/tutorial_objectstorage.py took 0.029 seconds
[2024-03-04T16:08:18.668+0000] {processor.py:161} INFO - Started process (PID=1816) to work on /home/airflow/.local/lib/python3.11/site-packages/airflow/example_dags/tutorial_objectstorage.py
[2024-03-04T16:08:18.669+0000] {processor.py:830} INFO - Processing file /home/airflow/.local/lib/python3.11/site-packages/airflow/example_dags/tutorial_objectstorage.py for tasks to queue
[2024-03-04T16:08:18.670+0000] {logging_mixin.py:188} INFO - [2024-03-04T16:08:18.670+0000] {dagbag.py:540} INFO - Filling up the DagBag from /home/airflow/.local/lib/python3.11/site-packages/airflow/example_dags/tutorial_objectstorage.py
[2024-03-04T16:08:18.674+0000] {processor.py:840} INFO - DAG(s) 'tutorial_objectstorage' retrieved from /home/airflow/.local/lib/python3.11/site-packages/airflow/example_dags/tutorial_objectstorage.py
[2024-03-04T16:08:18.682+0000] {logging_mixin.py:188} INFO - [2024-03-04T16:08:18.682+0000] {dag.py:3047} INFO - Sync 1 DAGs
[2024-03-04T16:08:18.687+0000] {logging_mixin.py:188} INFO - [2024-03-04T16:08:18.687+0000] {dag.py:3834} INFO - Setting next_dagrun for tutorial_objectstorage to None, run_after=None
[2024-03-04T16:08:18.695+0000] {processor.py:183} INFO - Processing /home/airflow/.local/lib/python3.11/site-packages/airflow/example_dags/tutorial_objectstorage.py took 0.029 seconds
[2024-03-04T16:08:49.387+0000] {processor.py:161} INFO - Started process (PID=1871) to work on /home/airflow/.local/lib/python3.11/site-packages/airflow/example_dags/tutorial_objectstorage.py
[2024-03-04T16:08:49.388+0000] {processor.py:830} INFO - Processing file /home/airflow/.local/lib/python3.11/site-packages/airflow/example_dags/tutorial_objectstorage.py for tasks to queue
[2024-03-04T16:08:49.389+0000] {logging_mixin.py:188} INFO - [2024-03-04T16:08:49.389+0000] {dagbag.py:540} INFO - Filling up the DagBag from /home/airflow/.local/lib/python3.11/site-packages/airflow/example_dags/tutorial_objectstorage.py
[2024-03-04T16:08:49.392+0000] {processor.py:840} INFO - DAG(s) 'tutorial_objectstorage' retrieved from /home/airflow/.local/lib/python3.11/site-packages/airflow/example_dags/tutorial_objectstorage.py
[2024-03-04T16:08:49.401+0000] {logging_mixin.py:188} INFO - [2024-03-04T16:08:49.401+0000] {dag.py:3047} INFO - Sync 1 DAGs
[2024-03-04T16:08:49.407+0000] {logging_mixin.py:188} INFO - [2024-03-04T16:08:49.406+0000] {dag.py:3834} INFO - Setting next_dagrun for tutorial_objectstorage to None, run_after=None
[2024-03-04T16:08:49.414+0000] {processor.py:183} INFO - Processing /home/airflow/.local/lib/python3.11/site-packages/airflow/example_dags/tutorial_objectstorage.py took 0.029 seconds
[2024-03-04T16:09:19.927+0000] {processor.py:161} INFO - Started process (PID=1926) to work on /home/airflow/.local/lib/python3.11/site-packages/airflow/example_dags/tutorial_objectstorage.py
[2024-03-04T16:09:19.928+0000] {processor.py:830} INFO - Processing file /home/airflow/.local/lib/python3.11/site-packages/airflow/example_dags/tutorial_objectstorage.py for tasks to queue
[2024-03-04T16:09:19.929+0000] {logging_mixin.py:188} INFO - [2024-03-04T16:09:19.929+0000] {dagbag.py:540} INFO - Filling up the DagBag from /home/airflow/.local/lib/python3.11/site-packages/airflow/example_dags/tutorial_objectstorage.py
[2024-03-04T16:09:19.933+0000] {processor.py:840} INFO - DAG(s) 'tutorial_objectstorage' retrieved from /home/airflow/.local/lib/python3.11/site-packages/airflow/example_dags/tutorial_objectstorage.py
[2024-03-04T16:09:19.941+0000] {logging_mixin.py:188} INFO - [2024-03-04T16:09:19.941+0000] {dag.py:3047} INFO - Sync 1 DAGs
[2024-03-04T16:09:19.946+0000] {logging_mixin.py:188} INFO - [2024-03-04T16:09:19.946+0000] {dag.py:3834} INFO - Setting next_dagrun for tutorial_objectstorage to None, run_after=None
[2024-03-04T16:09:19.954+0000] {processor.py:183} INFO - Processing /home/airflow/.local/lib/python3.11/site-packages/airflow/example_dags/tutorial_objectstorage.py took 0.028 seconds
[2024-03-04T16:09:50.689+0000] {processor.py:161} INFO - Started process (PID=1981) to work on /home/airflow/.local/lib/python3.11/site-packages/airflow/example_dags/tutorial_objectstorage.py
[2024-03-04T16:09:50.689+0000] {processor.py:830} INFO - Processing file /home/airflow/.local/lib/python3.11/site-packages/airflow/example_dags/tutorial_objectstorage.py for tasks to queue
[2024-03-04T16:09:50.690+0000] {logging_mixin.py:188} INFO - [2024-03-04T16:09:50.690+0000] {dagbag.py:540} INFO - Filling up the DagBag from /home/airflow/.local/lib/python3.11/site-packages/airflow/example_dags/tutorial_objectstorage.py
[2024-03-04T16:09:50.694+0000] {processor.py:840} INFO - DAG(s) 'tutorial_objectstorage' retrieved from /home/airflow/.local/lib/python3.11/site-packages/airflow/example_dags/tutorial_objectstorage.py
[2024-03-04T16:09:50.702+0000] {logging_mixin.py:188} INFO - [2024-03-04T16:09:50.702+0000] {dag.py:3047} INFO - Sync 1 DAGs
[2024-03-04T16:09:50.708+0000] {logging_mixin.py:188} INFO - [2024-03-04T16:09:50.708+0000] {dag.py:3834} INFO - Setting next_dagrun for tutorial_objectstorage to None, run_after=None
[2024-03-04T16:09:50.714+0000] {processor.py:183} INFO - Processing /home/airflow/.local/lib/python3.11/site-packages/airflow/example_dags/tutorial_objectstorage.py took 0.027 seconds
[2024-03-04T16:10:21.236+0000] {processor.py:161} INFO - Started process (PID=2036) to work on /home/airflow/.local/lib/python3.11/site-packages/airflow/example_dags/tutorial_objectstorage.py
[2024-03-04T16:10:21.237+0000] {processor.py:830} INFO - Processing file /home/airflow/.local/lib/python3.11/site-packages/airflow/example_dags/tutorial_objectstorage.py for tasks to queue
[2024-03-04T16:10:21.238+0000] {logging_mixin.py:188} INFO - [2024-03-04T16:10:21.238+0000] {dagbag.py:540} INFO - Filling up the DagBag from /home/airflow/.local/lib/python3.11/site-packages/airflow/example_dags/tutorial_objectstorage.py
[2024-03-04T16:10:21.242+0000] {processor.py:840} INFO - DAG(s) 'tutorial_objectstorage' retrieved from /home/airflow/.local/lib/python3.11/site-packages/airflow/example_dags/tutorial_objectstorage.py
[2024-03-04T16:10:21.253+0000] {logging_mixin.py:188} INFO - [2024-03-04T16:10:21.252+0000] {dag.py:3047} INFO - Sync 1 DAGs
[2024-03-04T16:10:21.258+0000] {logging_mixin.py:188} INFO - [2024-03-04T16:10:21.258+0000] {dag.py:3834} INFO - Setting next_dagrun for tutorial_objectstorage to None, run_after=None
[2024-03-04T16:10:21.265+0000] {processor.py:183} INFO - Processing /home/airflow/.local/lib/python3.11/site-packages/airflow/example_dags/tutorial_objectstorage.py took 0.031 seconds
[2024-03-04T16:10:51.828+0000] {processor.py:161} INFO - Started process (PID=2091) to work on /home/airflow/.local/lib/python3.11/site-packages/airflow/example_dags/tutorial_objectstorage.py
[2024-03-04T16:10:51.830+0000] {processor.py:830} INFO - Processing file /home/airflow/.local/lib/python3.11/site-packages/airflow/example_dags/tutorial_objectstorage.py for tasks to queue
[2024-03-04T16:10:51.832+0000] {logging_mixin.py:188} INFO - [2024-03-04T16:10:51.832+0000] {dagbag.py:540} INFO - Filling up the DagBag from /home/airflow/.local/lib/python3.11/site-packages/airflow/example_dags/tutorial_objectstorage.py
[2024-03-04T16:10:51.836+0000] {processor.py:840} INFO - DAG(s) 'tutorial_objectstorage' retrieved from /home/airflow/.local/lib/python3.11/site-packages/airflow/example_dags/tutorial_objectstorage.py
[2024-03-04T16:10:51.844+0000] {logging_mixin.py:188} INFO - [2024-03-04T16:10:51.844+0000] {dag.py:3047} INFO - Sync 1 DAGs
[2024-03-04T16:10:51.849+0000] {logging_mixin.py:188} INFO - [2024-03-04T16:10:51.849+0000] {dag.py:3834} INFO - Setting next_dagrun for tutorial_objectstorage to None, run_after=None
[2024-03-04T16:10:51.855+0000] {processor.py:183} INFO - Processing /home/airflow/.local/lib/python3.11/site-packages/airflow/example_dags/tutorial_objectstorage.py took 0.028 seconds
[2024-03-04T16:11:22.609+0000] {processor.py:161} INFO - Started process (PID=2146) to work on /home/airflow/.local/lib/python3.11/site-packages/airflow/example_dags/tutorial_objectstorage.py
[2024-03-04T16:11:22.609+0000] {processor.py:830} INFO - Processing file /home/airflow/.local/lib/python3.11/site-packages/airflow/example_dags/tutorial_objectstorage.py for tasks to queue
[2024-03-04T16:11:22.610+0000] {logging_mixin.py:188} INFO - [2024-03-04T16:11:22.610+0000] {dagbag.py:540} INFO - Filling up the DagBag from /home/airflow/.local/lib/python3.11/site-packages/airflow/example_dags/tutorial_objectstorage.py
[2024-03-04T16:11:22.615+0000] {processor.py:840} INFO - DAG(s) 'tutorial_objectstorage' retrieved from /home/airflow/.local/lib/python3.11/site-packages/airflow/example_dags/tutorial_objectstorage.py
[2024-03-04T16:11:22.624+0000] {logging_mixin.py:188} INFO - [2024-03-04T16:11:22.624+0000] {dag.py:3047} INFO - Sync 1 DAGs
[2024-03-04T16:11:22.630+0000] {logging_mixin.py:188} INFO - [2024-03-04T16:11:22.630+0000] {dag.py:3834} INFO - Setting next_dagrun for tutorial_objectstorage to None, run_after=None
[2024-03-04T16:11:22.637+0000] {processor.py:183} INFO - Processing /home/airflow/.local/lib/python3.11/site-packages/airflow/example_dags/tutorial_objectstorage.py took 0.030 seconds
[2024-03-04T16:11:53.258+0000] {processor.py:161} INFO - Started process (PID=2201) to work on /home/airflow/.local/lib/python3.11/site-packages/airflow/example_dags/tutorial_objectstorage.py
[2024-03-04T16:11:53.259+0000] {processor.py:830} INFO - Processing file /home/airflow/.local/lib/python3.11/site-packages/airflow/example_dags/tutorial_objectstorage.py for tasks to queue
[2024-03-04T16:11:53.261+0000] {logging_mixin.py:188} INFO - [2024-03-04T16:11:53.261+0000] {dagbag.py:540} INFO - Filling up the DagBag from /home/airflow/.local/lib/python3.11/site-packages/airflow/example_dags/tutorial_objectstorage.py
[2024-03-04T16:11:53.268+0000] {processor.py:840} INFO - DAG(s) 'tutorial_objectstorage' retrieved from /home/airflow/.local/lib/python3.11/site-packages/airflow/example_dags/tutorial_objectstorage.py
[2024-03-04T16:11:53.280+0000] {logging_mixin.py:188} INFO - [2024-03-04T16:11:53.280+0000] {dag.py:3047} INFO - Sync 1 DAGs
[2024-03-04T16:11:53.286+0000] {logging_mixin.py:188} INFO - [2024-03-04T16:11:53.286+0000] {dag.py:3834} INFO - Setting next_dagrun for tutorial_objectstorage to None, run_after=None
[2024-03-04T16:11:53.293+0000] {processor.py:183} INFO - Processing /home/airflow/.local/lib/python3.11/site-packages/airflow/example_dags/tutorial_objectstorage.py took 0.037 seconds
[2024-03-04T16:12:23.957+0000] {processor.py:161} INFO - Started process (PID=2256) to work on /home/airflow/.local/lib/python3.11/site-packages/airflow/example_dags/tutorial_objectstorage.py
[2024-03-04T16:12:23.958+0000] {processor.py:830} INFO - Processing file /home/airflow/.local/lib/python3.11/site-packages/airflow/example_dags/tutorial_objectstorage.py for tasks to queue
[2024-03-04T16:12:23.959+0000] {logging_mixin.py:188} INFO - [2024-03-04T16:12:23.959+0000] {dagbag.py:540} INFO - Filling up the DagBag from /home/airflow/.local/lib/python3.11/site-packages/airflow/example_dags/tutorial_objectstorage.py
[2024-03-04T16:12:23.964+0000] {processor.py:840} INFO - DAG(s) 'tutorial_objectstorage' retrieved from /home/airflow/.local/lib/python3.11/site-packages/airflow/example_dags/tutorial_objectstorage.py
[2024-03-04T16:12:23.972+0000] {logging_mixin.py:188} INFO - [2024-03-04T16:12:23.972+0000] {dag.py:3047} INFO - Sync 1 DAGs
[2024-03-04T16:12:23.978+0000] {logging_mixin.py:188} INFO - [2024-03-04T16:12:23.978+0000] {dag.py:3834} INFO - Setting next_dagrun for tutorial_objectstorage to None, run_after=None
[2024-03-04T16:12:23.985+0000] {processor.py:183} INFO - Processing /home/airflow/.local/lib/python3.11/site-packages/airflow/example_dags/tutorial_objectstorage.py took 0.030 seconds
[2024-03-04T16:12:54.612+0000] {processor.py:161} INFO - Started process (PID=2311) to work on /home/airflow/.local/lib/python3.11/site-packages/airflow/example_dags/tutorial_objectstorage.py
[2024-03-04T16:12:54.613+0000] {processor.py:830} INFO - Processing file /home/airflow/.local/lib/python3.11/site-packages/airflow/example_dags/tutorial_objectstorage.py for tasks to queue
[2024-03-04T16:12:54.614+0000] {logging_mixin.py:188} INFO - [2024-03-04T16:12:54.614+0000] {dagbag.py:540} INFO - Filling up the DagBag from /home/airflow/.local/lib/python3.11/site-packages/airflow/example_dags/tutorial_objectstorage.py
[2024-03-04T16:12:54.617+0000] {processor.py:840} INFO - DAG(s) 'tutorial_objectstorage' retrieved from /home/airflow/.local/lib/python3.11/site-packages/airflow/example_dags/tutorial_objectstorage.py
[2024-03-04T16:12:54.626+0000] {logging_mixin.py:188} INFO - [2024-03-04T16:12:54.626+0000] {dag.py:3047} INFO - Sync 1 DAGs
[2024-03-04T16:12:54.630+0000] {logging_mixin.py:188} INFO - [2024-03-04T16:12:54.630+0000] {dag.py:3834} INFO - Setting next_dagrun for tutorial_objectstorage to None, run_after=None
[2024-03-04T16:12:54.638+0000] {processor.py:183} INFO - Processing /home/airflow/.local/lib/python3.11/site-packages/airflow/example_dags/tutorial_objectstorage.py took 0.027 seconds
[2024-03-04T16:13:25.212+0000] {processor.py:161} INFO - Started process (PID=2366) to work on /home/airflow/.local/lib/python3.11/site-packages/airflow/example_dags/tutorial_objectstorage.py
[2024-03-04T16:13:25.213+0000] {processor.py:830} INFO - Processing file /home/airflow/.local/lib/python3.11/site-packages/airflow/example_dags/tutorial_objectstorage.py for tasks to queue
[2024-03-04T16:13:25.214+0000] {logging_mixin.py:188} INFO - [2024-03-04T16:13:25.214+0000] {dagbag.py:540} INFO - Filling up the DagBag from /home/airflow/.local/lib/python3.11/site-packages/airflow/example_dags/tutorial_objectstorage.py
[2024-03-04T16:13:25.218+0000] {processor.py:840} INFO - DAG(s) 'tutorial_objectstorage' retrieved from /home/airflow/.local/lib/python3.11/site-packages/airflow/example_dags/tutorial_objectstorage.py
[2024-03-04T16:13:25.227+0000] {logging_mixin.py:188} INFO - [2024-03-04T16:13:25.227+0000] {dag.py:3047} INFO - Sync 1 DAGs
[2024-03-04T16:13:25.233+0000] {logging_mixin.py:188} INFO - [2024-03-04T16:13:25.233+0000] {dag.py:3834} INFO - Setting next_dagrun for tutorial_objectstorage to None, run_after=None
[2024-03-04T16:13:25.241+0000] {processor.py:183} INFO - Processing /home/airflow/.local/lib/python3.11/site-packages/airflow/example_dags/tutorial_objectstorage.py took 0.030 seconds
[2024-03-04T16:13:55.961+0000] {processor.py:161} INFO - Started process (PID=2421) to work on /home/airflow/.local/lib/python3.11/site-packages/airflow/example_dags/tutorial_objectstorage.py
[2024-03-04T16:13:55.962+0000] {processor.py:830} INFO - Processing file /home/airflow/.local/lib/python3.11/site-packages/airflow/example_dags/tutorial_objectstorage.py for tasks to queue
[2024-03-04T16:13:55.963+0000] {logging_mixin.py:188} INFO - [2024-03-04T16:13:55.963+0000] {dagbag.py:540} INFO - Filling up the DagBag from /home/airflow/.local/lib/python3.11/site-packages/airflow/example_dags/tutorial_objectstorage.py
[2024-03-04T16:13:55.968+0000] {processor.py:840} INFO - DAG(s) 'tutorial_objectstorage' retrieved from /home/airflow/.local/lib/python3.11/site-packages/airflow/example_dags/tutorial_objectstorage.py
[2024-03-04T16:13:55.977+0000] {logging_mixin.py:188} INFO - [2024-03-04T16:13:55.977+0000] {dag.py:3047} INFO - Sync 1 DAGs
[2024-03-04T16:13:55.983+0000] {logging_mixin.py:188} INFO - [2024-03-04T16:13:55.983+0000] {dag.py:3834} INFO - Setting next_dagrun for tutorial_objectstorage to None, run_after=None
[2024-03-04T16:13:55.991+0000] {processor.py:183} INFO - Processing /home/airflow/.local/lib/python3.11/site-packages/airflow/example_dags/tutorial_objectstorage.py took 0.031 seconds
[2024-03-04T16:14:26.761+0000] {processor.py:161} INFO - Started process (PID=2476) to work on /home/airflow/.local/lib/python3.11/site-packages/airflow/example_dags/tutorial_objectstorage.py
[2024-03-04T16:14:26.762+0000] {processor.py:830} INFO - Processing file /home/airflow/.local/lib/python3.11/site-packages/airflow/example_dags/tutorial_objectstorage.py for tasks to queue
[2024-03-04T16:14:26.763+0000] {logging_mixin.py:188} INFO - [2024-03-04T16:14:26.763+0000] {dagbag.py:540} INFO - Filling up the DagBag from /home/airflow/.local/lib/python3.11/site-packages/airflow/example_dags/tutorial_objectstorage.py
[2024-03-04T16:14:26.766+0000] {processor.py:840} INFO - DAG(s) 'tutorial_objectstorage' retrieved from /home/airflow/.local/lib/python3.11/site-packages/airflow/example_dags/tutorial_objectstorage.py
[2024-03-04T16:14:26.774+0000] {logging_mixin.py:188} INFO - [2024-03-04T16:14:26.774+0000] {dag.py:3047} INFO - Sync 1 DAGs
[2024-03-04T16:14:26.779+0000] {logging_mixin.py:188} INFO - [2024-03-04T16:14:26.779+0000] {dag.py:3834} INFO - Setting next_dagrun for tutorial_objectstorage to None, run_after=None
[2024-03-04T16:14:26.785+0000] {processor.py:183} INFO - Processing /home/airflow/.local/lib/python3.11/site-packages/airflow/example_dags/tutorial_objectstorage.py took 0.025 seconds
[2024-03-04T16:14:57.487+0000] {processor.py:161} INFO - Started process (PID=2531) to work on /home/airflow/.local/lib/python3.11/site-packages/airflow/example_dags/tutorial_objectstorage.py
[2024-03-04T16:14:57.488+0000] {processor.py:830} INFO - Processing file /home/airflow/.local/lib/python3.11/site-packages/airflow/example_dags/tutorial_objectstorage.py for tasks to queue
[2024-03-04T16:14:57.490+0000] {logging_mixin.py:188} INFO - [2024-03-04T16:14:57.490+0000] {dagbag.py:540} INFO - Filling up the DagBag from /home/airflow/.local/lib/python3.11/site-packages/airflow/example_dags/tutorial_objectstorage.py
[2024-03-04T16:14:57.495+0000] {processor.py:840} INFO - DAG(s) 'tutorial_objectstorage' retrieved from /home/airflow/.local/lib/python3.11/site-packages/airflow/example_dags/tutorial_objectstorage.py
[2024-03-04T16:14:57.509+0000] {logging_mixin.py:188} INFO - [2024-03-04T16:14:57.509+0000] {dag.py:3047} INFO - Sync 1 DAGs
[2024-03-04T16:14:57.515+0000] {logging_mixin.py:188} INFO - [2024-03-04T16:14:57.515+0000] {dag.py:3834} INFO - Setting next_dagrun for tutorial_objectstorage to None, run_after=None
[2024-03-04T16:14:57.524+0000] {processor.py:183} INFO - Processing /home/airflow/.local/lib/python3.11/site-packages/airflow/example_dags/tutorial_objectstorage.py took 0.039 seconds
[2024-03-04T16:15:27.967+0000] {processor.py:161} INFO - Started process (PID=2586) to work on /home/airflow/.local/lib/python3.11/site-packages/airflow/example_dags/tutorial_objectstorage.py
[2024-03-04T16:15:27.968+0000] {processor.py:830} INFO - Processing file /home/airflow/.local/lib/python3.11/site-packages/airflow/example_dags/tutorial_objectstorage.py for tasks to queue
[2024-03-04T16:15:27.969+0000] {logging_mixin.py:188} INFO - [2024-03-04T16:15:27.968+0000] {dagbag.py:540} INFO - Filling up the DagBag from /home/airflow/.local/lib/python3.11/site-packages/airflow/example_dags/tutorial_objectstorage.py
[2024-03-04T16:15:27.972+0000] {processor.py:840} INFO - DAG(s) 'tutorial_objectstorage' retrieved from /home/airflow/.local/lib/python3.11/site-packages/airflow/example_dags/tutorial_objectstorage.py
[2024-03-04T16:15:27.981+0000] {logging_mixin.py:188} INFO - [2024-03-04T16:15:27.980+0000] {dag.py:3047} INFO - Sync 1 DAGs
[2024-03-04T16:15:27.986+0000] {logging_mixin.py:188} INFO - [2024-03-04T16:15:27.986+0000] {dag.py:3834} INFO - Setting next_dagrun for tutorial_objectstorage to None, run_after=None
[2024-03-04T16:15:27.994+0000] {processor.py:183} INFO - Processing /home/airflow/.local/lib/python3.11/site-packages/airflow/example_dags/tutorial_objectstorage.py took 0.029 seconds
[2024-03-04T16:15:58.809+0000] {processor.py:161} INFO - Started process (PID=2641) to work on /home/airflow/.local/lib/python3.11/site-packages/airflow/example_dags/tutorial_objectstorage.py
[2024-03-04T16:15:58.809+0000] {processor.py:830} INFO - Processing file /home/airflow/.local/lib/python3.11/site-packages/airflow/example_dags/tutorial_objectstorage.py for tasks to queue
[2024-03-04T16:15:58.811+0000] {logging_mixin.py:188} INFO - [2024-03-04T16:15:58.811+0000] {dagbag.py:540} INFO - Filling up the DagBag from /home/airflow/.local/lib/python3.11/site-packages/airflow/example_dags/tutorial_objectstorage.py
[2024-03-04T16:15:58.817+0000] {processor.py:840} INFO - DAG(s) 'tutorial_objectstorage' retrieved from /home/airflow/.local/lib/python3.11/site-packages/airflow/example_dags/tutorial_objectstorage.py
[2024-03-04T16:15:58.827+0000] {logging_mixin.py:188} INFO - [2024-03-04T16:15:58.827+0000] {dag.py:3047} INFO - Sync 1 DAGs
[2024-03-04T16:15:58.833+0000] {logging_mixin.py:188} INFO - [2024-03-04T16:15:58.833+0000] {dag.py:3834} INFO - Setting next_dagrun for tutorial_objectstorage to None, run_after=None
[2024-03-04T16:15:58.839+0000] {processor.py:183} INFO - Processing /home/airflow/.local/lib/python3.11/site-packages/airflow/example_dags/tutorial_objectstorage.py took 0.032 seconds
[2024-03-04T16:16:30.988+0000] {processor.py:161} INFO - Started process (PID=2696) to work on /home/airflow/.local/lib/python3.11/site-packages/airflow/example_dags/tutorial_objectstorage.py
[2024-03-04T16:16:30.990+0000] {processor.py:830} INFO - Processing file /home/airflow/.local/lib/python3.11/site-packages/airflow/example_dags/tutorial_objectstorage.py for tasks to queue
[2024-03-04T16:16:30.997+0000] {logging_mixin.py:188} INFO - [2024-03-04T16:16:30.996+0000] {dagbag.py:540} INFO - Filling up the DagBag from /home/airflow/.local/lib/python3.11/site-packages/airflow/example_dags/tutorial_objectstorage.py
[2024-03-04T16:16:31.005+0000] {processor.py:840} INFO - DAG(s) 'tutorial_objectstorage' retrieved from /home/airflow/.local/lib/python3.11/site-packages/airflow/example_dags/tutorial_objectstorage.py
[2024-03-04T16:16:31.023+0000] {logging_mixin.py:188} INFO - [2024-03-04T16:16:31.023+0000] {dag.py:3047} INFO - Sync 1 DAGs
[2024-03-04T16:16:31.035+0000] {logging_mixin.py:188} INFO - [2024-03-04T16:16:31.035+0000] {dag.py:3834} INFO - Setting next_dagrun for tutorial_objectstorage to None, run_after=None
[2024-03-04T16:16:31.047+0000] {processor.py:183} INFO - Processing /home/airflow/.local/lib/python3.11/site-packages/airflow/example_dags/tutorial_objectstorage.py took 0.062 seconds
[2024-03-04T16:17:01.102+0000] {processor.py:161} INFO - Started process (PID=2751) to work on /home/airflow/.local/lib/python3.11/site-packages/airflow/example_dags/tutorial_objectstorage.py
[2024-03-04T16:17:01.103+0000] {processor.py:830} INFO - Processing file /home/airflow/.local/lib/python3.11/site-packages/airflow/example_dags/tutorial_objectstorage.py for tasks to queue
[2024-03-04T16:17:01.104+0000] {logging_mixin.py:188} INFO - [2024-03-04T16:17:01.104+0000] {dagbag.py:540} INFO - Filling up the DagBag from /home/airflow/.local/lib/python3.11/site-packages/airflow/example_dags/tutorial_objectstorage.py
[2024-03-04T16:17:01.108+0000] {processor.py:840} INFO - DAG(s) 'tutorial_objectstorage' retrieved from /home/airflow/.local/lib/python3.11/site-packages/airflow/example_dags/tutorial_objectstorage.py
[2024-03-04T16:17:01.116+0000] {logging_mixin.py:188} INFO - [2024-03-04T16:17:01.116+0000] {dag.py:3047} INFO - Sync 1 DAGs
[2024-03-04T16:17:01.120+0000] {logging_mixin.py:188} INFO - [2024-03-04T16:17:01.120+0000] {dag.py:3834} INFO - Setting next_dagrun for tutorial_objectstorage to None, run_after=None
[2024-03-04T16:17:01.127+0000] {processor.py:183} INFO - Processing /home/airflow/.local/lib/python3.11/site-packages/airflow/example_dags/tutorial_objectstorage.py took 0.027 seconds
[2024-03-04T16:17:32.005+0000] {processor.py:161} INFO - Started process (PID=2806) to work on /home/airflow/.local/lib/python3.11/site-packages/airflow/example_dags/tutorial_objectstorage.py
[2024-03-04T16:17:32.006+0000] {processor.py:830} INFO - Processing file /home/airflow/.local/lib/python3.11/site-packages/airflow/example_dags/tutorial_objectstorage.py for tasks to queue
[2024-03-04T16:17:32.007+0000] {logging_mixin.py:188} INFO - [2024-03-04T16:17:32.007+0000] {dagbag.py:540} INFO - Filling up the DagBag from /home/airflow/.local/lib/python3.11/site-packages/airflow/example_dags/tutorial_objectstorage.py
[2024-03-04T16:17:32.011+0000] {processor.py:840} INFO - DAG(s) 'tutorial_objectstorage' retrieved from /home/airflow/.local/lib/python3.11/site-packages/airflow/example_dags/tutorial_objectstorage.py
[2024-03-04T16:17:32.020+0000] {logging_mixin.py:188} INFO - [2024-03-04T16:17:32.020+0000] {dag.py:3047} INFO - Sync 1 DAGs
[2024-03-04T16:17:32.025+0000] {logging_mixin.py:188} INFO - [2024-03-04T16:17:32.025+0000] {dag.py:3834} INFO - Setting next_dagrun for tutorial_objectstorage to None, run_after=None
[2024-03-04T16:17:32.036+0000] {processor.py:183} INFO - Processing /home/airflow/.local/lib/python3.11/site-packages/airflow/example_dags/tutorial_objectstorage.py took 0.032 seconds
[2024-03-04T16:18:02.331+0000] {processor.py:161} INFO - Started process (PID=2861) to work on /home/airflow/.local/lib/python3.11/site-packages/airflow/example_dags/tutorial_objectstorage.py
[2024-03-04T16:18:02.332+0000] {processor.py:830} INFO - Processing file /home/airflow/.local/lib/python3.11/site-packages/airflow/example_dags/tutorial_objectstorage.py for tasks to queue
[2024-03-04T16:18:02.333+0000] {logging_mixin.py:188} INFO - [2024-03-04T16:18:02.333+0000] {dagbag.py:540} INFO - Filling up the DagBag from /home/airflow/.local/lib/python3.11/site-packages/airflow/example_dags/tutorial_objectstorage.py
[2024-03-04T16:18:02.339+0000] {processor.py:840} INFO - DAG(s) 'tutorial_objectstorage' retrieved from /home/airflow/.local/lib/python3.11/site-packages/airflow/example_dags/tutorial_objectstorage.py
[2024-03-04T16:18:02.350+0000] {logging_mixin.py:188} INFO - [2024-03-04T16:18:02.350+0000] {dag.py:3047} INFO - Sync 1 DAGs
[2024-03-04T16:18:02.357+0000] {logging_mixin.py:188} INFO - [2024-03-04T16:18:02.357+0000] {dag.py:3834} INFO - Setting next_dagrun for tutorial_objectstorage to None, run_after=None
[2024-03-04T16:18:02.373+0000] {processor.py:183} INFO - Processing /home/airflow/.local/lib/python3.11/site-packages/airflow/example_dags/tutorial_objectstorage.py took 0.044 seconds
[2024-03-04T16:18:32.736+0000] {processor.py:161} INFO - Started process (PID=2916) to work on /home/airflow/.local/lib/python3.11/site-packages/airflow/example_dags/tutorial_objectstorage.py
[2024-03-04T16:18:32.737+0000] {processor.py:830} INFO - Processing file /home/airflow/.local/lib/python3.11/site-packages/airflow/example_dags/tutorial_objectstorage.py for tasks to queue
[2024-03-04T16:18:32.738+0000] {logging_mixin.py:188} INFO - [2024-03-04T16:18:32.738+0000] {dagbag.py:540} INFO - Filling up the DagBag from /home/airflow/.local/lib/python3.11/site-packages/airflow/example_dags/tutorial_objectstorage.py
[2024-03-04T16:18:32.742+0000] {processor.py:840} INFO - DAG(s) 'tutorial_objectstorage' retrieved from /home/airflow/.local/lib/python3.11/site-packages/airflow/example_dags/tutorial_objectstorage.py
[2024-03-04T16:18:32.751+0000] {logging_mixin.py:188} INFO - [2024-03-04T16:18:32.751+0000] {dag.py:3047} INFO - Sync 1 DAGs
[2024-03-04T16:18:32.763+0000] {logging_mixin.py:188} INFO - [2024-03-04T16:18:32.763+0000] {dag.py:3834} INFO - Setting next_dagrun for tutorial_objectstorage to None, run_after=None
[2024-03-04T16:18:32.778+0000] {processor.py:183} INFO - Processing /home/airflow/.local/lib/python3.11/site-packages/airflow/example_dags/tutorial_objectstorage.py took 0.043 seconds
[2024-03-04T16:19:02.812+0000] {processor.py:161} INFO - Started process (PID=2971) to work on /home/airflow/.local/lib/python3.11/site-packages/airflow/example_dags/tutorial_objectstorage.py
[2024-03-04T16:19:02.812+0000] {processor.py:830} INFO - Processing file /home/airflow/.local/lib/python3.11/site-packages/airflow/example_dags/tutorial_objectstorage.py for tasks to queue
[2024-03-04T16:19:02.814+0000] {logging_mixin.py:188} INFO - [2024-03-04T16:19:02.814+0000] {dagbag.py:540} INFO - Filling up the DagBag from /home/airflow/.local/lib/python3.11/site-packages/airflow/example_dags/tutorial_objectstorage.py
[2024-03-04T16:19:02.818+0000] {processor.py:840} INFO - DAG(s) 'tutorial_objectstorage' retrieved from /home/airflow/.local/lib/python3.11/site-packages/airflow/example_dags/tutorial_objectstorage.py
[2024-03-04T16:19:02.826+0000] {logging_mixin.py:188} INFO - [2024-03-04T16:19:02.826+0000] {dag.py:3047} INFO - Sync 1 DAGs
[2024-03-04T16:19:02.831+0000] {logging_mixin.py:188} INFO - [2024-03-04T16:19:02.831+0000] {dag.py:3834} INFO - Setting next_dagrun for tutorial_objectstorage to None, run_after=None
[2024-03-04T16:19:02.838+0000] {processor.py:183} INFO - Processing /home/airflow/.local/lib/python3.11/site-packages/airflow/example_dags/tutorial_objectstorage.py took 0.028 seconds
[2024-03-04T16:19:33.087+0000] {processor.py:161} INFO - Started process (PID=3026) to work on /home/airflow/.local/lib/python3.11/site-packages/airflow/example_dags/tutorial_objectstorage.py
[2024-03-04T16:19:33.088+0000] {processor.py:830} INFO - Processing file /home/airflow/.local/lib/python3.11/site-packages/airflow/example_dags/tutorial_objectstorage.py for tasks to queue
[2024-03-04T16:19:33.089+0000] {logging_mixin.py:188} INFO - [2024-03-04T16:19:33.088+0000] {dagbag.py:540} INFO - Filling up the DagBag from /home/airflow/.local/lib/python3.11/site-packages/airflow/example_dags/tutorial_objectstorage.py
[2024-03-04T16:19:33.092+0000] {processor.py:840} INFO - DAG(s) 'tutorial_objectstorage' retrieved from /home/airflow/.local/lib/python3.11/site-packages/airflow/example_dags/tutorial_objectstorage.py
[2024-03-04T16:19:33.102+0000] {logging_mixin.py:188} INFO - [2024-03-04T16:19:33.102+0000] {dag.py:3047} INFO - Sync 1 DAGs
[2024-03-04T16:19:33.113+0000] {logging_mixin.py:188} INFO - [2024-03-04T16:19:33.113+0000] {dag.py:3834} INFO - Setting next_dagrun for tutorial_objectstorage to None, run_after=None
[2024-03-04T16:19:33.128+0000] {processor.py:183} INFO - Processing /home/airflow/.local/lib/python3.11/site-packages/airflow/example_dags/tutorial_objectstorage.py took 0.042 seconds
[2024-03-04T16:20:03.225+0000] {processor.py:161} INFO - Started process (PID=3081) to work on /home/airflow/.local/lib/python3.11/site-packages/airflow/example_dags/tutorial_objectstorage.py
[2024-03-04T16:20:03.227+0000] {processor.py:830} INFO - Processing file /home/airflow/.local/lib/python3.11/site-packages/airflow/example_dags/tutorial_objectstorage.py for tasks to queue
[2024-03-04T16:20:03.228+0000] {logging_mixin.py:188} INFO - [2024-03-04T16:20:03.228+0000] {dagbag.py:540} INFO - Filling up the DagBag from /home/airflow/.local/lib/python3.11/site-packages/airflow/example_dags/tutorial_objectstorage.py
[2024-03-04T16:20:03.233+0000] {processor.py:840} INFO - DAG(s) 'tutorial_objectstorage' retrieved from /home/airflow/.local/lib/python3.11/site-packages/airflow/example_dags/tutorial_objectstorage.py
[2024-03-04T16:20:03.245+0000] {logging_mixin.py:188} INFO - [2024-03-04T16:20:03.245+0000] {dag.py:3047} INFO - Sync 1 DAGs
[2024-03-04T16:20:03.253+0000] {logging_mixin.py:188} INFO - [2024-03-04T16:20:03.253+0000] {dag.py:3834} INFO - Setting next_dagrun for tutorial_objectstorage to None, run_after=None
[2024-03-04T16:20:03.262+0000] {processor.py:183} INFO - Processing /home/airflow/.local/lib/python3.11/site-packages/airflow/example_dags/tutorial_objectstorage.py took 0.039 seconds
[2024-03-04T16:20:33.945+0000] {processor.py:161} INFO - Started process (PID=3136) to work on /home/airflow/.local/lib/python3.11/site-packages/airflow/example_dags/tutorial_objectstorage.py
[2024-03-04T16:20:33.946+0000] {processor.py:830} INFO - Processing file /home/airflow/.local/lib/python3.11/site-packages/airflow/example_dags/tutorial_objectstorage.py for tasks to queue
[2024-03-04T16:20:33.947+0000] {logging_mixin.py:188} INFO - [2024-03-04T16:20:33.947+0000] {dagbag.py:540} INFO - Filling up the DagBag from /home/airflow/.local/lib/python3.11/site-packages/airflow/example_dags/tutorial_objectstorage.py
[2024-03-04T16:20:33.951+0000] {processor.py:840} INFO - DAG(s) 'tutorial_objectstorage' retrieved from /home/airflow/.local/lib/python3.11/site-packages/airflow/example_dags/tutorial_objectstorage.py
[2024-03-04T16:20:33.960+0000] {logging_mixin.py:188} INFO - [2024-03-04T16:20:33.960+0000] {dag.py:3047} INFO - Sync 1 DAGs
[2024-03-04T16:20:33.966+0000] {logging_mixin.py:188} INFO - [2024-03-04T16:20:33.966+0000] {dag.py:3834} INFO - Setting next_dagrun for tutorial_objectstorage to None, run_after=None
[2024-03-04T16:20:33.974+0000] {processor.py:183} INFO - Processing /home/airflow/.local/lib/python3.11/site-packages/airflow/example_dags/tutorial_objectstorage.py took 0.031 seconds
[2024-03-04T16:21:04.160+0000] {processor.py:161} INFO - Started process (PID=3191) to work on /home/airflow/.local/lib/python3.11/site-packages/airflow/example_dags/tutorial_objectstorage.py
[2024-03-04T16:21:04.161+0000] {processor.py:830} INFO - Processing file /home/airflow/.local/lib/python3.11/site-packages/airflow/example_dags/tutorial_objectstorage.py for tasks to queue
[2024-03-04T16:21:04.162+0000] {logging_mixin.py:188} INFO - [2024-03-04T16:21:04.162+0000] {dagbag.py:540} INFO - Filling up the DagBag from /home/airflow/.local/lib/python3.11/site-packages/airflow/example_dags/tutorial_objectstorage.py
[2024-03-04T16:21:04.165+0000] {processor.py:840} INFO - DAG(s) 'tutorial_objectstorage' retrieved from /home/airflow/.local/lib/python3.11/site-packages/airflow/example_dags/tutorial_objectstorage.py
[2024-03-04T16:21:04.173+0000] {logging_mixin.py:188} INFO - [2024-03-04T16:21:04.173+0000] {dag.py:3047} INFO - Sync 1 DAGs
[2024-03-04T16:21:04.178+0000] {logging_mixin.py:188} INFO - [2024-03-04T16:21:04.178+0000] {dag.py:3834} INFO - Setting next_dagrun for tutorial_objectstorage to None, run_after=None
[2024-03-04T16:21:04.184+0000] {processor.py:183} INFO - Processing /home/airflow/.local/lib/python3.11/site-packages/airflow/example_dags/tutorial_objectstorage.py took 0.025 seconds
[2024-03-04T16:21:34.414+0000] {processor.py:161} INFO - Started process (PID=3246) to work on /home/airflow/.local/lib/python3.11/site-packages/airflow/example_dags/tutorial_objectstorage.py
[2024-03-04T16:21:34.414+0000] {processor.py:830} INFO - Processing file /home/airflow/.local/lib/python3.11/site-packages/airflow/example_dags/tutorial_objectstorage.py for tasks to queue
[2024-03-04T16:21:34.415+0000] {logging_mixin.py:188} INFO - [2024-03-04T16:21:34.415+0000] {dagbag.py:540} INFO - Filling up the DagBag from /home/airflow/.local/lib/python3.11/site-packages/airflow/example_dags/tutorial_objectstorage.py
[2024-03-04T16:21:34.418+0000] {processor.py:840} INFO - DAG(s) 'tutorial_objectstorage' retrieved from /home/airflow/.local/lib/python3.11/site-packages/airflow/example_dags/tutorial_objectstorage.py
[2024-03-04T16:21:34.427+0000] {logging_mixin.py:188} INFO - [2024-03-04T16:21:34.426+0000] {dag.py:3047} INFO - Sync 1 DAGs
[2024-03-04T16:21:34.432+0000] {logging_mixin.py:188} INFO - [2024-03-04T16:21:34.432+0000] {dag.py:3834} INFO - Setting next_dagrun for tutorial_objectstorage to None, run_after=None
[2024-03-04T16:21:34.438+0000] {processor.py:183} INFO - Processing /home/airflow/.local/lib/python3.11/site-packages/airflow/example_dags/tutorial_objectstorage.py took 0.026 seconds
[2024-03-04T16:22:04.721+0000] {processor.py:161} INFO - Started process (PID=3301) to work on /home/airflow/.local/lib/python3.11/site-packages/airflow/example_dags/tutorial_objectstorage.py
[2024-03-04T16:22:04.722+0000] {processor.py:830} INFO - Processing file /home/airflow/.local/lib/python3.11/site-packages/airflow/example_dags/tutorial_objectstorage.py for tasks to queue
[2024-03-04T16:22:04.723+0000] {logging_mixin.py:188} INFO - [2024-03-04T16:22:04.722+0000] {dagbag.py:540} INFO - Filling up the DagBag from /home/airflow/.local/lib/python3.11/site-packages/airflow/example_dags/tutorial_objectstorage.py
[2024-03-04T16:22:04.726+0000] {processor.py:840} INFO - DAG(s) 'tutorial_objectstorage' retrieved from /home/airflow/.local/lib/python3.11/site-packages/airflow/example_dags/tutorial_objectstorage.py
[2024-03-04T16:22:04.736+0000] {logging_mixin.py:188} INFO - [2024-03-04T16:22:04.736+0000] {dag.py:3047} INFO - Sync 1 DAGs
[2024-03-04T16:22:04.744+0000] {logging_mixin.py:188} INFO - [2024-03-04T16:22:04.744+0000] {dag.py:3834} INFO - Setting next_dagrun for tutorial_objectstorage to None, run_after=None
[2024-03-04T16:22:04.751+0000] {processor.py:183} INFO - Processing /home/airflow/.local/lib/python3.11/site-packages/airflow/example_dags/tutorial_objectstorage.py took 0.032 seconds
[2024-03-04T16:22:34.958+0000] {processor.py:161} INFO - Started process (PID=3356) to work on /home/airflow/.local/lib/python3.11/site-packages/airflow/example_dags/tutorial_objectstorage.py
[2024-03-04T16:22:34.959+0000] {processor.py:830} INFO - Processing file /home/airflow/.local/lib/python3.11/site-packages/airflow/example_dags/tutorial_objectstorage.py for tasks to queue
[2024-03-04T16:22:34.959+0000] {logging_mixin.py:188} INFO - [2024-03-04T16:22:34.959+0000] {dagbag.py:540} INFO - Filling up the DagBag from /home/airflow/.local/lib/python3.11/site-packages/airflow/example_dags/tutorial_objectstorage.py
[2024-03-04T16:22:34.963+0000] {processor.py:840} INFO - DAG(s) 'tutorial_objectstorage' retrieved from /home/airflow/.local/lib/python3.11/site-packages/airflow/example_dags/tutorial_objectstorage.py
[2024-03-04T16:22:34.973+0000] {logging_mixin.py:188} INFO - [2024-03-04T16:22:34.973+0000] {dag.py:3047} INFO - Sync 1 DAGs
[2024-03-04T16:22:34.978+0000] {logging_mixin.py:188} INFO - [2024-03-04T16:22:34.978+0000] {dag.py:3834} INFO - Setting next_dagrun for tutorial_objectstorage to None, run_after=None
[2024-03-04T16:22:34.985+0000] {processor.py:183} INFO - Processing /home/airflow/.local/lib/python3.11/site-packages/airflow/example_dags/tutorial_objectstorage.py took 0.029 seconds
[2024-03-04T16:23:05.235+0000] {processor.py:161} INFO - Started process (PID=3411) to work on /home/airflow/.local/lib/python3.11/site-packages/airflow/example_dags/tutorial_objectstorage.py
[2024-03-04T16:23:05.235+0000] {processor.py:830} INFO - Processing file /home/airflow/.local/lib/python3.11/site-packages/airflow/example_dags/tutorial_objectstorage.py for tasks to queue
[2024-03-04T16:23:05.237+0000] {logging_mixin.py:188} INFO - [2024-03-04T16:23:05.237+0000] {dagbag.py:540} INFO - Filling up the DagBag from /home/airflow/.local/lib/python3.11/site-packages/airflow/example_dags/tutorial_objectstorage.py
[2024-03-04T16:23:05.241+0000] {processor.py:840} INFO - DAG(s) 'tutorial_objectstorage' retrieved from /home/airflow/.local/lib/python3.11/site-packages/airflow/example_dags/tutorial_objectstorage.py
[2024-03-04T16:23:05.250+0000] {logging_mixin.py:188} INFO - [2024-03-04T16:23:05.250+0000] {dag.py:3047} INFO - Sync 1 DAGs
[2024-03-04T16:23:05.255+0000] {logging_mixin.py:188} INFO - [2024-03-04T16:23:05.255+0000] {dag.py:3834} INFO - Setting next_dagrun for tutorial_objectstorage to None, run_after=None
[2024-03-04T16:23:05.262+0000] {processor.py:183} INFO - Processing /home/airflow/.local/lib/python3.11/site-packages/airflow/example_dags/tutorial_objectstorage.py took 0.029 seconds
[2024-03-04T16:23:35.717+0000] {processor.py:161} INFO - Started process (PID=3465) to work on /home/airflow/.local/lib/python3.11/site-packages/airflow/example_dags/tutorial_objectstorage.py
[2024-03-04T16:23:35.719+0000] {processor.py:830} INFO - Processing file /home/airflow/.local/lib/python3.11/site-packages/airflow/example_dags/tutorial_objectstorage.py for tasks to queue
[2024-03-04T16:23:35.721+0000] {logging_mixin.py:188} INFO - [2024-03-04T16:23:35.721+0000] {dagbag.py:540} INFO - Filling up the DagBag from /home/airflow/.local/lib/python3.11/site-packages/airflow/example_dags/tutorial_objectstorage.py
[2024-03-04T16:23:35.737+0000] {processor.py:840} INFO - DAG(s) 'tutorial_objectstorage' retrieved from /home/airflow/.local/lib/python3.11/site-packages/airflow/example_dags/tutorial_objectstorage.py
[2024-03-04T16:23:35.761+0000] {logging_mixin.py:188} INFO - [2024-03-04T16:23:35.761+0000] {dag.py:3047} INFO - Sync 1 DAGs
[2024-03-04T16:23:35.769+0000] {logging_mixin.py:188} INFO - [2024-03-04T16:23:35.769+0000] {dag.py:3834} INFO - Setting next_dagrun for tutorial_objectstorage to None, run_after=None
[2024-03-04T16:23:35.783+0000] {processor.py:183} INFO - Processing /home/airflow/.local/lib/python3.11/site-packages/airflow/example_dags/tutorial_objectstorage.py took 0.067 seconds
[2024-03-04T16:24:06.233+0000] {processor.py:161} INFO - Started process (PID=3520) to work on /home/airflow/.local/lib/python3.11/site-packages/airflow/example_dags/tutorial_objectstorage.py
[2024-03-04T16:24:06.235+0000] {processor.py:830} INFO - Processing file /home/airflow/.local/lib/python3.11/site-packages/airflow/example_dags/tutorial_objectstorage.py for tasks to queue
[2024-03-04T16:24:06.238+0000] {logging_mixin.py:188} INFO - [2024-03-04T16:24:06.237+0000] {dagbag.py:540} INFO - Filling up the DagBag from /home/airflow/.local/lib/python3.11/site-packages/airflow/example_dags/tutorial_objectstorage.py
[2024-03-04T16:24:06.253+0000] {processor.py:840} INFO - DAG(s) 'tutorial_objectstorage' retrieved from /home/airflow/.local/lib/python3.11/site-packages/airflow/example_dags/tutorial_objectstorage.py
[2024-03-04T16:24:06.288+0000] {logging_mixin.py:188} INFO - [2024-03-04T16:24:06.288+0000] {dag.py:3047} INFO - Sync 1 DAGs
[2024-03-04T16:24:06.334+0000] {logging_mixin.py:188} INFO - [2024-03-04T16:24:06.333+0000] {dag.py:3834} INFO - Setting next_dagrun for tutorial_objectstorage to None, run_after=None
[2024-03-04T16:24:06.354+0000] {processor.py:183} INFO - Processing /home/airflow/.local/lib/python3.11/site-packages/airflow/example_dags/tutorial_objectstorage.py took 0.127 seconds
[2024-03-04T16:24:37.341+0000] {processor.py:161} INFO - Started process (PID=3575) to work on /home/airflow/.local/lib/python3.11/site-packages/airflow/example_dags/tutorial_objectstorage.py
[2024-03-04T16:24:37.342+0000] {processor.py:830} INFO - Processing file /home/airflow/.local/lib/python3.11/site-packages/airflow/example_dags/tutorial_objectstorage.py for tasks to queue
[2024-03-04T16:24:37.345+0000] {logging_mixin.py:188} INFO - [2024-03-04T16:24:37.344+0000] {dagbag.py:540} INFO - Filling up the DagBag from /home/airflow/.local/lib/python3.11/site-packages/airflow/example_dags/tutorial_objectstorage.py
[2024-03-04T16:24:37.349+0000] {processor.py:840} INFO - DAG(s) 'tutorial_objectstorage' retrieved from /home/airflow/.local/lib/python3.11/site-packages/airflow/example_dags/tutorial_objectstorage.py
[2024-03-04T16:24:37.360+0000] {logging_mixin.py:188} INFO - [2024-03-04T16:24:37.360+0000] {dag.py:3047} INFO - Sync 1 DAGs
[2024-03-04T16:24:37.373+0000] {logging_mixin.py:188} INFO - [2024-03-04T16:24:37.373+0000] {dag.py:3834} INFO - Setting next_dagrun for tutorial_objectstorage to None, run_after=None
[2024-03-04T16:24:37.391+0000] {processor.py:183} INFO - Processing /home/airflow/.local/lib/python3.11/site-packages/airflow/example_dags/tutorial_objectstorage.py took 0.052 seconds
[2024-03-04T16:25:07.481+0000] {processor.py:161} INFO - Started process (PID=3630) to work on /home/airflow/.local/lib/python3.11/site-packages/airflow/example_dags/tutorial_objectstorage.py
[2024-03-04T16:25:07.482+0000] {processor.py:830} INFO - Processing file /home/airflow/.local/lib/python3.11/site-packages/airflow/example_dags/tutorial_objectstorage.py for tasks to queue
[2024-03-04T16:25:07.484+0000] {logging_mixin.py:188} INFO - [2024-03-04T16:25:07.483+0000] {dagbag.py:540} INFO - Filling up the DagBag from /home/airflow/.local/lib/python3.11/site-packages/airflow/example_dags/tutorial_objectstorage.py
[2024-03-04T16:25:07.490+0000] {processor.py:840} INFO - DAG(s) 'tutorial_objectstorage' retrieved from /home/airflow/.local/lib/python3.11/site-packages/airflow/example_dags/tutorial_objectstorage.py
[2024-03-04T16:25:07.504+0000] {logging_mixin.py:188} INFO - [2024-03-04T16:25:07.504+0000] {dag.py:3047} INFO - Sync 1 DAGs
[2024-03-04T16:25:07.512+0000] {logging_mixin.py:188} INFO - [2024-03-04T16:25:07.512+0000] {dag.py:3834} INFO - Setting next_dagrun for tutorial_objectstorage to None, run_after=None
[2024-03-04T16:25:07.521+0000] {processor.py:183} INFO - Processing /home/airflow/.local/lib/python3.11/site-packages/airflow/example_dags/tutorial_objectstorage.py took 0.043 seconds
[2024-03-04T16:25:38.332+0000] {processor.py:161} INFO - Started process (PID=3685) to work on /home/airflow/.local/lib/python3.11/site-packages/airflow/example_dags/tutorial_objectstorage.py
[2024-03-04T16:25:38.334+0000] {processor.py:830} INFO - Processing file /home/airflow/.local/lib/python3.11/site-packages/airflow/example_dags/tutorial_objectstorage.py for tasks to queue
[2024-03-04T16:25:38.339+0000] {logging_mixin.py:188} INFO - [2024-03-04T16:25:38.339+0000] {dagbag.py:540} INFO - Filling up the DagBag from /home/airflow/.local/lib/python3.11/site-packages/airflow/example_dags/tutorial_objectstorage.py
[2024-03-04T16:25:38.345+0000] {processor.py:840} INFO - DAG(s) 'tutorial_objectstorage' retrieved from /home/airflow/.local/lib/python3.11/site-packages/airflow/example_dags/tutorial_objectstorage.py
[2024-03-04T16:25:38.361+0000] {logging_mixin.py:188} INFO - [2024-03-04T16:25:38.361+0000] {dag.py:3047} INFO - Sync 1 DAGs
[2024-03-04T16:25:38.370+0000] {logging_mixin.py:188} INFO - [2024-03-04T16:25:38.370+0000] {dag.py:3834} INFO - Setting next_dagrun for tutorial_objectstorage to None, run_after=None
[2024-03-04T16:25:38.379+0000] {processor.py:183} INFO - Processing /home/airflow/.local/lib/python3.11/site-packages/airflow/example_dags/tutorial_objectstorage.py took 0.051 seconds
[2024-03-04T16:26:09.219+0000] {processor.py:161} INFO - Started process (PID=3740) to work on /home/airflow/.local/lib/python3.11/site-packages/airflow/example_dags/tutorial_objectstorage.py
[2024-03-04T16:26:09.220+0000] {processor.py:830} INFO - Processing file /home/airflow/.local/lib/python3.11/site-packages/airflow/example_dags/tutorial_objectstorage.py for tasks to queue
[2024-03-04T16:26:09.223+0000] {logging_mixin.py:188} INFO - [2024-03-04T16:26:09.223+0000] {dagbag.py:540} INFO - Filling up the DagBag from /home/airflow/.local/lib/python3.11/site-packages/airflow/example_dags/tutorial_objectstorage.py
[2024-03-04T16:26:09.244+0000] {processor.py:840} INFO - DAG(s) 'tutorial_objectstorage' retrieved from /home/airflow/.local/lib/python3.11/site-packages/airflow/example_dags/tutorial_objectstorage.py
[2024-03-04T16:26:09.267+0000] {logging_mixin.py:188} INFO - [2024-03-04T16:26:09.266+0000] {dag.py:3047} INFO - Sync 1 DAGs
[2024-03-04T16:26:09.280+0000] {logging_mixin.py:188} INFO - [2024-03-04T16:26:09.280+0000] {dag.py:3834} INFO - Setting next_dagrun for tutorial_objectstorage to None, run_after=None
[2024-03-04T16:26:09.291+0000] {processor.py:183} INFO - Processing /home/airflow/.local/lib/python3.11/site-packages/airflow/example_dags/tutorial_objectstorage.py took 0.081 seconds
[2024-03-04T16:26:39.743+0000] {processor.py:161} INFO - Started process (PID=3795) to work on /home/airflow/.local/lib/python3.11/site-packages/airflow/example_dags/tutorial_objectstorage.py
[2024-03-04T16:26:39.744+0000] {processor.py:830} INFO - Processing file /home/airflow/.local/lib/python3.11/site-packages/airflow/example_dags/tutorial_objectstorage.py for tasks to queue
[2024-03-04T16:26:39.745+0000] {logging_mixin.py:188} INFO - [2024-03-04T16:26:39.745+0000] {dagbag.py:540} INFO - Filling up the DagBag from /home/airflow/.local/lib/python3.11/site-packages/airflow/example_dags/tutorial_objectstorage.py
[2024-03-04T16:26:39.749+0000] {processor.py:840} INFO - DAG(s) 'tutorial_objectstorage' retrieved from /home/airflow/.local/lib/python3.11/site-packages/airflow/example_dags/tutorial_objectstorage.py
[2024-03-04T16:26:39.757+0000] {logging_mixin.py:188} INFO - [2024-03-04T16:26:39.757+0000] {dag.py:3047} INFO - Sync 1 DAGs
[2024-03-04T16:26:39.763+0000] {logging_mixin.py:188} INFO - [2024-03-04T16:26:39.763+0000] {dag.py:3834} INFO - Setting next_dagrun for tutorial_objectstorage to None, run_after=None
[2024-03-04T16:26:39.770+0000] {processor.py:183} INFO - Processing /home/airflow/.local/lib/python3.11/site-packages/airflow/example_dags/tutorial_objectstorage.py took 0.028 seconds
[2024-03-04T16:27:10.640+0000] {processor.py:161} INFO - Started process (PID=3850) to work on /home/airflow/.local/lib/python3.11/site-packages/airflow/example_dags/tutorial_objectstorage.py
[2024-03-04T16:27:10.640+0000] {processor.py:830} INFO - Processing file /home/airflow/.local/lib/python3.11/site-packages/airflow/example_dags/tutorial_objectstorage.py for tasks to queue
[2024-03-04T16:27:10.641+0000] {logging_mixin.py:188} INFO - [2024-03-04T16:27:10.641+0000] {dagbag.py:540} INFO - Filling up the DagBag from /home/airflow/.local/lib/python3.11/site-packages/airflow/example_dags/tutorial_objectstorage.py
[2024-03-04T16:27:10.645+0000] {processor.py:840} INFO - DAG(s) 'tutorial_objectstorage' retrieved from /home/airflow/.local/lib/python3.11/site-packages/airflow/example_dags/tutorial_objectstorage.py
[2024-03-04T16:27:10.653+0000] {logging_mixin.py:188} INFO - [2024-03-04T16:27:10.653+0000] {dag.py:3047} INFO - Sync 1 DAGs
[2024-03-04T16:27:10.658+0000] {logging_mixin.py:188} INFO - [2024-03-04T16:27:10.658+0000] {dag.py:3834} INFO - Setting next_dagrun for tutorial_objectstorage to None, run_after=None
[2024-03-04T16:27:10.665+0000] {processor.py:183} INFO - Processing /home/airflow/.local/lib/python3.11/site-packages/airflow/example_dags/tutorial_objectstorage.py took 0.027 seconds
[2024-03-04T16:27:40.905+0000] {processor.py:161} INFO - Started process (PID=3905) to work on /home/airflow/.local/lib/python3.11/site-packages/airflow/example_dags/tutorial_objectstorage.py
[2024-03-04T16:27:40.906+0000] {processor.py:830} INFO - Processing file /home/airflow/.local/lib/python3.11/site-packages/airflow/example_dags/tutorial_objectstorage.py for tasks to queue
[2024-03-04T16:27:40.908+0000] {logging_mixin.py:188} INFO - [2024-03-04T16:27:40.907+0000] {dagbag.py:540} INFO - Filling up the DagBag from /home/airflow/.local/lib/python3.11/site-packages/airflow/example_dags/tutorial_objectstorage.py
[2024-03-04T16:27:40.911+0000] {processor.py:840} INFO - DAG(s) 'tutorial_objectstorage' retrieved from /home/airflow/.local/lib/python3.11/site-packages/airflow/example_dags/tutorial_objectstorage.py
[2024-03-04T16:27:40.920+0000] {logging_mixin.py:188} INFO - [2024-03-04T16:27:40.920+0000] {dag.py:3047} INFO - Sync 1 DAGs
[2024-03-04T16:27:40.927+0000] {logging_mixin.py:188} INFO - [2024-03-04T16:27:40.927+0000] {dag.py:3834} INFO - Setting next_dagrun for tutorial_objectstorage to None, run_after=None
[2024-03-04T16:27:40.935+0000] {processor.py:183} INFO - Processing /home/airflow/.local/lib/python3.11/site-packages/airflow/example_dags/tutorial_objectstorage.py took 0.031 seconds
[2024-03-04T16:28:11.157+0000] {processor.py:161} INFO - Started process (PID=3960) to work on /home/airflow/.local/lib/python3.11/site-packages/airflow/example_dags/tutorial_objectstorage.py
[2024-03-04T16:28:11.158+0000] {processor.py:830} INFO - Processing file /home/airflow/.local/lib/python3.11/site-packages/airflow/example_dags/tutorial_objectstorage.py for tasks to queue
[2024-03-04T16:28:11.159+0000] {logging_mixin.py:188} INFO - [2024-03-04T16:28:11.158+0000] {dagbag.py:540} INFO - Filling up the DagBag from /home/airflow/.local/lib/python3.11/site-packages/airflow/example_dags/tutorial_objectstorage.py
[2024-03-04T16:28:11.162+0000] {processor.py:840} INFO - DAG(s) 'tutorial_objectstorage' retrieved from /home/airflow/.local/lib/python3.11/site-packages/airflow/example_dags/tutorial_objectstorage.py
[2024-03-04T16:28:11.171+0000] {logging_mixin.py:188} INFO - [2024-03-04T16:28:11.171+0000] {dag.py:3047} INFO - Sync 1 DAGs
[2024-03-04T16:28:11.177+0000] {logging_mixin.py:188} INFO - [2024-03-04T16:28:11.177+0000] {dag.py:3834} INFO - Setting next_dagrun for tutorial_objectstorage to None, run_after=None
[2024-03-04T16:28:11.183+0000] {processor.py:183} INFO - Processing /home/airflow/.local/lib/python3.11/site-packages/airflow/example_dags/tutorial_objectstorage.py took 0.028 seconds
